[2025-10-19T17:30:33.396+0000] {taskinstance.py:1979} INFO - Dependencies all met for dep_context=non-requeueable deps ti=<TaskInstance: pyspark_project_stop_processes.stop_alerting_detection manual__2025-10-19T17:30:31.389917+00:00 [queued]>
[2025-10-19T17:30:33.403+0000] {taskinstance.py:1979} INFO - Dependencies all met for dep_context=requeueable deps ti=<TaskInstance: pyspark_project_stop_processes.stop_alerting_detection manual__2025-10-19T17:30:31.389917+00:00 [queued]>
[2025-10-19T17:30:33.405+0000] {taskinstance.py:2193} INFO - Starting attempt 1 of 1
[2025-10-19T17:30:33.417+0000] {taskinstance.py:2217} INFO - Executing <Task(_PythonDecoratedOperator): stop_alerting_detection> on 2025-10-19 17:30:31.389917+00:00
[2025-10-19T17:30:33.422+0000] {standard_task_runner.py:60} INFO - Started process 517 to run task
[2025-10-19T17:30:33.425+0000] {standard_task_runner.py:87} INFO - Running: ['***', 'tasks', 'run', 'pyspark_project_stop_processes', 'stop_alerting_detection', 'manual__2025-10-19T17:30:31.389917+00:00', '--job-id', '40', '--raw', '--subdir', 'DAGS_FOLDER/pyspark_project_stop_processes.py', '--cfg-path', '/tmp/tmp7mhxa0mj']
[2025-10-19T17:30:33.428+0000] {standard_task_runner.py:88} INFO - Job 40: Subtask stop_alerting_detection
[2025-10-19T17:30:33.469+0000] {task_command.py:423} INFO - Running <TaskInstance: pyspark_project_stop_processes.stop_alerting_detection manual__2025-10-19T17:30:31.389917+00:00 [running]> on host b9fae6e16722
[2025-10-19T17:30:33.537+0000] {taskinstance.py:2513} INFO - Exporting env vars: AIRFLOW_CTX_DAG_OWNER='***' AIRFLOW_CTX_DAG_ID='pyspark_project_stop_processes' AIRFLOW_CTX_TASK_ID='stop_alerting_detection' AIRFLOW_CTX_EXECUTION_DATE='2025-10-19T17:30:31.389917+00:00' AIRFLOW_CTX_TRY_NUMBER='1' AIRFLOW_CTX_DAG_RUN_ID='manual__2025-10-19T17:30:31.389917+00:00'
[2025-10-19T17:30:33.607+0000] {pyspark_project_stop_processes.py:31} ERROR - Error running 'alerting_detection.py': returncode=1
[2025-10-19T17:30:33.608+0000] {pyspark_project_stop_processes.py:32} ERROR - STDOUT:

[2025-10-19T17:30:33.608+0000] {pyspark_project_stop_processes.py:33} ERROR - STDERR:

[2025-10-19T17:30:33.609+0000] {taskinstance.py:2731} ERROR - Task failed with exception
Traceback (most recent call last):
  File "/home/airflow/.local/lib/python3.8/site-packages/airflow/models/taskinstance.py", line 444, in _execute_task
    result = _execute_callable(context=context, **execute_callable_kwargs)
  File "/home/airflow/.local/lib/python3.8/site-packages/airflow/models/taskinstance.py", line 414, in _execute_callable
    return execute_callable(context=context, **execute_callable_kwargs)
  File "/home/airflow/.local/lib/python3.8/site-packages/airflow/decorators/base.py", line 241, in execute
    return_value = super().execute(context)
  File "/home/airflow/.local/lib/python3.8/site-packages/airflow/operators/python.py", line 200, in execute
    return_value = self.execute_callable()
  File "/home/airflow/.local/lib/python3.8/site-packages/airflow/operators/python.py", line 217, in execute_callable
    return self.python_callable(*self.op_args, **self.op_kwargs)
  File "/opt/airflow/dags/pyspark_project_stop_processes.py", line 59, in stop_alerting_detection
    stop_process("alerting_detection.py")
  File "/opt/airflow/dags/pyspark_project_stop_processes.py", line 25, in stop_process
    result = subprocess.run(command, shell=True, check=True, capture_output=True, text=True)
  File "/usr/local/lib/python3.8/subprocess.py", line 516, in run
    raise CalledProcessError(retcode, process.args,
subprocess.CalledProcessError: Command 'docker exec dev_env pkill -f /home/developer/projects/spark-course-python/spark_course_python/project/alerting_detection.py' returned non-zero exit status 1.
[2025-10-19T17:30:33.621+0000] {taskinstance.py:1149} INFO - Marking task as FAILED. dag_id=pyspark_project_stop_processes, task_id=stop_alerting_detection, execution_date=20251019T173031, start_date=20251019T173033, end_date=20251019T173033
[2025-10-19T17:30:33.634+0000] {standard_task_runner.py:107} ERROR - Failed to execute job 40 for task stop_alerting_detection (Command 'docker exec dev_env pkill -f /home/developer/projects/spark-course-python/spark_course_python/project/alerting_detection.py' returned non-zero exit status 1.; 517)
[2025-10-19T17:30:33.677+0000] {local_task_job_runner.py:234} INFO - Task exited with return code 1
[2025-10-19T17:30:33.698+0000] {taskinstance.py:3312} INFO - 0 downstream tasks scheduled from follow-on schedule check
