[2025-08-11T17:02:15.656+0000] {taskinstance.py:1979} INFO - Dependencies all met for dep_context=non-requeueable deps ti=<TaskInstance: ecommerce_sales_pipeline.extract_sales_data manual__2025-08-11T17:02:14.339765+00:00 [queued]>
[2025-08-11T17:02:15.666+0000] {taskinstance.py:1979} INFO - Dependencies all met for dep_context=requeueable deps ti=<TaskInstance: ecommerce_sales_pipeline.extract_sales_data manual__2025-08-11T17:02:14.339765+00:00 [queued]>
[2025-08-11T17:02:15.666+0000] {taskinstance.py:2193} INFO - Starting attempt 1 of 4
[2025-08-11T17:02:15.689+0000] {taskinstance.py:2217} INFO - Executing <Task(PythonOperator): extract_sales_data> on 2025-08-11 17:02:14.339765+00:00
[2025-08-11T17:02:15.694+0000] {standard_task_runner.py:60} INFO - Started process 678 to run task
[2025-08-11T17:02:15.697+0000] {standard_task_runner.py:87} INFO - Running: ['***', 'tasks', 'run', 'ecommerce_sales_pipeline', 'extract_sales_data', 'manual__2025-08-11T17:02:14.339765+00:00', '--job-id', '5', '--raw', '--subdir', 'DAGS_FOLDER/ecommerce_sales_pipeline.py', '--cfg-path', '/tmp/tmpfy9yjyf1']
[2025-08-11T17:02:15.698+0000] {standard_task_runner.py:88} INFO - Job 5: Subtask extract_sales_data
[2025-08-11T17:02:15.742+0000] {task_command.py:423} INFO - Running <TaskInstance: ecommerce_sales_pipeline.extract_sales_data manual__2025-08-11T17:02:14.339765+00:00 [running]> on host bbdd850e0279
[2025-08-11T17:02:15.814+0000] {taskinstance.py:2513} INFO - Exporting env vars: AIRFLOW_CTX_DAG_EMAIL='your_email@example.com' AIRFLOW_CTX_DAG_OWNER='***' AIRFLOW_CTX_DAG_ID='ecommerce_sales_pipeline' AIRFLOW_CTX_TASK_ID='extract_sales_data' AIRFLOW_CTX_EXECUTION_DATE='2025-08-11T17:02:14.339765+00:00' AIRFLOW_CTX_TRY_NUMBER='1' AIRFLOW_CTX_DAG_RUN_ID='manual__2025-08-11T17:02:14.339765+00:00'
[2025-08-11T17:02:15.818+0000] {taskinstance.py:2731} ERROR - Task failed with exception
Traceback (most recent call last):
  File "/opt/airflow/dags/ecommerce_sales_pipeline.py", line 24, in extract_sales_data
    sales_data = pd.read_csv('tmp/source_data/sales_data.csv')
  File "/home/airflow/.local/lib/python3.8/site-packages/pandas/io/parsers/readers.py", line 912, in read_csv
    return _read(filepath_or_buffer, kwds)
  File "/home/airflow/.local/lib/python3.8/site-packages/pandas/io/parsers/readers.py", line 577, in _read
    parser = TextFileReader(filepath_or_buffer, **kwds)
  File "/home/airflow/.local/lib/python3.8/site-packages/pandas/io/parsers/readers.py", line 1407, in __init__
    self._engine = self._make_engine(f, self.engine)
  File "/home/airflow/.local/lib/python3.8/site-packages/pandas/io/parsers/readers.py", line 1661, in _make_engine
    self.handles = get_handle(
  File "/home/airflow/.local/lib/python3.8/site-packages/pandas/io/common.py", line 859, in get_handle
    handle = open(
FileNotFoundError: [Errno 2] No such file or directory: 'tmp/source_data/sales_data.csv'

During handling of the above exception, another exception occurred:

Traceback (most recent call last):
  File "/home/airflow/.local/lib/python3.8/site-packages/airflow/models/taskinstance.py", line 444, in _execute_task
    result = _execute_callable(context=context, **execute_callable_kwargs)
  File "/home/airflow/.local/lib/python3.8/site-packages/airflow/models/taskinstance.py", line 414, in _execute_callable
    return execute_callable(context=context, **execute_callable_kwargs)
  File "/home/airflow/.local/lib/python3.8/site-packages/airflow/operators/python.py", line 200, in execute
    return_value = self.execute_callable()
  File "/home/airflow/.local/lib/python3.8/site-packages/airflow/operators/python.py", line 217, in execute_callable
    return self.python_callable(*self.op_args, **self.op_kwargs)
  File "/opt/airflow/dags/ecommerce_sales_pipeline.py", line 27, in extract_sales_data
    raise ValueError(f"Error loading sales data fromCSV: {e}")
ValueError: Error loading sales data fromCSV: [Errno 2] No such file or directory: 'tmp/source_data/sales_data.csv'
[2025-08-11T17:02:15.827+0000] {taskinstance.py:1149} INFO - Marking task as UP_FOR_RETRY. dag_id=ecommerce_sales_pipeline, task_id=extract_sales_data, execution_date=20250811T170214, start_date=20250811T170215, end_date=20250811T170215
[2025-08-11T17:02:15.837+0000] {standard_task_runner.py:107} ERROR - Failed to execute job 5 for task extract_sales_data (Error loading sales data fromCSV: [Errno 2] No such file or directory: 'tmp/source_data/sales_data.csv'; 678)
[2025-08-11T17:02:15.869+0000] {local_task_job_runner.py:234} INFO - Task exited with return code 1
[2025-08-11T17:02:15.892+0000] {taskinstance.py:3312} INFO - 0 downstream tasks scheduled from follow-on schedule check
