[2025-10-15T13:20:01.238+0000] {taskinstance.py:1979} INFO - Dependencies all met for dep_context=non-requeueable deps ti=<TaskInstance: pyspark_project_stop_processes.stop_data_enrichment manual__2025-10-15T13:19:58.355208+00:00 [queued]>
[2025-10-15T13:20:01.246+0000] {taskinstance.py:1979} INFO - Dependencies all met for dep_context=requeueable deps ti=<TaskInstance: pyspark_project_stop_processes.stop_data_enrichment manual__2025-10-15T13:19:58.355208+00:00 [queued]>
[2025-10-15T13:20:01.246+0000] {taskinstance.py:2193} INFO - Starting attempt 1 of 1
[2025-10-15T13:20:01.256+0000] {taskinstance.py:2217} INFO - Executing <Task(_PythonDecoratedOperator): stop_data_enrichment> on 2025-10-15 13:19:58.355208+00:00
[2025-10-15T13:20:01.261+0000] {standard_task_runner.py:60} INFO - Started process 310 to run task
[2025-10-15T13:20:01.263+0000] {standard_task_runner.py:87} INFO - Running: ['***', 'tasks', 'run', 'pyspark_project_stop_processes', 'stop_data_enrichment', 'manual__2025-10-15T13:19:58.355208+00:00', '--job-id', '47', '--raw', '--subdir', 'DAGS_FOLDER/pyspark_project_stop_processes.py', '--cfg-path', '/tmp/tmpzs7pk_db']
[2025-10-15T13:20:01.266+0000] {standard_task_runner.py:88} INFO - Job 47: Subtask stop_data_enrichment
[2025-10-15T13:20:01.302+0000] {task_command.py:423} INFO - Running <TaskInstance: pyspark_project_stop_processes.stop_data_enrichment manual__2025-10-15T13:19:58.355208+00:00 [running]> on host 6cb9a48b2a55
[2025-10-15T13:20:01.365+0000] {taskinstance.py:2513} INFO - Exporting env vars: AIRFLOW_CTX_DAG_OWNER='***' AIRFLOW_CTX_DAG_ID='pyspark_project_stop_processes' AIRFLOW_CTX_TASK_ID='stop_data_enrichment' AIRFLOW_CTX_EXECUTION_DATE='2025-10-15T13:19:58.355208+00:00' AIRFLOW_CTX_TRY_NUMBER='1' AIRFLOW_CTX_DAG_RUN_ID='manual__2025-10-15T13:19:58.355208+00:00'
[2025-10-15T13:20:01.433+0000] {pyspark_project_stop_processes.py:30} ERROR - Error running 'data_enrichment.py': returncode=1
[2025-10-15T13:20:01.433+0000] {pyspark_project_stop_processes.py:31} ERROR - STDOUT:

[2025-10-15T13:20:01.434+0000] {pyspark_project_stop_processes.py:32} ERROR - STDERR:

[2025-10-15T13:20:01.434+0000] {taskinstance.py:2731} ERROR - Task failed with exception
Traceback (most recent call last):
  File "/home/airflow/.local/lib/python3.8/site-packages/airflow/models/taskinstance.py", line 444, in _execute_task
    result = _execute_callable(context=context, **execute_callable_kwargs)
  File "/home/airflow/.local/lib/python3.8/site-packages/airflow/models/taskinstance.py", line 414, in _execute_callable
    return execute_callable(context=context, **execute_callable_kwargs)
  File "/home/airflow/.local/lib/python3.8/site-packages/airflow/decorators/base.py", line 241, in execute
    return_value = super().execute(context)
  File "/home/airflow/.local/lib/python3.8/site-packages/airflow/operators/python.py", line 200, in execute
    return_value = self.execute_callable()
  File "/home/airflow/.local/lib/python3.8/site-packages/airflow/operators/python.py", line 217, in execute_callable
    return self.python_callable(*self.op_args, **self.op_kwargs)
  File "/opt/airflow/dags/pyspark_project_stop_processes.py", line 41, in stop_data_enrichment
    stop_process("data_enrichment.py")
  File "/opt/airflow/dags/pyspark_project_stop_processes.py", line 24, in stop_process
    result = subprocess.run(command, shell=True, check=True, capture_output=True, text=True)
  File "/usr/local/lib/python3.8/subprocess.py", line 516, in run
    raise CalledProcessError(retcode, process.args,
subprocess.CalledProcessError: Command 'docker exec dev_env pkill -f /home/developer/projects/spark-course-python/spark_course_python/project/data_enrichment.py' returned non-zero exit status 1.
[2025-10-15T13:20:01.445+0000] {taskinstance.py:1149} INFO - Marking task as FAILED. dag_id=pyspark_project_stop_processes, task_id=stop_data_enrichment, execution_date=20251015T131958, start_date=20251015T132001, end_date=20251015T132001
[2025-10-15T13:20:01.455+0000] {standard_task_runner.py:107} ERROR - Failed to execute job 47 for task stop_data_enrichment (Command 'docker exec dev_env pkill -f /home/developer/projects/spark-course-python/spark_course_python/project/data_enrichment.py' returned non-zero exit status 1.; 310)
[2025-10-15T13:20:01.476+0000] {local_task_job_runner.py:234} INFO - Task exited with return code 1
[2025-10-15T13:20:01.511+0000] {taskinstance.py:3312} INFO - 0 downstream tasks scheduled from follow-on schedule check
