[2025-10-15T07:41:40.343+0000] {processor.py:161} INFO - Started process (PID=86) to work on /opt/airflow/dags/ecommerce_sales_pipeline.py
[2025-10-15T07:41:40.344+0000] {processor.py:830} INFO - Processing file /opt/airflow/dags/ecommerce_sales_pipeline.py for tasks to queue
[2025-10-15T07:41:40.345+0000] {logging_mixin.py:188} INFO - [2025-10-15T07:41:40.345+0000] {dagbag.py:540} INFO - Filling up the DagBag from /opt/airflow/dags/ecommerce_sales_pipeline.py
[2025-10-15T07:41:41.225+0000] {processor.py:840} INFO - DAG(s) 'ecommerce_sales_pipeline' retrieved from /opt/airflow/dags/ecommerce_sales_pipeline.py
[2025-10-15T07:41:41.449+0000] {logging_mixin.py:188} INFO - [2025-10-15T07:41:41.448+0000] {dag.py:3047} INFO - Sync 1 DAGs
[2025-10-15T07:41:41.466+0000] {logging_mixin.py:188} INFO - [2025-10-15T07:41:41.466+0000] {dag.py:3834} INFO - Setting next_dagrun for ecommerce_sales_pipeline to 2025-10-14 00:00:00+00:00, run_after=2025-10-15 00:00:00+00:00
[2025-10-15T07:41:41.483+0000] {processor.py:183} INFO - Processing /opt/airflow/dags/ecommerce_sales_pipeline.py took 1.143 seconds
[2025-10-15T07:42:11.622+0000] {processor.py:161} INFO - Started process (PID=147) to work on /opt/airflow/dags/ecommerce_sales_pipeline.py
[2025-10-15T07:42:11.623+0000] {processor.py:830} INFO - Processing file /opt/airflow/dags/ecommerce_sales_pipeline.py for tasks to queue
[2025-10-15T07:42:11.624+0000] {logging_mixin.py:188} INFO - [2025-10-15T07:42:11.624+0000] {dagbag.py:540} INFO - Filling up the DagBag from /opt/airflow/dags/ecommerce_sales_pipeline.py
[2025-10-15T07:42:11.859+0000] {processor.py:840} INFO - DAG(s) 'ecommerce_sales_pipeline' retrieved from /opt/airflow/dags/ecommerce_sales_pipeline.py
[2025-10-15T07:42:11.876+0000] {logging_mixin.py:188} INFO - [2025-10-15T07:42:11.876+0000] {dag.py:3047} INFO - Sync 1 DAGs
[2025-10-15T07:42:11.899+0000] {logging_mixin.py:188} INFO - [2025-10-15T07:42:11.898+0000] {dag.py:3834} INFO - Setting next_dagrun for ecommerce_sales_pipeline to 2025-10-14 00:00:00+00:00, run_after=2025-10-15 00:00:00+00:00
[2025-10-15T07:42:12.025+0000] {processor.py:183} INFO - Processing /opt/airflow/dags/ecommerce_sales_pipeline.py took 0.405 seconds
[2025-10-15T07:42:42.065+0000] {processor.py:161} INFO - Started process (PID=207) to work on /opt/airflow/dags/ecommerce_sales_pipeline.py
[2025-10-15T07:42:42.066+0000] {processor.py:830} INFO - Processing file /opt/airflow/dags/ecommerce_sales_pipeline.py for tasks to queue
[2025-10-15T07:42:42.068+0000] {logging_mixin.py:188} INFO - [2025-10-15T07:42:42.067+0000] {dagbag.py:540} INFO - Filling up the DagBag from /opt/airflow/dags/ecommerce_sales_pipeline.py
[2025-10-15T07:42:42.291+0000] {processor.py:840} INFO - DAG(s) 'ecommerce_sales_pipeline' retrieved from /opt/airflow/dags/ecommerce_sales_pipeline.py
[2025-10-15T07:42:42.307+0000] {logging_mixin.py:188} INFO - [2025-10-15T07:42:42.307+0000] {dag.py:3047} INFO - Sync 1 DAGs
[2025-10-15T07:42:42.327+0000] {logging_mixin.py:188} INFO - [2025-10-15T07:42:42.327+0000] {dag.py:3834} INFO - Setting next_dagrun for ecommerce_sales_pipeline to 2025-10-14 00:00:00+00:00, run_after=2025-10-15 00:00:00+00:00
[2025-10-15T07:42:42.344+0000] {processor.py:183} INFO - Processing /opt/airflow/dags/ecommerce_sales_pipeline.py took 0.282 seconds
[2025-10-15T07:43:12.963+0000] {processor.py:161} INFO - Started process (PID=267) to work on /opt/airflow/dags/ecommerce_sales_pipeline.py
[2025-10-15T07:43:12.964+0000] {processor.py:830} INFO - Processing file /opt/airflow/dags/ecommerce_sales_pipeline.py for tasks to queue
[2025-10-15T07:43:12.965+0000] {logging_mixin.py:188} INFO - [2025-10-15T07:43:12.965+0000] {dagbag.py:540} INFO - Filling up the DagBag from /opt/airflow/dags/ecommerce_sales_pipeline.py
[2025-10-15T07:43:13.427+0000] {processor.py:840} INFO - DAG(s) 'ecommerce_sales_pipeline' retrieved from /opt/airflow/dags/ecommerce_sales_pipeline.py
[2025-10-15T07:43:13.585+0000] {logging_mixin.py:188} INFO - [2025-10-15T07:43:13.585+0000] {dag.py:3047} INFO - Sync 1 DAGs
[2025-10-15T07:43:13.617+0000] {logging_mixin.py:188} INFO - [2025-10-15T07:43:13.617+0000] {dag.py:3834} INFO - Setting next_dagrun for ecommerce_sales_pipeline to 2025-10-14 00:00:00+00:00, run_after=2025-10-15 00:00:00+00:00
[2025-10-15T07:43:13.667+0000] {processor.py:183} INFO - Processing /opt/airflow/dags/ecommerce_sales_pipeline.py took 0.707 seconds
[2025-10-15T07:43:43.853+0000] {processor.py:161} INFO - Started process (PID=331) to work on /opt/airflow/dags/ecommerce_sales_pipeline.py
[2025-10-15T07:43:43.854+0000] {processor.py:830} INFO - Processing file /opt/airflow/dags/ecommerce_sales_pipeline.py for tasks to queue
[2025-10-15T07:43:43.856+0000] {logging_mixin.py:188} INFO - [2025-10-15T07:43:43.855+0000] {dagbag.py:540} INFO - Filling up the DagBag from /opt/airflow/dags/ecommerce_sales_pipeline.py
[2025-10-15T07:43:44.129+0000] {processor.py:840} INFO - DAG(s) 'ecommerce_sales_pipeline' retrieved from /opt/airflow/dags/ecommerce_sales_pipeline.py
[2025-10-15T07:43:44.146+0000] {logging_mixin.py:188} INFO - [2025-10-15T07:43:44.145+0000] {dag.py:3047} INFO - Sync 1 DAGs
[2025-10-15T07:43:44.320+0000] {logging_mixin.py:188} INFO - [2025-10-15T07:43:44.320+0000] {dag.py:3834} INFO - Setting next_dagrun for ecommerce_sales_pipeline to 2025-10-14 00:00:00+00:00, run_after=2025-10-15 00:00:00+00:00
[2025-10-15T07:43:44.340+0000] {processor.py:183} INFO - Processing /opt/airflow/dags/ecommerce_sales_pipeline.py took 0.490 seconds
[2025-10-15T07:44:14.505+0000] {processor.py:161} INFO - Started process (PID=393) to work on /opt/airflow/dags/ecommerce_sales_pipeline.py
[2025-10-15T07:44:14.505+0000] {processor.py:830} INFO - Processing file /opt/airflow/dags/ecommerce_sales_pipeline.py for tasks to queue
[2025-10-15T07:44:14.507+0000] {logging_mixin.py:188} INFO - [2025-10-15T07:44:14.507+0000] {dagbag.py:540} INFO - Filling up the DagBag from /opt/airflow/dags/ecommerce_sales_pipeline.py
[2025-10-15T07:44:14.750+0000] {processor.py:840} INFO - DAG(s) 'ecommerce_sales_pipeline' retrieved from /opt/airflow/dags/ecommerce_sales_pipeline.py
[2025-10-15T07:44:14.766+0000] {logging_mixin.py:188} INFO - [2025-10-15T07:44:14.766+0000] {dag.py:3047} INFO - Sync 1 DAGs
[2025-10-15T07:44:14.895+0000] {logging_mixin.py:188} INFO - [2025-10-15T07:44:14.895+0000] {dag.py:3834} INFO - Setting next_dagrun for ecommerce_sales_pipeline to 2025-10-14 00:00:00+00:00, run_after=2025-10-15 00:00:00+00:00
[2025-10-15T07:44:14.914+0000] {processor.py:183} INFO - Processing /opt/airflow/dags/ecommerce_sales_pipeline.py took 0.412 seconds
[2025-10-15T07:44:45.039+0000] {processor.py:161} INFO - Started process (PID=457) to work on /opt/airflow/dags/ecommerce_sales_pipeline.py
[2025-10-15T07:44:45.040+0000] {processor.py:830} INFO - Processing file /opt/airflow/dags/ecommerce_sales_pipeline.py for tasks to queue
[2025-10-15T07:44:45.041+0000] {logging_mixin.py:188} INFO - [2025-10-15T07:44:45.041+0000] {dagbag.py:540} INFO - Filling up the DagBag from /opt/airflow/dags/ecommerce_sales_pipeline.py
[2025-10-15T07:44:45.371+0000] {processor.py:840} INFO - DAG(s) 'ecommerce_sales_pipeline' retrieved from /opt/airflow/dags/ecommerce_sales_pipeline.py
[2025-10-15T07:44:45.385+0000] {logging_mixin.py:188} INFO - [2025-10-15T07:44:45.385+0000] {dag.py:3047} INFO - Sync 1 DAGs
[2025-10-15T07:44:45.403+0000] {logging_mixin.py:188} INFO - [2025-10-15T07:44:45.403+0000] {dag.py:3834} INFO - Setting next_dagrun for ecommerce_sales_pipeline to 2025-10-14 00:00:00+00:00, run_after=2025-10-15 00:00:00+00:00
[2025-10-15T07:44:45.421+0000] {processor.py:183} INFO - Processing /opt/airflow/dags/ecommerce_sales_pipeline.py took 0.385 seconds
[2025-10-15T07:45:15.478+0000] {processor.py:161} INFO - Started process (PID=521) to work on /opt/airflow/dags/ecommerce_sales_pipeline.py
[2025-10-15T07:45:15.479+0000] {processor.py:830} INFO - Processing file /opt/airflow/dags/ecommerce_sales_pipeline.py for tasks to queue
[2025-10-15T07:45:15.481+0000] {logging_mixin.py:188} INFO - [2025-10-15T07:45:15.481+0000] {dagbag.py:540} INFO - Filling up the DagBag from /opt/airflow/dags/ecommerce_sales_pipeline.py
[2025-10-15T07:45:15.866+0000] {processor.py:840} INFO - DAG(s) 'ecommerce_sales_pipeline' retrieved from /opt/airflow/dags/ecommerce_sales_pipeline.py
[2025-10-15T07:45:15.881+0000] {logging_mixin.py:188} INFO - [2025-10-15T07:45:15.880+0000] {dag.py:3047} INFO - Sync 1 DAGs
[2025-10-15T07:45:15.901+0000] {logging_mixin.py:188} INFO - [2025-10-15T07:45:15.901+0000] {dag.py:3834} INFO - Setting next_dagrun for ecommerce_sales_pipeline to 2025-10-14 00:00:00+00:00, run_after=2025-10-15 00:00:00+00:00
[2025-10-15T07:45:15.921+0000] {processor.py:183} INFO - Processing /opt/airflow/dags/ecommerce_sales_pipeline.py took 0.445 seconds
[2025-10-15T07:45:45.989+0000] {processor.py:161} INFO - Started process (PID=584) to work on /opt/airflow/dags/ecommerce_sales_pipeline.py
[2025-10-15T07:45:45.990+0000] {processor.py:830} INFO - Processing file /opt/airflow/dags/ecommerce_sales_pipeline.py for tasks to queue
[2025-10-15T07:45:45.991+0000] {logging_mixin.py:188} INFO - [2025-10-15T07:45:45.991+0000] {dagbag.py:540} INFO - Filling up the DagBag from /opt/airflow/dags/ecommerce_sales_pipeline.py
[2025-10-15T07:45:46.325+0000] {processor.py:840} INFO - DAG(s) 'ecommerce_sales_pipeline' retrieved from /opt/airflow/dags/ecommerce_sales_pipeline.py
[2025-10-15T07:45:46.341+0000] {logging_mixin.py:188} INFO - [2025-10-15T07:45:46.341+0000] {dag.py:3047} INFO - Sync 1 DAGs
[2025-10-15T07:45:46.365+0000] {logging_mixin.py:188} INFO - [2025-10-15T07:45:46.364+0000] {dag.py:3834} INFO - Setting next_dagrun for ecommerce_sales_pipeline to 2025-10-14 00:00:00+00:00, run_after=2025-10-15 00:00:00+00:00
[2025-10-15T07:45:46.383+0000] {processor.py:183} INFO - Processing /opt/airflow/dags/ecommerce_sales_pipeline.py took 0.397 seconds
[2025-10-15T07:46:16.638+0000] {processor.py:161} INFO - Started process (PID=643) to work on /opt/airflow/dags/ecommerce_sales_pipeline.py
[2025-10-15T07:46:16.639+0000] {processor.py:830} INFO - Processing file /opt/airflow/dags/ecommerce_sales_pipeline.py for tasks to queue
[2025-10-15T07:46:16.640+0000] {logging_mixin.py:188} INFO - [2025-10-15T07:46:16.640+0000] {dagbag.py:540} INFO - Filling up the DagBag from /opt/airflow/dags/ecommerce_sales_pipeline.py
[2025-10-15T07:46:16.992+0000] {processor.py:840} INFO - DAG(s) 'ecommerce_sales_pipeline' retrieved from /opt/airflow/dags/ecommerce_sales_pipeline.py
[2025-10-15T07:46:17.007+0000] {logging_mixin.py:188} INFO - [2025-10-15T07:46:17.006+0000] {dag.py:3047} INFO - Sync 1 DAGs
[2025-10-15T07:46:17.025+0000] {logging_mixin.py:188} INFO - [2025-10-15T07:46:17.025+0000] {dag.py:3834} INFO - Setting next_dagrun for ecommerce_sales_pipeline to 2025-10-14 00:00:00+00:00, run_after=2025-10-15 00:00:00+00:00
[2025-10-15T07:46:17.041+0000] {processor.py:183} INFO - Processing /opt/airflow/dags/ecommerce_sales_pipeline.py took 0.406 seconds
[2025-10-15T07:46:47.339+0000] {processor.py:161} INFO - Started process (PID=702) to work on /opt/airflow/dags/ecommerce_sales_pipeline.py
[2025-10-15T07:46:47.340+0000] {processor.py:830} INFO - Processing file /opt/airflow/dags/ecommerce_sales_pipeline.py for tasks to queue
[2025-10-15T07:46:47.342+0000] {logging_mixin.py:188} INFO - [2025-10-15T07:46:47.342+0000] {dagbag.py:540} INFO - Filling up the DagBag from /opt/airflow/dags/ecommerce_sales_pipeline.py
[2025-10-15T07:46:47.667+0000] {processor.py:840} INFO - DAG(s) 'ecommerce_sales_pipeline' retrieved from /opt/airflow/dags/ecommerce_sales_pipeline.py
[2025-10-15T07:46:47.681+0000] {logging_mixin.py:188} INFO - [2025-10-15T07:46:47.680+0000] {dag.py:3047} INFO - Sync 1 DAGs
[2025-10-15T07:46:47.699+0000] {logging_mixin.py:188} INFO - [2025-10-15T07:46:47.698+0000] {dag.py:3834} INFO - Setting next_dagrun for ecommerce_sales_pipeline to 2025-10-14 00:00:00+00:00, run_after=2025-10-15 00:00:00+00:00
[2025-10-15T07:46:47.715+0000] {processor.py:183} INFO - Processing /opt/airflow/dags/ecommerce_sales_pipeline.py took 0.378 seconds
[2025-10-15T07:47:18.251+0000] {processor.py:161} INFO - Started process (PID=763) to work on /opt/airflow/dags/ecommerce_sales_pipeline.py
[2025-10-15T07:47:18.252+0000] {processor.py:830} INFO - Processing file /opt/airflow/dags/ecommerce_sales_pipeline.py for tasks to queue
[2025-10-15T07:47:18.254+0000] {logging_mixin.py:188} INFO - [2025-10-15T07:47:18.254+0000] {dagbag.py:540} INFO - Filling up the DagBag from /opt/airflow/dags/ecommerce_sales_pipeline.py
[2025-10-15T07:47:18.609+0000] {processor.py:840} INFO - DAG(s) 'ecommerce_sales_pipeline' retrieved from /opt/airflow/dags/ecommerce_sales_pipeline.py
[2025-10-15T07:47:18.622+0000] {logging_mixin.py:188} INFO - [2025-10-15T07:47:18.622+0000] {dag.py:3047} INFO - Sync 1 DAGs
[2025-10-15T07:47:18.640+0000] {logging_mixin.py:188} INFO - [2025-10-15T07:47:18.640+0000] {dag.py:3834} INFO - Setting next_dagrun for ecommerce_sales_pipeline to 2025-10-14 00:00:00+00:00, run_after=2025-10-15 00:00:00+00:00
[2025-10-15T07:47:18.656+0000] {processor.py:183} INFO - Processing /opt/airflow/dags/ecommerce_sales_pipeline.py took 0.408 seconds
[2025-10-15T07:47:48.722+0000] {processor.py:161} INFO - Started process (PID=826) to work on /opt/airflow/dags/ecommerce_sales_pipeline.py
[2025-10-15T07:47:48.723+0000] {processor.py:830} INFO - Processing file /opt/airflow/dags/ecommerce_sales_pipeline.py for tasks to queue
[2025-10-15T07:47:48.724+0000] {logging_mixin.py:188} INFO - [2025-10-15T07:47:48.724+0000] {dagbag.py:540} INFO - Filling up the DagBag from /opt/airflow/dags/ecommerce_sales_pipeline.py
[2025-10-15T07:47:49.037+0000] {processor.py:840} INFO - DAG(s) 'ecommerce_sales_pipeline' retrieved from /opt/airflow/dags/ecommerce_sales_pipeline.py
[2025-10-15T07:47:49.051+0000] {logging_mixin.py:188} INFO - [2025-10-15T07:47:49.051+0000] {dag.py:3047} INFO - Sync 1 DAGs
[2025-10-15T07:47:49.071+0000] {logging_mixin.py:188} INFO - [2025-10-15T07:47:49.070+0000] {dag.py:3834} INFO - Setting next_dagrun for ecommerce_sales_pipeline to 2025-10-14 00:00:00+00:00, run_after=2025-10-15 00:00:00+00:00
[2025-10-15T07:47:49.086+0000] {processor.py:183} INFO - Processing /opt/airflow/dags/ecommerce_sales_pipeline.py took 0.367 seconds
[2025-10-15T07:48:19.194+0000] {processor.py:161} INFO - Started process (PID=889) to work on /opt/airflow/dags/ecommerce_sales_pipeline.py
[2025-10-15T07:48:19.195+0000] {processor.py:830} INFO - Processing file /opt/airflow/dags/ecommerce_sales_pipeline.py for tasks to queue
[2025-10-15T07:48:19.197+0000] {logging_mixin.py:188} INFO - [2025-10-15T07:48:19.197+0000] {dagbag.py:540} INFO - Filling up the DagBag from /opt/airflow/dags/ecommerce_sales_pipeline.py
[2025-10-15T07:48:19.551+0000] {processor.py:840} INFO - DAG(s) 'ecommerce_sales_pipeline' retrieved from /opt/airflow/dags/ecommerce_sales_pipeline.py
[2025-10-15T07:48:19.564+0000] {logging_mixin.py:188} INFO - [2025-10-15T07:48:19.564+0000] {dag.py:3047} INFO - Sync 1 DAGs
[2025-10-15T07:48:19.583+0000] {logging_mixin.py:188} INFO - [2025-10-15T07:48:19.583+0000] {dag.py:3834} INFO - Setting next_dagrun for ecommerce_sales_pipeline to 2025-10-14 00:00:00+00:00, run_after=2025-10-15 00:00:00+00:00
[2025-10-15T07:48:19.603+0000] {processor.py:183} INFO - Processing /opt/airflow/dags/ecommerce_sales_pipeline.py took 0.414 seconds
[2025-10-15T07:48:49.723+0000] {processor.py:161} INFO - Started process (PID=954) to work on /opt/airflow/dags/ecommerce_sales_pipeline.py
[2025-10-15T07:48:49.724+0000] {processor.py:830} INFO - Processing file /opt/airflow/dags/ecommerce_sales_pipeline.py for tasks to queue
[2025-10-15T07:48:49.726+0000] {logging_mixin.py:188} INFO - [2025-10-15T07:48:49.725+0000] {dagbag.py:540} INFO - Filling up the DagBag from /opt/airflow/dags/ecommerce_sales_pipeline.py
[2025-10-15T07:48:50.052+0000] {processor.py:840} INFO - DAG(s) 'ecommerce_sales_pipeline' retrieved from /opt/airflow/dags/ecommerce_sales_pipeline.py
[2025-10-15T07:48:50.066+0000] {logging_mixin.py:188} INFO - [2025-10-15T07:48:50.065+0000] {dag.py:3047} INFO - Sync 1 DAGs
[2025-10-15T07:48:50.083+0000] {logging_mixin.py:188} INFO - [2025-10-15T07:48:50.083+0000] {dag.py:3834} INFO - Setting next_dagrun for ecommerce_sales_pipeline to 2025-10-14 00:00:00+00:00, run_after=2025-10-15 00:00:00+00:00
[2025-10-15T07:48:50.100+0000] {processor.py:183} INFO - Processing /opt/airflow/dags/ecommerce_sales_pipeline.py took 0.381 seconds
[2025-10-15T07:49:20.135+0000] {processor.py:161} INFO - Started process (PID=1015) to work on /opt/airflow/dags/ecommerce_sales_pipeline.py
[2025-10-15T07:49:20.136+0000] {processor.py:830} INFO - Processing file /opt/airflow/dags/ecommerce_sales_pipeline.py for tasks to queue
[2025-10-15T07:49:20.137+0000] {logging_mixin.py:188} INFO - [2025-10-15T07:49:20.137+0000] {dagbag.py:540} INFO - Filling up the DagBag from /opt/airflow/dags/ecommerce_sales_pipeline.py
[2025-10-15T07:49:20.721+0000] {processor.py:840} INFO - DAG(s) 'ecommerce_sales_pipeline' retrieved from /opt/airflow/dags/ecommerce_sales_pipeline.py
[2025-10-15T07:49:20.735+0000] {logging_mixin.py:188} INFO - [2025-10-15T07:49:20.735+0000] {dag.py:3047} INFO - Sync 1 DAGs
[2025-10-15T07:49:20.753+0000] {logging_mixin.py:188} INFO - [2025-10-15T07:49:20.753+0000] {dag.py:3834} INFO - Setting next_dagrun for ecommerce_sales_pipeline to 2025-10-14 00:00:00+00:00, run_after=2025-10-15 00:00:00+00:00
[2025-10-15T07:49:20.771+0000] {processor.py:183} INFO - Processing /opt/airflow/dags/ecommerce_sales_pipeline.py took 0.639 seconds
[2025-10-15T07:49:51.326+0000] {processor.py:161} INFO - Started process (PID=1075) to work on /opt/airflow/dags/ecommerce_sales_pipeline.py
[2025-10-15T07:49:51.327+0000] {processor.py:830} INFO - Processing file /opt/airflow/dags/ecommerce_sales_pipeline.py for tasks to queue
[2025-10-15T07:49:51.329+0000] {logging_mixin.py:188} INFO - [2025-10-15T07:49:51.328+0000] {dagbag.py:540} INFO - Filling up the DagBag from /opt/airflow/dags/ecommerce_sales_pipeline.py
[2025-10-15T07:49:51.648+0000] {processor.py:840} INFO - DAG(s) 'ecommerce_sales_pipeline' retrieved from /opt/airflow/dags/ecommerce_sales_pipeline.py
[2025-10-15T07:49:51.662+0000] {logging_mixin.py:188} INFO - [2025-10-15T07:49:51.662+0000] {dag.py:3047} INFO - Sync 1 DAGs
[2025-10-15T07:49:51.680+0000] {logging_mixin.py:188} INFO - [2025-10-15T07:49:51.680+0000] {dag.py:3834} INFO - Setting next_dagrun for ecommerce_sales_pipeline to 2025-10-14 00:00:00+00:00, run_after=2025-10-15 00:00:00+00:00
[2025-10-15T07:49:51.698+0000] {processor.py:183} INFO - Processing /opt/airflow/dags/ecommerce_sales_pipeline.py took 0.374 seconds
[2025-10-15T07:50:22.055+0000] {processor.py:161} INFO - Started process (PID=1136) to work on /opt/airflow/dags/ecommerce_sales_pipeline.py
[2025-10-15T07:50:22.056+0000] {processor.py:830} INFO - Processing file /opt/airflow/dags/ecommerce_sales_pipeline.py for tasks to queue
[2025-10-15T07:50:22.058+0000] {logging_mixin.py:188} INFO - [2025-10-15T07:50:22.057+0000] {dagbag.py:540} INFO - Filling up the DagBag from /opt/airflow/dags/ecommerce_sales_pipeline.py
[2025-10-15T07:50:22.411+0000] {processor.py:840} INFO - DAG(s) 'ecommerce_sales_pipeline' retrieved from /opt/airflow/dags/ecommerce_sales_pipeline.py
[2025-10-15T07:50:22.424+0000] {logging_mixin.py:188} INFO - [2025-10-15T07:50:22.424+0000] {dag.py:3047} INFO - Sync 1 DAGs
[2025-10-15T07:50:22.441+0000] {logging_mixin.py:188} INFO - [2025-10-15T07:50:22.441+0000] {dag.py:3834} INFO - Setting next_dagrun for ecommerce_sales_pipeline to 2025-10-14 00:00:00+00:00, run_after=2025-10-15 00:00:00+00:00
[2025-10-15T07:50:22.457+0000] {processor.py:183} INFO - Processing /opt/airflow/dags/ecommerce_sales_pipeline.py took 0.405 seconds
[2025-10-15T07:50:52.975+0000] {processor.py:161} INFO - Started process (PID=1199) to work on /opt/airflow/dags/ecommerce_sales_pipeline.py
[2025-10-15T07:50:52.976+0000] {processor.py:830} INFO - Processing file /opt/airflow/dags/ecommerce_sales_pipeline.py for tasks to queue
[2025-10-15T07:50:52.978+0000] {logging_mixin.py:188} INFO - [2025-10-15T07:50:52.978+0000] {dagbag.py:540} INFO - Filling up the DagBag from /opt/airflow/dags/ecommerce_sales_pipeline.py
[2025-10-15T07:50:53.339+0000] {processor.py:840} INFO - DAG(s) 'ecommerce_sales_pipeline' retrieved from /opt/airflow/dags/ecommerce_sales_pipeline.py
[2025-10-15T07:50:53.356+0000] {logging_mixin.py:188} INFO - [2025-10-15T07:50:53.356+0000] {dag.py:3047} INFO - Sync 1 DAGs
[2025-10-15T07:50:53.381+0000] {logging_mixin.py:188} INFO - [2025-10-15T07:50:53.381+0000] {dag.py:3834} INFO - Setting next_dagrun for ecommerce_sales_pipeline to 2025-10-14 00:00:00+00:00, run_after=2025-10-15 00:00:00+00:00
[2025-10-15T07:50:53.402+0000] {processor.py:183} INFO - Processing /opt/airflow/dags/ecommerce_sales_pipeline.py took 0.434 seconds
[2025-10-15T07:51:23.492+0000] {processor.py:161} INFO - Started process (PID=1264) to work on /opt/airflow/dags/ecommerce_sales_pipeline.py
[2025-10-15T07:51:23.493+0000] {processor.py:830} INFO - Processing file /opt/airflow/dags/ecommerce_sales_pipeline.py for tasks to queue
[2025-10-15T07:51:23.495+0000] {logging_mixin.py:188} INFO - [2025-10-15T07:51:23.495+0000] {dagbag.py:540} INFO - Filling up the DagBag from /opt/airflow/dags/ecommerce_sales_pipeline.py
[2025-10-15T07:51:23.807+0000] {processor.py:840} INFO - DAG(s) 'ecommerce_sales_pipeline' retrieved from /opt/airflow/dags/ecommerce_sales_pipeline.py
[2025-10-15T07:51:23.822+0000] {logging_mixin.py:188} INFO - [2025-10-15T07:51:23.821+0000] {dag.py:3047} INFO - Sync 1 DAGs
[2025-10-15T07:51:23.839+0000] {logging_mixin.py:188} INFO - [2025-10-15T07:51:23.839+0000] {dag.py:3834} INFO - Setting next_dagrun for ecommerce_sales_pipeline to 2025-10-14 00:00:00+00:00, run_after=2025-10-15 00:00:00+00:00
[2025-10-15T07:51:23.855+0000] {processor.py:183} INFO - Processing /opt/airflow/dags/ecommerce_sales_pipeline.py took 0.365 seconds
[2025-10-15T07:51:54.082+0000] {processor.py:161} INFO - Started process (PID=1327) to work on /opt/airflow/dags/ecommerce_sales_pipeline.py
[2025-10-15T07:51:54.083+0000] {processor.py:830} INFO - Processing file /opt/airflow/dags/ecommerce_sales_pipeline.py for tasks to queue
[2025-10-15T07:51:54.085+0000] {logging_mixin.py:188} INFO - [2025-10-15T07:51:54.085+0000] {dagbag.py:540} INFO - Filling up the DagBag from /opt/airflow/dags/ecommerce_sales_pipeline.py
[2025-10-15T07:51:54.401+0000] {processor.py:840} INFO - DAG(s) 'ecommerce_sales_pipeline' retrieved from /opt/airflow/dags/ecommerce_sales_pipeline.py
[2025-10-15T07:51:54.414+0000] {logging_mixin.py:188} INFO - [2025-10-15T07:51:54.414+0000] {dag.py:3047} INFO - Sync 1 DAGs
[2025-10-15T07:51:54.431+0000] {logging_mixin.py:188} INFO - [2025-10-15T07:51:54.431+0000] {dag.py:3834} INFO - Setting next_dagrun for ecommerce_sales_pipeline to 2025-10-14 00:00:00+00:00, run_after=2025-10-15 00:00:00+00:00
[2025-10-15T07:51:54.448+0000] {processor.py:183} INFO - Processing /opt/airflow/dags/ecommerce_sales_pipeline.py took 0.368 seconds
[2025-10-15T07:52:24.524+0000] {processor.py:161} INFO - Started process (PID=1391) to work on /opt/airflow/dags/ecommerce_sales_pipeline.py
[2025-10-15T07:52:24.525+0000] {processor.py:830} INFO - Processing file /opt/airflow/dags/ecommerce_sales_pipeline.py for tasks to queue
[2025-10-15T07:52:24.527+0000] {logging_mixin.py:188} INFO - [2025-10-15T07:52:24.526+0000] {dagbag.py:540} INFO - Filling up the DagBag from /opt/airflow/dags/ecommerce_sales_pipeline.py
[2025-10-15T07:52:24.888+0000] {processor.py:840} INFO - DAG(s) 'ecommerce_sales_pipeline' retrieved from /opt/airflow/dags/ecommerce_sales_pipeline.py
[2025-10-15T07:52:24.901+0000] {logging_mixin.py:188} INFO - [2025-10-15T07:52:24.900+0000] {dag.py:3047} INFO - Sync 1 DAGs
[2025-10-15T07:52:24.920+0000] {logging_mixin.py:188} INFO - [2025-10-15T07:52:24.919+0000] {dag.py:3834} INFO - Setting next_dagrun for ecommerce_sales_pipeline to 2025-10-14 00:00:00+00:00, run_after=2025-10-15 00:00:00+00:00
[2025-10-15T07:52:24.938+0000] {processor.py:183} INFO - Processing /opt/airflow/dags/ecommerce_sales_pipeline.py took 0.417 seconds
[2025-10-15T07:52:55.026+0000] {processor.py:161} INFO - Started process (PID=1445) to work on /opt/airflow/dags/ecommerce_sales_pipeline.py
[2025-10-15T07:52:55.027+0000] {processor.py:830} INFO - Processing file /opt/airflow/dags/ecommerce_sales_pipeline.py for tasks to queue
[2025-10-15T07:52:55.029+0000] {logging_mixin.py:188} INFO - [2025-10-15T07:52:55.029+0000] {dagbag.py:540} INFO - Filling up the DagBag from /opt/airflow/dags/ecommerce_sales_pipeline.py
[2025-10-15T07:52:55.361+0000] {processor.py:840} INFO - DAG(s) 'ecommerce_sales_pipeline' retrieved from /opt/airflow/dags/ecommerce_sales_pipeline.py
[2025-10-15T07:52:55.376+0000] {logging_mixin.py:188} INFO - [2025-10-15T07:52:55.375+0000] {dag.py:3047} INFO - Sync 1 DAGs
[2025-10-15T07:52:55.394+0000] {logging_mixin.py:188} INFO - [2025-10-15T07:52:55.394+0000] {dag.py:3834} INFO - Setting next_dagrun for ecommerce_sales_pipeline to 2025-10-14 00:00:00+00:00, run_after=2025-10-15 00:00:00+00:00
[2025-10-15T07:52:55.411+0000] {processor.py:183} INFO - Processing /opt/airflow/dags/ecommerce_sales_pipeline.py took 0.388 seconds
[2025-10-15T07:53:26.186+0000] {processor.py:161} INFO - Started process (PID=1506) to work on /opt/airflow/dags/ecommerce_sales_pipeline.py
[2025-10-15T07:53:26.187+0000] {processor.py:830} INFO - Processing file /opt/airflow/dags/ecommerce_sales_pipeline.py for tasks to queue
[2025-10-15T07:53:26.188+0000] {logging_mixin.py:188} INFO - [2025-10-15T07:53:26.188+0000] {dagbag.py:540} INFO - Filling up the DagBag from /opt/airflow/dags/ecommerce_sales_pipeline.py
[2025-10-15T07:53:26.552+0000] {processor.py:840} INFO - DAG(s) 'ecommerce_sales_pipeline' retrieved from /opt/airflow/dags/ecommerce_sales_pipeline.py
[2025-10-15T07:53:26.569+0000] {logging_mixin.py:188} INFO - [2025-10-15T07:53:26.568+0000] {dag.py:3047} INFO - Sync 1 DAGs
[2025-10-15T07:53:26.588+0000] {logging_mixin.py:188} INFO - [2025-10-15T07:53:26.587+0000] {dag.py:3834} INFO - Setting next_dagrun for ecommerce_sales_pipeline to 2025-10-14 00:00:00+00:00, run_after=2025-10-15 00:00:00+00:00
[2025-10-15T07:53:26.612+0000] {processor.py:183} INFO - Processing /opt/airflow/dags/ecommerce_sales_pipeline.py took 0.428 seconds
[2025-10-15T07:53:56.819+0000] {processor.py:161} INFO - Started process (PID=1568) to work on /opt/airflow/dags/ecommerce_sales_pipeline.py
[2025-10-15T07:53:56.820+0000] {processor.py:830} INFO - Processing file /opt/airflow/dags/ecommerce_sales_pipeline.py for tasks to queue
[2025-10-15T07:53:56.822+0000] {logging_mixin.py:188} INFO - [2025-10-15T07:53:56.822+0000] {dagbag.py:540} INFO - Filling up the DagBag from /opt/airflow/dags/ecommerce_sales_pipeline.py
[2025-10-15T07:53:57.141+0000] {processor.py:840} INFO - DAG(s) 'ecommerce_sales_pipeline' retrieved from /opt/airflow/dags/ecommerce_sales_pipeline.py
[2025-10-15T07:53:57.156+0000] {logging_mixin.py:188} INFO - [2025-10-15T07:53:57.155+0000] {dag.py:3047} INFO - Sync 1 DAGs
[2025-10-15T07:53:57.174+0000] {logging_mixin.py:188} INFO - [2025-10-15T07:53:57.174+0000] {dag.py:3834} INFO - Setting next_dagrun for ecommerce_sales_pipeline to 2025-10-14 00:00:00+00:00, run_after=2025-10-15 00:00:00+00:00
[2025-10-15T07:53:57.190+0000] {processor.py:183} INFO - Processing /opt/airflow/dags/ecommerce_sales_pipeline.py took 0.374 seconds
[2025-10-15T07:54:27.939+0000] {processor.py:161} INFO - Started process (PID=1628) to work on /opt/airflow/dags/ecommerce_sales_pipeline.py
[2025-10-15T07:54:27.940+0000] {processor.py:830} INFO - Processing file /opt/airflow/dags/ecommerce_sales_pipeline.py for tasks to queue
[2025-10-15T07:54:27.941+0000] {logging_mixin.py:188} INFO - [2025-10-15T07:54:27.941+0000] {dagbag.py:540} INFO - Filling up the DagBag from /opt/airflow/dags/ecommerce_sales_pipeline.py
[2025-10-15T07:54:28.264+0000] {processor.py:840} INFO - DAG(s) 'ecommerce_sales_pipeline' retrieved from /opt/airflow/dags/ecommerce_sales_pipeline.py
[2025-10-15T07:54:28.280+0000] {logging_mixin.py:188} INFO - [2025-10-15T07:54:28.280+0000] {dag.py:3047} INFO - Sync 1 DAGs
[2025-10-15T07:54:28.297+0000] {logging_mixin.py:188} INFO - [2025-10-15T07:54:28.297+0000] {dag.py:3834} INFO - Setting next_dagrun for ecommerce_sales_pipeline to 2025-10-14 00:00:00+00:00, run_after=2025-10-15 00:00:00+00:00
[2025-10-15T07:54:28.317+0000] {processor.py:183} INFO - Processing /opt/airflow/dags/ecommerce_sales_pipeline.py took 0.382 seconds
[2025-10-15T07:54:58.429+0000] {processor.py:161} INFO - Started process (PID=1688) to work on /opt/airflow/dags/ecommerce_sales_pipeline.py
[2025-10-15T07:54:58.430+0000] {processor.py:830} INFO - Processing file /opt/airflow/dags/ecommerce_sales_pipeline.py for tasks to queue
[2025-10-15T07:54:58.431+0000] {logging_mixin.py:188} INFO - [2025-10-15T07:54:58.431+0000] {dagbag.py:540} INFO - Filling up the DagBag from /opt/airflow/dags/ecommerce_sales_pipeline.py
[2025-10-15T07:54:58.755+0000] {processor.py:840} INFO - DAG(s) 'ecommerce_sales_pipeline' retrieved from /opt/airflow/dags/ecommerce_sales_pipeline.py
[2025-10-15T07:54:58.770+0000] {logging_mixin.py:188} INFO - [2025-10-15T07:54:58.769+0000] {dag.py:3047} INFO - Sync 1 DAGs
[2025-10-15T07:54:58.787+0000] {logging_mixin.py:188} INFO - [2025-10-15T07:54:58.786+0000] {dag.py:3834} INFO - Setting next_dagrun for ecommerce_sales_pipeline to 2025-10-14 00:00:00+00:00, run_after=2025-10-15 00:00:00+00:00
[2025-10-15T07:54:58.801+0000] {processor.py:183} INFO - Processing /opt/airflow/dags/ecommerce_sales_pipeline.py took 0.375 seconds
[2025-10-15T07:55:28.838+0000] {processor.py:161} INFO - Started process (PID=1751) to work on /opt/airflow/dags/ecommerce_sales_pipeline.py
[2025-10-15T07:55:28.839+0000] {processor.py:830} INFO - Processing file /opt/airflow/dags/ecommerce_sales_pipeline.py for tasks to queue
[2025-10-15T07:55:28.841+0000] {logging_mixin.py:188} INFO - [2025-10-15T07:55:28.840+0000] {dagbag.py:540} INFO - Filling up the DagBag from /opt/airflow/dags/ecommerce_sales_pipeline.py
[2025-10-15T07:55:29.203+0000] {processor.py:840} INFO - DAG(s) 'ecommerce_sales_pipeline' retrieved from /opt/airflow/dags/ecommerce_sales_pipeline.py
[2025-10-15T07:55:29.216+0000] {logging_mixin.py:188} INFO - [2025-10-15T07:55:29.215+0000] {dag.py:3047} INFO - Sync 1 DAGs
[2025-10-15T07:55:29.234+0000] {logging_mixin.py:188} INFO - [2025-10-15T07:55:29.234+0000] {dag.py:3834} INFO - Setting next_dagrun for ecommerce_sales_pipeline to 2025-10-14 00:00:00+00:00, run_after=2025-10-15 00:00:00+00:00
[2025-10-15T07:55:29.250+0000] {processor.py:183} INFO - Processing /opt/airflow/dags/ecommerce_sales_pipeline.py took 0.415 seconds
[2025-10-15T07:55:59.351+0000] {processor.py:161} INFO - Started process (PID=1816) to work on /opt/airflow/dags/ecommerce_sales_pipeline.py
[2025-10-15T07:55:59.352+0000] {processor.py:830} INFO - Processing file /opt/airflow/dags/ecommerce_sales_pipeline.py for tasks to queue
[2025-10-15T07:55:59.353+0000] {logging_mixin.py:188} INFO - [2025-10-15T07:55:59.353+0000] {dagbag.py:540} INFO - Filling up the DagBag from /opt/airflow/dags/ecommerce_sales_pipeline.py
[2025-10-15T07:55:59.670+0000] {processor.py:840} INFO - DAG(s) 'ecommerce_sales_pipeline' retrieved from /opt/airflow/dags/ecommerce_sales_pipeline.py
[2025-10-15T07:55:59.683+0000] {logging_mixin.py:188} INFO - [2025-10-15T07:55:59.683+0000] {dag.py:3047} INFO - Sync 1 DAGs
[2025-10-15T07:55:59.700+0000] {logging_mixin.py:188} INFO - [2025-10-15T07:55:59.700+0000] {dag.py:3834} INFO - Setting next_dagrun for ecommerce_sales_pipeline to 2025-10-14 00:00:00+00:00, run_after=2025-10-15 00:00:00+00:00
[2025-10-15T07:55:59.716+0000] {processor.py:183} INFO - Processing /opt/airflow/dags/ecommerce_sales_pipeline.py took 0.368 seconds
[2025-10-15T07:56:29.908+0000] {processor.py:161} INFO - Started process (PID=1878) to work on /opt/airflow/dags/ecommerce_sales_pipeline.py
[2025-10-15T07:56:29.909+0000] {processor.py:830} INFO - Processing file /opt/airflow/dags/ecommerce_sales_pipeline.py for tasks to queue
[2025-10-15T07:56:29.911+0000] {logging_mixin.py:188} INFO - [2025-10-15T07:56:29.910+0000] {dagbag.py:540} INFO - Filling up the DagBag from /opt/airflow/dags/ecommerce_sales_pipeline.py
[2025-10-15T07:56:30.245+0000] {processor.py:840} INFO - DAG(s) 'ecommerce_sales_pipeline' retrieved from /opt/airflow/dags/ecommerce_sales_pipeline.py
[2025-10-15T07:56:30.258+0000] {logging_mixin.py:188} INFO - [2025-10-15T07:56:30.258+0000] {dag.py:3047} INFO - Sync 1 DAGs
[2025-10-15T07:56:30.275+0000] {logging_mixin.py:188} INFO - [2025-10-15T07:56:30.275+0000] {dag.py:3834} INFO - Setting next_dagrun for ecommerce_sales_pipeline to 2025-10-14 00:00:00+00:00, run_after=2025-10-15 00:00:00+00:00
[2025-10-15T07:56:30.291+0000] {processor.py:183} INFO - Processing /opt/airflow/dags/ecommerce_sales_pipeline.py took 0.385 seconds
[2025-10-15T07:57:00.383+0000] {processor.py:161} INFO - Started process (PID=1942) to work on /opt/airflow/dags/ecommerce_sales_pipeline.py
[2025-10-15T07:57:00.384+0000] {processor.py:830} INFO - Processing file /opt/airflow/dags/ecommerce_sales_pipeline.py for tasks to queue
[2025-10-15T07:57:00.386+0000] {logging_mixin.py:188} INFO - [2025-10-15T07:57:00.385+0000] {dagbag.py:540} INFO - Filling up the DagBag from /opt/airflow/dags/ecommerce_sales_pipeline.py
[2025-10-15T07:57:00.692+0000] {processor.py:840} INFO - DAG(s) 'ecommerce_sales_pipeline' retrieved from /opt/airflow/dags/ecommerce_sales_pipeline.py
[2025-10-15T07:57:00.705+0000] {logging_mixin.py:188} INFO - [2025-10-15T07:57:00.705+0000] {dag.py:3047} INFO - Sync 1 DAGs
[2025-10-15T07:57:00.721+0000] {logging_mixin.py:188} INFO - [2025-10-15T07:57:00.721+0000] {dag.py:3834} INFO - Setting next_dagrun for ecommerce_sales_pipeline to 2025-10-14 00:00:00+00:00, run_after=2025-10-15 00:00:00+00:00
[2025-10-15T07:57:00.739+0000] {processor.py:183} INFO - Processing /opt/airflow/dags/ecommerce_sales_pipeline.py took 0.358 seconds
[2025-10-15T07:57:31.656+0000] {processor.py:161} INFO - Started process (PID=2005) to work on /opt/airflow/dags/ecommerce_sales_pipeline.py
[2025-10-15T07:57:31.657+0000] {processor.py:830} INFO - Processing file /opt/airflow/dags/ecommerce_sales_pipeline.py for tasks to queue
[2025-10-15T07:57:31.659+0000] {logging_mixin.py:188} INFO - [2025-10-15T07:57:31.658+0000] {dagbag.py:540} INFO - Filling up the DagBag from /opt/airflow/dags/ecommerce_sales_pipeline.py
[2025-10-15T07:57:31.972+0000] {processor.py:840} INFO - DAG(s) 'ecommerce_sales_pipeline' retrieved from /opt/airflow/dags/ecommerce_sales_pipeline.py
[2025-10-15T07:57:31.986+0000] {logging_mixin.py:188} INFO - [2025-10-15T07:57:31.986+0000] {dag.py:3047} INFO - Sync 1 DAGs
[2025-10-15T07:57:32.003+0000] {logging_mixin.py:188} INFO - [2025-10-15T07:57:32.003+0000] {dag.py:3834} INFO - Setting next_dagrun for ecommerce_sales_pipeline to 2025-10-14 00:00:00+00:00, run_after=2025-10-15 00:00:00+00:00
[2025-10-15T07:57:32.020+0000] {processor.py:183} INFO - Processing /opt/airflow/dags/ecommerce_sales_pipeline.py took 0.367 seconds
[2025-10-15T07:58:02.080+0000] {processor.py:161} INFO - Started process (PID=2066) to work on /opt/airflow/dags/ecommerce_sales_pipeline.py
[2025-10-15T07:58:02.081+0000] {processor.py:830} INFO - Processing file /opt/airflow/dags/ecommerce_sales_pipeline.py for tasks to queue
[2025-10-15T07:58:02.082+0000] {logging_mixin.py:188} INFO - [2025-10-15T07:58:02.082+0000] {dagbag.py:540} INFO - Filling up the DagBag from /opt/airflow/dags/ecommerce_sales_pipeline.py
[2025-10-15T07:58:02.379+0000] {processor.py:840} INFO - DAG(s) 'ecommerce_sales_pipeline' retrieved from /opt/airflow/dags/ecommerce_sales_pipeline.py
[2025-10-15T07:58:02.393+0000] {logging_mixin.py:188} INFO - [2025-10-15T07:58:02.392+0000] {dag.py:3047} INFO - Sync 1 DAGs
[2025-10-15T07:58:02.410+0000] {logging_mixin.py:188} INFO - [2025-10-15T07:58:02.410+0000] {dag.py:3834} INFO - Setting next_dagrun for ecommerce_sales_pipeline to 2025-10-14 00:00:00+00:00, run_after=2025-10-15 00:00:00+00:00
[2025-10-15T07:58:02.425+0000] {processor.py:183} INFO - Processing /opt/airflow/dags/ecommerce_sales_pipeline.py took 0.348 seconds
[2025-10-15T07:58:33.143+0000] {processor.py:161} INFO - Started process (PID=2126) to work on /opt/airflow/dags/ecommerce_sales_pipeline.py
[2025-10-15T07:58:33.144+0000] {processor.py:830} INFO - Processing file /opt/airflow/dags/ecommerce_sales_pipeline.py for tasks to queue
[2025-10-15T07:58:33.146+0000] {logging_mixin.py:188} INFO - [2025-10-15T07:58:33.145+0000] {dagbag.py:540} INFO - Filling up the DagBag from /opt/airflow/dags/ecommerce_sales_pipeline.py
[2025-10-15T07:58:33.492+0000] {processor.py:840} INFO - DAG(s) 'ecommerce_sales_pipeline' retrieved from /opt/airflow/dags/ecommerce_sales_pipeline.py
[2025-10-15T07:58:33.505+0000] {logging_mixin.py:188} INFO - [2025-10-15T07:58:33.505+0000] {dag.py:3047} INFO - Sync 1 DAGs
[2025-10-15T07:58:33.524+0000] {logging_mixin.py:188} INFO - [2025-10-15T07:58:33.524+0000] {dag.py:3834} INFO - Setting next_dagrun for ecommerce_sales_pipeline to 2025-10-14 00:00:00+00:00, run_after=2025-10-15 00:00:00+00:00
[2025-10-15T07:58:33.540+0000] {processor.py:183} INFO - Processing /opt/airflow/dags/ecommerce_sales_pipeline.py took 0.399 seconds
[2025-10-15T07:59:03.842+0000] {processor.py:161} INFO - Started process (PID=2189) to work on /opt/airflow/dags/ecommerce_sales_pipeline.py
[2025-10-15T07:59:03.842+0000] {processor.py:830} INFO - Processing file /opt/airflow/dags/ecommerce_sales_pipeline.py for tasks to queue
[2025-10-15T07:59:03.844+0000] {logging_mixin.py:188} INFO - [2025-10-15T07:59:03.844+0000] {dagbag.py:540} INFO - Filling up the DagBag from /opt/airflow/dags/ecommerce_sales_pipeline.py
[2025-10-15T07:59:04.147+0000] {processor.py:840} INFO - DAG(s) 'ecommerce_sales_pipeline' retrieved from /opt/airflow/dags/ecommerce_sales_pipeline.py
[2025-10-15T07:59:04.162+0000] {logging_mixin.py:188} INFO - [2025-10-15T07:59:04.161+0000] {dag.py:3047} INFO - Sync 1 DAGs
[2025-10-15T07:59:04.178+0000] {logging_mixin.py:188} INFO - [2025-10-15T07:59:04.178+0000] {dag.py:3834} INFO - Setting next_dagrun for ecommerce_sales_pipeline to 2025-10-14 00:00:00+00:00, run_after=2025-10-15 00:00:00+00:00
[2025-10-15T07:59:04.195+0000] {processor.py:183} INFO - Processing /opt/airflow/dags/ecommerce_sales_pipeline.py took 0.356 seconds
[2025-10-15T07:59:34.571+0000] {processor.py:161} INFO - Started process (PID=2244) to work on /opt/airflow/dags/ecommerce_sales_pipeline.py
[2025-10-15T07:59:34.572+0000] {processor.py:830} INFO - Processing file /opt/airflow/dags/ecommerce_sales_pipeline.py for tasks to queue
[2025-10-15T07:59:34.573+0000] {logging_mixin.py:188} INFO - [2025-10-15T07:59:34.573+0000] {dagbag.py:540} INFO - Filling up the DagBag from /opt/airflow/dags/ecommerce_sales_pipeline.py
[2025-10-15T07:59:34.890+0000] {processor.py:840} INFO - DAG(s) 'ecommerce_sales_pipeline' retrieved from /opt/airflow/dags/ecommerce_sales_pipeline.py
[2025-10-15T07:59:34.904+0000] {logging_mixin.py:188} INFO - [2025-10-15T07:59:34.904+0000] {dag.py:3047} INFO - Sync 1 DAGs
[2025-10-15T07:59:34.923+0000] {logging_mixin.py:188} INFO - [2025-10-15T07:59:34.923+0000] {dag.py:3834} INFO - Setting next_dagrun for ecommerce_sales_pipeline to 2025-10-14 00:00:00+00:00, run_after=2025-10-15 00:00:00+00:00
[2025-10-15T07:59:34.940+0000] {processor.py:183} INFO - Processing /opt/airflow/dags/ecommerce_sales_pipeline.py took 0.372 seconds
[2025-10-15T08:00:05.786+0000] {processor.py:161} INFO - Started process (PID=2303) to work on /opt/airflow/dags/ecommerce_sales_pipeline.py
[2025-10-15T08:00:05.787+0000] {processor.py:830} INFO - Processing file /opt/airflow/dags/ecommerce_sales_pipeline.py for tasks to queue
[2025-10-15T08:00:05.788+0000] {logging_mixin.py:188} INFO - [2025-10-15T08:00:05.788+0000] {dagbag.py:540} INFO - Filling up the DagBag from /opt/airflow/dags/ecommerce_sales_pipeline.py
[2025-10-15T08:00:06.110+0000] {processor.py:840} INFO - DAG(s) 'ecommerce_sales_pipeline' retrieved from /opt/airflow/dags/ecommerce_sales_pipeline.py
[2025-10-15T08:00:06.123+0000] {logging_mixin.py:188} INFO - [2025-10-15T08:00:06.123+0000] {dag.py:3047} INFO - Sync 1 DAGs
[2025-10-15T08:00:06.141+0000] {logging_mixin.py:188} INFO - [2025-10-15T08:00:06.141+0000] {dag.py:3834} INFO - Setting next_dagrun for ecommerce_sales_pipeline to 2025-10-14 00:00:00+00:00, run_after=2025-10-15 00:00:00+00:00
[2025-10-15T08:00:06.158+0000] {processor.py:183} INFO - Processing /opt/airflow/dags/ecommerce_sales_pipeline.py took 0.374 seconds
[2025-10-15T08:00:36.253+0000] {processor.py:161} INFO - Started process (PID=2367) to work on /opt/airflow/dags/ecommerce_sales_pipeline.py
[2025-10-15T08:00:36.254+0000] {processor.py:830} INFO - Processing file /opt/airflow/dags/ecommerce_sales_pipeline.py for tasks to queue
[2025-10-15T08:00:36.255+0000] {logging_mixin.py:188} INFO - [2025-10-15T08:00:36.255+0000] {dagbag.py:540} INFO - Filling up the DagBag from /opt/airflow/dags/ecommerce_sales_pipeline.py
[2025-10-15T08:00:36.570+0000] {processor.py:840} INFO - DAG(s) 'ecommerce_sales_pipeline' retrieved from /opt/airflow/dags/ecommerce_sales_pipeline.py
[2025-10-15T08:00:36.583+0000] {logging_mixin.py:188} INFO - [2025-10-15T08:00:36.582+0000] {dag.py:3047} INFO - Sync 1 DAGs
[2025-10-15T08:00:36.601+0000] {logging_mixin.py:188} INFO - [2025-10-15T08:00:36.600+0000] {dag.py:3834} INFO - Setting next_dagrun for ecommerce_sales_pipeline to 2025-10-14 00:00:00+00:00, run_after=2025-10-15 00:00:00+00:00
[2025-10-15T08:00:36.618+0000] {processor.py:183} INFO - Processing /opt/airflow/dags/ecommerce_sales_pipeline.py took 0.367 seconds
[2025-10-15T08:01:06.759+0000] {processor.py:161} INFO - Started process (PID=2435) to work on /opt/airflow/dags/ecommerce_sales_pipeline.py
[2025-10-15T08:01:06.759+0000] {processor.py:830} INFO - Processing file /opt/airflow/dags/ecommerce_sales_pipeline.py for tasks to queue
[2025-10-15T08:01:06.761+0000] {logging_mixin.py:188} INFO - [2025-10-15T08:01:06.760+0000] {dagbag.py:540} INFO - Filling up the DagBag from /opt/airflow/dags/ecommerce_sales_pipeline.py
[2025-10-15T08:01:07.108+0000] {processor.py:840} INFO - DAG(s) 'ecommerce_sales_pipeline' retrieved from /opt/airflow/dags/ecommerce_sales_pipeline.py
[2025-10-15T08:01:07.122+0000] {logging_mixin.py:188} INFO - [2025-10-15T08:01:07.122+0000] {dag.py:3047} INFO - Sync 1 DAGs
[2025-10-15T08:01:07.140+0000] {logging_mixin.py:188} INFO - [2025-10-15T08:01:07.140+0000] {dag.py:3834} INFO - Setting next_dagrun for ecommerce_sales_pipeline to 2025-10-14 00:00:00+00:00, run_after=2025-10-15 00:00:00+00:00
[2025-10-15T08:01:07.157+0000] {processor.py:183} INFO - Processing /opt/airflow/dags/ecommerce_sales_pipeline.py took 0.401 seconds
[2025-10-15T08:01:37.201+0000] {processor.py:161} INFO - Started process (PID=2499) to work on /opt/airflow/dags/ecommerce_sales_pipeline.py
[2025-10-15T08:01:37.202+0000] {processor.py:830} INFO - Processing file /opt/airflow/dags/ecommerce_sales_pipeline.py for tasks to queue
[2025-10-15T08:01:37.203+0000] {logging_mixin.py:188} INFO - [2025-10-15T08:01:37.202+0000] {dagbag.py:540} INFO - Filling up the DagBag from /opt/airflow/dags/ecommerce_sales_pipeline.py
[2025-10-15T08:01:37.510+0000] {processor.py:840} INFO - DAG(s) 'ecommerce_sales_pipeline' retrieved from /opt/airflow/dags/ecommerce_sales_pipeline.py
[2025-10-15T08:01:37.523+0000] {logging_mixin.py:188} INFO - [2025-10-15T08:01:37.523+0000] {dag.py:3047} INFO - Sync 1 DAGs
[2025-10-15T08:01:37.540+0000] {logging_mixin.py:188} INFO - [2025-10-15T08:01:37.539+0000] {dag.py:3834} INFO - Setting next_dagrun for ecommerce_sales_pipeline to 2025-10-14 00:00:00+00:00, run_after=2025-10-15 00:00:00+00:00
[2025-10-15T08:01:37.554+0000] {processor.py:183} INFO - Processing /opt/airflow/dags/ecommerce_sales_pipeline.py took 0.356 seconds
[2025-10-15T08:02:08.356+0000] {processor.py:161} INFO - Started process (PID=2561) to work on /opt/airflow/dags/ecommerce_sales_pipeline.py
[2025-10-15T08:02:08.357+0000] {processor.py:830} INFO - Processing file /opt/airflow/dags/ecommerce_sales_pipeline.py for tasks to queue
[2025-10-15T08:02:08.358+0000] {logging_mixin.py:188} INFO - [2025-10-15T08:02:08.358+0000] {dagbag.py:540} INFO - Filling up the DagBag from /opt/airflow/dags/ecommerce_sales_pipeline.py
[2025-10-15T08:02:08.671+0000] {processor.py:840} INFO - DAG(s) 'ecommerce_sales_pipeline' retrieved from /opt/airflow/dags/ecommerce_sales_pipeline.py
[2025-10-15T08:02:08.683+0000] {logging_mixin.py:188} INFO - [2025-10-15T08:02:08.683+0000] {dag.py:3047} INFO - Sync 1 DAGs
[2025-10-15T08:02:08.701+0000] {logging_mixin.py:188} INFO - [2025-10-15T08:02:08.701+0000] {dag.py:3834} INFO - Setting next_dagrun for ecommerce_sales_pipeline to 2025-10-14 00:00:00+00:00, run_after=2025-10-15 00:00:00+00:00
[2025-10-15T08:02:08.717+0000] {processor.py:183} INFO - Processing /opt/airflow/dags/ecommerce_sales_pipeline.py took 0.363 seconds
[2025-10-15T08:02:39.382+0000] {processor.py:161} INFO - Started process (PID=2624) to work on /opt/airflow/dags/ecommerce_sales_pipeline.py
[2025-10-15T08:02:39.383+0000] {processor.py:830} INFO - Processing file /opt/airflow/dags/ecommerce_sales_pipeline.py for tasks to queue
[2025-10-15T08:02:39.384+0000] {logging_mixin.py:188} INFO - [2025-10-15T08:02:39.384+0000] {dagbag.py:540} INFO - Filling up the DagBag from /opt/airflow/dags/ecommerce_sales_pipeline.py
[2025-10-15T08:02:39.692+0000] {processor.py:840} INFO - DAG(s) 'ecommerce_sales_pipeline' retrieved from /opt/airflow/dags/ecommerce_sales_pipeline.py
[2025-10-15T08:02:39.706+0000] {logging_mixin.py:188} INFO - [2025-10-15T08:02:39.705+0000] {dag.py:3047} INFO - Sync 1 DAGs
[2025-10-15T08:02:39.722+0000] {logging_mixin.py:188} INFO - [2025-10-15T08:02:39.722+0000] {dag.py:3834} INFO - Setting next_dagrun for ecommerce_sales_pipeline to 2025-10-14 00:00:00+00:00, run_after=2025-10-15 00:00:00+00:00
[2025-10-15T08:02:39.739+0000] {processor.py:183} INFO - Processing /opt/airflow/dags/ecommerce_sales_pipeline.py took 0.359 seconds
[2025-10-15T08:03:10.717+0000] {processor.py:161} INFO - Started process (PID=2684) to work on /opt/airflow/dags/ecommerce_sales_pipeline.py
[2025-10-15T08:03:10.718+0000] {processor.py:830} INFO - Processing file /opt/airflow/dags/ecommerce_sales_pipeline.py for tasks to queue
[2025-10-15T08:03:10.718+0000] {logging_mixin.py:188} INFO - [2025-10-15T08:03:10.718+0000] {dagbag.py:540} INFO - Filling up the DagBag from /opt/airflow/dags/ecommerce_sales_pipeline.py
[2025-10-15T08:03:11.026+0000] {processor.py:840} INFO - DAG(s) 'ecommerce_sales_pipeline' retrieved from /opt/airflow/dags/ecommerce_sales_pipeline.py
[2025-10-15T08:03:11.039+0000] {logging_mixin.py:188} INFO - [2025-10-15T08:03:11.039+0000] {dag.py:3047} INFO - Sync 1 DAGs
[2025-10-15T08:03:11.056+0000] {logging_mixin.py:188} INFO - [2025-10-15T08:03:11.056+0000] {dag.py:3834} INFO - Setting next_dagrun for ecommerce_sales_pipeline to 2025-10-14 00:00:00+00:00, run_after=2025-10-15 00:00:00+00:00
[2025-10-15T08:03:11.071+0000] {processor.py:183} INFO - Processing /opt/airflow/dags/ecommerce_sales_pipeline.py took 0.357 seconds
