[2025-10-15T07:41:40.541+0000] {processor.py:161} INFO - Started process (PID=88) to work on /opt/airflow/dags/postgresDag.py
[2025-10-15T07:41:40.542+0000] {processor.py:830} INFO - Processing file /opt/airflow/dags/postgresDag.py for tasks to queue
[2025-10-15T07:41:40.544+0000] {logging_mixin.py:188} INFO - [2025-10-15T07:41:40.544+0000] {dagbag.py:540} INFO - Filling up the DagBag from /opt/airflow/dags/postgresDag.py
[2025-10-15T07:41:40.560+0000] {processor.py:840} INFO - DAG(s) 'process-employees' retrieved from /opt/airflow/dags/postgresDag.py
[2025-10-15T07:41:40.658+0000] {logging_mixin.py:188} INFO - [2025-10-15T07:41:40.658+0000] {dag.py:3047} INFO - Sync 1 DAGs
[2025-10-15T07:41:40.677+0000] {logging_mixin.py:188} INFO - [2025-10-15T07:41:40.676+0000] {dag.py:3834} INFO - Setting next_dagrun for process-employees to 2025-10-14 00:00:00+00:00, run_after=2025-10-15 00:00:00+00:00
[2025-10-15T07:41:40.697+0000] {processor.py:183} INFO - Processing /opt/airflow/dags/postgresDag.py took 0.160 seconds
[2025-10-15T07:42:11.628+0000] {processor.py:161} INFO - Started process (PID=148) to work on /opt/airflow/dags/postgresDag.py
[2025-10-15T07:42:11.628+0000] {processor.py:830} INFO - Processing file /opt/airflow/dags/postgresDag.py for tasks to queue
[2025-10-15T07:42:11.630+0000] {logging_mixin.py:188} INFO - [2025-10-15T07:42:11.630+0000] {dagbag.py:540} INFO - Filling up the DagBag from /opt/airflow/dags/postgresDag.py
[2025-10-15T07:42:11.644+0000] {processor.py:840} INFO - DAG(s) 'process-employees' retrieved from /opt/airflow/dags/postgresDag.py
[2025-10-15T07:42:11.661+0000] {logging_mixin.py:188} INFO - [2025-10-15T07:42:11.660+0000] {dag.py:3047} INFO - Sync 1 DAGs
[2025-10-15T07:42:11.680+0000] {logging_mixin.py:188} INFO - [2025-10-15T07:42:11.679+0000] {dag.py:3834} INFO - Setting next_dagrun for process-employees to 2025-10-14 00:00:00+00:00, run_after=2025-10-15 00:00:00+00:00
[2025-10-15T07:42:11.698+0000] {processor.py:183} INFO - Processing /opt/airflow/dags/postgresDag.py took 0.073 seconds
[2025-10-15T07:42:42.070+0000] {processor.py:161} INFO - Started process (PID=208) to work on /opt/airflow/dags/postgresDag.py
[2025-10-15T07:42:42.071+0000] {processor.py:830} INFO - Processing file /opt/airflow/dags/postgresDag.py for tasks to queue
[2025-10-15T07:42:42.073+0000] {logging_mixin.py:188} INFO - [2025-10-15T07:42:42.072+0000] {dagbag.py:540} INFO - Filling up the DagBag from /opt/airflow/dags/postgresDag.py
[2025-10-15T07:42:42.088+0000] {processor.py:840} INFO - DAG(s) 'process-employees' retrieved from /opt/airflow/dags/postgresDag.py
[2025-10-15T07:42:42.104+0000] {logging_mixin.py:188} INFO - [2025-10-15T07:42:42.104+0000] {dag.py:3047} INFO - Sync 1 DAGs
[2025-10-15T07:42:42.124+0000] {logging_mixin.py:188} INFO - [2025-10-15T07:42:42.124+0000] {dag.py:3834} INFO - Setting next_dagrun for process-employees to 2025-10-14 00:00:00+00:00, run_after=2025-10-15 00:00:00+00:00
[2025-10-15T07:42:42.141+0000] {processor.py:183} INFO - Processing /opt/airflow/dags/postgresDag.py took 0.073 seconds
[2025-10-15T07:43:12.968+0000] {processor.py:161} INFO - Started process (PID=268) to work on /opt/airflow/dags/postgresDag.py
[2025-10-15T07:43:12.969+0000] {processor.py:830} INFO - Processing file /opt/airflow/dags/postgresDag.py for tasks to queue
[2025-10-15T07:43:12.973+0000] {logging_mixin.py:188} INFO - [2025-10-15T07:43:12.973+0000] {dagbag.py:540} INFO - Filling up the DagBag from /opt/airflow/dags/postgresDag.py
[2025-10-15T07:43:12.996+0000] {processor.py:840} INFO - DAG(s) 'process-employees' retrieved from /opt/airflow/dags/postgresDag.py
[2025-10-15T07:43:13.153+0000] {logging_mixin.py:188} INFO - [2025-10-15T07:43:13.153+0000] {dag.py:3047} INFO - Sync 1 DAGs
[2025-10-15T07:43:13.193+0000] {logging_mixin.py:188} INFO - [2025-10-15T07:43:13.193+0000] {dag.py:3834} INFO - Setting next_dagrun for process-employees to 2025-10-14 00:00:00+00:00, run_after=2025-10-15 00:00:00+00:00
[2025-10-15T07:43:13.214+0000] {processor.py:183} INFO - Processing /opt/airflow/dags/postgresDag.py took 0.249 seconds
[2025-10-15T07:43:43.649+0000] {processor.py:161} INFO - Started process (PID=327) to work on /opt/airflow/dags/postgresDag.py
[2025-10-15T07:43:43.650+0000] {processor.py:830} INFO - Processing file /opt/airflow/dags/postgresDag.py for tasks to queue
[2025-10-15T07:43:43.652+0000] {logging_mixin.py:188} INFO - [2025-10-15T07:43:43.651+0000] {dagbag.py:540} INFO - Filling up the DagBag from /opt/airflow/dags/postgresDag.py
[2025-10-15T07:43:43.669+0000] {processor.py:840} INFO - DAG(s) 'process-employees' retrieved from /opt/airflow/dags/postgresDag.py
[2025-10-15T07:43:43.686+0000] {logging_mixin.py:188} INFO - [2025-10-15T07:43:43.686+0000] {dag.py:3047} INFO - Sync 1 DAGs
[2025-10-15T07:43:43.706+0000] {logging_mixin.py:188} INFO - [2025-10-15T07:43:43.706+0000] {dag.py:3834} INFO - Setting next_dagrun for process-employees to 2025-10-14 00:00:00+00:00, run_after=2025-10-15 00:00:00+00:00
[2025-10-15T07:43:43.729+0000] {processor.py:183} INFO - Processing /opt/airflow/dags/postgresDag.py took 0.083 seconds
[2025-10-15T07:44:14.105+0000] {processor.py:161} INFO - Started process (PID=387) to work on /opt/airflow/dags/postgresDag.py
[2025-10-15T07:44:14.106+0000] {processor.py:830} INFO - Processing file /opt/airflow/dags/postgresDag.py for tasks to queue
[2025-10-15T07:44:14.107+0000] {logging_mixin.py:188} INFO - [2025-10-15T07:44:14.107+0000] {dagbag.py:540} INFO - Filling up the DagBag from /opt/airflow/dags/postgresDag.py
[2025-10-15T07:44:14.125+0000] {processor.py:840} INFO - DAG(s) 'process-employees' retrieved from /opt/airflow/dags/postgresDag.py
[2025-10-15T07:44:14.141+0000] {logging_mixin.py:188} INFO - [2025-10-15T07:44:14.141+0000] {dag.py:3047} INFO - Sync 1 DAGs
[2025-10-15T07:44:14.160+0000] {logging_mixin.py:188} INFO - [2025-10-15T07:44:14.160+0000] {dag.py:3834} INFO - Setting next_dagrun for process-employees to 2025-10-14 00:00:00+00:00, run_after=2025-10-15 00:00:00+00:00
[2025-10-15T07:44:14.178+0000] {processor.py:183} INFO - Processing /opt/airflow/dags/postgresDag.py took 0.075 seconds
[2025-10-15T07:44:44.239+0000] {processor.py:161} INFO - Started process (PID=447) to work on /opt/airflow/dags/postgresDag.py
[2025-10-15T07:44:44.240+0000] {processor.py:830} INFO - Processing file /opt/airflow/dags/postgresDag.py for tasks to queue
[2025-10-15T07:44:44.242+0000] {logging_mixin.py:188} INFO - [2025-10-15T07:44:44.241+0000] {dagbag.py:540} INFO - Filling up the DagBag from /opt/airflow/dags/postgresDag.py
[2025-10-15T07:44:44.258+0000] {processor.py:840} INFO - DAG(s) 'process-employees' retrieved from /opt/airflow/dags/postgresDag.py
[2025-10-15T07:44:44.275+0000] {logging_mixin.py:188} INFO - [2025-10-15T07:44:44.274+0000] {dag.py:3047} INFO - Sync 1 DAGs
[2025-10-15T07:44:44.299+0000] {logging_mixin.py:188} INFO - [2025-10-15T07:44:44.299+0000] {dag.py:3834} INFO - Setting next_dagrun for process-employees to 2025-10-14 00:00:00+00:00, run_after=2025-10-15 00:00:00+00:00
[2025-10-15T07:44:44.316+0000] {processor.py:183} INFO - Processing /opt/airflow/dags/postgresDag.py took 0.081 seconds
[2025-10-15T07:45:14.597+0000] {processor.py:161} INFO - Started process (PID=508) to work on /opt/airflow/dags/postgresDag.py
[2025-10-15T07:45:14.598+0000] {processor.py:830} INFO - Processing file /opt/airflow/dags/postgresDag.py for tasks to queue
[2025-10-15T07:45:14.600+0000] {logging_mixin.py:188} INFO - [2025-10-15T07:45:14.600+0000] {dagbag.py:540} INFO - Filling up the DagBag from /opt/airflow/dags/postgresDag.py
[2025-10-15T07:45:14.619+0000] {processor.py:840} INFO - DAG(s) 'process-employees' retrieved from /opt/airflow/dags/postgresDag.py
[2025-10-15T07:45:14.636+0000] {logging_mixin.py:188} INFO - [2025-10-15T07:45:14.635+0000] {dag.py:3047} INFO - Sync 1 DAGs
[2025-10-15T07:45:14.656+0000] {logging_mixin.py:188} INFO - [2025-10-15T07:45:14.656+0000] {dag.py:3834} INFO - Setting next_dagrun for process-employees to 2025-10-14 00:00:00+00:00, run_after=2025-10-15 00:00:00+00:00
[2025-10-15T07:45:14.674+0000] {processor.py:183} INFO - Processing /opt/airflow/dags/postgresDag.py took 0.079 seconds
[2025-10-15T07:45:45.169+0000] {processor.py:161} INFO - Started process (PID=568) to work on /opt/airflow/dags/postgresDag.py
[2025-10-15T07:45:45.169+0000] {processor.py:830} INFO - Processing file /opt/airflow/dags/postgresDag.py for tasks to queue
[2025-10-15T07:45:45.171+0000] {logging_mixin.py:188} INFO - [2025-10-15T07:45:45.171+0000] {dagbag.py:540} INFO - Filling up the DagBag from /opt/airflow/dags/postgresDag.py
[2025-10-15T07:45:45.185+0000] {processor.py:840} INFO - DAG(s) 'process-employees' retrieved from /opt/airflow/dags/postgresDag.py
[2025-10-15T07:45:45.203+0000] {logging_mixin.py:188} INFO - [2025-10-15T07:45:45.202+0000] {dag.py:3047} INFO - Sync 1 DAGs
[2025-10-15T07:45:45.222+0000] {logging_mixin.py:188} INFO - [2025-10-15T07:45:45.222+0000] {dag.py:3834} INFO - Setting next_dagrun for process-employees to 2025-10-14 00:00:00+00:00, run_after=2025-10-15 00:00:00+00:00
[2025-10-15T07:45:45.239+0000] {processor.py:183} INFO - Processing /opt/airflow/dags/postgresDag.py took 0.073 seconds
[2025-10-15T07:46:15.925+0000] {processor.py:161} INFO - Started process (PID=628) to work on /opt/airflow/dags/postgresDag.py
[2025-10-15T07:46:15.926+0000] {processor.py:830} INFO - Processing file /opt/airflow/dags/postgresDag.py for tasks to queue
[2025-10-15T07:46:15.927+0000] {logging_mixin.py:188} INFO - [2025-10-15T07:46:15.927+0000] {dagbag.py:540} INFO - Filling up the DagBag from /opt/airflow/dags/postgresDag.py
[2025-10-15T07:46:15.943+0000] {processor.py:840} INFO - DAG(s) 'process-employees' retrieved from /opt/airflow/dags/postgresDag.py
[2025-10-15T07:46:15.959+0000] {logging_mixin.py:188} INFO - [2025-10-15T07:46:15.959+0000] {dag.py:3047} INFO - Sync 1 DAGs
[2025-10-15T07:46:15.978+0000] {logging_mixin.py:188} INFO - [2025-10-15T07:46:15.978+0000] {dag.py:3834} INFO - Setting next_dagrun for process-employees to 2025-10-14 00:00:00+00:00, run_after=2025-10-15 00:00:00+00:00
[2025-10-15T07:46:15.995+0000] {processor.py:183} INFO - Processing /opt/airflow/dags/postgresDag.py took 0.073 seconds
[2025-10-15T07:46:46.667+0000] {processor.py:161} INFO - Started process (PID=688) to work on /opt/airflow/dags/postgresDag.py
[2025-10-15T07:46:46.668+0000] {processor.py:830} INFO - Processing file /opt/airflow/dags/postgresDag.py for tasks to queue
[2025-10-15T07:46:46.670+0000] {logging_mixin.py:188} INFO - [2025-10-15T07:46:46.669+0000] {dagbag.py:540} INFO - Filling up the DagBag from /opt/airflow/dags/postgresDag.py
[2025-10-15T07:46:46.688+0000] {processor.py:840} INFO - DAG(s) 'process-employees' retrieved from /opt/airflow/dags/postgresDag.py
[2025-10-15T07:46:46.707+0000] {logging_mixin.py:188} INFO - [2025-10-15T07:46:46.707+0000] {dag.py:3047} INFO - Sync 1 DAGs
[2025-10-15T07:46:46.727+0000] {logging_mixin.py:188} INFO - [2025-10-15T07:46:46.727+0000] {dag.py:3834} INFO - Setting next_dagrun for process-employees to 2025-10-14 00:00:00+00:00, run_after=2025-10-15 00:00:00+00:00
[2025-10-15T07:46:46.745+0000] {processor.py:183} INFO - Processing /opt/airflow/dags/postgresDag.py took 0.080 seconds
[2025-10-15T07:47:17.475+0000] {processor.py:161} INFO - Started process (PID=748) to work on /opt/airflow/dags/postgresDag.py
[2025-10-15T07:47:17.476+0000] {processor.py:830} INFO - Processing file /opt/airflow/dags/postgresDag.py for tasks to queue
[2025-10-15T07:47:17.477+0000] {logging_mixin.py:188} INFO - [2025-10-15T07:47:17.477+0000] {dagbag.py:540} INFO - Filling up the DagBag from /opt/airflow/dags/postgresDag.py
[2025-10-15T07:47:17.495+0000] {processor.py:840} INFO - DAG(s) 'process-employees' retrieved from /opt/airflow/dags/postgresDag.py
[2025-10-15T07:47:17.513+0000] {logging_mixin.py:188} INFO - [2025-10-15T07:47:17.512+0000] {dag.py:3047} INFO - Sync 1 DAGs
[2025-10-15T07:47:17.533+0000] {logging_mixin.py:188} INFO - [2025-10-15T07:47:17.533+0000] {dag.py:3834} INFO - Setting next_dagrun for process-employees to 2025-10-14 00:00:00+00:00, run_after=2025-10-15 00:00:00+00:00
[2025-10-15T07:47:17.552+0000] {processor.py:183} INFO - Processing /opt/airflow/dags/postgresDag.py took 0.080 seconds
[2025-10-15T07:47:47.706+0000] {processor.py:161} INFO - Started process (PID=808) to work on /opt/airflow/dags/postgresDag.py
[2025-10-15T07:47:47.707+0000] {processor.py:830} INFO - Processing file /opt/airflow/dags/postgresDag.py for tasks to queue
[2025-10-15T07:47:47.709+0000] {logging_mixin.py:188} INFO - [2025-10-15T07:47:47.709+0000] {dagbag.py:540} INFO - Filling up the DagBag from /opt/airflow/dags/postgresDag.py
[2025-10-15T07:47:47.727+0000] {processor.py:840} INFO - DAG(s) 'process-employees' retrieved from /opt/airflow/dags/postgresDag.py
[2025-10-15T07:47:47.744+0000] {logging_mixin.py:188} INFO - [2025-10-15T07:47:47.743+0000] {dag.py:3047} INFO - Sync 1 DAGs
[2025-10-15T07:47:47.763+0000] {logging_mixin.py:188} INFO - [2025-10-15T07:47:47.763+0000] {dag.py:3834} INFO - Setting next_dagrun for process-employees to 2025-10-14 00:00:00+00:00, run_after=2025-10-15 00:00:00+00:00
[2025-10-15T07:47:47.779+0000] {processor.py:183} INFO - Processing /opt/airflow/dags/postgresDag.py took 0.076 seconds
[2025-10-15T07:48:18.061+0000] {processor.py:161} INFO - Started process (PID=868) to work on /opt/airflow/dags/postgresDag.py
[2025-10-15T07:48:18.062+0000] {processor.py:830} INFO - Processing file /opt/airflow/dags/postgresDag.py for tasks to queue
[2025-10-15T07:48:18.063+0000] {logging_mixin.py:188} INFO - [2025-10-15T07:48:18.063+0000] {dagbag.py:540} INFO - Filling up the DagBag from /opt/airflow/dags/postgresDag.py
[2025-10-15T07:48:18.078+0000] {processor.py:840} INFO - DAG(s) 'process-employees' retrieved from /opt/airflow/dags/postgresDag.py
[2025-10-15T07:48:18.095+0000] {logging_mixin.py:188} INFO - [2025-10-15T07:48:18.095+0000] {dag.py:3047} INFO - Sync 1 DAGs
[2025-10-15T07:48:18.115+0000] {logging_mixin.py:188} INFO - [2025-10-15T07:48:18.115+0000] {dag.py:3834} INFO - Setting next_dagrun for process-employees to 2025-10-14 00:00:00+00:00, run_after=2025-10-15 00:00:00+00:00
[2025-10-15T07:48:18.132+0000] {processor.py:183} INFO - Processing /opt/airflow/dags/postgresDag.py took 0.074 seconds
[2025-10-15T07:48:48.180+0000] {processor.py:161} INFO - Started process (PID=928) to work on /opt/airflow/dags/postgresDag.py
[2025-10-15T07:48:48.181+0000] {processor.py:830} INFO - Processing file /opt/airflow/dags/postgresDag.py for tasks to queue
[2025-10-15T07:48:48.183+0000] {logging_mixin.py:188} INFO - [2025-10-15T07:48:48.182+0000] {dagbag.py:540} INFO - Filling up the DagBag from /opt/airflow/dags/postgresDag.py
[2025-10-15T07:48:48.200+0000] {processor.py:840} INFO - DAG(s) 'process-employees' retrieved from /opt/airflow/dags/postgresDag.py
[2025-10-15T07:48:48.217+0000] {logging_mixin.py:188} INFO - [2025-10-15T07:48:48.217+0000] {dag.py:3047} INFO - Sync 1 DAGs
[2025-10-15T07:48:48.236+0000] {logging_mixin.py:188} INFO - [2025-10-15T07:48:48.236+0000] {dag.py:3834} INFO - Setting next_dagrun for process-employees to 2025-10-14 00:00:00+00:00, run_after=2025-10-15 00:00:00+00:00
[2025-10-15T07:48:48.256+0000] {processor.py:183} INFO - Processing /opt/airflow/dags/postgresDag.py took 0.078 seconds
[2025-10-15T07:49:18.534+0000] {processor.py:161} INFO - Started process (PID=989) to work on /opt/airflow/dags/postgresDag.py
[2025-10-15T07:49:18.535+0000] {processor.py:830} INFO - Processing file /opt/airflow/dags/postgresDag.py for tasks to queue
[2025-10-15T07:49:18.536+0000] {logging_mixin.py:188} INFO - [2025-10-15T07:49:18.536+0000] {dagbag.py:540} INFO - Filling up the DagBag from /opt/airflow/dags/postgresDag.py
[2025-10-15T07:49:18.552+0000] {processor.py:840} INFO - DAG(s) 'process-employees' retrieved from /opt/airflow/dags/postgresDag.py
[2025-10-15T07:49:18.568+0000] {logging_mixin.py:188} INFO - [2025-10-15T07:49:18.568+0000] {dag.py:3047} INFO - Sync 1 DAGs
[2025-10-15T07:49:18.587+0000] {logging_mixin.py:188} INFO - [2025-10-15T07:49:18.587+0000] {dag.py:3834} INFO - Setting next_dagrun for process-employees to 2025-10-14 00:00:00+00:00, run_after=2025-10-15 00:00:00+00:00
[2025-10-15T07:49:18.604+0000] {processor.py:183} INFO - Processing /opt/airflow/dags/postgresDag.py took 0.073 seconds
[2025-10-15T07:49:48.923+0000] {processor.py:161} INFO - Started process (PID=1049) to work on /opt/airflow/dags/postgresDag.py
[2025-10-15T07:49:48.924+0000] {processor.py:830} INFO - Processing file /opt/airflow/dags/postgresDag.py for tasks to queue
[2025-10-15T07:49:48.926+0000] {logging_mixin.py:188} INFO - [2025-10-15T07:49:48.926+0000] {dagbag.py:540} INFO - Filling up the DagBag from /opt/airflow/dags/postgresDag.py
[2025-10-15T07:49:48.950+0000] {processor.py:840} INFO - DAG(s) 'process-employees' retrieved from /opt/airflow/dags/postgresDag.py
[2025-10-15T07:49:48.974+0000] {logging_mixin.py:188} INFO - [2025-10-15T07:49:48.973+0000] {dag.py:3047} INFO - Sync 1 DAGs
[2025-10-15T07:49:48.997+0000] {logging_mixin.py:188} INFO - [2025-10-15T07:49:48.996+0000] {dag.py:3834} INFO - Setting next_dagrun for process-employees to 2025-10-14 00:00:00+00:00, run_after=2025-10-15 00:00:00+00:00
[2025-10-15T07:49:49.015+0000] {processor.py:183} INFO - Processing /opt/airflow/dags/postgresDag.py took 0.094 seconds
[2025-10-15T07:50:19.845+0000] {processor.py:161} INFO - Started process (PID=1111) to work on /opt/airflow/dags/postgresDag.py
[2025-10-15T07:50:19.846+0000] {processor.py:830} INFO - Processing file /opt/airflow/dags/postgresDag.py for tasks to queue
[2025-10-15T07:50:19.848+0000] {logging_mixin.py:188} INFO - [2025-10-15T07:50:19.847+0000] {dagbag.py:540} INFO - Filling up the DagBag from /opt/airflow/dags/postgresDag.py
[2025-10-15T07:50:19.862+0000] {processor.py:840} INFO - DAG(s) 'process-employees' retrieved from /opt/airflow/dags/postgresDag.py
[2025-10-15T07:50:19.878+0000] {logging_mixin.py:188} INFO - [2025-10-15T07:50:19.878+0000] {dag.py:3047} INFO - Sync 1 DAGs
[2025-10-15T07:50:19.898+0000] {logging_mixin.py:188} INFO - [2025-10-15T07:50:19.898+0000] {dag.py:3834} INFO - Setting next_dagrun for process-employees to 2025-10-14 00:00:00+00:00, run_after=2025-10-15 00:00:00+00:00
[2025-10-15T07:50:19.915+0000] {processor.py:183} INFO - Processing /opt/airflow/dags/postgresDag.py took 0.073 seconds
[2025-10-15T07:50:50.731+0000] {processor.py:161} INFO - Started process (PID=1174) to work on /opt/airflow/dags/postgresDag.py
[2025-10-15T07:50:50.732+0000] {processor.py:830} INFO - Processing file /opt/airflow/dags/postgresDag.py for tasks to queue
[2025-10-15T07:50:50.734+0000] {logging_mixin.py:188} INFO - [2025-10-15T07:50:50.734+0000] {dagbag.py:540} INFO - Filling up the DagBag from /opt/airflow/dags/postgresDag.py
[2025-10-15T07:50:50.748+0000] {processor.py:840} INFO - DAG(s) 'process-employees' retrieved from /opt/airflow/dags/postgresDag.py
[2025-10-15T07:50:50.765+0000] {logging_mixin.py:188} INFO - [2025-10-15T07:50:50.765+0000] {dag.py:3047} INFO - Sync 1 DAGs
[2025-10-15T07:50:50.784+0000] {logging_mixin.py:188} INFO - [2025-10-15T07:50:50.784+0000] {dag.py:3834} INFO - Setting next_dagrun for process-employees to 2025-10-14 00:00:00+00:00, run_after=2025-10-15 00:00:00+00:00
[2025-10-15T07:50:50.802+0000] {processor.py:183} INFO - Processing /opt/airflow/dags/postgresDag.py took 0.073 seconds
[2025-10-15T07:51:20.835+0000] {processor.py:161} INFO - Started process (PID=1236) to work on /opt/airflow/dags/postgresDag.py
[2025-10-15T07:51:20.836+0000] {processor.py:830} INFO - Processing file /opt/airflow/dags/postgresDag.py for tasks to queue
[2025-10-15T07:51:20.838+0000] {logging_mixin.py:188} INFO - [2025-10-15T07:51:20.838+0000] {dagbag.py:540} INFO - Filling up the DagBag from /opt/airflow/dags/postgresDag.py
[2025-10-15T07:51:20.854+0000] {processor.py:840} INFO - DAG(s) 'process-employees' retrieved from /opt/airflow/dags/postgresDag.py
[2025-10-15T07:51:20.871+0000] {logging_mixin.py:188} INFO - [2025-10-15T07:51:20.871+0000] {dag.py:3047} INFO - Sync 1 DAGs
[2025-10-15T07:51:20.890+0000] {logging_mixin.py:188} INFO - [2025-10-15T07:51:20.890+0000] {dag.py:3834} INFO - Setting next_dagrun for process-employees to 2025-10-14 00:00:00+00:00, run_after=2025-10-15 00:00:00+00:00
[2025-10-15T07:51:20.907+0000] {processor.py:183} INFO - Processing /opt/airflow/dags/postgresDag.py took 0.074 seconds
[2025-10-15T07:51:51.042+0000] {processor.py:161} INFO - Started process (PID=1296) to work on /opt/airflow/dags/postgresDag.py
[2025-10-15T07:51:51.043+0000] {processor.py:830} INFO - Processing file /opt/airflow/dags/postgresDag.py for tasks to queue
[2025-10-15T07:51:51.045+0000] {logging_mixin.py:188} INFO - [2025-10-15T07:51:51.044+0000] {dagbag.py:540} INFO - Filling up the DagBag from /opt/airflow/dags/postgresDag.py
[2025-10-15T07:51:51.060+0000] {processor.py:840} INFO - DAG(s) 'process-employees' retrieved from /opt/airflow/dags/postgresDag.py
[2025-10-15T07:51:51.078+0000] {logging_mixin.py:188} INFO - [2025-10-15T07:51:51.078+0000] {dag.py:3047} INFO - Sync 1 DAGs
[2025-10-15T07:51:51.097+0000] {logging_mixin.py:188} INFO - [2025-10-15T07:51:51.097+0000] {dag.py:3834} INFO - Setting next_dagrun for process-employees to 2025-10-14 00:00:00+00:00, run_after=2025-10-15 00:00:00+00:00
[2025-10-15T07:51:51.115+0000] {processor.py:183} INFO - Processing /opt/airflow/dags/postgresDag.py took 0.076 seconds
[2025-10-15T07:52:21.492+0000] {processor.py:161} INFO - Started process (PID=1358) to work on /opt/airflow/dags/postgresDag.py
[2025-10-15T07:52:21.493+0000] {processor.py:830} INFO - Processing file /opt/airflow/dags/postgresDag.py for tasks to queue
[2025-10-15T07:52:21.494+0000] {logging_mixin.py:188} INFO - [2025-10-15T07:52:21.494+0000] {dagbag.py:540} INFO - Filling up the DagBag from /opt/airflow/dags/postgresDag.py
[2025-10-15T07:52:21.510+0000] {processor.py:840} INFO - DAG(s) 'process-employees' retrieved from /opt/airflow/dags/postgresDag.py
[2025-10-15T07:52:21.527+0000] {logging_mixin.py:188} INFO - [2025-10-15T07:52:21.527+0000] {dag.py:3047} INFO - Sync 1 DAGs
[2025-10-15T07:52:21.547+0000] {logging_mixin.py:188} INFO - [2025-10-15T07:52:21.547+0000] {dag.py:3834} INFO - Setting next_dagrun for process-employees to 2025-10-14 00:00:00+00:00, run_after=2025-10-15 00:00:00+00:00
[2025-10-15T07:52:21.565+0000] {processor.py:183} INFO - Processing /opt/airflow/dags/postgresDag.py took 0.076 seconds
[2025-10-15T07:52:51.667+0000] {processor.py:161} INFO - Started process (PID=1418) to work on /opt/airflow/dags/postgresDag.py
[2025-10-15T07:52:51.668+0000] {processor.py:830} INFO - Processing file /opt/airflow/dags/postgresDag.py for tasks to queue
[2025-10-15T07:52:51.670+0000] {logging_mixin.py:188} INFO - [2025-10-15T07:52:51.670+0000] {dagbag.py:540} INFO - Filling up the DagBag from /opt/airflow/dags/postgresDag.py
[2025-10-15T07:52:51.687+0000] {processor.py:840} INFO - DAG(s) 'process-employees' retrieved from /opt/airflow/dags/postgresDag.py
[2025-10-15T07:52:51.704+0000] {logging_mixin.py:188} INFO - [2025-10-15T07:52:51.704+0000] {dag.py:3047} INFO - Sync 1 DAGs
[2025-10-15T07:52:51.723+0000] {logging_mixin.py:188} INFO - [2025-10-15T07:52:51.723+0000] {dag.py:3834} INFO - Setting next_dagrun for process-employees to 2025-10-14 00:00:00+00:00, run_after=2025-10-15 00:00:00+00:00
[2025-10-15T07:52:51.740+0000] {processor.py:183} INFO - Processing /opt/airflow/dags/postgresDag.py took 0.076 seconds
[2025-10-15T07:53:21.851+0000] {processor.py:161} INFO - Started process (PID=1480) to work on /opt/airflow/dags/postgresDag.py
[2025-10-15T07:53:21.852+0000] {processor.py:830} INFO - Processing file /opt/airflow/dags/postgresDag.py for tasks to queue
[2025-10-15T07:53:21.854+0000] {logging_mixin.py:188} INFO - [2025-10-15T07:53:21.854+0000] {dagbag.py:540} INFO - Filling up the DagBag from /opt/airflow/dags/postgresDag.py
[2025-10-15T07:53:21.868+0000] {processor.py:840} INFO - DAG(s) 'process-employees' retrieved from /opt/airflow/dags/postgresDag.py
[2025-10-15T07:53:21.884+0000] {logging_mixin.py:188} INFO - [2025-10-15T07:53:21.884+0000] {dag.py:3047} INFO - Sync 1 DAGs
[2025-10-15T07:53:21.903+0000] {logging_mixin.py:188} INFO - [2025-10-15T07:53:21.902+0000] {dag.py:3834} INFO - Setting next_dagrun for process-employees to 2025-10-14 00:00:00+00:00, run_after=2025-10-15 00:00:00+00:00
[2025-10-15T07:53:21.920+0000] {processor.py:183} INFO - Processing /opt/airflow/dags/postgresDag.py took 0.072 seconds
[2025-10-15T07:53:52.280+0000] {processor.py:161} INFO - Started process (PID=1541) to work on /opt/airflow/dags/postgresDag.py
[2025-10-15T07:53:52.281+0000] {processor.py:830} INFO - Processing file /opt/airflow/dags/postgresDag.py for tasks to queue
[2025-10-15T07:53:52.282+0000] {logging_mixin.py:188} INFO - [2025-10-15T07:53:52.282+0000] {dagbag.py:540} INFO - Filling up the DagBag from /opt/airflow/dags/postgresDag.py
[2025-10-15T07:53:52.299+0000] {processor.py:840} INFO - DAG(s) 'process-employees' retrieved from /opt/airflow/dags/postgresDag.py
[2025-10-15T07:53:52.316+0000] {logging_mixin.py:188} INFO - [2025-10-15T07:53:52.316+0000] {dag.py:3047} INFO - Sync 1 DAGs
[2025-10-15T07:53:52.334+0000] {logging_mixin.py:188} INFO - [2025-10-15T07:53:52.334+0000] {dag.py:3834} INFO - Setting next_dagrun for process-employees to 2025-10-14 00:00:00+00:00, run_after=2025-10-15 00:00:00+00:00
[2025-10-15T07:53:52.353+0000] {processor.py:183} INFO - Processing /opt/airflow/dags/postgresDag.py took 0.075 seconds
[2025-10-15T07:54:22.659+0000] {processor.py:161} INFO - Started process (PID=1602) to work on /opt/airflow/dags/postgresDag.py
[2025-10-15T07:54:22.660+0000] {processor.py:830} INFO - Processing file /opt/airflow/dags/postgresDag.py for tasks to queue
[2025-10-15T07:54:22.661+0000] {logging_mixin.py:188} INFO - [2025-10-15T07:54:22.661+0000] {dagbag.py:540} INFO - Filling up the DagBag from /opt/airflow/dags/postgresDag.py
[2025-10-15T07:54:22.678+0000] {processor.py:840} INFO - DAG(s) 'process-employees' retrieved from /opt/airflow/dags/postgresDag.py
[2025-10-15T07:54:22.695+0000] {logging_mixin.py:188} INFO - [2025-10-15T07:54:22.695+0000] {dag.py:3047} INFO - Sync 1 DAGs
[2025-10-15T07:54:22.715+0000] {logging_mixin.py:188} INFO - [2025-10-15T07:54:22.715+0000] {dag.py:3834} INFO - Setting next_dagrun for process-employees to 2025-10-14 00:00:00+00:00, run_after=2025-10-15 00:00:00+00:00
[2025-10-15T07:54:22.737+0000] {processor.py:183} INFO - Processing /opt/airflow/dags/postgresDag.py took 0.081 seconds
[2025-10-15T07:54:53.029+0000] {processor.py:161} INFO - Started process (PID=1662) to work on /opt/airflow/dags/postgresDag.py
[2025-10-15T07:54:53.030+0000] {processor.py:830} INFO - Processing file /opt/airflow/dags/postgresDag.py for tasks to queue
[2025-10-15T07:54:53.031+0000] {logging_mixin.py:188} INFO - [2025-10-15T07:54:53.031+0000] {dagbag.py:540} INFO - Filling up the DagBag from /opt/airflow/dags/postgresDag.py
[2025-10-15T07:54:53.048+0000] {processor.py:840} INFO - DAG(s) 'process-employees' retrieved from /opt/airflow/dags/postgresDag.py
[2025-10-15T07:54:53.067+0000] {logging_mixin.py:188} INFO - [2025-10-15T07:54:53.067+0000] {dag.py:3047} INFO - Sync 1 DAGs
[2025-10-15T07:54:53.088+0000] {logging_mixin.py:188} INFO - [2025-10-15T07:54:53.088+0000] {dag.py:3834} INFO - Setting next_dagrun for process-employees to 2025-10-14 00:00:00+00:00, run_after=2025-10-15 00:00:00+00:00
[2025-10-15T07:54:53.107+0000] {processor.py:183} INFO - Processing /opt/airflow/dags/postgresDag.py took 0.081 seconds
[2025-10-15T07:55:23.252+0000] {processor.py:161} INFO - Started process (PID=1724) to work on /opt/airflow/dags/postgresDag.py
[2025-10-15T07:55:23.252+0000] {processor.py:830} INFO - Processing file /opt/airflow/dags/postgresDag.py for tasks to queue
[2025-10-15T07:55:23.254+0000] {logging_mixin.py:188} INFO - [2025-10-15T07:55:23.254+0000] {dagbag.py:540} INFO - Filling up the DagBag from /opt/airflow/dags/postgresDag.py
[2025-10-15T07:55:23.276+0000] {processor.py:840} INFO - DAG(s) 'process-employees' retrieved from /opt/airflow/dags/postgresDag.py
[2025-10-15T07:55:23.295+0000] {logging_mixin.py:188} INFO - [2025-10-15T07:55:23.295+0000] {dag.py:3047} INFO - Sync 1 DAGs
[2025-10-15T07:55:23.323+0000] {logging_mixin.py:188} INFO - [2025-10-15T07:55:23.322+0000] {dag.py:3834} INFO - Setting next_dagrun for process-employees to 2025-10-14 00:00:00+00:00, run_after=2025-10-15 00:00:00+00:00
[2025-10-15T07:55:23.340+0000] {processor.py:183} INFO - Processing /opt/airflow/dags/postgresDag.py took 0.091 seconds
[2025-10-15T07:55:53.846+0000] {processor.py:161} INFO - Started process (PID=1785) to work on /opt/airflow/dags/postgresDag.py
[2025-10-15T07:55:53.846+0000] {processor.py:830} INFO - Processing file /opt/airflow/dags/postgresDag.py for tasks to queue
[2025-10-15T07:55:53.848+0000] {logging_mixin.py:188} INFO - [2025-10-15T07:55:53.848+0000] {dagbag.py:540} INFO - Filling up the DagBag from /opt/airflow/dags/postgresDag.py
[2025-10-15T07:55:53.864+0000] {processor.py:840} INFO - DAG(s) 'process-employees' retrieved from /opt/airflow/dags/postgresDag.py
[2025-10-15T07:55:53.881+0000] {logging_mixin.py:188} INFO - [2025-10-15T07:55:53.881+0000] {dag.py:3047} INFO - Sync 1 DAGs
[2025-10-15T07:55:53.901+0000] {logging_mixin.py:188} INFO - [2025-10-15T07:55:53.900+0000] {dag.py:3834} INFO - Setting next_dagrun for process-employees to 2025-10-14 00:00:00+00:00, run_after=2025-10-15 00:00:00+00:00
[2025-10-15T07:55:53.919+0000] {processor.py:183} INFO - Processing /opt/airflow/dags/postgresDag.py took 0.076 seconds
[2025-10-15T07:56:23.980+0000] {processor.py:161} INFO - Started process (PID=1845) to work on /opt/airflow/dags/postgresDag.py
[2025-10-15T07:56:23.981+0000] {processor.py:830} INFO - Processing file /opt/airflow/dags/postgresDag.py for tasks to queue
[2025-10-15T07:56:23.983+0000] {logging_mixin.py:188} INFO - [2025-10-15T07:56:23.982+0000] {dagbag.py:540} INFO - Filling up the DagBag from /opt/airflow/dags/postgresDag.py
[2025-10-15T07:56:24.000+0000] {processor.py:840} INFO - DAG(s) 'process-employees' retrieved from /opt/airflow/dags/postgresDag.py
[2025-10-15T07:56:24.016+0000] {logging_mixin.py:188} INFO - [2025-10-15T07:56:24.015+0000] {dag.py:3047} INFO - Sync 1 DAGs
[2025-10-15T07:56:24.035+0000] {logging_mixin.py:188} INFO - [2025-10-15T07:56:24.034+0000] {dag.py:3834} INFO - Setting next_dagrun for process-employees to 2025-10-14 00:00:00+00:00, run_after=2025-10-15 00:00:00+00:00
[2025-10-15T07:56:24.051+0000] {processor.py:183} INFO - Processing /opt/airflow/dags/postgresDag.py took 0.073 seconds
[2025-10-15T07:56:54.334+0000] {processor.py:161} INFO - Started process (PID=1905) to work on /opt/airflow/dags/postgresDag.py
[2025-10-15T07:56:54.335+0000] {processor.py:830} INFO - Processing file /opt/airflow/dags/postgresDag.py for tasks to queue
[2025-10-15T07:56:54.336+0000] {logging_mixin.py:188} INFO - [2025-10-15T07:56:54.336+0000] {dagbag.py:540} INFO - Filling up the DagBag from /opt/airflow/dags/postgresDag.py
[2025-10-15T07:56:54.354+0000] {processor.py:840} INFO - DAG(s) 'process-employees' retrieved from /opt/airflow/dags/postgresDag.py
[2025-10-15T07:56:54.370+0000] {logging_mixin.py:188} INFO - [2025-10-15T07:56:54.370+0000] {dag.py:3047} INFO - Sync 1 DAGs
[2025-10-15T07:56:54.391+0000] {logging_mixin.py:188} INFO - [2025-10-15T07:56:54.390+0000] {dag.py:3834} INFO - Setting next_dagrun for process-employees to 2025-10-14 00:00:00+00:00, run_after=2025-10-15 00:00:00+00:00
[2025-10-15T07:56:54.408+0000] {processor.py:183} INFO - Processing /opt/airflow/dags/postgresDag.py took 0.076 seconds
[2025-10-15T07:57:24.504+0000] {processor.py:161} INFO - Started process (PID=1966) to work on /opt/airflow/dags/postgresDag.py
[2025-10-15T07:57:24.505+0000] {processor.py:830} INFO - Processing file /opt/airflow/dags/postgresDag.py for tasks to queue
[2025-10-15T07:57:24.507+0000] {logging_mixin.py:188} INFO - [2025-10-15T07:57:24.507+0000] {dagbag.py:540} INFO - Filling up the DagBag from /opt/airflow/dags/postgresDag.py
[2025-10-15T07:57:24.526+0000] {processor.py:840} INFO - DAG(s) 'process-employees' retrieved from /opt/airflow/dags/postgresDag.py
[2025-10-15T07:57:24.542+0000] {logging_mixin.py:188} INFO - [2025-10-15T07:57:24.542+0000] {dag.py:3047} INFO - Sync 1 DAGs
[2025-10-15T07:57:24.562+0000] {logging_mixin.py:188} INFO - [2025-10-15T07:57:24.562+0000] {dag.py:3834} INFO - Setting next_dagrun for process-employees to 2025-10-14 00:00:00+00:00, run_after=2025-10-15 00:00:00+00:00
[2025-10-15T07:57:24.579+0000] {processor.py:183} INFO - Processing /opt/airflow/dags/postgresDag.py took 0.078 seconds
[2025-10-15T07:57:54.668+0000] {processor.py:161} INFO - Started process (PID=2027) to work on /opt/airflow/dags/postgresDag.py
[2025-10-15T07:57:54.669+0000] {processor.py:830} INFO - Processing file /opt/airflow/dags/postgresDag.py for tasks to queue
[2025-10-15T07:57:54.670+0000] {logging_mixin.py:188} INFO - [2025-10-15T07:57:54.670+0000] {dagbag.py:540} INFO - Filling up the DagBag from /opt/airflow/dags/postgresDag.py
[2025-10-15T07:57:54.688+0000] {processor.py:840} INFO - DAG(s) 'process-employees' retrieved from /opt/airflow/dags/postgresDag.py
[2025-10-15T07:57:54.704+0000] {logging_mixin.py:188} INFO - [2025-10-15T07:57:54.704+0000] {dag.py:3047} INFO - Sync 1 DAGs
[2025-10-15T07:57:54.722+0000] {logging_mixin.py:188} INFO - [2025-10-15T07:57:54.722+0000] {dag.py:3834} INFO - Setting next_dagrun for process-employees to 2025-10-14 00:00:00+00:00, run_after=2025-10-15 00:00:00+00:00
[2025-10-15T07:57:54.740+0000] {processor.py:183} INFO - Processing /opt/airflow/dags/postgresDag.py took 0.075 seconds
[2025-10-15T07:58:25.596+0000] {processor.py:161} INFO - Started process (PID=2086) to work on /opt/airflow/dags/postgresDag.py
[2025-10-15T07:58:25.597+0000] {processor.py:830} INFO - Processing file /opt/airflow/dags/postgresDag.py for tasks to queue
[2025-10-15T07:58:25.598+0000] {logging_mixin.py:188} INFO - [2025-10-15T07:58:25.598+0000] {dagbag.py:540} INFO - Filling up the DagBag from /opt/airflow/dags/postgresDag.py
[2025-10-15T07:58:25.616+0000] {processor.py:840} INFO - DAG(s) 'process-employees' retrieved from /opt/airflow/dags/postgresDag.py
[2025-10-15T07:58:25.634+0000] {logging_mixin.py:188} INFO - [2025-10-15T07:58:25.634+0000] {dag.py:3047} INFO - Sync 1 DAGs
[2025-10-15T07:58:25.654+0000] {logging_mixin.py:188} INFO - [2025-10-15T07:58:25.654+0000] {dag.py:3834} INFO - Setting next_dagrun for process-employees to 2025-10-14 00:00:00+00:00, run_after=2025-10-15 00:00:00+00:00
[2025-10-15T07:58:25.673+0000] {processor.py:183} INFO - Processing /opt/airflow/dags/postgresDag.py took 0.079 seconds
[2025-10-15T07:58:55.969+0000] {processor.py:161} INFO - Started process (PID=2147) to work on /opt/airflow/dags/postgresDag.py
[2025-10-15T07:58:55.970+0000] {processor.py:830} INFO - Processing file /opt/airflow/dags/postgresDag.py for tasks to queue
[2025-10-15T07:58:55.971+0000] {logging_mixin.py:188} INFO - [2025-10-15T07:58:55.971+0000] {dagbag.py:540} INFO - Filling up the DagBag from /opt/airflow/dags/postgresDag.py
[2025-10-15T07:58:55.988+0000] {processor.py:840} INFO - DAG(s) 'process-employees' retrieved from /opt/airflow/dags/postgresDag.py
[2025-10-15T07:58:56.005+0000] {logging_mixin.py:188} INFO - [2025-10-15T07:58:56.004+0000] {dag.py:3047} INFO - Sync 1 DAGs
[2025-10-15T07:58:56.027+0000] {logging_mixin.py:188} INFO - [2025-10-15T07:58:56.026+0000] {dag.py:3834} INFO - Setting next_dagrun for process-employees to 2025-10-14 00:00:00+00:00, run_after=2025-10-15 00:00:00+00:00
[2025-10-15T07:58:56.043+0000] {processor.py:183} INFO - Processing /opt/airflow/dags/postgresDag.py took 0.077 seconds
[2025-10-15T07:59:26.121+0000] {processor.py:161} INFO - Started process (PID=2207) to work on /opt/airflow/dags/postgresDag.py
[2025-10-15T07:59:26.122+0000] {processor.py:830} INFO - Processing file /opt/airflow/dags/postgresDag.py for tasks to queue
[2025-10-15T07:59:26.124+0000] {logging_mixin.py:188} INFO - [2025-10-15T07:59:26.124+0000] {dagbag.py:540} INFO - Filling up the DagBag from /opt/airflow/dags/postgresDag.py
[2025-10-15T07:59:26.138+0000] {processor.py:840} INFO - DAG(s) 'process-employees' retrieved from /opt/airflow/dags/postgresDag.py
[2025-10-15T07:59:26.154+0000] {logging_mixin.py:188} INFO - [2025-10-15T07:59:26.154+0000] {dag.py:3047} INFO - Sync 1 DAGs
[2025-10-15T07:59:26.174+0000] {logging_mixin.py:188} INFO - [2025-10-15T07:59:26.174+0000] {dag.py:3834} INFO - Setting next_dagrun for process-employees to 2025-10-14 00:00:00+00:00, run_after=2025-10-15 00:00:00+00:00
[2025-10-15T07:59:26.189+0000] {processor.py:183} INFO - Processing /opt/airflow/dags/postgresDag.py took 0.070 seconds
[2025-10-15T07:59:56.301+0000] {processor.py:161} INFO - Started process (PID=2266) to work on /opt/airflow/dags/postgresDag.py
[2025-10-15T07:59:56.302+0000] {processor.py:830} INFO - Processing file /opt/airflow/dags/postgresDag.py for tasks to queue
[2025-10-15T07:59:56.303+0000] {logging_mixin.py:188} INFO - [2025-10-15T07:59:56.303+0000] {dagbag.py:540} INFO - Filling up the DagBag from /opt/airflow/dags/postgresDag.py
[2025-10-15T07:59:56.321+0000] {processor.py:840} INFO - DAG(s) 'process-employees' retrieved from /opt/airflow/dags/postgresDag.py
[2025-10-15T07:59:56.341+0000] {logging_mixin.py:188} INFO - [2025-10-15T07:59:56.341+0000] {dag.py:3047} INFO - Sync 1 DAGs
[2025-10-15T07:59:56.362+0000] {logging_mixin.py:188} INFO - [2025-10-15T07:59:56.362+0000] {dag.py:3834} INFO - Setting next_dagrun for process-employees to 2025-10-14 00:00:00+00:00, run_after=2025-10-15 00:00:00+00:00
[2025-10-15T07:59:56.382+0000] {processor.py:183} INFO - Processing /opt/airflow/dags/postgresDag.py took 0.084 seconds
[2025-10-15T08:00:26.678+0000] {processor.py:161} INFO - Started process (PID=2327) to work on /opt/airflow/dags/postgresDag.py
[2025-10-15T08:00:26.679+0000] {processor.py:830} INFO - Processing file /opt/airflow/dags/postgresDag.py for tasks to queue
[2025-10-15T08:00:26.680+0000] {logging_mixin.py:188} INFO - [2025-10-15T08:00:26.680+0000] {dagbag.py:540} INFO - Filling up the DagBag from /opt/airflow/dags/postgresDag.py
[2025-10-15T08:00:26.700+0000] {processor.py:840} INFO - DAG(s) 'process-employees' retrieved from /opt/airflow/dags/postgresDag.py
[2025-10-15T08:00:26.729+0000] {logging_mixin.py:188} INFO - [2025-10-15T08:00:26.728+0000] {dag.py:3047} INFO - Sync 1 DAGs
[2025-10-15T08:00:26.755+0000] {logging_mixin.py:188} INFO - [2025-10-15T08:00:26.754+0000] {dag.py:3834} INFO - Setting next_dagrun for process-employees to 2025-10-14 00:00:00+00:00, run_after=2025-10-15 00:00:00+00:00
[2025-10-15T08:00:26.776+0000] {processor.py:183} INFO - Processing /opt/airflow/dags/postgresDag.py took 0.100 seconds
[2025-10-15T08:00:57.308+0000] {processor.py:161} INFO - Started process (PID=2390) to work on /opt/airflow/dags/postgresDag.py
[2025-10-15T08:00:57.309+0000] {processor.py:830} INFO - Processing file /opt/airflow/dags/postgresDag.py for tasks to queue
[2025-10-15T08:00:57.310+0000] {logging_mixin.py:188} INFO - [2025-10-15T08:00:57.309+0000] {dagbag.py:540} INFO - Filling up the DagBag from /opt/airflow/dags/postgresDag.py
[2025-10-15T08:00:57.327+0000] {processor.py:840} INFO - DAG(s) 'process-employees' retrieved from /opt/airflow/dags/postgresDag.py
[2025-10-15T08:00:57.344+0000] {logging_mixin.py:188} INFO - [2025-10-15T08:00:57.344+0000] {dag.py:3047} INFO - Sync 1 DAGs
[2025-10-15T08:00:57.363+0000] {logging_mixin.py:188} INFO - [2025-10-15T08:00:57.363+0000] {dag.py:3834} INFO - Setting next_dagrun for process-employees to 2025-10-14 00:00:00+00:00, run_after=2025-10-15 00:00:00+00:00
[2025-10-15T08:00:57.380+0000] {processor.py:183} INFO - Processing /opt/airflow/dags/postgresDag.py took 0.075 seconds
[2025-10-15T08:01:27.627+0000] {processor.py:161} INFO - Started process (PID=2453) to work on /opt/airflow/dags/postgresDag.py
[2025-10-15T08:01:27.628+0000] {processor.py:830} INFO - Processing file /opt/airflow/dags/postgresDag.py for tasks to queue
[2025-10-15T08:01:27.628+0000] {logging_mixin.py:188} INFO - [2025-10-15T08:01:27.628+0000] {dagbag.py:540} INFO - Filling up the DagBag from /opt/airflow/dags/postgresDag.py
[2025-10-15T08:01:27.644+0000] {processor.py:840} INFO - DAG(s) 'process-employees' retrieved from /opt/airflow/dags/postgresDag.py
[2025-10-15T08:01:27.660+0000] {logging_mixin.py:188} INFO - [2025-10-15T08:01:27.660+0000] {dag.py:3047} INFO - Sync 1 DAGs
[2025-10-15T08:01:27.679+0000] {logging_mixin.py:188} INFO - [2025-10-15T08:01:27.679+0000] {dag.py:3834} INFO - Setting next_dagrun for process-employees to 2025-10-14 00:00:00+00:00, run_after=2025-10-15 00:00:00+00:00
[2025-10-15T08:01:27.696+0000] {processor.py:183} INFO - Processing /opt/airflow/dags/postgresDag.py took 0.072 seconds
[2025-10-15T08:01:57.903+0000] {processor.py:161} INFO - Started process (PID=2513) to work on /opt/airflow/dags/postgresDag.py
[2025-10-15T08:01:57.904+0000] {processor.py:830} INFO - Processing file /opt/airflow/dags/postgresDag.py for tasks to queue
[2025-10-15T08:01:57.905+0000] {logging_mixin.py:188} INFO - [2025-10-15T08:01:57.905+0000] {dagbag.py:540} INFO - Filling up the DagBag from /opt/airflow/dags/postgresDag.py
[2025-10-15T08:01:57.922+0000] {processor.py:840} INFO - DAG(s) 'process-employees' retrieved from /opt/airflow/dags/postgresDag.py
[2025-10-15T08:01:57.939+0000] {logging_mixin.py:188} INFO - [2025-10-15T08:01:57.939+0000] {dag.py:3047} INFO - Sync 1 DAGs
[2025-10-15T08:01:57.958+0000] {logging_mixin.py:188} INFO - [2025-10-15T08:01:57.958+0000] {dag.py:3834} INFO - Setting next_dagrun for process-employees to 2025-10-14 00:00:00+00:00, run_after=2025-10-15 00:00:00+00:00
[2025-10-15T08:01:57.975+0000] {processor.py:183} INFO - Processing /opt/airflow/dags/postgresDag.py took 0.075 seconds
[2025-10-15T08:02:28.630+0000] {processor.py:161} INFO - Started process (PID=2575) to work on /opt/airflow/dags/postgresDag.py
[2025-10-15T08:02:28.631+0000] {processor.py:830} INFO - Processing file /opt/airflow/dags/postgresDag.py for tasks to queue
[2025-10-15T08:02:28.632+0000] {logging_mixin.py:188} INFO - [2025-10-15T08:02:28.632+0000] {dagbag.py:540} INFO - Filling up the DagBag from /opt/airflow/dags/postgresDag.py
[2025-10-15T08:02:28.650+0000] {processor.py:840} INFO - DAG(s) 'process-employees' retrieved from /opt/airflow/dags/postgresDag.py
[2025-10-15T08:02:28.667+0000] {logging_mixin.py:188} INFO - [2025-10-15T08:02:28.667+0000] {dag.py:3047} INFO - Sync 1 DAGs
[2025-10-15T08:02:28.687+0000] {logging_mixin.py:188} INFO - [2025-10-15T08:02:28.687+0000] {dag.py:3834} INFO - Setting next_dagrun for process-employees to 2025-10-14 00:00:00+00:00, run_after=2025-10-15 00:00:00+00:00
[2025-10-15T08:02:28.705+0000] {processor.py:183} INFO - Processing /opt/airflow/dags/postgresDag.py took 0.077 seconds
[2025-10-15T08:02:59.194+0000] {processor.py:161} INFO - Started process (PID=2636) to work on /opt/airflow/dags/postgresDag.py
[2025-10-15T08:02:59.195+0000] {processor.py:830} INFO - Processing file /opt/airflow/dags/postgresDag.py for tasks to queue
[2025-10-15T08:02:59.195+0000] {logging_mixin.py:188} INFO - [2025-10-15T08:02:59.195+0000] {dagbag.py:540} INFO - Filling up the DagBag from /opt/airflow/dags/postgresDag.py
[2025-10-15T08:02:59.210+0000] {processor.py:840} INFO - DAG(s) 'process-employees' retrieved from /opt/airflow/dags/postgresDag.py
[2025-10-15T08:02:59.227+0000] {logging_mixin.py:188} INFO - [2025-10-15T08:02:59.227+0000] {dag.py:3047} INFO - Sync 1 DAGs
[2025-10-15T08:02:59.250+0000] {logging_mixin.py:188} INFO - [2025-10-15T08:02:59.249+0000] {dag.py:3834} INFO - Setting next_dagrun for process-employees to 2025-10-14 00:00:00+00:00, run_after=2025-10-15 00:00:00+00:00
[2025-10-15T08:02:59.268+0000] {processor.py:183} INFO - Processing /opt/airflow/dags/postgresDag.py took 0.077 seconds
