[2025-10-15T13:06:27.650+0000] {processor.py:161} INFO - Started process (PID=84) to work on /opt/airflow/dags/pyspark_project_stop_processes.py
[2025-10-15T13:06:27.651+0000] {processor.py:830} INFO - Processing file /opt/airflow/dags/pyspark_project_stop_processes.py for tasks to queue
[2025-10-15T13:06:27.654+0000] {logging_mixin.py:188} INFO - [2025-10-15T13:06:27.653+0000] {dagbag.py:540} INFO - Filling up the DagBag from /opt/airflow/dags/pyspark_project_stop_processes.py
[2025-10-15T13:06:27.711+0000] {processor.py:840} INFO - DAG(s) 'pyspark_project_stop_processes' retrieved from /opt/airflow/dags/pyspark_project_stop_processes.py
[2025-10-15T13:06:27.952+0000] {logging_mixin.py:188} INFO - [2025-10-15T13:06:27.952+0000] {dag.py:3047} INFO - Sync 1 DAGs
[2025-10-15T13:06:27.965+0000] {logging_mixin.py:188} INFO - [2025-10-15T13:06:27.965+0000] {dag.py:3834} INFO - Setting next_dagrun for pyspark_project_stop_processes to None, run_after=None
[2025-10-15T13:06:27.993+0000] {processor.py:183} INFO - Processing /opt/airflow/dags/pyspark_project_stop_processes.py took 0.351 seconds
[2025-10-15T13:06:58.069+0000] {processor.py:161} INFO - Started process (PID=144) to work on /opt/airflow/dags/pyspark_project_stop_processes.py
[2025-10-15T13:06:58.070+0000] {processor.py:830} INFO - Processing file /opt/airflow/dags/pyspark_project_stop_processes.py for tasks to queue
[2025-10-15T13:06:58.071+0000] {logging_mixin.py:188} INFO - [2025-10-15T13:06:58.071+0000] {dagbag.py:540} INFO - Filling up the DagBag from /opt/airflow/dags/pyspark_project_stop_processes.py
[2025-10-15T13:06:58.090+0000] {processor.py:840} INFO - DAG(s) 'pyspark_project_stop_processes' retrieved from /opt/airflow/dags/pyspark_project_stop_processes.py
[2025-10-15T13:06:58.106+0000] {logging_mixin.py:188} INFO - [2025-10-15T13:06:58.105+0000] {dag.py:3047} INFO - Sync 1 DAGs
[2025-10-15T13:06:58.116+0000] {logging_mixin.py:188} INFO - [2025-10-15T13:06:58.116+0000] {dag.py:3834} INFO - Setting next_dagrun for pyspark_project_stop_processes to None, run_after=None
[2025-10-15T13:06:58.134+0000] {processor.py:183} INFO - Processing /opt/airflow/dags/pyspark_project_stop_processes.py took 0.068 seconds
[2025-10-15T13:07:28.216+0000] {processor.py:161} INFO - Started process (PID=205) to work on /opt/airflow/dags/pyspark_project_stop_processes.py
[2025-10-15T13:07:28.217+0000] {processor.py:830} INFO - Processing file /opt/airflow/dags/pyspark_project_stop_processes.py for tasks to queue
[2025-10-15T13:07:28.218+0000] {logging_mixin.py:188} INFO - [2025-10-15T13:07:28.218+0000] {dagbag.py:540} INFO - Filling up the DagBag from /opt/airflow/dags/pyspark_project_stop_processes.py
[2025-10-15T13:07:28.234+0000] {processor.py:840} INFO - DAG(s) 'pyspark_project_stop_processes' retrieved from /opt/airflow/dags/pyspark_project_stop_processes.py
[2025-10-15T13:07:28.250+0000] {logging_mixin.py:188} INFO - [2025-10-15T13:07:28.250+0000] {dag.py:3047} INFO - Sync 1 DAGs
[2025-10-15T13:07:28.261+0000] {logging_mixin.py:188} INFO - [2025-10-15T13:07:28.261+0000] {dag.py:3834} INFO - Setting next_dagrun for pyspark_project_stop_processes to None, run_after=None
[2025-10-15T13:07:28.276+0000] {processor.py:183} INFO - Processing /opt/airflow/dags/pyspark_project_stop_processes.py took 0.063 seconds
[2025-10-15T13:07:58.340+0000] {processor.py:161} INFO - Started process (PID=265) to work on /opt/airflow/dags/pyspark_project_stop_processes.py
[2025-10-15T13:07:58.340+0000] {processor.py:830} INFO - Processing file /opt/airflow/dags/pyspark_project_stop_processes.py for tasks to queue
[2025-10-15T13:07:58.342+0000] {logging_mixin.py:188} INFO - [2025-10-15T13:07:58.342+0000] {dagbag.py:540} INFO - Filling up the DagBag from /opt/airflow/dags/pyspark_project_stop_processes.py
[2025-10-15T13:07:58.358+0000] {processor.py:840} INFO - DAG(s) 'pyspark_project_stop_processes' retrieved from /opt/airflow/dags/pyspark_project_stop_processes.py
[2025-10-15T13:07:58.374+0000] {logging_mixin.py:188} INFO - [2025-10-15T13:07:58.374+0000] {dag.py:3047} INFO - Sync 1 DAGs
[2025-10-15T13:07:58.384+0000] {logging_mixin.py:188} INFO - [2025-10-15T13:07:58.384+0000] {dag.py:3834} INFO - Setting next_dagrun for pyspark_project_stop_processes to None, run_after=None
[2025-10-15T13:07:58.401+0000] {processor.py:183} INFO - Processing /opt/airflow/dags/pyspark_project_stop_processes.py took 0.064 seconds
[2025-10-15T13:08:28.540+0000] {processor.py:161} INFO - Started process (PID=325) to work on /opt/airflow/dags/pyspark_project_stop_processes.py
[2025-10-15T13:08:28.541+0000] {processor.py:830} INFO - Processing file /opt/airflow/dags/pyspark_project_stop_processes.py for tasks to queue
[2025-10-15T13:08:28.543+0000] {logging_mixin.py:188} INFO - [2025-10-15T13:08:28.542+0000] {dagbag.py:540} INFO - Filling up the DagBag from /opt/airflow/dags/pyspark_project_stop_processes.py
[2025-10-15T13:08:28.557+0000] {processor.py:840} INFO - DAG(s) 'pyspark_project_stop_processes' retrieved from /opt/airflow/dags/pyspark_project_stop_processes.py
[2025-10-15T13:08:28.573+0000] {logging_mixin.py:188} INFO - [2025-10-15T13:08:28.573+0000] {dag.py:3047} INFO - Sync 1 DAGs
[2025-10-15T13:08:28.584+0000] {logging_mixin.py:188} INFO - [2025-10-15T13:08:28.584+0000] {dag.py:3834} INFO - Setting next_dagrun for pyspark_project_stop_processes to None, run_after=None
[2025-10-15T13:08:28.600+0000] {processor.py:183} INFO - Processing /opt/airflow/dags/pyspark_project_stop_processes.py took 0.062 seconds
[2025-10-15T13:14:02.064+0000] {processor.py:161} INFO - Started process (PID=82) to work on /opt/airflow/dags/pyspark_project_stop_processes.py
[2025-10-15T13:14:02.065+0000] {processor.py:830} INFO - Processing file /opt/airflow/dags/pyspark_project_stop_processes.py for tasks to queue
[2025-10-15T13:14:02.067+0000] {logging_mixin.py:188} INFO - [2025-10-15T13:14:02.067+0000] {dagbag.py:540} INFO - Filling up the DagBag from /opt/airflow/dags/pyspark_project_stop_processes.py
[2025-10-15T13:14:02.084+0000] {processor.py:840} INFO - DAG(s) 'pyspark_project_stop_processes' retrieved from /opt/airflow/dags/pyspark_project_stop_processes.py
[2025-10-15T13:14:02.259+0000] {logging_mixin.py:188} INFO - [2025-10-15T13:14:02.258+0000] {dag.py:3047} INFO - Sync 1 DAGs
[2025-10-15T13:14:02.269+0000] {logging_mixin.py:188} INFO - [2025-10-15T13:14:02.269+0000] {dag.py:3834} INFO - Setting next_dagrun for pyspark_project_stop_processes to None, run_after=None
[2025-10-15T13:14:02.288+0000] {processor.py:183} INFO - Processing /opt/airflow/dags/pyspark_project_stop_processes.py took 0.227 seconds
[2025-10-15T13:14:32.985+0000] {processor.py:161} INFO - Started process (PID=142) to work on /opt/airflow/dags/pyspark_project_stop_processes.py
[2025-10-15T13:14:32.986+0000] {processor.py:830} INFO - Processing file /opt/airflow/dags/pyspark_project_stop_processes.py for tasks to queue
[2025-10-15T13:14:32.987+0000] {logging_mixin.py:188} INFO - [2025-10-15T13:14:32.987+0000] {dagbag.py:540} INFO - Filling up the DagBag from /opt/airflow/dags/pyspark_project_stop_processes.py
[2025-10-15T13:14:33.000+0000] {processor.py:840} INFO - DAG(s) 'pyspark_project_stop_processes' retrieved from /opt/airflow/dags/pyspark_project_stop_processes.py
[2025-10-15T13:14:33.016+0000] {logging_mixin.py:188} INFO - [2025-10-15T13:14:33.016+0000] {dag.py:3047} INFO - Sync 1 DAGs
[2025-10-15T13:14:33.028+0000] {logging_mixin.py:188} INFO - [2025-10-15T13:14:33.027+0000] {dag.py:3834} INFO - Setting next_dagrun for pyspark_project_stop_processes to None, run_after=None
[2025-10-15T13:14:33.045+0000] {processor.py:183} INFO - Processing /opt/airflow/dags/pyspark_project_stop_processes.py took 0.062 seconds
[2025-10-15T13:15:03.585+0000] {processor.py:161} INFO - Started process (PID=208) to work on /opt/airflow/dags/pyspark_project_stop_processes.py
[2025-10-15T13:15:03.586+0000] {processor.py:830} INFO - Processing file /opt/airflow/dags/pyspark_project_stop_processes.py for tasks to queue
[2025-10-15T13:15:03.588+0000] {logging_mixin.py:188} INFO - [2025-10-15T13:15:03.588+0000] {dagbag.py:540} INFO - Filling up the DagBag from /opt/airflow/dags/pyspark_project_stop_processes.py
[2025-10-15T13:15:03.602+0000] {processor.py:840} INFO - DAG(s) 'pyspark_project_stop_processes' retrieved from /opt/airflow/dags/pyspark_project_stop_processes.py
[2025-10-15T13:15:03.619+0000] {logging_mixin.py:188} INFO - [2025-10-15T13:15:03.619+0000] {dag.py:3047} INFO - Sync 1 DAGs
[2025-10-15T13:15:03.630+0000] {logging_mixin.py:188} INFO - [2025-10-15T13:15:03.630+0000] {dag.py:3834} INFO - Setting next_dagrun for pyspark_project_stop_processes to None, run_after=None
[2025-10-15T13:15:03.650+0000] {processor.py:183} INFO - Processing /opt/airflow/dags/pyspark_project_stop_processes.py took 0.068 seconds
[2025-10-15T13:15:33.906+0000] {processor.py:161} INFO - Started process (PID=268) to work on /opt/airflow/dags/pyspark_project_stop_processes.py
[2025-10-15T13:15:33.907+0000] {processor.py:830} INFO - Processing file /opt/airflow/dags/pyspark_project_stop_processes.py for tasks to queue
[2025-10-15T13:15:33.909+0000] {logging_mixin.py:188} INFO - [2025-10-15T13:15:33.909+0000] {dagbag.py:540} INFO - Filling up the DagBag from /opt/airflow/dags/pyspark_project_stop_processes.py
[2025-10-15T13:15:33.926+0000] {processor.py:840} INFO - DAG(s) 'pyspark_project_stop_processes' retrieved from /opt/airflow/dags/pyspark_project_stop_processes.py
[2025-10-15T13:15:33.947+0000] {logging_mixin.py:188} INFO - [2025-10-15T13:15:33.946+0000] {dag.py:3047} INFO - Sync 1 DAGs
[2025-10-15T13:15:33.960+0000] {logging_mixin.py:188} INFO - [2025-10-15T13:15:33.959+0000] {dag.py:3834} INFO - Setting next_dagrun for pyspark_project_stop_processes to None, run_after=None
[2025-10-15T13:15:33.978+0000] {processor.py:183} INFO - Processing /opt/airflow/dags/pyspark_project_stop_processes.py took 0.076 seconds
[2025-10-15T13:16:04.198+0000] {processor.py:161} INFO - Started process (PID=328) to work on /opt/airflow/dags/pyspark_project_stop_processes.py
[2025-10-15T13:16:04.200+0000] {processor.py:830} INFO - Processing file /opt/airflow/dags/pyspark_project_stop_processes.py for tasks to queue
[2025-10-15T13:16:04.201+0000] {logging_mixin.py:188} INFO - [2025-10-15T13:16:04.201+0000] {dagbag.py:540} INFO - Filling up the DagBag from /opt/airflow/dags/pyspark_project_stop_processes.py
[2025-10-15T13:16:04.215+0000] {processor.py:840} INFO - DAG(s) 'pyspark_project_stop_processes' retrieved from /opt/airflow/dags/pyspark_project_stop_processes.py
[2025-10-15T13:16:04.233+0000] {logging_mixin.py:188} INFO - [2025-10-15T13:16:04.232+0000] {dag.py:3047} INFO - Sync 1 DAGs
[2025-10-15T13:16:04.244+0000] {logging_mixin.py:188} INFO - [2025-10-15T13:16:04.244+0000] {dag.py:3834} INFO - Setting next_dagrun for pyspark_project_stop_processes to None, run_after=None
[2025-10-15T13:16:04.262+0000] {processor.py:183} INFO - Processing /opt/airflow/dags/pyspark_project_stop_processes.py took 0.067 seconds
[2025-10-15T13:16:34.562+0000] {processor.py:161} INFO - Started process (PID=388) to work on /opt/airflow/dags/pyspark_project_stop_processes.py
[2025-10-15T13:16:34.563+0000] {processor.py:830} INFO - Processing file /opt/airflow/dags/pyspark_project_stop_processes.py for tasks to queue
[2025-10-15T13:16:34.564+0000] {logging_mixin.py:188} INFO - [2025-10-15T13:16:34.564+0000] {dagbag.py:540} INFO - Filling up the DagBag from /opt/airflow/dags/pyspark_project_stop_processes.py
[2025-10-15T13:16:34.577+0000] {processor.py:840} INFO - DAG(s) 'pyspark_project_stop_processes' retrieved from /opt/airflow/dags/pyspark_project_stop_processes.py
[2025-10-15T13:16:34.597+0000] {logging_mixin.py:188} INFO - [2025-10-15T13:16:34.596+0000] {dag.py:3047} INFO - Sync 1 DAGs
[2025-10-15T13:16:34.609+0000] {logging_mixin.py:188} INFO - [2025-10-15T13:16:34.608+0000] {dag.py:3834} INFO - Setting next_dagrun for pyspark_project_stop_processes to None, run_after=None
[2025-10-15T13:16:34.627+0000] {processor.py:183} INFO - Processing /opt/airflow/dags/pyspark_project_stop_processes.py took 0.068 seconds
[2025-10-15T13:17:04.784+0000] {processor.py:161} INFO - Started process (PID=448) to work on /opt/airflow/dags/pyspark_project_stop_processes.py
[2025-10-15T13:17:04.785+0000] {processor.py:830} INFO - Processing file /opt/airflow/dags/pyspark_project_stop_processes.py for tasks to queue
[2025-10-15T13:17:04.787+0000] {logging_mixin.py:188} INFO - [2025-10-15T13:17:04.786+0000] {dagbag.py:540} INFO - Filling up the DagBag from /opt/airflow/dags/pyspark_project_stop_processes.py
[2025-10-15T13:17:04.801+0000] {processor.py:840} INFO - DAG(s) 'pyspark_project_stop_processes' retrieved from /opt/airflow/dags/pyspark_project_stop_processes.py
[2025-10-15T13:17:04.818+0000] {logging_mixin.py:188} INFO - [2025-10-15T13:17:04.818+0000] {dag.py:3047} INFO - Sync 1 DAGs
[2025-10-15T13:17:04.829+0000] {logging_mixin.py:188} INFO - [2025-10-15T13:17:04.829+0000] {dag.py:3834} INFO - Setting next_dagrun for pyspark_project_stop_processes to None, run_after=None
[2025-10-15T13:17:04.850+0000] {processor.py:183} INFO - Processing /opt/airflow/dags/pyspark_project_stop_processes.py took 0.068 seconds
[2025-10-15T13:17:34.897+0000] {processor.py:161} INFO - Started process (PID=507) to work on /opt/airflow/dags/pyspark_project_stop_processes.py
[2025-10-15T13:17:34.898+0000] {processor.py:830} INFO - Processing file /opt/airflow/dags/pyspark_project_stop_processes.py for tasks to queue
[2025-10-15T13:17:34.900+0000] {logging_mixin.py:188} INFO - [2025-10-15T13:17:34.900+0000] {dagbag.py:540} INFO - Filling up the DagBag from /opt/airflow/dags/pyspark_project_stop_processes.py
[2025-10-15T13:17:34.934+0000] {processor.py:840} INFO - DAG(s) 'pyspark_project_stop_processes' retrieved from /opt/airflow/dags/pyspark_project_stop_processes.py
[2025-10-15T13:17:34.960+0000] {logging_mixin.py:188} INFO - [2025-10-15T13:17:34.960+0000] {dag.py:3047} INFO - Sync 1 DAGs
[2025-10-15T13:17:35.065+0000] {logging_mixin.py:188} INFO - [2025-10-15T13:17:35.065+0000] {dag.py:3834} INFO - Setting next_dagrun for pyspark_project_stop_processes to None, run_after=None
[2025-10-15T13:17:35.091+0000] {processor.py:183} INFO - Processing /opt/airflow/dags/pyspark_project_stop_processes.py took 0.196 seconds
[2025-10-15T13:18:05.360+0000] {processor.py:161} INFO - Started process (PID=568) to work on /opt/airflow/dags/pyspark_project_stop_processes.py
[2025-10-15T13:18:05.360+0000] {processor.py:830} INFO - Processing file /opt/airflow/dags/pyspark_project_stop_processes.py for tasks to queue
[2025-10-15T13:18:05.362+0000] {logging_mixin.py:188} INFO - [2025-10-15T13:18:05.362+0000] {dagbag.py:540} INFO - Filling up the DagBag from /opt/airflow/dags/pyspark_project_stop_processes.py
[2025-10-15T13:18:05.374+0000] {processor.py:840} INFO - DAG(s) 'pyspark_project_stop_processes' retrieved from /opt/airflow/dags/pyspark_project_stop_processes.py
[2025-10-15T13:18:05.392+0000] {logging_mixin.py:188} INFO - [2025-10-15T13:18:05.391+0000] {dag.py:3047} INFO - Sync 1 DAGs
[2025-10-15T13:18:05.403+0000] {logging_mixin.py:188} INFO - [2025-10-15T13:18:05.403+0000] {dag.py:3834} INFO - Setting next_dagrun for pyspark_project_stop_processes to None, run_after=None
[2025-10-15T13:18:05.423+0000] {processor.py:183} INFO - Processing /opt/airflow/dags/pyspark_project_stop_processes.py took 0.066 seconds
[2025-10-15T13:18:35.571+0000] {processor.py:161} INFO - Started process (PID=628) to work on /opt/airflow/dags/pyspark_project_stop_processes.py
[2025-10-15T13:18:35.572+0000] {processor.py:830} INFO - Processing file /opt/airflow/dags/pyspark_project_stop_processes.py for tasks to queue
[2025-10-15T13:18:35.573+0000] {logging_mixin.py:188} INFO - [2025-10-15T13:18:35.573+0000] {dagbag.py:540} INFO - Filling up the DagBag from /opt/airflow/dags/pyspark_project_stop_processes.py
[2025-10-15T13:18:35.587+0000] {processor.py:840} INFO - DAG(s) 'pyspark_project_stop_processes' retrieved from /opt/airflow/dags/pyspark_project_stop_processes.py
[2025-10-15T13:18:35.604+0000] {logging_mixin.py:188} INFO - [2025-10-15T13:18:35.604+0000] {dag.py:3047} INFO - Sync 1 DAGs
[2025-10-15T13:18:35.615+0000] {logging_mixin.py:188} INFO - [2025-10-15T13:18:35.615+0000] {dag.py:3834} INFO - Setting next_dagrun for pyspark_project_stop_processes to None, run_after=None
[2025-10-15T13:18:35.634+0000] {processor.py:183} INFO - Processing /opt/airflow/dags/pyspark_project_stop_processes.py took 0.066 seconds
[2025-10-15T13:19:05.797+0000] {processor.py:161} INFO - Started process (PID=688) to work on /opt/airflow/dags/pyspark_project_stop_processes.py
[2025-10-15T13:19:05.798+0000] {processor.py:830} INFO - Processing file /opt/airflow/dags/pyspark_project_stop_processes.py for tasks to queue
[2025-10-15T13:19:05.800+0000] {logging_mixin.py:188} INFO - [2025-10-15T13:19:05.800+0000] {dagbag.py:540} INFO - Filling up the DagBag from /opt/airflow/dags/pyspark_project_stop_processes.py
[2025-10-15T13:19:05.815+0000] {processor.py:840} INFO - DAG(s) 'pyspark_project_stop_processes' retrieved from /opt/airflow/dags/pyspark_project_stop_processes.py
[2025-10-15T13:19:05.832+0000] {logging_mixin.py:188} INFO - [2025-10-15T13:19:05.832+0000] {dag.py:3047} INFO - Sync 1 DAGs
[2025-10-15T13:19:05.844+0000] {logging_mixin.py:188} INFO - [2025-10-15T13:19:05.843+0000] {dag.py:3834} INFO - Setting next_dagrun for pyspark_project_stop_processes to None, run_after=None
[2025-10-15T13:19:05.862+0000] {processor.py:183} INFO - Processing /opt/airflow/dags/pyspark_project_stop_processes.py took 0.067 seconds
[2025-10-15T13:19:35.992+0000] {processor.py:161} INFO - Started process (PID=748) to work on /opt/airflow/dags/pyspark_project_stop_processes.py
[2025-10-15T13:19:35.993+0000] {processor.py:830} INFO - Processing file /opt/airflow/dags/pyspark_project_stop_processes.py for tasks to queue
[2025-10-15T13:19:35.995+0000] {logging_mixin.py:188} INFO - [2025-10-15T13:19:35.995+0000] {dagbag.py:540} INFO - Filling up the DagBag from /opt/airflow/dags/pyspark_project_stop_processes.py
[2025-10-15T13:19:36.014+0000] {processor.py:840} INFO - DAG(s) 'pyspark_project_stop_processes' retrieved from /opt/airflow/dags/pyspark_project_stop_processes.py
[2025-10-15T13:19:36.031+0000] {logging_mixin.py:188} INFO - [2025-10-15T13:19:36.031+0000] {dag.py:3047} INFO - Sync 1 DAGs
[2025-10-15T13:19:36.042+0000] {logging_mixin.py:188} INFO - [2025-10-15T13:19:36.042+0000] {dag.py:3834} INFO - Setting next_dagrun for pyspark_project_stop_processes to None, run_after=None
[2025-10-15T13:19:36.060+0000] {processor.py:183} INFO - Processing /opt/airflow/dags/pyspark_project_stop_processes.py took 0.071 seconds
[2025-10-15T13:20:06.845+0000] {processor.py:161} INFO - Started process (PID=808) to work on /opt/airflow/dags/pyspark_project_stop_processes.py
[2025-10-15T13:20:06.846+0000] {processor.py:830} INFO - Processing file /opt/airflow/dags/pyspark_project_stop_processes.py for tasks to queue
[2025-10-15T13:20:06.847+0000] {logging_mixin.py:188} INFO - [2025-10-15T13:20:06.847+0000] {dagbag.py:540} INFO - Filling up the DagBag from /opt/airflow/dags/pyspark_project_stop_processes.py
[2025-10-15T13:20:06.863+0000] {processor.py:840} INFO - DAG(s) 'pyspark_project_stop_processes' retrieved from /opt/airflow/dags/pyspark_project_stop_processes.py
[2025-10-15T13:20:06.880+0000] {logging_mixin.py:188} INFO - [2025-10-15T13:20:06.880+0000] {dag.py:3047} INFO - Sync 1 DAGs
[2025-10-15T13:20:06.891+0000] {logging_mixin.py:188} INFO - [2025-10-15T13:20:06.891+0000] {dag.py:3834} INFO - Setting next_dagrun for pyspark_project_stop_processes to None, run_after=None
[2025-10-15T13:20:06.908+0000] {processor.py:183} INFO - Processing /opt/airflow/dags/pyspark_project_stop_processes.py took 0.067 seconds
[2025-10-15T13:20:37.581+0000] {processor.py:161} INFO - Started process (PID=868) to work on /opt/airflow/dags/pyspark_project_stop_processes.py
[2025-10-15T13:20:37.582+0000] {processor.py:830} INFO - Processing file /opt/airflow/dags/pyspark_project_stop_processes.py for tasks to queue
[2025-10-15T13:20:37.583+0000] {logging_mixin.py:188} INFO - [2025-10-15T13:20:37.583+0000] {dagbag.py:540} INFO - Filling up the DagBag from /opt/airflow/dags/pyspark_project_stop_processes.py
[2025-10-15T13:20:37.597+0000] {processor.py:840} INFO - DAG(s) 'pyspark_project_stop_processes' retrieved from /opt/airflow/dags/pyspark_project_stop_processes.py
[2025-10-15T13:20:37.613+0000] {logging_mixin.py:188} INFO - [2025-10-15T13:20:37.613+0000] {dag.py:3047} INFO - Sync 1 DAGs
[2025-10-15T13:20:37.625+0000] {logging_mixin.py:188} INFO - [2025-10-15T13:20:37.624+0000] {dag.py:3834} INFO - Setting next_dagrun for pyspark_project_stop_processes to None, run_after=None
[2025-10-15T13:20:37.643+0000] {processor.py:183} INFO - Processing /opt/airflow/dags/pyspark_project_stop_processes.py took 0.064 seconds
[2025-10-15T13:21:07.768+0000] {processor.py:161} INFO - Started process (PID=929) to work on /opt/airflow/dags/pyspark_project_stop_processes.py
[2025-10-15T13:21:07.770+0000] {processor.py:830} INFO - Processing file /opt/airflow/dags/pyspark_project_stop_processes.py for tasks to queue
[2025-10-15T13:21:07.772+0000] {logging_mixin.py:188} INFO - [2025-10-15T13:21:07.771+0000] {dagbag.py:540} INFO - Filling up the DagBag from /opt/airflow/dags/pyspark_project_stop_processes.py
[2025-10-15T13:21:07.786+0000] {processor.py:840} INFO - DAG(s) 'pyspark_project_stop_processes' retrieved from /opt/airflow/dags/pyspark_project_stop_processes.py
[2025-10-15T13:21:07.803+0000] {logging_mixin.py:188} INFO - [2025-10-15T13:21:07.803+0000] {dag.py:3047} INFO - Sync 1 DAGs
[2025-10-15T13:21:07.818+0000] {logging_mixin.py:188} INFO - [2025-10-15T13:21:07.818+0000] {dag.py:3834} INFO - Setting next_dagrun for pyspark_project_stop_processes to None, run_after=None
[2025-10-15T13:21:07.837+0000] {processor.py:183} INFO - Processing /opt/airflow/dags/pyspark_project_stop_processes.py took 0.072 seconds
[2025-10-15T13:21:38.150+0000] {processor.py:161} INFO - Started process (PID=989) to work on /opt/airflow/dags/pyspark_project_stop_processes.py
[2025-10-15T13:21:38.151+0000] {processor.py:830} INFO - Processing file /opt/airflow/dags/pyspark_project_stop_processes.py for tasks to queue
[2025-10-15T13:21:38.153+0000] {logging_mixin.py:188} INFO - [2025-10-15T13:21:38.152+0000] {dagbag.py:540} INFO - Filling up the DagBag from /opt/airflow/dags/pyspark_project_stop_processes.py
[2025-10-15T13:21:38.166+0000] {processor.py:840} INFO - DAG(s) 'pyspark_project_stop_processes' retrieved from /opt/airflow/dags/pyspark_project_stop_processes.py
[2025-10-15T13:21:38.183+0000] {logging_mixin.py:188} INFO - [2025-10-15T13:21:38.183+0000] {dag.py:3047} INFO - Sync 1 DAGs
[2025-10-15T13:21:38.195+0000] {logging_mixin.py:188} INFO - [2025-10-15T13:21:38.194+0000] {dag.py:3834} INFO - Setting next_dagrun for pyspark_project_stop_processes to None, run_after=None
[2025-10-15T13:21:38.216+0000] {processor.py:183} INFO - Processing /opt/airflow/dags/pyspark_project_stop_processes.py took 0.068 seconds
[2025-10-15T13:22:08.265+0000] {processor.py:161} INFO - Started process (PID=1049) to work on /opt/airflow/dags/pyspark_project_stop_processes.py
[2025-10-15T13:22:08.266+0000] {processor.py:830} INFO - Processing file /opt/airflow/dags/pyspark_project_stop_processes.py for tasks to queue
[2025-10-15T13:22:08.268+0000] {logging_mixin.py:188} INFO - [2025-10-15T13:22:08.267+0000] {dagbag.py:540} INFO - Filling up the DagBag from /opt/airflow/dags/pyspark_project_stop_processes.py
[2025-10-15T13:22:08.282+0000] {processor.py:840} INFO - DAG(s) 'pyspark_project_stop_processes' retrieved from /opt/airflow/dags/pyspark_project_stop_processes.py
[2025-10-15T13:22:08.301+0000] {logging_mixin.py:188} INFO - [2025-10-15T13:22:08.300+0000] {dag.py:3047} INFO - Sync 1 DAGs
[2025-10-15T13:22:08.314+0000] {logging_mixin.py:188} INFO - [2025-10-15T13:22:08.314+0000] {dag.py:3834} INFO - Setting next_dagrun for pyspark_project_stop_processes to None, run_after=None
[2025-10-15T13:22:08.388+0000] {processor.py:183} INFO - Processing /opt/airflow/dags/pyspark_project_stop_processes.py took 0.126 seconds
[2025-10-15T13:22:38.828+0000] {processor.py:161} INFO - Started process (PID=1109) to work on /opt/airflow/dags/pyspark_project_stop_processes.py
[2025-10-15T13:22:38.829+0000] {processor.py:830} INFO - Processing file /opt/airflow/dags/pyspark_project_stop_processes.py for tasks to queue
[2025-10-15T13:22:38.830+0000] {logging_mixin.py:188} INFO - [2025-10-15T13:22:38.830+0000] {dagbag.py:540} INFO - Filling up the DagBag from /opt/airflow/dags/pyspark_project_stop_processes.py
[2025-10-15T13:22:38.848+0000] {processor.py:840} INFO - DAG(s) 'pyspark_project_stop_processes' retrieved from /opt/airflow/dags/pyspark_project_stop_processes.py
[2025-10-15T13:22:38.868+0000] {logging_mixin.py:188} INFO - [2025-10-15T13:22:38.868+0000] {dag.py:3047} INFO - Sync 1 DAGs
[2025-10-15T13:22:38.881+0000] {logging_mixin.py:188} INFO - [2025-10-15T13:22:38.881+0000] {dag.py:3834} INFO - Setting next_dagrun for pyspark_project_stop_processes to None, run_after=None
[2025-10-15T13:22:38.901+0000] {processor.py:183} INFO - Processing /opt/airflow/dags/pyspark_project_stop_processes.py took 0.076 seconds
[2025-10-15T13:23:09.187+0000] {processor.py:161} INFO - Started process (PID=1169) to work on /opt/airflow/dags/pyspark_project_stop_processes.py
[2025-10-15T13:23:09.188+0000] {processor.py:830} INFO - Processing file /opt/airflow/dags/pyspark_project_stop_processes.py for tasks to queue
[2025-10-15T13:23:09.191+0000] {logging_mixin.py:188} INFO - [2025-10-15T13:23:09.190+0000] {dagbag.py:540} INFO - Filling up the DagBag from /opt/airflow/dags/pyspark_project_stop_processes.py
[2025-10-15T13:23:09.207+0000] {processor.py:840} INFO - DAG(s) 'pyspark_project_stop_processes' retrieved from /opt/airflow/dags/pyspark_project_stop_processes.py
[2025-10-15T13:23:09.259+0000] {logging_mixin.py:188} INFO - [2025-10-15T13:23:09.258+0000] {dag.py:3047} INFO - Sync 1 DAGs
[2025-10-15T13:23:09.274+0000] {logging_mixin.py:188} INFO - [2025-10-15T13:23:09.273+0000] {dag.py:3834} INFO - Setting next_dagrun for pyspark_project_stop_processes to None, run_after=None
[2025-10-15T13:23:09.307+0000] {processor.py:183} INFO - Processing /opt/airflow/dags/pyspark_project_stop_processes.py took 0.123 seconds
[2025-10-15T13:23:39.908+0000] {processor.py:161} INFO - Started process (PID=1229) to work on /opt/airflow/dags/pyspark_project_stop_processes.py
[2025-10-15T13:23:39.909+0000] {processor.py:830} INFO - Processing file /opt/airflow/dags/pyspark_project_stop_processes.py for tasks to queue
[2025-10-15T13:23:39.911+0000] {logging_mixin.py:188} INFO - [2025-10-15T13:23:39.910+0000] {dagbag.py:540} INFO - Filling up the DagBag from /opt/airflow/dags/pyspark_project_stop_processes.py
[2025-10-15T13:23:39.927+0000] {processor.py:840} INFO - DAG(s) 'pyspark_project_stop_processes' retrieved from /opt/airflow/dags/pyspark_project_stop_processes.py
[2025-10-15T13:23:39.947+0000] {logging_mixin.py:188} INFO - [2025-10-15T13:23:39.947+0000] {dag.py:3047} INFO - Sync 1 DAGs
[2025-10-15T13:23:39.960+0000] {logging_mixin.py:188} INFO - [2025-10-15T13:23:39.959+0000] {dag.py:3834} INFO - Setting next_dagrun for pyspark_project_stop_processes to None, run_after=None
[2025-10-15T13:23:39.982+0000] {processor.py:183} INFO - Processing /opt/airflow/dags/pyspark_project_stop_processes.py took 0.077 seconds
[2025-10-15T13:24:10.412+0000] {processor.py:161} INFO - Started process (PID=1289) to work on /opt/airflow/dags/pyspark_project_stop_processes.py
[2025-10-15T13:24:10.413+0000] {processor.py:830} INFO - Processing file /opt/airflow/dags/pyspark_project_stop_processes.py for tasks to queue
[2025-10-15T13:24:10.414+0000] {logging_mixin.py:188} INFO - [2025-10-15T13:24:10.414+0000] {dagbag.py:540} INFO - Filling up the DagBag from /opt/airflow/dags/pyspark_project_stop_processes.py
[2025-10-15T13:24:10.429+0000] {processor.py:840} INFO - DAG(s) 'pyspark_project_stop_processes' retrieved from /opt/airflow/dags/pyspark_project_stop_processes.py
[2025-10-15T13:24:10.446+0000] {logging_mixin.py:188} INFO - [2025-10-15T13:24:10.446+0000] {dag.py:3047} INFO - Sync 1 DAGs
[2025-10-15T13:24:10.458+0000] {logging_mixin.py:188} INFO - [2025-10-15T13:24:10.458+0000] {dag.py:3834} INFO - Setting next_dagrun for pyspark_project_stop_processes to None, run_after=None
[2025-10-15T13:24:10.476+0000] {processor.py:183} INFO - Processing /opt/airflow/dags/pyspark_project_stop_processes.py took 0.066 seconds
[2025-10-15T13:24:40.606+0000] {processor.py:161} INFO - Started process (PID=1349) to work on /opt/airflow/dags/pyspark_project_stop_processes.py
[2025-10-15T13:24:40.607+0000] {processor.py:830} INFO - Processing file /opt/airflow/dags/pyspark_project_stop_processes.py for tasks to queue
[2025-10-15T13:24:40.609+0000] {logging_mixin.py:188} INFO - [2025-10-15T13:24:40.608+0000] {dagbag.py:540} INFO - Filling up the DagBag from /opt/airflow/dags/pyspark_project_stop_processes.py
[2025-10-15T13:24:40.623+0000] {processor.py:840} INFO - DAG(s) 'pyspark_project_stop_processes' retrieved from /opt/airflow/dags/pyspark_project_stop_processes.py
[2025-10-15T13:24:40.640+0000] {logging_mixin.py:188} INFO - [2025-10-15T13:24:40.640+0000] {dag.py:3047} INFO - Sync 1 DAGs
[2025-10-15T13:24:40.652+0000] {logging_mixin.py:188} INFO - [2025-10-15T13:24:40.652+0000] {dag.py:3834} INFO - Setting next_dagrun for pyspark_project_stop_processes to None, run_after=None
[2025-10-15T13:24:40.670+0000] {processor.py:183} INFO - Processing /opt/airflow/dags/pyspark_project_stop_processes.py took 0.067 seconds
[2025-10-15T13:25:10.851+0000] {processor.py:161} INFO - Started process (PID=1409) to work on /opt/airflow/dags/pyspark_project_stop_processes.py
[2025-10-15T13:25:10.852+0000] {processor.py:830} INFO - Processing file /opt/airflow/dags/pyspark_project_stop_processes.py for tasks to queue
[2025-10-15T13:25:10.854+0000] {logging_mixin.py:188} INFO - [2025-10-15T13:25:10.854+0000] {dagbag.py:540} INFO - Filling up the DagBag from /opt/airflow/dags/pyspark_project_stop_processes.py
[2025-10-15T13:25:10.869+0000] {processor.py:840} INFO - DAG(s) 'pyspark_project_stop_processes' retrieved from /opt/airflow/dags/pyspark_project_stop_processes.py
[2025-10-15T13:25:10.887+0000] {logging_mixin.py:188} INFO - [2025-10-15T13:25:10.887+0000] {dag.py:3047} INFO - Sync 1 DAGs
[2025-10-15T13:25:10.899+0000] {logging_mixin.py:188} INFO - [2025-10-15T13:25:10.899+0000] {dag.py:3834} INFO - Setting next_dagrun for pyspark_project_stop_processes to None, run_after=None
[2025-10-15T13:25:10.919+0000] {processor.py:183} INFO - Processing /opt/airflow/dags/pyspark_project_stop_processes.py took 0.071 seconds
[2025-10-15T13:25:41.385+0000] {processor.py:161} INFO - Started process (PID=1469) to work on /opt/airflow/dags/pyspark_project_stop_processes.py
[2025-10-15T13:25:41.386+0000] {processor.py:830} INFO - Processing file /opt/airflow/dags/pyspark_project_stop_processes.py for tasks to queue
[2025-10-15T13:25:41.388+0000] {logging_mixin.py:188} INFO - [2025-10-15T13:25:41.387+0000] {dagbag.py:540} INFO - Filling up the DagBag from /opt/airflow/dags/pyspark_project_stop_processes.py
[2025-10-15T13:25:41.402+0000] {processor.py:840} INFO - DAG(s) 'pyspark_project_stop_processes' retrieved from /opt/airflow/dags/pyspark_project_stop_processes.py
[2025-10-15T13:25:41.419+0000] {logging_mixin.py:188} INFO - [2025-10-15T13:25:41.419+0000] {dag.py:3047} INFO - Sync 1 DAGs
[2025-10-15T13:25:41.432+0000] {logging_mixin.py:188} INFO - [2025-10-15T13:25:41.432+0000] {dag.py:3834} INFO - Setting next_dagrun for pyspark_project_stop_processes to None, run_after=None
[2025-10-15T13:25:41.451+0000] {processor.py:183} INFO - Processing /opt/airflow/dags/pyspark_project_stop_processes.py took 0.069 seconds
[2025-10-15T13:26:11.999+0000] {processor.py:161} INFO - Started process (PID=1529) to work on /opt/airflow/dags/pyspark_project_stop_processes.py
[2025-10-15T13:26:12.000+0000] {processor.py:830} INFO - Processing file /opt/airflow/dags/pyspark_project_stop_processes.py for tasks to queue
[2025-10-15T13:26:12.001+0000] {logging_mixin.py:188} INFO - [2025-10-15T13:26:12.001+0000] {dagbag.py:540} INFO - Filling up the DagBag from /opt/airflow/dags/pyspark_project_stop_processes.py
[2025-10-15T13:26:12.016+0000] {processor.py:840} INFO - DAG(s) 'pyspark_project_stop_processes' retrieved from /opt/airflow/dags/pyspark_project_stop_processes.py
[2025-10-15T13:26:12.034+0000] {logging_mixin.py:188} INFO - [2025-10-15T13:26:12.033+0000] {dag.py:3047} INFO - Sync 1 DAGs
[2025-10-15T13:26:12.045+0000] {logging_mixin.py:188} INFO - [2025-10-15T13:26:12.045+0000] {dag.py:3834} INFO - Setting next_dagrun for pyspark_project_stop_processes to None, run_after=None
[2025-10-15T13:26:12.063+0000] {processor.py:183} INFO - Processing /opt/airflow/dags/pyspark_project_stop_processes.py took 0.067 seconds
[2025-10-15T13:26:42.399+0000] {processor.py:161} INFO - Started process (PID=1589) to work on /opt/airflow/dags/pyspark_project_stop_processes.py
[2025-10-15T13:26:42.400+0000] {processor.py:830} INFO - Processing file /opt/airflow/dags/pyspark_project_stop_processes.py for tasks to queue
[2025-10-15T13:26:42.402+0000] {logging_mixin.py:188} INFO - [2025-10-15T13:26:42.401+0000] {dagbag.py:540} INFO - Filling up the DagBag from /opt/airflow/dags/pyspark_project_stop_processes.py
[2025-10-15T13:26:42.416+0000] {processor.py:840} INFO - DAG(s) 'pyspark_project_stop_processes' retrieved from /opt/airflow/dags/pyspark_project_stop_processes.py
[2025-10-15T13:26:42.433+0000] {logging_mixin.py:188} INFO - [2025-10-15T13:26:42.433+0000] {dag.py:3047} INFO - Sync 1 DAGs
[2025-10-15T13:26:42.444+0000] {logging_mixin.py:188} INFO - [2025-10-15T13:26:42.444+0000] {dag.py:3834} INFO - Setting next_dagrun for pyspark_project_stop_processes to None, run_after=None
[2025-10-15T13:26:42.463+0000] {processor.py:183} INFO - Processing /opt/airflow/dags/pyspark_project_stop_processes.py took 0.066 seconds
[2025-10-15T13:27:12.796+0000] {processor.py:161} INFO - Started process (PID=1649) to work on /opt/airflow/dags/pyspark_project_stop_processes.py
[2025-10-15T13:27:12.797+0000] {processor.py:830} INFO - Processing file /opt/airflow/dags/pyspark_project_stop_processes.py for tasks to queue
[2025-10-15T13:27:12.798+0000] {logging_mixin.py:188} INFO - [2025-10-15T13:27:12.798+0000] {dagbag.py:540} INFO - Filling up the DagBag from /opt/airflow/dags/pyspark_project_stop_processes.py
[2025-10-15T13:27:12.811+0000] {processor.py:840} INFO - DAG(s) 'pyspark_project_stop_processes' retrieved from /opt/airflow/dags/pyspark_project_stop_processes.py
[2025-10-15T13:27:12.828+0000] {logging_mixin.py:188} INFO - [2025-10-15T13:27:12.828+0000] {dag.py:3047} INFO - Sync 1 DAGs
[2025-10-15T13:27:12.839+0000] {logging_mixin.py:188} INFO - [2025-10-15T13:27:12.839+0000] {dag.py:3834} INFO - Setting next_dagrun for pyspark_project_stop_processes to None, run_after=None
[2025-10-15T13:27:12.857+0000] {processor.py:183} INFO - Processing /opt/airflow/dags/pyspark_project_stop_processes.py took 0.064 seconds
[2025-10-15T13:27:43.673+0000] {processor.py:161} INFO - Started process (PID=1709) to work on /opt/airflow/dags/pyspark_project_stop_processes.py
[2025-10-15T13:27:43.673+0000] {processor.py:830} INFO - Processing file /opt/airflow/dags/pyspark_project_stop_processes.py for tasks to queue
[2025-10-15T13:27:43.676+0000] {logging_mixin.py:188} INFO - [2025-10-15T13:27:43.675+0000] {dagbag.py:540} INFO - Filling up the DagBag from /opt/airflow/dags/pyspark_project_stop_processes.py
[2025-10-15T13:27:43.691+0000] {processor.py:840} INFO - DAG(s) 'pyspark_project_stop_processes' retrieved from /opt/airflow/dags/pyspark_project_stop_processes.py
[2025-10-15T13:27:43.710+0000] {logging_mixin.py:188} INFO - [2025-10-15T13:27:43.709+0000] {dag.py:3047} INFO - Sync 1 DAGs
[2025-10-15T13:27:43.722+0000] {logging_mixin.py:188} INFO - [2025-10-15T13:27:43.722+0000] {dag.py:3834} INFO - Setting next_dagrun for pyspark_project_stop_processes to None, run_after=None
[2025-10-15T13:27:43.743+0000] {processor.py:183} INFO - Processing /opt/airflow/dags/pyspark_project_stop_processes.py took 0.073 seconds
[2025-10-15T13:28:14.232+0000] {processor.py:161} INFO - Started process (PID=1769) to work on /opt/airflow/dags/pyspark_project_stop_processes.py
[2025-10-15T13:28:14.233+0000] {processor.py:830} INFO - Processing file /opt/airflow/dags/pyspark_project_stop_processes.py for tasks to queue
[2025-10-15T13:28:14.235+0000] {logging_mixin.py:188} INFO - [2025-10-15T13:28:14.235+0000] {dagbag.py:540} INFO - Filling up the DagBag from /opt/airflow/dags/pyspark_project_stop_processes.py
[2025-10-15T13:28:14.253+0000] {processor.py:840} INFO - DAG(s) 'pyspark_project_stop_processes' retrieved from /opt/airflow/dags/pyspark_project_stop_processes.py
[2025-10-15T13:28:14.275+0000] {logging_mixin.py:188} INFO - [2025-10-15T13:28:14.275+0000] {dag.py:3047} INFO - Sync 1 DAGs
[2025-10-15T13:28:14.292+0000] {logging_mixin.py:188} INFO - [2025-10-15T13:28:14.292+0000] {dag.py:3834} INFO - Setting next_dagrun for pyspark_project_stop_processes to None, run_after=None
[2025-10-15T13:28:14.326+0000] {processor.py:183} INFO - Processing /opt/airflow/dags/pyspark_project_stop_processes.py took 0.097 seconds
[2025-10-15T13:28:44.981+0000] {processor.py:161} INFO - Started process (PID=1829) to work on /opt/airflow/dags/pyspark_project_stop_processes.py
[2025-10-15T13:28:44.982+0000] {processor.py:830} INFO - Processing file /opt/airflow/dags/pyspark_project_stop_processes.py for tasks to queue
[2025-10-15T13:28:44.984+0000] {logging_mixin.py:188} INFO - [2025-10-15T13:28:44.984+0000] {dagbag.py:540} INFO - Filling up the DagBag from /opt/airflow/dags/pyspark_project_stop_processes.py
[2025-10-15T13:28:44.998+0000] {processor.py:840} INFO - DAG(s) 'pyspark_project_stop_processes' retrieved from /opt/airflow/dags/pyspark_project_stop_processes.py
[2025-10-15T13:28:45.016+0000] {logging_mixin.py:188} INFO - [2025-10-15T13:28:45.016+0000] {dag.py:3047} INFO - Sync 1 DAGs
[2025-10-15T13:28:45.028+0000] {logging_mixin.py:188} INFO - [2025-10-15T13:28:45.027+0000] {dag.py:3834} INFO - Setting next_dagrun for pyspark_project_stop_processes to None, run_after=None
[2025-10-15T13:28:45.048+0000] {processor.py:183} INFO - Processing /opt/airflow/dags/pyspark_project_stop_processes.py took 0.070 seconds
[2025-10-15T13:29:15.677+0000] {processor.py:161} INFO - Started process (PID=1889) to work on /opt/airflow/dags/pyspark_project_stop_processes.py
[2025-10-15T13:29:15.678+0000] {processor.py:830} INFO - Processing file /opt/airflow/dags/pyspark_project_stop_processes.py for tasks to queue
[2025-10-15T13:29:15.680+0000] {logging_mixin.py:188} INFO - [2025-10-15T13:29:15.679+0000] {dagbag.py:540} INFO - Filling up the DagBag from /opt/airflow/dags/pyspark_project_stop_processes.py
[2025-10-15T13:29:15.697+0000] {processor.py:840} INFO - DAG(s) 'pyspark_project_stop_processes' retrieved from /opt/airflow/dags/pyspark_project_stop_processes.py
[2025-10-15T13:29:15.716+0000] {logging_mixin.py:188} INFO - [2025-10-15T13:29:15.716+0000] {dag.py:3047} INFO - Sync 1 DAGs
[2025-10-15T13:29:15.729+0000] {logging_mixin.py:188} INFO - [2025-10-15T13:29:15.729+0000] {dag.py:3834} INFO - Setting next_dagrun for pyspark_project_stop_processes to None, run_after=None
[2025-10-15T13:29:15.756+0000] {processor.py:183} INFO - Processing /opt/airflow/dags/pyspark_project_stop_processes.py took 0.082 seconds
[2025-10-15T13:29:46.301+0000] {processor.py:161} INFO - Started process (PID=1949) to work on /opt/airflow/dags/pyspark_project_stop_processes.py
[2025-10-15T13:29:46.302+0000] {processor.py:830} INFO - Processing file /opt/airflow/dags/pyspark_project_stop_processes.py for tasks to queue
[2025-10-15T13:29:46.304+0000] {logging_mixin.py:188} INFO - [2025-10-15T13:29:46.303+0000] {dagbag.py:540} INFO - Filling up the DagBag from /opt/airflow/dags/pyspark_project_stop_processes.py
[2025-10-15T13:29:46.320+0000] {processor.py:840} INFO - DAG(s) 'pyspark_project_stop_processes' retrieved from /opt/airflow/dags/pyspark_project_stop_processes.py
[2025-10-15T13:29:46.380+0000] {logging_mixin.py:188} INFO - [2025-10-15T13:29:46.380+0000] {dag.py:3047} INFO - Sync 1 DAGs
[2025-10-15T13:29:46.394+0000] {logging_mixin.py:188} INFO - [2025-10-15T13:29:46.394+0000] {dag.py:3834} INFO - Setting next_dagrun for pyspark_project_stop_processes to None, run_after=None
[2025-10-15T13:29:46.436+0000] {processor.py:183} INFO - Processing /opt/airflow/dags/pyspark_project_stop_processes.py took 0.138 seconds
[2025-10-15T13:30:16.800+0000] {processor.py:161} INFO - Started process (PID=2009) to work on /opt/airflow/dags/pyspark_project_stop_processes.py
[2025-10-15T13:30:16.801+0000] {processor.py:830} INFO - Processing file /opt/airflow/dags/pyspark_project_stop_processes.py for tasks to queue
[2025-10-15T13:30:16.803+0000] {logging_mixin.py:188} INFO - [2025-10-15T13:30:16.803+0000] {dagbag.py:540} INFO - Filling up the DagBag from /opt/airflow/dags/pyspark_project_stop_processes.py
[2025-10-15T13:30:16.824+0000] {processor.py:840} INFO - DAG(s) 'pyspark_project_stop_processes' retrieved from /opt/airflow/dags/pyspark_project_stop_processes.py
[2025-10-15T13:30:16.844+0000] {logging_mixin.py:188} INFO - [2025-10-15T13:30:16.843+0000] {dag.py:3047} INFO - Sync 1 DAGs
[2025-10-15T13:30:16.856+0000] {logging_mixin.py:188} INFO - [2025-10-15T13:30:16.856+0000] {dag.py:3834} INFO - Setting next_dagrun for pyspark_project_stop_processes to None, run_after=None
[2025-10-15T13:30:16.878+0000] {processor.py:183} INFO - Processing /opt/airflow/dags/pyspark_project_stop_processes.py took 0.082 seconds
[2025-10-15T13:30:47.028+0000] {processor.py:161} INFO - Started process (PID=2069) to work on /opt/airflow/dags/pyspark_project_stop_processes.py
[2025-10-15T13:30:47.029+0000] {processor.py:830} INFO - Processing file /opt/airflow/dags/pyspark_project_stop_processes.py for tasks to queue
[2025-10-15T13:30:47.031+0000] {logging_mixin.py:188} INFO - [2025-10-15T13:30:47.031+0000] {dagbag.py:540} INFO - Filling up the DagBag from /opt/airflow/dags/pyspark_project_stop_processes.py
[2025-10-15T13:30:47.047+0000] {processor.py:840} INFO - DAG(s) 'pyspark_project_stop_processes' retrieved from /opt/airflow/dags/pyspark_project_stop_processes.py
[2025-10-15T13:30:47.066+0000] {logging_mixin.py:188} INFO - [2025-10-15T13:30:47.065+0000] {dag.py:3047} INFO - Sync 1 DAGs
[2025-10-15T13:30:47.077+0000] {logging_mixin.py:188} INFO - [2025-10-15T13:30:47.077+0000] {dag.py:3834} INFO - Setting next_dagrun for pyspark_project_stop_processes to None, run_after=None
[2025-10-15T13:30:47.096+0000] {processor.py:183} INFO - Processing /opt/airflow/dags/pyspark_project_stop_processes.py took 0.070 seconds
[2025-10-15T13:31:17.505+0000] {processor.py:161} INFO - Started process (PID=2130) to work on /opt/airflow/dags/pyspark_project_stop_processes.py
[2025-10-15T13:31:17.506+0000] {processor.py:830} INFO - Processing file /opt/airflow/dags/pyspark_project_stop_processes.py for tasks to queue
[2025-10-15T13:31:17.508+0000] {logging_mixin.py:188} INFO - [2025-10-15T13:31:17.507+0000] {dagbag.py:540} INFO - Filling up the DagBag from /opt/airflow/dags/pyspark_project_stop_processes.py
[2025-10-15T13:31:17.524+0000] {processor.py:840} INFO - DAG(s) 'pyspark_project_stop_processes' retrieved from /opt/airflow/dags/pyspark_project_stop_processes.py
[2025-10-15T13:31:17.568+0000] {logging_mixin.py:188} INFO - [2025-10-15T13:31:17.568+0000] {dag.py:3047} INFO - Sync 1 DAGs
[2025-10-15T13:31:17.582+0000] {logging_mixin.py:188} INFO - [2025-10-15T13:31:17.582+0000] {dag.py:3834} INFO - Setting next_dagrun for pyspark_project_stop_processes to None, run_after=None
[2025-10-15T13:31:17.603+0000] {processor.py:183} INFO - Processing /opt/airflow/dags/pyspark_project_stop_processes.py took 0.100 seconds
[2025-10-15T13:31:47.910+0000] {processor.py:161} INFO - Started process (PID=2191) to work on /opt/airflow/dags/pyspark_project_stop_processes.py
[2025-10-15T13:31:47.911+0000] {processor.py:830} INFO - Processing file /opt/airflow/dags/pyspark_project_stop_processes.py for tasks to queue
[2025-10-15T13:31:47.913+0000] {logging_mixin.py:188} INFO - [2025-10-15T13:31:47.912+0000] {dagbag.py:540} INFO - Filling up the DagBag from /opt/airflow/dags/pyspark_project_stop_processes.py
[2025-10-15T13:31:47.928+0000] {processor.py:840} INFO - DAG(s) 'pyspark_project_stop_processes' retrieved from /opt/airflow/dags/pyspark_project_stop_processes.py
[2025-10-15T13:31:47.946+0000] {logging_mixin.py:188} INFO - [2025-10-15T13:31:47.946+0000] {dag.py:3047} INFO - Sync 1 DAGs
[2025-10-15T13:31:47.958+0000] {logging_mixin.py:188} INFO - [2025-10-15T13:31:47.957+0000] {dag.py:3834} INFO - Setting next_dagrun for pyspark_project_stop_processes to None, run_after=None
[2025-10-15T13:31:47.976+0000] {processor.py:183} INFO - Processing /opt/airflow/dags/pyspark_project_stop_processes.py took 0.069 seconds
[2025-10-15T13:32:18.491+0000] {processor.py:161} INFO - Started process (PID=2251) to work on /opt/airflow/dags/pyspark_project_stop_processes.py
[2025-10-15T13:32:18.492+0000] {processor.py:830} INFO - Processing file /opt/airflow/dags/pyspark_project_stop_processes.py for tasks to queue
[2025-10-15T13:32:18.494+0000] {logging_mixin.py:188} INFO - [2025-10-15T13:32:18.493+0000] {dagbag.py:540} INFO - Filling up the DagBag from /opt/airflow/dags/pyspark_project_stop_processes.py
[2025-10-15T13:32:18.509+0000] {processor.py:840} INFO - DAG(s) 'pyspark_project_stop_processes' retrieved from /opt/airflow/dags/pyspark_project_stop_processes.py
[2025-10-15T13:32:18.526+0000] {logging_mixin.py:188} INFO - [2025-10-15T13:32:18.526+0000] {dag.py:3047} INFO - Sync 1 DAGs
[2025-10-15T13:32:18.539+0000] {logging_mixin.py:188} INFO - [2025-10-15T13:32:18.538+0000] {dag.py:3834} INFO - Setting next_dagrun for pyspark_project_stop_processes to None, run_after=None
[2025-10-15T13:32:18.557+0000] {processor.py:183} INFO - Processing /opt/airflow/dags/pyspark_project_stop_processes.py took 0.068 seconds
[2025-10-15T13:32:49.304+0000] {processor.py:161} INFO - Started process (PID=2311) to work on /opt/airflow/dags/pyspark_project_stop_processes.py
[2025-10-15T13:32:49.304+0000] {processor.py:830} INFO - Processing file /opt/airflow/dags/pyspark_project_stop_processes.py for tasks to queue
[2025-10-15T13:32:49.306+0000] {logging_mixin.py:188} INFO - [2025-10-15T13:32:49.306+0000] {dagbag.py:540} INFO - Filling up the DagBag from /opt/airflow/dags/pyspark_project_stop_processes.py
[2025-10-15T13:32:49.320+0000] {processor.py:840} INFO - DAG(s) 'pyspark_project_stop_processes' retrieved from /opt/airflow/dags/pyspark_project_stop_processes.py
[2025-10-15T13:32:49.337+0000] {logging_mixin.py:188} INFO - [2025-10-15T13:32:49.337+0000] {dag.py:3047} INFO - Sync 1 DAGs
[2025-10-15T13:32:49.348+0000] {logging_mixin.py:188} INFO - [2025-10-15T13:32:49.348+0000] {dag.py:3834} INFO - Setting next_dagrun for pyspark_project_stop_processes to None, run_after=None
[2025-10-15T13:32:49.367+0000] {processor.py:183} INFO - Processing /opt/airflow/dags/pyspark_project_stop_processes.py took 0.066 seconds
[2025-10-15T13:33:19.477+0000] {processor.py:161} INFO - Started process (PID=2371) to work on /opt/airflow/dags/pyspark_project_stop_processes.py
[2025-10-15T13:33:19.478+0000] {processor.py:830} INFO - Processing file /opt/airflow/dags/pyspark_project_stop_processes.py for tasks to queue
[2025-10-15T13:33:19.480+0000] {logging_mixin.py:188} INFO - [2025-10-15T13:33:19.479+0000] {dagbag.py:540} INFO - Filling up the DagBag from /opt/airflow/dags/pyspark_project_stop_processes.py
[2025-10-15T13:33:19.497+0000] {processor.py:840} INFO - DAG(s) 'pyspark_project_stop_processes' retrieved from /opt/airflow/dags/pyspark_project_stop_processes.py
[2025-10-15T13:33:19.517+0000] {logging_mixin.py:188} INFO - [2025-10-15T13:33:19.516+0000] {dag.py:3047} INFO - Sync 1 DAGs
[2025-10-15T13:33:19.531+0000] {logging_mixin.py:188} INFO - [2025-10-15T13:33:19.530+0000] {dag.py:3834} INFO - Setting next_dagrun for pyspark_project_stop_processes to None, run_after=None
[2025-10-15T13:33:19.556+0000] {processor.py:183} INFO - Processing /opt/airflow/dags/pyspark_project_stop_processes.py took 0.083 seconds
[2025-10-15T13:33:49.825+0000] {processor.py:161} INFO - Started process (PID=2431) to work on /opt/airflow/dags/pyspark_project_stop_processes.py
[2025-10-15T13:33:49.826+0000] {processor.py:830} INFO - Processing file /opt/airflow/dags/pyspark_project_stop_processes.py for tasks to queue
[2025-10-15T13:33:49.827+0000] {logging_mixin.py:188} INFO - [2025-10-15T13:33:49.827+0000] {dagbag.py:540} INFO - Filling up the DagBag from /opt/airflow/dags/pyspark_project_stop_processes.py
[2025-10-15T13:33:49.840+0000] {processor.py:840} INFO - DAG(s) 'pyspark_project_stop_processes' retrieved from /opt/airflow/dags/pyspark_project_stop_processes.py
[2025-10-15T13:33:49.857+0000] {logging_mixin.py:188} INFO - [2025-10-15T13:33:49.857+0000] {dag.py:3047} INFO - Sync 1 DAGs
[2025-10-15T13:33:49.868+0000] {logging_mixin.py:188} INFO - [2025-10-15T13:33:49.868+0000] {dag.py:3834} INFO - Setting next_dagrun for pyspark_project_stop_processes to None, run_after=None
[2025-10-15T13:33:49.888+0000] {processor.py:183} INFO - Processing /opt/airflow/dags/pyspark_project_stop_processes.py took 0.066 seconds
[2025-10-15T13:34:20.394+0000] {processor.py:161} INFO - Started process (PID=2491) to work on /opt/airflow/dags/pyspark_project_stop_processes.py
[2025-10-15T13:34:20.395+0000] {processor.py:830} INFO - Processing file /opt/airflow/dags/pyspark_project_stop_processes.py for tasks to queue
[2025-10-15T13:34:20.396+0000] {logging_mixin.py:188} INFO - [2025-10-15T13:34:20.396+0000] {dagbag.py:540} INFO - Filling up the DagBag from /opt/airflow/dags/pyspark_project_stop_processes.py
[2025-10-15T13:34:20.410+0000] {processor.py:840} INFO - DAG(s) 'pyspark_project_stop_processes' retrieved from /opt/airflow/dags/pyspark_project_stop_processes.py
[2025-10-15T13:34:20.427+0000] {logging_mixin.py:188} INFO - [2025-10-15T13:34:20.427+0000] {dag.py:3047} INFO - Sync 1 DAGs
[2025-10-15T13:34:20.438+0000] {logging_mixin.py:188} INFO - [2025-10-15T13:34:20.438+0000] {dag.py:3834} INFO - Setting next_dagrun for pyspark_project_stop_processes to None, run_after=None
[2025-10-15T13:34:20.457+0000] {processor.py:183} INFO - Processing /opt/airflow/dags/pyspark_project_stop_processes.py took 0.066 seconds
[2025-10-15T13:34:50.776+0000] {processor.py:161} INFO - Started process (PID=2551) to work on /opt/airflow/dags/pyspark_project_stop_processes.py
[2025-10-15T13:34:50.777+0000] {processor.py:830} INFO - Processing file /opt/airflow/dags/pyspark_project_stop_processes.py for tasks to queue
[2025-10-15T13:34:50.779+0000] {logging_mixin.py:188} INFO - [2025-10-15T13:34:50.779+0000] {dagbag.py:540} INFO - Filling up the DagBag from /opt/airflow/dags/pyspark_project_stop_processes.py
[2025-10-15T13:34:50.795+0000] {processor.py:840} INFO - DAG(s) 'pyspark_project_stop_processes' retrieved from /opt/airflow/dags/pyspark_project_stop_processes.py
[2025-10-15T13:34:50.812+0000] {logging_mixin.py:188} INFO - [2025-10-15T13:34:50.812+0000] {dag.py:3047} INFO - Sync 1 DAGs
[2025-10-15T13:34:50.824+0000] {logging_mixin.py:188} INFO - [2025-10-15T13:34:50.824+0000] {dag.py:3834} INFO - Setting next_dagrun for pyspark_project_stop_processes to None, run_after=None
[2025-10-15T13:34:50.842+0000] {processor.py:183} INFO - Processing /opt/airflow/dags/pyspark_project_stop_processes.py took 0.068 seconds
[2025-10-15T13:35:21.308+0000] {processor.py:161} INFO - Started process (PID=2611) to work on /opt/airflow/dags/pyspark_project_stop_processes.py
[2025-10-15T13:35:21.309+0000] {processor.py:830} INFO - Processing file /opt/airflow/dags/pyspark_project_stop_processes.py for tasks to queue
[2025-10-15T13:35:21.311+0000] {logging_mixin.py:188} INFO - [2025-10-15T13:35:21.310+0000] {dagbag.py:540} INFO - Filling up the DagBag from /opt/airflow/dags/pyspark_project_stop_processes.py
[2025-10-15T13:35:21.325+0000] {processor.py:840} INFO - DAG(s) 'pyspark_project_stop_processes' retrieved from /opt/airflow/dags/pyspark_project_stop_processes.py
[2025-10-15T13:35:21.342+0000] {logging_mixin.py:188} INFO - [2025-10-15T13:35:21.342+0000] {dag.py:3047} INFO - Sync 1 DAGs
[2025-10-15T13:35:21.353+0000] {logging_mixin.py:188} INFO - [2025-10-15T13:35:21.353+0000] {dag.py:3834} INFO - Setting next_dagrun for pyspark_project_stop_processes to None, run_after=None
[2025-10-15T13:35:21.371+0000] {processor.py:183} INFO - Processing /opt/airflow/dags/pyspark_project_stop_processes.py took 0.066 seconds
[2025-10-15T13:35:51.880+0000] {processor.py:161} INFO - Started process (PID=2671) to work on /opt/airflow/dags/pyspark_project_stop_processes.py
[2025-10-15T13:35:51.880+0000] {processor.py:830} INFO - Processing file /opt/airflow/dags/pyspark_project_stop_processes.py for tasks to queue
[2025-10-15T13:35:51.882+0000] {logging_mixin.py:188} INFO - [2025-10-15T13:35:51.882+0000] {dagbag.py:540} INFO - Filling up the DagBag from /opt/airflow/dags/pyspark_project_stop_processes.py
[2025-10-15T13:35:51.897+0000] {processor.py:840} INFO - DAG(s) 'pyspark_project_stop_processes' retrieved from /opt/airflow/dags/pyspark_project_stop_processes.py
[2025-10-15T13:35:51.914+0000] {logging_mixin.py:188} INFO - [2025-10-15T13:35:51.914+0000] {dag.py:3047} INFO - Sync 1 DAGs
[2025-10-15T13:35:51.925+0000] {logging_mixin.py:188} INFO - [2025-10-15T13:35:51.925+0000] {dag.py:3834} INFO - Setting next_dagrun for pyspark_project_stop_processes to None, run_after=None
[2025-10-15T13:35:51.944+0000] {processor.py:183} INFO - Processing /opt/airflow/dags/pyspark_project_stop_processes.py took 0.067 seconds
[2025-10-15T13:36:22.208+0000] {processor.py:161} INFO - Started process (PID=2731) to work on /opt/airflow/dags/pyspark_project_stop_processes.py
[2025-10-15T13:36:22.209+0000] {processor.py:830} INFO - Processing file /opt/airflow/dags/pyspark_project_stop_processes.py for tasks to queue
[2025-10-15T13:36:22.211+0000] {logging_mixin.py:188} INFO - [2025-10-15T13:36:22.211+0000] {dagbag.py:540} INFO - Filling up the DagBag from /opt/airflow/dags/pyspark_project_stop_processes.py
[2025-10-15T13:36:22.227+0000] {processor.py:840} INFO - DAG(s) 'pyspark_project_stop_processes' retrieved from /opt/airflow/dags/pyspark_project_stop_processes.py
[2025-10-15T13:36:22.245+0000] {logging_mixin.py:188} INFO - [2025-10-15T13:36:22.244+0000] {dag.py:3047} INFO - Sync 1 DAGs
[2025-10-15T13:36:22.256+0000] {logging_mixin.py:188} INFO - [2025-10-15T13:36:22.255+0000] {dag.py:3834} INFO - Setting next_dagrun for pyspark_project_stop_processes to None, run_after=None
[2025-10-15T13:36:22.276+0000] {processor.py:183} INFO - Processing /opt/airflow/dags/pyspark_project_stop_processes.py took 0.070 seconds
[2025-10-15T13:36:52.775+0000] {processor.py:161} INFO - Started process (PID=2791) to work on /opt/airflow/dags/pyspark_project_stop_processes.py
[2025-10-15T13:36:52.775+0000] {processor.py:830} INFO - Processing file /opt/airflow/dags/pyspark_project_stop_processes.py for tasks to queue
[2025-10-15T13:36:52.777+0000] {logging_mixin.py:188} INFO - [2025-10-15T13:36:52.777+0000] {dagbag.py:540} INFO - Filling up the DagBag from /opt/airflow/dags/pyspark_project_stop_processes.py
[2025-10-15T13:36:52.792+0000] {processor.py:840} INFO - DAG(s) 'pyspark_project_stop_processes' retrieved from /opt/airflow/dags/pyspark_project_stop_processes.py
[2025-10-15T13:36:52.809+0000] {logging_mixin.py:188} INFO - [2025-10-15T13:36:52.809+0000] {dag.py:3047} INFO - Sync 1 DAGs
[2025-10-15T13:36:52.821+0000] {logging_mixin.py:188} INFO - [2025-10-15T13:36:52.821+0000] {dag.py:3834} INFO - Setting next_dagrun for pyspark_project_stop_processes to None, run_after=None
[2025-10-15T13:36:52.840+0000] {processor.py:183} INFO - Processing /opt/airflow/dags/pyspark_project_stop_processes.py took 0.068 seconds
[2025-10-15T13:37:23.010+0000] {processor.py:161} INFO - Started process (PID=2852) to work on /opt/airflow/dags/pyspark_project_stop_processes.py
[2025-10-15T13:37:23.011+0000] {processor.py:830} INFO - Processing file /opt/airflow/dags/pyspark_project_stop_processes.py for tasks to queue
[2025-10-15T13:37:23.013+0000] {logging_mixin.py:188} INFO - [2025-10-15T13:37:23.013+0000] {dagbag.py:540} INFO - Filling up the DagBag from /opt/airflow/dags/pyspark_project_stop_processes.py
[2025-10-15T13:37:23.030+0000] {processor.py:840} INFO - DAG(s) 'pyspark_project_stop_processes' retrieved from /opt/airflow/dags/pyspark_project_stop_processes.py
[2025-10-15T13:37:23.048+0000] {logging_mixin.py:188} INFO - [2025-10-15T13:37:23.048+0000] {dag.py:3047} INFO - Sync 1 DAGs
[2025-10-15T13:37:23.061+0000] {logging_mixin.py:188} INFO - [2025-10-15T13:37:23.060+0000] {dag.py:3834} INFO - Setting next_dagrun for pyspark_project_stop_processes to None, run_after=None
[2025-10-15T13:37:23.080+0000] {processor.py:183} INFO - Processing /opt/airflow/dags/pyspark_project_stop_processes.py took 0.073 seconds
[2025-10-15T13:37:49.335+0000] {processor.py:161} INFO - Started process (PID=2912) to work on /opt/airflow/dags/pyspark_project_stop_processes.py
[2025-10-15T13:37:49.336+0000] {processor.py:830} INFO - Processing file /opt/airflow/dags/pyspark_project_stop_processes.py for tasks to queue
[2025-10-15T13:37:49.338+0000] {logging_mixin.py:188} INFO - [2025-10-15T13:37:49.338+0000] {dagbag.py:540} INFO - Filling up the DagBag from /opt/airflow/dags/pyspark_project_stop_processes.py
[2025-10-15T13:37:49.359+0000] {processor.py:840} INFO - DAG(s) 'pyspark_project_stop_processes' retrieved from /opt/airflow/dags/pyspark_project_stop_processes.py
[2025-10-15T13:37:49.541+0000] {logging_mixin.py:188} INFO - [2025-10-15T13:37:49.541+0000] {dag.py:3047} INFO - Sync 1 DAGs
[2025-10-15T13:37:49.550+0000] {logging_mixin.py:188} INFO - [2025-10-15T13:37:49.550+0000] {dag.py:3834} INFO - Setting next_dagrun for pyspark_project_stop_processes to None, run_after=None
[2025-10-15T13:37:49.569+0000] {processor.py:183} INFO - Processing /opt/airflow/dags/pyspark_project_stop_processes.py took 0.236 seconds
[2025-10-15T13:38:20.176+0000] {processor.py:161} INFO - Started process (PID=2972) to work on /opt/airflow/dags/pyspark_project_stop_processes.py
[2025-10-15T13:38:20.177+0000] {processor.py:830} INFO - Processing file /opt/airflow/dags/pyspark_project_stop_processes.py for tasks to queue
[2025-10-15T13:38:20.178+0000] {logging_mixin.py:188} INFO - [2025-10-15T13:38:20.178+0000] {dagbag.py:540} INFO - Filling up the DagBag from /opt/airflow/dags/pyspark_project_stop_processes.py
[2025-10-15T13:38:20.192+0000] {processor.py:840} INFO - DAG(s) 'pyspark_project_stop_processes' retrieved from /opt/airflow/dags/pyspark_project_stop_processes.py
[2025-10-15T13:38:20.209+0000] {logging_mixin.py:188} INFO - [2025-10-15T13:38:20.208+0000] {dag.py:3047} INFO - Sync 1 DAGs
[2025-10-15T13:38:20.219+0000] {logging_mixin.py:188} INFO - [2025-10-15T13:38:20.219+0000] {dag.py:3834} INFO - Setting next_dagrun for pyspark_project_stop_processes to None, run_after=None
[2025-10-15T13:38:20.237+0000] {processor.py:183} INFO - Processing /opt/airflow/dags/pyspark_project_stop_processes.py took 0.064 seconds
[2025-10-15T13:38:51.043+0000] {processor.py:161} INFO - Started process (PID=3032) to work on /opt/airflow/dags/pyspark_project_stop_processes.py
[2025-10-15T13:38:51.044+0000] {processor.py:830} INFO - Processing file /opt/airflow/dags/pyspark_project_stop_processes.py for tasks to queue
[2025-10-15T13:38:51.046+0000] {logging_mixin.py:188} INFO - [2025-10-15T13:38:51.045+0000] {dagbag.py:540} INFO - Filling up the DagBag from /opt/airflow/dags/pyspark_project_stop_processes.py
[2025-10-15T13:38:51.067+0000] {processor.py:840} INFO - DAG(s) 'pyspark_project_stop_processes' retrieved from /opt/airflow/dags/pyspark_project_stop_processes.py
[2025-10-15T13:38:51.088+0000] {logging_mixin.py:188} INFO - [2025-10-15T13:38:51.088+0000] {dag.py:3047} INFO - Sync 1 DAGs
[2025-10-15T13:38:51.104+0000] {logging_mixin.py:188} INFO - [2025-10-15T13:38:51.103+0000] {dag.py:3834} INFO - Setting next_dagrun for pyspark_project_stop_processes to None, run_after=None
[2025-10-15T13:38:51.128+0000] {processor.py:183} INFO - Processing /opt/airflow/dags/pyspark_project_stop_processes.py took 0.088 seconds
[2025-10-15T13:39:21.268+0000] {processor.py:161} INFO - Started process (PID=3091) to work on /opt/airflow/dags/pyspark_project_stop_processes.py
[2025-10-15T13:39:21.269+0000] {processor.py:830} INFO - Processing file /opt/airflow/dags/pyspark_project_stop_processes.py for tasks to queue
[2025-10-15T13:39:21.270+0000] {logging_mixin.py:188} INFO - [2025-10-15T13:39:21.270+0000] {dagbag.py:540} INFO - Filling up the DagBag from /opt/airflow/dags/pyspark_project_stop_processes.py
[2025-10-15T13:39:21.285+0000] {processor.py:840} INFO - DAG(s) 'pyspark_project_stop_processes' retrieved from /opt/airflow/dags/pyspark_project_stop_processes.py
[2025-10-15T13:39:21.303+0000] {logging_mixin.py:188} INFO - [2025-10-15T13:39:21.302+0000] {dag.py:3047} INFO - Sync 1 DAGs
[2025-10-15T13:39:21.315+0000] {logging_mixin.py:188} INFO - [2025-10-15T13:39:21.314+0000] {dag.py:3834} INFO - Setting next_dagrun for pyspark_project_stop_processes to None, run_after=None
[2025-10-15T13:39:21.333+0000] {processor.py:183} INFO - Processing /opt/airflow/dags/pyspark_project_stop_processes.py took 0.068 seconds
[2025-10-15T13:39:51.713+0000] {processor.py:161} INFO - Started process (PID=3151) to work on /opt/airflow/dags/pyspark_project_stop_processes.py
[2025-10-15T13:39:51.714+0000] {processor.py:830} INFO - Processing file /opt/airflow/dags/pyspark_project_stop_processes.py for tasks to queue
[2025-10-15T13:39:51.716+0000] {logging_mixin.py:188} INFO - [2025-10-15T13:39:51.715+0000] {dagbag.py:540} INFO - Filling up the DagBag from /opt/airflow/dags/pyspark_project_stop_processes.py
[2025-10-15T13:39:51.730+0000] {processor.py:840} INFO - DAG(s) 'pyspark_project_stop_processes' retrieved from /opt/airflow/dags/pyspark_project_stop_processes.py
[2025-10-15T13:39:51.746+0000] {logging_mixin.py:188} INFO - [2025-10-15T13:39:51.746+0000] {dag.py:3047} INFO - Sync 1 DAGs
[2025-10-15T13:39:51.759+0000] {logging_mixin.py:188} INFO - [2025-10-15T13:39:51.759+0000] {dag.py:3834} INFO - Setting next_dagrun for pyspark_project_stop_processes to None, run_after=None
[2025-10-15T13:39:51.778+0000] {processor.py:183} INFO - Processing /opt/airflow/dags/pyspark_project_stop_processes.py took 0.068 seconds
[2025-10-15T13:40:22.379+0000] {processor.py:161} INFO - Started process (PID=3211) to work on /opt/airflow/dags/pyspark_project_stop_processes.py
[2025-10-15T13:40:22.381+0000] {processor.py:830} INFO - Processing file /opt/airflow/dags/pyspark_project_stop_processes.py for tasks to queue
[2025-10-15T13:40:22.382+0000] {logging_mixin.py:188} INFO - [2025-10-15T13:40:22.382+0000] {dagbag.py:540} INFO - Filling up the DagBag from /opt/airflow/dags/pyspark_project_stop_processes.py
[2025-10-15T13:40:22.398+0000] {processor.py:840} INFO - DAG(s) 'pyspark_project_stop_processes' retrieved from /opt/airflow/dags/pyspark_project_stop_processes.py
[2025-10-15T13:40:22.415+0000] {logging_mixin.py:188} INFO - [2025-10-15T13:40:22.415+0000] {dag.py:3047} INFO - Sync 1 DAGs
[2025-10-15T13:40:22.426+0000] {logging_mixin.py:188} INFO - [2025-10-15T13:40:22.426+0000] {dag.py:3834} INFO - Setting next_dagrun for pyspark_project_stop_processes to None, run_after=None
[2025-10-15T13:40:22.452+0000] {processor.py:183} INFO - Processing /opt/airflow/dags/pyspark_project_stop_processes.py took 0.075 seconds
[2025-10-15T13:40:23.394+0000] {processor.py:161} INFO - Started process (PID=3212) to work on /opt/airflow/dags/pyspark_project_stop_processes.py
[2025-10-15T13:40:23.394+0000] {processor.py:830} INFO - Processing file /opt/airflow/dags/pyspark_project_stop_processes.py for tasks to queue
[2025-10-15T13:40:23.396+0000] {logging_mixin.py:188} INFO - [2025-10-15T13:40:23.396+0000] {dagbag.py:540} INFO - Filling up the DagBag from /opt/airflow/dags/pyspark_project_stop_processes.py
[2025-10-15T13:40:23.418+0000] {processor.py:840} INFO - DAG(s) 'pyspark_project_stop_processes' retrieved from /opt/airflow/dags/pyspark_project_stop_processes.py
[2025-10-15T13:40:23.435+0000] {logging_mixin.py:188} INFO - [2025-10-15T13:40:23.435+0000] {dag.py:3047} INFO - Sync 1 DAGs
[2025-10-15T13:40:23.448+0000] {logging_mixin.py:188} INFO - [2025-10-15T13:40:23.447+0000] {dag.py:3834} INFO - Setting next_dagrun for pyspark_project_stop_processes to None, run_after=None
[2025-10-15T13:40:23.469+0000] {processor.py:183} INFO - Processing /opt/airflow/dags/pyspark_project_stop_processes.py took 0.079 seconds
[2025-10-15T13:40:54.182+0000] {processor.py:161} INFO - Started process (PID=3274) to work on /opt/airflow/dags/pyspark_project_stop_processes.py
[2025-10-15T13:40:54.183+0000] {processor.py:830} INFO - Processing file /opt/airflow/dags/pyspark_project_stop_processes.py for tasks to queue
[2025-10-15T13:40:54.185+0000] {logging_mixin.py:188} INFO - [2025-10-15T13:40:54.184+0000] {dagbag.py:540} INFO - Filling up the DagBag from /opt/airflow/dags/pyspark_project_stop_processes.py
[2025-10-15T13:40:54.198+0000] {processor.py:840} INFO - DAG(s) 'pyspark_project_stop_processes' retrieved from /opt/airflow/dags/pyspark_project_stop_processes.py
[2025-10-15T13:40:54.215+0000] {logging_mixin.py:188} INFO - [2025-10-15T13:40:54.215+0000] {dag.py:3047} INFO - Sync 1 DAGs
[2025-10-15T13:40:54.227+0000] {logging_mixin.py:188} INFO - [2025-10-15T13:40:54.226+0000] {dag.py:3834} INFO - Setting next_dagrun for pyspark_project_stop_processes to None, run_after=None
[2025-10-15T13:40:54.244+0000] {processor.py:183} INFO - Processing /opt/airflow/dags/pyspark_project_stop_processes.py took 0.065 seconds
[2025-10-15T13:41:24.834+0000] {processor.py:161} INFO - Started process (PID=3335) to work on /opt/airflow/dags/pyspark_project_stop_processes.py
[2025-10-15T13:41:24.834+0000] {processor.py:830} INFO - Processing file /opt/airflow/dags/pyspark_project_stop_processes.py for tasks to queue
[2025-10-15T13:41:24.837+0000] {logging_mixin.py:188} INFO - [2025-10-15T13:41:24.836+0000] {dagbag.py:540} INFO - Filling up the DagBag from /opt/airflow/dags/pyspark_project_stop_processes.py
[2025-10-15T13:41:24.854+0000] {processor.py:840} INFO - DAG(s) 'pyspark_project_stop_processes' retrieved from /opt/airflow/dags/pyspark_project_stop_processes.py
[2025-10-15T13:41:24.876+0000] {logging_mixin.py:188} INFO - [2025-10-15T13:41:24.876+0000] {dag.py:3047} INFO - Sync 1 DAGs
[2025-10-15T13:41:24.893+0000] {logging_mixin.py:188} INFO - [2025-10-15T13:41:24.893+0000] {dag.py:3834} INFO - Setting next_dagrun for pyspark_project_stop_processes to None, run_after=None
[2025-10-15T13:41:24.923+0000] {processor.py:183} INFO - Processing /opt/airflow/dags/pyspark_project_stop_processes.py took 0.092 seconds
[2025-10-15T13:42:56.912+0000] {processor.py:161} INFO - Started process (PID=88) to work on /opt/airflow/dags/pyspark_project_stop_processes.py
[2025-10-15T13:42:56.913+0000] {processor.py:830} INFO - Processing file /opt/airflow/dags/pyspark_project_stop_processes.py for tasks to queue
[2025-10-15T13:42:56.914+0000] {logging_mixin.py:188} INFO - [2025-10-15T13:42:56.914+0000] {dagbag.py:540} INFO - Filling up the DagBag from /opt/airflow/dags/pyspark_project_stop_processes.py
[2025-10-15T13:42:56.929+0000] {processor.py:840} INFO - DAG(s) 'pyspark_project_stop_processes' retrieved from /opt/airflow/dags/pyspark_project_stop_processes.py
[2025-10-15T13:42:57.099+0000] {logging_mixin.py:188} INFO - [2025-10-15T13:42:57.099+0000] {dag.py:3047} INFO - Sync 1 DAGs
[2025-10-15T13:42:57.109+0000] {logging_mixin.py:188} INFO - [2025-10-15T13:42:57.109+0000] {dag.py:3834} INFO - Setting next_dagrun for pyspark_project_stop_processes to None, run_after=None
[2025-10-15T13:42:57.129+0000] {processor.py:183} INFO - Processing /opt/airflow/dags/pyspark_project_stop_processes.py took 0.220 seconds
[2025-10-15T13:43:27.508+0000] {processor.py:161} INFO - Started process (PID=148) to work on /opt/airflow/dags/pyspark_project_stop_processes.py
[2025-10-15T13:43:27.509+0000] {processor.py:830} INFO - Processing file /opt/airflow/dags/pyspark_project_stop_processes.py for tasks to queue
[2025-10-15T13:43:27.511+0000] {logging_mixin.py:188} INFO - [2025-10-15T13:43:27.510+0000] {dagbag.py:540} INFO - Filling up the DagBag from /opt/airflow/dags/pyspark_project_stop_processes.py
[2025-10-15T13:43:27.522+0000] {processor.py:840} INFO - DAG(s) 'pyspark_project_stop_processes' retrieved from /opt/airflow/dags/pyspark_project_stop_processes.py
[2025-10-15T13:43:27.540+0000] {logging_mixin.py:188} INFO - [2025-10-15T13:43:27.539+0000] {dag.py:3047} INFO - Sync 1 DAGs
[2025-10-15T13:43:27.551+0000] {logging_mixin.py:188} INFO - [2025-10-15T13:43:27.551+0000] {dag.py:3834} INFO - Setting next_dagrun for pyspark_project_stop_processes to None, run_after=None
[2025-10-15T13:43:27.571+0000] {processor.py:183} INFO - Processing /opt/airflow/dags/pyspark_project_stop_processes.py took 0.066 seconds
[2025-10-15T13:43:57.917+0000] {processor.py:161} INFO - Started process (PID=208) to work on /opt/airflow/dags/pyspark_project_stop_processes.py
[2025-10-15T13:43:57.918+0000] {processor.py:830} INFO - Processing file /opt/airflow/dags/pyspark_project_stop_processes.py for tasks to queue
[2025-10-15T13:43:57.919+0000] {logging_mixin.py:188} INFO - [2025-10-15T13:43:57.919+0000] {dagbag.py:540} INFO - Filling up the DagBag from /opt/airflow/dags/pyspark_project_stop_processes.py
[2025-10-15T13:43:57.935+0000] {processor.py:840} INFO - DAG(s) 'pyspark_project_stop_processes' retrieved from /opt/airflow/dags/pyspark_project_stop_processes.py
[2025-10-15T13:43:57.952+0000] {logging_mixin.py:188} INFO - [2025-10-15T13:43:57.951+0000] {dag.py:3047} INFO - Sync 1 DAGs
[2025-10-15T13:43:57.962+0000] {logging_mixin.py:188} INFO - [2025-10-15T13:43:57.962+0000] {dag.py:3834} INFO - Setting next_dagrun for pyspark_project_stop_processes to None, run_after=None
[2025-10-15T13:43:57.980+0000] {processor.py:183} INFO - Processing /opt/airflow/dags/pyspark_project_stop_processes.py took 0.066 seconds
[2025-10-15T13:44:28.330+0000] {processor.py:161} INFO - Started process (PID=269) to work on /opt/airflow/dags/pyspark_project_stop_processes.py
[2025-10-15T13:44:28.331+0000] {processor.py:830} INFO - Processing file /opt/airflow/dags/pyspark_project_stop_processes.py for tasks to queue
[2025-10-15T13:44:28.332+0000] {logging_mixin.py:188} INFO - [2025-10-15T13:44:28.332+0000] {dagbag.py:540} INFO - Filling up the DagBag from /opt/airflow/dags/pyspark_project_stop_processes.py
[2025-10-15T13:44:28.346+0000] {processor.py:840} INFO - DAG(s) 'pyspark_project_stop_processes' retrieved from /opt/airflow/dags/pyspark_project_stop_processes.py
[2025-10-15T13:44:28.365+0000] {logging_mixin.py:188} INFO - [2025-10-15T13:44:28.364+0000] {dag.py:3047} INFO - Sync 1 DAGs
[2025-10-15T13:44:28.378+0000] {logging_mixin.py:188} INFO - [2025-10-15T13:44:28.377+0000] {dag.py:3834} INFO - Setting next_dagrun for pyspark_project_stop_processes to None, run_after=None
[2025-10-15T13:44:28.398+0000] {processor.py:183} INFO - Processing /opt/airflow/dags/pyspark_project_stop_processes.py took 0.071 seconds
[2025-10-15T13:44:58.494+0000] {processor.py:161} INFO - Started process (PID=329) to work on /opt/airflow/dags/pyspark_project_stop_processes.py
[2025-10-15T13:44:58.495+0000] {processor.py:830} INFO - Processing file /opt/airflow/dags/pyspark_project_stop_processes.py for tasks to queue
[2025-10-15T13:44:58.496+0000] {logging_mixin.py:188} INFO - [2025-10-15T13:44:58.496+0000] {dagbag.py:540} INFO - Filling up the DagBag from /opt/airflow/dags/pyspark_project_stop_processes.py
[2025-10-15T13:44:58.510+0000] {processor.py:840} INFO - DAG(s) 'pyspark_project_stop_processes' retrieved from /opt/airflow/dags/pyspark_project_stop_processes.py
[2025-10-15T13:44:58.526+0000] {logging_mixin.py:188} INFO - [2025-10-15T13:44:58.526+0000] {dag.py:3047} INFO - Sync 1 DAGs
[2025-10-15T13:44:58.537+0000] {logging_mixin.py:188} INFO - [2025-10-15T13:44:58.537+0000] {dag.py:3834} INFO - Setting next_dagrun for pyspark_project_stop_processes to None, run_after=None
[2025-10-15T13:44:58.553+0000] {processor.py:183} INFO - Processing /opt/airflow/dags/pyspark_project_stop_processes.py took 0.062 seconds
[2025-10-15T13:45:28.710+0000] {processor.py:161} INFO - Started process (PID=389) to work on /opt/airflow/dags/pyspark_project_stop_processes.py
[2025-10-15T13:45:28.711+0000] {processor.py:830} INFO - Processing file /opt/airflow/dags/pyspark_project_stop_processes.py for tasks to queue
[2025-10-15T13:45:28.713+0000] {logging_mixin.py:188} INFO - [2025-10-15T13:45:28.713+0000] {dagbag.py:540} INFO - Filling up the DagBag from /opt/airflow/dags/pyspark_project_stop_processes.py
[2025-10-15T13:45:28.732+0000] {processor.py:840} INFO - DAG(s) 'pyspark_project_stop_processes' retrieved from /opt/airflow/dags/pyspark_project_stop_processes.py
[2025-10-15T13:45:28.754+0000] {logging_mixin.py:188} INFO - [2025-10-15T13:45:28.753+0000] {dag.py:3047} INFO - Sync 1 DAGs
[2025-10-15T13:45:28.773+0000] {logging_mixin.py:188} INFO - [2025-10-15T13:45:28.772+0000] {dag.py:3834} INFO - Setting next_dagrun for pyspark_project_stop_processes to None, run_after=None
[2025-10-15T13:45:28.796+0000] {processor.py:183} INFO - Processing /opt/airflow/dags/pyspark_project_stop_processes.py took 0.089 seconds
[2025-10-15T13:45:58.864+0000] {processor.py:161} INFO - Started process (PID=449) to work on /opt/airflow/dags/pyspark_project_stop_processes.py
[2025-10-15T13:45:58.865+0000] {processor.py:830} INFO - Processing file /opt/airflow/dags/pyspark_project_stop_processes.py for tasks to queue
[2025-10-15T13:45:58.868+0000] {logging_mixin.py:188} INFO - [2025-10-15T13:45:58.867+0000] {dagbag.py:540} INFO - Filling up the DagBag from /opt/airflow/dags/pyspark_project_stop_processes.py
[2025-10-15T13:45:58.889+0000] {processor.py:840} INFO - DAG(s) 'pyspark_project_stop_processes' retrieved from /opt/airflow/dags/pyspark_project_stop_processes.py
[2025-10-15T13:45:58.909+0000] {logging_mixin.py:188} INFO - [2025-10-15T13:45:58.908+0000] {dag.py:3047} INFO - Sync 1 DAGs
[2025-10-15T13:45:58.922+0000] {logging_mixin.py:188} INFO - [2025-10-15T13:45:58.922+0000] {dag.py:3834} INFO - Setting next_dagrun for pyspark_project_stop_processes to None, run_after=None
[2025-10-15T13:45:58.941+0000] {processor.py:183} INFO - Processing /opt/airflow/dags/pyspark_project_stop_processes.py took 0.079 seconds
[2025-10-15T13:46:29.123+0000] {processor.py:161} INFO - Started process (PID=509) to work on /opt/airflow/dags/pyspark_project_stop_processes.py
[2025-10-15T13:46:29.124+0000] {processor.py:830} INFO - Processing file /opt/airflow/dags/pyspark_project_stop_processes.py for tasks to queue
[2025-10-15T13:46:29.126+0000] {logging_mixin.py:188} INFO - [2025-10-15T13:46:29.126+0000] {dagbag.py:540} INFO - Filling up the DagBag from /opt/airflow/dags/pyspark_project_stop_processes.py
[2025-10-15T13:46:29.142+0000] {processor.py:840} INFO - DAG(s) 'pyspark_project_stop_processes' retrieved from /opt/airflow/dags/pyspark_project_stop_processes.py
[2025-10-15T13:46:29.159+0000] {logging_mixin.py:188} INFO - [2025-10-15T13:46:29.159+0000] {dag.py:3047} INFO - Sync 1 DAGs
[2025-10-15T13:46:29.171+0000] {logging_mixin.py:188} INFO - [2025-10-15T13:46:29.171+0000] {dag.py:3834} INFO - Setting next_dagrun for pyspark_project_stop_processes to None, run_after=None
[2025-10-15T13:46:29.189+0000] {processor.py:183} INFO - Processing /opt/airflow/dags/pyspark_project_stop_processes.py took 0.068 seconds
[2025-10-15T13:46:59.359+0000] {processor.py:161} INFO - Started process (PID=569) to work on /opt/airflow/dags/pyspark_project_stop_processes.py
[2025-10-15T13:46:59.360+0000] {processor.py:830} INFO - Processing file /opt/airflow/dags/pyspark_project_stop_processes.py for tasks to queue
[2025-10-15T13:46:59.363+0000] {logging_mixin.py:188} INFO - [2025-10-15T13:46:59.362+0000] {dagbag.py:540} INFO - Filling up the DagBag from /opt/airflow/dags/pyspark_project_stop_processes.py
[2025-10-15T13:46:59.390+0000] {processor.py:840} INFO - DAG(s) 'pyspark_project_stop_processes' retrieved from /opt/airflow/dags/pyspark_project_stop_processes.py
[2025-10-15T13:46:59.423+0000] {logging_mixin.py:188} INFO - [2025-10-15T13:46:59.423+0000] {dag.py:3047} INFO - Sync 1 DAGs
[2025-10-15T13:46:59.461+0000] {logging_mixin.py:188} INFO - [2025-10-15T13:46:59.461+0000] {dag.py:3834} INFO - Setting next_dagrun for pyspark_project_stop_processes to None, run_after=None
[2025-10-15T13:46:59.488+0000] {processor.py:183} INFO - Processing /opt/airflow/dags/pyspark_project_stop_processes.py took 0.131 seconds
[2025-10-15T13:47:29.739+0000] {processor.py:161} INFO - Started process (PID=629) to work on /opt/airflow/dags/pyspark_project_stop_processes.py
[2025-10-15T13:47:29.740+0000] {processor.py:830} INFO - Processing file /opt/airflow/dags/pyspark_project_stop_processes.py for tasks to queue
[2025-10-15T13:47:29.742+0000] {logging_mixin.py:188} INFO - [2025-10-15T13:47:29.741+0000] {dagbag.py:540} INFO - Filling up the DagBag from /opt/airflow/dags/pyspark_project_stop_processes.py
[2025-10-15T13:47:29.760+0000] {processor.py:840} INFO - DAG(s) 'pyspark_project_stop_processes' retrieved from /opt/airflow/dags/pyspark_project_stop_processes.py
[2025-10-15T13:47:29.780+0000] {logging_mixin.py:188} INFO - [2025-10-15T13:47:29.780+0000] {dag.py:3047} INFO - Sync 1 DAGs
[2025-10-15T13:47:29.792+0000] {logging_mixin.py:188} INFO - [2025-10-15T13:47:29.791+0000] {dag.py:3834} INFO - Setting next_dagrun for pyspark_project_stop_processes to None, run_after=None
[2025-10-15T13:47:29.810+0000] {processor.py:183} INFO - Processing /opt/airflow/dags/pyspark_project_stop_processes.py took 0.074 seconds
[2025-10-15T13:48:00.283+0000] {processor.py:161} INFO - Started process (PID=689) to work on /opt/airflow/dags/pyspark_project_stop_processes.py
[2025-10-15T13:48:00.284+0000] {processor.py:830} INFO - Processing file /opt/airflow/dags/pyspark_project_stop_processes.py for tasks to queue
[2025-10-15T13:48:00.285+0000] {logging_mixin.py:188} INFO - [2025-10-15T13:48:00.285+0000] {dagbag.py:540} INFO - Filling up the DagBag from /opt/airflow/dags/pyspark_project_stop_processes.py
[2025-10-15T13:48:00.301+0000] {processor.py:840} INFO - DAG(s) 'pyspark_project_stop_processes' retrieved from /opt/airflow/dags/pyspark_project_stop_processes.py
[2025-10-15T13:48:00.318+0000] {logging_mixin.py:188} INFO - [2025-10-15T13:48:00.318+0000] {dag.py:3047} INFO - Sync 1 DAGs
[2025-10-15T13:48:00.330+0000] {logging_mixin.py:188} INFO - [2025-10-15T13:48:00.330+0000] {dag.py:3834} INFO - Setting next_dagrun for pyspark_project_stop_processes to None, run_after=None
[2025-10-15T13:48:00.349+0000] {processor.py:183} INFO - Processing /opt/airflow/dags/pyspark_project_stop_processes.py took 0.068 seconds
[2025-10-15T13:48:30.403+0000] {processor.py:161} INFO - Started process (PID=749) to work on /opt/airflow/dags/pyspark_project_stop_processes.py
[2025-10-15T13:48:30.403+0000] {processor.py:830} INFO - Processing file /opt/airflow/dags/pyspark_project_stop_processes.py for tasks to queue
[2025-10-15T13:48:30.405+0000] {logging_mixin.py:188} INFO - [2025-10-15T13:48:30.405+0000] {dagbag.py:540} INFO - Filling up the DagBag from /opt/airflow/dags/pyspark_project_stop_processes.py
[2025-10-15T13:48:30.420+0000] {processor.py:840} INFO - DAG(s) 'pyspark_project_stop_processes' retrieved from /opt/airflow/dags/pyspark_project_stop_processes.py
[2025-10-15T13:48:30.438+0000] {logging_mixin.py:188} INFO - [2025-10-15T13:48:30.437+0000] {dag.py:3047} INFO - Sync 1 DAGs
[2025-10-15T13:48:30.450+0000] {logging_mixin.py:188} INFO - [2025-10-15T13:48:30.449+0000] {dag.py:3834} INFO - Setting next_dagrun for pyspark_project_stop_processes to None, run_after=None
[2025-10-15T13:48:30.469+0000] {processor.py:183} INFO - Processing /opt/airflow/dags/pyspark_project_stop_processes.py took 0.069 seconds
[2025-10-15T13:49:00.547+0000] {processor.py:161} INFO - Started process (PID=809) to work on /opt/airflow/dags/pyspark_project_stop_processes.py
[2025-10-15T13:49:00.548+0000] {processor.py:830} INFO - Processing file /opt/airflow/dags/pyspark_project_stop_processes.py for tasks to queue
[2025-10-15T13:49:00.549+0000] {logging_mixin.py:188} INFO - [2025-10-15T13:49:00.549+0000] {dagbag.py:540} INFO - Filling up the DagBag from /opt/airflow/dags/pyspark_project_stop_processes.py
[2025-10-15T13:49:00.562+0000] {processor.py:840} INFO - DAG(s) 'pyspark_project_stop_processes' retrieved from /opt/airflow/dags/pyspark_project_stop_processes.py
[2025-10-15T13:49:00.578+0000] {logging_mixin.py:188} INFO - [2025-10-15T13:49:00.578+0000] {dag.py:3047} INFO - Sync 1 DAGs
[2025-10-15T13:49:00.590+0000] {logging_mixin.py:188} INFO - [2025-10-15T13:49:00.590+0000] {dag.py:3834} INFO - Setting next_dagrun for pyspark_project_stop_processes to None, run_after=None
[2025-10-15T13:49:00.609+0000] {processor.py:183} INFO - Processing /opt/airflow/dags/pyspark_project_stop_processes.py took 0.064 seconds
[2025-10-15T13:49:30.646+0000] {processor.py:161} INFO - Started process (PID=869) to work on /opt/airflow/dags/pyspark_project_stop_processes.py
[2025-10-15T13:49:30.647+0000] {processor.py:830} INFO - Processing file /opt/airflow/dags/pyspark_project_stop_processes.py for tasks to queue
[2025-10-15T13:49:30.648+0000] {logging_mixin.py:188} INFO - [2025-10-15T13:49:30.648+0000] {dagbag.py:540} INFO - Filling up the DagBag from /opt/airflow/dags/pyspark_project_stop_processes.py
[2025-10-15T13:49:30.664+0000] {processor.py:840} INFO - DAG(s) 'pyspark_project_stop_processes' retrieved from /opt/airflow/dags/pyspark_project_stop_processes.py
[2025-10-15T13:49:30.681+0000] {logging_mixin.py:188} INFO - [2025-10-15T13:49:30.681+0000] {dag.py:3047} INFO - Sync 1 DAGs
[2025-10-15T13:49:30.691+0000] {logging_mixin.py:188} INFO - [2025-10-15T13:49:30.691+0000] {dag.py:3834} INFO - Setting next_dagrun for pyspark_project_stop_processes to None, run_after=None
[2025-10-15T13:49:30.711+0000] {processor.py:183} INFO - Processing /opt/airflow/dags/pyspark_project_stop_processes.py took 0.068 seconds
[2025-10-15T13:50:00.882+0000] {processor.py:161} INFO - Started process (PID=929) to work on /opt/airflow/dags/pyspark_project_stop_processes.py
[2025-10-15T13:50:00.883+0000] {processor.py:830} INFO - Processing file /opt/airflow/dags/pyspark_project_stop_processes.py for tasks to queue
[2025-10-15T13:50:00.885+0000] {logging_mixin.py:188} INFO - [2025-10-15T13:50:00.884+0000] {dagbag.py:540} INFO - Filling up the DagBag from /opt/airflow/dags/pyspark_project_stop_processes.py
[2025-10-15T13:50:00.901+0000] {processor.py:840} INFO - DAG(s) 'pyspark_project_stop_processes' retrieved from /opt/airflow/dags/pyspark_project_stop_processes.py
[2025-10-15T13:50:00.922+0000] {logging_mixin.py:188} INFO - [2025-10-15T13:50:00.922+0000] {dag.py:3047} INFO - Sync 1 DAGs
[2025-10-15T13:50:00.937+0000] {logging_mixin.py:188} INFO - [2025-10-15T13:50:00.936+0000] {dag.py:3834} INFO - Setting next_dagrun for pyspark_project_stop_processes to None, run_after=None
[2025-10-15T13:50:00.965+0000] {processor.py:183} INFO - Processing /opt/airflow/dags/pyspark_project_stop_processes.py took 0.087 seconds
[2025-10-15T13:50:31.328+0000] {processor.py:161} INFO - Started process (PID=990) to work on /opt/airflow/dags/pyspark_project_stop_processes.py
[2025-10-15T13:50:31.328+0000] {processor.py:830} INFO - Processing file /opt/airflow/dags/pyspark_project_stop_processes.py for tasks to queue
[2025-10-15T13:50:31.330+0000] {logging_mixin.py:188} INFO - [2025-10-15T13:50:31.330+0000] {dagbag.py:540} INFO - Filling up the DagBag from /opt/airflow/dags/pyspark_project_stop_processes.py
[2025-10-15T13:50:31.345+0000] {processor.py:840} INFO - DAG(s) 'pyspark_project_stop_processes' retrieved from /opt/airflow/dags/pyspark_project_stop_processes.py
[2025-10-15T13:50:31.361+0000] {logging_mixin.py:188} INFO - [2025-10-15T13:50:31.361+0000] {dag.py:3047} INFO - Sync 1 DAGs
[2025-10-15T13:50:31.372+0000] {logging_mixin.py:188} INFO - [2025-10-15T13:50:31.371+0000] {dag.py:3834} INFO - Setting next_dagrun for pyspark_project_stop_processes to None, run_after=None
[2025-10-15T13:50:31.391+0000] {processor.py:183} INFO - Processing /opt/airflow/dags/pyspark_project_stop_processes.py took 0.066 seconds
[2025-10-15T13:51:01.775+0000] {processor.py:161} INFO - Started process (PID=1051) to work on /opt/airflow/dags/pyspark_project_stop_processes.py
[2025-10-15T13:51:01.776+0000] {processor.py:830} INFO - Processing file /opt/airflow/dags/pyspark_project_stop_processes.py for tasks to queue
[2025-10-15T13:51:01.778+0000] {logging_mixin.py:188} INFO - [2025-10-15T13:51:01.778+0000] {dagbag.py:540} INFO - Filling up the DagBag from /opt/airflow/dags/pyspark_project_stop_processes.py
[2025-10-15T13:51:01.792+0000] {processor.py:840} INFO - DAG(s) 'pyspark_project_stop_processes' retrieved from /opt/airflow/dags/pyspark_project_stop_processes.py
[2025-10-15T13:51:01.810+0000] {logging_mixin.py:188} INFO - [2025-10-15T13:51:01.810+0000] {dag.py:3047} INFO - Sync 1 DAGs
[2025-10-15T13:51:01.821+0000] {logging_mixin.py:188} INFO - [2025-10-15T13:51:01.821+0000] {dag.py:3834} INFO - Setting next_dagrun for pyspark_project_stop_processes to None, run_after=None
[2025-10-15T13:51:01.844+0000] {processor.py:183} INFO - Processing /opt/airflow/dags/pyspark_project_stop_processes.py took 0.071 seconds
[2025-10-15T13:51:32.432+0000] {processor.py:161} INFO - Started process (PID=1118) to work on /opt/airflow/dags/pyspark_project_stop_processes.py
[2025-10-15T13:51:32.432+0000] {processor.py:830} INFO - Processing file /opt/airflow/dags/pyspark_project_stop_processes.py for tasks to queue
[2025-10-15T13:51:32.434+0000] {logging_mixin.py:188} INFO - [2025-10-15T13:51:32.434+0000] {dagbag.py:540} INFO - Filling up the DagBag from /opt/airflow/dags/pyspark_project_stop_processes.py
[2025-10-15T13:51:32.450+0000] {processor.py:840} INFO - DAG(s) 'pyspark_project_stop_processes' retrieved from /opt/airflow/dags/pyspark_project_stop_processes.py
[2025-10-15T13:51:32.468+0000] {logging_mixin.py:188} INFO - [2025-10-15T13:51:32.468+0000] {dag.py:3047} INFO - Sync 1 DAGs
[2025-10-15T13:51:32.480+0000] {logging_mixin.py:188} INFO - [2025-10-15T13:51:32.480+0000] {dag.py:3834} INFO - Setting next_dagrun for pyspark_project_stop_processes to None, run_after=None
[2025-10-15T13:51:32.501+0000] {processor.py:183} INFO - Processing /opt/airflow/dags/pyspark_project_stop_processes.py took 0.072 seconds
[2025-10-15T13:51:45.425+0000] {processor.py:161} INFO - Started process (PID=1170) to work on /opt/airflow/dags/pyspark_project_stop_processes.py
[2025-10-15T13:51:45.426+0000] {processor.py:830} INFO - Processing file /opt/airflow/dags/pyspark_project_stop_processes.py for tasks to queue
[2025-10-15T13:51:45.427+0000] {logging_mixin.py:188} INFO - [2025-10-15T13:51:45.427+0000] {dagbag.py:540} INFO - Filling up the DagBag from /opt/airflow/dags/pyspark_project_stop_processes.py
[2025-10-15T13:51:45.452+0000] {processor.py:840} INFO - DAG(s) 'pyspark_project_stop_processes' retrieved from /opt/airflow/dags/pyspark_project_stop_processes.py
[2025-10-15T13:51:45.469+0000] {logging_mixin.py:188} INFO - [2025-10-15T13:51:45.469+0000] {dag.py:3047} INFO - Sync 1 DAGs
[2025-10-15T13:51:45.480+0000] {logging_mixin.py:188} INFO - [2025-10-15T13:51:45.480+0000] {dag.py:3834} INFO - Setting next_dagrun for pyspark_project_stop_processes to None, run_after=None
[2025-10-15T13:51:45.503+0000] {processor.py:183} INFO - Processing /opt/airflow/dags/pyspark_project_stop_processes.py took 0.081 seconds
[2025-10-15T13:51:59.669+0000] {processor.py:161} INFO - Started process (PID=1173) to work on /opt/airflow/dags/pyspark_project_stop_processes.py
[2025-10-15T13:51:59.670+0000] {processor.py:830} INFO - Processing file /opt/airflow/dags/pyspark_project_stop_processes.py for tasks to queue
[2025-10-15T13:51:59.671+0000] {logging_mixin.py:188} INFO - [2025-10-15T13:51:59.671+0000] {dagbag.py:540} INFO - Filling up the DagBag from /opt/airflow/dags/pyspark_project_stop_processes.py
[2025-10-15T13:51:59.696+0000] {processor.py:840} INFO - DAG(s) 'pyspark_project_stop_processes' retrieved from /opt/airflow/dags/pyspark_project_stop_processes.py
[2025-10-15T13:51:59.782+0000] {logging_mixin.py:188} INFO - [2025-10-15T13:51:59.781+0000] {dag.py:3047} INFO - Sync 1 DAGs
[2025-10-15T13:51:59.791+0000] {logging_mixin.py:188} INFO - [2025-10-15T13:51:59.791+0000] {dag.py:3834} INFO - Setting next_dagrun for pyspark_project_stop_processes to None, run_after=None
[2025-10-15T13:51:59.815+0000] {processor.py:183} INFO - Processing /opt/airflow/dags/pyspark_project_stop_processes.py took 0.149 seconds
[2025-10-15T13:52:17.231+0000] {processor.py:161} INFO - Started process (PID=1231) to work on /opt/airflow/dags/pyspark_project_stop_processes.py
[2025-10-15T13:52:17.232+0000] {processor.py:830} INFO - Processing file /opt/airflow/dags/pyspark_project_stop_processes.py for tasks to queue
[2025-10-15T13:52:17.234+0000] {logging_mixin.py:188} INFO - [2025-10-15T13:52:17.234+0000] {dagbag.py:540} INFO - Filling up the DagBag from /opt/airflow/dags/pyspark_project_stop_processes.py
[2025-10-15T13:52:17.259+0000] {processor.py:840} INFO - DAG(s) 'pyspark_project_stop_processes' retrieved from /opt/airflow/dags/pyspark_project_stop_processes.py
[2025-10-15T13:52:17.269+0000] {logging_mixin.py:188} INFO - [2025-10-15T13:52:17.269+0000] {dag.py:3047} INFO - Sync 1 DAGs
[2025-10-15T13:52:17.281+0000] {logging_mixin.py:188} INFO - [2025-10-15T13:52:17.281+0000] {dag.py:3834} INFO - Setting next_dagrun for pyspark_project_stop_processes to None, run_after=None
[2025-10-15T13:52:17.307+0000] {processor.py:183} INFO - Processing /opt/airflow/dags/pyspark_project_stop_processes.py took 0.079 seconds
[2025-10-15T13:52:48.028+0000] {processor.py:161} INFO - Started process (PID=1291) to work on /opt/airflow/dags/pyspark_project_stop_processes.py
[2025-10-15T13:52:48.029+0000] {processor.py:830} INFO - Processing file /opt/airflow/dags/pyspark_project_stop_processes.py for tasks to queue
[2025-10-15T13:52:48.031+0000] {logging_mixin.py:188} INFO - [2025-10-15T13:52:48.031+0000] {dagbag.py:540} INFO - Filling up the DagBag from /opt/airflow/dags/pyspark_project_stop_processes.py
[2025-10-15T13:52:48.044+0000] {processor.py:840} INFO - DAG(s) 'pyspark_project_stop_processes' retrieved from /opt/airflow/dags/pyspark_project_stop_processes.py
[2025-10-15T13:52:48.062+0000] {logging_mixin.py:188} INFO - [2025-10-15T13:52:48.062+0000] {dag.py:3047} INFO - Sync 1 DAGs
[2025-10-15T13:52:48.074+0000] {logging_mixin.py:188} INFO - [2025-10-15T13:52:48.074+0000] {dag.py:3834} INFO - Setting next_dagrun for pyspark_project_stop_processes to None, run_after=None
[2025-10-15T13:52:48.095+0000] {processor.py:183} INFO - Processing /opt/airflow/dags/pyspark_project_stop_processes.py took 0.070 seconds
[2025-10-15T13:53:18.810+0000] {processor.py:161} INFO - Started process (PID=1351) to work on /opt/airflow/dags/pyspark_project_stop_processes.py
[2025-10-15T13:53:18.811+0000] {processor.py:830} INFO - Processing file /opt/airflow/dags/pyspark_project_stop_processes.py for tasks to queue
[2025-10-15T13:53:18.812+0000] {logging_mixin.py:188} INFO - [2025-10-15T13:53:18.812+0000] {dagbag.py:540} INFO - Filling up the DagBag from /opt/airflow/dags/pyspark_project_stop_processes.py
[2025-10-15T13:53:18.828+0000] {processor.py:840} INFO - DAG(s) 'pyspark_project_stop_processes' retrieved from /opt/airflow/dags/pyspark_project_stop_processes.py
[2025-10-15T13:53:18.847+0000] {logging_mixin.py:188} INFO - [2025-10-15T13:53:18.847+0000] {dag.py:3047} INFO - Sync 1 DAGs
[2025-10-15T13:53:18.860+0000] {logging_mixin.py:188} INFO - [2025-10-15T13:53:18.860+0000] {dag.py:3834} INFO - Setting next_dagrun for pyspark_project_stop_processes to None, run_after=None
[2025-10-15T13:53:18.880+0000] {processor.py:183} INFO - Processing /opt/airflow/dags/pyspark_project_stop_processes.py took 0.073 seconds
