[2025-10-14T14:44:55.123+0000] {processor.py:161} INFO - Started process (PID=86) to work on /opt/airflow/dags/ecommerce_sales_pipeline.py
[2025-10-14T14:44:55.125+0000] {processor.py:830} INFO - Processing file /opt/airflow/dags/ecommerce_sales_pipeline.py for tasks to queue
[2025-10-14T14:44:55.126+0000] {logging_mixin.py:188} INFO - [2025-10-14T14:44:55.126+0000] {dagbag.py:540} INFO - Filling up the DagBag from /opt/airflow/dags/ecommerce_sales_pipeline.py
[2025-10-14T14:44:56.412+0000] {processor.py:840} INFO - DAG(s) 'ecommerce_sales_pipeline' retrieved from /opt/airflow/dags/ecommerce_sales_pipeline.py
[2025-10-14T14:44:56.513+0000] {logging_mixin.py:188} INFO - [2025-10-14T14:44:56.513+0000] {override.py:1769} INFO - Created Permission View: can edit on DAG:ecommerce_sales_pipeline
[2025-10-14T14:44:56.524+0000] {logging_mixin.py:188} INFO - [2025-10-14T14:44:56.524+0000] {override.py:1769} INFO - Created Permission View: can delete on DAG:ecommerce_sales_pipeline
[2025-10-14T14:44:56.531+0000] {logging_mixin.py:188} INFO - [2025-10-14T14:44:56.531+0000] {override.py:1769} INFO - Created Permission View: can read on DAG:ecommerce_sales_pipeline
[2025-10-14T14:44:56.532+0000] {logging_mixin.py:188} INFO - [2025-10-14T14:44:56.532+0000] {dag.py:3047} INFO - Sync 1 DAGs
[2025-10-14T14:44:56.677+0000] {logging_mixin.py:188} INFO - [2025-10-14T14:44:56.676+0000] {dag.py:3069} INFO - Creating ORM DAG for ecommerce_sales_pipeline
[2025-10-14T14:44:56.686+0000] {logging_mixin.py:188} INFO - [2025-10-14T14:44:56.686+0000] {dag.py:3834} INFO - Setting next_dagrun for ecommerce_sales_pipeline to 2025-10-13 00:00:00+00:00, run_after=2025-10-14 00:00:00+00:00
[2025-10-14T14:44:56.706+0000] {processor.py:183} INFO - Processing /opt/airflow/dags/ecommerce_sales_pipeline.py took 1.585 seconds
[2025-10-14T14:45:27.504+0000] {processor.py:161} INFO - Started process (PID=147) to work on /opt/airflow/dags/ecommerce_sales_pipeline.py
[2025-10-14T14:45:27.505+0000] {processor.py:830} INFO - Processing file /opt/airflow/dags/ecommerce_sales_pipeline.py for tasks to queue
[2025-10-14T14:45:27.507+0000] {logging_mixin.py:188} INFO - [2025-10-14T14:45:27.507+0000] {dagbag.py:540} INFO - Filling up the DagBag from /opt/airflow/dags/ecommerce_sales_pipeline.py
[2025-10-14T14:45:27.731+0000] {processor.py:840} INFO - DAG(s) 'ecommerce_sales_pipeline' retrieved from /opt/airflow/dags/ecommerce_sales_pipeline.py
[2025-10-14T14:45:27.746+0000] {logging_mixin.py:188} INFO - [2025-10-14T14:45:27.746+0000] {dag.py:3047} INFO - Sync 1 DAGs
[2025-10-14T14:45:27.769+0000] {logging_mixin.py:188} INFO - [2025-10-14T14:45:27.769+0000] {dag.py:3834} INFO - Setting next_dagrun for ecommerce_sales_pipeline to 2025-10-13 00:00:00+00:00, run_after=2025-10-14 00:00:00+00:00
[2025-10-14T14:45:27.794+0000] {processor.py:183} INFO - Processing /opt/airflow/dags/ecommerce_sales_pipeline.py took 0.292 seconds
[2025-10-14T14:45:57.868+0000] {processor.py:161} INFO - Started process (PID=209) to work on /opt/airflow/dags/ecommerce_sales_pipeline.py
[2025-10-14T14:45:57.869+0000] {processor.py:830} INFO - Processing file /opt/airflow/dags/ecommerce_sales_pipeline.py for tasks to queue
[2025-10-14T14:45:57.871+0000] {logging_mixin.py:188} INFO - [2025-10-14T14:45:57.870+0000] {dagbag.py:540} INFO - Filling up the DagBag from /opt/airflow/dags/ecommerce_sales_pipeline.py
[2025-10-14T14:45:58.106+0000] {processor.py:840} INFO - DAG(s) 'ecommerce_sales_pipeline' retrieved from /opt/airflow/dags/ecommerce_sales_pipeline.py
[2025-10-14T14:45:58.219+0000] {logging_mixin.py:188} INFO - [2025-10-14T14:45:58.218+0000] {dag.py:3047} INFO - Sync 1 DAGs
[2025-10-14T14:45:58.237+0000] {logging_mixin.py:188} INFO - [2025-10-14T14:45:58.237+0000] {dag.py:3834} INFO - Setting next_dagrun for ecommerce_sales_pipeline to 2025-10-13 00:00:00+00:00, run_after=2025-10-14 00:00:00+00:00
[2025-10-14T14:45:58.252+0000] {processor.py:183} INFO - Processing /opt/airflow/dags/ecommerce_sales_pipeline.py took 0.387 seconds
[2025-10-14T14:47:47.432+0000] {processor.py:161} INFO - Started process (PID=85) to work on /opt/airflow/dags/ecommerce_sales_pipeline.py
[2025-10-14T14:47:47.433+0000] {processor.py:830} INFO - Processing file /opt/airflow/dags/ecommerce_sales_pipeline.py for tasks to queue
[2025-10-14T14:47:47.434+0000] {logging_mixin.py:188} INFO - [2025-10-14T14:47:47.434+0000] {dagbag.py:540} INFO - Filling up the DagBag from /opt/airflow/dags/ecommerce_sales_pipeline.py
[2025-10-14T14:47:48.226+0000] {processor.py:840} INFO - DAG(s) 'ecommerce_sales_pipeline' retrieved from /opt/airflow/dags/ecommerce_sales_pipeline.py
[2025-10-14T14:47:48.323+0000] {logging_mixin.py:188} INFO - [2025-10-14T14:47:48.323+0000] {dag.py:3047} INFO - Sync 1 DAGs
[2025-10-14T14:47:48.441+0000] {logging_mixin.py:188} INFO - [2025-10-14T14:47:48.441+0000] {dag.py:3834} INFO - Setting next_dagrun for ecommerce_sales_pipeline to 2025-10-13 00:00:00+00:00, run_after=2025-10-14 00:00:00+00:00
[2025-10-14T14:47:48.458+0000] {processor.py:183} INFO - Processing /opt/airflow/dags/ecommerce_sales_pipeline.py took 1.028 seconds
[2025-10-14T14:48:19.216+0000] {processor.py:161} INFO - Started process (PID=145) to work on /opt/airflow/dags/ecommerce_sales_pipeline.py
[2025-10-14T14:48:19.217+0000] {processor.py:830} INFO - Processing file /opt/airflow/dags/ecommerce_sales_pipeline.py for tasks to queue
[2025-10-14T14:48:19.220+0000] {logging_mixin.py:188} INFO - [2025-10-14T14:48:19.220+0000] {dagbag.py:540} INFO - Filling up the DagBag from /opt/airflow/dags/ecommerce_sales_pipeline.py
[2025-10-14T14:48:19.500+0000] {processor.py:840} INFO - DAG(s) 'ecommerce_sales_pipeline' retrieved from /opt/airflow/dags/ecommerce_sales_pipeline.py
[2025-10-14T14:48:19.521+0000] {logging_mixin.py:188} INFO - [2025-10-14T14:48:19.519+0000] {dag.py:3047} INFO - Sync 1 DAGs
[2025-10-14T14:48:19.542+0000] {logging_mixin.py:188} INFO - [2025-10-14T14:48:19.541+0000] {dag.py:3834} INFO - Setting next_dagrun for ecommerce_sales_pipeline to 2025-10-13 00:00:00+00:00, run_after=2025-10-14 00:00:00+00:00
[2025-10-14T14:48:19.561+0000] {processor.py:183} INFO - Processing /opt/airflow/dags/ecommerce_sales_pipeline.py took 0.350 seconds
[2025-10-14T14:48:49.669+0000] {processor.py:161} INFO - Started process (PID=206) to work on /opt/airflow/dags/ecommerce_sales_pipeline.py
[2025-10-14T14:48:49.670+0000] {processor.py:830} INFO - Processing file /opt/airflow/dags/ecommerce_sales_pipeline.py for tasks to queue
[2025-10-14T14:48:49.672+0000] {logging_mixin.py:188} INFO - [2025-10-14T14:48:49.672+0000] {dagbag.py:540} INFO - Filling up the DagBag from /opt/airflow/dags/ecommerce_sales_pipeline.py
[2025-10-14T14:48:49.896+0000] {processor.py:840} INFO - DAG(s) 'ecommerce_sales_pipeline' retrieved from /opt/airflow/dags/ecommerce_sales_pipeline.py
[2025-10-14T14:48:50.005+0000] {logging_mixin.py:188} INFO - [2025-10-14T14:48:50.005+0000] {dag.py:3047} INFO - Sync 1 DAGs
[2025-10-14T14:48:50.023+0000] {logging_mixin.py:188} INFO - [2025-10-14T14:48:50.023+0000] {dag.py:3834} INFO - Setting next_dagrun for ecommerce_sales_pipeline to 2025-10-13 00:00:00+00:00, run_after=2025-10-14 00:00:00+00:00
[2025-10-14T14:48:50.039+0000] {processor.py:183} INFO - Processing /opt/airflow/dags/ecommerce_sales_pipeline.py took 0.372 seconds
[2025-10-14T14:49:20.158+0000] {processor.py:161} INFO - Started process (PID=269) to work on /opt/airflow/dags/ecommerce_sales_pipeline.py
[2025-10-14T14:49:20.159+0000] {processor.py:830} INFO - Processing file /opt/airflow/dags/ecommerce_sales_pipeline.py for tasks to queue
[2025-10-14T14:49:20.161+0000] {logging_mixin.py:188} INFO - [2025-10-14T14:49:20.160+0000] {dagbag.py:540} INFO - Filling up the DagBag from /opt/airflow/dags/ecommerce_sales_pipeline.py
[2025-10-14T14:49:20.392+0000] {processor.py:840} INFO - DAG(s) 'ecommerce_sales_pipeline' retrieved from /opt/airflow/dags/ecommerce_sales_pipeline.py
[2025-10-14T14:49:20.408+0000] {logging_mixin.py:188} INFO - [2025-10-14T14:49:20.407+0000] {dag.py:3047} INFO - Sync 1 DAGs
[2025-10-14T14:49:20.523+0000] {logging_mixin.py:188} INFO - [2025-10-14T14:49:20.522+0000] {dag.py:3834} INFO - Setting next_dagrun for ecommerce_sales_pipeline to 2025-10-13 00:00:00+00:00, run_after=2025-10-14 00:00:00+00:00
[2025-10-14T14:49:20.538+0000] {processor.py:183} INFO - Processing /opt/airflow/dags/ecommerce_sales_pipeline.py took 0.384 seconds
[2025-10-14T14:49:51.083+0000] {processor.py:161} INFO - Started process (PID=333) to work on /opt/airflow/dags/ecommerce_sales_pipeline.py
[2025-10-14T14:49:51.085+0000] {processor.py:830} INFO - Processing file /opt/airflow/dags/ecommerce_sales_pipeline.py for tasks to queue
[2025-10-14T14:49:51.087+0000] {logging_mixin.py:188} INFO - [2025-10-14T14:49:51.086+0000] {dagbag.py:540} INFO - Filling up the DagBag from /opt/airflow/dags/ecommerce_sales_pipeline.py
[2025-10-14T14:49:51.519+0000] {processor.py:840} INFO - DAG(s) 'ecommerce_sales_pipeline' retrieved from /opt/airflow/dags/ecommerce_sales_pipeline.py
[2025-10-14T14:49:51.535+0000] {logging_mixin.py:188} INFO - [2025-10-14T14:49:51.535+0000] {dag.py:3047} INFO - Sync 1 DAGs
[2025-10-14T14:49:51.555+0000] {logging_mixin.py:188} INFO - [2025-10-14T14:49:51.555+0000] {dag.py:3834} INFO - Setting next_dagrun for ecommerce_sales_pipeline to 2025-10-13 00:00:00+00:00, run_after=2025-10-14 00:00:00+00:00
[2025-10-14T14:49:51.571+0000] {processor.py:183} INFO - Processing /opt/airflow/dags/ecommerce_sales_pipeline.py took 0.491 seconds
[2025-10-14T14:50:21.666+0000] {processor.py:161} INFO - Started process (PID=396) to work on /opt/airflow/dags/ecommerce_sales_pipeline.py
[2025-10-14T14:50:21.667+0000] {processor.py:830} INFO - Processing file /opt/airflow/dags/ecommerce_sales_pipeline.py for tasks to queue
[2025-10-14T14:50:21.669+0000] {logging_mixin.py:188} INFO - [2025-10-14T14:50:21.668+0000] {dagbag.py:540} INFO - Filling up the DagBag from /opt/airflow/dags/ecommerce_sales_pipeline.py
[2025-10-14T14:50:22.034+0000] {processor.py:840} INFO - DAG(s) 'ecommerce_sales_pipeline' retrieved from /opt/airflow/dags/ecommerce_sales_pipeline.py
[2025-10-14T14:50:22.048+0000] {logging_mixin.py:188} INFO - [2025-10-14T14:50:22.047+0000] {dag.py:3047} INFO - Sync 1 DAGs
[2025-10-14T14:50:22.066+0000] {logging_mixin.py:188} INFO - [2025-10-14T14:50:22.066+0000] {dag.py:3834} INFO - Setting next_dagrun for ecommerce_sales_pipeline to 2025-10-13 00:00:00+00:00, run_after=2025-10-14 00:00:00+00:00
[2025-10-14T14:50:22.082+0000] {processor.py:183} INFO - Processing /opt/airflow/dags/ecommerce_sales_pipeline.py took 0.418 seconds
[2025-10-14T14:50:52.139+0000] {processor.py:161} INFO - Started process (PID=459) to work on /opt/airflow/dags/ecommerce_sales_pipeline.py
[2025-10-14T14:50:52.140+0000] {processor.py:830} INFO - Processing file /opt/airflow/dags/ecommerce_sales_pipeline.py for tasks to queue
[2025-10-14T14:50:52.142+0000] {logging_mixin.py:188} INFO - [2025-10-14T14:50:52.142+0000] {dagbag.py:540} INFO - Filling up the DagBag from /opt/airflow/dags/ecommerce_sales_pipeline.py
[2025-10-14T14:50:52.460+0000] {processor.py:840} INFO - DAG(s) 'ecommerce_sales_pipeline' retrieved from /opt/airflow/dags/ecommerce_sales_pipeline.py
[2025-10-14T14:50:52.474+0000] {logging_mixin.py:188} INFO - [2025-10-14T14:50:52.473+0000] {dag.py:3047} INFO - Sync 1 DAGs
[2025-10-14T14:50:52.490+0000] {logging_mixin.py:188} INFO - [2025-10-14T14:50:52.490+0000] {dag.py:3834} INFO - Setting next_dagrun for ecommerce_sales_pipeline to 2025-10-13 00:00:00+00:00, run_after=2025-10-14 00:00:00+00:00
[2025-10-14T14:50:52.507+0000] {processor.py:183} INFO - Processing /opt/airflow/dags/ecommerce_sales_pipeline.py took 0.370 seconds
[2025-10-14T14:51:23.299+0000] {processor.py:161} INFO - Started process (PID=520) to work on /opt/airflow/dags/ecommerce_sales_pipeline.py
[2025-10-14T14:51:23.300+0000] {processor.py:830} INFO - Processing file /opt/airflow/dags/ecommerce_sales_pipeline.py for tasks to queue
[2025-10-14T14:51:23.302+0000] {logging_mixin.py:188} INFO - [2025-10-14T14:51:23.302+0000] {dagbag.py:540} INFO - Filling up the DagBag from /opt/airflow/dags/ecommerce_sales_pipeline.py
[2025-10-14T14:51:23.625+0000] {processor.py:840} INFO - DAG(s) 'ecommerce_sales_pipeline' retrieved from /opt/airflow/dags/ecommerce_sales_pipeline.py
[2025-10-14T14:51:23.639+0000] {logging_mixin.py:188} INFO - [2025-10-14T14:51:23.639+0000] {dag.py:3047} INFO - Sync 1 DAGs
[2025-10-14T14:51:23.658+0000] {logging_mixin.py:188} INFO - [2025-10-14T14:51:23.658+0000] {dag.py:3834} INFO - Setting next_dagrun for ecommerce_sales_pipeline to 2025-10-13 00:00:00+00:00, run_after=2025-10-14 00:00:00+00:00
[2025-10-14T14:51:23.676+0000] {processor.py:183} INFO - Processing /opt/airflow/dags/ecommerce_sales_pipeline.py took 0.380 seconds
[2025-10-14T14:51:53.789+0000] {processor.py:161} INFO - Started process (PID=583) to work on /opt/airflow/dags/ecommerce_sales_pipeline.py
[2025-10-14T14:51:53.790+0000] {processor.py:830} INFO - Processing file /opt/airflow/dags/ecommerce_sales_pipeline.py for tasks to queue
[2025-10-14T14:51:53.792+0000] {logging_mixin.py:188} INFO - [2025-10-14T14:51:53.791+0000] {dagbag.py:540} INFO - Filling up the DagBag from /opt/airflow/dags/ecommerce_sales_pipeline.py
[2025-10-14T14:51:54.126+0000] {processor.py:840} INFO - DAG(s) 'ecommerce_sales_pipeline' retrieved from /opt/airflow/dags/ecommerce_sales_pipeline.py
[2025-10-14T14:51:54.139+0000] {logging_mixin.py:188} INFO - [2025-10-14T14:51:54.139+0000] {dag.py:3047} INFO - Sync 1 DAGs
[2025-10-14T14:51:54.157+0000] {logging_mixin.py:188} INFO - [2025-10-14T14:51:54.157+0000] {dag.py:3834} INFO - Setting next_dagrun for ecommerce_sales_pipeline to 2025-10-13 00:00:00+00:00, run_after=2025-10-14 00:00:00+00:00
[2025-10-14T14:51:54.172+0000] {processor.py:183} INFO - Processing /opt/airflow/dags/ecommerce_sales_pipeline.py took 0.387 seconds
[2025-10-14T14:52:25.041+0000] {processor.py:161} INFO - Started process (PID=644) to work on /opt/airflow/dags/ecommerce_sales_pipeline.py
[2025-10-14T14:52:25.042+0000] {processor.py:830} INFO - Processing file /opt/airflow/dags/ecommerce_sales_pipeline.py for tasks to queue
[2025-10-14T14:52:25.044+0000] {logging_mixin.py:188} INFO - [2025-10-14T14:52:25.044+0000] {dagbag.py:540} INFO - Filling up the DagBag from /opt/airflow/dags/ecommerce_sales_pipeline.py
[2025-10-14T14:52:25.376+0000] {processor.py:840} INFO - DAG(s) 'ecommerce_sales_pipeline' retrieved from /opt/airflow/dags/ecommerce_sales_pipeline.py
[2025-10-14T14:52:25.390+0000] {logging_mixin.py:188} INFO - [2025-10-14T14:52:25.390+0000] {dag.py:3047} INFO - Sync 1 DAGs
[2025-10-14T14:52:25.407+0000] {logging_mixin.py:188} INFO - [2025-10-14T14:52:25.407+0000] {dag.py:3834} INFO - Setting next_dagrun for ecommerce_sales_pipeline to 2025-10-13 00:00:00+00:00, run_after=2025-10-14 00:00:00+00:00
[2025-10-14T14:52:25.424+0000] {processor.py:183} INFO - Processing /opt/airflow/dags/ecommerce_sales_pipeline.py took 0.387 seconds
[2025-10-14T14:52:55.964+0000] {processor.py:161} INFO - Started process (PID=703) to work on /opt/airflow/dags/ecommerce_sales_pipeline.py
[2025-10-14T14:52:55.965+0000] {processor.py:830} INFO - Processing file /opt/airflow/dags/ecommerce_sales_pipeline.py for tasks to queue
[2025-10-14T14:52:55.967+0000] {logging_mixin.py:188} INFO - [2025-10-14T14:52:55.967+0000] {dagbag.py:540} INFO - Filling up the DagBag from /opt/airflow/dags/ecommerce_sales_pipeline.py
[2025-10-14T14:52:56.303+0000] {processor.py:840} INFO - DAG(s) 'ecommerce_sales_pipeline' retrieved from /opt/airflow/dags/ecommerce_sales_pipeline.py
[2025-10-14T14:52:56.316+0000] {logging_mixin.py:188} INFO - [2025-10-14T14:52:56.315+0000] {dag.py:3047} INFO - Sync 1 DAGs
[2025-10-14T14:52:56.333+0000] {logging_mixin.py:188} INFO - [2025-10-14T14:52:56.333+0000] {dag.py:3834} INFO - Setting next_dagrun for ecommerce_sales_pipeline to 2025-10-13 00:00:00+00:00, run_after=2025-10-14 00:00:00+00:00
[2025-10-14T14:52:56.349+0000] {processor.py:183} INFO - Processing /opt/airflow/dags/ecommerce_sales_pipeline.py took 0.388 seconds
[2025-10-14T14:53:26.427+0000] {processor.py:161} INFO - Started process (PID=765) to work on /opt/airflow/dags/ecommerce_sales_pipeline.py
[2025-10-14T14:53:26.428+0000] {processor.py:830} INFO - Processing file /opt/airflow/dags/ecommerce_sales_pipeline.py for tasks to queue
[2025-10-14T14:53:26.430+0000] {logging_mixin.py:188} INFO - [2025-10-14T14:53:26.430+0000] {dagbag.py:540} INFO - Filling up the DagBag from /opt/airflow/dags/ecommerce_sales_pipeline.py
[2025-10-14T14:53:26.749+0000] {processor.py:840} INFO - DAG(s) 'ecommerce_sales_pipeline' retrieved from /opt/airflow/dags/ecommerce_sales_pipeline.py
[2025-10-14T14:53:26.763+0000] {logging_mixin.py:188} INFO - [2025-10-14T14:53:26.762+0000] {dag.py:3047} INFO - Sync 1 DAGs
[2025-10-14T14:53:26.780+0000] {logging_mixin.py:188} INFO - [2025-10-14T14:53:26.780+0000] {dag.py:3834} INFO - Setting next_dagrun for ecommerce_sales_pipeline to 2025-10-13 00:00:00+00:00, run_after=2025-10-14 00:00:00+00:00
[2025-10-14T14:53:26.797+0000] {processor.py:183} INFO - Processing /opt/airflow/dags/ecommerce_sales_pipeline.py took 0.373 seconds
[2025-10-14T14:53:56.863+0000] {processor.py:161} INFO - Started process (PID=827) to work on /opt/airflow/dags/ecommerce_sales_pipeline.py
[2025-10-14T14:53:56.864+0000] {processor.py:830} INFO - Processing file /opt/airflow/dags/ecommerce_sales_pipeline.py for tasks to queue
[2025-10-14T14:53:56.866+0000] {logging_mixin.py:188} INFO - [2025-10-14T14:53:56.865+0000] {dagbag.py:540} INFO - Filling up the DagBag from /opt/airflow/dags/ecommerce_sales_pipeline.py
[2025-10-14T14:53:57.210+0000] {processor.py:840} INFO - DAG(s) 'ecommerce_sales_pipeline' retrieved from /opt/airflow/dags/ecommerce_sales_pipeline.py
[2025-10-14T14:53:57.223+0000] {logging_mixin.py:188} INFO - [2025-10-14T14:53:57.223+0000] {dag.py:3047} INFO - Sync 1 DAGs
[2025-10-14T14:53:57.242+0000] {logging_mixin.py:188} INFO - [2025-10-14T14:53:57.242+0000] {dag.py:3834} INFO - Setting next_dagrun for ecommerce_sales_pipeline to 2025-10-13 00:00:00+00:00, run_after=2025-10-14 00:00:00+00:00
[2025-10-14T14:53:57.257+0000] {processor.py:183} INFO - Processing /opt/airflow/dags/ecommerce_sales_pipeline.py took 0.397 seconds
[2025-10-14T14:54:27.906+0000] {processor.py:161} INFO - Started process (PID=886) to work on /opt/airflow/dags/ecommerce_sales_pipeline.py
[2025-10-14T14:54:27.908+0000] {processor.py:830} INFO - Processing file /opt/airflow/dags/ecommerce_sales_pipeline.py for tasks to queue
[2025-10-14T14:54:27.909+0000] {logging_mixin.py:188} INFO - [2025-10-14T14:54:27.909+0000] {dagbag.py:540} INFO - Filling up the DagBag from /opt/airflow/dags/ecommerce_sales_pipeline.py
[2025-10-14T14:54:28.237+0000] {processor.py:840} INFO - DAG(s) 'ecommerce_sales_pipeline' retrieved from /opt/airflow/dags/ecommerce_sales_pipeline.py
[2025-10-14T14:54:28.251+0000] {logging_mixin.py:188} INFO - [2025-10-14T14:54:28.250+0000] {dag.py:3047} INFO - Sync 1 DAGs
[2025-10-14T14:54:28.268+0000] {logging_mixin.py:188} INFO - [2025-10-14T14:54:28.268+0000] {dag.py:3834} INFO - Setting next_dagrun for ecommerce_sales_pipeline to 2025-10-13 00:00:00+00:00, run_after=2025-10-14 00:00:00+00:00
[2025-10-14T14:54:28.283+0000] {processor.py:183} INFO - Processing /opt/airflow/dags/ecommerce_sales_pipeline.py took 0.380 seconds
[2025-10-14T14:54:59.123+0000] {processor.py:161} INFO - Started process (PID=945) to work on /opt/airflow/dags/ecommerce_sales_pipeline.py
[2025-10-14T14:54:59.123+0000] {processor.py:830} INFO - Processing file /opt/airflow/dags/ecommerce_sales_pipeline.py for tasks to queue
[2025-10-14T14:54:59.125+0000] {logging_mixin.py:188} INFO - [2025-10-14T14:54:59.125+0000] {dagbag.py:540} INFO - Filling up the DagBag from /opt/airflow/dags/ecommerce_sales_pipeline.py
[2025-10-14T14:54:59.485+0000] {processor.py:840} INFO - DAG(s) 'ecommerce_sales_pipeline' retrieved from /opt/airflow/dags/ecommerce_sales_pipeline.py
[2025-10-14T14:54:59.500+0000] {logging_mixin.py:188} INFO - [2025-10-14T14:54:59.500+0000] {dag.py:3047} INFO - Sync 1 DAGs
[2025-10-14T14:54:59.520+0000] {logging_mixin.py:188} INFO - [2025-10-14T14:54:59.520+0000] {dag.py:3834} INFO - Setting next_dagrun for ecommerce_sales_pipeline to 2025-10-13 00:00:00+00:00, run_after=2025-10-14 00:00:00+00:00
[2025-10-14T14:54:59.539+0000] {processor.py:183} INFO - Processing /opt/airflow/dags/ecommerce_sales_pipeline.py took 0.421 seconds
[2025-10-14T14:55:29.701+0000] {processor.py:161} INFO - Started process (PID=1005) to work on /opt/airflow/dags/ecommerce_sales_pipeline.py
[2025-10-14T14:55:29.717+0000] {processor.py:830} INFO - Processing file /opt/airflow/dags/ecommerce_sales_pipeline.py for tasks to queue
[2025-10-14T14:55:29.735+0000] {logging_mixin.py:188} INFO - [2025-10-14T14:55:29.735+0000] {dagbag.py:540} INFO - Filling up the DagBag from /opt/airflow/dags/ecommerce_sales_pipeline.py
[2025-10-14T14:55:30.242+0000] {processor.py:840} INFO - DAG(s) 'ecommerce_sales_pipeline' retrieved from /opt/airflow/dags/ecommerce_sales_pipeline.py
[2025-10-14T14:55:30.258+0000] {logging_mixin.py:188} INFO - [2025-10-14T14:55:30.258+0000] {dag.py:3047} INFO - Sync 1 DAGs
[2025-10-14T14:55:30.282+0000] {logging_mixin.py:188} INFO - [2025-10-14T14:55:30.281+0000] {dag.py:3834} INFO - Setting next_dagrun for ecommerce_sales_pipeline to 2025-10-13 00:00:00+00:00, run_after=2025-10-14 00:00:00+00:00
[2025-10-14T14:55:30.304+0000] {processor.py:183} INFO - Processing /opt/airflow/dags/ecommerce_sales_pipeline.py took 0.606 seconds
