[2025-10-14T14:44:55.815+0000] {processor.py:161} INFO - Started process (PID=88) to work on /opt/airflow/dags/postgresDag.py
[2025-10-14T14:44:55.819+0000] {processor.py:830} INFO - Processing file /opt/airflow/dags/postgresDag.py for tasks to queue
[2025-10-14T14:44:55.824+0000] {logging_mixin.py:188} INFO - [2025-10-14T14:44:55.823+0000] {dagbag.py:540} INFO - Filling up the DagBag from /opt/airflow/dags/postgresDag.py
[2025-10-14T14:44:55.862+0000] {processor.py:840} INFO - DAG(s) 'process-employees' retrieved from /opt/airflow/dags/postgresDag.py
[2025-10-14T14:44:55.982+0000] {logging_mixin.py:188} INFO - [2025-10-14T14:44:55.981+0000] {override.py:1769} INFO - Created Permission View: can edit on DAG:process-employees
[2025-10-14T14:44:55.992+0000] {logging_mixin.py:188} INFO - [2025-10-14T14:44:55.992+0000] {override.py:1769} INFO - Created Permission View: can delete on DAG:process-employees
[2025-10-14T14:44:55.999+0000] {logging_mixin.py:188} INFO - [2025-10-14T14:44:55.999+0000] {override.py:1769} INFO - Created Permission View: can read on DAG:process-employees
[2025-10-14T14:44:56.000+0000] {logging_mixin.py:188} INFO - [2025-10-14T14:44:55.999+0000] {dag.py:3047} INFO - Sync 1 DAGs
[2025-10-14T14:44:56.010+0000] {logging_mixin.py:188} INFO - [2025-10-14T14:44:56.010+0000] {dag.py:3069} INFO - Creating ORM DAG for process-employees
[2025-10-14T14:44:56.021+0000] {logging_mixin.py:188} INFO - [2025-10-14T14:44:56.021+0000] {dag.py:3834} INFO - Setting next_dagrun for process-employees to 2025-10-13 00:00:00+00:00, run_after=2025-10-14 00:00:00+00:00
[2025-10-14T14:44:56.037+0000] {processor.py:183} INFO - Processing /opt/airflow/dags/postgresDag.py took 0.227 seconds
[2025-10-14T14:45:26.313+0000] {processor.py:161} INFO - Started process (PID=145) to work on /opt/airflow/dags/postgresDag.py
[2025-10-14T14:45:26.314+0000] {processor.py:830} INFO - Processing file /opt/airflow/dags/postgresDag.py for tasks to queue
[2025-10-14T14:45:26.316+0000] {logging_mixin.py:188} INFO - [2025-10-14T14:45:26.316+0000] {dagbag.py:540} INFO - Filling up the DagBag from /opt/airflow/dags/postgresDag.py
[2025-10-14T14:45:26.335+0000] {processor.py:840} INFO - DAG(s) 'process-employees' retrieved from /opt/airflow/dags/postgresDag.py
[2025-10-14T14:45:26.355+0000] {logging_mixin.py:188} INFO - [2025-10-14T14:45:26.355+0000] {dag.py:3047} INFO - Sync 1 DAGs
[2025-10-14T14:45:26.378+0000] {logging_mixin.py:188} INFO - [2025-10-14T14:45:26.377+0000] {dag.py:3834} INFO - Setting next_dagrun for process-employees to 2025-10-13 00:00:00+00:00, run_after=2025-10-14 00:00:00+00:00
[2025-10-14T14:45:26.396+0000] {processor.py:183} INFO - Processing /opt/airflow/dags/postgresDag.py took 0.086 seconds
[2025-10-14T14:45:56.451+0000] {processor.py:161} INFO - Started process (PID=203) to work on /opt/airflow/dags/postgresDag.py
[2025-10-14T14:45:56.452+0000] {processor.py:830} INFO - Processing file /opt/airflow/dags/postgresDag.py for tasks to queue
[2025-10-14T14:45:56.455+0000] {logging_mixin.py:188} INFO - [2025-10-14T14:45:56.454+0000] {dagbag.py:540} INFO - Filling up the DagBag from /opt/airflow/dags/postgresDag.py
[2025-10-14T14:45:56.470+0000] {processor.py:840} INFO - DAG(s) 'process-employees' retrieved from /opt/airflow/dags/postgresDag.py
[2025-10-14T14:45:56.487+0000] {logging_mixin.py:188} INFO - [2025-10-14T14:45:56.487+0000] {dag.py:3047} INFO - Sync 1 DAGs
[2025-10-14T14:45:56.508+0000] {logging_mixin.py:188} INFO - [2025-10-14T14:45:56.508+0000] {dag.py:3834} INFO - Setting next_dagrun for process-employees to 2025-10-13 00:00:00+00:00, run_after=2025-10-14 00:00:00+00:00
[2025-10-14T14:45:56.526+0000] {processor.py:183} INFO - Processing /opt/airflow/dags/postgresDag.py took 0.078 seconds
[2025-10-14T14:46:26.811+0000] {processor.py:161} INFO - Started process (PID=263) to work on /opt/airflow/dags/postgresDag.py
[2025-10-14T14:46:26.816+0000] {processor.py:830} INFO - Processing file /opt/airflow/dags/postgresDag.py for tasks to queue
[2025-10-14T14:46:26.820+0000] {logging_mixin.py:188} INFO - [2025-10-14T14:46:26.820+0000] {dagbag.py:540} INFO - Filling up the DagBag from /opt/airflow/dags/postgresDag.py
[2025-10-14T14:46:26.869+0000] {processor.py:840} INFO - DAG(s) 'process-employees' retrieved from /opt/airflow/dags/postgresDag.py
[2025-10-14T14:46:26.893+0000] {logging_mixin.py:188} INFO - [2025-10-14T14:46:26.893+0000] {dag.py:3047} INFO - Sync 1 DAGs
[2025-10-14T14:46:26.924+0000] {logging_mixin.py:188} INFO - [2025-10-14T14:46:26.924+0000] {dag.py:3834} INFO - Setting next_dagrun for process-employees to 2025-10-13 00:00:00+00:00, run_after=2025-10-14 00:00:00+00:00
[2025-10-14T14:46:26.953+0000] {processor.py:183} INFO - Processing /opt/airflow/dags/postgresDag.py took 0.148 seconds
[2025-10-14T14:47:47.966+0000] {processor.py:161} INFO - Started process (PID=87) to work on /opt/airflow/dags/postgresDag.py
[2025-10-14T14:47:47.967+0000] {processor.py:830} INFO - Processing file /opt/airflow/dags/postgresDag.py for tasks to queue
[2025-10-14T14:47:47.969+0000] {logging_mixin.py:188} INFO - [2025-10-14T14:47:47.969+0000] {dagbag.py:540} INFO - Filling up the DagBag from /opt/airflow/dags/postgresDag.py
[2025-10-14T14:47:47.985+0000] {processor.py:840} INFO - DAG(s) 'process-employees' retrieved from /opt/airflow/dags/postgresDag.py
[2025-10-14T14:47:48.075+0000] {logging_mixin.py:188} INFO - [2025-10-14T14:47:48.075+0000] {dag.py:3047} INFO - Sync 1 DAGs
[2025-10-14T14:47:48.094+0000] {logging_mixin.py:188} INFO - [2025-10-14T14:47:48.094+0000] {dag.py:3834} INFO - Setting next_dagrun for process-employees to 2025-10-13 00:00:00+00:00, run_after=2025-10-14 00:00:00+00:00
[2025-10-14T14:47:48.114+0000] {processor.py:183} INFO - Processing /opt/airflow/dags/postgresDag.py took 0.151 seconds
[2025-10-14T14:48:18.192+0000] {processor.py:161} INFO - Started process (PID=144) to work on /opt/airflow/dags/postgresDag.py
[2025-10-14T14:48:18.193+0000] {processor.py:830} INFO - Processing file /opt/airflow/dags/postgresDag.py for tasks to queue
[2025-10-14T14:48:18.195+0000] {logging_mixin.py:188} INFO - [2025-10-14T14:48:18.194+0000] {dagbag.py:540} INFO - Filling up the DagBag from /opt/airflow/dags/postgresDag.py
[2025-10-14T14:48:18.212+0000] {processor.py:840} INFO - DAG(s) 'process-employees' retrieved from /opt/airflow/dags/postgresDag.py
[2025-10-14T14:48:18.228+0000] {logging_mixin.py:188} INFO - [2025-10-14T14:48:18.228+0000] {dag.py:3047} INFO - Sync 1 DAGs
[2025-10-14T14:48:18.255+0000] {logging_mixin.py:188} INFO - [2025-10-14T14:48:18.255+0000] {dag.py:3834} INFO - Setting next_dagrun for process-employees to 2025-10-13 00:00:00+00:00, run_after=2025-10-14 00:00:00+00:00
[2025-10-14T14:48:18.275+0000] {processor.py:183} INFO - Processing /opt/airflow/dags/postgresDag.py took 0.086 seconds
[2025-10-14T14:48:48.434+0000] {processor.py:161} INFO - Started process (PID=203) to work on /opt/airflow/dags/postgresDag.py
[2025-10-14T14:48:48.435+0000] {processor.py:830} INFO - Processing file /opt/airflow/dags/postgresDag.py for tasks to queue
[2025-10-14T14:48:48.436+0000] {logging_mixin.py:188} INFO - [2025-10-14T14:48:48.436+0000] {dagbag.py:540} INFO - Filling up the DagBag from /opt/airflow/dags/postgresDag.py
[2025-10-14T14:48:48.456+0000] {processor.py:840} INFO - DAG(s) 'process-employees' retrieved from /opt/airflow/dags/postgresDag.py
[2025-10-14T14:48:48.473+0000] {logging_mixin.py:188} INFO - [2025-10-14T14:48:48.473+0000] {dag.py:3047} INFO - Sync 1 DAGs
[2025-10-14T14:48:48.493+0000] {logging_mixin.py:188} INFO - [2025-10-14T14:48:48.493+0000] {dag.py:3834} INFO - Setting next_dagrun for process-employees to 2025-10-13 00:00:00+00:00, run_after=2025-10-14 00:00:00+00:00
[2025-10-14T14:48:48.509+0000] {processor.py:183} INFO - Processing /opt/airflow/dags/postgresDag.py took 0.079 seconds
[2025-10-14T14:49:18.561+0000] {processor.py:161} INFO - Started process (PID=262) to work on /opt/airflow/dags/postgresDag.py
[2025-10-14T14:49:18.562+0000] {processor.py:830} INFO - Processing file /opt/airflow/dags/postgresDag.py for tasks to queue
[2025-10-14T14:49:18.564+0000] {logging_mixin.py:188} INFO - [2025-10-14T14:49:18.564+0000] {dagbag.py:540} INFO - Filling up the DagBag from /opt/airflow/dags/postgresDag.py
[2025-10-14T14:49:18.579+0000] {processor.py:840} INFO - DAG(s) 'process-employees' retrieved from /opt/airflow/dags/postgresDag.py
[2025-10-14T14:49:18.597+0000] {logging_mixin.py:188} INFO - [2025-10-14T14:49:18.597+0000] {dag.py:3047} INFO - Sync 1 DAGs
[2025-10-14T14:49:18.618+0000] {logging_mixin.py:188} INFO - [2025-10-14T14:49:18.618+0000] {dag.py:3834} INFO - Setting next_dagrun for process-employees to 2025-10-13 00:00:00+00:00, run_after=2025-10-14 00:00:00+00:00
[2025-10-14T14:49:18.635+0000] {processor.py:183} INFO - Processing /opt/airflow/dags/postgresDag.py took 0.078 seconds
[2025-10-14T14:49:48.721+0000] {processor.py:161} INFO - Started process (PID=320) to work on /opt/airflow/dags/postgresDag.py
[2025-10-14T14:49:48.722+0000] {processor.py:830} INFO - Processing file /opt/airflow/dags/postgresDag.py for tasks to queue
[2025-10-14T14:49:48.724+0000] {logging_mixin.py:188} INFO - [2025-10-14T14:49:48.724+0000] {dagbag.py:540} INFO - Filling up the DagBag from /opt/airflow/dags/postgresDag.py
[2025-10-14T14:49:48.742+0000] {processor.py:840} INFO - DAG(s) 'process-employees' retrieved from /opt/airflow/dags/postgresDag.py
[2025-10-14T14:49:48.760+0000] {logging_mixin.py:188} INFO - [2025-10-14T14:49:48.760+0000] {dag.py:3047} INFO - Sync 1 DAGs
[2025-10-14T14:49:48.781+0000] {logging_mixin.py:188} INFO - [2025-10-14T14:49:48.781+0000] {dag.py:3834} INFO - Setting next_dagrun for process-employees to 2025-10-13 00:00:00+00:00, run_after=2025-10-14 00:00:00+00:00
[2025-10-14T14:49:48.799+0000] {processor.py:183} INFO - Processing /opt/airflow/dags/postgresDag.py took 0.081 seconds
[2025-10-14T14:50:18.965+0000] {processor.py:161} INFO - Started process (PID=379) to work on /opt/airflow/dags/postgresDag.py
[2025-10-14T14:50:18.965+0000] {processor.py:830} INFO - Processing file /opt/airflow/dags/postgresDag.py for tasks to queue
[2025-10-14T14:50:18.967+0000] {logging_mixin.py:188} INFO - [2025-10-14T14:50:18.967+0000] {dagbag.py:540} INFO - Filling up the DagBag from /opt/airflow/dags/postgresDag.py
[2025-10-14T14:50:18.985+0000] {processor.py:840} INFO - DAG(s) 'process-employees' retrieved from /opt/airflow/dags/postgresDag.py
[2025-10-14T14:50:19.004+0000] {logging_mixin.py:188} INFO - [2025-10-14T14:50:19.003+0000] {dag.py:3047} INFO - Sync 1 DAGs
[2025-10-14T14:50:19.024+0000] {logging_mixin.py:188} INFO - [2025-10-14T14:50:19.024+0000] {dag.py:3834} INFO - Setting next_dagrun for process-employees to 2025-10-13 00:00:00+00:00, run_after=2025-10-14 00:00:00+00:00
[2025-10-14T14:50:19.042+0000] {processor.py:183} INFO - Processing /opt/airflow/dags/postgresDag.py took 0.079 seconds
[2025-10-14T14:50:49.425+0000] {processor.py:161} INFO - Started process (PID=439) to work on /opt/airflow/dags/postgresDag.py
[2025-10-14T14:50:49.426+0000] {processor.py:830} INFO - Processing file /opt/airflow/dags/postgresDag.py for tasks to queue
[2025-10-14T14:50:49.427+0000] {logging_mixin.py:188} INFO - [2025-10-14T14:50:49.427+0000] {dagbag.py:540} INFO - Filling up the DagBag from /opt/airflow/dags/postgresDag.py
[2025-10-14T14:50:49.443+0000] {processor.py:840} INFO - DAG(s) 'process-employees' retrieved from /opt/airflow/dags/postgresDag.py
[2025-10-14T14:50:49.461+0000] {logging_mixin.py:188} INFO - [2025-10-14T14:50:49.461+0000] {dag.py:3047} INFO - Sync 1 DAGs
[2025-10-14T14:50:49.483+0000] {logging_mixin.py:188} INFO - [2025-10-14T14:50:49.483+0000] {dag.py:3834} INFO - Setting next_dagrun for process-employees to 2025-10-13 00:00:00+00:00, run_after=2025-10-14 00:00:00+00:00
[2025-10-14T14:50:49.506+0000] {processor.py:183} INFO - Processing /opt/airflow/dags/postgresDag.py took 0.084 seconds
[2025-10-14T14:51:19.544+0000] {processor.py:161} INFO - Started process (PID=497) to work on /opt/airflow/dags/postgresDag.py
[2025-10-14T14:51:19.545+0000] {processor.py:830} INFO - Processing file /opt/airflow/dags/postgresDag.py for tasks to queue
[2025-10-14T14:51:19.546+0000] {logging_mixin.py:188} INFO - [2025-10-14T14:51:19.546+0000] {dagbag.py:540} INFO - Filling up the DagBag from /opt/airflow/dags/postgresDag.py
[2025-10-14T14:51:19.566+0000] {processor.py:840} INFO - DAG(s) 'process-employees' retrieved from /opt/airflow/dags/postgresDag.py
[2025-10-14T14:51:19.585+0000] {logging_mixin.py:188} INFO - [2025-10-14T14:51:19.584+0000] {dag.py:3047} INFO - Sync 1 DAGs
[2025-10-14T14:51:19.608+0000] {logging_mixin.py:188} INFO - [2025-10-14T14:51:19.608+0000] {dag.py:3834} INFO - Setting next_dagrun for process-employees to 2025-10-13 00:00:00+00:00, run_after=2025-10-14 00:00:00+00:00
[2025-10-14T14:51:19.626+0000] {processor.py:183} INFO - Processing /opt/airflow/dags/postgresDag.py took 0.085 seconds
[2025-10-14T14:51:49.686+0000] {processor.py:161} INFO - Started process (PID=557) to work on /opt/airflow/dags/postgresDag.py
[2025-10-14T14:51:49.686+0000] {processor.py:830} INFO - Processing file /opt/airflow/dags/postgresDag.py for tasks to queue
[2025-10-14T14:51:49.688+0000] {logging_mixin.py:188} INFO - [2025-10-14T14:51:49.688+0000] {dagbag.py:540} INFO - Filling up the DagBag from /opt/airflow/dags/postgresDag.py
[2025-10-14T14:51:49.706+0000] {processor.py:840} INFO - DAG(s) 'process-employees' retrieved from /opt/airflow/dags/postgresDag.py
[2025-10-14T14:51:49.725+0000] {logging_mixin.py:188} INFO - [2025-10-14T14:51:49.725+0000] {dag.py:3047} INFO - Sync 1 DAGs
[2025-10-14T14:51:49.755+0000] {logging_mixin.py:188} INFO - [2025-10-14T14:51:49.755+0000] {dag.py:3834} INFO - Setting next_dagrun for process-employees to 2025-10-13 00:00:00+00:00, run_after=2025-10-14 00:00:00+00:00
[2025-10-14T14:51:49.772+0000] {processor.py:183} INFO - Processing /opt/airflow/dags/postgresDag.py took 0.090 seconds
[2025-10-14T14:52:20.042+0000] {processor.py:161} INFO - Started process (PID=616) to work on /opt/airflow/dags/postgresDag.py
[2025-10-14T14:52:20.043+0000] {processor.py:830} INFO - Processing file /opt/airflow/dags/postgresDag.py for tasks to queue
[2025-10-14T14:52:20.045+0000] {logging_mixin.py:188} INFO - [2025-10-14T14:52:20.045+0000] {dagbag.py:540} INFO - Filling up the DagBag from /opt/airflow/dags/postgresDag.py
[2025-10-14T14:52:20.067+0000] {processor.py:840} INFO - DAG(s) 'process-employees' retrieved from /opt/airflow/dags/postgresDag.py
[2025-10-14T14:52:20.085+0000] {logging_mixin.py:188} INFO - [2025-10-14T14:52:20.085+0000] {dag.py:3047} INFO - Sync 1 DAGs
[2025-10-14T14:52:20.104+0000] {logging_mixin.py:188} INFO - [2025-10-14T14:52:20.104+0000] {dag.py:3834} INFO - Setting next_dagrun for process-employees to 2025-10-13 00:00:00+00:00, run_after=2025-10-14 00:00:00+00:00
[2025-10-14T14:52:20.123+0000] {processor.py:183} INFO - Processing /opt/airflow/dags/postgresDag.py took 0.083 seconds
[2025-10-14T14:52:50.760+0000] {processor.py:161} INFO - Started process (PID=675) to work on /opt/airflow/dags/postgresDag.py
[2025-10-14T14:52:50.761+0000] {processor.py:830} INFO - Processing file /opt/airflow/dags/postgresDag.py for tasks to queue
[2025-10-14T14:52:50.763+0000] {logging_mixin.py:188} INFO - [2025-10-14T14:52:50.763+0000] {dagbag.py:540} INFO - Filling up the DagBag from /opt/airflow/dags/postgresDag.py
[2025-10-14T14:52:50.780+0000] {processor.py:840} INFO - DAG(s) 'process-employees' retrieved from /opt/airflow/dags/postgresDag.py
[2025-10-14T14:52:50.798+0000] {logging_mixin.py:188} INFO - [2025-10-14T14:52:50.798+0000] {dag.py:3047} INFO - Sync 1 DAGs
[2025-10-14T14:52:50.819+0000] {logging_mixin.py:188} INFO - [2025-10-14T14:52:50.818+0000] {dag.py:3834} INFO - Setting next_dagrun for process-employees to 2025-10-13 00:00:00+00:00, run_after=2025-10-14 00:00:00+00:00
[2025-10-14T14:52:50.837+0000] {processor.py:183} INFO - Processing /opt/airflow/dags/postgresDag.py took 0.079 seconds
[2025-10-14T14:53:21.130+0000] {processor.py:161} INFO - Started process (PID=740) to work on /opt/airflow/dags/postgresDag.py
[2025-10-14T14:53:21.131+0000] {processor.py:830} INFO - Processing file /opt/airflow/dags/postgresDag.py for tasks to queue
[2025-10-14T14:53:21.133+0000] {logging_mixin.py:188} INFO - [2025-10-14T14:53:21.133+0000] {dagbag.py:540} INFO - Filling up the DagBag from /opt/airflow/dags/postgresDag.py
[2025-10-14T14:53:21.153+0000] {processor.py:840} INFO - DAG(s) 'process-employees' retrieved from /opt/airflow/dags/postgresDag.py
[2025-10-14T14:53:21.170+0000] {logging_mixin.py:188} INFO - [2025-10-14T14:53:21.170+0000] {dag.py:3047} INFO - Sync 1 DAGs
[2025-10-14T14:53:21.190+0000] {logging_mixin.py:188} INFO - [2025-10-14T14:53:21.190+0000] {dag.py:3834} INFO - Setting next_dagrun for process-employees to 2025-10-13 00:00:00+00:00, run_after=2025-10-14 00:00:00+00:00
[2025-10-14T14:53:21.206+0000] {processor.py:183} INFO - Processing /opt/airflow/dags/postgresDag.py took 0.079 seconds
[2025-10-14T14:53:51.246+0000] {processor.py:161} INFO - Started process (PID=799) to work on /opt/airflow/dags/postgresDag.py
[2025-10-14T14:53:51.247+0000] {processor.py:830} INFO - Processing file /opt/airflow/dags/postgresDag.py for tasks to queue
[2025-10-14T14:53:51.249+0000] {logging_mixin.py:188} INFO - [2025-10-14T14:53:51.249+0000] {dagbag.py:540} INFO - Filling up the DagBag from /opt/airflow/dags/postgresDag.py
[2025-10-14T14:53:51.270+0000] {processor.py:840} INFO - DAG(s) 'process-employees' retrieved from /opt/airflow/dags/postgresDag.py
[2025-10-14T14:53:51.288+0000] {logging_mixin.py:188} INFO - [2025-10-14T14:53:51.288+0000] {dag.py:3047} INFO - Sync 1 DAGs
[2025-10-14T14:53:51.307+0000] {logging_mixin.py:188} INFO - [2025-10-14T14:53:51.307+0000] {dag.py:3834} INFO - Setting next_dagrun for process-employees to 2025-10-13 00:00:00+00:00, run_after=2025-10-14 00:00:00+00:00
[2025-10-14T14:53:51.324+0000] {processor.py:183} INFO - Processing /opt/airflow/dags/postgresDag.py took 0.080 seconds
[2025-10-14T14:54:21.431+0000] {processor.py:161} INFO - Started process (PID=858) to work on /opt/airflow/dags/postgresDag.py
[2025-10-14T14:54:21.432+0000] {processor.py:830} INFO - Processing file /opt/airflow/dags/postgresDag.py for tasks to queue
[2025-10-14T14:54:21.434+0000] {logging_mixin.py:188} INFO - [2025-10-14T14:54:21.434+0000] {dagbag.py:540} INFO - Filling up the DagBag from /opt/airflow/dags/postgresDag.py
[2025-10-14T14:54:21.457+0000] {processor.py:840} INFO - DAG(s) 'process-employees' retrieved from /opt/airflow/dags/postgresDag.py
[2025-10-14T14:54:21.476+0000] {logging_mixin.py:188} INFO - [2025-10-14T14:54:21.476+0000] {dag.py:3047} INFO - Sync 1 DAGs
[2025-10-14T14:54:21.495+0000] {logging_mixin.py:188} INFO - [2025-10-14T14:54:21.494+0000] {dag.py:3834} INFO - Setting next_dagrun for process-employees to 2025-10-13 00:00:00+00:00, run_after=2025-10-14 00:00:00+00:00
[2025-10-14T14:54:21.511+0000] {processor.py:183} INFO - Processing /opt/airflow/dags/postgresDag.py took 0.083 seconds
[2025-10-14T14:54:51.721+0000] {processor.py:161} INFO - Started process (PID=917) to work on /opt/airflow/dags/postgresDag.py
[2025-10-14T14:54:51.722+0000] {processor.py:830} INFO - Processing file /opt/airflow/dags/postgresDag.py for tasks to queue
[2025-10-14T14:54:51.723+0000] {logging_mixin.py:188} INFO - [2025-10-14T14:54:51.723+0000] {dagbag.py:540} INFO - Filling up the DagBag from /opt/airflow/dags/postgresDag.py
[2025-10-14T14:54:51.742+0000] {processor.py:840} INFO - DAG(s) 'process-employees' retrieved from /opt/airflow/dags/postgresDag.py
[2025-10-14T14:54:51.761+0000] {logging_mixin.py:188} INFO - [2025-10-14T14:54:51.761+0000] {dag.py:3047} INFO - Sync 1 DAGs
[2025-10-14T14:54:51.784+0000] {logging_mixin.py:188} INFO - [2025-10-14T14:54:51.784+0000] {dag.py:3834} INFO - Setting next_dagrun for process-employees to 2025-10-13 00:00:00+00:00, run_after=2025-10-14 00:00:00+00:00
[2025-10-14T14:54:51.806+0000] {processor.py:183} INFO - Processing /opt/airflow/dags/postgresDag.py took 0.088 seconds
[2025-10-14T14:55:22.031+0000] {processor.py:161} INFO - Started process (PID=976) to work on /opt/airflow/dags/postgresDag.py
[2025-10-14T14:55:22.032+0000] {processor.py:830} INFO - Processing file /opt/airflow/dags/postgresDag.py for tasks to queue
[2025-10-14T14:55:22.034+0000] {logging_mixin.py:188} INFO - [2025-10-14T14:55:22.034+0000] {dagbag.py:540} INFO - Filling up the DagBag from /opt/airflow/dags/postgresDag.py
[2025-10-14T14:55:22.057+0000] {processor.py:840} INFO - DAG(s) 'process-employees' retrieved from /opt/airflow/dags/postgresDag.py
[2025-10-14T14:55:22.079+0000] {logging_mixin.py:188} INFO - [2025-10-14T14:55:22.078+0000] {dag.py:3047} INFO - Sync 1 DAGs
[2025-10-14T14:55:22.103+0000] {logging_mixin.py:188} INFO - [2025-10-14T14:55:22.103+0000] {dag.py:3834} INFO - Setting next_dagrun for process-employees to 2025-10-13 00:00:00+00:00, run_after=2025-10-14 00:00:00+00:00
[2025-10-14T14:55:22.131+0000] {processor.py:183} INFO - Processing /opt/airflow/dags/postgresDag.py took 0.103 seconds
