[2025-10-14T14:44:55.123+0000] {processor.py:161} INFO - Started process (PID=85) to work on /opt/airflow/dags/pyspark_project_dims.py
[2025-10-14T14:44:55.124+0000] {processor.py:830} INFO - Processing file /opt/airflow/dags/pyspark_project_dims.py for tasks to queue
[2025-10-14T14:44:55.126+0000] {logging_mixin.py:188} INFO - [2025-10-14T14:44:55.126+0000] {dagbag.py:540} INFO - Filling up the DagBag from /opt/airflow/dags/pyspark_project_dims.py
[2025-10-14T14:44:55.456+0000] {processor.py:840} INFO - DAG(s) 'pyspark_project_rotem_dims' retrieved from /opt/airflow/dags/pyspark_project_dims.py
[2025-10-14T14:44:55.648+0000] {logging_mixin.py:188} INFO - [2025-10-14T14:44:55.648+0000] {override.py:1769} INFO - Created Permission View: can edit on DAG:pyspark_project_rotem_dims
[2025-10-14T14:44:55.657+0000] {logging_mixin.py:188} INFO - [2025-10-14T14:44:55.657+0000] {override.py:1769} INFO - Created Permission View: can delete on DAG:pyspark_project_rotem_dims
[2025-10-14T14:44:55.664+0000] {logging_mixin.py:188} INFO - [2025-10-14T14:44:55.664+0000] {override.py:1769} INFO - Created Permission View: can read on DAG:pyspark_project_rotem_dims
[2025-10-14T14:44:55.664+0000] {logging_mixin.py:188} INFO - [2025-10-14T14:44:55.664+0000] {dag.py:3047} INFO - Sync 1 DAGs
[2025-10-14T14:44:55.674+0000] {logging_mixin.py:188} INFO - [2025-10-14T14:44:55.673+0000] {dag.py:3069} INFO - Creating ORM DAG for pyspark_project_rotem_dims
[2025-10-14T14:44:55.674+0000] {logging_mixin.py:188} INFO - [2025-10-14T14:44:55.674+0000] {dag.py:3834} INFO - Setting next_dagrun for pyspark_project_rotem_dims to None, run_after=None
[2025-10-14T14:44:55.694+0000] {processor.py:183} INFO - Processing /opt/airflow/dags/pyspark_project_dims.py took 0.576 seconds
[2025-10-14T14:45:26.307+0000] {processor.py:161} INFO - Started process (PID=144) to work on /opt/airflow/dags/pyspark_project_dims.py
[2025-10-14T14:45:26.308+0000] {processor.py:830} INFO - Processing file /opt/airflow/dags/pyspark_project_dims.py for tasks to queue
[2025-10-14T14:45:26.310+0000] {logging_mixin.py:188} INFO - [2025-10-14T14:45:26.309+0000] {dagbag.py:540} INFO - Filling up the DagBag from /opt/airflow/dags/pyspark_project_dims.py
[2025-10-14T14:45:26.423+0000] {processor.py:840} INFO - DAG(s) 'pyspark_project_rotem_dims' retrieved from /opt/airflow/dags/pyspark_project_dims.py
[2025-10-14T14:45:26.441+0000] {logging_mixin.py:188} INFO - [2025-10-14T14:45:26.441+0000] {dag.py:3047} INFO - Sync 1 DAGs
[2025-10-14T14:45:26.452+0000] {logging_mixin.py:188} INFO - [2025-10-14T14:45:26.452+0000] {dag.py:3834} INFO - Setting next_dagrun for pyspark_project_rotem_dims to None, run_after=None
[2025-10-14T14:45:26.472+0000] {processor.py:183} INFO - Processing /opt/airflow/dags/pyspark_project_dims.py took 0.168 seconds
[2025-10-14T14:45:56.556+0000] {processor.py:161} INFO - Started process (PID=204) to work on /opt/airflow/dags/pyspark_project_dims.py
[2025-10-14T14:45:56.557+0000] {processor.py:830} INFO - Processing file /opt/airflow/dags/pyspark_project_dims.py for tasks to queue
[2025-10-14T14:45:56.558+0000] {logging_mixin.py:188} INFO - [2025-10-14T14:45:56.558+0000] {dagbag.py:540} INFO - Filling up the DagBag from /opt/airflow/dags/pyspark_project_dims.py
[2025-10-14T14:45:56.664+0000] {processor.py:840} INFO - DAG(s) 'pyspark_project_rotem_dims' retrieved from /opt/airflow/dags/pyspark_project_dims.py
[2025-10-14T14:45:56.679+0000] {logging_mixin.py:188} INFO - [2025-10-14T14:45:56.679+0000] {dag.py:3047} INFO - Sync 1 DAGs
[2025-10-14T14:45:56.690+0000] {logging_mixin.py:188} INFO - [2025-10-14T14:45:56.689+0000] {dag.py:3834} INFO - Setting next_dagrun for pyspark_project_rotem_dims to None, run_after=None
[2025-10-14T14:45:56.704+0000] {processor.py:183} INFO - Processing /opt/airflow/dags/pyspark_project_dims.py took 0.152 seconds
[2025-10-14T14:46:26.797+0000] {processor.py:161} INFO - Started process (PID=262) to work on /opt/airflow/dags/pyspark_project_dims.py
[2025-10-14T14:46:26.798+0000] {processor.py:830} INFO - Processing file /opt/airflow/dags/pyspark_project_dims.py for tasks to queue
[2025-10-14T14:46:26.801+0000] {logging_mixin.py:188} INFO - [2025-10-14T14:46:26.800+0000] {dagbag.py:540} INFO - Filling up the DagBag from /opt/airflow/dags/pyspark_project_dims.py
[2025-10-14T14:46:26.966+0000] {processor.py:840} INFO - DAG(s) 'pyspark_project_rotem_dims' retrieved from /opt/airflow/dags/pyspark_project_dims.py
[2025-10-14T14:46:26.993+0000] {logging_mixin.py:188} INFO - [2025-10-14T14:46:26.993+0000] {dag.py:3047} INFO - Sync 1 DAGs
[2025-10-14T14:46:27.006+0000] {logging_mixin.py:188} INFO - [2025-10-14T14:46:27.005+0000] {dag.py:3834} INFO - Setting next_dagrun for pyspark_project_rotem_dims to None, run_after=None
[2025-10-14T14:46:27.032+0000] {processor.py:183} INFO - Processing /opt/airflow/dags/pyspark_project_dims.py took 0.241 seconds
[2025-10-14T14:47:47.427+0000] {processor.py:161} INFO - Started process (PID=84) to work on /opt/airflow/dags/pyspark_project_dims.py
[2025-10-14T14:47:47.428+0000] {processor.py:830} INFO - Processing file /opt/airflow/dags/pyspark_project_dims.py for tasks to queue
[2025-10-14T14:47:47.429+0000] {logging_mixin.py:188} INFO - [2025-10-14T14:47:47.429+0000] {dagbag.py:540} INFO - Filling up the DagBag from /opt/airflow/dags/pyspark_project_dims.py
[2025-10-14T14:47:47.684+0000] {processor.py:840} INFO - DAG(s) 'pyspark_project_rotem_dims' retrieved from /opt/airflow/dags/pyspark_project_dims.py
[2025-10-14T14:47:47.861+0000] {logging_mixin.py:188} INFO - [2025-10-14T14:47:47.861+0000] {dag.py:3047} INFO - Sync 1 DAGs
[2025-10-14T14:47:47.870+0000] {logging_mixin.py:188} INFO - [2025-10-14T14:47:47.870+0000] {dag.py:3834} INFO - Setting next_dagrun for pyspark_project_rotem_dims to None, run_after=None
[2025-10-14T14:47:47.890+0000] {processor.py:183} INFO - Processing /opt/airflow/dags/pyspark_project_dims.py took 0.466 seconds
[2025-10-14T14:48:18.001+0000] {processor.py:161} INFO - Started process (PID=143) to work on /opt/airflow/dags/pyspark_project_dims.py
[2025-10-14T14:48:18.002+0000] {processor.py:830} INFO - Processing file /opt/airflow/dags/pyspark_project_dims.py for tasks to queue
[2025-10-14T14:48:18.004+0000] {logging_mixin.py:188} INFO - [2025-10-14T14:48:18.004+0000] {dagbag.py:540} INFO - Filling up the DagBag from /opt/airflow/dags/pyspark_project_dims.py
[2025-10-14T14:48:18.115+0000] {processor.py:840} INFO - DAG(s) 'pyspark_project_rotem_dims' retrieved from /opt/airflow/dags/pyspark_project_dims.py
[2025-10-14T14:48:18.132+0000] {logging_mixin.py:188} INFO - [2025-10-14T14:48:18.132+0000] {dag.py:3047} INFO - Sync 1 DAGs
[2025-10-14T14:48:18.142+0000] {logging_mixin.py:188} INFO - [2025-10-14T14:48:18.142+0000] {dag.py:3834} INFO - Setting next_dagrun for pyspark_project_rotem_dims to None, run_after=None
[2025-10-14T14:48:18.161+0000] {processor.py:183} INFO - Processing /opt/airflow/dags/pyspark_project_dims.py took 0.164 seconds
[2025-10-14T14:48:48.242+0000] {processor.py:161} INFO - Started process (PID=202) to work on /opt/airflow/dags/pyspark_project_dims.py
[2025-10-14T14:48:48.243+0000] {processor.py:830} INFO - Processing file /opt/airflow/dags/pyspark_project_dims.py for tasks to queue
[2025-10-14T14:48:48.245+0000] {logging_mixin.py:188} INFO - [2025-10-14T14:48:48.244+0000] {dagbag.py:540} INFO - Filling up the DagBag from /opt/airflow/dags/pyspark_project_dims.py
[2025-10-14T14:48:48.351+0000] {processor.py:840} INFO - DAG(s) 'pyspark_project_rotem_dims' retrieved from /opt/airflow/dags/pyspark_project_dims.py
[2025-10-14T14:48:48.368+0000] {logging_mixin.py:188} INFO - [2025-10-14T14:48:48.368+0000] {dag.py:3047} INFO - Sync 1 DAGs
[2025-10-14T14:48:48.378+0000] {logging_mixin.py:188} INFO - [2025-10-14T14:48:48.378+0000] {dag.py:3834} INFO - Setting next_dagrun for pyspark_project_rotem_dims to None, run_after=None
[2025-10-14T14:48:48.395+0000] {processor.py:183} INFO - Processing /opt/airflow/dags/pyspark_project_dims.py took 0.156 seconds
[2025-10-14T14:49:18.551+0000] {processor.py:161} INFO - Started process (PID=261) to work on /opt/airflow/dags/pyspark_project_dims.py
[2025-10-14T14:49:18.552+0000] {processor.py:830} INFO - Processing file /opt/airflow/dags/pyspark_project_dims.py for tasks to queue
[2025-10-14T14:49:18.553+0000] {logging_mixin.py:188} INFO - [2025-10-14T14:49:18.553+0000] {dagbag.py:540} INFO - Filling up the DagBag from /opt/airflow/dags/pyspark_project_dims.py
[2025-10-14T14:49:18.660+0000] {processor.py:840} INFO - DAG(s) 'pyspark_project_rotem_dims' retrieved from /opt/airflow/dags/pyspark_project_dims.py
[2025-10-14T14:49:18.676+0000] {logging_mixin.py:188} INFO - [2025-10-14T14:49:18.676+0000] {dag.py:3047} INFO - Sync 1 DAGs
[2025-10-14T14:49:18.687+0000] {logging_mixin.py:188} INFO - [2025-10-14T14:49:18.686+0000] {dag.py:3834} INFO - Setting next_dagrun for pyspark_project_rotem_dims to None, run_after=None
[2025-10-14T14:49:18.704+0000] {processor.py:183} INFO - Processing /opt/airflow/dags/pyspark_project_dims.py took 0.157 seconds
[2025-10-14T14:49:48.835+0000] {processor.py:161} INFO - Started process (PID=321) to work on /opt/airflow/dags/pyspark_project_dims.py
[2025-10-14T14:49:48.836+0000] {processor.py:830} INFO - Processing file /opt/airflow/dags/pyspark_project_dims.py for tasks to queue
[2025-10-14T14:49:48.838+0000] {logging_mixin.py:188} INFO - [2025-10-14T14:49:48.838+0000] {dagbag.py:540} INFO - Filling up the DagBag from /opt/airflow/dags/pyspark_project_dims.py
[2025-10-14T14:49:48.960+0000] {processor.py:840} INFO - DAG(s) 'pyspark_project_rotem_dims' retrieved from /opt/airflow/dags/pyspark_project_dims.py
[2025-10-14T14:49:48.979+0000] {logging_mixin.py:188} INFO - [2025-10-14T14:49:48.979+0000] {dag.py:3047} INFO - Sync 1 DAGs
[2025-10-14T14:49:48.991+0000] {logging_mixin.py:188} INFO - [2025-10-14T14:49:48.990+0000] {dag.py:3834} INFO - Setting next_dagrun for pyspark_project_rotem_dims to None, run_after=None
[2025-10-14T14:49:49.012+0000] {processor.py:183} INFO - Processing /opt/airflow/dags/pyspark_project_dims.py took 0.180 seconds
[2025-10-14T14:50:19.071+0000] {processor.py:161} INFO - Started process (PID=380) to work on /opt/airflow/dags/pyspark_project_dims.py
[2025-10-14T14:50:19.073+0000] {processor.py:830} INFO - Processing file /opt/airflow/dags/pyspark_project_dims.py for tasks to queue
[2025-10-14T14:50:19.074+0000] {logging_mixin.py:188} INFO - [2025-10-14T14:50:19.074+0000] {dagbag.py:540} INFO - Filling up the DagBag from /opt/airflow/dags/pyspark_project_dims.py
[2025-10-14T14:50:19.177+0000] {processor.py:840} INFO - DAG(s) 'pyspark_project_rotem_dims' retrieved from /opt/airflow/dags/pyspark_project_dims.py
[2025-10-14T14:50:19.195+0000] {logging_mixin.py:188} INFO - [2025-10-14T14:50:19.195+0000] {dag.py:3047} INFO - Sync 1 DAGs
[2025-10-14T14:50:19.206+0000] {logging_mixin.py:188} INFO - [2025-10-14T14:50:19.206+0000] {dag.py:3834} INFO - Setting next_dagrun for pyspark_project_rotem_dims to None, run_after=None
[2025-10-14T14:50:19.223+0000] {processor.py:183} INFO - Processing /opt/airflow/dags/pyspark_project_dims.py took 0.155 seconds
[2025-10-14T14:50:49.418+0000] {processor.py:161} INFO - Started process (PID=438) to work on /opt/airflow/dags/pyspark_project_dims.py
[2025-10-14T14:50:49.418+0000] {processor.py:830} INFO - Processing file /opt/airflow/dags/pyspark_project_dims.py for tasks to queue
[2025-10-14T14:50:49.420+0000] {logging_mixin.py:188} INFO - [2025-10-14T14:50:49.420+0000] {dagbag.py:540} INFO - Filling up the DagBag from /opt/airflow/dags/pyspark_project_dims.py
[2025-10-14T14:50:49.534+0000] {processor.py:840} INFO - DAG(s) 'pyspark_project_rotem_dims' retrieved from /opt/airflow/dags/pyspark_project_dims.py
[2025-10-14T14:50:49.551+0000] {logging_mixin.py:188} INFO - [2025-10-14T14:50:49.551+0000] {dag.py:3047} INFO - Sync 1 DAGs
[2025-10-14T14:50:49.562+0000] {logging_mixin.py:188} INFO - [2025-10-14T14:50:49.562+0000] {dag.py:3834} INFO - Setting next_dagrun for pyspark_project_rotem_dims to None, run_after=None
[2025-10-14T14:50:49.581+0000] {processor.py:183} INFO - Processing /opt/airflow/dags/pyspark_project_dims.py took 0.166 seconds
[2025-10-14T14:51:19.659+0000] {processor.py:161} INFO - Started process (PID=498) to work on /opt/airflow/dags/pyspark_project_dims.py
[2025-10-14T14:51:19.660+0000] {processor.py:830} INFO - Processing file /opt/airflow/dags/pyspark_project_dims.py for tasks to queue
[2025-10-14T14:51:19.662+0000] {logging_mixin.py:188} INFO - [2025-10-14T14:51:19.662+0000] {dagbag.py:540} INFO - Filling up the DagBag from /opt/airflow/dags/pyspark_project_dims.py
[2025-10-14T14:51:19.760+0000] {processor.py:840} INFO - DAG(s) 'pyspark_project_rotem_dims' retrieved from /opt/airflow/dags/pyspark_project_dims.py
[2025-10-14T14:51:19.777+0000] {logging_mixin.py:188} INFO - [2025-10-14T14:51:19.777+0000] {dag.py:3047} INFO - Sync 1 DAGs
[2025-10-14T14:51:19.787+0000] {logging_mixin.py:188} INFO - [2025-10-14T14:51:19.787+0000] {dag.py:3834} INFO - Setting next_dagrun for pyspark_project_rotem_dims to None, run_after=None
[2025-10-14T14:51:19.804+0000] {processor.py:183} INFO - Processing /opt/airflow/dags/pyspark_project_dims.py took 0.147 seconds
[2025-10-14T14:51:50.717+0000] {processor.py:161} INFO - Started process (PID=558) to work on /opt/airflow/dags/pyspark_project_dims.py
[2025-10-14T14:51:50.718+0000] {processor.py:830} INFO - Processing file /opt/airflow/dags/pyspark_project_dims.py for tasks to queue
[2025-10-14T14:51:50.720+0000] {logging_mixin.py:188} INFO - [2025-10-14T14:51:50.719+0000] {dagbag.py:540} INFO - Filling up the DagBag from /opt/airflow/dags/pyspark_project_dims.py
[2025-10-14T14:51:50.823+0000] {processor.py:840} INFO - DAG(s) 'pyspark_project_rotem_dims' retrieved from /opt/airflow/dags/pyspark_project_dims.py
[2025-10-14T14:51:50.845+0000] {logging_mixin.py:188} INFO - [2025-10-14T14:51:50.845+0000] {dag.py:3047} INFO - Sync 1 DAGs
[2025-10-14T14:51:50.856+0000] {logging_mixin.py:188} INFO - [2025-10-14T14:51:50.856+0000] {dag.py:3834} INFO - Setting next_dagrun for pyspark_project_rotem_dims to None, run_after=None
[2025-10-14T14:51:50.874+0000] {processor.py:183} INFO - Processing /opt/airflow/dags/pyspark_project_dims.py took 0.160 seconds
[2025-10-14T14:52:21.069+0000] {processor.py:161} INFO - Started process (PID=623) to work on /opt/airflow/dags/pyspark_project_dims.py
[2025-10-14T14:52:21.070+0000] {processor.py:830} INFO - Processing file /opt/airflow/dags/pyspark_project_dims.py for tasks to queue
[2025-10-14T14:52:21.072+0000] {logging_mixin.py:188} INFO - [2025-10-14T14:52:21.072+0000] {dagbag.py:540} INFO - Filling up the DagBag from /opt/airflow/dags/pyspark_project_dims.py
[2025-10-14T14:52:21.174+0000] {processor.py:840} INFO - DAG(s) 'pyspark_project_rotem_dims' retrieved from /opt/airflow/dags/pyspark_project_dims.py
[2025-10-14T14:52:21.191+0000] {logging_mixin.py:188} INFO - [2025-10-14T14:52:21.191+0000] {dag.py:3047} INFO - Sync 1 DAGs
[2025-10-14T14:52:21.202+0000] {logging_mixin.py:188} INFO - [2025-10-14T14:52:21.201+0000] {dag.py:3834} INFO - Setting next_dagrun for pyspark_project_rotem_dims to None, run_after=None
[2025-10-14T14:52:21.218+0000] {processor.py:183} INFO - Processing /opt/airflow/dags/pyspark_project_dims.py took 0.151 seconds
[2025-10-14T14:52:51.789+0000] {processor.py:161} INFO - Started process (PID=682) to work on /opt/airflow/dags/pyspark_project_dims.py
[2025-10-14T14:52:51.790+0000] {processor.py:830} INFO - Processing file /opt/airflow/dags/pyspark_project_dims.py for tasks to queue
[2025-10-14T14:52:51.791+0000] {logging_mixin.py:188} INFO - [2025-10-14T14:52:51.791+0000] {dagbag.py:540} INFO - Filling up the DagBag from /opt/airflow/dags/pyspark_project_dims.py
[2025-10-14T14:52:51.915+0000] {processor.py:840} INFO - DAG(s) 'pyspark_project_rotem_dims' retrieved from /opt/airflow/dags/pyspark_project_dims.py
[2025-10-14T14:52:51.946+0000] {logging_mixin.py:188} INFO - [2025-10-14T14:52:51.946+0000] {dag.py:3047} INFO - Sync 1 DAGs
[2025-10-14T14:52:51.963+0000] {logging_mixin.py:188} INFO - [2025-10-14T14:52:51.962+0000] {dag.py:3834} INFO - Setting next_dagrun for pyspark_project_rotem_dims to None, run_after=None
[2025-10-14T14:52:51.989+0000] {processor.py:183} INFO - Processing /opt/airflow/dags/pyspark_project_dims.py took 0.203 seconds
[2025-10-14T14:53:22.154+0000] {processor.py:161} INFO - Started process (PID=741) to work on /opt/airflow/dags/pyspark_project_dims.py
[2025-10-14T14:53:22.155+0000] {processor.py:830} INFO - Processing file /opt/airflow/dags/pyspark_project_dims.py for tasks to queue
[2025-10-14T14:53:22.157+0000] {logging_mixin.py:188} INFO - [2025-10-14T14:53:22.157+0000] {dagbag.py:540} INFO - Filling up the DagBag from /opt/airflow/dags/pyspark_project_dims.py
[2025-10-14T14:53:22.260+0000] {processor.py:840} INFO - DAG(s) 'pyspark_project_rotem_dims' retrieved from /opt/airflow/dags/pyspark_project_dims.py
[2025-10-14T14:53:22.276+0000] {logging_mixin.py:188} INFO - [2025-10-14T14:53:22.276+0000] {dag.py:3047} INFO - Sync 1 DAGs
[2025-10-14T14:53:22.287+0000] {logging_mixin.py:188} INFO - [2025-10-14T14:53:22.287+0000] {dag.py:3834} INFO - Setting next_dagrun for pyspark_project_rotem_dims to None, run_after=None
[2025-10-14T14:53:22.303+0000] {processor.py:183} INFO - Processing /opt/airflow/dags/pyspark_project_dims.py took 0.152 seconds
[2025-10-14T14:53:52.369+0000] {processor.py:161} INFO - Started process (PID=801) to work on /opt/airflow/dags/pyspark_project_dims.py
[2025-10-14T14:53:52.370+0000] {processor.py:830} INFO - Processing file /opt/airflow/dags/pyspark_project_dims.py for tasks to queue
[2025-10-14T14:53:52.372+0000] {logging_mixin.py:188} INFO - [2025-10-14T14:53:52.371+0000] {dagbag.py:540} INFO - Filling up the DagBag from /opt/airflow/dags/pyspark_project_dims.py
[2025-10-14T14:53:52.472+0000] {processor.py:840} INFO - DAG(s) 'pyspark_project_rotem_dims' retrieved from /opt/airflow/dags/pyspark_project_dims.py
[2025-10-14T14:53:52.489+0000] {logging_mixin.py:188} INFO - [2025-10-14T14:53:52.489+0000] {dag.py:3047} INFO - Sync 1 DAGs
[2025-10-14T14:53:52.501+0000] {logging_mixin.py:188} INFO - [2025-10-14T14:53:52.501+0000] {dag.py:3834} INFO - Setting next_dagrun for pyspark_project_rotem_dims to None, run_after=None
[2025-10-14T14:53:52.519+0000] {processor.py:183} INFO - Processing /opt/airflow/dags/pyspark_project_dims.py took 0.153 seconds
[2025-10-14T14:54:22.551+0000] {processor.py:161} INFO - Started process (PID=860) to work on /opt/airflow/dags/pyspark_project_dims.py
[2025-10-14T14:54:22.552+0000] {processor.py:830} INFO - Processing file /opt/airflow/dags/pyspark_project_dims.py for tasks to queue
[2025-10-14T14:54:22.554+0000] {logging_mixin.py:188} INFO - [2025-10-14T14:54:22.554+0000] {dagbag.py:540} INFO - Filling up the DagBag from /opt/airflow/dags/pyspark_project_dims.py
[2025-10-14T14:54:22.660+0000] {processor.py:840} INFO - DAG(s) 'pyspark_project_rotem_dims' retrieved from /opt/airflow/dags/pyspark_project_dims.py
[2025-10-14T14:54:22.677+0000] {logging_mixin.py:188} INFO - [2025-10-14T14:54:22.677+0000] {dag.py:3047} INFO - Sync 1 DAGs
[2025-10-14T14:54:22.688+0000] {logging_mixin.py:188} INFO - [2025-10-14T14:54:22.688+0000] {dag.py:3834} INFO - Setting next_dagrun for pyspark_project_rotem_dims to None, run_after=None
[2025-10-14T14:54:22.706+0000] {processor.py:183} INFO - Processing /opt/airflow/dags/pyspark_project_dims.py took 0.157 seconds
[2025-10-14T14:54:52.751+0000] {processor.py:161} INFO - Started process (PID=918) to work on /opt/airflow/dags/pyspark_project_dims.py
[2025-10-14T14:54:52.751+0000] {processor.py:830} INFO - Processing file /opt/airflow/dags/pyspark_project_dims.py for tasks to queue
[2025-10-14T14:54:52.753+0000] {logging_mixin.py:188} INFO - [2025-10-14T14:54:52.753+0000] {dagbag.py:540} INFO - Filling up the DagBag from /opt/airflow/dags/pyspark_project_dims.py
[2025-10-14T14:54:52.858+0000] {processor.py:840} INFO - DAG(s) 'pyspark_project_rotem_dims' retrieved from /opt/airflow/dags/pyspark_project_dims.py
[2025-10-14T14:54:52.875+0000] {logging_mixin.py:188} INFO - [2025-10-14T14:54:52.875+0000] {dag.py:3047} INFO - Sync 1 DAGs
[2025-10-14T14:54:52.886+0000] {logging_mixin.py:188} INFO - [2025-10-14T14:54:52.886+0000] {dag.py:3834} INFO - Setting next_dagrun for pyspark_project_rotem_dims to None, run_after=None
[2025-10-14T14:54:52.905+0000] {processor.py:183} INFO - Processing /opt/airflow/dags/pyspark_project_dims.py took 0.157 seconds
[2025-10-14T14:55:23.055+0000] {processor.py:161} INFO - Started process (PID=977) to work on /opt/airflow/dags/pyspark_project_dims.py
[2025-10-14T14:55:23.056+0000] {processor.py:830} INFO - Processing file /opt/airflow/dags/pyspark_project_dims.py for tasks to queue
[2025-10-14T14:55:23.057+0000] {logging_mixin.py:188} INFO - [2025-10-14T14:55:23.057+0000] {dagbag.py:540} INFO - Filling up the DagBag from /opt/airflow/dags/pyspark_project_dims.py
[2025-10-14T14:55:23.184+0000] {processor.py:840} INFO - DAG(s) 'pyspark_project_rotem_dims' retrieved from /opt/airflow/dags/pyspark_project_dims.py
[2025-10-14T14:55:23.203+0000] {logging_mixin.py:188} INFO - [2025-10-14T14:55:23.202+0000] {dag.py:3047} INFO - Sync 1 DAGs
[2025-10-14T14:55:23.214+0000] {logging_mixin.py:188} INFO - [2025-10-14T14:55:23.214+0000] {dag.py:3834} INFO - Setting next_dagrun for pyspark_project_rotem_dims to None, run_after=None
[2025-10-14T14:55:23.233+0000] {processor.py:183} INFO - Processing /opt/airflow/dags/pyspark_project_dims.py took 0.181 seconds
