[2025-10-14T14:44:59.938+0000] {processor.py:161} INFO - Started process (PID=122) to work on /home/airflow/.local/lib/python3.8/site-packages/airflow/example_dags/example_branch_operator.py
[2025-10-14T14:44:59.938+0000] {processor.py:830} INFO - Processing file /home/airflow/.local/lib/python3.8/site-packages/airflow/example_dags/example_branch_operator.py for tasks to queue
[2025-10-14T14:44:59.940+0000] {logging_mixin.py:188} INFO - [2025-10-14T14:44:59.940+0000] {dagbag.py:540} INFO - Filling up the DagBag from /home/airflow/.local/lib/python3.8/site-packages/airflow/example_dags/example_branch_operator.py
[2025-10-14T14:44:59.959+0000] {processor.py:840} INFO - DAG(s) 'example_branch_operator' retrieved from /home/airflow/.local/lib/python3.8/site-packages/airflow/example_dags/example_branch_operator.py
[2025-10-14T14:45:00.055+0000] {logging_mixin.py:188} INFO - [2025-10-14T14:45:00.055+0000] {override.py:1769} INFO - Created Permission View: can edit on DAG:example_branch_operator
[2025-10-14T14:45:00.064+0000] {logging_mixin.py:188} INFO - [2025-10-14T14:45:00.063+0000] {override.py:1769} INFO - Created Permission View: can delete on DAG:example_branch_operator
[2025-10-14T14:45:00.069+0000] {logging_mixin.py:188} INFO - [2025-10-14T14:45:00.069+0000] {override.py:1769} INFO - Created Permission View: can read on DAG:example_branch_operator
[2025-10-14T14:45:00.070+0000] {logging_mixin.py:188} INFO - [2025-10-14T14:45:00.070+0000] {dag.py:3047} INFO - Sync 1 DAGs
[2025-10-14T14:45:00.079+0000] {logging_mixin.py:188} INFO - [2025-10-14T14:45:00.079+0000] {dag.py:3069} INFO - Creating ORM DAG for example_branch_operator
[2025-10-14T14:45:00.089+0000] {logging_mixin.py:188} INFO - [2025-10-14T14:45:00.088+0000] {dag.py:3834} INFO - Setting next_dagrun for example_branch_operator to 2025-10-13 00:00:00+00:00, run_after=2025-10-14 00:00:00+00:00
[2025-10-14T14:45:00.113+0000] {processor.py:183} INFO - Processing /home/airflow/.local/lib/python3.8/site-packages/airflow/example_dags/example_branch_operator.py took 0.178 seconds
[2025-10-14T14:45:30.519+0000] {processor.py:161} INFO - Started process (PID=181) to work on /home/airflow/.local/lib/python3.8/site-packages/airflow/example_dags/example_branch_operator.py
[2025-10-14T14:45:30.520+0000] {processor.py:830} INFO - Processing file /home/airflow/.local/lib/python3.8/site-packages/airflow/example_dags/example_branch_operator.py for tasks to queue
[2025-10-14T14:45:30.521+0000] {logging_mixin.py:188} INFO - [2025-10-14T14:45:30.521+0000] {dagbag.py:540} INFO - Filling up the DagBag from /home/airflow/.local/lib/python3.8/site-packages/airflow/example_dags/example_branch_operator.py
[2025-10-14T14:45:30.539+0000] {processor.py:840} INFO - DAG(s) 'example_branch_operator' retrieved from /home/airflow/.local/lib/python3.8/site-packages/airflow/example_dags/example_branch_operator.py
[2025-10-14T14:45:30.561+0000] {logging_mixin.py:188} INFO - [2025-10-14T14:45:30.561+0000] {dag.py:3047} INFO - Sync 1 DAGs
[2025-10-14T14:45:30.582+0000] {logging_mixin.py:188} INFO - [2025-10-14T14:45:30.581+0000] {dag.py:3834} INFO - Setting next_dagrun for example_branch_operator to 2025-10-13 00:00:00+00:00, run_after=2025-10-14 00:00:00+00:00
[2025-10-14T14:45:30.599+0000] {processor.py:183} INFO - Processing /home/airflow/.local/lib/python3.8/site-packages/airflow/example_dags/example_branch_operator.py took 0.083 seconds
[2025-10-14T14:46:00.860+0000] {processor.py:161} INFO - Started process (PID=240) to work on /home/airflow/.local/lib/python3.8/site-packages/airflow/example_dags/example_branch_operator.py
[2025-10-14T14:46:00.861+0000] {processor.py:830} INFO - Processing file /home/airflow/.local/lib/python3.8/site-packages/airflow/example_dags/example_branch_operator.py for tasks to queue
[2025-10-14T14:46:00.862+0000] {logging_mixin.py:188} INFO - [2025-10-14T14:46:00.862+0000] {dagbag.py:540} INFO - Filling up the DagBag from /home/airflow/.local/lib/python3.8/site-packages/airflow/example_dags/example_branch_operator.py
[2025-10-14T14:46:00.880+0000] {processor.py:840} INFO - DAG(s) 'example_branch_operator' retrieved from /home/airflow/.local/lib/python3.8/site-packages/airflow/example_dags/example_branch_operator.py
[2025-10-14T14:46:00.903+0000] {logging_mixin.py:188} INFO - [2025-10-14T14:46:00.903+0000] {dag.py:3047} INFO - Sync 1 DAGs
[2025-10-14T14:46:00.924+0000] {logging_mixin.py:188} INFO - [2025-10-14T14:46:00.923+0000] {dag.py:3834} INFO - Setting next_dagrun for example_branch_operator to 2025-10-13 00:00:00+00:00, run_after=2025-10-14 00:00:00+00:00
[2025-10-14T14:46:00.940+0000] {processor.py:183} INFO - Processing /home/airflow/.local/lib/python3.8/site-packages/airflow/example_dags/example_branch_operator.py took 0.084 seconds
[2025-10-14T14:47:51.514+0000] {processor.py:161} INFO - Started process (PID=127) to work on /home/airflow/.local/lib/python3.8/site-packages/airflow/example_dags/example_branch_operator.py
[2025-10-14T14:47:51.515+0000] {processor.py:830} INFO - Processing file /home/airflow/.local/lib/python3.8/site-packages/airflow/example_dags/example_branch_operator.py for tasks to queue
[2025-10-14T14:47:51.517+0000] {logging_mixin.py:188} INFO - [2025-10-14T14:47:51.517+0000] {dagbag.py:540} INFO - Filling up the DagBag from /home/airflow/.local/lib/python3.8/site-packages/airflow/example_dags/example_branch_operator.py
[2025-10-14T14:47:51.537+0000] {processor.py:840} INFO - DAG(s) 'example_branch_operator' retrieved from /home/airflow/.local/lib/python3.8/site-packages/airflow/example_dags/example_branch_operator.py
[2025-10-14T14:47:51.641+0000] {logging_mixin.py:188} INFO - [2025-10-14T14:47:51.641+0000] {dag.py:3047} INFO - Sync 1 DAGs
[2025-10-14T14:47:51.665+0000] {logging_mixin.py:188} INFO - [2025-10-14T14:47:51.665+0000] {dag.py:3834} INFO - Setting next_dagrun for example_branch_operator to 2025-10-13 00:00:00+00:00, run_after=2025-10-14 00:00:00+00:00
[2025-10-14T14:47:51.689+0000] {processor.py:183} INFO - Processing /home/airflow/.local/lib/python3.8/site-packages/airflow/example_dags/example_branch_operator.py took 0.178 seconds
[2025-10-14T14:48:22.117+0000] {processor.py:161} INFO - Started process (PID=186) to work on /home/airflow/.local/lib/python3.8/site-packages/airflow/example_dags/example_branch_operator.py
[2025-10-14T14:48:22.118+0000] {processor.py:830} INFO - Processing file /home/airflow/.local/lib/python3.8/site-packages/airflow/example_dags/example_branch_operator.py for tasks to queue
[2025-10-14T14:48:22.120+0000] {logging_mixin.py:188} INFO - [2025-10-14T14:48:22.119+0000] {dagbag.py:540} INFO - Filling up the DagBag from /home/airflow/.local/lib/python3.8/site-packages/airflow/example_dags/example_branch_operator.py
[2025-10-14T14:48:22.135+0000] {processor.py:840} INFO - DAG(s) 'example_branch_operator' retrieved from /home/airflow/.local/lib/python3.8/site-packages/airflow/example_dags/example_branch_operator.py
[2025-10-14T14:48:22.158+0000] {logging_mixin.py:188} INFO - [2025-10-14T14:48:22.158+0000] {dag.py:3047} INFO - Sync 1 DAGs
[2025-10-14T14:48:22.180+0000] {logging_mixin.py:188} INFO - [2025-10-14T14:48:22.180+0000] {dag.py:3834} INFO - Setting next_dagrun for example_branch_operator to 2025-10-13 00:00:00+00:00, run_after=2025-10-14 00:00:00+00:00
[2025-10-14T14:48:22.196+0000] {processor.py:183} INFO - Processing /home/airflow/.local/lib/python3.8/site-packages/airflow/example_dags/example_branch_operator.py took 0.082 seconds
[2025-10-14T14:48:52.473+0000] {processor.py:161} INFO - Started process (PID=245) to work on /home/airflow/.local/lib/python3.8/site-packages/airflow/example_dags/example_branch_operator.py
[2025-10-14T14:48:52.474+0000] {processor.py:830} INFO - Processing file /home/airflow/.local/lib/python3.8/site-packages/airflow/example_dags/example_branch_operator.py for tasks to queue
[2025-10-14T14:48:52.475+0000] {logging_mixin.py:188} INFO - [2025-10-14T14:48:52.475+0000] {dagbag.py:540} INFO - Filling up the DagBag from /home/airflow/.local/lib/python3.8/site-packages/airflow/example_dags/example_branch_operator.py
[2025-10-14T14:48:52.491+0000] {processor.py:840} INFO - DAG(s) 'example_branch_operator' retrieved from /home/airflow/.local/lib/python3.8/site-packages/airflow/example_dags/example_branch_operator.py
[2025-10-14T14:48:52.515+0000] {logging_mixin.py:188} INFO - [2025-10-14T14:48:52.515+0000] {dag.py:3047} INFO - Sync 1 DAGs
[2025-10-14T14:48:52.535+0000] {logging_mixin.py:188} INFO - [2025-10-14T14:48:52.535+0000] {dag.py:3834} INFO - Setting next_dagrun for example_branch_operator to 2025-10-13 00:00:00+00:00, run_after=2025-10-14 00:00:00+00:00
[2025-10-14T14:48:52.551+0000] {processor.py:183} INFO - Processing /home/airflow/.local/lib/python3.8/site-packages/airflow/example_dags/example_branch_operator.py took 0.082 seconds
[2025-10-14T14:49:22.813+0000] {processor.py:161} INFO - Started process (PID=304) to work on /home/airflow/.local/lib/python3.8/site-packages/airflow/example_dags/example_branch_operator.py
[2025-10-14T14:49:22.814+0000] {processor.py:830} INFO - Processing file /home/airflow/.local/lib/python3.8/site-packages/airflow/example_dags/example_branch_operator.py for tasks to queue
[2025-10-14T14:49:22.816+0000] {logging_mixin.py:188} INFO - [2025-10-14T14:49:22.816+0000] {dagbag.py:540} INFO - Filling up the DagBag from /home/airflow/.local/lib/python3.8/site-packages/airflow/example_dags/example_branch_operator.py
[2025-10-14T14:49:22.833+0000] {processor.py:840} INFO - DAG(s) 'example_branch_operator' retrieved from /home/airflow/.local/lib/python3.8/site-packages/airflow/example_dags/example_branch_operator.py
[2025-10-14T14:49:22.858+0000] {logging_mixin.py:188} INFO - [2025-10-14T14:49:22.858+0000] {dag.py:3047} INFO - Sync 1 DAGs
[2025-10-14T14:49:22.877+0000] {logging_mixin.py:188} INFO - [2025-10-14T14:49:22.877+0000] {dag.py:3834} INFO - Setting next_dagrun for example_branch_operator to 2025-10-13 00:00:00+00:00, run_after=2025-10-14 00:00:00+00:00
[2025-10-14T14:49:22.893+0000] {processor.py:183} INFO - Processing /home/airflow/.local/lib/python3.8/site-packages/airflow/example_dags/example_branch_operator.py took 0.083 seconds
[2025-10-14T14:49:53.180+0000] {processor.py:161} INFO - Started process (PID=363) to work on /home/airflow/.local/lib/python3.8/site-packages/airflow/example_dags/example_branch_operator.py
[2025-10-14T14:49:53.182+0000] {processor.py:830} INFO - Processing file /home/airflow/.local/lib/python3.8/site-packages/airflow/example_dags/example_branch_operator.py for tasks to queue
[2025-10-14T14:49:53.184+0000] {logging_mixin.py:188} INFO - [2025-10-14T14:49:53.183+0000] {dagbag.py:540} INFO - Filling up the DagBag from /home/airflow/.local/lib/python3.8/site-packages/airflow/example_dags/example_branch_operator.py
[2025-10-14T14:49:53.199+0000] {processor.py:840} INFO - DAG(s) 'example_branch_operator' retrieved from /home/airflow/.local/lib/python3.8/site-packages/airflow/example_dags/example_branch_operator.py
[2025-10-14T14:49:53.223+0000] {logging_mixin.py:188} INFO - [2025-10-14T14:49:53.223+0000] {dag.py:3047} INFO - Sync 1 DAGs
[2025-10-14T14:49:53.245+0000] {logging_mixin.py:188} INFO - [2025-10-14T14:49:53.245+0000] {dag.py:3834} INFO - Setting next_dagrun for example_branch_operator to 2025-10-13 00:00:00+00:00, run_after=2025-10-14 00:00:00+00:00
[2025-10-14T14:49:53.263+0000] {processor.py:183} INFO - Processing /home/airflow/.local/lib/python3.8/site-packages/airflow/example_dags/example_branch_operator.py took 0.085 seconds
[2025-10-14T14:50:23.442+0000] {processor.py:161} INFO - Started process (PID=422) to work on /home/airflow/.local/lib/python3.8/site-packages/airflow/example_dags/example_branch_operator.py
[2025-10-14T14:50:23.443+0000] {processor.py:830} INFO - Processing file /home/airflow/.local/lib/python3.8/site-packages/airflow/example_dags/example_branch_operator.py for tasks to queue
[2025-10-14T14:50:23.445+0000] {logging_mixin.py:188} INFO - [2025-10-14T14:50:23.445+0000] {dagbag.py:540} INFO - Filling up the DagBag from /home/airflow/.local/lib/python3.8/site-packages/airflow/example_dags/example_branch_operator.py
[2025-10-14T14:50:23.465+0000] {processor.py:840} INFO - DAG(s) 'example_branch_operator' retrieved from /home/airflow/.local/lib/python3.8/site-packages/airflow/example_dags/example_branch_operator.py
[2025-10-14T14:50:23.492+0000] {logging_mixin.py:188} INFO - [2025-10-14T14:50:23.491+0000] {dag.py:3047} INFO - Sync 1 DAGs
[2025-10-14T14:50:23.515+0000] {logging_mixin.py:188} INFO - [2025-10-14T14:50:23.514+0000] {dag.py:3834} INFO - Setting next_dagrun for example_branch_operator to 2025-10-13 00:00:00+00:00, run_after=2025-10-14 00:00:00+00:00
[2025-10-14T14:50:23.532+0000] {processor.py:183} INFO - Processing /home/airflow/.local/lib/python3.8/site-packages/airflow/example_dags/example_branch_operator.py took 0.093 seconds
[2025-10-14T14:50:54.322+0000] {processor.py:161} INFO - Started process (PID=481) to work on /home/airflow/.local/lib/python3.8/site-packages/airflow/example_dags/example_branch_operator.py
[2025-10-14T14:50:54.323+0000] {processor.py:830} INFO - Processing file /home/airflow/.local/lib/python3.8/site-packages/airflow/example_dags/example_branch_operator.py for tasks to queue
[2025-10-14T14:50:54.324+0000] {logging_mixin.py:188} INFO - [2025-10-14T14:50:54.324+0000] {dagbag.py:540} INFO - Filling up the DagBag from /home/airflow/.local/lib/python3.8/site-packages/airflow/example_dags/example_branch_operator.py
[2025-10-14T14:50:54.340+0000] {processor.py:840} INFO - DAG(s) 'example_branch_operator' retrieved from /home/airflow/.local/lib/python3.8/site-packages/airflow/example_dags/example_branch_operator.py
[2025-10-14T14:50:54.365+0000] {logging_mixin.py:188} INFO - [2025-10-14T14:50:54.365+0000] {dag.py:3047} INFO - Sync 1 DAGs
[2025-10-14T14:50:54.385+0000] {logging_mixin.py:188} INFO - [2025-10-14T14:50:54.385+0000] {dag.py:3834} INFO - Setting next_dagrun for example_branch_operator to 2025-10-13 00:00:00+00:00, run_after=2025-10-14 00:00:00+00:00
[2025-10-14T14:50:54.401+0000] {processor.py:183} INFO - Processing /home/airflow/.local/lib/python3.8/site-packages/airflow/example_dags/example_branch_operator.py took 0.082 seconds
[2025-10-14T14:51:24.610+0000] {processor.py:161} INFO - Started process (PID=541) to work on /home/airflow/.local/lib/python3.8/site-packages/airflow/example_dags/example_branch_operator.py
[2025-10-14T14:51:24.611+0000] {processor.py:830} INFO - Processing file /home/airflow/.local/lib/python3.8/site-packages/airflow/example_dags/example_branch_operator.py for tasks to queue
[2025-10-14T14:51:24.613+0000] {logging_mixin.py:188} INFO - [2025-10-14T14:51:24.613+0000] {dagbag.py:540} INFO - Filling up the DagBag from /home/airflow/.local/lib/python3.8/site-packages/airflow/example_dags/example_branch_operator.py
[2025-10-14T14:51:24.628+0000] {processor.py:840} INFO - DAG(s) 'example_branch_operator' retrieved from /home/airflow/.local/lib/python3.8/site-packages/airflow/example_dags/example_branch_operator.py
[2025-10-14T14:51:24.651+0000] {logging_mixin.py:188} INFO - [2025-10-14T14:51:24.651+0000] {dag.py:3047} INFO - Sync 1 DAGs
[2025-10-14T14:51:24.671+0000] {logging_mixin.py:188} INFO - [2025-10-14T14:51:24.671+0000] {dag.py:3834} INFO - Setting next_dagrun for example_branch_operator to 2025-10-13 00:00:00+00:00, run_after=2025-10-14 00:00:00+00:00
[2025-10-14T14:51:24.687+0000] {processor.py:183} INFO - Processing /home/airflow/.local/lib/python3.8/site-packages/airflow/example_dags/example_branch_operator.py took 0.080 seconds
[2025-10-14T14:51:54.906+0000] {processor.py:161} INFO - Started process (PID=600) to work on /home/airflow/.local/lib/python3.8/site-packages/airflow/example_dags/example_branch_operator.py
[2025-10-14T14:51:54.907+0000] {processor.py:830} INFO - Processing file /home/airflow/.local/lib/python3.8/site-packages/airflow/example_dags/example_branch_operator.py for tasks to queue
[2025-10-14T14:51:54.909+0000] {logging_mixin.py:188} INFO - [2025-10-14T14:51:54.909+0000] {dagbag.py:540} INFO - Filling up the DagBag from /home/airflow/.local/lib/python3.8/site-packages/airflow/example_dags/example_branch_operator.py
[2025-10-14T14:51:54.925+0000] {processor.py:840} INFO - DAG(s) 'example_branch_operator' retrieved from /home/airflow/.local/lib/python3.8/site-packages/airflow/example_dags/example_branch_operator.py
[2025-10-14T14:51:54.950+0000] {logging_mixin.py:188} INFO - [2025-10-14T14:51:54.950+0000] {dag.py:3047} INFO - Sync 1 DAGs
[2025-10-14T14:51:54.971+0000] {logging_mixin.py:188} INFO - [2025-10-14T14:51:54.971+0000] {dag.py:3834} INFO - Setting next_dagrun for example_branch_operator to 2025-10-13 00:00:00+00:00, run_after=2025-10-14 00:00:00+00:00
[2025-10-14T14:51:54.988+0000] {processor.py:183} INFO - Processing /home/airflow/.local/lib/python3.8/site-packages/airflow/example_dags/example_branch_operator.py took 0.085 seconds
[2025-10-14T14:52:25.912+0000] {processor.py:161} INFO - Started process (PID=659) to work on /home/airflow/.local/lib/python3.8/site-packages/airflow/example_dags/example_branch_operator.py
[2025-10-14T14:52:25.913+0000] {processor.py:830} INFO - Processing file /home/airflow/.local/lib/python3.8/site-packages/airflow/example_dags/example_branch_operator.py for tasks to queue
[2025-10-14T14:52:25.915+0000] {logging_mixin.py:188} INFO - [2025-10-14T14:52:25.915+0000] {dagbag.py:540} INFO - Filling up the DagBag from /home/airflow/.local/lib/python3.8/site-packages/airflow/example_dags/example_branch_operator.py
[2025-10-14T14:52:25.931+0000] {processor.py:840} INFO - DAG(s) 'example_branch_operator' retrieved from /home/airflow/.local/lib/python3.8/site-packages/airflow/example_dags/example_branch_operator.py
[2025-10-14T14:52:25.955+0000] {logging_mixin.py:188} INFO - [2025-10-14T14:52:25.954+0000] {dag.py:3047} INFO - Sync 1 DAGs
[2025-10-14T14:52:25.974+0000] {logging_mixin.py:188} INFO - [2025-10-14T14:52:25.973+0000] {dag.py:3834} INFO - Setting next_dagrun for example_branch_operator to 2025-10-13 00:00:00+00:00, run_after=2025-10-14 00:00:00+00:00
[2025-10-14T14:52:25.992+0000] {processor.py:183} INFO - Processing /home/airflow/.local/lib/python3.8/site-packages/airflow/example_dags/example_branch_operator.py took 0.083 seconds
[2025-10-14T14:52:56.841+0000] {processor.py:161} INFO - Started process (PID=718) to work on /home/airflow/.local/lib/python3.8/site-packages/airflow/example_dags/example_branch_operator.py
[2025-10-14T14:52:56.842+0000] {processor.py:830} INFO - Processing file /home/airflow/.local/lib/python3.8/site-packages/airflow/example_dags/example_branch_operator.py for tasks to queue
[2025-10-14T14:52:56.844+0000] {logging_mixin.py:188} INFO - [2025-10-14T14:52:56.844+0000] {dagbag.py:540} INFO - Filling up the DagBag from /home/airflow/.local/lib/python3.8/site-packages/airflow/example_dags/example_branch_operator.py
[2025-10-14T14:52:56.862+0000] {processor.py:840} INFO - DAG(s) 'example_branch_operator' retrieved from /home/airflow/.local/lib/python3.8/site-packages/airflow/example_dags/example_branch_operator.py
[2025-10-14T14:52:56.888+0000] {logging_mixin.py:188} INFO - [2025-10-14T14:52:56.888+0000] {dag.py:3047} INFO - Sync 1 DAGs
[2025-10-14T14:52:56.913+0000] {logging_mixin.py:188} INFO - [2025-10-14T14:52:56.912+0000] {dag.py:3834} INFO - Setting next_dagrun for example_branch_operator to 2025-10-13 00:00:00+00:00, run_after=2025-10-14 00:00:00+00:00
[2025-10-14T14:52:56.931+0000] {processor.py:183} INFO - Processing /home/airflow/.local/lib/python3.8/site-packages/airflow/example_dags/example_branch_operator.py took 0.093 seconds
[2025-10-14T14:53:27.182+0000] {processor.py:161} INFO - Started process (PID=777) to work on /home/airflow/.local/lib/python3.8/site-packages/airflow/example_dags/example_branch_operator.py
[2025-10-14T14:53:27.183+0000] {processor.py:830} INFO - Processing file /home/airflow/.local/lib/python3.8/site-packages/airflow/example_dags/example_branch_operator.py for tasks to queue
[2025-10-14T14:53:27.185+0000] {logging_mixin.py:188} INFO - [2025-10-14T14:53:27.185+0000] {dagbag.py:540} INFO - Filling up the DagBag from /home/airflow/.local/lib/python3.8/site-packages/airflow/example_dags/example_branch_operator.py
[2025-10-14T14:53:27.201+0000] {processor.py:840} INFO - DAG(s) 'example_branch_operator' retrieved from /home/airflow/.local/lib/python3.8/site-packages/airflow/example_dags/example_branch_operator.py
[2025-10-14T14:53:27.223+0000] {logging_mixin.py:188} INFO - [2025-10-14T14:53:27.223+0000] {dag.py:3047} INFO - Sync 1 DAGs
[2025-10-14T14:53:27.242+0000] {logging_mixin.py:188} INFO - [2025-10-14T14:53:27.242+0000] {dag.py:3834} INFO - Setting next_dagrun for example_branch_operator to 2025-10-13 00:00:00+00:00, run_after=2025-10-14 00:00:00+00:00
[2025-10-14T14:53:27.258+0000] {processor.py:183} INFO - Processing /home/airflow/.local/lib/python3.8/site-packages/airflow/example_dags/example_branch_operator.py took 0.079 seconds
[2025-10-14T14:53:57.692+0000] {processor.py:161} INFO - Started process (PID=836) to work on /home/airflow/.local/lib/python3.8/site-packages/airflow/example_dags/example_branch_operator.py
[2025-10-14T14:53:57.693+0000] {processor.py:830} INFO - Processing file /home/airflow/.local/lib/python3.8/site-packages/airflow/example_dags/example_branch_operator.py for tasks to queue
[2025-10-14T14:53:57.694+0000] {logging_mixin.py:188} INFO - [2025-10-14T14:53:57.694+0000] {dagbag.py:540} INFO - Filling up the DagBag from /home/airflow/.local/lib/python3.8/site-packages/airflow/example_dags/example_branch_operator.py
[2025-10-14T14:53:57.710+0000] {processor.py:840} INFO - DAG(s) 'example_branch_operator' retrieved from /home/airflow/.local/lib/python3.8/site-packages/airflow/example_dags/example_branch_operator.py
[2025-10-14T14:53:57.733+0000] {logging_mixin.py:188} INFO - [2025-10-14T14:53:57.732+0000] {dag.py:3047} INFO - Sync 1 DAGs
[2025-10-14T14:53:57.753+0000] {logging_mixin.py:188} INFO - [2025-10-14T14:53:57.752+0000] {dag.py:3834} INFO - Setting next_dagrun for example_branch_operator to 2025-10-13 00:00:00+00:00, run_after=2025-10-14 00:00:00+00:00
[2025-10-14T14:53:57.770+0000] {processor.py:183} INFO - Processing /home/airflow/.local/lib/python3.8/site-packages/airflow/example_dags/example_branch_operator.py took 0.080 seconds
[2025-10-14T14:54:28.555+0000] {processor.py:161} INFO - Started process (PID=895) to work on /home/airflow/.local/lib/python3.8/site-packages/airflow/example_dags/example_branch_operator.py
[2025-10-14T14:54:28.556+0000] {processor.py:830} INFO - Processing file /home/airflow/.local/lib/python3.8/site-packages/airflow/example_dags/example_branch_operator.py for tasks to queue
[2025-10-14T14:54:28.557+0000] {logging_mixin.py:188} INFO - [2025-10-14T14:54:28.557+0000] {dagbag.py:540} INFO - Filling up the DagBag from /home/airflow/.local/lib/python3.8/site-packages/airflow/example_dags/example_branch_operator.py
[2025-10-14T14:54:28.574+0000] {processor.py:840} INFO - DAG(s) 'example_branch_operator' retrieved from /home/airflow/.local/lib/python3.8/site-packages/airflow/example_dags/example_branch_operator.py
[2025-10-14T14:54:28.599+0000] {logging_mixin.py:188} INFO - [2025-10-14T14:54:28.599+0000] {dag.py:3047} INFO - Sync 1 DAGs
[2025-10-14T14:54:28.622+0000] {logging_mixin.py:188} INFO - [2025-10-14T14:54:28.621+0000] {dag.py:3834} INFO - Setting next_dagrun for example_branch_operator to 2025-10-13 00:00:00+00:00, run_after=2025-10-14 00:00:00+00:00
[2025-10-14T14:54:28.640+0000] {processor.py:183} INFO - Processing /home/airflow/.local/lib/python3.8/site-packages/airflow/example_dags/example_branch_operator.py took 0.088 seconds
[2025-10-14T14:54:59.830+0000] {processor.py:161} INFO - Started process (PID=954) to work on /home/airflow/.local/lib/python3.8/site-packages/airflow/example_dags/example_branch_operator.py
[2025-10-14T14:54:59.831+0000] {processor.py:830} INFO - Processing file /home/airflow/.local/lib/python3.8/site-packages/airflow/example_dags/example_branch_operator.py for tasks to queue
[2025-10-14T14:54:59.833+0000] {logging_mixin.py:188} INFO - [2025-10-14T14:54:59.833+0000] {dagbag.py:540} INFO - Filling up the DagBag from /home/airflow/.local/lib/python3.8/site-packages/airflow/example_dags/example_branch_operator.py
[2025-10-14T14:54:59.851+0000] {processor.py:840} INFO - DAG(s) 'example_branch_operator' retrieved from /home/airflow/.local/lib/python3.8/site-packages/airflow/example_dags/example_branch_operator.py
[2025-10-14T14:54:59.876+0000] {logging_mixin.py:188} INFO - [2025-10-14T14:54:59.875+0000] {dag.py:3047} INFO - Sync 1 DAGs
[2025-10-14T14:54:59.898+0000] {logging_mixin.py:188} INFO - [2025-10-14T14:54:59.898+0000] {dag.py:3834} INFO - Setting next_dagrun for example_branch_operator to 2025-10-13 00:00:00+00:00, run_after=2025-10-14 00:00:00+00:00
[2025-10-14T14:54:59.914+0000] {processor.py:183} INFO - Processing /home/airflow/.local/lib/python3.8/site-packages/airflow/example_dags/example_branch_operator.py took 0.087 seconds
[2025-10-14T14:55:30.449+0000] {processor.py:161} INFO - Started process (PID=1013) to work on /home/airflow/.local/lib/python3.8/site-packages/airflow/example_dags/example_branch_operator.py
[2025-10-14T14:55:30.450+0000] {processor.py:830} INFO - Processing file /home/airflow/.local/lib/python3.8/site-packages/airflow/example_dags/example_branch_operator.py for tasks to queue
[2025-10-14T14:55:30.452+0000] {logging_mixin.py:188} INFO - [2025-10-14T14:55:30.452+0000] {dagbag.py:540} INFO - Filling up the DagBag from /home/airflow/.local/lib/python3.8/site-packages/airflow/example_dags/example_branch_operator.py
[2025-10-14T14:55:30.469+0000] {processor.py:840} INFO - DAG(s) 'example_branch_operator' retrieved from /home/airflow/.local/lib/python3.8/site-packages/airflow/example_dags/example_branch_operator.py
[2025-10-14T14:55:30.495+0000] {logging_mixin.py:188} INFO - [2025-10-14T14:55:30.495+0000] {dag.py:3047} INFO - Sync 1 DAGs
[2025-10-14T14:55:30.516+0000] {logging_mixin.py:188} INFO - [2025-10-14T14:55:30.516+0000] {dag.py:3834} INFO - Setting next_dagrun for example_branch_operator to 2025-10-13 00:00:00+00:00, run_after=2025-10-14 00:00:00+00:00
[2025-10-14T14:55:30.533+0000] {processor.py:183} INFO - Processing /home/airflow/.local/lib/python3.8/site-packages/airflow/example_dags/example_branch_operator.py took 0.087 seconds
