[2025-10-14T14:45:00.850+0000] {processor.py:161} INFO - Started process (PID=131) to work on /home/airflow/.local/lib/python3.8/site-packages/airflow/example_dags/example_short_circuit_operator.py
[2025-10-14T14:45:00.851+0000] {processor.py:830} INFO - Processing file /home/airflow/.local/lib/python3.8/site-packages/airflow/example_dags/example_short_circuit_operator.py for tasks to queue
[2025-10-14T14:45:00.853+0000] {logging_mixin.py:188} INFO - [2025-10-14T14:45:00.852+0000] {dagbag.py:540} INFO - Filling up the DagBag from /home/airflow/.local/lib/python3.8/site-packages/airflow/example_dags/example_short_circuit_operator.py
[2025-10-14T14:45:00.860+0000] {processor.py:840} INFO - DAG(s) 'example_short_circuit_operator' retrieved from /home/airflow/.local/lib/python3.8/site-packages/airflow/example_dags/example_short_circuit_operator.py
[2025-10-14T14:45:00.951+0000] {logging_mixin.py:188} INFO - [2025-10-14T14:45:00.950+0000] {override.py:1769} INFO - Created Permission View: can edit on DAG:example_short_circuit_operator
[2025-10-14T14:45:00.959+0000] {logging_mixin.py:188} INFO - [2025-10-14T14:45:00.959+0000] {override.py:1769} INFO - Created Permission View: can delete on DAG:example_short_circuit_operator
[2025-10-14T14:45:00.965+0000] {logging_mixin.py:188} INFO - [2025-10-14T14:45:00.965+0000] {override.py:1769} INFO - Created Permission View: can read on DAG:example_short_circuit_operator
[2025-10-14T14:45:00.966+0000] {logging_mixin.py:188} INFO - [2025-10-14T14:45:00.966+0000] {dag.py:3047} INFO - Sync 1 DAGs
[2025-10-14T14:45:00.976+0000] {logging_mixin.py:188} INFO - [2025-10-14T14:45:00.976+0000] {dag.py:3069} INFO - Creating ORM DAG for example_short_circuit_operator
[2025-10-14T14:45:00.985+0000] {logging_mixin.py:188} INFO - [2025-10-14T14:45:00.985+0000] {dag.py:3834} INFO - Setting next_dagrun for example_short_circuit_operator to 2025-10-13 00:00:00+00:00, run_after=2025-10-14 00:00:00+00:00
[2025-10-14T14:45:01.000+0000] {processor.py:183} INFO - Processing /home/airflow/.local/lib/python3.8/site-packages/airflow/example_dags/example_short_circuit_operator.py took 0.153 seconds
[2025-10-14T14:45:31.058+0000] {processor.py:161} INFO - Started process (PID=190) to work on /home/airflow/.local/lib/python3.8/site-packages/airflow/example_dags/example_short_circuit_operator.py
[2025-10-14T14:45:31.059+0000] {processor.py:830} INFO - Processing file /home/airflow/.local/lib/python3.8/site-packages/airflow/example_dags/example_short_circuit_operator.py for tasks to queue
[2025-10-14T14:45:31.061+0000] {logging_mixin.py:188} INFO - [2025-10-14T14:45:31.060+0000] {dagbag.py:540} INFO - Filling up the DagBag from /home/airflow/.local/lib/python3.8/site-packages/airflow/example_dags/example_short_circuit_operator.py
[2025-10-14T14:45:31.067+0000] {processor.py:840} INFO - DAG(s) 'example_short_circuit_operator' retrieved from /home/airflow/.local/lib/python3.8/site-packages/airflow/example_dags/example_short_circuit_operator.py
[2025-10-14T14:45:31.087+0000] {logging_mixin.py:188} INFO - [2025-10-14T14:45:31.087+0000] {dag.py:3047} INFO - Sync 1 DAGs
[2025-10-14T14:45:31.106+0000] {logging_mixin.py:188} INFO - [2025-10-14T14:45:31.106+0000] {dag.py:3834} INFO - Setting next_dagrun for example_short_circuit_operator to 2025-10-13 00:00:00+00:00, run_after=2025-10-14 00:00:00+00:00
[2025-10-14T14:45:31.122+0000] {processor.py:183} INFO - Processing /home/airflow/.local/lib/python3.8/site-packages/airflow/example_dags/example_short_circuit_operator.py took 0.067 seconds
[2025-10-14T14:46:01.339+0000] {processor.py:161} INFO - Started process (PID=249) to work on /home/airflow/.local/lib/python3.8/site-packages/airflow/example_dags/example_short_circuit_operator.py
[2025-10-14T14:46:01.340+0000] {processor.py:830} INFO - Processing file /home/airflow/.local/lib/python3.8/site-packages/airflow/example_dags/example_short_circuit_operator.py for tasks to queue
[2025-10-14T14:46:01.342+0000] {logging_mixin.py:188} INFO - [2025-10-14T14:46:01.341+0000] {dagbag.py:540} INFO - Filling up the DagBag from /home/airflow/.local/lib/python3.8/site-packages/airflow/example_dags/example_short_circuit_operator.py
[2025-10-14T14:46:01.350+0000] {processor.py:840} INFO - DAG(s) 'example_short_circuit_operator' retrieved from /home/airflow/.local/lib/python3.8/site-packages/airflow/example_dags/example_short_circuit_operator.py
[2025-10-14T14:46:01.372+0000] {logging_mixin.py:188} INFO - [2025-10-14T14:46:01.372+0000] {dag.py:3047} INFO - Sync 1 DAGs
[2025-10-14T14:46:01.395+0000] {logging_mixin.py:188} INFO - [2025-10-14T14:46:01.395+0000] {dag.py:3834} INFO - Setting next_dagrun for example_short_circuit_operator to 2025-10-13 00:00:00+00:00, run_after=2025-10-14 00:00:00+00:00
[2025-10-14T14:46:01.412+0000] {processor.py:183} INFO - Processing /home/airflow/.local/lib/python3.8/site-packages/airflow/example_dags/example_short_circuit_operator.py took 0.076 seconds
[2025-10-14T14:47:52.341+0000] {processor.py:161} INFO - Started process (PID=136) to work on /home/airflow/.local/lib/python3.8/site-packages/airflow/example_dags/example_short_circuit_operator.py
[2025-10-14T14:47:52.342+0000] {processor.py:830} INFO - Processing file /home/airflow/.local/lib/python3.8/site-packages/airflow/example_dags/example_short_circuit_operator.py for tasks to queue
[2025-10-14T14:47:52.344+0000] {logging_mixin.py:188} INFO - [2025-10-14T14:47:52.343+0000] {dagbag.py:540} INFO - Filling up the DagBag from /home/airflow/.local/lib/python3.8/site-packages/airflow/example_dags/example_short_circuit_operator.py
[2025-10-14T14:47:52.353+0000] {processor.py:840} INFO - DAG(s) 'example_short_circuit_operator' retrieved from /home/airflow/.local/lib/python3.8/site-packages/airflow/example_dags/example_short_circuit_operator.py
[2025-10-14T14:47:52.450+0000] {logging_mixin.py:188} INFO - [2025-10-14T14:47:52.450+0000] {dag.py:3047} INFO - Sync 1 DAGs
[2025-10-14T14:47:52.468+0000] {logging_mixin.py:188} INFO - [2025-10-14T14:47:52.468+0000] {dag.py:3834} INFO - Setting next_dagrun for example_short_circuit_operator to 2025-10-13 00:00:00+00:00, run_after=2025-10-14 00:00:00+00:00
[2025-10-14T14:47:52.487+0000] {processor.py:183} INFO - Processing /home/airflow/.local/lib/python3.8/site-packages/airflow/example_dags/example_short_circuit_operator.py took 0.149 seconds
[2025-10-14T14:48:22.669+0000] {processor.py:161} INFO - Started process (PID=195) to work on /home/airflow/.local/lib/python3.8/site-packages/airflow/example_dags/example_short_circuit_operator.py
[2025-10-14T14:48:22.670+0000] {processor.py:830} INFO - Processing file /home/airflow/.local/lib/python3.8/site-packages/airflow/example_dags/example_short_circuit_operator.py for tasks to queue
[2025-10-14T14:48:22.672+0000] {logging_mixin.py:188} INFO - [2025-10-14T14:48:22.672+0000] {dagbag.py:540} INFO - Filling up the DagBag from /home/airflow/.local/lib/python3.8/site-packages/airflow/example_dags/example_short_circuit_operator.py
[2025-10-14T14:48:22.679+0000] {processor.py:840} INFO - DAG(s) 'example_short_circuit_operator' retrieved from /home/airflow/.local/lib/python3.8/site-packages/airflow/example_dags/example_short_circuit_operator.py
[2025-10-14T14:48:22.699+0000] {logging_mixin.py:188} INFO - [2025-10-14T14:48:22.698+0000] {dag.py:3047} INFO - Sync 1 DAGs
[2025-10-14T14:48:22.718+0000] {logging_mixin.py:188} INFO - [2025-10-14T14:48:22.718+0000] {dag.py:3834} INFO - Setting next_dagrun for example_short_circuit_operator to 2025-10-13 00:00:00+00:00, run_after=2025-10-14 00:00:00+00:00
[2025-10-14T14:48:22.735+0000] {processor.py:183} INFO - Processing /home/airflow/.local/lib/python3.8/site-packages/airflow/example_dags/example_short_circuit_operator.py took 0.069 seconds
[2025-10-14T14:48:52.958+0000] {processor.py:161} INFO - Started process (PID=254) to work on /home/airflow/.local/lib/python3.8/site-packages/airflow/example_dags/example_short_circuit_operator.py
[2025-10-14T14:48:52.959+0000] {processor.py:830} INFO - Processing file /home/airflow/.local/lib/python3.8/site-packages/airflow/example_dags/example_short_circuit_operator.py for tasks to queue
[2025-10-14T14:48:52.961+0000] {logging_mixin.py:188} INFO - [2025-10-14T14:48:52.960+0000] {dagbag.py:540} INFO - Filling up the DagBag from /home/airflow/.local/lib/python3.8/site-packages/airflow/example_dags/example_short_circuit_operator.py
[2025-10-14T14:48:52.968+0000] {processor.py:840} INFO - DAG(s) 'example_short_circuit_operator' retrieved from /home/airflow/.local/lib/python3.8/site-packages/airflow/example_dags/example_short_circuit_operator.py
[2025-10-14T14:48:52.988+0000] {logging_mixin.py:188} INFO - [2025-10-14T14:48:52.988+0000] {dag.py:3047} INFO - Sync 1 DAGs
[2025-10-14T14:48:53.009+0000] {logging_mixin.py:188} INFO - [2025-10-14T14:48:53.009+0000] {dag.py:3834} INFO - Setting next_dagrun for example_short_circuit_operator to 2025-10-13 00:00:00+00:00, run_after=2025-10-14 00:00:00+00:00
[2025-10-14T14:48:53.029+0000] {processor.py:183} INFO - Processing /home/airflow/.local/lib/python3.8/site-packages/airflow/example_dags/example_short_circuit_operator.py took 0.074 seconds
[2025-10-14T14:49:23.284+0000] {processor.py:161} INFO - Started process (PID=313) to work on /home/airflow/.local/lib/python3.8/site-packages/airflow/example_dags/example_short_circuit_operator.py
[2025-10-14T14:49:23.285+0000] {processor.py:830} INFO - Processing file /home/airflow/.local/lib/python3.8/site-packages/airflow/example_dags/example_short_circuit_operator.py for tasks to queue
[2025-10-14T14:49:23.287+0000] {logging_mixin.py:188} INFO - [2025-10-14T14:49:23.286+0000] {dagbag.py:540} INFO - Filling up the DagBag from /home/airflow/.local/lib/python3.8/site-packages/airflow/example_dags/example_short_circuit_operator.py
[2025-10-14T14:49:23.293+0000] {processor.py:840} INFO - DAG(s) 'example_short_circuit_operator' retrieved from /home/airflow/.local/lib/python3.8/site-packages/airflow/example_dags/example_short_circuit_operator.py
[2025-10-14T14:49:23.313+0000] {logging_mixin.py:188} INFO - [2025-10-14T14:49:23.313+0000] {dag.py:3047} INFO - Sync 1 DAGs
[2025-10-14T14:49:23.332+0000] {logging_mixin.py:188} INFO - [2025-10-14T14:49:23.332+0000] {dag.py:3834} INFO - Setting next_dagrun for example_short_circuit_operator to 2025-10-13 00:00:00+00:00, run_after=2025-10-14 00:00:00+00:00
[2025-10-14T14:49:23.348+0000] {processor.py:183} INFO - Processing /home/airflow/.local/lib/python3.8/site-packages/airflow/example_dags/example_short_circuit_operator.py took 0.067 seconds
[2025-10-14T14:49:53.614+0000] {processor.py:161} INFO - Started process (PID=372) to work on /home/airflow/.local/lib/python3.8/site-packages/airflow/example_dags/example_short_circuit_operator.py
[2025-10-14T14:49:53.615+0000] {processor.py:830} INFO - Processing file /home/airflow/.local/lib/python3.8/site-packages/airflow/example_dags/example_short_circuit_operator.py for tasks to queue
[2025-10-14T14:49:53.617+0000] {logging_mixin.py:188} INFO - [2025-10-14T14:49:53.616+0000] {dagbag.py:540} INFO - Filling up the DagBag from /home/airflow/.local/lib/python3.8/site-packages/airflow/example_dags/example_short_circuit_operator.py
[2025-10-14T14:49:53.624+0000] {processor.py:840} INFO - DAG(s) 'example_short_circuit_operator' retrieved from /home/airflow/.local/lib/python3.8/site-packages/airflow/example_dags/example_short_circuit_operator.py
[2025-10-14T14:49:53.645+0000] {logging_mixin.py:188} INFO - [2025-10-14T14:49:53.644+0000] {dag.py:3047} INFO - Sync 1 DAGs
[2025-10-14T14:49:53.665+0000] {logging_mixin.py:188} INFO - [2025-10-14T14:49:53.664+0000] {dag.py:3834} INFO - Setting next_dagrun for example_short_circuit_operator to 2025-10-13 00:00:00+00:00, run_after=2025-10-14 00:00:00+00:00
[2025-10-14T14:49:53.682+0000] {processor.py:183} INFO - Processing /home/airflow/.local/lib/python3.8/site-packages/airflow/example_dags/example_short_circuit_operator.py took 0.071 seconds
[2025-10-14T14:50:24.017+0000] {processor.py:161} INFO - Started process (PID=431) to work on /home/airflow/.local/lib/python3.8/site-packages/airflow/example_dags/example_short_circuit_operator.py
[2025-10-14T14:50:24.018+0000] {processor.py:830} INFO - Processing file /home/airflow/.local/lib/python3.8/site-packages/airflow/example_dags/example_short_circuit_operator.py for tasks to queue
[2025-10-14T14:50:24.021+0000] {logging_mixin.py:188} INFO - [2025-10-14T14:50:24.020+0000] {dagbag.py:540} INFO - Filling up the DagBag from /home/airflow/.local/lib/python3.8/site-packages/airflow/example_dags/example_short_circuit_operator.py
[2025-10-14T14:50:24.031+0000] {processor.py:840} INFO - DAG(s) 'example_short_circuit_operator' retrieved from /home/airflow/.local/lib/python3.8/site-packages/airflow/example_dags/example_short_circuit_operator.py
[2025-10-14T14:50:24.052+0000] {logging_mixin.py:188} INFO - [2025-10-14T14:50:24.052+0000] {dag.py:3047} INFO - Sync 1 DAGs
[2025-10-14T14:50:24.072+0000] {logging_mixin.py:188} INFO - [2025-10-14T14:50:24.072+0000] {dag.py:3834} INFO - Setting next_dagrun for example_short_circuit_operator to 2025-10-13 00:00:00+00:00, run_after=2025-10-14 00:00:00+00:00
[2025-10-14T14:50:24.089+0000] {processor.py:183} INFO - Processing /home/airflow/.local/lib/python3.8/site-packages/airflow/example_dags/example_short_circuit_operator.py took 0.075 seconds
[2025-10-14T14:50:54.896+0000] {processor.py:161} INFO - Started process (PID=490) to work on /home/airflow/.local/lib/python3.8/site-packages/airflow/example_dags/example_short_circuit_operator.py
[2025-10-14T14:50:54.897+0000] {processor.py:830} INFO - Processing file /home/airflow/.local/lib/python3.8/site-packages/airflow/example_dags/example_short_circuit_operator.py for tasks to queue
[2025-10-14T14:50:54.899+0000] {logging_mixin.py:188} INFO - [2025-10-14T14:50:54.899+0000] {dagbag.py:540} INFO - Filling up the DagBag from /home/airflow/.local/lib/python3.8/site-packages/airflow/example_dags/example_short_circuit_operator.py
[2025-10-14T14:50:54.906+0000] {processor.py:840} INFO - DAG(s) 'example_short_circuit_operator' retrieved from /home/airflow/.local/lib/python3.8/site-packages/airflow/example_dags/example_short_circuit_operator.py
[2025-10-14T14:50:54.926+0000] {logging_mixin.py:188} INFO - [2025-10-14T14:50:54.926+0000] {dag.py:3047} INFO - Sync 1 DAGs
[2025-10-14T14:50:54.945+0000] {logging_mixin.py:188} INFO - [2025-10-14T14:50:54.945+0000] {dag.py:3834} INFO - Setting next_dagrun for example_short_circuit_operator to 2025-10-13 00:00:00+00:00, run_after=2025-10-14 00:00:00+00:00
[2025-10-14T14:50:54.961+0000] {processor.py:183} INFO - Processing /home/airflow/.local/lib/python3.8/site-packages/airflow/example_dags/example_short_circuit_operator.py took 0.068 seconds
[2025-10-14T14:51:24.997+0000] {processor.py:161} INFO - Started process (PID=550) to work on /home/airflow/.local/lib/python3.8/site-packages/airflow/example_dags/example_short_circuit_operator.py
[2025-10-14T14:51:24.998+0000] {processor.py:830} INFO - Processing file /home/airflow/.local/lib/python3.8/site-packages/airflow/example_dags/example_short_circuit_operator.py for tasks to queue
[2025-10-14T14:51:24.999+0000] {logging_mixin.py:188} INFO - [2025-10-14T14:51:24.999+0000] {dagbag.py:540} INFO - Filling up the DagBag from /home/airflow/.local/lib/python3.8/site-packages/airflow/example_dags/example_short_circuit_operator.py
[2025-10-14T14:51:25.006+0000] {processor.py:840} INFO - DAG(s) 'example_short_circuit_operator' retrieved from /home/airflow/.local/lib/python3.8/site-packages/airflow/example_dags/example_short_circuit_operator.py
[2025-10-14T14:51:25.026+0000] {logging_mixin.py:188} INFO - [2025-10-14T14:51:25.026+0000] {dag.py:3047} INFO - Sync 1 DAGs
[2025-10-14T14:51:25.045+0000] {logging_mixin.py:188} INFO - [2025-10-14T14:51:25.045+0000] {dag.py:3834} INFO - Setting next_dagrun for example_short_circuit_operator to 2025-10-13 00:00:00+00:00, run_after=2025-10-14 00:00:00+00:00
[2025-10-14T14:51:25.063+0000] {processor.py:183} INFO - Processing /home/airflow/.local/lib/python3.8/site-packages/airflow/example_dags/example_short_circuit_operator.py took 0.070 seconds
[2025-10-14T14:51:55.340+0000] {processor.py:161} INFO - Started process (PID=609) to work on /home/airflow/.local/lib/python3.8/site-packages/airflow/example_dags/example_short_circuit_operator.py
[2025-10-14T14:51:55.341+0000] {processor.py:830} INFO - Processing file /home/airflow/.local/lib/python3.8/site-packages/airflow/example_dags/example_short_circuit_operator.py for tasks to queue
[2025-10-14T14:51:55.343+0000] {logging_mixin.py:188} INFO - [2025-10-14T14:51:55.343+0000] {dagbag.py:540} INFO - Filling up the DagBag from /home/airflow/.local/lib/python3.8/site-packages/airflow/example_dags/example_short_circuit_operator.py
[2025-10-14T14:51:55.353+0000] {processor.py:840} INFO - DAG(s) 'example_short_circuit_operator' retrieved from /home/airflow/.local/lib/python3.8/site-packages/airflow/example_dags/example_short_circuit_operator.py
[2025-10-14T14:51:55.377+0000] {logging_mixin.py:188} INFO - [2025-10-14T14:51:55.377+0000] {dag.py:3047} INFO - Sync 1 DAGs
[2025-10-14T14:51:55.399+0000] {logging_mixin.py:188} INFO - [2025-10-14T14:51:55.399+0000] {dag.py:3834} INFO - Setting next_dagrun for example_short_circuit_operator to 2025-10-13 00:00:00+00:00, run_after=2025-10-14 00:00:00+00:00
[2025-10-14T14:51:55.417+0000] {processor.py:183} INFO - Processing /home/airflow/.local/lib/python3.8/site-packages/airflow/example_dags/example_short_circuit_operator.py took 0.080 seconds
[2025-10-14T14:52:26.311+0000] {processor.py:161} INFO - Started process (PID=668) to work on /home/airflow/.local/lib/python3.8/site-packages/airflow/example_dags/example_short_circuit_operator.py
[2025-10-14T14:52:26.312+0000] {processor.py:830} INFO - Processing file /home/airflow/.local/lib/python3.8/site-packages/airflow/example_dags/example_short_circuit_operator.py for tasks to queue
[2025-10-14T14:52:26.314+0000] {logging_mixin.py:188} INFO - [2025-10-14T14:52:26.314+0000] {dagbag.py:540} INFO - Filling up the DagBag from /home/airflow/.local/lib/python3.8/site-packages/airflow/example_dags/example_short_circuit_operator.py
[2025-10-14T14:52:26.321+0000] {processor.py:840} INFO - DAG(s) 'example_short_circuit_operator' retrieved from /home/airflow/.local/lib/python3.8/site-packages/airflow/example_dags/example_short_circuit_operator.py
[2025-10-14T14:52:26.346+0000] {logging_mixin.py:188} INFO - [2025-10-14T14:52:26.346+0000] {dag.py:3047} INFO - Sync 1 DAGs
[2025-10-14T14:52:26.367+0000] {logging_mixin.py:188} INFO - [2025-10-14T14:52:26.366+0000] {dag.py:3834} INFO - Setting next_dagrun for example_short_circuit_operator to 2025-10-13 00:00:00+00:00, run_after=2025-10-14 00:00:00+00:00
[2025-10-14T14:52:26.382+0000] {processor.py:183} INFO - Processing /home/airflow/.local/lib/python3.8/site-packages/airflow/example_dags/example_short_circuit_operator.py took 0.074 seconds
[2025-10-14T14:52:57.334+0000] {processor.py:161} INFO - Started process (PID=727) to work on /home/airflow/.local/lib/python3.8/site-packages/airflow/example_dags/example_short_circuit_operator.py
[2025-10-14T14:52:57.334+0000] {processor.py:830} INFO - Processing file /home/airflow/.local/lib/python3.8/site-packages/airflow/example_dags/example_short_circuit_operator.py for tasks to queue
[2025-10-14T14:52:57.336+0000] {logging_mixin.py:188} INFO - [2025-10-14T14:52:57.336+0000] {dagbag.py:540} INFO - Filling up the DagBag from /home/airflow/.local/lib/python3.8/site-packages/airflow/example_dags/example_short_circuit_operator.py
[2025-10-14T14:52:57.343+0000] {processor.py:840} INFO - DAG(s) 'example_short_circuit_operator' retrieved from /home/airflow/.local/lib/python3.8/site-packages/airflow/example_dags/example_short_circuit_operator.py
[2025-10-14T14:52:57.364+0000] {logging_mixin.py:188} INFO - [2025-10-14T14:52:57.364+0000] {dag.py:3047} INFO - Sync 1 DAGs
[2025-10-14T14:52:57.383+0000] {logging_mixin.py:188} INFO - [2025-10-14T14:52:57.382+0000] {dag.py:3834} INFO - Setting next_dagrun for example_short_circuit_operator to 2025-10-13 00:00:00+00:00, run_after=2025-10-14 00:00:00+00:00
[2025-10-14T14:52:57.398+0000] {processor.py:183} INFO - Processing /home/airflow/.local/lib/python3.8/site-packages/airflow/example_dags/example_short_circuit_operator.py took 0.067 seconds
[2025-10-14T14:53:27.575+0000] {processor.py:161} INFO - Started process (PID=786) to work on /home/airflow/.local/lib/python3.8/site-packages/airflow/example_dags/example_short_circuit_operator.py
[2025-10-14T14:53:27.576+0000] {processor.py:830} INFO - Processing file /home/airflow/.local/lib/python3.8/site-packages/airflow/example_dags/example_short_circuit_operator.py for tasks to queue
[2025-10-14T14:53:27.577+0000] {logging_mixin.py:188} INFO - [2025-10-14T14:53:27.577+0000] {dagbag.py:540} INFO - Filling up the DagBag from /home/airflow/.local/lib/python3.8/site-packages/airflow/example_dags/example_short_circuit_operator.py
[2025-10-14T14:53:27.584+0000] {processor.py:840} INFO - DAG(s) 'example_short_circuit_operator' retrieved from /home/airflow/.local/lib/python3.8/site-packages/airflow/example_dags/example_short_circuit_operator.py
[2025-10-14T14:53:27.606+0000] {logging_mixin.py:188} INFO - [2025-10-14T14:53:27.605+0000] {dag.py:3047} INFO - Sync 1 DAGs
[2025-10-14T14:53:27.625+0000] {logging_mixin.py:188} INFO - [2025-10-14T14:53:27.625+0000] {dag.py:3834} INFO - Setting next_dagrun for example_short_circuit_operator to 2025-10-13 00:00:00+00:00, run_after=2025-10-14 00:00:00+00:00
[2025-10-14T14:53:27.643+0000] {processor.py:183} INFO - Processing /home/airflow/.local/lib/python3.8/site-packages/airflow/example_dags/example_short_circuit_operator.py took 0.071 seconds
[2025-10-14T14:53:58.093+0000] {processor.py:161} INFO - Started process (PID=845) to work on /home/airflow/.local/lib/python3.8/site-packages/airflow/example_dags/example_short_circuit_operator.py
[2025-10-14T14:53:58.094+0000] {processor.py:830} INFO - Processing file /home/airflow/.local/lib/python3.8/site-packages/airflow/example_dags/example_short_circuit_operator.py for tasks to queue
[2025-10-14T14:53:58.096+0000] {logging_mixin.py:188} INFO - [2025-10-14T14:53:58.096+0000] {dagbag.py:540} INFO - Filling up the DagBag from /home/airflow/.local/lib/python3.8/site-packages/airflow/example_dags/example_short_circuit_operator.py
[2025-10-14T14:53:58.104+0000] {processor.py:840} INFO - DAG(s) 'example_short_circuit_operator' retrieved from /home/airflow/.local/lib/python3.8/site-packages/airflow/example_dags/example_short_circuit_operator.py
[2025-10-14T14:53:58.125+0000] {logging_mixin.py:188} INFO - [2025-10-14T14:53:58.125+0000] {dag.py:3047} INFO - Sync 1 DAGs
[2025-10-14T14:53:58.145+0000] {logging_mixin.py:188} INFO - [2025-10-14T14:53:58.145+0000] {dag.py:3834} INFO - Setting next_dagrun for example_short_circuit_operator to 2025-10-13 00:00:00+00:00, run_after=2025-10-14 00:00:00+00:00
[2025-10-14T14:53:58.161+0000] {processor.py:183} INFO - Processing /home/airflow/.local/lib/python3.8/site-packages/airflow/example_dags/example_short_circuit_operator.py took 0.071 seconds
[2025-10-14T14:54:29.013+0000] {processor.py:161} INFO - Started process (PID=904) to work on /home/airflow/.local/lib/python3.8/site-packages/airflow/example_dags/example_short_circuit_operator.py
[2025-10-14T14:54:29.014+0000] {processor.py:830} INFO - Processing file /home/airflow/.local/lib/python3.8/site-packages/airflow/example_dags/example_short_circuit_operator.py for tasks to queue
[2025-10-14T14:54:29.016+0000] {logging_mixin.py:188} INFO - [2025-10-14T14:54:29.016+0000] {dagbag.py:540} INFO - Filling up the DagBag from /home/airflow/.local/lib/python3.8/site-packages/airflow/example_dags/example_short_circuit_operator.py
[2025-10-14T14:54:29.023+0000] {processor.py:840} INFO - DAG(s) 'example_short_circuit_operator' retrieved from /home/airflow/.local/lib/python3.8/site-packages/airflow/example_dags/example_short_circuit_operator.py
[2025-10-14T14:54:29.044+0000] {logging_mixin.py:188} INFO - [2025-10-14T14:54:29.044+0000] {dag.py:3047} INFO - Sync 1 DAGs
[2025-10-14T14:54:29.063+0000] {logging_mixin.py:188} INFO - [2025-10-14T14:54:29.063+0000] {dag.py:3834} INFO - Setting next_dagrun for example_short_circuit_operator to 2025-10-13 00:00:00+00:00, run_after=2025-10-14 00:00:00+00:00
[2025-10-14T14:54:29.080+0000] {processor.py:183} INFO - Processing /home/airflow/.local/lib/python3.8/site-packages/airflow/example_dags/example_short_circuit_operator.py took 0.069 seconds
[2025-10-14T14:55:00.304+0000] {processor.py:161} INFO - Started process (PID=963) to work on /home/airflow/.local/lib/python3.8/site-packages/airflow/example_dags/example_short_circuit_operator.py
[2025-10-14T14:55:00.305+0000] {processor.py:830} INFO - Processing file /home/airflow/.local/lib/python3.8/site-packages/airflow/example_dags/example_short_circuit_operator.py for tasks to queue
[2025-10-14T14:55:00.307+0000] {logging_mixin.py:188} INFO - [2025-10-14T14:55:00.306+0000] {dagbag.py:540} INFO - Filling up the DagBag from /home/airflow/.local/lib/python3.8/site-packages/airflow/example_dags/example_short_circuit_operator.py
[2025-10-14T14:55:00.318+0000] {processor.py:840} INFO - DAG(s) 'example_short_circuit_operator' retrieved from /home/airflow/.local/lib/python3.8/site-packages/airflow/example_dags/example_short_circuit_operator.py
[2025-10-14T14:55:00.348+0000] {logging_mixin.py:188} INFO - [2025-10-14T14:55:00.347+0000] {dag.py:3047} INFO - Sync 1 DAGs
[2025-10-14T14:55:00.375+0000] {logging_mixin.py:188} INFO - [2025-10-14T14:55:00.374+0000] {dag.py:3834} INFO - Setting next_dagrun for example_short_circuit_operator to 2025-10-13 00:00:00+00:00, run_after=2025-10-14 00:00:00+00:00
[2025-10-14T14:55:00.392+0000] {processor.py:183} INFO - Processing /home/airflow/.local/lib/python3.8/site-packages/airflow/example_dags/example_short_circuit_operator.py took 0.092 seconds
[2025-10-14T14:55:31.058+0000] {processor.py:161} INFO - Started process (PID=1022) to work on /home/airflow/.local/lib/python3.8/site-packages/airflow/example_dags/example_short_circuit_operator.py
[2025-10-14T14:55:31.059+0000] {processor.py:830} INFO - Processing file /home/airflow/.local/lib/python3.8/site-packages/airflow/example_dags/example_short_circuit_operator.py for tasks to queue
[2025-10-14T14:55:31.061+0000] {logging_mixin.py:188} INFO - [2025-10-14T14:55:31.060+0000] {dagbag.py:540} INFO - Filling up the DagBag from /home/airflow/.local/lib/python3.8/site-packages/airflow/example_dags/example_short_circuit_operator.py
[2025-10-14T14:55:31.069+0000] {processor.py:840} INFO - DAG(s) 'example_short_circuit_operator' retrieved from /home/airflow/.local/lib/python3.8/site-packages/airflow/example_dags/example_short_circuit_operator.py
[2025-10-14T14:55:31.091+0000] {logging_mixin.py:188} INFO - [2025-10-14T14:55:31.090+0000] {dag.py:3047} INFO - Sync 1 DAGs
[2025-10-14T14:55:31.112+0000] {logging_mixin.py:188} INFO - [2025-10-14T14:55:31.112+0000] {dag.py:3834} INFO - Setting next_dagrun for example_short_circuit_operator to 2025-10-13 00:00:00+00:00, run_after=2025-10-14 00:00:00+00:00
[2025-10-14T14:55:31.130+0000] {processor.py:183} INFO - Processing /home/airflow/.local/lib/python3.8/site-packages/airflow/example_dags/example_short_circuit_operator.py took 0.075 seconds
