[2025-10-14T14:44:59.764+0000] {processor.py:161} INFO - Started process (PID=121) to work on /home/airflow/.local/lib/python3.8/site-packages/airflow/example_dags/example_kubernetes_executor.py
[2025-10-14T14:44:59.765+0000] {processor.py:830} INFO - Processing file /home/airflow/.local/lib/python3.8/site-packages/airflow/example_dags/example_kubernetes_executor.py for tasks to queue
[2025-10-14T14:44:59.766+0000] {logging_mixin.py:188} INFO - [2025-10-14T14:44:59.766+0000] {dagbag.py:540} INFO - Filling up the DagBag from /home/airflow/.local/lib/python3.8/site-packages/airflow/example_dags/example_kubernetes_executor.py
[2025-10-14T14:44:59.781+0000] {processor.py:840} INFO - DAG(s) 'example_kubernetes_executor' retrieved from /home/airflow/.local/lib/python3.8/site-packages/airflow/example_dags/example_kubernetes_executor.py
[2025-10-14T14:44:59.878+0000] {logging_mixin.py:188} INFO - [2025-10-14T14:44:59.878+0000] {override.py:1769} INFO - Created Permission View: can edit on DAG:example_kubernetes_executor
[2025-10-14T14:44:59.887+0000] {logging_mixin.py:188} INFO - [2025-10-14T14:44:59.886+0000] {override.py:1769} INFO - Created Permission View: can delete on DAG:example_kubernetes_executor
[2025-10-14T14:44:59.892+0000] {logging_mixin.py:188} INFO - [2025-10-14T14:44:59.892+0000] {override.py:1769} INFO - Created Permission View: can read on DAG:example_kubernetes_executor
[2025-10-14T14:44:59.892+0000] {logging_mixin.py:188} INFO - [2025-10-14T14:44:59.892+0000] {dag.py:3047} INFO - Sync 1 DAGs
[2025-10-14T14:44:59.902+0000] {logging_mixin.py:188} INFO - [2025-10-14T14:44:59.901+0000] {dag.py:3069} INFO - Creating ORM DAG for example_kubernetes_executor
[2025-10-14T14:44:59.902+0000] {logging_mixin.py:188} INFO - [2025-10-14T14:44:59.902+0000] {dag.py:3834} INFO - Setting next_dagrun for example_kubernetes_executor to None, run_after=None
[2025-10-14T14:44:59.916+0000] {processor.py:183} INFO - Processing /home/airflow/.local/lib/python3.8/site-packages/airflow/example_dags/example_kubernetes_executor.py took 0.155 seconds
[2025-10-14T14:45:30.411+0000] {processor.py:161} INFO - Started process (PID=180) to work on /home/airflow/.local/lib/python3.8/site-packages/airflow/example_dags/example_kubernetes_executor.py
[2025-10-14T14:45:30.412+0000] {processor.py:830} INFO - Processing file /home/airflow/.local/lib/python3.8/site-packages/airflow/example_dags/example_kubernetes_executor.py for tasks to queue
[2025-10-14T14:45:30.414+0000] {logging_mixin.py:188} INFO - [2025-10-14T14:45:30.413+0000] {dagbag.py:540} INFO - Filling up the DagBag from /home/airflow/.local/lib/python3.8/site-packages/airflow/example_dags/example_kubernetes_executor.py
[2025-10-14T14:45:30.427+0000] {processor.py:840} INFO - DAG(s) 'example_kubernetes_executor' retrieved from /home/airflow/.local/lib/python3.8/site-packages/airflow/example_dags/example_kubernetes_executor.py
[2025-10-14T14:45:30.462+0000] {logging_mixin.py:188} INFO - [2025-10-14T14:45:30.462+0000] {dag.py:3047} INFO - Sync 1 DAGs
[2025-10-14T14:45:30.476+0000] {logging_mixin.py:188} INFO - [2025-10-14T14:45:30.476+0000] {dag.py:3834} INFO - Setting next_dagrun for example_kubernetes_executor to None, run_after=None
[2025-10-14T14:45:30.493+0000] {processor.py:183} INFO - Processing /home/airflow/.local/lib/python3.8/site-packages/airflow/example_dags/example_kubernetes_executor.py took 0.085 seconds
[2025-10-14T14:46:00.745+0000] {processor.py:161} INFO - Started process (PID=239) to work on /home/airflow/.local/lib/python3.8/site-packages/airflow/example_dags/example_kubernetes_executor.py
[2025-10-14T14:46:00.746+0000] {processor.py:830} INFO - Processing file /home/airflow/.local/lib/python3.8/site-packages/airflow/example_dags/example_kubernetes_executor.py for tasks to queue
[2025-10-14T14:46:00.748+0000] {logging_mixin.py:188} INFO - [2025-10-14T14:46:00.748+0000] {dagbag.py:540} INFO - Filling up the DagBag from /home/airflow/.local/lib/python3.8/site-packages/airflow/example_dags/example_kubernetes_executor.py
[2025-10-14T14:46:00.762+0000] {processor.py:840} INFO - DAG(s) 'example_kubernetes_executor' retrieved from /home/airflow/.local/lib/python3.8/site-packages/airflow/example_dags/example_kubernetes_executor.py
[2025-10-14T14:46:00.799+0000] {logging_mixin.py:188} INFO - [2025-10-14T14:46:00.799+0000] {dag.py:3047} INFO - Sync 1 DAGs
[2025-10-14T14:46:00.814+0000] {logging_mixin.py:188} INFO - [2025-10-14T14:46:00.813+0000] {dag.py:3834} INFO - Setting next_dagrun for example_kubernetes_executor to None, run_after=None
[2025-10-14T14:46:00.838+0000] {processor.py:183} INFO - Processing /home/airflow/.local/lib/python3.8/site-packages/airflow/example_dags/example_kubernetes_executor.py took 0.096 seconds
[2025-10-14T14:47:51.344+0000] {processor.py:161} INFO - Started process (PID=126) to work on /home/airflow/.local/lib/python3.8/site-packages/airflow/example_dags/example_kubernetes_executor.py
[2025-10-14T14:47:51.345+0000] {processor.py:830} INFO - Processing file /home/airflow/.local/lib/python3.8/site-packages/airflow/example_dags/example_kubernetes_executor.py for tasks to queue
[2025-10-14T14:47:51.347+0000] {logging_mixin.py:188} INFO - [2025-10-14T14:47:51.346+0000] {dagbag.py:540} INFO - Filling up the DagBag from /home/airflow/.local/lib/python3.8/site-packages/airflow/example_dags/example_kubernetes_executor.py
[2025-10-14T14:47:51.360+0000] {processor.py:840} INFO - DAG(s) 'example_kubernetes_executor' retrieved from /home/airflow/.local/lib/python3.8/site-packages/airflow/example_dags/example_kubernetes_executor.py
[2025-10-14T14:47:51.464+0000] {logging_mixin.py:188} INFO - [2025-10-14T14:47:51.464+0000] {dag.py:3047} INFO - Sync 1 DAGs
[2025-10-14T14:47:51.473+0000] {logging_mixin.py:188} INFO - [2025-10-14T14:47:51.473+0000] {dag.py:3834} INFO - Setting next_dagrun for example_kubernetes_executor to None, run_after=None
[2025-10-14T14:47:51.491+0000] {processor.py:183} INFO - Processing /home/airflow/.local/lib/python3.8/site-packages/airflow/example_dags/example_kubernetes_executor.py took 0.150 seconds
[2025-10-14T14:48:22.079+0000] {processor.py:161} INFO - Started process (PID=185) to work on /home/airflow/.local/lib/python3.8/site-packages/airflow/example_dags/example_kubernetes_executor.py
[2025-10-14T14:48:22.080+0000] {processor.py:830} INFO - Processing file /home/airflow/.local/lib/python3.8/site-packages/airflow/example_dags/example_kubernetes_executor.py for tasks to queue
[2025-10-14T14:48:22.082+0000] {logging_mixin.py:188} INFO - [2025-10-14T14:48:22.081+0000] {dagbag.py:540} INFO - Filling up the DagBag from /home/airflow/.local/lib/python3.8/site-packages/airflow/example_dags/example_kubernetes_executor.py
[2025-10-14T14:48:22.094+0000] {processor.py:840} INFO - DAG(s) 'example_kubernetes_executor' retrieved from /home/airflow/.local/lib/python3.8/site-packages/airflow/example_dags/example_kubernetes_executor.py
[2025-10-14T14:48:22.126+0000] {logging_mixin.py:188} INFO - [2025-10-14T14:48:22.126+0000] {dag.py:3047} INFO - Sync 1 DAGs
[2025-10-14T14:48:22.138+0000] {logging_mixin.py:188} INFO - [2025-10-14T14:48:22.138+0000] {dag.py:3834} INFO - Setting next_dagrun for example_kubernetes_executor to None, run_after=None
[2025-10-14T14:48:22.159+0000] {processor.py:183} INFO - Processing /home/airflow/.local/lib/python3.8/site-packages/airflow/example_dags/example_kubernetes_executor.py took 0.083 seconds
[2025-10-14T14:48:52.375+0000] {processor.py:161} INFO - Started process (PID=244) to work on /home/airflow/.local/lib/python3.8/site-packages/airflow/example_dags/example_kubernetes_executor.py
[2025-10-14T14:48:52.376+0000] {processor.py:830} INFO - Processing file /home/airflow/.local/lib/python3.8/site-packages/airflow/example_dags/example_kubernetes_executor.py for tasks to queue
[2025-10-14T14:48:52.377+0000] {logging_mixin.py:188} INFO - [2025-10-14T14:48:52.377+0000] {dagbag.py:540} INFO - Filling up the DagBag from /home/airflow/.local/lib/python3.8/site-packages/airflow/example_dags/example_kubernetes_executor.py
[2025-10-14T14:48:52.390+0000] {processor.py:840} INFO - DAG(s) 'example_kubernetes_executor' retrieved from /home/airflow/.local/lib/python3.8/site-packages/airflow/example_dags/example_kubernetes_executor.py
[2025-10-14T14:48:52.422+0000] {logging_mixin.py:188} INFO - [2025-10-14T14:48:52.421+0000] {dag.py:3047} INFO - Sync 1 DAGs
[2025-10-14T14:48:52.432+0000] {logging_mixin.py:188} INFO - [2025-10-14T14:48:52.432+0000] {dag.py:3834} INFO - Setting next_dagrun for example_kubernetes_executor to None, run_after=None
[2025-10-14T14:48:52.448+0000] {processor.py:183} INFO - Processing /home/airflow/.local/lib/python3.8/site-packages/airflow/example_dags/example_kubernetes_executor.py took 0.076 seconds
[2025-10-14T14:49:22.736+0000] {processor.py:161} INFO - Started process (PID=303) to work on /home/airflow/.local/lib/python3.8/site-packages/airflow/example_dags/example_kubernetes_executor.py
[2025-10-14T14:49:22.737+0000] {processor.py:830} INFO - Processing file /home/airflow/.local/lib/python3.8/site-packages/airflow/example_dags/example_kubernetes_executor.py for tasks to queue
[2025-10-14T14:49:22.739+0000] {logging_mixin.py:188} INFO - [2025-10-14T14:49:22.738+0000] {dagbag.py:540} INFO - Filling up the DagBag from /home/airflow/.local/lib/python3.8/site-packages/airflow/example_dags/example_kubernetes_executor.py
[2025-10-14T14:49:22.752+0000] {processor.py:840} INFO - DAG(s) 'example_kubernetes_executor' retrieved from /home/airflow/.local/lib/python3.8/site-packages/airflow/example_dags/example_kubernetes_executor.py
[2025-10-14T14:49:22.783+0000] {logging_mixin.py:188} INFO - [2025-10-14T14:49:22.782+0000] {dag.py:3047} INFO - Sync 1 DAGs
[2025-10-14T14:49:22.793+0000] {logging_mixin.py:188} INFO - [2025-10-14T14:49:22.793+0000] {dag.py:3834} INFO - Setting next_dagrun for example_kubernetes_executor to None, run_after=None
[2025-10-14T14:49:22.810+0000] {processor.py:183} INFO - Processing /home/airflow/.local/lib/python3.8/site-packages/airflow/example_dags/example_kubernetes_executor.py took 0.077 seconds
[2025-10-14T14:49:53.141+0000] {processor.py:161} INFO - Started process (PID=362) to work on /home/airflow/.local/lib/python3.8/site-packages/airflow/example_dags/example_kubernetes_executor.py
[2025-10-14T14:49:53.142+0000] {processor.py:830} INFO - Processing file /home/airflow/.local/lib/python3.8/site-packages/airflow/example_dags/example_kubernetes_executor.py for tasks to queue
[2025-10-14T14:49:53.144+0000] {logging_mixin.py:188} INFO - [2025-10-14T14:49:53.143+0000] {dagbag.py:540} INFO - Filling up the DagBag from /home/airflow/.local/lib/python3.8/site-packages/airflow/example_dags/example_kubernetes_executor.py
[2025-10-14T14:49:53.156+0000] {processor.py:840} INFO - DAG(s) 'example_kubernetes_executor' retrieved from /home/airflow/.local/lib/python3.8/site-packages/airflow/example_dags/example_kubernetes_executor.py
[2025-10-14T14:49:53.189+0000] {logging_mixin.py:188} INFO - [2025-10-14T14:49:53.189+0000] {dag.py:3047} INFO - Sync 1 DAGs
[2025-10-14T14:49:53.200+0000] {logging_mixin.py:188} INFO - [2025-10-14T14:49:53.200+0000] {dag.py:3834} INFO - Setting next_dagrun for example_kubernetes_executor to None, run_after=None
[2025-10-14T14:49:53.215+0000] {processor.py:183} INFO - Processing /home/airflow/.local/lib/python3.8/site-packages/airflow/example_dags/example_kubernetes_executor.py took 0.078 seconds
[2025-10-14T14:50:23.327+0000] {processor.py:161} INFO - Started process (PID=421) to work on /home/airflow/.local/lib/python3.8/site-packages/airflow/example_dags/example_kubernetes_executor.py
[2025-10-14T14:50:23.328+0000] {processor.py:830} INFO - Processing file /home/airflow/.local/lib/python3.8/site-packages/airflow/example_dags/example_kubernetes_executor.py for tasks to queue
[2025-10-14T14:50:23.330+0000] {logging_mixin.py:188} INFO - [2025-10-14T14:50:23.330+0000] {dagbag.py:540} INFO - Filling up the DagBag from /home/airflow/.local/lib/python3.8/site-packages/airflow/example_dags/example_kubernetes_executor.py
[2025-10-14T14:50:23.343+0000] {processor.py:840} INFO - DAG(s) 'example_kubernetes_executor' retrieved from /home/airflow/.local/lib/python3.8/site-packages/airflow/example_dags/example_kubernetes_executor.py
[2025-10-14T14:50:23.378+0000] {logging_mixin.py:188} INFO - [2025-10-14T14:50:23.377+0000] {dag.py:3047} INFO - Sync 1 DAGs
[2025-10-14T14:50:23.390+0000] {logging_mixin.py:188} INFO - [2025-10-14T14:50:23.390+0000] {dag.py:3834} INFO - Setting next_dagrun for example_kubernetes_executor to None, run_after=None
[2025-10-14T14:50:23.409+0000] {processor.py:183} INFO - Processing /home/airflow/.local/lib/python3.8/site-packages/airflow/example_dags/example_kubernetes_executor.py took 0.085 seconds
[2025-10-14T14:50:54.221+0000] {processor.py:161} INFO - Started process (PID=480) to work on /home/airflow/.local/lib/python3.8/site-packages/airflow/example_dags/example_kubernetes_executor.py
[2025-10-14T14:50:54.222+0000] {processor.py:830} INFO - Processing file /home/airflow/.local/lib/python3.8/site-packages/airflow/example_dags/example_kubernetes_executor.py for tasks to queue
[2025-10-14T14:50:54.224+0000] {logging_mixin.py:188} INFO - [2025-10-14T14:50:54.223+0000] {dagbag.py:540} INFO - Filling up the DagBag from /home/airflow/.local/lib/python3.8/site-packages/airflow/example_dags/example_kubernetes_executor.py
[2025-10-14T14:50:54.237+0000] {processor.py:840} INFO - DAG(s) 'example_kubernetes_executor' retrieved from /home/airflow/.local/lib/python3.8/site-packages/airflow/example_dags/example_kubernetes_executor.py
[2025-10-14T14:50:54.272+0000] {logging_mixin.py:188} INFO - [2025-10-14T14:50:54.272+0000] {dag.py:3047} INFO - Sync 1 DAGs
[2025-10-14T14:50:54.283+0000] {logging_mixin.py:188} INFO - [2025-10-14T14:50:54.283+0000] {dag.py:3834} INFO - Setting next_dagrun for example_kubernetes_executor to None, run_after=None
[2025-10-14T14:50:54.301+0000] {processor.py:183} INFO - Processing /home/airflow/.local/lib/python3.8/site-packages/airflow/example_dags/example_kubernetes_executor.py took 0.083 seconds
[2025-10-14T14:51:24.527+0000] {processor.py:161} INFO - Started process (PID=540) to work on /home/airflow/.local/lib/python3.8/site-packages/airflow/example_dags/example_kubernetes_executor.py
[2025-10-14T14:51:24.528+0000] {processor.py:830} INFO - Processing file /home/airflow/.local/lib/python3.8/site-packages/airflow/example_dags/example_kubernetes_executor.py for tasks to queue
[2025-10-14T14:51:24.529+0000] {logging_mixin.py:188} INFO - [2025-10-14T14:51:24.529+0000] {dagbag.py:540} INFO - Filling up the DagBag from /home/airflow/.local/lib/python3.8/site-packages/airflow/example_dags/example_kubernetes_executor.py
[2025-10-14T14:51:24.542+0000] {processor.py:840} INFO - DAG(s) 'example_kubernetes_executor' retrieved from /home/airflow/.local/lib/python3.8/site-packages/airflow/example_dags/example_kubernetes_executor.py
[2025-10-14T14:51:24.574+0000] {logging_mixin.py:188} INFO - [2025-10-14T14:51:24.574+0000] {dag.py:3047} INFO - Sync 1 DAGs
[2025-10-14T14:51:24.586+0000] {logging_mixin.py:188} INFO - [2025-10-14T14:51:24.586+0000] {dag.py:3834} INFO - Setting next_dagrun for example_kubernetes_executor to None, run_after=None
[2025-10-14T14:51:24.603+0000] {processor.py:183} INFO - Processing /home/airflow/.local/lib/python3.8/site-packages/airflow/example_dags/example_kubernetes_executor.py took 0.079 seconds
[2025-10-14T14:51:54.801+0000] {processor.py:161} INFO - Started process (PID=599) to work on /home/airflow/.local/lib/python3.8/site-packages/airflow/example_dags/example_kubernetes_executor.py
[2025-10-14T14:51:54.802+0000] {processor.py:830} INFO - Processing file /home/airflow/.local/lib/python3.8/site-packages/airflow/example_dags/example_kubernetes_executor.py for tasks to queue
[2025-10-14T14:51:54.803+0000] {logging_mixin.py:188} INFO - [2025-10-14T14:51:54.803+0000] {dagbag.py:540} INFO - Filling up the DagBag from /home/airflow/.local/lib/python3.8/site-packages/airflow/example_dags/example_kubernetes_executor.py
[2025-10-14T14:51:54.817+0000] {processor.py:840} INFO - DAG(s) 'example_kubernetes_executor' retrieved from /home/airflow/.local/lib/python3.8/site-packages/airflow/example_dags/example_kubernetes_executor.py
[2025-10-14T14:51:54.849+0000] {logging_mixin.py:188} INFO - [2025-10-14T14:51:54.848+0000] {dag.py:3047} INFO - Sync 1 DAGs
[2025-10-14T14:51:54.859+0000] {logging_mixin.py:188} INFO - [2025-10-14T14:51:54.859+0000] {dag.py:3834} INFO - Setting next_dagrun for example_kubernetes_executor to None, run_after=None
[2025-10-14T14:51:54.876+0000] {processor.py:183} INFO - Processing /home/airflow/.local/lib/python3.8/site-packages/airflow/example_dags/example_kubernetes_executor.py took 0.079 seconds
[2025-10-14T14:52:25.827+0000] {processor.py:161} INFO - Started process (PID=658) to work on /home/airflow/.local/lib/python3.8/site-packages/airflow/example_dags/example_kubernetes_executor.py
[2025-10-14T14:52:25.828+0000] {processor.py:830} INFO - Processing file /home/airflow/.local/lib/python3.8/site-packages/airflow/example_dags/example_kubernetes_executor.py for tasks to queue
[2025-10-14T14:52:25.830+0000] {logging_mixin.py:188} INFO - [2025-10-14T14:52:25.829+0000] {dagbag.py:540} INFO - Filling up the DagBag from /home/airflow/.local/lib/python3.8/site-packages/airflow/example_dags/example_kubernetes_executor.py
[2025-10-14T14:52:25.843+0000] {processor.py:840} INFO - DAG(s) 'example_kubernetes_executor' retrieved from /home/airflow/.local/lib/python3.8/site-packages/airflow/example_dags/example_kubernetes_executor.py
[2025-10-14T14:52:25.875+0000] {logging_mixin.py:188} INFO - [2025-10-14T14:52:25.875+0000] {dag.py:3047} INFO - Sync 1 DAGs
[2025-10-14T14:52:25.886+0000] {logging_mixin.py:188} INFO - [2025-10-14T14:52:25.886+0000] {dag.py:3834} INFO - Setting next_dagrun for example_kubernetes_executor to None, run_after=None
[2025-10-14T14:52:25.903+0000] {processor.py:183} INFO - Processing /home/airflow/.local/lib/python3.8/site-packages/airflow/example_dags/example_kubernetes_executor.py took 0.080 seconds
[2025-10-14T14:52:56.762+0000] {processor.py:161} INFO - Started process (PID=717) to work on /home/airflow/.local/lib/python3.8/site-packages/airflow/example_dags/example_kubernetes_executor.py
[2025-10-14T14:52:56.763+0000] {processor.py:830} INFO - Processing file /home/airflow/.local/lib/python3.8/site-packages/airflow/example_dags/example_kubernetes_executor.py for tasks to queue
[2025-10-14T14:52:56.765+0000] {logging_mixin.py:188} INFO - [2025-10-14T14:52:56.765+0000] {dagbag.py:540} INFO - Filling up the DagBag from /home/airflow/.local/lib/python3.8/site-packages/airflow/example_dags/example_kubernetes_executor.py
[2025-10-14T14:52:56.778+0000] {processor.py:840} INFO - DAG(s) 'example_kubernetes_executor' retrieved from /home/airflow/.local/lib/python3.8/site-packages/airflow/example_dags/example_kubernetes_executor.py
[2025-10-14T14:52:56.814+0000] {logging_mixin.py:188} INFO - [2025-10-14T14:52:56.814+0000] {dag.py:3047} INFO - Sync 1 DAGs
[2025-10-14T14:52:56.827+0000] {logging_mixin.py:188} INFO - [2025-10-14T14:52:56.827+0000] {dag.py:3834} INFO - Setting next_dagrun for example_kubernetes_executor to None, run_after=None
[2025-10-14T14:52:56.846+0000] {processor.py:183} INFO - Processing /home/airflow/.local/lib/python3.8/site-packages/airflow/example_dags/example_kubernetes_executor.py took 0.087 seconds
[2025-10-14T14:53:27.096+0000] {processor.py:161} INFO - Started process (PID=776) to work on /home/airflow/.local/lib/python3.8/site-packages/airflow/example_dags/example_kubernetes_executor.py
[2025-10-14T14:53:27.097+0000] {processor.py:830} INFO - Processing file /home/airflow/.local/lib/python3.8/site-packages/airflow/example_dags/example_kubernetes_executor.py for tasks to queue
[2025-10-14T14:53:27.099+0000] {logging_mixin.py:188} INFO - [2025-10-14T14:53:27.098+0000] {dagbag.py:540} INFO - Filling up the DagBag from /home/airflow/.local/lib/python3.8/site-packages/airflow/example_dags/example_kubernetes_executor.py
[2025-10-14T14:53:27.112+0000] {processor.py:840} INFO - DAG(s) 'example_kubernetes_executor' retrieved from /home/airflow/.local/lib/python3.8/site-packages/airflow/example_dags/example_kubernetes_executor.py
[2025-10-14T14:53:27.145+0000] {logging_mixin.py:188} INFO - [2025-10-14T14:53:27.145+0000] {dag.py:3047} INFO - Sync 1 DAGs
[2025-10-14T14:53:27.156+0000] {logging_mixin.py:188} INFO - [2025-10-14T14:53:27.156+0000] {dag.py:3834} INFO - Setting next_dagrun for example_kubernetes_executor to None, run_after=None
[2025-10-14T14:53:27.175+0000] {processor.py:183} INFO - Processing /home/airflow/.local/lib/python3.8/site-packages/airflow/example_dags/example_kubernetes_executor.py took 0.082 seconds
[2025-10-14T14:53:57.595+0000] {processor.py:161} INFO - Started process (PID=835) to work on /home/airflow/.local/lib/python3.8/site-packages/airflow/example_dags/example_kubernetes_executor.py
[2025-10-14T14:53:57.596+0000] {processor.py:830} INFO - Processing file /home/airflow/.local/lib/python3.8/site-packages/airflow/example_dags/example_kubernetes_executor.py for tasks to queue
[2025-10-14T14:53:57.598+0000] {logging_mixin.py:188} INFO - [2025-10-14T14:53:57.598+0000] {dagbag.py:540} INFO - Filling up the DagBag from /home/airflow/.local/lib/python3.8/site-packages/airflow/example_dags/example_kubernetes_executor.py
[2025-10-14T14:53:57.611+0000] {processor.py:840} INFO - DAG(s) 'example_kubernetes_executor' retrieved from /home/airflow/.local/lib/python3.8/site-packages/airflow/example_dags/example_kubernetes_executor.py
[2025-10-14T14:53:57.644+0000] {logging_mixin.py:188} INFO - [2025-10-14T14:53:57.644+0000] {dag.py:3047} INFO - Sync 1 DAGs
[2025-10-14T14:53:57.655+0000] {logging_mixin.py:188} INFO - [2025-10-14T14:53:57.655+0000] {dag.py:3834} INFO - Setting next_dagrun for example_kubernetes_executor to None, run_after=None
[2025-10-14T14:53:57.672+0000] {processor.py:183} INFO - Processing /home/airflow/.local/lib/python3.8/site-packages/airflow/example_dags/example_kubernetes_executor.py took 0.080 seconds
[2025-10-14T14:54:28.517+0000] {processor.py:161} INFO - Started process (PID=894) to work on /home/airflow/.local/lib/python3.8/site-packages/airflow/example_dags/example_kubernetes_executor.py
[2025-10-14T14:54:28.518+0000] {processor.py:830} INFO - Processing file /home/airflow/.local/lib/python3.8/site-packages/airflow/example_dags/example_kubernetes_executor.py for tasks to queue
[2025-10-14T14:54:28.520+0000] {logging_mixin.py:188} INFO - [2025-10-14T14:54:28.520+0000] {dagbag.py:540} INFO - Filling up the DagBag from /home/airflow/.local/lib/python3.8/site-packages/airflow/example_dags/example_kubernetes_executor.py
[2025-10-14T14:54:28.533+0000] {processor.py:840} INFO - DAG(s) 'example_kubernetes_executor' retrieved from /home/airflow/.local/lib/python3.8/site-packages/airflow/example_dags/example_kubernetes_executor.py
[2025-10-14T14:54:28.565+0000] {logging_mixin.py:188} INFO - [2025-10-14T14:54:28.565+0000] {dag.py:3047} INFO - Sync 1 DAGs
[2025-10-14T14:54:28.578+0000] {logging_mixin.py:188} INFO - [2025-10-14T14:54:28.577+0000] {dag.py:3834} INFO - Setting next_dagrun for example_kubernetes_executor to None, run_after=None
[2025-10-14T14:54:28.595+0000] {processor.py:183} INFO - Processing /home/airflow/.local/lib/python3.8/site-packages/airflow/example_dags/example_kubernetes_executor.py took 0.081 seconds
[2025-10-14T14:54:59.786+0000] {processor.py:161} INFO - Started process (PID=953) to work on /home/airflow/.local/lib/python3.8/site-packages/airflow/example_dags/example_kubernetes_executor.py
[2025-10-14T14:54:59.787+0000] {processor.py:830} INFO - Processing file /home/airflow/.local/lib/python3.8/site-packages/airflow/example_dags/example_kubernetes_executor.py for tasks to queue
[2025-10-14T14:54:59.789+0000] {logging_mixin.py:188} INFO - [2025-10-14T14:54:59.789+0000] {dagbag.py:540} INFO - Filling up the DagBag from /home/airflow/.local/lib/python3.8/site-packages/airflow/example_dags/example_kubernetes_executor.py
[2025-10-14T14:54:59.804+0000] {processor.py:840} INFO - DAG(s) 'example_kubernetes_executor' retrieved from /home/airflow/.local/lib/python3.8/site-packages/airflow/example_dags/example_kubernetes_executor.py
[2025-10-14T14:54:59.840+0000] {logging_mixin.py:188} INFO - [2025-10-14T14:54:59.839+0000] {dag.py:3047} INFO - Sync 1 DAGs
[2025-10-14T14:54:59.852+0000] {logging_mixin.py:188} INFO - [2025-10-14T14:54:59.851+0000] {dag.py:3834} INFO - Setting next_dagrun for example_kubernetes_executor to None, run_after=None
[2025-10-14T14:54:59.868+0000] {processor.py:183} INFO - Processing /home/airflow/.local/lib/python3.8/site-packages/airflow/example_dags/example_kubernetes_executor.py took 0.085 seconds
[2025-10-14T14:55:30.337+0000] {processor.py:161} INFO - Started process (PID=1012) to work on /home/airflow/.local/lib/python3.8/site-packages/airflow/example_dags/example_kubernetes_executor.py
[2025-10-14T14:55:30.338+0000] {processor.py:830} INFO - Processing file /home/airflow/.local/lib/python3.8/site-packages/airflow/example_dags/example_kubernetes_executor.py for tasks to queue
[2025-10-14T14:55:30.340+0000] {logging_mixin.py:188} INFO - [2025-10-14T14:55:30.340+0000] {dagbag.py:540} INFO - Filling up the DagBag from /home/airflow/.local/lib/python3.8/site-packages/airflow/example_dags/example_kubernetes_executor.py
[2025-10-14T14:55:30.355+0000] {processor.py:840} INFO - DAG(s) 'example_kubernetes_executor' retrieved from /home/airflow/.local/lib/python3.8/site-packages/airflow/example_dags/example_kubernetes_executor.py
[2025-10-14T14:55:30.390+0000] {logging_mixin.py:188} INFO - [2025-10-14T14:55:30.390+0000] {dag.py:3047} INFO - Sync 1 DAGs
[2025-10-14T14:55:30.402+0000] {logging_mixin.py:188} INFO - [2025-10-14T14:55:30.402+0000] {dag.py:3834} INFO - Setting next_dagrun for example_kubernetes_executor to None, run_after=None
[2025-10-14T14:55:30.421+0000] {processor.py:183} INFO - Processing /home/airflow/.local/lib/python3.8/site-packages/airflow/example_dags/example_kubernetes_executor.py took 0.086 seconds
