[2025-10-14T14:45:00.721+0000] {processor.py:161} INFO - Started process (PID=130) to work on /home/airflow/.local/lib/python3.8/site-packages/airflow/example_dags/example_short_circuit_decorator.py
[2025-10-14T14:45:00.722+0000] {processor.py:830} INFO - Processing file /home/airflow/.local/lib/python3.8/site-packages/airflow/example_dags/example_short_circuit_decorator.py for tasks to queue
[2025-10-14T14:45:00.724+0000] {logging_mixin.py:188} INFO - [2025-10-14T14:45:00.724+0000] {dagbag.py:540} INFO - Filling up the DagBag from /home/airflow/.local/lib/python3.8/site-packages/airflow/example_dags/example_short_circuit_decorator.py
[2025-10-14T14:45:00.733+0000] {processor.py:840} INFO - DAG(s) 'example_short_circuit_decorator' retrieved from /home/airflow/.local/lib/python3.8/site-packages/airflow/example_dags/example_short_circuit_decorator.py
[2025-10-14T14:45:00.819+0000] {logging_mixin.py:188} INFO - [2025-10-14T14:45:00.819+0000] {override.py:1769} INFO - Created Permission View: can edit on DAG:example_short_circuit_decorator
[2025-10-14T14:45:00.830+0000] {logging_mixin.py:188} INFO - [2025-10-14T14:45:00.829+0000] {override.py:1769} INFO - Created Permission View: can delete on DAG:example_short_circuit_decorator
[2025-10-14T14:45:00.837+0000] {logging_mixin.py:188} INFO - [2025-10-14T14:45:00.837+0000] {override.py:1769} INFO - Created Permission View: can read on DAG:example_short_circuit_decorator
[2025-10-14T14:45:00.838+0000] {logging_mixin.py:188} INFO - [2025-10-14T14:45:00.838+0000] {dag.py:3047} INFO - Sync 1 DAGs
[2025-10-14T14:45:00.848+0000] {logging_mixin.py:188} INFO - [2025-10-14T14:45:00.848+0000] {dag.py:3069} INFO - Creating ORM DAG for example_short_circuit_decorator
[2025-10-14T14:45:00.857+0000] {logging_mixin.py:188} INFO - [2025-10-14T14:45:00.857+0000] {dag.py:3834} INFO - Setting next_dagrun for example_short_circuit_decorator to 2025-10-13 00:00:00+00:00, run_after=2025-10-14 00:00:00+00:00
[2025-10-14T14:45:00.873+0000] {processor.py:183} INFO - Processing /home/airflow/.local/lib/python3.8/site-packages/airflow/example_dags/example_short_circuit_decorator.py took 0.155 seconds
[2025-10-14T14:45:30.965+0000] {processor.py:161} INFO - Started process (PID=189) to work on /home/airflow/.local/lib/python3.8/site-packages/airflow/example_dags/example_short_circuit_decorator.py
[2025-10-14T14:45:30.965+0000] {processor.py:830} INFO - Processing file /home/airflow/.local/lib/python3.8/site-packages/airflow/example_dags/example_short_circuit_decorator.py for tasks to queue
[2025-10-14T14:45:30.967+0000] {logging_mixin.py:188} INFO - [2025-10-14T14:45:30.967+0000] {dagbag.py:540} INFO - Filling up the DagBag from /home/airflow/.local/lib/python3.8/site-packages/airflow/example_dags/example_short_circuit_decorator.py
[2025-10-14T14:45:30.975+0000] {processor.py:840} INFO - DAG(s) 'example_short_circuit_decorator' retrieved from /home/airflow/.local/lib/python3.8/site-packages/airflow/example_dags/example_short_circuit_decorator.py
[2025-10-14T14:45:30.996+0000] {logging_mixin.py:188} INFO - [2025-10-14T14:45:30.995+0000] {dag.py:3047} INFO - Sync 1 DAGs
[2025-10-14T14:45:31.017+0000] {logging_mixin.py:188} INFO - [2025-10-14T14:45:31.017+0000] {dag.py:3834} INFO - Setting next_dagrun for example_short_circuit_decorator to 2025-10-13 00:00:00+00:00, run_after=2025-10-14 00:00:00+00:00
[2025-10-14T14:45:31.033+0000] {processor.py:183} INFO - Processing /home/airflow/.local/lib/python3.8/site-packages/airflow/example_dags/example_short_circuit_decorator.py took 0.072 seconds
[2025-10-14T14:46:01.339+0000] {processor.py:161} INFO - Started process (PID=248) to work on /home/airflow/.local/lib/python3.8/site-packages/airflow/example_dags/example_short_circuit_decorator.py
[2025-10-14T14:46:01.340+0000] {processor.py:830} INFO - Processing file /home/airflow/.local/lib/python3.8/site-packages/airflow/example_dags/example_short_circuit_decorator.py for tasks to queue
[2025-10-14T14:46:01.341+0000] {logging_mixin.py:188} INFO - [2025-10-14T14:46:01.341+0000] {dagbag.py:540} INFO - Filling up the DagBag from /home/airflow/.local/lib/python3.8/site-packages/airflow/example_dags/example_short_circuit_decorator.py
[2025-10-14T14:46:01.349+0000] {processor.py:840} INFO - DAG(s) 'example_short_circuit_decorator' retrieved from /home/airflow/.local/lib/python3.8/site-packages/airflow/example_dags/example_short_circuit_decorator.py
[2025-10-14T14:46:01.369+0000] {logging_mixin.py:188} INFO - [2025-10-14T14:46:01.369+0000] {dag.py:3047} INFO - Sync 1 DAGs
[2025-10-14T14:46:01.390+0000] {logging_mixin.py:188} INFO - [2025-10-14T14:46:01.389+0000] {dag.py:3834} INFO - Setting next_dagrun for example_short_circuit_decorator to 2025-10-13 00:00:00+00:00, run_after=2025-10-14 00:00:00+00:00
[2025-10-14T14:46:01.405+0000] {processor.py:183} INFO - Processing /home/airflow/.local/lib/python3.8/site-packages/airflow/example_dags/example_short_circuit_decorator.py took 0.069 seconds
[2025-10-14T14:47:52.252+0000] {processor.py:161} INFO - Started process (PID=135) to work on /home/airflow/.local/lib/python3.8/site-packages/airflow/example_dags/example_short_circuit_decorator.py
[2025-10-14T14:47:52.253+0000] {processor.py:830} INFO - Processing file /home/airflow/.local/lib/python3.8/site-packages/airflow/example_dags/example_short_circuit_decorator.py for tasks to queue
[2025-10-14T14:47:52.254+0000] {logging_mixin.py:188} INFO - [2025-10-14T14:47:52.254+0000] {dagbag.py:540} INFO - Filling up the DagBag from /home/airflow/.local/lib/python3.8/site-packages/airflow/example_dags/example_short_circuit_decorator.py
[2025-10-14T14:47:52.263+0000] {processor.py:840} INFO - DAG(s) 'example_short_circuit_decorator' retrieved from /home/airflow/.local/lib/python3.8/site-packages/airflow/example_dags/example_short_circuit_decorator.py
[2025-10-14T14:47:52.360+0000] {logging_mixin.py:188} INFO - [2025-10-14T14:47:52.360+0000] {dag.py:3047} INFO - Sync 1 DAGs
[2025-10-14T14:47:52.380+0000] {logging_mixin.py:188} INFO - [2025-10-14T14:47:52.380+0000] {dag.py:3834} INFO - Setting next_dagrun for example_short_circuit_decorator to 2025-10-13 00:00:00+00:00, run_after=2025-10-14 00:00:00+00:00
[2025-10-14T14:47:52.400+0000] {processor.py:183} INFO - Processing /home/airflow/.local/lib/python3.8/site-packages/airflow/example_dags/example_short_circuit_decorator.py took 0.151 seconds
[2025-10-14T14:48:22.573+0000] {processor.py:161} INFO - Started process (PID=194) to work on /home/airflow/.local/lib/python3.8/site-packages/airflow/example_dags/example_short_circuit_decorator.py
[2025-10-14T14:48:22.574+0000] {processor.py:830} INFO - Processing file /home/airflow/.local/lib/python3.8/site-packages/airflow/example_dags/example_short_circuit_decorator.py for tasks to queue
[2025-10-14T14:48:22.575+0000] {logging_mixin.py:188} INFO - [2025-10-14T14:48:22.575+0000] {dagbag.py:540} INFO - Filling up the DagBag from /home/airflow/.local/lib/python3.8/site-packages/airflow/example_dags/example_short_circuit_decorator.py
[2025-10-14T14:48:22.584+0000] {processor.py:840} INFO - DAG(s) 'example_short_circuit_decorator' retrieved from /home/airflow/.local/lib/python3.8/site-packages/airflow/example_dags/example_short_circuit_decorator.py
[2025-10-14T14:48:22.604+0000] {logging_mixin.py:188} INFO - [2025-10-14T14:48:22.604+0000] {dag.py:3047} INFO - Sync 1 DAGs
[2025-10-14T14:48:22.623+0000] {logging_mixin.py:188} INFO - [2025-10-14T14:48:22.623+0000] {dag.py:3834} INFO - Setting next_dagrun for example_short_circuit_decorator to 2025-10-13 00:00:00+00:00, run_after=2025-10-14 00:00:00+00:00
[2025-10-14T14:48:22.639+0000] {processor.py:183} INFO - Processing /home/airflow/.local/lib/python3.8/site-packages/airflow/example_dags/example_short_circuit_decorator.py took 0.070 seconds
[2025-10-14T14:48:52.922+0000] {processor.py:161} INFO - Started process (PID=253) to work on /home/airflow/.local/lib/python3.8/site-packages/airflow/example_dags/example_short_circuit_decorator.py
[2025-10-14T14:48:52.923+0000] {processor.py:830} INFO - Processing file /home/airflow/.local/lib/python3.8/site-packages/airflow/example_dags/example_short_circuit_decorator.py for tasks to queue
[2025-10-14T14:48:52.925+0000] {logging_mixin.py:188} INFO - [2025-10-14T14:48:52.924+0000] {dagbag.py:540} INFO - Filling up the DagBag from /home/airflow/.local/lib/python3.8/site-packages/airflow/example_dags/example_short_circuit_decorator.py
[2025-10-14T14:48:52.934+0000] {processor.py:840} INFO - DAG(s) 'example_short_circuit_decorator' retrieved from /home/airflow/.local/lib/python3.8/site-packages/airflow/example_dags/example_short_circuit_decorator.py
[2025-10-14T14:48:52.955+0000] {logging_mixin.py:188} INFO - [2025-10-14T14:48:52.955+0000] {dag.py:3047} INFO - Sync 1 DAGs
[2025-10-14T14:48:52.976+0000] {logging_mixin.py:188} INFO - [2025-10-14T14:48:52.975+0000] {dag.py:3834} INFO - Setting next_dagrun for example_short_circuit_decorator to 2025-10-13 00:00:00+00:00, run_after=2025-10-14 00:00:00+00:00
[2025-10-14T14:48:52.993+0000] {processor.py:183} INFO - Processing /home/airflow/.local/lib/python3.8/site-packages/airflow/example_dags/example_short_circuit_decorator.py took 0.075 seconds
[2025-10-14T14:49:23.284+0000] {processor.py:161} INFO - Started process (PID=312) to work on /home/airflow/.local/lib/python3.8/site-packages/airflow/example_dags/example_short_circuit_decorator.py
[2025-10-14T14:49:23.285+0000] {processor.py:830} INFO - Processing file /home/airflow/.local/lib/python3.8/site-packages/airflow/example_dags/example_short_circuit_decorator.py for tasks to queue
[2025-10-14T14:49:23.287+0000] {logging_mixin.py:188} INFO - [2025-10-14T14:49:23.286+0000] {dagbag.py:540} INFO - Filling up the DagBag from /home/airflow/.local/lib/python3.8/site-packages/airflow/example_dags/example_short_circuit_decorator.py
[2025-10-14T14:49:23.295+0000] {processor.py:840} INFO - DAG(s) 'example_short_circuit_decorator' retrieved from /home/airflow/.local/lib/python3.8/site-packages/airflow/example_dags/example_short_circuit_decorator.py
[2025-10-14T14:49:23.316+0000] {logging_mixin.py:188} INFO - [2025-10-14T14:49:23.315+0000] {dag.py:3047} INFO - Sync 1 DAGs
[2025-10-14T14:49:23.335+0000] {logging_mixin.py:188} INFO - [2025-10-14T14:49:23.334+0000] {dag.py:3834} INFO - Setting next_dagrun for example_short_circuit_decorator to 2025-10-13 00:00:00+00:00, run_after=2025-10-14 00:00:00+00:00
[2025-10-14T14:49:23.352+0000] {processor.py:183} INFO - Processing /home/airflow/.local/lib/python3.8/site-packages/airflow/example_dags/example_short_circuit_decorator.py took 0.071 seconds
[2025-10-14T14:49:53.551+0000] {processor.py:161} INFO - Started process (PID=371) to work on /home/airflow/.local/lib/python3.8/site-packages/airflow/example_dags/example_short_circuit_decorator.py
[2025-10-14T14:49:53.552+0000] {processor.py:830} INFO - Processing file /home/airflow/.local/lib/python3.8/site-packages/airflow/example_dags/example_short_circuit_decorator.py for tasks to queue
[2025-10-14T14:49:53.554+0000] {logging_mixin.py:188} INFO - [2025-10-14T14:49:53.554+0000] {dagbag.py:540} INFO - Filling up the DagBag from /home/airflow/.local/lib/python3.8/site-packages/airflow/example_dags/example_short_circuit_decorator.py
[2025-10-14T14:49:53.564+0000] {processor.py:840} INFO - DAG(s) 'example_short_circuit_decorator' retrieved from /home/airflow/.local/lib/python3.8/site-packages/airflow/example_dags/example_short_circuit_decorator.py
[2025-10-14T14:49:53.585+0000] {logging_mixin.py:188} INFO - [2025-10-14T14:49:53.585+0000] {dag.py:3047} INFO - Sync 1 DAGs
[2025-10-14T14:49:53.606+0000] {logging_mixin.py:188} INFO - [2025-10-14T14:49:53.606+0000] {dag.py:3834} INFO - Setting next_dagrun for example_short_circuit_decorator to 2025-10-13 00:00:00+00:00, run_after=2025-10-14 00:00:00+00:00
[2025-10-14T14:49:53.623+0000] {processor.py:183} INFO - Processing /home/airflow/.local/lib/python3.8/site-packages/airflow/example_dags/example_short_circuit_decorator.py took 0.075 seconds
[2025-10-14T14:50:23.966+0000] {processor.py:161} INFO - Started process (PID=430) to work on /home/airflow/.local/lib/python3.8/site-packages/airflow/example_dags/example_short_circuit_decorator.py
[2025-10-14T14:50:23.967+0000] {processor.py:830} INFO - Processing file /home/airflow/.local/lib/python3.8/site-packages/airflow/example_dags/example_short_circuit_decorator.py for tasks to queue
[2025-10-14T14:50:23.969+0000] {logging_mixin.py:188} INFO - [2025-10-14T14:50:23.968+0000] {dagbag.py:540} INFO - Filling up the DagBag from /home/airflow/.local/lib/python3.8/site-packages/airflow/example_dags/example_short_circuit_decorator.py
[2025-10-14T14:50:23.979+0000] {processor.py:840} INFO - DAG(s) 'example_short_circuit_decorator' retrieved from /home/airflow/.local/lib/python3.8/site-packages/airflow/example_dags/example_short_circuit_decorator.py
[2025-10-14T14:50:24.001+0000] {logging_mixin.py:188} INFO - [2025-10-14T14:50:24.001+0000] {dag.py:3047} INFO - Sync 1 DAGs
[2025-10-14T14:50:24.025+0000] {logging_mixin.py:188} INFO - [2025-10-14T14:50:24.024+0000] {dag.py:3834} INFO - Setting next_dagrun for example_short_circuit_decorator to 2025-10-13 00:00:00+00:00, run_after=2025-10-14 00:00:00+00:00
[2025-10-14T14:50:24.043+0000] {processor.py:183} INFO - Processing /home/airflow/.local/lib/python3.8/site-packages/airflow/example_dags/example_short_circuit_decorator.py took 0.081 seconds
[2025-10-14T14:50:54.811+0000] {processor.py:161} INFO - Started process (PID=489) to work on /home/airflow/.local/lib/python3.8/site-packages/airflow/example_dags/example_short_circuit_decorator.py
[2025-10-14T14:50:54.812+0000] {processor.py:830} INFO - Processing file /home/airflow/.local/lib/python3.8/site-packages/airflow/example_dags/example_short_circuit_decorator.py for tasks to queue
[2025-10-14T14:50:54.814+0000] {logging_mixin.py:188} INFO - [2025-10-14T14:50:54.813+0000] {dagbag.py:540} INFO - Filling up the DagBag from /home/airflow/.local/lib/python3.8/site-packages/airflow/example_dags/example_short_circuit_decorator.py
[2025-10-14T14:50:54.822+0000] {processor.py:840} INFO - DAG(s) 'example_short_circuit_decorator' retrieved from /home/airflow/.local/lib/python3.8/site-packages/airflow/example_dags/example_short_circuit_decorator.py
[2025-10-14T14:50:54.843+0000] {logging_mixin.py:188} INFO - [2025-10-14T14:50:54.843+0000] {dag.py:3047} INFO - Sync 1 DAGs
[2025-10-14T14:50:54.862+0000] {logging_mixin.py:188} INFO - [2025-10-14T14:50:54.861+0000] {dag.py:3834} INFO - Setting next_dagrun for example_short_circuit_decorator to 2025-10-13 00:00:00+00:00, run_after=2025-10-14 00:00:00+00:00
[2025-10-14T14:50:54.879+0000] {processor.py:183} INFO - Processing /home/airflow/.local/lib/python3.8/site-packages/airflow/example_dags/example_short_circuit_decorator.py took 0.070 seconds
[2025-10-14T14:51:24.973+0000] {processor.py:161} INFO - Started process (PID=549) to work on /home/airflow/.local/lib/python3.8/site-packages/airflow/example_dags/example_short_circuit_decorator.py
[2025-10-14T14:51:24.974+0000] {processor.py:830} INFO - Processing file /home/airflow/.local/lib/python3.8/site-packages/airflow/example_dags/example_short_circuit_decorator.py for tasks to queue
[2025-10-14T14:51:24.975+0000] {logging_mixin.py:188} INFO - [2025-10-14T14:51:24.975+0000] {dagbag.py:540} INFO - Filling up the DagBag from /home/airflow/.local/lib/python3.8/site-packages/airflow/example_dags/example_short_circuit_decorator.py
[2025-10-14T14:51:24.984+0000] {processor.py:840} INFO - DAG(s) 'example_short_circuit_decorator' retrieved from /home/airflow/.local/lib/python3.8/site-packages/airflow/example_dags/example_short_circuit_decorator.py
[2025-10-14T14:51:25.004+0000] {logging_mixin.py:188} INFO - [2025-10-14T14:51:25.004+0000] {dag.py:3047} INFO - Sync 1 DAGs
[2025-10-14T14:51:25.023+0000] {logging_mixin.py:188} INFO - [2025-10-14T14:51:25.023+0000] {dag.py:3834} INFO - Setting next_dagrun for example_short_circuit_decorator to 2025-10-13 00:00:00+00:00, run_after=2025-10-14 00:00:00+00:00
[2025-10-14T14:51:25.039+0000] {processor.py:183} INFO - Processing /home/airflow/.local/lib/python3.8/site-packages/airflow/example_dags/example_short_circuit_decorator.py took 0.069 seconds
[2025-10-14T14:51:55.276+0000] {processor.py:161} INFO - Started process (PID=608) to work on /home/airflow/.local/lib/python3.8/site-packages/airflow/example_dags/example_short_circuit_decorator.py
[2025-10-14T14:51:55.277+0000] {processor.py:830} INFO - Processing file /home/airflow/.local/lib/python3.8/site-packages/airflow/example_dags/example_short_circuit_decorator.py for tasks to queue
[2025-10-14T14:51:55.279+0000] {logging_mixin.py:188} INFO - [2025-10-14T14:51:55.278+0000] {dagbag.py:540} INFO - Filling up the DagBag from /home/airflow/.local/lib/python3.8/site-packages/airflow/example_dags/example_short_circuit_decorator.py
[2025-10-14T14:51:55.287+0000] {processor.py:840} INFO - DAG(s) 'example_short_circuit_decorator' retrieved from /home/airflow/.local/lib/python3.8/site-packages/airflow/example_dags/example_short_circuit_decorator.py
[2025-10-14T14:51:55.313+0000] {logging_mixin.py:188} INFO - [2025-10-14T14:51:55.312+0000] {dag.py:3047} INFO - Sync 1 DAGs
[2025-10-14T14:51:55.334+0000] {logging_mixin.py:188} INFO - [2025-10-14T14:51:55.334+0000] {dag.py:3834} INFO - Setting next_dagrun for example_short_circuit_decorator to 2025-10-13 00:00:00+00:00, run_after=2025-10-14 00:00:00+00:00
[2025-10-14T14:51:55.352+0000] {processor.py:183} INFO - Processing /home/airflow/.local/lib/python3.8/site-packages/airflow/example_dags/example_short_circuit_decorator.py took 0.080 seconds
[2025-10-14T14:52:26.261+0000] {processor.py:161} INFO - Started process (PID=667) to work on /home/airflow/.local/lib/python3.8/site-packages/airflow/example_dags/example_short_circuit_decorator.py
[2025-10-14T14:52:26.262+0000] {processor.py:830} INFO - Processing file /home/airflow/.local/lib/python3.8/site-packages/airflow/example_dags/example_short_circuit_decorator.py for tasks to queue
[2025-10-14T14:52:26.264+0000] {logging_mixin.py:188} INFO - [2025-10-14T14:52:26.264+0000] {dagbag.py:540} INFO - Filling up the DagBag from /home/airflow/.local/lib/python3.8/site-packages/airflow/example_dags/example_short_circuit_decorator.py
[2025-10-14T14:52:26.272+0000] {processor.py:840} INFO - DAG(s) 'example_short_circuit_decorator' retrieved from /home/airflow/.local/lib/python3.8/site-packages/airflow/example_dags/example_short_circuit_decorator.py
[2025-10-14T14:52:26.293+0000] {logging_mixin.py:188} INFO - [2025-10-14T14:52:26.293+0000] {dag.py:3047} INFO - Sync 1 DAGs
[2025-10-14T14:52:26.312+0000] {logging_mixin.py:188} INFO - [2025-10-14T14:52:26.312+0000] {dag.py:3834} INFO - Setting next_dagrun for example_short_circuit_decorator to 2025-10-13 00:00:00+00:00, run_after=2025-10-14 00:00:00+00:00
[2025-10-14T14:52:26.330+0000] {processor.py:183} INFO - Processing /home/airflow/.local/lib/python3.8/site-packages/airflow/example_dags/example_short_circuit_decorator.py took 0.071 seconds
[2025-10-14T14:52:57.333+0000] {processor.py:161} INFO - Started process (PID=726) to work on /home/airflow/.local/lib/python3.8/site-packages/airflow/example_dags/example_short_circuit_decorator.py
[2025-10-14T14:52:57.334+0000] {processor.py:830} INFO - Processing file /home/airflow/.local/lib/python3.8/site-packages/airflow/example_dags/example_short_circuit_decorator.py for tasks to queue
[2025-10-14T14:52:57.336+0000] {logging_mixin.py:188} INFO - [2025-10-14T14:52:57.336+0000] {dagbag.py:540} INFO - Filling up the DagBag from /home/airflow/.local/lib/python3.8/site-packages/airflow/example_dags/example_short_circuit_decorator.py
[2025-10-14T14:52:57.344+0000] {processor.py:840} INFO - DAG(s) 'example_short_circuit_decorator' retrieved from /home/airflow/.local/lib/python3.8/site-packages/airflow/example_dags/example_short_circuit_decorator.py
[2025-10-14T14:52:57.364+0000] {logging_mixin.py:188} INFO - [2025-10-14T14:52:57.364+0000] {dag.py:3047} INFO - Sync 1 DAGs
[2025-10-14T14:52:57.383+0000] {logging_mixin.py:188} INFO - [2025-10-14T14:52:57.383+0000] {dag.py:3834} INFO - Setting next_dagrun for example_short_circuit_decorator to 2025-10-13 00:00:00+00:00, run_after=2025-10-14 00:00:00+00:00
[2025-10-14T14:52:57.399+0000] {processor.py:183} INFO - Processing /home/airflow/.local/lib/python3.8/site-packages/airflow/example_dags/example_short_circuit_decorator.py took 0.069 seconds
[2025-10-14T14:53:27.522+0000] {processor.py:161} INFO - Started process (PID=785) to work on /home/airflow/.local/lib/python3.8/site-packages/airflow/example_dags/example_short_circuit_decorator.py
[2025-10-14T14:53:27.523+0000] {processor.py:830} INFO - Processing file /home/airflow/.local/lib/python3.8/site-packages/airflow/example_dags/example_short_circuit_decorator.py for tasks to queue
[2025-10-14T14:53:27.525+0000] {logging_mixin.py:188} INFO - [2025-10-14T14:53:27.524+0000] {dagbag.py:540} INFO - Filling up the DagBag from /home/airflow/.local/lib/python3.8/site-packages/airflow/example_dags/example_short_circuit_decorator.py
[2025-10-14T14:53:27.533+0000] {processor.py:840} INFO - DAG(s) 'example_short_circuit_decorator' retrieved from /home/airflow/.local/lib/python3.8/site-packages/airflow/example_dags/example_short_circuit_decorator.py
[2025-10-14T14:53:27.553+0000] {logging_mixin.py:188} INFO - [2025-10-14T14:53:27.553+0000] {dag.py:3047} INFO - Sync 1 DAGs
[2025-10-14T14:53:27.573+0000] {logging_mixin.py:188} INFO - [2025-10-14T14:53:27.573+0000] {dag.py:3834} INFO - Setting next_dagrun for example_short_circuit_decorator to 2025-10-13 00:00:00+00:00, run_after=2025-10-14 00:00:00+00:00
[2025-10-14T14:53:27.591+0000] {processor.py:183} INFO - Processing /home/airflow/.local/lib/python3.8/site-packages/airflow/example_dags/example_short_circuit_decorator.py took 0.072 seconds
[2025-10-14T14:53:58.039+0000] {processor.py:161} INFO - Started process (PID=844) to work on /home/airflow/.local/lib/python3.8/site-packages/airflow/example_dags/example_short_circuit_decorator.py
[2025-10-14T14:53:58.040+0000] {processor.py:830} INFO - Processing file /home/airflow/.local/lib/python3.8/site-packages/airflow/example_dags/example_short_circuit_decorator.py for tasks to queue
[2025-10-14T14:53:58.041+0000] {logging_mixin.py:188} INFO - [2025-10-14T14:53:58.041+0000] {dagbag.py:540} INFO - Filling up the DagBag from /home/airflow/.local/lib/python3.8/site-packages/airflow/example_dags/example_short_circuit_decorator.py
[2025-10-14T14:53:58.050+0000] {processor.py:840} INFO - DAG(s) 'example_short_circuit_decorator' retrieved from /home/airflow/.local/lib/python3.8/site-packages/airflow/example_dags/example_short_circuit_decorator.py
[2025-10-14T14:53:58.070+0000] {logging_mixin.py:188} INFO - [2025-10-14T14:53:58.070+0000] {dag.py:3047} INFO - Sync 1 DAGs
[2025-10-14T14:53:58.090+0000] {logging_mixin.py:188} INFO - [2025-10-14T14:53:58.090+0000] {dag.py:3834} INFO - Setting next_dagrun for example_short_circuit_decorator to 2025-10-13 00:00:00+00:00, run_after=2025-10-14 00:00:00+00:00
[2025-10-14T14:53:58.108+0000] {processor.py:183} INFO - Processing /home/airflow/.local/lib/python3.8/site-packages/airflow/example_dags/example_short_circuit_decorator.py took 0.073 seconds
[2025-10-14T14:54:29.013+0000] {processor.py:161} INFO - Started process (PID=903) to work on /home/airflow/.local/lib/python3.8/site-packages/airflow/example_dags/example_short_circuit_decorator.py
[2025-10-14T14:54:29.014+0000] {processor.py:830} INFO - Processing file /home/airflow/.local/lib/python3.8/site-packages/airflow/example_dags/example_short_circuit_decorator.py for tasks to queue
[2025-10-14T14:54:29.016+0000] {logging_mixin.py:188} INFO - [2025-10-14T14:54:29.016+0000] {dagbag.py:540} INFO - Filling up the DagBag from /home/airflow/.local/lib/python3.8/site-packages/airflow/example_dags/example_short_circuit_decorator.py
[2025-10-14T14:54:29.024+0000] {processor.py:840} INFO - DAG(s) 'example_short_circuit_decorator' retrieved from /home/airflow/.local/lib/python3.8/site-packages/airflow/example_dags/example_short_circuit_decorator.py
[2025-10-14T14:54:29.044+0000] {logging_mixin.py:188} INFO - [2025-10-14T14:54:29.044+0000] {dag.py:3047} INFO - Sync 1 DAGs
[2025-10-14T14:54:29.063+0000] {logging_mixin.py:188} INFO - [2025-10-14T14:54:29.063+0000] {dag.py:3834} INFO - Setting next_dagrun for example_short_circuit_decorator to 2025-10-13 00:00:00+00:00, run_after=2025-10-14 00:00:00+00:00
[2025-10-14T14:54:29.080+0000] {processor.py:183} INFO - Processing /home/airflow/.local/lib/python3.8/site-packages/airflow/example_dags/example_short_circuit_decorator.py took 0.070 seconds
[2025-10-14T14:55:00.213+0000] {processor.py:161} INFO - Started process (PID=962) to work on /home/airflow/.local/lib/python3.8/site-packages/airflow/example_dags/example_short_circuit_decorator.py
[2025-10-14T14:55:00.214+0000] {processor.py:830} INFO - Processing file /home/airflow/.local/lib/python3.8/site-packages/airflow/example_dags/example_short_circuit_decorator.py for tasks to queue
[2025-10-14T14:55:00.215+0000] {logging_mixin.py:188} INFO - [2025-10-14T14:55:00.215+0000] {dagbag.py:540} INFO - Filling up the DagBag from /home/airflow/.local/lib/python3.8/site-packages/airflow/example_dags/example_short_circuit_decorator.py
[2025-10-14T14:55:00.227+0000] {processor.py:840} INFO - DAG(s) 'example_short_circuit_decorator' retrieved from /home/airflow/.local/lib/python3.8/site-packages/airflow/example_dags/example_short_circuit_decorator.py
[2025-10-14T14:55:00.255+0000] {logging_mixin.py:188} INFO - [2025-10-14T14:55:00.255+0000] {dag.py:3047} INFO - Sync 1 DAGs
[2025-10-14T14:55:00.289+0000] {logging_mixin.py:188} INFO - [2025-10-14T14:55:00.288+0000] {dag.py:3834} INFO - Setting next_dagrun for example_short_circuit_decorator to 2025-10-13 00:00:00+00:00, run_after=2025-10-14 00:00:00+00:00
[2025-10-14T14:55:00.320+0000] {processor.py:183} INFO - Processing /home/airflow/.local/lib/python3.8/site-packages/airflow/example_dags/example_short_circuit_decorator.py took 0.110 seconds
[2025-10-14T14:55:30.962+0000] {processor.py:161} INFO - Started process (PID=1021) to work on /home/airflow/.local/lib/python3.8/site-packages/airflow/example_dags/example_short_circuit_decorator.py
[2025-10-14T14:55:30.963+0000] {processor.py:830} INFO - Processing file /home/airflow/.local/lib/python3.8/site-packages/airflow/example_dags/example_short_circuit_decorator.py for tasks to queue
[2025-10-14T14:55:30.965+0000] {logging_mixin.py:188} INFO - [2025-10-14T14:55:30.965+0000] {dagbag.py:540} INFO - Filling up the DagBag from /home/airflow/.local/lib/python3.8/site-packages/airflow/example_dags/example_short_circuit_decorator.py
[2025-10-14T14:55:30.974+0000] {processor.py:840} INFO - DAG(s) 'example_short_circuit_decorator' retrieved from /home/airflow/.local/lib/python3.8/site-packages/airflow/example_dags/example_short_circuit_decorator.py
[2025-10-14T14:55:30.995+0000] {logging_mixin.py:188} INFO - [2025-10-14T14:55:30.995+0000] {dag.py:3047} INFO - Sync 1 DAGs
[2025-10-14T14:55:31.015+0000] {logging_mixin.py:188} INFO - [2025-10-14T14:55:31.015+0000] {dag.py:3834} INFO - Setting next_dagrun for example_short_circuit_decorator to 2025-10-13 00:00:00+00:00, run_after=2025-10-14 00:00:00+00:00
[2025-10-14T14:55:31.031+0000] {processor.py:183} INFO - Processing /home/airflow/.local/lib/python3.8/site-packages/airflow/example_dags/example_short_circuit_decorator.py took 0.072 seconds
