[2025-10-14T14:44:58.768+0000] {processor.py:161} INFO - Started process (PID=111) to work on /home/airflow/.local/lib/python3.8/site-packages/airflow/example_dags/example_task_group.py
[2025-10-14T14:44:58.769+0000] {processor.py:830} INFO - Processing file /home/airflow/.local/lib/python3.8/site-packages/airflow/example_dags/example_task_group.py for tasks to queue
[2025-10-14T14:44:58.771+0000] {logging_mixin.py:188} INFO - [2025-10-14T14:44:58.771+0000] {dagbag.py:540} INFO - Filling up the DagBag from /home/airflow/.local/lib/python3.8/site-packages/airflow/example_dags/example_task_group.py
[2025-10-14T14:44:58.781+0000] {processor.py:840} INFO - DAG(s) 'example_task_group' retrieved from /home/airflow/.local/lib/python3.8/site-packages/airflow/example_dags/example_task_group.py
[2025-10-14T14:44:58.871+0000] {logging_mixin.py:188} INFO - [2025-10-14T14:44:58.871+0000] {override.py:1769} INFO - Created Permission View: can edit on DAG:example_task_group
[2025-10-14T14:44:58.880+0000] {logging_mixin.py:188} INFO - [2025-10-14T14:44:58.880+0000] {override.py:1769} INFO - Created Permission View: can delete on DAG:example_task_group
[2025-10-14T14:44:58.888+0000] {logging_mixin.py:188} INFO - [2025-10-14T14:44:58.887+0000] {override.py:1769} INFO - Created Permission View: can read on DAG:example_task_group
[2025-10-14T14:44:58.888+0000] {logging_mixin.py:188} INFO - [2025-10-14T14:44:58.888+0000] {dag.py:3047} INFO - Sync 1 DAGs
[2025-10-14T14:44:58.900+0000] {logging_mixin.py:188} INFO - [2025-10-14T14:44:58.900+0000] {dag.py:3069} INFO - Creating ORM DAG for example_task_group
[2025-10-14T14:44:58.909+0000] {logging_mixin.py:188} INFO - [2025-10-14T14:44:58.909+0000] {dag.py:3834} INFO - Setting next_dagrun for example_task_group to 2025-10-13 00:00:00+00:00, run_after=2025-10-14 00:00:00+00:00
[2025-10-14T14:44:58.924+0000] {processor.py:183} INFO - Processing /home/airflow/.local/lib/python3.8/site-packages/airflow/example_dags/example_task_group.py took 0.159 seconds
[2025-10-14T14:45:29.764+0000] {processor.py:161} INFO - Started process (PID=170) to work on /home/airflow/.local/lib/python3.8/site-packages/airflow/example_dags/example_task_group.py
[2025-10-14T14:45:29.765+0000] {processor.py:830} INFO - Processing file /home/airflow/.local/lib/python3.8/site-packages/airflow/example_dags/example_task_group.py for tasks to queue
[2025-10-14T14:45:29.766+0000] {logging_mixin.py:188} INFO - [2025-10-14T14:45:29.766+0000] {dagbag.py:540} INFO - Filling up the DagBag from /home/airflow/.local/lib/python3.8/site-packages/airflow/example_dags/example_task_group.py
[2025-10-14T14:45:29.773+0000] {processor.py:840} INFO - DAG(s) 'example_task_group' retrieved from /home/airflow/.local/lib/python3.8/site-packages/airflow/example_dags/example_task_group.py
[2025-10-14T14:45:29.791+0000] {logging_mixin.py:188} INFO - [2025-10-14T14:45:29.791+0000] {dag.py:3047} INFO - Sync 1 DAGs
[2025-10-14T14:45:29.812+0000] {logging_mixin.py:188} INFO - [2025-10-14T14:45:29.811+0000] {dag.py:3834} INFO - Setting next_dagrun for example_task_group to 2025-10-13 00:00:00+00:00, run_after=2025-10-14 00:00:00+00:00
[2025-10-14T14:45:29.829+0000] {processor.py:183} INFO - Processing /home/airflow/.local/lib/python3.8/site-packages/airflow/example_dags/example_task_group.py took 0.068 seconds
[2025-10-14T14:46:00.066+0000] {processor.py:161} INFO - Started process (PID=229) to work on /home/airflow/.local/lib/python3.8/site-packages/airflow/example_dags/example_task_group.py
[2025-10-14T14:46:00.067+0000] {processor.py:830} INFO - Processing file /home/airflow/.local/lib/python3.8/site-packages/airflow/example_dags/example_task_group.py for tasks to queue
[2025-10-14T14:46:00.068+0000] {logging_mixin.py:188} INFO - [2025-10-14T14:46:00.068+0000] {dagbag.py:540} INFO - Filling up the DagBag from /home/airflow/.local/lib/python3.8/site-packages/airflow/example_dags/example_task_group.py
[2025-10-14T14:46:00.075+0000] {processor.py:840} INFO - DAG(s) 'example_task_group' retrieved from /home/airflow/.local/lib/python3.8/site-packages/airflow/example_dags/example_task_group.py
[2025-10-14T14:46:00.095+0000] {logging_mixin.py:188} INFO - [2025-10-14T14:46:00.095+0000] {dag.py:3047} INFO - Sync 1 DAGs
[2025-10-14T14:46:00.117+0000] {logging_mixin.py:188} INFO - [2025-10-14T14:46:00.117+0000] {dag.py:3834} INFO - Setting next_dagrun for example_task_group to 2025-10-13 00:00:00+00:00, run_after=2025-10-14 00:00:00+00:00
[2025-10-14T14:46:00.137+0000] {processor.py:183} INFO - Processing /home/airflow/.local/lib/python3.8/site-packages/airflow/example_dags/example_task_group.py took 0.074 seconds
[2025-10-14T14:47:50.457+0000] {processor.py:161} INFO - Started process (PID=110) to work on /home/airflow/.local/lib/python3.8/site-packages/airflow/example_dags/example_task_group.py
[2025-10-14T14:47:50.458+0000] {processor.py:830} INFO - Processing file /home/airflow/.local/lib/python3.8/site-packages/airflow/example_dags/example_task_group.py for tasks to queue
[2025-10-14T14:47:50.460+0000] {logging_mixin.py:188} INFO - [2025-10-14T14:47:50.460+0000] {dagbag.py:540} INFO - Filling up the DagBag from /home/airflow/.local/lib/python3.8/site-packages/airflow/example_dags/example_task_group.py
[2025-10-14T14:47:50.470+0000] {processor.py:840} INFO - DAG(s) 'example_task_group' retrieved from /home/airflow/.local/lib/python3.8/site-packages/airflow/example_dags/example_task_group.py
[2025-10-14T14:47:50.570+0000] {logging_mixin.py:188} INFO - [2025-10-14T14:47:50.570+0000] {dag.py:3047} INFO - Sync 1 DAGs
[2025-10-14T14:47:50.591+0000] {logging_mixin.py:188} INFO - [2025-10-14T14:47:50.591+0000] {dag.py:3834} INFO - Setting next_dagrun for example_task_group to 2025-10-13 00:00:00+00:00, run_after=2025-10-14 00:00:00+00:00
[2025-10-14T14:47:50.611+0000] {processor.py:183} INFO - Processing /home/airflow/.local/lib/python3.8/site-packages/airflow/example_dags/example_task_group.py took 0.157 seconds
[2025-10-14T14:48:21.430+0000] {processor.py:161} INFO - Started process (PID=175) to work on /home/airflow/.local/lib/python3.8/site-packages/airflow/example_dags/example_task_group.py
[2025-10-14T14:48:21.431+0000] {processor.py:830} INFO - Processing file /home/airflow/.local/lib/python3.8/site-packages/airflow/example_dags/example_task_group.py for tasks to queue
[2025-10-14T14:48:21.433+0000] {logging_mixin.py:188} INFO - [2025-10-14T14:48:21.432+0000] {dagbag.py:540} INFO - Filling up the DagBag from /home/airflow/.local/lib/python3.8/site-packages/airflow/example_dags/example_task_group.py
[2025-10-14T14:48:21.439+0000] {processor.py:840} INFO - DAG(s) 'example_task_group' retrieved from /home/airflow/.local/lib/python3.8/site-packages/airflow/example_dags/example_task_group.py
[2025-10-14T14:48:21.457+0000] {logging_mixin.py:188} INFO - [2025-10-14T14:48:21.457+0000] {dag.py:3047} INFO - Sync 1 DAGs
[2025-10-14T14:48:21.476+0000] {logging_mixin.py:188} INFO - [2025-10-14T14:48:21.476+0000] {dag.py:3834} INFO - Setting next_dagrun for example_task_group to 2025-10-13 00:00:00+00:00, run_after=2025-10-14 00:00:00+00:00
[2025-10-14T14:48:21.493+0000] {processor.py:183} INFO - Processing /home/airflow/.local/lib/python3.8/site-packages/airflow/example_dags/example_task_group.py took 0.065 seconds
[2025-10-14T14:48:51.890+0000] {processor.py:161} INFO - Started process (PID=234) to work on /home/airflow/.local/lib/python3.8/site-packages/airflow/example_dags/example_task_group.py
[2025-10-14T14:48:51.891+0000] {processor.py:830} INFO - Processing file /home/airflow/.local/lib/python3.8/site-packages/airflow/example_dags/example_task_group.py for tasks to queue
[2025-10-14T14:48:51.893+0000] {logging_mixin.py:188} INFO - [2025-10-14T14:48:51.893+0000] {dagbag.py:540} INFO - Filling up the DagBag from /home/airflow/.local/lib/python3.8/site-packages/airflow/example_dags/example_task_group.py
[2025-10-14T14:48:51.901+0000] {processor.py:840} INFO - DAG(s) 'example_task_group' retrieved from /home/airflow/.local/lib/python3.8/site-packages/airflow/example_dags/example_task_group.py
[2025-10-14T14:48:51.920+0000] {logging_mixin.py:188} INFO - [2025-10-14T14:48:51.920+0000] {dag.py:3047} INFO - Sync 1 DAGs
[2025-10-14T14:48:51.943+0000] {logging_mixin.py:188} INFO - [2025-10-14T14:48:51.942+0000] {dag.py:3834} INFO - Setting next_dagrun for example_task_group to 2025-10-13 00:00:00+00:00, run_after=2025-10-14 00:00:00+00:00
[2025-10-14T14:48:51.958+0000] {processor.py:183} INFO - Processing /home/airflow/.local/lib/python3.8/site-packages/airflow/example_dags/example_task_group.py took 0.072 seconds
[2025-10-14T14:49:22.107+0000] {processor.py:161} INFO - Started process (PID=293) to work on /home/airflow/.local/lib/python3.8/site-packages/airflow/example_dags/example_task_group.py
[2025-10-14T14:49:22.108+0000] {processor.py:830} INFO - Processing file /home/airflow/.local/lib/python3.8/site-packages/airflow/example_dags/example_task_group.py for tasks to queue
[2025-10-14T14:49:22.110+0000] {logging_mixin.py:188} INFO - [2025-10-14T14:49:22.110+0000] {dagbag.py:540} INFO - Filling up the DagBag from /home/airflow/.local/lib/python3.8/site-packages/airflow/example_dags/example_task_group.py
[2025-10-14T14:49:22.117+0000] {processor.py:840} INFO - DAG(s) 'example_task_group' retrieved from /home/airflow/.local/lib/python3.8/site-packages/airflow/example_dags/example_task_group.py
[2025-10-14T14:49:22.135+0000] {logging_mixin.py:188} INFO - [2025-10-14T14:49:22.135+0000] {dag.py:3047} INFO - Sync 1 DAGs
[2025-10-14T14:49:22.154+0000] {logging_mixin.py:188} INFO - [2025-10-14T14:49:22.154+0000] {dag.py:3834} INFO - Setting next_dagrun for example_task_group to 2025-10-13 00:00:00+00:00, run_after=2025-10-14 00:00:00+00:00
[2025-10-14T14:49:22.170+0000] {processor.py:183} INFO - Processing /home/airflow/.local/lib/python3.8/site-packages/airflow/example_dags/example_task_group.py took 0.066 seconds
[2025-10-14T14:49:52.354+0000] {processor.py:161} INFO - Started process (PID=352) to work on /home/airflow/.local/lib/python3.8/site-packages/airflow/example_dags/example_task_group.py
[2025-10-14T14:49:52.355+0000] {processor.py:830} INFO - Processing file /home/airflow/.local/lib/python3.8/site-packages/airflow/example_dags/example_task_group.py for tasks to queue
[2025-10-14T14:49:52.357+0000] {logging_mixin.py:188} INFO - [2025-10-14T14:49:52.357+0000] {dagbag.py:540} INFO - Filling up the DagBag from /home/airflow/.local/lib/python3.8/site-packages/airflow/example_dags/example_task_group.py
[2025-10-14T14:49:52.364+0000] {processor.py:840} INFO - DAG(s) 'example_task_group' retrieved from /home/airflow/.local/lib/python3.8/site-packages/airflow/example_dags/example_task_group.py
[2025-10-14T14:49:52.384+0000] {logging_mixin.py:188} INFO - [2025-10-14T14:49:52.384+0000] {dag.py:3047} INFO - Sync 1 DAGs
[2025-10-14T14:49:52.404+0000] {logging_mixin.py:188} INFO - [2025-10-14T14:49:52.404+0000] {dag.py:3834} INFO - Setting next_dagrun for example_task_group to 2025-10-13 00:00:00+00:00, run_after=2025-10-14 00:00:00+00:00
[2025-10-14T14:49:52.421+0000] {processor.py:183} INFO - Processing /home/airflow/.local/lib/python3.8/site-packages/airflow/example_dags/example_task_group.py took 0.069 seconds
[2025-10-14T14:50:22.522+0000] {processor.py:161} INFO - Started process (PID=411) to work on /home/airflow/.local/lib/python3.8/site-packages/airflow/example_dags/example_task_group.py
[2025-10-14T14:50:22.523+0000] {processor.py:830} INFO - Processing file /home/airflow/.local/lib/python3.8/site-packages/airflow/example_dags/example_task_group.py for tasks to queue
[2025-10-14T14:50:22.525+0000] {logging_mixin.py:188} INFO - [2025-10-14T14:50:22.524+0000] {dagbag.py:540} INFO - Filling up the DagBag from /home/airflow/.local/lib/python3.8/site-packages/airflow/example_dags/example_task_group.py
[2025-10-14T14:50:22.531+0000] {processor.py:840} INFO - DAG(s) 'example_task_group' retrieved from /home/airflow/.local/lib/python3.8/site-packages/airflow/example_dags/example_task_group.py
[2025-10-14T14:50:22.551+0000] {logging_mixin.py:188} INFO - [2025-10-14T14:50:22.551+0000] {dag.py:3047} INFO - Sync 1 DAGs
[2025-10-14T14:50:22.571+0000] {logging_mixin.py:188} INFO - [2025-10-14T14:50:22.571+0000] {dag.py:3834} INFO - Setting next_dagrun for example_task_group to 2025-10-13 00:00:00+00:00, run_after=2025-10-14 00:00:00+00:00
[2025-10-14T14:50:22.588+0000] {processor.py:183} INFO - Processing /home/airflow/.local/lib/python3.8/site-packages/airflow/example_dags/example_task_group.py took 0.069 seconds
[2025-10-14T14:50:52.723+0000] {processor.py:161} INFO - Started process (PID=470) to work on /home/airflow/.local/lib/python3.8/site-packages/airflow/example_dags/example_task_group.py
[2025-10-14T14:50:52.724+0000] {processor.py:830} INFO - Processing file /home/airflow/.local/lib/python3.8/site-packages/airflow/example_dags/example_task_group.py for tasks to queue
[2025-10-14T14:50:52.725+0000] {logging_mixin.py:188} INFO - [2025-10-14T14:50:52.725+0000] {dagbag.py:540} INFO - Filling up the DagBag from /home/airflow/.local/lib/python3.8/site-packages/airflow/example_dags/example_task_group.py
[2025-10-14T14:50:52.732+0000] {processor.py:840} INFO - DAG(s) 'example_task_group' retrieved from /home/airflow/.local/lib/python3.8/site-packages/airflow/example_dags/example_task_group.py
[2025-10-14T14:50:52.750+0000] {logging_mixin.py:188} INFO - [2025-10-14T14:50:52.750+0000] {dag.py:3047} INFO - Sync 1 DAGs
[2025-10-14T14:50:52.770+0000] {logging_mixin.py:188} INFO - [2025-10-14T14:50:52.769+0000] {dag.py:3834} INFO - Setting next_dagrun for example_task_group to 2025-10-13 00:00:00+00:00, run_after=2025-10-14 00:00:00+00:00
[2025-10-14T14:50:52.786+0000] {processor.py:183} INFO - Processing /home/airflow/.local/lib/python3.8/site-packages/airflow/example_dags/example_task_group.py took 0.066 seconds
[2025-10-14T14:51:23.876+0000] {processor.py:161} INFO - Started process (PID=530) to work on /home/airflow/.local/lib/python3.8/site-packages/airflow/example_dags/example_task_group.py
[2025-10-14T14:51:23.877+0000] {processor.py:830} INFO - Processing file /home/airflow/.local/lib/python3.8/site-packages/airflow/example_dags/example_task_group.py for tasks to queue
[2025-10-14T14:51:23.879+0000] {logging_mixin.py:188} INFO - [2025-10-14T14:51:23.878+0000] {dagbag.py:540} INFO - Filling up the DagBag from /home/airflow/.local/lib/python3.8/site-packages/airflow/example_dags/example_task_group.py
[2025-10-14T14:51:23.885+0000] {processor.py:840} INFO - DAG(s) 'example_task_group' retrieved from /home/airflow/.local/lib/python3.8/site-packages/airflow/example_dags/example_task_group.py
[2025-10-14T14:51:23.904+0000] {logging_mixin.py:188} INFO - [2025-10-14T14:51:23.904+0000] {dag.py:3047} INFO - Sync 1 DAGs
[2025-10-14T14:51:23.923+0000] {logging_mixin.py:188} INFO - [2025-10-14T14:51:23.923+0000] {dag.py:3834} INFO - Setting next_dagrun for example_task_group to 2025-10-13 00:00:00+00:00, run_after=2025-10-14 00:00:00+00:00
[2025-10-14T14:51:23.939+0000] {processor.py:183} INFO - Processing /home/airflow/.local/lib/python3.8/site-packages/airflow/example_dags/example_task_group.py took 0.066 seconds
[2025-10-14T14:51:54.170+0000] {processor.py:161} INFO - Started process (PID=589) to work on /home/airflow/.local/lib/python3.8/site-packages/airflow/example_dags/example_task_group.py
[2025-10-14T14:51:54.171+0000] {processor.py:830} INFO - Processing file /home/airflow/.local/lib/python3.8/site-packages/airflow/example_dags/example_task_group.py for tasks to queue
[2025-10-14T14:51:54.173+0000] {logging_mixin.py:188} INFO - [2025-10-14T14:51:54.172+0000] {dagbag.py:540} INFO - Filling up the DagBag from /home/airflow/.local/lib/python3.8/site-packages/airflow/example_dags/example_task_group.py
[2025-10-14T14:51:54.179+0000] {processor.py:840} INFO - DAG(s) 'example_task_group' retrieved from /home/airflow/.local/lib/python3.8/site-packages/airflow/example_dags/example_task_group.py
[2025-10-14T14:51:54.199+0000] {logging_mixin.py:188} INFO - [2025-10-14T14:51:54.198+0000] {dag.py:3047} INFO - Sync 1 DAGs
[2025-10-14T14:51:54.218+0000] {logging_mixin.py:188} INFO - [2025-10-14T14:51:54.217+0000] {dag.py:3834} INFO - Setting next_dagrun for example_task_group to 2025-10-13 00:00:00+00:00, run_after=2025-10-14 00:00:00+00:00
[2025-10-14T14:51:54.233+0000] {processor.py:183} INFO - Processing /home/airflow/.local/lib/python3.8/site-packages/airflow/example_dags/example_task_group.py took 0.067 seconds
[2025-10-14T14:52:25.244+0000] {processor.py:161} INFO - Started process (PID=648) to work on /home/airflow/.local/lib/python3.8/site-packages/airflow/example_dags/example_task_group.py
[2025-10-14T14:52:25.245+0000] {processor.py:830} INFO - Processing file /home/airflow/.local/lib/python3.8/site-packages/airflow/example_dags/example_task_group.py for tasks to queue
[2025-10-14T14:52:25.247+0000] {logging_mixin.py:188} INFO - [2025-10-14T14:52:25.247+0000] {dagbag.py:540} INFO - Filling up the DagBag from /home/airflow/.local/lib/python3.8/site-packages/airflow/example_dags/example_task_group.py
[2025-10-14T14:52:25.254+0000] {processor.py:840} INFO - DAG(s) 'example_task_group' retrieved from /home/airflow/.local/lib/python3.8/site-packages/airflow/example_dags/example_task_group.py
[2025-10-14T14:52:25.274+0000] {logging_mixin.py:188} INFO - [2025-10-14T14:52:25.274+0000] {dag.py:3047} INFO - Sync 1 DAGs
[2025-10-14T14:52:25.294+0000] {logging_mixin.py:188} INFO - [2025-10-14T14:52:25.294+0000] {dag.py:3834} INFO - Setting next_dagrun for example_task_group to 2025-10-13 00:00:00+00:00, run_after=2025-10-14 00:00:00+00:00
[2025-10-14T14:52:25.313+0000] {processor.py:183} INFO - Processing /home/airflow/.local/lib/python3.8/site-packages/airflow/example_dags/example_task_group.py took 0.072 seconds
[2025-10-14T14:52:56.176+0000] {processor.py:161} INFO - Started process (PID=707) to work on /home/airflow/.local/lib/python3.8/site-packages/airflow/example_dags/example_task_group.py
[2025-10-14T14:52:56.177+0000] {processor.py:830} INFO - Processing file /home/airflow/.local/lib/python3.8/site-packages/airflow/example_dags/example_task_group.py for tasks to queue
[2025-10-14T14:52:56.179+0000] {logging_mixin.py:188} INFO - [2025-10-14T14:52:56.179+0000] {dagbag.py:540} INFO - Filling up the DagBag from /home/airflow/.local/lib/python3.8/site-packages/airflow/example_dags/example_task_group.py
[2025-10-14T14:52:56.187+0000] {processor.py:840} INFO - DAG(s) 'example_task_group' retrieved from /home/airflow/.local/lib/python3.8/site-packages/airflow/example_dags/example_task_group.py
[2025-10-14T14:52:56.207+0000] {logging_mixin.py:188} INFO - [2025-10-14T14:52:56.207+0000] {dag.py:3047} INFO - Sync 1 DAGs
[2025-10-14T14:52:56.227+0000] {logging_mixin.py:188} INFO - [2025-10-14T14:52:56.227+0000] {dag.py:3834} INFO - Setting next_dagrun for example_task_group to 2025-10-13 00:00:00+00:00, run_after=2025-10-14 00:00:00+00:00
[2025-10-14T14:52:56.244+0000] {processor.py:183} INFO - Processing /home/airflow/.local/lib/python3.8/site-packages/airflow/example_dags/example_task_group.py took 0.071 seconds
[2025-10-14T14:53:26.331+0000] {processor.py:161} INFO - Started process (PID=764) to work on /home/airflow/.local/lib/python3.8/site-packages/airflow/example_dags/example_task_group.py
[2025-10-14T14:53:26.332+0000] {processor.py:830} INFO - Processing file /home/airflow/.local/lib/python3.8/site-packages/airflow/example_dags/example_task_group.py for tasks to queue
[2025-10-14T14:53:26.334+0000] {logging_mixin.py:188} INFO - [2025-10-14T14:53:26.334+0000] {dagbag.py:540} INFO - Filling up the DagBag from /home/airflow/.local/lib/python3.8/site-packages/airflow/example_dags/example_task_group.py
[2025-10-14T14:53:26.340+0000] {processor.py:840} INFO - DAG(s) 'example_task_group' retrieved from /home/airflow/.local/lib/python3.8/site-packages/airflow/example_dags/example_task_group.py
[2025-10-14T14:53:26.360+0000] {logging_mixin.py:188} INFO - [2025-10-14T14:53:26.360+0000] {dag.py:3047} INFO - Sync 1 DAGs
[2025-10-14T14:53:26.379+0000] {logging_mixin.py:188} INFO - [2025-10-14T14:53:26.378+0000] {dag.py:3834} INFO - Setting next_dagrun for example_task_group to 2025-10-13 00:00:00+00:00, run_after=2025-10-14 00:00:00+00:00
[2025-10-14T14:53:26.394+0000] {processor.py:183} INFO - Processing /home/airflow/.local/lib/python3.8/site-packages/airflow/example_dags/example_task_group.py took 0.066 seconds
[2025-10-14T14:53:56.494+0000] {processor.py:161} INFO - Started process (PID=823) to work on /home/airflow/.local/lib/python3.8/site-packages/airflow/example_dags/example_task_group.py
[2025-10-14T14:53:56.495+0000] {processor.py:830} INFO - Processing file /home/airflow/.local/lib/python3.8/site-packages/airflow/example_dags/example_task_group.py for tasks to queue
[2025-10-14T14:53:56.497+0000] {logging_mixin.py:188} INFO - [2025-10-14T14:53:56.497+0000] {dagbag.py:540} INFO - Filling up the DagBag from /home/airflow/.local/lib/python3.8/site-packages/airflow/example_dags/example_task_group.py
[2025-10-14T14:53:56.503+0000] {processor.py:840} INFO - DAG(s) 'example_task_group' retrieved from /home/airflow/.local/lib/python3.8/site-packages/airflow/example_dags/example_task_group.py
[2025-10-14T14:53:56.522+0000] {logging_mixin.py:188} INFO - [2025-10-14T14:53:56.522+0000] {dag.py:3047} INFO - Sync 1 DAGs
[2025-10-14T14:53:56.541+0000] {logging_mixin.py:188} INFO - [2025-10-14T14:53:56.540+0000] {dag.py:3834} INFO - Setting next_dagrun for example_task_group to 2025-10-13 00:00:00+00:00, run_after=2025-10-14 00:00:00+00:00
[2025-10-14T14:53:56.556+0000] {processor.py:183} INFO - Processing /home/airflow/.local/lib/python3.8/site-packages/airflow/example_dags/example_task_group.py took 0.065 seconds
[2025-10-14T14:54:26.710+0000] {processor.py:161} INFO - Started process (PID=882) to work on /home/airflow/.local/lib/python3.8/site-packages/airflow/example_dags/example_task_group.py
[2025-10-14T14:54:26.711+0000] {processor.py:830} INFO - Processing file /home/airflow/.local/lib/python3.8/site-packages/airflow/example_dags/example_task_group.py for tasks to queue
[2025-10-14T14:54:26.712+0000] {logging_mixin.py:188} INFO - [2025-10-14T14:54:26.712+0000] {dagbag.py:540} INFO - Filling up the DagBag from /home/airflow/.local/lib/python3.8/site-packages/airflow/example_dags/example_task_group.py
[2025-10-14T14:54:26.719+0000] {processor.py:840} INFO - DAG(s) 'example_task_group' retrieved from /home/airflow/.local/lib/python3.8/site-packages/airflow/example_dags/example_task_group.py
[2025-10-14T14:54:26.737+0000] {logging_mixin.py:188} INFO - [2025-10-14T14:54:26.736+0000] {dag.py:3047} INFO - Sync 1 DAGs
[2025-10-14T14:54:26.756+0000] {logging_mixin.py:188} INFO - [2025-10-14T14:54:26.756+0000] {dag.py:3834} INFO - Setting next_dagrun for example_task_group to 2025-10-13 00:00:00+00:00, run_after=2025-10-14 00:00:00+00:00
[2025-10-14T14:54:26.774+0000] {processor.py:183} INFO - Processing /home/airflow/.local/lib/python3.8/site-packages/airflow/example_dags/example_task_group.py took 0.067 seconds
[2025-10-14T14:54:56.861+0000] {processor.py:161} INFO - Started process (PID=941) to work on /home/airflow/.local/lib/python3.8/site-packages/airflow/example_dags/example_task_group.py
[2025-10-14T14:54:56.863+0000] {processor.py:830} INFO - Processing file /home/airflow/.local/lib/python3.8/site-packages/airflow/example_dags/example_task_group.py for tasks to queue
[2025-10-14T14:54:56.865+0000] {logging_mixin.py:188} INFO - [2025-10-14T14:54:56.864+0000] {dagbag.py:540} INFO - Filling up the DagBag from /home/airflow/.local/lib/python3.8/site-packages/airflow/example_dags/example_task_group.py
[2025-10-14T14:54:56.876+0000] {processor.py:840} INFO - DAG(s) 'example_task_group' retrieved from /home/airflow/.local/lib/python3.8/site-packages/airflow/example_dags/example_task_group.py
[2025-10-14T14:54:56.900+0000] {logging_mixin.py:188} INFO - [2025-10-14T14:54:56.900+0000] {dag.py:3047} INFO - Sync 1 DAGs
[2025-10-14T14:54:56.923+0000] {logging_mixin.py:188} INFO - [2025-10-14T14:54:56.923+0000] {dag.py:3834} INFO - Setting next_dagrun for example_task_group to 2025-10-13 00:00:00+00:00, run_after=2025-10-14 00:00:00+00:00
[2025-10-14T14:54:56.947+0000] {processor.py:183} INFO - Processing /home/airflow/.local/lib/python3.8/site-packages/airflow/example_dags/example_task_group.py took 0.089 seconds
[2025-10-14T14:55:27.208+0000] {processor.py:161} INFO - Started process (PID=1000) to work on /home/airflow/.local/lib/python3.8/site-packages/airflow/example_dags/example_task_group.py
[2025-10-14T14:55:27.210+0000] {processor.py:830} INFO - Processing file /home/airflow/.local/lib/python3.8/site-packages/airflow/example_dags/example_task_group.py for tasks to queue
[2025-10-14T14:55:27.213+0000] {logging_mixin.py:188} INFO - [2025-10-14T14:55:27.213+0000] {dagbag.py:540} INFO - Filling up the DagBag from /home/airflow/.local/lib/python3.8/site-packages/airflow/example_dags/example_task_group.py
[2025-10-14T14:55:27.221+0000] {processor.py:840} INFO - DAG(s) 'example_task_group' retrieved from /home/airflow/.local/lib/python3.8/site-packages/airflow/example_dags/example_task_group.py
[2025-10-14T14:55:27.240+0000] {logging_mixin.py:188} INFO - [2025-10-14T14:55:27.240+0000] {dag.py:3047} INFO - Sync 1 DAGs
[2025-10-14T14:55:27.261+0000] {logging_mixin.py:188} INFO - [2025-10-14T14:55:27.261+0000] {dag.py:3834} INFO - Setting next_dagrun for example_task_group to 2025-10-13 00:00:00+00:00, run_after=2025-10-14 00:00:00+00:00
[2025-10-14T14:55:27.281+0000] {processor.py:183} INFO - Processing /home/airflow/.local/lib/python3.8/site-packages/airflow/example_dags/example_task_group.py took 0.076 seconds
