[2025-10-14T14:45:00.018+0000] {processor.py:161} INFO - Started process (PID=123) to work on /home/airflow/.local/lib/python3.8/site-packages/airflow/example_dags/example_time_delta_sensor_async.py
[2025-10-14T14:45:00.019+0000] {processor.py:830} INFO - Processing file /home/airflow/.local/lib/python3.8/site-packages/airflow/example_dags/example_time_delta_sensor_async.py for tasks to queue
[2025-10-14T14:45:00.021+0000] {logging_mixin.py:188} INFO - [2025-10-14T14:45:00.020+0000] {dagbag.py:540} INFO - Filling up the DagBag from /home/airflow/.local/lib/python3.8/site-packages/airflow/example_dags/example_time_delta_sensor_async.py
[2025-10-14T14:45:00.025+0000] {processor.py:840} INFO - DAG(s) 'example_time_delta_sensor_async' retrieved from /home/airflow/.local/lib/python3.8/site-packages/airflow/example_dags/example_time_delta_sensor_async.py
[2025-10-14T14:45:00.144+0000] {logging_mixin.py:188} INFO - [2025-10-14T14:45:00.144+0000] {override.py:1769} INFO - Created Permission View: can edit on DAG:example_time_delta_sensor_async
[2025-10-14T14:45:00.163+0000] {logging_mixin.py:188} INFO - [2025-10-14T14:45:00.162+0000] {override.py:1769} INFO - Created Permission View: can delete on DAG:example_time_delta_sensor_async
[2025-10-14T14:45:00.171+0000] {logging_mixin.py:188} INFO - [2025-10-14T14:45:00.171+0000] {override.py:1769} INFO - Created Permission View: can read on DAG:example_time_delta_sensor_async
[2025-10-14T14:45:00.174+0000] {logging_mixin.py:188} INFO - [2025-10-14T14:45:00.173+0000] {dag.py:3047} INFO - Sync 1 DAGs
[2025-10-14T14:45:00.185+0000] {logging_mixin.py:188} INFO - [2025-10-14T14:45:00.185+0000] {dag.py:3069} INFO - Creating ORM DAG for example_time_delta_sensor_async
[2025-10-14T14:45:00.186+0000] {logging_mixin.py:188} INFO - [2025-10-14T14:45:00.186+0000] {dag.py:3834} INFO - Setting next_dagrun for example_time_delta_sensor_async to None, run_after=None
[2025-10-14T14:45:00.201+0000] {processor.py:183} INFO - Processing /home/airflow/.local/lib/python3.8/site-packages/airflow/example_dags/example_time_delta_sensor_async.py took 0.186 seconds
[2025-10-14T14:45:30.622+0000] {processor.py:161} INFO - Started process (PID=182) to work on /home/airflow/.local/lib/python3.8/site-packages/airflow/example_dags/example_time_delta_sensor_async.py
[2025-10-14T14:45:30.623+0000] {processor.py:830} INFO - Processing file /home/airflow/.local/lib/python3.8/site-packages/airflow/example_dags/example_time_delta_sensor_async.py for tasks to queue
[2025-10-14T14:45:30.624+0000] {logging_mixin.py:188} INFO - [2025-10-14T14:45:30.624+0000] {dagbag.py:540} INFO - Filling up the DagBag from /home/airflow/.local/lib/python3.8/site-packages/airflow/example_dags/example_time_delta_sensor_async.py
[2025-10-14T14:45:30.628+0000] {processor.py:840} INFO - DAG(s) 'example_time_delta_sensor_async' retrieved from /home/airflow/.local/lib/python3.8/site-packages/airflow/example_dags/example_time_delta_sensor_async.py
[2025-10-14T14:45:30.646+0000] {logging_mixin.py:188} INFO - [2025-10-14T14:45:30.646+0000] {dag.py:3047} INFO - Sync 1 DAGs
[2025-10-14T14:45:30.657+0000] {logging_mixin.py:188} INFO - [2025-10-14T14:45:30.657+0000] {dag.py:3834} INFO - Setting next_dagrun for example_time_delta_sensor_async to None, run_after=None
[2025-10-14T14:45:30.673+0000] {processor.py:183} INFO - Processing /home/airflow/.local/lib/python3.8/site-packages/airflow/example_dags/example_time_delta_sensor_async.py took 0.054 seconds
[2025-10-14T14:46:00.887+0000] {processor.py:161} INFO - Started process (PID=241) to work on /home/airflow/.local/lib/python3.8/site-packages/airflow/example_dags/example_time_delta_sensor_async.py
[2025-10-14T14:46:00.888+0000] {processor.py:830} INFO - Processing file /home/airflow/.local/lib/python3.8/site-packages/airflow/example_dags/example_time_delta_sensor_async.py for tasks to queue
[2025-10-14T14:46:00.890+0000] {logging_mixin.py:188} INFO - [2025-10-14T14:46:00.890+0000] {dagbag.py:540} INFO - Filling up the DagBag from /home/airflow/.local/lib/python3.8/site-packages/airflow/example_dags/example_time_delta_sensor_async.py
[2025-10-14T14:46:00.894+0000] {processor.py:840} INFO - DAG(s) 'example_time_delta_sensor_async' retrieved from /home/airflow/.local/lib/python3.8/site-packages/airflow/example_dags/example_time_delta_sensor_async.py
[2025-10-14T14:46:00.911+0000] {logging_mixin.py:188} INFO - [2025-10-14T14:46:00.910+0000] {dag.py:3047} INFO - Sync 1 DAGs
[2025-10-14T14:46:00.922+0000] {logging_mixin.py:188} INFO - [2025-10-14T14:46:00.922+0000] {dag.py:3834} INFO - Setting next_dagrun for example_time_delta_sensor_async to None, run_after=None
[2025-10-14T14:46:00.938+0000] {processor.py:183} INFO - Processing /home/airflow/.local/lib/python3.8/site-packages/airflow/example_dags/example_time_delta_sensor_async.py took 0.054 seconds
[2025-10-14T14:47:51.572+0000] {processor.py:161} INFO - Started process (PID=128) to work on /home/airflow/.local/lib/python3.8/site-packages/airflow/example_dags/example_time_delta_sensor_async.py
[2025-10-14T14:47:51.573+0000] {processor.py:830} INFO - Processing file /home/airflow/.local/lib/python3.8/site-packages/airflow/example_dags/example_time_delta_sensor_async.py for tasks to queue
[2025-10-14T14:47:51.575+0000] {logging_mixin.py:188} INFO - [2025-10-14T14:47:51.575+0000] {dagbag.py:540} INFO - Filling up the DagBag from /home/airflow/.local/lib/python3.8/site-packages/airflow/example_dags/example_time_delta_sensor_async.py
[2025-10-14T14:47:51.580+0000] {processor.py:840} INFO - DAG(s) 'example_time_delta_sensor_async' retrieved from /home/airflow/.local/lib/python3.8/site-packages/airflow/example_dags/example_time_delta_sensor_async.py
[2025-10-14T14:47:51.684+0000] {logging_mixin.py:188} INFO - [2025-10-14T14:47:51.684+0000] {dag.py:3047} INFO - Sync 1 DAGs
[2025-10-14T14:47:51.697+0000] {logging_mixin.py:188} INFO - [2025-10-14T14:47:51.697+0000] {dag.py:3834} INFO - Setting next_dagrun for example_time_delta_sensor_async to None, run_after=None
[2025-10-14T14:47:51.727+0000] {processor.py:183} INFO - Processing /home/airflow/.local/lib/python3.8/site-packages/airflow/example_dags/example_time_delta_sensor_async.py took 0.158 seconds
[2025-10-14T14:48:22.181+0000] {processor.py:161} INFO - Started process (PID=187) to work on /home/airflow/.local/lib/python3.8/site-packages/airflow/example_dags/example_time_delta_sensor_async.py
[2025-10-14T14:48:22.182+0000] {processor.py:830} INFO - Processing file /home/airflow/.local/lib/python3.8/site-packages/airflow/example_dags/example_time_delta_sensor_async.py for tasks to queue
[2025-10-14T14:48:22.184+0000] {logging_mixin.py:188} INFO - [2025-10-14T14:48:22.183+0000] {dagbag.py:540} INFO - Filling up the DagBag from /home/airflow/.local/lib/python3.8/site-packages/airflow/example_dags/example_time_delta_sensor_async.py
[2025-10-14T14:48:22.188+0000] {processor.py:840} INFO - DAG(s) 'example_time_delta_sensor_async' retrieved from /home/airflow/.local/lib/python3.8/site-packages/airflow/example_dags/example_time_delta_sensor_async.py
[2025-10-14T14:48:22.206+0000] {logging_mixin.py:188} INFO - [2025-10-14T14:48:22.206+0000] {dag.py:3047} INFO - Sync 1 DAGs
[2025-10-14T14:48:22.217+0000] {logging_mixin.py:188} INFO - [2025-10-14T14:48:22.217+0000] {dag.py:3834} INFO - Setting next_dagrun for example_time_delta_sensor_async to None, run_after=None
[2025-10-14T14:48:22.237+0000] {processor.py:183} INFO - Processing /home/airflow/.local/lib/python3.8/site-packages/airflow/example_dags/example_time_delta_sensor_async.py took 0.059 seconds
[2025-10-14T14:48:52.578+0000] {processor.py:161} INFO - Started process (PID=246) to work on /home/airflow/.local/lib/python3.8/site-packages/airflow/example_dags/example_time_delta_sensor_async.py
[2025-10-14T14:48:52.579+0000] {processor.py:830} INFO - Processing file /home/airflow/.local/lib/python3.8/site-packages/airflow/example_dags/example_time_delta_sensor_async.py for tasks to queue
[2025-10-14T14:48:52.581+0000] {logging_mixin.py:188} INFO - [2025-10-14T14:48:52.581+0000] {dagbag.py:540} INFO - Filling up the DagBag from /home/airflow/.local/lib/python3.8/site-packages/airflow/example_dags/example_time_delta_sensor_async.py
[2025-10-14T14:48:52.585+0000] {processor.py:840} INFO - DAG(s) 'example_time_delta_sensor_async' retrieved from /home/airflow/.local/lib/python3.8/site-packages/airflow/example_dags/example_time_delta_sensor_async.py
[2025-10-14T14:48:52.602+0000] {logging_mixin.py:188} INFO - [2025-10-14T14:48:52.602+0000] {dag.py:3047} INFO - Sync 1 DAGs
[2025-10-14T14:48:52.613+0000] {logging_mixin.py:188} INFO - [2025-10-14T14:48:52.613+0000] {dag.py:3834} INFO - Setting next_dagrun for example_time_delta_sensor_async to None, run_after=None
[2025-10-14T14:48:52.629+0000] {processor.py:183} INFO - Processing /home/airflow/.local/lib/python3.8/site-packages/airflow/example_dags/example_time_delta_sensor_async.py took 0.054 seconds
[2025-10-14T14:49:22.834+0000] {processor.py:161} INFO - Started process (PID=305) to work on /home/airflow/.local/lib/python3.8/site-packages/airflow/example_dags/example_time_delta_sensor_async.py
[2025-10-14T14:49:22.835+0000] {processor.py:830} INFO - Processing file /home/airflow/.local/lib/python3.8/site-packages/airflow/example_dags/example_time_delta_sensor_async.py for tasks to queue
[2025-10-14T14:49:22.837+0000] {logging_mixin.py:188} INFO - [2025-10-14T14:49:22.837+0000] {dagbag.py:540} INFO - Filling up the DagBag from /home/airflow/.local/lib/python3.8/site-packages/airflow/example_dags/example_time_delta_sensor_async.py
[2025-10-14T14:49:22.842+0000] {processor.py:840} INFO - DAG(s) 'example_time_delta_sensor_async' retrieved from /home/airflow/.local/lib/python3.8/site-packages/airflow/example_dags/example_time_delta_sensor_async.py
[2025-10-14T14:49:22.859+0000] {logging_mixin.py:188} INFO - [2025-10-14T14:49:22.859+0000] {dag.py:3047} INFO - Sync 1 DAGs
[2025-10-14T14:49:22.870+0000] {logging_mixin.py:188} INFO - [2025-10-14T14:49:22.870+0000] {dag.py:3834} INFO - Setting next_dagrun for example_time_delta_sensor_async to None, run_after=None
[2025-10-14T14:49:22.885+0000] {processor.py:183} INFO - Processing /home/airflow/.local/lib/python3.8/site-packages/airflow/example_dags/example_time_delta_sensor_async.py took 0.054 seconds
[2025-10-14T14:49:53.237+0000] {processor.py:161} INFO - Started process (PID=364) to work on /home/airflow/.local/lib/python3.8/site-packages/airflow/example_dags/example_time_delta_sensor_async.py
[2025-10-14T14:49:53.238+0000] {processor.py:830} INFO - Processing file /home/airflow/.local/lib/python3.8/site-packages/airflow/example_dags/example_time_delta_sensor_async.py for tasks to queue
[2025-10-14T14:49:53.240+0000] {logging_mixin.py:188} INFO - [2025-10-14T14:49:53.240+0000] {dagbag.py:540} INFO - Filling up the DagBag from /home/airflow/.local/lib/python3.8/site-packages/airflow/example_dags/example_time_delta_sensor_async.py
[2025-10-14T14:49:53.245+0000] {processor.py:840} INFO - DAG(s) 'example_time_delta_sensor_async' retrieved from /home/airflow/.local/lib/python3.8/site-packages/airflow/example_dags/example_time_delta_sensor_async.py
[2025-10-14T14:49:53.264+0000] {logging_mixin.py:188} INFO - [2025-10-14T14:49:53.264+0000] {dag.py:3047} INFO - Sync 1 DAGs
[2025-10-14T14:49:53.277+0000] {logging_mixin.py:188} INFO - [2025-10-14T14:49:53.277+0000] {dag.py:3834} INFO - Setting next_dagrun for example_time_delta_sensor_async to None, run_after=None
[2025-10-14T14:49:53.296+0000] {processor.py:183} INFO - Processing /home/airflow/.local/lib/python3.8/site-packages/airflow/example_dags/example_time_delta_sensor_async.py took 0.062 seconds
[2025-10-14T14:50:23.561+0000] {processor.py:161} INFO - Started process (PID=423) to work on /home/airflow/.local/lib/python3.8/site-packages/airflow/example_dags/example_time_delta_sensor_async.py
[2025-10-14T14:50:23.562+0000] {processor.py:830} INFO - Processing file /home/airflow/.local/lib/python3.8/site-packages/airflow/example_dags/example_time_delta_sensor_async.py for tasks to queue
[2025-10-14T14:50:23.564+0000] {logging_mixin.py:188} INFO - [2025-10-14T14:50:23.564+0000] {dagbag.py:540} INFO - Filling up the DagBag from /home/airflow/.local/lib/python3.8/site-packages/airflow/example_dags/example_time_delta_sensor_async.py
[2025-10-14T14:50:23.573+0000] {processor.py:840} INFO - DAG(s) 'example_time_delta_sensor_async' retrieved from /home/airflow/.local/lib/python3.8/site-packages/airflow/example_dags/example_time_delta_sensor_async.py
[2025-10-14T14:50:23.593+0000] {logging_mixin.py:188} INFO - [2025-10-14T14:50:23.593+0000] {dag.py:3047} INFO - Sync 1 DAGs
[2025-10-14T14:50:23.612+0000] {logging_mixin.py:188} INFO - [2025-10-14T14:50:23.611+0000] {dag.py:3834} INFO - Setting next_dagrun for example_time_delta_sensor_async to None, run_after=None
[2025-10-14T14:50:23.633+0000] {processor.py:183} INFO - Processing /home/airflow/.local/lib/python3.8/site-packages/airflow/example_dags/example_time_delta_sensor_async.py took 0.075 seconds
[2025-10-14T14:50:54.427+0000] {processor.py:161} INFO - Started process (PID=482) to work on /home/airflow/.local/lib/python3.8/site-packages/airflow/example_dags/example_time_delta_sensor_async.py
[2025-10-14T14:50:54.428+0000] {processor.py:830} INFO - Processing file /home/airflow/.local/lib/python3.8/site-packages/airflow/example_dags/example_time_delta_sensor_async.py for tasks to queue
[2025-10-14T14:50:54.430+0000] {logging_mixin.py:188} INFO - [2025-10-14T14:50:54.430+0000] {dagbag.py:540} INFO - Filling up the DagBag from /home/airflow/.local/lib/python3.8/site-packages/airflow/example_dags/example_time_delta_sensor_async.py
[2025-10-14T14:50:54.434+0000] {processor.py:840} INFO - DAG(s) 'example_time_delta_sensor_async' retrieved from /home/airflow/.local/lib/python3.8/site-packages/airflow/example_dags/example_time_delta_sensor_async.py
[2025-10-14T14:50:54.453+0000] {logging_mixin.py:188} INFO - [2025-10-14T14:50:54.453+0000] {dag.py:3047} INFO - Sync 1 DAGs
[2025-10-14T14:50:54.470+0000] {logging_mixin.py:188} INFO - [2025-10-14T14:50:54.469+0000] {dag.py:3834} INFO - Setting next_dagrun for example_time_delta_sensor_async to None, run_after=None
[2025-10-14T14:50:54.487+0000] {processor.py:183} INFO - Processing /home/airflow/.local/lib/python3.8/site-packages/airflow/example_dags/example_time_delta_sensor_async.py took 0.062 seconds
[2025-10-14T14:51:24.627+0000] {processor.py:161} INFO - Started process (PID=542) to work on /home/airflow/.local/lib/python3.8/site-packages/airflow/example_dags/example_time_delta_sensor_async.py
[2025-10-14T14:51:24.628+0000] {processor.py:830} INFO - Processing file /home/airflow/.local/lib/python3.8/site-packages/airflow/example_dags/example_time_delta_sensor_async.py for tasks to queue
[2025-10-14T14:51:24.630+0000] {logging_mixin.py:188} INFO - [2025-10-14T14:51:24.630+0000] {dagbag.py:540} INFO - Filling up the DagBag from /home/airflow/.local/lib/python3.8/site-packages/airflow/example_dags/example_time_delta_sensor_async.py
[2025-10-14T14:51:24.634+0000] {processor.py:840} INFO - DAG(s) 'example_time_delta_sensor_async' retrieved from /home/airflow/.local/lib/python3.8/site-packages/airflow/example_dags/example_time_delta_sensor_async.py
[2025-10-14T14:51:24.651+0000] {logging_mixin.py:188} INFO - [2025-10-14T14:51:24.651+0000] {dag.py:3047} INFO - Sync 1 DAGs
[2025-10-14T14:51:24.662+0000] {logging_mixin.py:188} INFO - [2025-10-14T14:51:24.662+0000] {dag.py:3834} INFO - Setting next_dagrun for example_time_delta_sensor_async to None, run_after=None
[2025-10-14T14:51:24.678+0000] {processor.py:183} INFO - Processing /home/airflow/.local/lib/python3.8/site-packages/airflow/example_dags/example_time_delta_sensor_async.py took 0.053 seconds
[2025-10-14T14:51:54.906+0000] {processor.py:161} INFO - Started process (PID=601) to work on /home/airflow/.local/lib/python3.8/site-packages/airflow/example_dags/example_time_delta_sensor_async.py
[2025-10-14T14:51:54.907+0000] {processor.py:830} INFO - Processing file /home/airflow/.local/lib/python3.8/site-packages/airflow/example_dags/example_time_delta_sensor_async.py for tasks to queue
[2025-10-14T14:51:54.909+0000] {logging_mixin.py:188} INFO - [2025-10-14T14:51:54.909+0000] {dagbag.py:540} INFO - Filling up the DagBag from /home/airflow/.local/lib/python3.8/site-packages/airflow/example_dags/example_time_delta_sensor_async.py
[2025-10-14T14:51:54.913+0000] {processor.py:840} INFO - DAG(s) 'example_time_delta_sensor_async' retrieved from /home/airflow/.local/lib/python3.8/site-packages/airflow/example_dags/example_time_delta_sensor_async.py
[2025-10-14T14:51:54.931+0000] {logging_mixin.py:188} INFO - [2025-10-14T14:51:54.931+0000] {dag.py:3047} INFO - Sync 1 DAGs
[2025-10-14T14:51:54.943+0000] {logging_mixin.py:188} INFO - [2025-10-14T14:51:54.942+0000] {dag.py:3834} INFO - Setting next_dagrun for example_time_delta_sensor_async to None, run_after=None
[2025-10-14T14:51:54.959+0000] {processor.py:183} INFO - Processing /home/airflow/.local/lib/python3.8/site-packages/airflow/example_dags/example_time_delta_sensor_async.py took 0.056 seconds
[2025-10-14T14:52:25.929+0000] {processor.py:161} INFO - Started process (PID=660) to work on /home/airflow/.local/lib/python3.8/site-packages/airflow/example_dags/example_time_delta_sensor_async.py
[2025-10-14T14:52:25.930+0000] {processor.py:830} INFO - Processing file /home/airflow/.local/lib/python3.8/site-packages/airflow/example_dags/example_time_delta_sensor_async.py for tasks to queue
[2025-10-14T14:52:25.932+0000] {logging_mixin.py:188} INFO - [2025-10-14T14:52:25.932+0000] {dagbag.py:540} INFO - Filling up the DagBag from /home/airflow/.local/lib/python3.8/site-packages/airflow/example_dags/example_time_delta_sensor_async.py
[2025-10-14T14:52:25.936+0000] {processor.py:840} INFO - DAG(s) 'example_time_delta_sensor_async' retrieved from /home/airflow/.local/lib/python3.8/site-packages/airflow/example_dags/example_time_delta_sensor_async.py
[2025-10-14T14:52:25.953+0000] {logging_mixin.py:188} INFO - [2025-10-14T14:52:25.953+0000] {dag.py:3047} INFO - Sync 1 DAGs
[2025-10-14T14:52:25.964+0000] {logging_mixin.py:188} INFO - [2025-10-14T14:52:25.964+0000] {dag.py:3834} INFO - Setting next_dagrun for example_time_delta_sensor_async to None, run_after=None
[2025-10-14T14:52:25.981+0000] {processor.py:183} INFO - Processing /home/airflow/.local/lib/python3.8/site-packages/airflow/example_dags/example_time_delta_sensor_async.py took 0.055 seconds
[2025-10-14T14:52:56.874+0000] {processor.py:161} INFO - Started process (PID=719) to work on /home/airflow/.local/lib/python3.8/site-packages/airflow/example_dags/example_time_delta_sensor_async.py
[2025-10-14T14:52:56.875+0000] {processor.py:830} INFO - Processing file /home/airflow/.local/lib/python3.8/site-packages/airflow/example_dags/example_time_delta_sensor_async.py for tasks to queue
[2025-10-14T14:52:56.877+0000] {logging_mixin.py:188} INFO - [2025-10-14T14:52:56.877+0000] {dagbag.py:540} INFO - Filling up the DagBag from /home/airflow/.local/lib/python3.8/site-packages/airflow/example_dags/example_time_delta_sensor_async.py
[2025-10-14T14:52:56.882+0000] {processor.py:840} INFO - DAG(s) 'example_time_delta_sensor_async' retrieved from /home/airflow/.local/lib/python3.8/site-packages/airflow/example_dags/example_time_delta_sensor_async.py
[2025-10-14T14:52:56.901+0000] {logging_mixin.py:188} INFO - [2025-10-14T14:52:56.901+0000] {dag.py:3047} INFO - Sync 1 DAGs
[2025-10-14T14:52:56.913+0000] {logging_mixin.py:188} INFO - [2025-10-14T14:52:56.913+0000] {dag.py:3834} INFO - Setting next_dagrun for example_time_delta_sensor_async to None, run_after=None
[2025-10-14T14:52:56.930+0000] {processor.py:183} INFO - Processing /home/airflow/.local/lib/python3.8/site-packages/airflow/example_dags/example_time_delta_sensor_async.py took 0.059 seconds
[2025-10-14T14:53:27.197+0000] {processor.py:161} INFO - Started process (PID=778) to work on /home/airflow/.local/lib/python3.8/site-packages/airflow/example_dags/example_time_delta_sensor_async.py
[2025-10-14T14:53:27.198+0000] {processor.py:830} INFO - Processing file /home/airflow/.local/lib/python3.8/site-packages/airflow/example_dags/example_time_delta_sensor_async.py for tasks to queue
[2025-10-14T14:53:27.200+0000] {logging_mixin.py:188} INFO - [2025-10-14T14:53:27.200+0000] {dagbag.py:540} INFO - Filling up the DagBag from /home/airflow/.local/lib/python3.8/site-packages/airflow/example_dags/example_time_delta_sensor_async.py
[2025-10-14T14:53:27.204+0000] {processor.py:840} INFO - DAG(s) 'example_time_delta_sensor_async' retrieved from /home/airflow/.local/lib/python3.8/site-packages/airflow/example_dags/example_time_delta_sensor_async.py
[2025-10-14T14:53:27.221+0000] {logging_mixin.py:188} INFO - [2025-10-14T14:53:27.221+0000] {dag.py:3047} INFO - Sync 1 DAGs
[2025-10-14T14:53:27.232+0000] {logging_mixin.py:188} INFO - [2025-10-14T14:53:27.232+0000] {dag.py:3834} INFO - Setting next_dagrun for example_time_delta_sensor_async to None, run_after=None
[2025-10-14T14:53:27.248+0000] {processor.py:183} INFO - Processing /home/airflow/.local/lib/python3.8/site-packages/airflow/example_dags/example_time_delta_sensor_async.py took 0.054 seconds
[2025-10-14T14:53:57.700+0000] {processor.py:161} INFO - Started process (PID=837) to work on /home/airflow/.local/lib/python3.8/site-packages/airflow/example_dags/example_time_delta_sensor_async.py
[2025-10-14T14:53:57.701+0000] {processor.py:830} INFO - Processing file /home/airflow/.local/lib/python3.8/site-packages/airflow/example_dags/example_time_delta_sensor_async.py for tasks to queue
[2025-10-14T14:53:57.702+0000] {logging_mixin.py:188} INFO - [2025-10-14T14:53:57.702+0000] {dagbag.py:540} INFO - Filling up the DagBag from /home/airflow/.local/lib/python3.8/site-packages/airflow/example_dags/example_time_delta_sensor_async.py
[2025-10-14T14:53:57.707+0000] {processor.py:840} INFO - DAG(s) 'example_time_delta_sensor_async' retrieved from /home/airflow/.local/lib/python3.8/site-packages/airflow/example_dags/example_time_delta_sensor_async.py
[2025-10-14T14:53:57.725+0000] {logging_mixin.py:188} INFO - [2025-10-14T14:53:57.725+0000] {dag.py:3047} INFO - Sync 1 DAGs
[2025-10-14T14:53:57.736+0000] {logging_mixin.py:188} INFO - [2025-10-14T14:53:57.736+0000] {dag.py:3834} INFO - Setting next_dagrun for example_time_delta_sensor_async to None, run_after=None
[2025-10-14T14:53:57.753+0000] {processor.py:183} INFO - Processing /home/airflow/.local/lib/python3.8/site-packages/airflow/example_dags/example_time_delta_sensor_async.py took 0.056 seconds
[2025-10-14T14:54:28.620+0000] {processor.py:161} INFO - Started process (PID=896) to work on /home/airflow/.local/lib/python3.8/site-packages/airflow/example_dags/example_time_delta_sensor_async.py
[2025-10-14T14:54:28.621+0000] {processor.py:830} INFO - Processing file /home/airflow/.local/lib/python3.8/site-packages/airflow/example_dags/example_time_delta_sensor_async.py for tasks to queue
[2025-10-14T14:54:28.622+0000] {logging_mixin.py:188} INFO - [2025-10-14T14:54:28.622+0000] {dagbag.py:540} INFO - Filling up the DagBag from /home/airflow/.local/lib/python3.8/site-packages/airflow/example_dags/example_time_delta_sensor_async.py
[2025-10-14T14:54:28.627+0000] {processor.py:840} INFO - DAG(s) 'example_time_delta_sensor_async' retrieved from /home/airflow/.local/lib/python3.8/site-packages/airflow/example_dags/example_time_delta_sensor_async.py
[2025-10-14T14:54:28.649+0000] {logging_mixin.py:188} INFO - [2025-10-14T14:54:28.649+0000] {dag.py:3047} INFO - Sync 1 DAGs
[2025-10-14T14:54:28.662+0000] {logging_mixin.py:188} INFO - [2025-10-14T14:54:28.662+0000] {dag.py:3834} INFO - Setting next_dagrun for example_time_delta_sensor_async to None, run_after=None
[2025-10-14T14:54:28.687+0000] {processor.py:183} INFO - Processing /home/airflow/.local/lib/python3.8/site-packages/airflow/example_dags/example_time_delta_sensor_async.py took 0.071 seconds
[2025-10-14T14:54:59.889+0000] {processor.py:161} INFO - Started process (PID=955) to work on /home/airflow/.local/lib/python3.8/site-packages/airflow/example_dags/example_time_delta_sensor_async.py
[2025-10-14T14:54:59.890+0000] {processor.py:830} INFO - Processing file /home/airflow/.local/lib/python3.8/site-packages/airflow/example_dags/example_time_delta_sensor_async.py for tasks to queue
[2025-10-14T14:54:59.891+0000] {logging_mixin.py:188} INFO - [2025-10-14T14:54:59.891+0000] {dagbag.py:540} INFO - Filling up the DagBag from /home/airflow/.local/lib/python3.8/site-packages/airflow/example_dags/example_time_delta_sensor_async.py
[2025-10-14T14:54:59.896+0000] {processor.py:840} INFO - DAG(s) 'example_time_delta_sensor_async' retrieved from /home/airflow/.local/lib/python3.8/site-packages/airflow/example_dags/example_time_delta_sensor_async.py
[2025-10-14T14:54:59.914+0000] {logging_mixin.py:188} INFO - [2025-10-14T14:54:59.913+0000] {dag.py:3047} INFO - Sync 1 DAGs
[2025-10-14T14:54:59.927+0000] {logging_mixin.py:188} INFO - [2025-10-14T14:54:59.926+0000] {dag.py:3834} INFO - Setting next_dagrun for example_time_delta_sensor_async to None, run_after=None
[2025-10-14T14:54:59.945+0000] {processor.py:183} INFO - Processing /home/airflow/.local/lib/python3.8/site-packages/airflow/example_dags/example_time_delta_sensor_async.py took 0.059 seconds
[2025-10-14T14:55:30.562+0000] {processor.py:161} INFO - Started process (PID=1014) to work on /home/airflow/.local/lib/python3.8/site-packages/airflow/example_dags/example_time_delta_sensor_async.py
[2025-10-14T14:55:30.563+0000] {processor.py:830} INFO - Processing file /home/airflow/.local/lib/python3.8/site-packages/airflow/example_dags/example_time_delta_sensor_async.py for tasks to queue
[2025-10-14T14:55:30.565+0000] {logging_mixin.py:188} INFO - [2025-10-14T14:55:30.564+0000] {dagbag.py:540} INFO - Filling up the DagBag from /home/airflow/.local/lib/python3.8/site-packages/airflow/example_dags/example_time_delta_sensor_async.py
[2025-10-14T14:55:30.569+0000] {processor.py:840} INFO - DAG(s) 'example_time_delta_sensor_async' retrieved from /home/airflow/.local/lib/python3.8/site-packages/airflow/example_dags/example_time_delta_sensor_async.py
[2025-10-14T14:55:30.588+0000] {logging_mixin.py:188} INFO - [2025-10-14T14:55:30.588+0000] {dag.py:3047} INFO - Sync 1 DAGs
[2025-10-14T14:55:30.602+0000] {logging_mixin.py:188} INFO - [2025-10-14T14:55:30.601+0000] {dag.py:3834} INFO - Setting next_dagrun for example_time_delta_sensor_async to None, run_after=None
[2025-10-14T14:55:30.620+0000] {processor.py:183} INFO - Processing /home/airflow/.local/lib/python3.8/site-packages/airflow/example_dags/example_time_delta_sensor_async.py took 0.061 seconds
