[2025-10-14T14:44:56.781+0000] {processor.py:161} INFO - Started process (PID=93) to work on /home/airflow/.local/lib/python3.8/site-packages/airflow/example_dags/example_sensors.py
[2025-10-14T14:44:56.791+0000] {processor.py:830} INFO - Processing file /home/airflow/.local/lib/python3.8/site-packages/airflow/example_dags/example_sensors.py for tasks to queue
[2025-10-14T14:44:56.794+0000] {logging_mixin.py:188} INFO - [2025-10-14T14:44:56.793+0000] {dagbag.py:540} INFO - Filling up the DagBag from /home/airflow/.local/lib/python3.8/site-packages/airflow/example_dags/example_sensors.py
[2025-10-14T14:44:56.819+0000] {processor.py:840} INFO - DAG(s) 'example_sensors' retrieved from /home/airflow/.local/lib/python3.8/site-packages/airflow/example_dags/example_sensors.py
[2025-10-14T14:44:56.963+0000] {logging_mixin.py:188} INFO - [2025-10-14T14:44:56.962+0000] {override.py:1769} INFO - Created Permission View: can edit on DAG:example_sensors
[2025-10-14T14:44:56.975+0000] {logging_mixin.py:188} INFO - [2025-10-14T14:44:56.975+0000] {override.py:1769} INFO - Created Permission View: can delete on DAG:example_sensors
[2025-10-14T14:44:56.983+0000] {logging_mixin.py:188} INFO - [2025-10-14T14:44:56.983+0000] {override.py:1769} INFO - Created Permission View: can read on DAG:example_sensors
[2025-10-14T14:44:56.984+0000] {logging_mixin.py:188} INFO - [2025-10-14T14:44:56.983+0000] {dag.py:3047} INFO - Sync 1 DAGs
[2025-10-14T14:44:56.995+0000] {logging_mixin.py:188} INFO - [2025-10-14T14:44:56.995+0000] {dag.py:3069} INFO - Creating ORM DAG for example_sensors
[2025-10-14T14:44:56.996+0000] {logging_mixin.py:188} INFO - [2025-10-14T14:44:56.996+0000] {dag.py:3834} INFO - Setting next_dagrun for example_sensors to None, run_after=None
[2025-10-14T14:44:57.012+0000] {processor.py:183} INFO - Processing /home/airflow/.local/lib/python3.8/site-packages/airflow/example_dags/example_sensors.py took 0.235 seconds
[2025-10-14T14:45:27.792+0000] {processor.py:161} INFO - Started process (PID=152) to work on /home/airflow/.local/lib/python3.8/site-packages/airflow/example_dags/example_sensors.py
[2025-10-14T14:45:27.793+0000] {processor.py:830} INFO - Processing file /home/airflow/.local/lib/python3.8/site-packages/airflow/example_dags/example_sensors.py for tasks to queue
[2025-10-14T14:45:27.795+0000] {logging_mixin.py:188} INFO - [2025-10-14T14:45:27.795+0000] {dagbag.py:540} INFO - Filling up the DagBag from /home/airflow/.local/lib/python3.8/site-packages/airflow/example_dags/example_sensors.py
[2025-10-14T14:45:27.806+0000] {processor.py:840} INFO - DAG(s) 'example_sensors' retrieved from /home/airflow/.local/lib/python3.8/site-packages/airflow/example_dags/example_sensors.py
[2025-10-14T14:45:27.829+0000] {logging_mixin.py:188} INFO - [2025-10-14T14:45:27.828+0000] {dag.py:3047} INFO - Sync 1 DAGs
[2025-10-14T14:45:27.841+0000] {logging_mixin.py:188} INFO - [2025-10-14T14:45:27.841+0000] {dag.py:3834} INFO - Setting next_dagrun for example_sensors to None, run_after=None
[2025-10-14T14:45:27.856+0000] {processor.py:183} INFO - Processing /home/airflow/.local/lib/python3.8/site-packages/airflow/example_dags/example_sensors.py took 0.068 seconds
[2025-10-14T14:45:58.281+0000] {processor.py:161} INFO - Started process (PID=211) to work on /home/airflow/.local/lib/python3.8/site-packages/airflow/example_dags/example_sensors.py
[2025-10-14T14:45:58.282+0000] {processor.py:830} INFO - Processing file /home/airflow/.local/lib/python3.8/site-packages/airflow/example_dags/example_sensors.py for tasks to queue
[2025-10-14T14:45:58.284+0000] {logging_mixin.py:188} INFO - [2025-10-14T14:45:58.284+0000] {dagbag.py:540} INFO - Filling up the DagBag from /home/airflow/.local/lib/python3.8/site-packages/airflow/example_dags/example_sensors.py
[2025-10-14T14:45:58.293+0000] {processor.py:840} INFO - DAG(s) 'example_sensors' retrieved from /home/airflow/.local/lib/python3.8/site-packages/airflow/example_dags/example_sensors.py
[2025-10-14T14:45:58.314+0000] {logging_mixin.py:188} INFO - [2025-10-14T14:45:58.314+0000] {dag.py:3047} INFO - Sync 1 DAGs
[2025-10-14T14:45:58.325+0000] {logging_mixin.py:188} INFO - [2025-10-14T14:45:58.325+0000] {dag.py:3834} INFO - Setting next_dagrun for example_sensors to None, run_after=None
[2025-10-14T14:45:58.346+0000] {processor.py:183} INFO - Processing /home/airflow/.local/lib/python3.8/site-packages/airflow/example_dags/example_sensors.py took 0.068 seconds
[2025-10-14T14:47:48.683+0000] {processor.py:161} INFO - Started process (PID=92) to work on /home/airflow/.local/lib/python3.8/site-packages/airflow/example_dags/example_sensors.py
[2025-10-14T14:47:48.684+0000] {processor.py:830} INFO - Processing file /home/airflow/.local/lib/python3.8/site-packages/airflow/example_dags/example_sensors.py for tasks to queue
[2025-10-14T14:47:48.686+0000] {logging_mixin.py:188} INFO - [2025-10-14T14:47:48.686+0000] {dagbag.py:540} INFO - Filling up the DagBag from /home/airflow/.local/lib/python3.8/site-packages/airflow/example_dags/example_sensors.py
[2025-10-14T14:47:48.697+0000] {processor.py:840} INFO - DAG(s) 'example_sensors' retrieved from /home/airflow/.local/lib/python3.8/site-packages/airflow/example_dags/example_sensors.py
[2025-10-14T14:47:48.792+0000] {logging_mixin.py:188} INFO - [2025-10-14T14:47:48.792+0000] {dag.py:3047} INFO - Sync 1 DAGs
[2025-10-14T14:47:48.803+0000] {logging_mixin.py:188} INFO - [2025-10-14T14:47:48.803+0000] {dag.py:3834} INFO - Setting next_dagrun for example_sensors to None, run_after=None
[2025-10-14T14:47:48.824+0000] {processor.py:183} INFO - Processing /home/airflow/.local/lib/python3.8/site-packages/airflow/example_dags/example_sensors.py took 0.155 seconds
[2025-10-14T14:48:19.670+0000] {processor.py:161} INFO - Started process (PID=151) to work on /home/airflow/.local/lib/python3.8/site-packages/airflow/example_dags/example_sensors.py
[2025-10-14T14:48:19.671+0000] {processor.py:830} INFO - Processing file /home/airflow/.local/lib/python3.8/site-packages/airflow/example_dags/example_sensors.py for tasks to queue
[2025-10-14T14:48:19.672+0000] {logging_mixin.py:188} INFO - [2025-10-14T14:48:19.672+0000] {dagbag.py:540} INFO - Filling up the DagBag from /home/airflow/.local/lib/python3.8/site-packages/airflow/example_dags/example_sensors.py
[2025-10-14T14:48:19.681+0000] {processor.py:840} INFO - DAG(s) 'example_sensors' retrieved from /home/airflow/.local/lib/python3.8/site-packages/airflow/example_dags/example_sensors.py
[2025-10-14T14:48:19.703+0000] {logging_mixin.py:188} INFO - [2025-10-14T14:48:19.703+0000] {dag.py:3047} INFO - Sync 1 DAGs
[2025-10-14T14:48:19.714+0000] {logging_mixin.py:188} INFO - [2025-10-14T14:48:19.714+0000] {dag.py:3834} INFO - Setting next_dagrun for example_sensors to None, run_after=None
[2025-10-14T14:48:19.731+0000] {processor.py:183} INFO - Processing /home/airflow/.local/lib/python3.8/site-packages/airflow/example_dags/example_sensors.py took 0.065 seconds
[2025-10-14T14:48:49.851+0000] {processor.py:161} INFO - Started process (PID=210) to work on /home/airflow/.local/lib/python3.8/site-packages/airflow/example_dags/example_sensors.py
[2025-10-14T14:48:49.852+0000] {processor.py:830} INFO - Processing file /home/airflow/.local/lib/python3.8/site-packages/airflow/example_dags/example_sensors.py for tasks to queue
[2025-10-14T14:48:49.853+0000] {logging_mixin.py:188} INFO - [2025-10-14T14:48:49.853+0000] {dagbag.py:540} INFO - Filling up the DagBag from /home/airflow/.local/lib/python3.8/site-packages/airflow/example_dags/example_sensors.py
[2025-10-14T14:48:49.862+0000] {processor.py:840} INFO - DAG(s) 'example_sensors' retrieved from /home/airflow/.local/lib/python3.8/site-packages/airflow/example_dags/example_sensors.py
[2025-10-14T14:48:49.883+0000] {logging_mixin.py:188} INFO - [2025-10-14T14:48:49.883+0000] {dag.py:3047} INFO - Sync 1 DAGs
[2025-10-14T14:48:49.894+0000] {logging_mixin.py:188} INFO - [2025-10-14T14:48:49.894+0000] {dag.py:3834} INFO - Setting next_dagrun for example_sensors to None, run_after=None
[2025-10-14T14:48:49.911+0000] {processor.py:183} INFO - Processing /home/airflow/.local/lib/python3.8/site-packages/airflow/example_dags/example_sensors.py took 0.063 seconds
[2025-10-14T14:49:19.958+0000] {processor.py:161} INFO - Started process (PID=267) to work on /home/airflow/.local/lib/python3.8/site-packages/airflow/example_dags/example_sensors.py
[2025-10-14T14:49:19.959+0000] {processor.py:830} INFO - Processing file /home/airflow/.local/lib/python3.8/site-packages/airflow/example_dags/example_sensors.py for tasks to queue
[2025-10-14T14:49:19.961+0000] {logging_mixin.py:188} INFO - [2025-10-14T14:49:19.961+0000] {dagbag.py:540} INFO - Filling up the DagBag from /home/airflow/.local/lib/python3.8/site-packages/airflow/example_dags/example_sensors.py
[2025-10-14T14:49:19.969+0000] {processor.py:840} INFO - DAG(s) 'example_sensors' retrieved from /home/airflow/.local/lib/python3.8/site-packages/airflow/example_dags/example_sensors.py
[2025-10-14T14:49:19.992+0000] {logging_mixin.py:188} INFO - [2025-10-14T14:49:19.991+0000] {dag.py:3047} INFO - Sync 1 DAGs
[2025-10-14T14:49:20.002+0000] {logging_mixin.py:188} INFO - [2025-10-14T14:49:20.002+0000] {dag.py:3834} INFO - Setting next_dagrun for example_sensors to None, run_after=None
[2025-10-14T14:49:20.018+0000] {processor.py:183} INFO - Processing /home/airflow/.local/lib/python3.8/site-packages/airflow/example_dags/example_sensors.py took 0.063 seconds
[2025-10-14T14:49:50.052+0000] {processor.py:161} INFO - Started process (PID=326) to work on /home/airflow/.local/lib/python3.8/site-packages/airflow/example_dags/example_sensors.py
[2025-10-14T14:49:50.054+0000] {processor.py:830} INFO - Processing file /home/airflow/.local/lib/python3.8/site-packages/airflow/example_dags/example_sensors.py for tasks to queue
[2025-10-14T14:49:50.058+0000] {logging_mixin.py:188} INFO - [2025-10-14T14:49:50.057+0000] {dagbag.py:540} INFO - Filling up the DagBag from /home/airflow/.local/lib/python3.8/site-packages/airflow/example_dags/example_sensors.py
[2025-10-14T14:49:50.066+0000] {processor.py:840} INFO - DAG(s) 'example_sensors' retrieved from /home/airflow/.local/lib/python3.8/site-packages/airflow/example_dags/example_sensors.py
[2025-10-14T14:49:50.089+0000] {logging_mixin.py:188} INFO - [2025-10-14T14:49:50.089+0000] {dag.py:3047} INFO - Sync 1 DAGs
[2025-10-14T14:49:50.100+0000] {logging_mixin.py:188} INFO - [2025-10-14T14:49:50.100+0000] {dag.py:3834} INFO - Setting next_dagrun for example_sensors to None, run_after=None
[2025-10-14T14:49:50.119+0000] {processor.py:183} INFO - Processing /home/airflow/.local/lib/python3.8/site-packages/airflow/example_dags/example_sensors.py took 0.069 seconds
[2025-10-14T14:50:20.283+0000] {processor.py:161} INFO - Started process (PID=385) to work on /home/airflow/.local/lib/python3.8/site-packages/airflow/example_dags/example_sensors.py
[2025-10-14T14:50:20.284+0000] {processor.py:830} INFO - Processing file /home/airflow/.local/lib/python3.8/site-packages/airflow/example_dags/example_sensors.py for tasks to queue
[2025-10-14T14:50:20.286+0000] {logging_mixin.py:188} INFO - [2025-10-14T14:50:20.286+0000] {dagbag.py:540} INFO - Filling up the DagBag from /home/airflow/.local/lib/python3.8/site-packages/airflow/example_dags/example_sensors.py
[2025-10-14T14:50:20.295+0000] {processor.py:840} INFO - DAG(s) 'example_sensors' retrieved from /home/airflow/.local/lib/python3.8/site-packages/airflow/example_dags/example_sensors.py
[2025-10-14T14:50:20.317+0000] {logging_mixin.py:188} INFO - [2025-10-14T14:50:20.316+0000] {dag.py:3047} INFO - Sync 1 DAGs
[2025-10-14T14:50:20.327+0000] {logging_mixin.py:188} INFO - [2025-10-14T14:50:20.327+0000] {dag.py:3834} INFO - Setting next_dagrun for example_sensors to None, run_after=None
[2025-10-14T14:50:20.342+0000] {processor.py:183} INFO - Processing /home/airflow/.local/lib/python3.8/site-packages/airflow/example_dags/example_sensors.py took 0.062 seconds
[2025-10-14T14:50:50.721+0000] {processor.py:161} INFO - Started process (PID=444) to work on /home/airflow/.local/lib/python3.8/site-packages/airflow/example_dags/example_sensors.py
[2025-10-14T14:50:50.722+0000] {processor.py:830} INFO - Processing file /home/airflow/.local/lib/python3.8/site-packages/airflow/example_dags/example_sensors.py for tasks to queue
[2025-10-14T14:50:50.724+0000] {logging_mixin.py:188} INFO - [2025-10-14T14:50:50.724+0000] {dagbag.py:540} INFO - Filling up the DagBag from /home/airflow/.local/lib/python3.8/site-packages/airflow/example_dags/example_sensors.py
[2025-10-14T14:50:50.733+0000] {processor.py:840} INFO - DAG(s) 'example_sensors' retrieved from /home/airflow/.local/lib/python3.8/site-packages/airflow/example_dags/example_sensors.py
[2025-10-14T14:50:50.756+0000] {logging_mixin.py:188} INFO - [2025-10-14T14:50:50.756+0000] {dag.py:3047} INFO - Sync 1 DAGs
[2025-10-14T14:50:50.767+0000] {logging_mixin.py:188} INFO - [2025-10-14T14:50:50.767+0000] {dag.py:3834} INFO - Setting next_dagrun for example_sensors to None, run_after=None
[2025-10-14T14:50:50.783+0000] {processor.py:183} INFO - Processing /home/airflow/.local/lib/python3.8/site-packages/airflow/example_dags/example_sensors.py took 0.064 seconds
[2025-10-14T14:51:20.875+0000] {processor.py:161} INFO - Started process (PID=510) to work on /home/airflow/.local/lib/python3.8/site-packages/airflow/example_dags/example_sensors.py
[2025-10-14T14:51:20.876+0000] {processor.py:830} INFO - Processing file /home/airflow/.local/lib/python3.8/site-packages/airflow/example_dags/example_sensors.py for tasks to queue
[2025-10-14T14:51:20.878+0000] {logging_mixin.py:188} INFO - [2025-10-14T14:51:20.878+0000] {dagbag.py:540} INFO - Filling up the DagBag from /home/airflow/.local/lib/python3.8/site-packages/airflow/example_dags/example_sensors.py
[2025-10-14T14:51:20.886+0000] {processor.py:840} INFO - DAG(s) 'example_sensors' retrieved from /home/airflow/.local/lib/python3.8/site-packages/airflow/example_dags/example_sensors.py
[2025-10-14T14:51:20.908+0000] {logging_mixin.py:188} INFO - [2025-10-14T14:51:20.908+0000] {dag.py:3047} INFO - Sync 1 DAGs
[2025-10-14T14:51:20.919+0000] {logging_mixin.py:188} INFO - [2025-10-14T14:51:20.919+0000] {dag.py:3834} INFO - Setting next_dagrun for example_sensors to None, run_after=None
[2025-10-14T14:51:20.935+0000] {processor.py:183} INFO - Processing /home/airflow/.local/lib/python3.8/site-packages/airflow/example_dags/example_sensors.py took 0.063 seconds
[2025-10-14T14:51:51.026+0000] {processor.py:161} INFO - Started process (PID=569) to work on /home/airflow/.local/lib/python3.8/site-packages/airflow/example_dags/example_sensors.py
[2025-10-14T14:51:51.027+0000] {processor.py:830} INFO - Processing file /home/airflow/.local/lib/python3.8/site-packages/airflow/example_dags/example_sensors.py for tasks to queue
[2025-10-14T14:51:51.029+0000] {logging_mixin.py:188} INFO - [2025-10-14T14:51:51.028+0000] {dagbag.py:540} INFO - Filling up the DagBag from /home/airflow/.local/lib/python3.8/site-packages/airflow/example_dags/example_sensors.py
[2025-10-14T14:51:51.037+0000] {processor.py:840} INFO - DAG(s) 'example_sensors' retrieved from /home/airflow/.local/lib/python3.8/site-packages/airflow/example_dags/example_sensors.py
[2025-10-14T14:51:51.058+0000] {logging_mixin.py:188} INFO - [2025-10-14T14:51:51.058+0000] {dag.py:3047} INFO - Sync 1 DAGs
[2025-10-14T14:51:51.070+0000] {logging_mixin.py:188} INFO - [2025-10-14T14:51:51.069+0000] {dag.py:3834} INFO - Setting next_dagrun for example_sensors to None, run_after=None
[2025-10-14T14:51:51.085+0000] {processor.py:183} INFO - Processing /home/airflow/.local/lib/python3.8/site-packages/airflow/example_dags/example_sensors.py took 0.062 seconds
[2025-10-14T14:52:21.331+0000] {processor.py:161} INFO - Started process (PID=628) to work on /home/airflow/.local/lib/python3.8/site-packages/airflow/example_dags/example_sensors.py
[2025-10-14T14:52:21.332+0000] {processor.py:830} INFO - Processing file /home/airflow/.local/lib/python3.8/site-packages/airflow/example_dags/example_sensors.py for tasks to queue
[2025-10-14T14:52:21.334+0000] {logging_mixin.py:188} INFO - [2025-10-14T14:52:21.334+0000] {dagbag.py:540} INFO - Filling up the DagBag from /home/airflow/.local/lib/python3.8/site-packages/airflow/example_dags/example_sensors.py
[2025-10-14T14:52:21.342+0000] {processor.py:840} INFO - DAG(s) 'example_sensors' retrieved from /home/airflow/.local/lib/python3.8/site-packages/airflow/example_dags/example_sensors.py
[2025-10-14T14:52:21.365+0000] {logging_mixin.py:188} INFO - [2025-10-14T14:52:21.364+0000] {dag.py:3047} INFO - Sync 1 DAGs
[2025-10-14T14:52:21.375+0000] {logging_mixin.py:188} INFO - [2025-10-14T14:52:21.375+0000] {dag.py:3834} INFO - Setting next_dagrun for example_sensors to None, run_after=None
[2025-10-14T14:52:21.391+0000] {processor.py:183} INFO - Processing /home/airflow/.local/lib/python3.8/site-packages/airflow/example_dags/example_sensors.py took 0.062 seconds
[2025-10-14T14:52:52.192+0000] {processor.py:161} INFO - Started process (PID=687) to work on /home/airflow/.local/lib/python3.8/site-packages/airflow/example_dags/example_sensors.py
[2025-10-14T14:52:52.193+0000] {processor.py:830} INFO - Processing file /home/airflow/.local/lib/python3.8/site-packages/airflow/example_dags/example_sensors.py for tasks to queue
[2025-10-14T14:52:52.196+0000] {logging_mixin.py:188} INFO - [2025-10-14T14:52:52.195+0000] {dagbag.py:540} INFO - Filling up the DagBag from /home/airflow/.local/lib/python3.8/site-packages/airflow/example_dags/example_sensors.py
[2025-10-14T14:52:52.216+0000] {processor.py:840} INFO - DAG(s) 'example_sensors' retrieved from /home/airflow/.local/lib/python3.8/site-packages/airflow/example_dags/example_sensors.py
[2025-10-14T14:52:52.243+0000] {logging_mixin.py:188} INFO - [2025-10-14T14:52:52.242+0000] {dag.py:3047} INFO - Sync 1 DAGs
[2025-10-14T14:52:52.257+0000] {logging_mixin.py:188} INFO - [2025-10-14T14:52:52.256+0000] {dag.py:3834} INFO - Setting next_dagrun for example_sensors to None, run_after=None
[2025-10-14T14:52:52.277+0000] {processor.py:183} INFO - Processing /home/airflow/.local/lib/python3.8/site-packages/airflow/example_dags/example_sensors.py took 0.091 seconds
[2025-10-14T14:53:22.414+0000] {processor.py:161} INFO - Started process (PID=746) to work on /home/airflow/.local/lib/python3.8/site-packages/airflow/example_dags/example_sensors.py
[2025-10-14T14:53:22.415+0000] {processor.py:830} INFO - Processing file /home/airflow/.local/lib/python3.8/site-packages/airflow/example_dags/example_sensors.py for tasks to queue
[2025-10-14T14:53:22.416+0000] {logging_mixin.py:188} INFO - [2025-10-14T14:53:22.416+0000] {dagbag.py:540} INFO - Filling up the DagBag from /home/airflow/.local/lib/python3.8/site-packages/airflow/example_dags/example_sensors.py
[2025-10-14T14:53:22.425+0000] {processor.py:840} INFO - DAG(s) 'example_sensors' retrieved from /home/airflow/.local/lib/python3.8/site-packages/airflow/example_dags/example_sensors.py
[2025-10-14T14:53:22.447+0000] {logging_mixin.py:188} INFO - [2025-10-14T14:53:22.446+0000] {dag.py:3047} INFO - Sync 1 DAGs
[2025-10-14T14:53:22.457+0000] {logging_mixin.py:188} INFO - [2025-10-14T14:53:22.457+0000] {dag.py:3834} INFO - Setting next_dagrun for example_sensors to None, run_after=None
[2025-10-14T14:53:22.473+0000] {processor.py:183} INFO - Processing /home/airflow/.local/lib/python3.8/site-packages/airflow/example_dags/example_sensors.py took 0.062 seconds
[2025-10-14T14:53:52.668+0000] {processor.py:161} INFO - Started process (PID=805) to work on /home/airflow/.local/lib/python3.8/site-packages/airflow/example_dags/example_sensors.py
[2025-10-14T14:53:52.669+0000] {processor.py:830} INFO - Processing file /home/airflow/.local/lib/python3.8/site-packages/airflow/example_dags/example_sensors.py for tasks to queue
[2025-10-14T14:53:52.670+0000] {logging_mixin.py:188} INFO - [2025-10-14T14:53:52.670+0000] {dagbag.py:540} INFO - Filling up the DagBag from /home/airflow/.local/lib/python3.8/site-packages/airflow/example_dags/example_sensors.py
[2025-10-14T14:53:52.678+0000] {processor.py:840} INFO - DAG(s) 'example_sensors' retrieved from /home/airflow/.local/lib/python3.8/site-packages/airflow/example_dags/example_sensors.py
[2025-10-14T14:53:52.700+0000] {logging_mixin.py:188} INFO - [2025-10-14T14:53:52.700+0000] {dag.py:3047} INFO - Sync 1 DAGs
[2025-10-14T14:53:52.712+0000] {logging_mixin.py:188} INFO - [2025-10-14T14:53:52.711+0000] {dag.py:3834} INFO - Setting next_dagrun for example_sensors to None, run_after=None
[2025-10-14T14:53:52.727+0000] {processor.py:183} INFO - Processing /home/airflow/.local/lib/python3.8/site-packages/airflow/example_dags/example_sensors.py took 0.062 seconds
[2025-10-14T14:54:22.858+0000] {processor.py:161} INFO - Started process (PID=864) to work on /home/airflow/.local/lib/python3.8/site-packages/airflow/example_dags/example_sensors.py
[2025-10-14T14:54:22.859+0000] {processor.py:830} INFO - Processing file /home/airflow/.local/lib/python3.8/site-packages/airflow/example_dags/example_sensors.py for tasks to queue
[2025-10-14T14:54:22.860+0000] {logging_mixin.py:188} INFO - [2025-10-14T14:54:22.860+0000] {dagbag.py:540} INFO - Filling up the DagBag from /home/airflow/.local/lib/python3.8/site-packages/airflow/example_dags/example_sensors.py
[2025-10-14T14:54:22.869+0000] {processor.py:840} INFO - DAG(s) 'example_sensors' retrieved from /home/airflow/.local/lib/python3.8/site-packages/airflow/example_dags/example_sensors.py
[2025-10-14T14:54:22.892+0000] {logging_mixin.py:188} INFO - [2025-10-14T14:54:22.892+0000] {dag.py:3047} INFO - Sync 1 DAGs
[2025-10-14T14:54:22.904+0000] {logging_mixin.py:188} INFO - [2025-10-14T14:54:22.904+0000] {dag.py:3834} INFO - Setting next_dagrun for example_sensors to None, run_after=None
[2025-10-14T14:54:22.920+0000] {processor.py:183} INFO - Processing /home/airflow/.local/lib/python3.8/site-packages/airflow/example_dags/example_sensors.py took 0.065 seconds
[2025-10-14T14:54:53.034+0000] {processor.py:161} INFO - Started process (PID=923) to work on /home/airflow/.local/lib/python3.8/site-packages/airflow/example_dags/example_sensors.py
[2025-10-14T14:54:53.035+0000] {processor.py:830} INFO - Processing file /home/airflow/.local/lib/python3.8/site-packages/airflow/example_dags/example_sensors.py for tasks to queue
[2025-10-14T14:54:53.037+0000] {logging_mixin.py:188} INFO - [2025-10-14T14:54:53.037+0000] {dagbag.py:540} INFO - Filling up the DagBag from /home/airflow/.local/lib/python3.8/site-packages/airflow/example_dags/example_sensors.py
[2025-10-14T14:54:53.046+0000] {processor.py:840} INFO - DAG(s) 'example_sensors' retrieved from /home/airflow/.local/lib/python3.8/site-packages/airflow/example_dags/example_sensors.py
[2025-10-14T14:54:53.067+0000] {logging_mixin.py:188} INFO - [2025-10-14T14:54:53.067+0000] {dag.py:3047} INFO - Sync 1 DAGs
[2025-10-14T14:54:53.078+0000] {logging_mixin.py:188} INFO - [2025-10-14T14:54:53.078+0000] {dag.py:3834} INFO - Setting next_dagrun for example_sensors to None, run_after=None
[2025-10-14T14:54:53.098+0000] {processor.py:183} INFO - Processing /home/airflow/.local/lib/python3.8/site-packages/airflow/example_dags/example_sensors.py took 0.066 seconds
[2025-10-14T14:55:23.362+0000] {processor.py:161} INFO - Started process (PID=982) to work on /home/airflow/.local/lib/python3.8/site-packages/airflow/example_dags/example_sensors.py
[2025-10-14T14:55:23.363+0000] {processor.py:830} INFO - Processing file /home/airflow/.local/lib/python3.8/site-packages/airflow/example_dags/example_sensors.py for tasks to queue
[2025-10-14T14:55:23.365+0000] {logging_mixin.py:188} INFO - [2025-10-14T14:55:23.365+0000] {dagbag.py:540} INFO - Filling up the DagBag from /home/airflow/.local/lib/python3.8/site-packages/airflow/example_dags/example_sensors.py
[2025-10-14T14:55:23.376+0000] {processor.py:840} INFO - DAG(s) 'example_sensors' retrieved from /home/airflow/.local/lib/python3.8/site-packages/airflow/example_dags/example_sensors.py
[2025-10-14T14:55:23.401+0000] {logging_mixin.py:188} INFO - [2025-10-14T14:55:23.401+0000] {dag.py:3047} INFO - Sync 1 DAGs
[2025-10-14T14:55:23.413+0000] {logging_mixin.py:188} INFO - [2025-10-14T14:55:23.413+0000] {dag.py:3834} INFO - Setting next_dagrun for example_sensors to None, run_after=None
[2025-10-14T14:55:23.430+0000] {processor.py:183} INFO - Processing /home/airflow/.local/lib/python3.8/site-packages/airflow/example_dags/example_sensors.py took 0.072 seconds
