[2025-10-14T14:44:59.368+0000] {processor.py:161} INFO - Started process (PID=117) to work on /home/airflow/.local/lib/python3.8/site-packages/airflow/example_dags/example_external_task_marker_dag.py
[2025-10-14T14:44:59.369+0000] {processor.py:830} INFO - Processing file /home/airflow/.local/lib/python3.8/site-packages/airflow/example_dags/example_external_task_marker_dag.py for tasks to queue
[2025-10-14T14:44:59.372+0000] {logging_mixin.py:188} INFO - [2025-10-14T14:44:59.371+0000] {dagbag.py:540} INFO - Filling up the DagBag from /home/airflow/.local/lib/python3.8/site-packages/airflow/example_dags/example_external_task_marker_dag.py
[2025-10-14T14:44:59.380+0000] {processor.py:840} INFO - DAG(s) 'example_external_task_marker_child', 'example_external_task_marker_parent' retrieved from /home/airflow/.local/lib/python3.8/site-packages/airflow/example_dags/example_external_task_marker_dag.py
[2025-10-14T14:44:59.498+0000] {logging_mixin.py:188} INFO - [2025-10-14T14:44:59.498+0000] {override.py:1769} INFO - Created Permission View: can edit on DAG:example_external_task_marker_child
[2025-10-14T14:44:59.508+0000] {logging_mixin.py:188} INFO - [2025-10-14T14:44:59.508+0000] {override.py:1769} INFO - Created Permission View: can delete on DAG:example_external_task_marker_child
[2025-10-14T14:44:59.520+0000] {logging_mixin.py:188} INFO - [2025-10-14T14:44:59.520+0000] {override.py:1769} INFO - Created Permission View: can read on DAG:example_external_task_marker_child
[2025-10-14T14:44:59.531+0000] {logging_mixin.py:188} INFO - [2025-10-14T14:44:59.531+0000] {override.py:1769} INFO - Created Permission View: can edit on DAG:example_external_task_marker_parent
[2025-10-14T14:44:59.537+0000] {logging_mixin.py:188} INFO - [2025-10-14T14:44:59.537+0000] {override.py:1769} INFO - Created Permission View: can delete on DAG:example_external_task_marker_parent
[2025-10-14T14:44:59.543+0000] {logging_mixin.py:188} INFO - [2025-10-14T14:44:59.543+0000] {override.py:1769} INFO - Created Permission View: can read on DAG:example_external_task_marker_parent
[2025-10-14T14:44:59.543+0000] {logging_mixin.py:188} INFO - [2025-10-14T14:44:59.543+0000] {dag.py:3047} INFO - Sync 2 DAGs
[2025-10-14T14:44:59.554+0000] {logging_mixin.py:188} INFO - [2025-10-14T14:44:59.553+0000] {dag.py:3069} INFO - Creating ORM DAG for example_external_task_marker_child
[2025-10-14T14:44:59.555+0000] {logging_mixin.py:188} INFO - [2025-10-14T14:44:59.555+0000] {dag.py:3069} INFO - Creating ORM DAG for example_external_task_marker_parent
[2025-10-14T14:44:59.556+0000] {logging_mixin.py:188} INFO - [2025-10-14T14:44:59.556+0000] {dag.py:3834} INFO - Setting next_dagrun for example_external_task_marker_child to None, run_after=None
[2025-10-14T14:44:59.557+0000] {logging_mixin.py:188} INFO - [2025-10-14T14:44:59.557+0000] {dag.py:3834} INFO - Setting next_dagrun for example_external_task_marker_parent to None, run_after=None
[2025-10-14T14:44:59.574+0000] {processor.py:183} INFO - Processing /home/airflow/.local/lib/python3.8/site-packages/airflow/example_dags/example_external_task_marker_dag.py took 0.209 seconds
[2025-10-14T14:45:30.212+0000] {processor.py:161} INFO - Started process (PID=176) to work on /home/airflow/.local/lib/python3.8/site-packages/airflow/example_dags/example_external_task_marker_dag.py
[2025-10-14T14:45:30.213+0000] {processor.py:830} INFO - Processing file /home/airflow/.local/lib/python3.8/site-packages/airflow/example_dags/example_external_task_marker_dag.py for tasks to queue
[2025-10-14T14:45:30.216+0000] {logging_mixin.py:188} INFO - [2025-10-14T14:45:30.215+0000] {dagbag.py:540} INFO - Filling up the DagBag from /home/airflow/.local/lib/python3.8/site-packages/airflow/example_dags/example_external_task_marker_dag.py
[2025-10-14T14:45:30.222+0000] {processor.py:840} INFO - DAG(s) 'example_external_task_marker_parent', 'example_external_task_marker_child' retrieved from /home/airflow/.local/lib/python3.8/site-packages/airflow/example_dags/example_external_task_marker_dag.py
[2025-10-14T14:45:30.248+0000] {logging_mixin.py:188} INFO - [2025-10-14T14:45:30.247+0000] {dag.py:3047} INFO - Sync 2 DAGs
[2025-10-14T14:45:30.269+0000] {logging_mixin.py:188} INFO - [2025-10-14T14:45:30.269+0000] {dag.py:3834} INFO - Setting next_dagrun for example_external_task_marker_child to None, run_after=None
[2025-10-14T14:45:30.275+0000] {logging_mixin.py:188} INFO - [2025-10-14T14:45:30.275+0000] {dag.py:3834} INFO - Setting next_dagrun for example_external_task_marker_parent to None, run_after=None
[2025-10-14T14:45:30.297+0000] {processor.py:183} INFO - Processing /home/airflow/.local/lib/python3.8/site-packages/airflow/example_dags/example_external_task_marker_dag.py took 0.092 seconds
[2025-10-14T14:46:00.463+0000] {processor.py:161} INFO - Started process (PID=235) to work on /home/airflow/.local/lib/python3.8/site-packages/airflow/example_dags/example_external_task_marker_dag.py
[2025-10-14T14:46:00.464+0000] {processor.py:830} INFO - Processing file /home/airflow/.local/lib/python3.8/site-packages/airflow/example_dags/example_external_task_marker_dag.py for tasks to queue
[2025-10-14T14:46:00.466+0000] {logging_mixin.py:188} INFO - [2025-10-14T14:46:00.465+0000] {dagbag.py:540} INFO - Filling up the DagBag from /home/airflow/.local/lib/python3.8/site-packages/airflow/example_dags/example_external_task_marker_dag.py
[2025-10-14T14:46:00.471+0000] {processor.py:840} INFO - DAG(s) 'example_external_task_marker_parent', 'example_external_task_marker_child' retrieved from /home/airflow/.local/lib/python3.8/site-packages/airflow/example_dags/example_external_task_marker_dag.py
[2025-10-14T14:46:00.491+0000] {logging_mixin.py:188} INFO - [2025-10-14T14:46:00.491+0000] {dag.py:3047} INFO - Sync 2 DAGs
[2025-10-14T14:46:00.502+0000] {logging_mixin.py:188} INFO - [2025-10-14T14:46:00.502+0000] {dag.py:3834} INFO - Setting next_dagrun for example_external_task_marker_child to None, run_after=None
[2025-10-14T14:46:00.506+0000] {logging_mixin.py:188} INFO - [2025-10-14T14:46:00.506+0000] {dag.py:3834} INFO - Setting next_dagrun for example_external_task_marker_parent to None, run_after=None
[2025-10-14T14:46:00.520+0000] {processor.py:183} INFO - Processing /home/airflow/.local/lib/python3.8/site-packages/airflow/example_dags/example_external_task_marker_dag.py took 0.060 seconds
[2025-10-14T14:47:51.025+0000] {processor.py:161} INFO - Started process (PID=122) to work on /home/airflow/.local/lib/python3.8/site-packages/airflow/example_dags/example_external_task_marker_dag.py
[2025-10-14T14:47:51.026+0000] {processor.py:830} INFO - Processing file /home/airflow/.local/lib/python3.8/site-packages/airflow/example_dags/example_external_task_marker_dag.py for tasks to queue
[2025-10-14T14:47:51.028+0000] {logging_mixin.py:188} INFO - [2025-10-14T14:47:51.028+0000] {dagbag.py:540} INFO - Filling up the DagBag from /home/airflow/.local/lib/python3.8/site-packages/airflow/example_dags/example_external_task_marker_dag.py
[2025-10-14T14:47:51.035+0000] {processor.py:840} INFO - DAG(s) 'example_external_task_marker_child', 'example_external_task_marker_parent' retrieved from /home/airflow/.local/lib/python3.8/site-packages/airflow/example_dags/example_external_task_marker_dag.py
[2025-10-14T14:47:51.129+0000] {logging_mixin.py:188} INFO - [2025-10-14T14:47:51.129+0000] {dag.py:3047} INFO - Sync 2 DAGs
[2025-10-14T14:47:51.140+0000] {logging_mixin.py:188} INFO - [2025-10-14T14:47:51.140+0000] {dag.py:3834} INFO - Setting next_dagrun for example_external_task_marker_child to None, run_after=None
[2025-10-14T14:47:51.144+0000] {logging_mixin.py:188} INFO - [2025-10-14T14:47:51.144+0000] {dag.py:3834} INFO - Setting next_dagrun for example_external_task_marker_parent to None, run_after=None
[2025-10-14T14:47:51.162+0000] {processor.py:183} INFO - Processing /home/airflow/.local/lib/python3.8/site-packages/airflow/example_dags/example_external_task_marker_dag.py took 0.140 seconds
[2025-10-14T14:48:21.787+0000] {processor.py:161} INFO - Started process (PID=181) to work on /home/airflow/.local/lib/python3.8/site-packages/airflow/example_dags/example_external_task_marker_dag.py
[2025-10-14T14:48:21.788+0000] {processor.py:830} INFO - Processing file /home/airflow/.local/lib/python3.8/site-packages/airflow/example_dags/example_external_task_marker_dag.py for tasks to queue
[2025-10-14T14:48:21.793+0000] {logging_mixin.py:188} INFO - [2025-10-14T14:48:21.792+0000] {dagbag.py:540} INFO - Filling up the DagBag from /home/airflow/.local/lib/python3.8/site-packages/airflow/example_dags/example_external_task_marker_dag.py
[2025-10-14T14:48:21.800+0000] {processor.py:840} INFO - DAG(s) 'example_external_task_marker_parent', 'example_external_task_marker_child' retrieved from /home/airflow/.local/lib/python3.8/site-packages/airflow/example_dags/example_external_task_marker_dag.py
[2025-10-14T14:48:21.829+0000] {logging_mixin.py:188} INFO - [2025-10-14T14:48:21.829+0000] {dag.py:3047} INFO - Sync 2 DAGs
[2025-10-14T14:48:21.842+0000] {logging_mixin.py:188} INFO - [2025-10-14T14:48:21.842+0000] {dag.py:3834} INFO - Setting next_dagrun for example_external_task_marker_child to None, run_after=None
[2025-10-14T14:48:21.846+0000] {logging_mixin.py:188} INFO - [2025-10-14T14:48:21.846+0000] {dag.py:3834} INFO - Setting next_dagrun for example_external_task_marker_parent to None, run_after=None
[2025-10-14T14:48:21.862+0000] {processor.py:183} INFO - Processing /home/airflow/.local/lib/python3.8/site-packages/airflow/example_dags/example_external_task_marker_dag.py took 0.079 seconds
[2025-10-14T14:48:52.162+0000] {processor.py:161} INFO - Started process (PID=240) to work on /home/airflow/.local/lib/python3.8/site-packages/airflow/example_dags/example_external_task_marker_dag.py
[2025-10-14T14:48:52.163+0000] {processor.py:830} INFO - Processing file /home/airflow/.local/lib/python3.8/site-packages/airflow/example_dags/example_external_task_marker_dag.py for tasks to queue
[2025-10-14T14:48:52.165+0000] {logging_mixin.py:188} INFO - [2025-10-14T14:48:52.164+0000] {dagbag.py:540} INFO - Filling up the DagBag from /home/airflow/.local/lib/python3.8/site-packages/airflow/example_dags/example_external_task_marker_dag.py
[2025-10-14T14:48:52.170+0000] {processor.py:840} INFO - DAG(s) 'example_external_task_marker_child', 'example_external_task_marker_parent' retrieved from /home/airflow/.local/lib/python3.8/site-packages/airflow/example_dags/example_external_task_marker_dag.py
[2025-10-14T14:48:52.191+0000] {logging_mixin.py:188} INFO - [2025-10-14T14:48:52.191+0000] {dag.py:3047} INFO - Sync 2 DAGs
[2025-10-14T14:48:52.204+0000] {logging_mixin.py:188} INFO - [2025-10-14T14:48:52.203+0000] {dag.py:3834} INFO - Setting next_dagrun for example_external_task_marker_child to None, run_after=None
[2025-10-14T14:48:52.207+0000] {logging_mixin.py:188} INFO - [2025-10-14T14:48:52.207+0000] {dag.py:3834} INFO - Setting next_dagrun for example_external_task_marker_parent to None, run_after=None
[2025-10-14T14:48:52.222+0000] {processor.py:183} INFO - Processing /home/airflow/.local/lib/python3.8/site-packages/airflow/example_dags/example_external_task_marker_dag.py took 0.063 seconds
[2025-10-14T14:49:22.457+0000] {processor.py:161} INFO - Started process (PID=299) to work on /home/airflow/.local/lib/python3.8/site-packages/airflow/example_dags/example_external_task_marker_dag.py
[2025-10-14T14:49:22.458+0000] {processor.py:830} INFO - Processing file /home/airflow/.local/lib/python3.8/site-packages/airflow/example_dags/example_external_task_marker_dag.py for tasks to queue
[2025-10-14T14:49:22.460+0000] {logging_mixin.py:188} INFO - [2025-10-14T14:49:22.459+0000] {dagbag.py:540} INFO - Filling up the DagBag from /home/airflow/.local/lib/python3.8/site-packages/airflow/example_dags/example_external_task_marker_dag.py
[2025-10-14T14:49:22.465+0000] {processor.py:840} INFO - DAG(s) 'example_external_task_marker_parent', 'example_external_task_marker_child' retrieved from /home/airflow/.local/lib/python3.8/site-packages/airflow/example_dags/example_external_task_marker_dag.py
[2025-10-14T14:49:22.486+0000] {logging_mixin.py:188} INFO - [2025-10-14T14:49:22.486+0000] {dag.py:3047} INFO - Sync 2 DAGs
[2025-10-14T14:49:22.498+0000] {logging_mixin.py:188} INFO - [2025-10-14T14:49:22.498+0000] {dag.py:3834} INFO - Setting next_dagrun for example_external_task_marker_child to None, run_after=None
[2025-10-14T14:49:22.502+0000] {logging_mixin.py:188} INFO - [2025-10-14T14:49:22.502+0000] {dag.py:3834} INFO - Setting next_dagrun for example_external_task_marker_parent to None, run_after=None
[2025-10-14T14:49:22.517+0000] {processor.py:183} INFO - Processing /home/airflow/.local/lib/python3.8/site-packages/airflow/example_dags/example_external_task_marker_dag.py took 0.063 seconds
[2025-10-14T14:49:52.631+0000] {processor.py:161} INFO - Started process (PID=357) to work on /home/airflow/.local/lib/python3.8/site-packages/airflow/example_dags/example_external_task_marker_dag.py
[2025-10-14T14:49:52.632+0000] {processor.py:830} INFO - Processing file /home/airflow/.local/lib/python3.8/site-packages/airflow/example_dags/example_external_task_marker_dag.py for tasks to queue
[2025-10-14T14:49:52.633+0000] {logging_mixin.py:188} INFO - [2025-10-14T14:49:52.633+0000] {dagbag.py:540} INFO - Filling up the DagBag from /home/airflow/.local/lib/python3.8/site-packages/airflow/example_dags/example_external_task_marker_dag.py
[2025-10-14T14:49:52.639+0000] {processor.py:840} INFO - DAG(s) 'example_external_task_marker_child', 'example_external_task_marker_parent' retrieved from /home/airflow/.local/lib/python3.8/site-packages/airflow/example_dags/example_external_task_marker_dag.py
[2025-10-14T14:49:52.659+0000] {logging_mixin.py:188} INFO - [2025-10-14T14:49:52.659+0000] {dag.py:3047} INFO - Sync 2 DAGs
[2025-10-14T14:49:52.670+0000] {logging_mixin.py:188} INFO - [2025-10-14T14:49:52.670+0000] {dag.py:3834} INFO - Setting next_dagrun for example_external_task_marker_child to None, run_after=None
[2025-10-14T14:49:52.673+0000] {logging_mixin.py:188} INFO - [2025-10-14T14:49:52.673+0000] {dag.py:3834} INFO - Setting next_dagrun for example_external_task_marker_parent to None, run_after=None
[2025-10-14T14:49:52.689+0000] {processor.py:183} INFO - Processing /home/airflow/.local/lib/python3.8/site-packages/airflow/example_dags/example_external_task_marker_dag.py took 0.061 seconds
[2025-10-14T14:50:22.804+0000] {processor.py:161} INFO - Started process (PID=415) to work on /home/airflow/.local/lib/python3.8/site-packages/airflow/example_dags/example_external_task_marker_dag.py
[2025-10-14T14:50:22.805+0000] {processor.py:830} INFO - Processing file /home/airflow/.local/lib/python3.8/site-packages/airflow/example_dags/example_external_task_marker_dag.py for tasks to queue
[2025-10-14T14:50:22.807+0000] {logging_mixin.py:188} INFO - [2025-10-14T14:50:22.807+0000] {dagbag.py:540} INFO - Filling up the DagBag from /home/airflow/.local/lib/python3.8/site-packages/airflow/example_dags/example_external_task_marker_dag.py
[2025-10-14T14:50:22.813+0000] {processor.py:840} INFO - DAG(s) 'example_external_task_marker_parent', 'example_external_task_marker_child' retrieved from /home/airflow/.local/lib/python3.8/site-packages/airflow/example_dags/example_external_task_marker_dag.py
[2025-10-14T14:50:22.834+0000] {logging_mixin.py:188} INFO - [2025-10-14T14:50:22.834+0000] {dag.py:3047} INFO - Sync 2 DAGs
[2025-10-14T14:50:22.845+0000] {logging_mixin.py:188} INFO - [2025-10-14T14:50:22.845+0000] {dag.py:3834} INFO - Setting next_dagrun for example_external_task_marker_child to None, run_after=None
[2025-10-14T14:50:22.848+0000] {logging_mixin.py:188} INFO - [2025-10-14T14:50:22.848+0000] {dag.py:3834} INFO - Setting next_dagrun for example_external_task_marker_parent to None, run_after=None
[2025-10-14T14:50:22.860+0000] {processor.py:183} INFO - Processing /home/airflow/.local/lib/python3.8/site-packages/airflow/example_dags/example_external_task_marker_dag.py took 0.059 seconds
[2025-10-14T14:50:52.900+0000] {processor.py:161} INFO - Started process (PID=474) to work on /home/airflow/.local/lib/python3.8/site-packages/airflow/example_dags/example_external_task_marker_dag.py
[2025-10-14T14:50:52.901+0000] {processor.py:830} INFO - Processing file /home/airflow/.local/lib/python3.8/site-packages/airflow/example_dags/example_external_task_marker_dag.py for tasks to queue
[2025-10-14T14:50:52.903+0000] {logging_mixin.py:188} INFO - [2025-10-14T14:50:52.903+0000] {dagbag.py:540} INFO - Filling up the DagBag from /home/airflow/.local/lib/python3.8/site-packages/airflow/example_dags/example_external_task_marker_dag.py
[2025-10-14T14:50:52.909+0000] {processor.py:840} INFO - DAG(s) 'example_external_task_marker_child', 'example_external_task_marker_parent' retrieved from /home/airflow/.local/lib/python3.8/site-packages/airflow/example_dags/example_external_task_marker_dag.py
[2025-10-14T14:50:52.932+0000] {logging_mixin.py:188} INFO - [2025-10-14T14:50:52.931+0000] {dag.py:3047} INFO - Sync 2 DAGs
[2025-10-14T14:50:52.943+0000] {logging_mixin.py:188} INFO - [2025-10-14T14:50:52.943+0000] {dag.py:3834} INFO - Setting next_dagrun for example_external_task_marker_child to None, run_after=None
[2025-10-14T14:50:52.947+0000] {logging_mixin.py:188} INFO - [2025-10-14T14:50:52.947+0000] {dag.py:3834} INFO - Setting next_dagrun for example_external_task_marker_parent to None, run_after=None
[2025-10-14T14:50:52.961+0000] {processor.py:183} INFO - Processing /home/airflow/.local/lib/python3.8/site-packages/airflow/example_dags/example_external_task_marker_dag.py took 0.064 seconds
[2025-10-14T14:51:24.246+0000] {processor.py:161} INFO - Started process (PID=535) to work on /home/airflow/.local/lib/python3.8/site-packages/airflow/example_dags/example_external_task_marker_dag.py
[2025-10-14T14:51:24.247+0000] {processor.py:830} INFO - Processing file /home/airflow/.local/lib/python3.8/site-packages/airflow/example_dags/example_external_task_marker_dag.py for tasks to queue
[2025-10-14T14:51:24.248+0000] {logging_mixin.py:188} INFO - [2025-10-14T14:51:24.248+0000] {dagbag.py:540} INFO - Filling up the DagBag from /home/airflow/.local/lib/python3.8/site-packages/airflow/example_dags/example_external_task_marker_dag.py
[2025-10-14T14:51:24.254+0000] {processor.py:840} INFO - DAG(s) 'example_external_task_marker_child', 'example_external_task_marker_parent' retrieved from /home/airflow/.local/lib/python3.8/site-packages/airflow/example_dags/example_external_task_marker_dag.py
[2025-10-14T14:51:24.274+0000] {logging_mixin.py:188} INFO - [2025-10-14T14:51:24.274+0000] {dag.py:3047} INFO - Sync 2 DAGs
[2025-10-14T14:51:24.285+0000] {logging_mixin.py:188} INFO - [2025-10-14T14:51:24.285+0000] {dag.py:3834} INFO - Setting next_dagrun for example_external_task_marker_child to None, run_after=None
[2025-10-14T14:51:24.288+0000] {logging_mixin.py:188} INFO - [2025-10-14T14:51:24.288+0000] {dag.py:3834} INFO - Setting next_dagrun for example_external_task_marker_parent to None, run_after=None
[2025-10-14T14:51:24.302+0000] {processor.py:183} INFO - Processing /home/airflow/.local/lib/python3.8/site-packages/airflow/example_dags/example_external_task_marker_dag.py took 0.059 seconds
[2025-10-14T14:51:54.375+0000] {processor.py:161} INFO - Started process (PID=594) to work on /home/airflow/.local/lib/python3.8/site-packages/airflow/example_dags/example_external_task_marker_dag.py
[2025-10-14T14:51:54.375+0000] {processor.py:830} INFO - Processing file /home/airflow/.local/lib/python3.8/site-packages/airflow/example_dags/example_external_task_marker_dag.py for tasks to queue
[2025-10-14T14:51:54.377+0000] {logging_mixin.py:188} INFO - [2025-10-14T14:51:54.377+0000] {dagbag.py:540} INFO - Filling up the DagBag from /home/airflow/.local/lib/python3.8/site-packages/airflow/example_dags/example_external_task_marker_dag.py
[2025-10-14T14:51:54.383+0000] {processor.py:840} INFO - DAG(s) 'example_external_task_marker_child', 'example_external_task_marker_parent' retrieved from /home/airflow/.local/lib/python3.8/site-packages/airflow/example_dags/example_external_task_marker_dag.py
[2025-10-14T14:51:54.405+0000] {logging_mixin.py:188} INFO - [2025-10-14T14:51:54.404+0000] {dag.py:3047} INFO - Sync 2 DAGs
[2025-10-14T14:51:54.417+0000] {logging_mixin.py:188} INFO - [2025-10-14T14:51:54.416+0000] {dag.py:3834} INFO - Setting next_dagrun for example_external_task_marker_child to None, run_after=None
[2025-10-14T14:51:54.420+0000] {logging_mixin.py:188} INFO - [2025-10-14T14:51:54.420+0000] {dag.py:3834} INFO - Setting next_dagrun for example_external_task_marker_parent to None, run_after=None
[2025-10-14T14:51:54.435+0000] {processor.py:183} INFO - Processing /home/airflow/.local/lib/python3.8/site-packages/airflow/example_dags/example_external_task_marker_dag.py took 0.063 seconds
[2025-10-14T14:52:25.662+0000] {processor.py:161} INFO - Started process (PID=654) to work on /home/airflow/.local/lib/python3.8/site-packages/airflow/example_dags/example_external_task_marker_dag.py
[2025-10-14T14:52:25.663+0000] {processor.py:830} INFO - Processing file /home/airflow/.local/lib/python3.8/site-packages/airflow/example_dags/example_external_task_marker_dag.py for tasks to queue
[2025-10-14T14:52:25.665+0000] {logging_mixin.py:188} INFO - [2025-10-14T14:52:25.665+0000] {dagbag.py:540} INFO - Filling up the DagBag from /home/airflow/.local/lib/python3.8/site-packages/airflow/example_dags/example_external_task_marker_dag.py
[2025-10-14T14:52:25.671+0000] {processor.py:840} INFO - DAG(s) 'example_external_task_marker_child', 'example_external_task_marker_parent' retrieved from /home/airflow/.local/lib/python3.8/site-packages/airflow/example_dags/example_external_task_marker_dag.py
[2025-10-14T14:52:25.690+0000] {logging_mixin.py:188} INFO - [2025-10-14T14:52:25.689+0000] {dag.py:3047} INFO - Sync 2 DAGs
[2025-10-14T14:52:25.701+0000] {logging_mixin.py:188} INFO - [2025-10-14T14:52:25.701+0000] {dag.py:3834} INFO - Setting next_dagrun for example_external_task_marker_child to None, run_after=None
[2025-10-14T14:52:25.704+0000] {logging_mixin.py:188} INFO - [2025-10-14T14:52:25.704+0000] {dag.py:3834} INFO - Setting next_dagrun for example_external_task_marker_parent to None, run_after=None
[2025-10-14T14:52:25.718+0000] {processor.py:183} INFO - Processing /home/airflow/.local/lib/python3.8/site-packages/airflow/example_dags/example_external_task_marker_dag.py took 0.058 seconds
[2025-10-14T14:52:56.596+0000] {processor.py:161} INFO - Started process (PID=713) to work on /home/airflow/.local/lib/python3.8/site-packages/airflow/example_dags/example_external_task_marker_dag.py
[2025-10-14T14:52:56.597+0000] {processor.py:830} INFO - Processing file /home/airflow/.local/lib/python3.8/site-packages/airflow/example_dags/example_external_task_marker_dag.py for tasks to queue
[2025-10-14T14:52:56.598+0000] {logging_mixin.py:188} INFO - [2025-10-14T14:52:56.598+0000] {dagbag.py:540} INFO - Filling up the DagBag from /home/airflow/.local/lib/python3.8/site-packages/airflow/example_dags/example_external_task_marker_dag.py
[2025-10-14T14:52:56.603+0000] {processor.py:840} INFO - DAG(s) 'example_external_task_marker_child', 'example_external_task_marker_parent' retrieved from /home/airflow/.local/lib/python3.8/site-packages/airflow/example_dags/example_external_task_marker_dag.py
[2025-10-14T14:52:56.623+0000] {logging_mixin.py:188} INFO - [2025-10-14T14:52:56.623+0000] {dag.py:3047} INFO - Sync 2 DAGs
[2025-10-14T14:52:56.635+0000] {logging_mixin.py:188} INFO - [2025-10-14T14:52:56.634+0000] {dag.py:3834} INFO - Setting next_dagrun for example_external_task_marker_child to None, run_after=None
[2025-10-14T14:52:56.638+0000] {logging_mixin.py:188} INFO - [2025-10-14T14:52:56.638+0000] {dag.py:3834} INFO - Setting next_dagrun for example_external_task_marker_parent to None, run_after=None
[2025-10-14T14:52:56.652+0000] {processor.py:183} INFO - Processing /home/airflow/.local/lib/python3.8/site-packages/airflow/example_dags/example_external_task_marker_dag.py took 0.059 seconds
[2025-10-14T14:53:26.905+0000] {processor.py:161} INFO - Started process (PID=772) to work on /home/airflow/.local/lib/python3.8/site-packages/airflow/example_dags/example_external_task_marker_dag.py
[2025-10-14T14:53:26.906+0000] {processor.py:830} INFO - Processing file /home/airflow/.local/lib/python3.8/site-packages/airflow/example_dags/example_external_task_marker_dag.py for tasks to queue
[2025-10-14T14:53:26.908+0000] {logging_mixin.py:188} INFO - [2025-10-14T14:53:26.908+0000] {dagbag.py:540} INFO - Filling up the DagBag from /home/airflow/.local/lib/python3.8/site-packages/airflow/example_dags/example_external_task_marker_dag.py
[2025-10-14T14:53:26.914+0000] {processor.py:840} INFO - DAG(s) 'example_external_task_marker_child', 'example_external_task_marker_parent' retrieved from /home/airflow/.local/lib/python3.8/site-packages/airflow/example_dags/example_external_task_marker_dag.py
[2025-10-14T14:53:26.935+0000] {logging_mixin.py:188} INFO - [2025-10-14T14:53:26.935+0000] {dag.py:3047} INFO - Sync 2 DAGs
[2025-10-14T14:53:26.947+0000] {logging_mixin.py:188} INFO - [2025-10-14T14:53:26.947+0000] {dag.py:3834} INFO - Setting next_dagrun for example_external_task_marker_child to None, run_after=None
[2025-10-14T14:53:26.951+0000] {logging_mixin.py:188} INFO - [2025-10-14T14:53:26.950+0000] {dag.py:3834} INFO - Setting next_dagrun for example_external_task_marker_parent to None, run_after=None
[2025-10-14T14:53:26.968+0000] {processor.py:183} INFO - Processing /home/airflow/.local/lib/python3.8/site-packages/airflow/example_dags/example_external_task_marker_dag.py took 0.065 seconds
[2025-10-14T14:53:57.372+0000] {processor.py:161} INFO - Started process (PID=831) to work on /home/airflow/.local/lib/python3.8/site-packages/airflow/example_dags/example_external_task_marker_dag.py
[2025-10-14T14:53:57.373+0000] {processor.py:830} INFO - Processing file /home/airflow/.local/lib/python3.8/site-packages/airflow/example_dags/example_external_task_marker_dag.py for tasks to queue
[2025-10-14T14:53:57.375+0000] {logging_mixin.py:188} INFO - [2025-10-14T14:53:57.374+0000] {dagbag.py:540} INFO - Filling up the DagBag from /home/airflow/.local/lib/python3.8/site-packages/airflow/example_dags/example_external_task_marker_dag.py
[2025-10-14T14:53:57.380+0000] {processor.py:840} INFO - DAG(s) 'example_external_task_marker_parent', 'example_external_task_marker_child' retrieved from /home/airflow/.local/lib/python3.8/site-packages/airflow/example_dags/example_external_task_marker_dag.py
[2025-10-14T14:53:57.401+0000] {logging_mixin.py:188} INFO - [2025-10-14T14:53:57.401+0000] {dag.py:3047} INFO - Sync 2 DAGs
[2025-10-14T14:53:57.413+0000] {logging_mixin.py:188} INFO - [2025-10-14T14:53:57.413+0000] {dag.py:3834} INFO - Setting next_dagrun for example_external_task_marker_child to None, run_after=None
[2025-10-14T14:53:57.417+0000] {logging_mixin.py:188} INFO - [2025-10-14T14:53:57.417+0000] {dag.py:3834} INFO - Setting next_dagrun for example_external_task_marker_parent to None, run_after=None
[2025-10-14T14:53:57.432+0000] {processor.py:183} INFO - Processing /home/airflow/.local/lib/python3.8/site-packages/airflow/example_dags/example_external_task_marker_dag.py took 0.063 seconds
[2025-10-14T14:54:28.225+0000] {processor.py:161} INFO - Started process (PID=890) to work on /home/airflow/.local/lib/python3.8/site-packages/airflow/example_dags/example_external_task_marker_dag.py
[2025-10-14T14:54:28.227+0000] {processor.py:830} INFO - Processing file /home/airflow/.local/lib/python3.8/site-packages/airflow/example_dags/example_external_task_marker_dag.py for tasks to queue
[2025-10-14T14:54:28.228+0000] {logging_mixin.py:188} INFO - [2025-10-14T14:54:28.228+0000] {dagbag.py:540} INFO - Filling up the DagBag from /home/airflow/.local/lib/python3.8/site-packages/airflow/example_dags/example_external_task_marker_dag.py
[2025-10-14T14:54:28.234+0000] {processor.py:840} INFO - DAG(s) 'example_external_task_marker_parent', 'example_external_task_marker_child' retrieved from /home/airflow/.local/lib/python3.8/site-packages/airflow/example_dags/example_external_task_marker_dag.py
[2025-10-14T14:54:28.254+0000] {logging_mixin.py:188} INFO - [2025-10-14T14:54:28.254+0000] {dag.py:3047} INFO - Sync 2 DAGs
[2025-10-14T14:54:28.266+0000] {logging_mixin.py:188} INFO - [2025-10-14T14:54:28.265+0000] {dag.py:3834} INFO - Setting next_dagrun for example_external_task_marker_child to None, run_after=None
[2025-10-14T14:54:28.269+0000] {logging_mixin.py:188} INFO - [2025-10-14T14:54:28.269+0000] {dag.py:3834} INFO - Setting next_dagrun for example_external_task_marker_parent to None, run_after=None
[2025-10-14T14:54:28.283+0000] {processor.py:183} INFO - Processing /home/airflow/.local/lib/python3.8/site-packages/airflow/example_dags/example_external_task_marker_dag.py took 0.060 seconds
[2025-10-14T14:54:59.470+0000] {processor.py:161} INFO - Started process (PID=949) to work on /home/airflow/.local/lib/python3.8/site-packages/airflow/example_dags/example_external_task_marker_dag.py
[2025-10-14T14:54:59.471+0000] {processor.py:830} INFO - Processing file /home/airflow/.local/lib/python3.8/site-packages/airflow/example_dags/example_external_task_marker_dag.py for tasks to queue
[2025-10-14T14:54:59.474+0000] {logging_mixin.py:188} INFO - [2025-10-14T14:54:59.474+0000] {dagbag.py:540} INFO - Filling up the DagBag from /home/airflow/.local/lib/python3.8/site-packages/airflow/example_dags/example_external_task_marker_dag.py
[2025-10-14T14:54:59.481+0000] {processor.py:840} INFO - DAG(s) 'example_external_task_marker_parent', 'example_external_task_marker_child' retrieved from /home/airflow/.local/lib/python3.8/site-packages/airflow/example_dags/example_external_task_marker_dag.py
[2025-10-14T14:54:59.504+0000] {logging_mixin.py:188} INFO - [2025-10-14T14:54:59.503+0000] {dag.py:3047} INFO - Sync 2 DAGs
[2025-10-14T14:54:59.517+0000] {logging_mixin.py:188} INFO - [2025-10-14T14:54:59.516+0000] {dag.py:3834} INFO - Setting next_dagrun for example_external_task_marker_child to None, run_after=None
[2025-10-14T14:54:59.520+0000] {logging_mixin.py:188} INFO - [2025-10-14T14:54:59.520+0000] {dag.py:3834} INFO - Setting next_dagrun for example_external_task_marker_parent to None, run_after=None
[2025-10-14T14:54:59.537+0000] {processor.py:183} INFO - Processing /home/airflow/.local/lib/python3.8/site-packages/airflow/example_dags/example_external_task_marker_dag.py took 0.070 seconds
[2025-10-14T14:55:29.950+0000] {processor.py:161} INFO - Started process (PID=1008) to work on /home/airflow/.local/lib/python3.8/site-packages/airflow/example_dags/example_external_task_marker_dag.py
[2025-10-14T14:55:29.952+0000] {processor.py:830} INFO - Processing file /home/airflow/.local/lib/python3.8/site-packages/airflow/example_dags/example_external_task_marker_dag.py for tasks to queue
[2025-10-14T14:55:29.954+0000] {logging_mixin.py:188} INFO - [2025-10-14T14:55:29.953+0000] {dagbag.py:540} INFO - Filling up the DagBag from /home/airflow/.local/lib/python3.8/site-packages/airflow/example_dags/example_external_task_marker_dag.py
[2025-10-14T14:55:29.961+0000] {processor.py:840} INFO - DAG(s) 'example_external_task_marker_child', 'example_external_task_marker_parent' retrieved from /home/airflow/.local/lib/python3.8/site-packages/airflow/example_dags/example_external_task_marker_dag.py
[2025-10-14T14:55:29.984+0000] {logging_mixin.py:188} INFO - [2025-10-14T14:55:29.984+0000] {dag.py:3047} INFO - Sync 2 DAGs
[2025-10-14T14:55:29.997+0000] {logging_mixin.py:188} INFO - [2025-10-14T14:55:29.997+0000] {dag.py:3834} INFO - Setting next_dagrun for example_external_task_marker_child to None, run_after=None
[2025-10-14T14:55:30.004+0000] {logging_mixin.py:188} INFO - [2025-10-14T14:55:30.004+0000] {dag.py:3834} INFO - Setting next_dagrun for example_external_task_marker_parent to None, run_after=None
[2025-10-14T14:55:30.030+0000] {processor.py:183} INFO - Processing /home/airflow/.local/lib/python3.8/site-packages/airflow/example_dags/example_external_task_marker_dag.py took 0.082 seconds
