[2025-10-14T14:44:56.975+0000] {processor.py:161} INFO - Started process (PID=94) to work on /home/airflow/.local/lib/python3.8/site-packages/airflow/example_dags/example_bash_operator.py
[2025-10-14T14:44:56.976+0000] {processor.py:830} INFO - Processing file /home/airflow/.local/lib/python3.8/site-packages/airflow/example_dags/example_bash_operator.py for tasks to queue
[2025-10-14T14:44:56.978+0000] {logging_mixin.py:188} INFO - [2025-10-14T14:44:56.978+0000] {dagbag.py:540} INFO - Filling up the DagBag from /home/airflow/.local/lib/python3.8/site-packages/airflow/example_dags/example_bash_operator.py
[2025-10-14T14:44:56.995+0000] {processor.py:840} INFO - DAG(s) 'example_bash_operator' retrieved from /home/airflow/.local/lib/python3.8/site-packages/airflow/example_dags/example_bash_operator.py
[2025-10-14T14:44:57.112+0000] {logging_mixin.py:188} INFO - [2025-10-14T14:44:57.111+0000] {override.py:1769} INFO - Created Permission View: can edit on DAG:example_bash_operator
[2025-10-14T14:44:57.123+0000] {logging_mixin.py:188} INFO - [2025-10-14T14:44:57.123+0000] {override.py:1769} INFO - Created Permission View: can delete on DAG:example_bash_operator
[2025-10-14T14:44:57.133+0000] {logging_mixin.py:188} INFO - [2025-10-14T14:44:57.133+0000] {override.py:1769} INFO - Created Permission View: can read on DAG:example_bash_operator
[2025-10-14T14:44:57.134+0000] {logging_mixin.py:188} INFO - [2025-10-14T14:44:57.134+0000] {dag.py:3047} INFO - Sync 1 DAGs
[2025-10-14T14:44:57.146+0000] {logging_mixin.py:188} INFO - [2025-10-14T14:44:57.146+0000] {dag.py:3069} INFO - Creating ORM DAG for example_bash_operator
[2025-10-14T14:44:57.157+0000] {logging_mixin.py:188} INFO - [2025-10-14T14:44:57.157+0000] {dag.py:3834} INFO - Setting next_dagrun for example_bash_operator to 2025-10-13 00:00:00+00:00, run_after=2025-10-14 00:00:00+00:00
[2025-10-14T14:44:57.174+0000] {processor.py:183} INFO - Processing /home/airflow/.local/lib/python3.8/site-packages/airflow/example_dags/example_bash_operator.py took 0.202 seconds
[2025-10-14T14:45:27.818+0000] {processor.py:161} INFO - Started process (PID=153) to work on /home/airflow/.local/lib/python3.8/site-packages/airflow/example_dags/example_bash_operator.py
[2025-10-14T14:45:27.819+0000] {processor.py:830} INFO - Processing file /home/airflow/.local/lib/python3.8/site-packages/airflow/example_dags/example_bash_operator.py for tasks to queue
[2025-10-14T14:45:27.821+0000] {logging_mixin.py:188} INFO - [2025-10-14T14:45:27.820+0000] {dagbag.py:540} INFO - Filling up the DagBag from /home/airflow/.local/lib/python3.8/site-packages/airflow/example_dags/example_bash_operator.py
[2025-10-14T14:45:27.834+0000] {processor.py:840} INFO - DAG(s) 'example_bash_operator' retrieved from /home/airflow/.local/lib/python3.8/site-packages/airflow/example_dags/example_bash_operator.py
[2025-10-14T14:45:27.859+0000] {logging_mixin.py:188} INFO - [2025-10-14T14:45:27.859+0000] {dag.py:3047} INFO - Sync 1 DAGs
[2025-10-14T14:45:27.880+0000] {logging_mixin.py:188} INFO - [2025-10-14T14:45:27.880+0000] {dag.py:3834} INFO - Setting next_dagrun for example_bash_operator to 2025-10-13 00:00:00+00:00, run_after=2025-10-14 00:00:00+00:00
[2025-10-14T14:45:27.896+0000] {processor.py:183} INFO - Processing /home/airflow/.local/lib/python3.8/site-packages/airflow/example_dags/example_bash_operator.py took 0.081 seconds
[2025-10-14T14:45:58.283+0000] {processor.py:161} INFO - Started process (PID=212) to work on /home/airflow/.local/lib/python3.8/site-packages/airflow/example_dags/example_bash_operator.py
[2025-10-14T14:45:58.284+0000] {processor.py:830} INFO - Processing file /home/airflow/.local/lib/python3.8/site-packages/airflow/example_dags/example_bash_operator.py for tasks to queue
[2025-10-14T14:45:58.285+0000] {logging_mixin.py:188} INFO - [2025-10-14T14:45:58.285+0000] {dagbag.py:540} INFO - Filling up the DagBag from /home/airflow/.local/lib/python3.8/site-packages/airflow/example_dags/example_bash_operator.py
[2025-10-14T14:45:58.296+0000] {processor.py:840} INFO - DAG(s) 'example_bash_operator' retrieved from /home/airflow/.local/lib/python3.8/site-packages/airflow/example_dags/example_bash_operator.py
[2025-10-14T14:45:58.326+0000] {logging_mixin.py:188} INFO - [2025-10-14T14:45:58.326+0000] {dag.py:3047} INFO - Sync 1 DAGs
[2025-10-14T14:45:58.350+0000] {logging_mixin.py:188} INFO - [2025-10-14T14:45:58.349+0000] {dag.py:3834} INFO - Setting next_dagrun for example_bash_operator to 2025-10-13 00:00:00+00:00, run_after=2025-10-14 00:00:00+00:00
[2025-10-14T14:45:58.367+0000] {processor.py:183} INFO - Processing /home/airflow/.local/lib/python3.8/site-packages/airflow/example_dags/example_bash_operator.py took 0.088 seconds
[2025-10-14T14:47:48.690+0000] {processor.py:161} INFO - Started process (PID=93) to work on /home/airflow/.local/lib/python3.8/site-packages/airflow/example_dags/example_bash_operator.py
[2025-10-14T14:47:48.691+0000] {processor.py:830} INFO - Processing file /home/airflow/.local/lib/python3.8/site-packages/airflow/example_dags/example_bash_operator.py for tasks to queue
[2025-10-14T14:47:48.693+0000] {logging_mixin.py:188} INFO - [2025-10-14T14:47:48.693+0000] {dagbag.py:540} INFO - Filling up the DagBag from /home/airflow/.local/lib/python3.8/site-packages/airflow/example_dags/example_bash_operator.py
[2025-10-14T14:47:48.708+0000] {processor.py:840} INFO - DAG(s) 'example_bash_operator' retrieved from /home/airflow/.local/lib/python3.8/site-packages/airflow/example_dags/example_bash_operator.py
[2025-10-14T14:47:48.816+0000] {logging_mixin.py:188} INFO - [2025-10-14T14:47:48.815+0000] {dag.py:3047} INFO - Sync 1 DAGs
[2025-10-14T14:47:48.838+0000] {logging_mixin.py:188} INFO - [2025-10-14T14:47:48.837+0000] {dag.py:3834} INFO - Setting next_dagrun for example_bash_operator to 2025-10-13 00:00:00+00:00, run_after=2025-10-14 00:00:00+00:00
[2025-10-14T14:47:48.871+0000] {processor.py:183} INFO - Processing /home/airflow/.local/lib/python3.8/site-packages/airflow/example_dags/example_bash_operator.py took 0.184 seconds
[2025-10-14T14:48:19.672+0000] {processor.py:161} INFO - Started process (PID=152) to work on /home/airflow/.local/lib/python3.8/site-packages/airflow/example_dags/example_bash_operator.py
[2025-10-14T14:48:19.673+0000] {processor.py:830} INFO - Processing file /home/airflow/.local/lib/python3.8/site-packages/airflow/example_dags/example_bash_operator.py for tasks to queue
[2025-10-14T14:48:19.675+0000] {logging_mixin.py:188} INFO - [2025-10-14T14:48:19.675+0000] {dagbag.py:540} INFO - Filling up the DagBag from /home/airflow/.local/lib/python3.8/site-packages/airflow/example_dags/example_bash_operator.py
[2025-10-14T14:48:19.686+0000] {processor.py:840} INFO - DAG(s) 'example_bash_operator' retrieved from /home/airflow/.local/lib/python3.8/site-packages/airflow/example_dags/example_bash_operator.py
[2025-10-14T14:48:19.713+0000] {logging_mixin.py:188} INFO - [2025-10-14T14:48:19.712+0000] {dag.py:3047} INFO - Sync 1 DAGs
[2025-10-14T14:48:19.733+0000] {logging_mixin.py:188} INFO - [2025-10-14T14:48:19.733+0000] {dag.py:3834} INFO - Setting next_dagrun for example_bash_operator to 2025-10-13 00:00:00+00:00, run_after=2025-10-14 00:00:00+00:00
[2025-10-14T14:48:19.754+0000] {processor.py:183} INFO - Processing /home/airflow/.local/lib/python3.8/site-packages/airflow/example_dags/example_bash_operator.py took 0.085 seconds
[2025-10-14T14:48:49.940+0000] {processor.py:161} INFO - Started process (PID=211) to work on /home/airflow/.local/lib/python3.8/site-packages/airflow/example_dags/example_bash_operator.py
[2025-10-14T14:48:49.941+0000] {processor.py:830} INFO - Processing file /home/airflow/.local/lib/python3.8/site-packages/airflow/example_dags/example_bash_operator.py for tasks to queue
[2025-10-14T14:48:49.943+0000] {logging_mixin.py:188} INFO - [2025-10-14T14:48:49.943+0000] {dagbag.py:540} INFO - Filling up the DagBag from /home/airflow/.local/lib/python3.8/site-packages/airflow/example_dags/example_bash_operator.py
[2025-10-14T14:48:49.954+0000] {processor.py:840} INFO - DAG(s) 'example_bash_operator' retrieved from /home/airflow/.local/lib/python3.8/site-packages/airflow/example_dags/example_bash_operator.py
[2025-10-14T14:48:49.980+0000] {logging_mixin.py:188} INFO - [2025-10-14T14:48:49.980+0000] {dag.py:3047} INFO - Sync 1 DAGs
[2025-10-14T14:48:49.999+0000] {logging_mixin.py:188} INFO - [2025-10-14T14:48:49.999+0000] {dag.py:3834} INFO - Setting next_dagrun for example_bash_operator to 2025-10-13 00:00:00+00:00, run_after=2025-10-14 00:00:00+00:00
[2025-10-14T14:48:50.015+0000] {processor.py:183} INFO - Processing /home/airflow/.local/lib/python3.8/site-packages/airflow/example_dags/example_bash_operator.py took 0.077 seconds
[2025-10-14T14:49:20.048+0000] {processor.py:161} INFO - Started process (PID=268) to work on /home/airflow/.local/lib/python3.8/site-packages/airflow/example_dags/example_bash_operator.py
[2025-10-14T14:49:20.049+0000] {processor.py:830} INFO - Processing file /home/airflow/.local/lib/python3.8/site-packages/airflow/example_dags/example_bash_operator.py for tasks to queue
[2025-10-14T14:49:20.051+0000] {logging_mixin.py:188} INFO - [2025-10-14T14:49:20.051+0000] {dagbag.py:540} INFO - Filling up the DagBag from /home/airflow/.local/lib/python3.8/site-packages/airflow/example_dags/example_bash_operator.py
[2025-10-14T14:49:20.062+0000] {processor.py:840} INFO - DAG(s) 'example_bash_operator' retrieved from /home/airflow/.local/lib/python3.8/site-packages/airflow/example_dags/example_bash_operator.py
[2025-10-14T14:49:20.088+0000] {logging_mixin.py:188} INFO - [2025-10-14T14:49:20.088+0000] {dag.py:3047} INFO - Sync 1 DAGs
[2025-10-14T14:49:20.108+0000] {logging_mixin.py:188} INFO - [2025-10-14T14:49:20.107+0000] {dag.py:3834} INFO - Setting next_dagrun for example_bash_operator to 2025-10-13 00:00:00+00:00, run_after=2025-10-14 00:00:00+00:00
[2025-10-14T14:49:20.125+0000] {processor.py:183} INFO - Processing /home/airflow/.local/lib/python3.8/site-packages/airflow/example_dags/example_bash_operator.py took 0.080 seconds
[2025-10-14T14:49:51.089+0000] {processor.py:161} INFO - Started process (PID=334) to work on /home/airflow/.local/lib/python3.8/site-packages/airflow/example_dags/example_bash_operator.py
[2025-10-14T14:49:51.090+0000] {processor.py:830} INFO - Processing file /home/airflow/.local/lib/python3.8/site-packages/airflow/example_dags/example_bash_operator.py for tasks to queue
[2025-10-14T14:49:51.091+0000] {logging_mixin.py:188} INFO - [2025-10-14T14:49:51.091+0000] {dagbag.py:540} INFO - Filling up the DagBag from /home/airflow/.local/lib/python3.8/site-packages/airflow/example_dags/example_bash_operator.py
[2025-10-14T14:49:51.104+0000] {processor.py:840} INFO - DAG(s) 'example_bash_operator' retrieved from /home/airflow/.local/lib/python3.8/site-packages/airflow/example_dags/example_bash_operator.py
[2025-10-14T14:49:51.136+0000] {logging_mixin.py:188} INFO - [2025-10-14T14:49:51.136+0000] {dag.py:3047} INFO - Sync 1 DAGs
[2025-10-14T14:49:51.162+0000] {logging_mixin.py:188} INFO - [2025-10-14T14:49:51.162+0000] {dag.py:3834} INFO - Setting next_dagrun for example_bash_operator to 2025-10-13 00:00:00+00:00, run_after=2025-10-14 00:00:00+00:00
[2025-10-14T14:49:51.196+0000] {processor.py:183} INFO - Processing /home/airflow/.local/lib/python3.8/site-packages/airflow/example_dags/example_bash_operator.py took 0.110 seconds
[2025-10-14T14:50:21.314+0000] {processor.py:161} INFO - Started process (PID=392) to work on /home/airflow/.local/lib/python3.8/site-packages/airflow/example_dags/example_bash_operator.py
[2025-10-14T14:50:21.316+0000] {processor.py:830} INFO - Processing file /home/airflow/.local/lib/python3.8/site-packages/airflow/example_dags/example_bash_operator.py for tasks to queue
[2025-10-14T14:50:21.317+0000] {logging_mixin.py:188} INFO - [2025-10-14T14:50:21.317+0000] {dagbag.py:540} INFO - Filling up the DagBag from /home/airflow/.local/lib/python3.8/site-packages/airflow/example_dags/example_bash_operator.py
[2025-10-14T14:50:21.328+0000] {processor.py:840} INFO - DAG(s) 'example_bash_operator' retrieved from /home/airflow/.local/lib/python3.8/site-packages/airflow/example_dags/example_bash_operator.py
[2025-10-14T14:50:21.358+0000] {logging_mixin.py:188} INFO - [2025-10-14T14:50:21.358+0000] {dag.py:3047} INFO - Sync 1 DAGs
[2025-10-14T14:50:21.381+0000] {logging_mixin.py:188} INFO - [2025-10-14T14:50:21.381+0000] {dag.py:3834} INFO - Setting next_dagrun for example_bash_operator to 2025-10-13 00:00:00+00:00, run_after=2025-10-14 00:00:00+00:00
[2025-10-14T14:50:21.399+0000] {processor.py:183} INFO - Processing /home/airflow/.local/lib/python3.8/site-packages/airflow/example_dags/example_bash_operator.py took 0.088 seconds
[2025-10-14T14:50:51.756+0000] {processor.py:161} INFO - Started process (PID=451) to work on /home/airflow/.local/lib/python3.8/site-packages/airflow/example_dags/example_bash_operator.py
[2025-10-14T14:50:51.757+0000] {processor.py:830} INFO - Processing file /home/airflow/.local/lib/python3.8/site-packages/airflow/example_dags/example_bash_operator.py for tasks to queue
[2025-10-14T14:50:51.759+0000] {logging_mixin.py:188} INFO - [2025-10-14T14:50:51.759+0000] {dagbag.py:540} INFO - Filling up the DagBag from /home/airflow/.local/lib/python3.8/site-packages/airflow/example_dags/example_bash_operator.py
[2025-10-14T14:50:51.771+0000] {processor.py:840} INFO - DAG(s) 'example_bash_operator' retrieved from /home/airflow/.local/lib/python3.8/site-packages/airflow/example_dags/example_bash_operator.py
[2025-10-14T14:50:51.798+0000] {logging_mixin.py:188} INFO - [2025-10-14T14:50:51.798+0000] {dag.py:3047} INFO - Sync 1 DAGs
[2025-10-14T14:50:51.820+0000] {logging_mixin.py:188} INFO - [2025-10-14T14:50:51.820+0000] {dag.py:3834} INFO - Setting next_dagrun for example_bash_operator to 2025-10-13 00:00:00+00:00, run_after=2025-10-14 00:00:00+00:00
[2025-10-14T14:50:51.842+0000] {processor.py:183} INFO - Processing /home/airflow/.local/lib/python3.8/site-packages/airflow/example_dags/example_bash_operator.py took 0.089 seconds
[2025-10-14T14:51:21.893+0000] {processor.py:161} INFO - Started process (PID=511) to work on /home/airflow/.local/lib/python3.8/site-packages/airflow/example_dags/example_bash_operator.py
[2025-10-14T14:51:21.894+0000] {processor.py:830} INFO - Processing file /home/airflow/.local/lib/python3.8/site-packages/airflow/example_dags/example_bash_operator.py for tasks to queue
[2025-10-14T14:51:21.896+0000] {logging_mixin.py:188} INFO - [2025-10-14T14:51:21.895+0000] {dagbag.py:540} INFO - Filling up the DagBag from /home/airflow/.local/lib/python3.8/site-packages/airflow/example_dags/example_bash_operator.py
[2025-10-14T14:51:21.909+0000] {processor.py:840} INFO - DAG(s) 'example_bash_operator' retrieved from /home/airflow/.local/lib/python3.8/site-packages/airflow/example_dags/example_bash_operator.py
[2025-10-14T14:51:21.945+0000] {logging_mixin.py:188} INFO - [2025-10-14T14:51:21.944+0000] {dag.py:3047} INFO - Sync 1 DAGs
[2025-10-14T14:51:21.972+0000] {logging_mixin.py:188} INFO - [2025-10-14T14:51:21.972+0000] {dag.py:3834} INFO - Setting next_dagrun for example_bash_operator to 2025-10-13 00:00:00+00:00, run_after=2025-10-14 00:00:00+00:00
[2025-10-14T14:51:21.996+0000] {processor.py:183} INFO - Processing /home/airflow/.local/lib/python3.8/site-packages/airflow/example_dags/example_bash_operator.py took 0.106 seconds
[2025-10-14T14:51:52.099+0000] {processor.py:161} INFO - Started process (PID=570) to work on /home/airflow/.local/lib/python3.8/site-packages/airflow/example_dags/example_bash_operator.py
[2025-10-14T14:51:52.100+0000] {processor.py:830} INFO - Processing file /home/airflow/.local/lib/python3.8/site-packages/airflow/example_dags/example_bash_operator.py for tasks to queue
[2025-10-14T14:51:52.102+0000] {logging_mixin.py:188} INFO - [2025-10-14T14:51:52.102+0000] {dagbag.py:540} INFO - Filling up the DagBag from /home/airflow/.local/lib/python3.8/site-packages/airflow/example_dags/example_bash_operator.py
[2025-10-14T14:51:52.112+0000] {processor.py:840} INFO - DAG(s) 'example_bash_operator' retrieved from /home/airflow/.local/lib/python3.8/site-packages/airflow/example_dags/example_bash_operator.py
[2025-10-14T14:51:52.137+0000] {logging_mixin.py:188} INFO - [2025-10-14T14:51:52.137+0000] {dag.py:3047} INFO - Sync 1 DAGs
[2025-10-14T14:51:52.157+0000] {logging_mixin.py:188} INFO - [2025-10-14T14:51:52.157+0000] {dag.py:3834} INFO - Setting next_dagrun for example_bash_operator to 2025-10-13 00:00:00+00:00, run_after=2025-10-14 00:00:00+00:00
[2025-10-14T14:51:52.176+0000] {processor.py:183} INFO - Processing /home/airflow/.local/lib/python3.8/site-packages/airflow/example_dags/example_bash_operator.py took 0.079 seconds
[2025-10-14T14:52:22.388+0000] {processor.py:161} INFO - Started process (PID=629) to work on /home/airflow/.local/lib/python3.8/site-packages/airflow/example_dags/example_bash_operator.py
[2025-10-14T14:52:22.389+0000] {processor.py:830} INFO - Processing file /home/airflow/.local/lib/python3.8/site-packages/airflow/example_dags/example_bash_operator.py for tasks to queue
[2025-10-14T14:52:22.391+0000] {logging_mixin.py:188} INFO - [2025-10-14T14:52:22.391+0000] {dagbag.py:540} INFO - Filling up the DagBag from /home/airflow/.local/lib/python3.8/site-packages/airflow/example_dags/example_bash_operator.py
[2025-10-14T14:52:22.401+0000] {processor.py:840} INFO - DAG(s) 'example_bash_operator' retrieved from /home/airflow/.local/lib/python3.8/site-packages/airflow/example_dags/example_bash_operator.py
[2025-10-14T14:52:22.427+0000] {logging_mixin.py:188} INFO - [2025-10-14T14:52:22.427+0000] {dag.py:3047} INFO - Sync 1 DAGs
[2025-10-14T14:52:22.449+0000] {logging_mixin.py:188} INFO - [2025-10-14T14:52:22.449+0000] {dag.py:3834} INFO - Setting next_dagrun for example_bash_operator to 2025-10-13 00:00:00+00:00, run_after=2025-10-14 00:00:00+00:00
[2025-10-14T14:52:22.470+0000] {processor.py:183} INFO - Processing /home/airflow/.local/lib/python3.8/site-packages/airflow/example_dags/example_bash_operator.py took 0.085 seconds
[2025-10-14T14:52:53.246+0000] {processor.py:161} INFO - Started process (PID=688) to work on /home/airflow/.local/lib/python3.8/site-packages/airflow/example_dags/example_bash_operator.py
[2025-10-14T14:52:53.247+0000] {processor.py:830} INFO - Processing file /home/airflow/.local/lib/python3.8/site-packages/airflow/example_dags/example_bash_operator.py for tasks to queue
[2025-10-14T14:52:53.249+0000] {logging_mixin.py:188} INFO - [2025-10-14T14:52:53.249+0000] {dagbag.py:540} INFO - Filling up the DagBag from /home/airflow/.local/lib/python3.8/site-packages/airflow/example_dags/example_bash_operator.py
[2025-10-14T14:52:53.259+0000] {processor.py:840} INFO - DAG(s) 'example_bash_operator' retrieved from /home/airflow/.local/lib/python3.8/site-packages/airflow/example_dags/example_bash_operator.py
[2025-10-14T14:52:53.285+0000] {logging_mixin.py:188} INFO - [2025-10-14T14:52:53.285+0000] {dag.py:3047} INFO - Sync 1 DAGs
[2025-10-14T14:52:53.305+0000] {logging_mixin.py:188} INFO - [2025-10-14T14:52:53.305+0000] {dag.py:3834} INFO - Setting next_dagrun for example_bash_operator to 2025-10-13 00:00:00+00:00, run_after=2025-10-14 00:00:00+00:00
[2025-10-14T14:52:53.324+0000] {processor.py:183} INFO - Processing /home/airflow/.local/lib/python3.8/site-packages/airflow/example_dags/example_bash_operator.py took 0.080 seconds
[2025-10-14T14:53:23.464+0000] {processor.py:161} INFO - Started process (PID=747) to work on /home/airflow/.local/lib/python3.8/site-packages/airflow/example_dags/example_bash_operator.py
[2025-10-14T14:53:23.465+0000] {processor.py:830} INFO - Processing file /home/airflow/.local/lib/python3.8/site-packages/airflow/example_dags/example_bash_operator.py for tasks to queue
[2025-10-14T14:53:23.467+0000] {logging_mixin.py:188} INFO - [2025-10-14T14:53:23.467+0000] {dagbag.py:540} INFO - Filling up the DagBag from /home/airflow/.local/lib/python3.8/site-packages/airflow/example_dags/example_bash_operator.py
[2025-10-14T14:53:23.478+0000] {processor.py:840} INFO - DAG(s) 'example_bash_operator' retrieved from /home/airflow/.local/lib/python3.8/site-packages/airflow/example_dags/example_bash_operator.py
[2025-10-14T14:53:23.506+0000] {logging_mixin.py:188} INFO - [2025-10-14T14:53:23.506+0000] {dag.py:3047} INFO - Sync 1 DAGs
[2025-10-14T14:53:23.527+0000] {logging_mixin.py:188} INFO - [2025-10-14T14:53:23.526+0000] {dag.py:3834} INFO - Setting next_dagrun for example_bash_operator to 2025-10-13 00:00:00+00:00, run_after=2025-10-14 00:00:00+00:00
[2025-10-14T14:53:23.544+0000] {processor.py:183} INFO - Processing /home/airflow/.local/lib/python3.8/site-packages/airflow/example_dags/example_bash_operator.py took 0.083 seconds
[2025-10-14T14:53:53.735+0000] {processor.py:161} INFO - Started process (PID=806) to work on /home/airflow/.local/lib/python3.8/site-packages/airflow/example_dags/example_bash_operator.py
[2025-10-14T14:53:53.736+0000] {processor.py:830} INFO - Processing file /home/airflow/.local/lib/python3.8/site-packages/airflow/example_dags/example_bash_operator.py for tasks to queue
[2025-10-14T14:53:53.738+0000] {logging_mixin.py:188} INFO - [2025-10-14T14:53:53.738+0000] {dagbag.py:540} INFO - Filling up the DagBag from /home/airflow/.local/lib/python3.8/site-packages/airflow/example_dags/example_bash_operator.py
[2025-10-14T14:53:53.748+0000] {processor.py:840} INFO - DAG(s) 'example_bash_operator' retrieved from /home/airflow/.local/lib/python3.8/site-packages/airflow/example_dags/example_bash_operator.py
[2025-10-14T14:53:53.775+0000] {logging_mixin.py:188} INFO - [2025-10-14T14:53:53.775+0000] {dag.py:3047} INFO - Sync 1 DAGs
[2025-10-14T14:53:53.796+0000] {logging_mixin.py:188} INFO - [2025-10-14T14:53:53.796+0000] {dag.py:3834} INFO - Setting next_dagrun for example_bash_operator to 2025-10-13 00:00:00+00:00, run_after=2025-10-14 00:00:00+00:00
[2025-10-14T14:53:53.814+0000] {processor.py:183} INFO - Processing /home/airflow/.local/lib/python3.8/site-packages/airflow/example_dags/example_bash_operator.py took 0.082 seconds
[2025-10-14T14:54:23.925+0000] {processor.py:161} INFO - Started process (PID=865) to work on /home/airflow/.local/lib/python3.8/site-packages/airflow/example_dags/example_bash_operator.py
[2025-10-14T14:54:23.926+0000] {processor.py:830} INFO - Processing file /home/airflow/.local/lib/python3.8/site-packages/airflow/example_dags/example_bash_operator.py for tasks to queue
[2025-10-14T14:54:23.928+0000] {logging_mixin.py:188} INFO - [2025-10-14T14:54:23.928+0000] {dagbag.py:540} INFO - Filling up the DagBag from /home/airflow/.local/lib/python3.8/site-packages/airflow/example_dags/example_bash_operator.py
[2025-10-14T14:54:23.939+0000] {processor.py:840} INFO - DAG(s) 'example_bash_operator' retrieved from /home/airflow/.local/lib/python3.8/site-packages/airflow/example_dags/example_bash_operator.py
[2025-10-14T14:54:23.964+0000] {logging_mixin.py:188} INFO - [2025-10-14T14:54:23.964+0000] {dag.py:3047} INFO - Sync 1 DAGs
[2025-10-14T14:54:23.984+0000] {logging_mixin.py:188} INFO - [2025-10-14T14:54:23.984+0000] {dag.py:3834} INFO - Setting next_dagrun for example_bash_operator to 2025-10-13 00:00:00+00:00, run_after=2025-10-14 00:00:00+00:00
[2025-10-14T14:54:24.003+0000] {processor.py:183} INFO - Processing /home/airflow/.local/lib/python3.8/site-packages/airflow/example_dags/example_bash_operator.py took 0.081 seconds
[2025-10-14T14:54:54.064+0000] {processor.py:161} INFO - Started process (PID=924) to work on /home/airflow/.local/lib/python3.8/site-packages/airflow/example_dags/example_bash_operator.py
[2025-10-14T14:54:54.065+0000] {processor.py:830} INFO - Processing file /home/airflow/.local/lib/python3.8/site-packages/airflow/example_dags/example_bash_operator.py for tasks to queue
[2025-10-14T14:54:54.067+0000] {logging_mixin.py:188} INFO - [2025-10-14T14:54:54.066+0000] {dagbag.py:540} INFO - Filling up the DagBag from /home/airflow/.local/lib/python3.8/site-packages/airflow/example_dags/example_bash_operator.py
[2025-10-14T14:54:54.077+0000] {processor.py:840} INFO - DAG(s) 'example_bash_operator' retrieved from /home/airflow/.local/lib/python3.8/site-packages/airflow/example_dags/example_bash_operator.py
[2025-10-14T14:54:54.105+0000] {logging_mixin.py:188} INFO - [2025-10-14T14:54:54.105+0000] {dag.py:3047} INFO - Sync 1 DAGs
[2025-10-14T14:54:54.138+0000] {logging_mixin.py:188} INFO - [2025-10-14T14:54:54.138+0000] {dag.py:3834} INFO - Setting next_dagrun for example_bash_operator to 2025-10-13 00:00:00+00:00, run_after=2025-10-14 00:00:00+00:00
[2025-10-14T14:54:54.159+0000] {processor.py:183} INFO - Processing /home/airflow/.local/lib/python3.8/site-packages/airflow/example_dags/example_bash_operator.py took 0.098 seconds
[2025-10-14T14:55:24.413+0000] {processor.py:161} INFO - Started process (PID=983) to work on /home/airflow/.local/lib/python3.8/site-packages/airflow/example_dags/example_bash_operator.py
[2025-10-14T14:55:24.414+0000] {processor.py:830} INFO - Processing file /home/airflow/.local/lib/python3.8/site-packages/airflow/example_dags/example_bash_operator.py for tasks to queue
[2025-10-14T14:55:24.416+0000] {logging_mixin.py:188} INFO - [2025-10-14T14:55:24.416+0000] {dagbag.py:540} INFO - Filling up the DagBag from /home/airflow/.local/lib/python3.8/site-packages/airflow/example_dags/example_bash_operator.py
[2025-10-14T14:55:24.428+0000] {processor.py:840} INFO - DAG(s) 'example_bash_operator' retrieved from /home/airflow/.local/lib/python3.8/site-packages/airflow/example_dags/example_bash_operator.py
[2025-10-14T14:55:24.456+0000] {logging_mixin.py:188} INFO - [2025-10-14T14:55:24.456+0000] {dag.py:3047} INFO - Sync 1 DAGs
[2025-10-14T14:55:24.476+0000] {logging_mixin.py:188} INFO - [2025-10-14T14:55:24.476+0000] {dag.py:3834} INFO - Setting next_dagrun for example_bash_operator to 2025-10-13 00:00:00+00:00, run_after=2025-10-14 00:00:00+00:00
[2025-10-14T14:55:24.494+0000] {processor.py:183} INFO - Processing /home/airflow/.local/lib/python3.8/site-packages/airflow/example_dags/example_bash_operator.py took 0.084 seconds
