[2025-10-14T14:44:57.561+0000] {processor.py:161} INFO - Started process (PID=100) to work on /home/airflow/.local/lib/python3.8/site-packages/airflow/example_dags/example_sla_dag.py
[2025-10-14T14:44:57.562+0000] {processor.py:830} INFO - Processing file /home/airflow/.local/lib/python3.8/site-packages/airflow/example_dags/example_sla_dag.py for tasks to queue
[2025-10-14T14:44:57.564+0000] {logging_mixin.py:188} INFO - [2025-10-14T14:44:57.564+0000] {dagbag.py:540} INFO - Filling up the DagBag from /home/airflow/.local/lib/python3.8/site-packages/airflow/example_dags/example_sla_dag.py
[2025-10-14T14:44:57.575+0000] {processor.py:840} INFO - DAG(s) 'example_sla_dag' retrieved from /home/airflow/.local/lib/python3.8/site-packages/airflow/example_dags/example_sla_dag.py
[2025-10-14T14:44:57.665+0000] {logging_mixin.py:188} INFO - [2025-10-14T14:44:57.664+0000] {override.py:1769} INFO - Created Permission View: can edit on DAG:example_sla_dag
[2025-10-14T14:44:57.674+0000] {logging_mixin.py:188} INFO - [2025-10-14T14:44:57.674+0000] {override.py:1769} INFO - Created Permission View: can delete on DAG:example_sla_dag
[2025-10-14T14:44:57.681+0000] {logging_mixin.py:188} INFO - [2025-10-14T14:44:57.681+0000] {override.py:1769} INFO - Created Permission View: can read on DAG:example_sla_dag
[2025-10-14T14:44:57.682+0000] {logging_mixin.py:188} INFO - [2025-10-14T14:44:57.682+0000] {dag.py:3047} INFO - Sync 1 DAGs
[2025-10-14T14:44:57.691+0000] {logging_mixin.py:188} INFO - [2025-10-14T14:44:57.691+0000] {dag.py:3069} INFO - Creating ORM DAG for example_sla_dag
[2025-10-14T14:44:57.703+0000] {logging_mixin.py:188} INFO - [2025-10-14T14:44:57.703+0000] {dag.py:3834} INFO - Setting next_dagrun for example_sla_dag to 2025-10-14 14:42:00+00:00, run_after=2025-10-14 14:44:00+00:00
[2025-10-14T14:44:57.716+0000] {processor.py:183} INFO - Processing /home/airflow/.local/lib/python3.8/site-packages/airflow/example_dags/example_sla_dag.py took 0.159 seconds
[2025-10-14T14:45:28.079+0000] {processor.py:161} INFO - Started process (PID=159) to work on /home/airflow/.local/lib/python3.8/site-packages/airflow/example_dags/example_sla_dag.py
[2025-10-14T14:45:28.080+0000] {processor.py:830} INFO - Processing file /home/airflow/.local/lib/python3.8/site-packages/airflow/example_dags/example_sla_dag.py for tasks to queue
[2025-10-14T14:45:28.082+0000] {logging_mixin.py:188} INFO - [2025-10-14T14:45:28.081+0000] {dagbag.py:540} INFO - Filling up the DagBag from /home/airflow/.local/lib/python3.8/site-packages/airflow/example_dags/example_sla_dag.py
[2025-10-14T14:45:28.090+0000] {processor.py:840} INFO - DAG(s) 'example_sla_dag' retrieved from /home/airflow/.local/lib/python3.8/site-packages/airflow/example_dags/example_sla_dag.py
[2025-10-14T14:45:28.106+0000] {logging_mixin.py:188} INFO - [2025-10-14T14:45:28.106+0000] {dag.py:3047} INFO - Sync 1 DAGs
[2025-10-14T14:45:28.129+0000] {logging_mixin.py:188} INFO - [2025-10-14T14:45:28.128+0000] {dag.py:3834} INFO - Setting next_dagrun for example_sla_dag to 2025-10-14 14:42:00+00:00, run_after=2025-10-14 14:44:00+00:00
[2025-10-14T14:45:28.143+0000] {processor.py:183} INFO - Processing /home/airflow/.local/lib/python3.8/site-packages/airflow/example_dags/example_sla_dag.py took 0.067 seconds
[2025-10-14T14:45:58.554+0000] {processor.py:161} INFO - Started process (PID=218) to work on /home/airflow/.local/lib/python3.8/site-packages/airflow/example_dags/example_sla_dag.py
[2025-10-14T14:45:58.554+0000] {processor.py:830} INFO - Processing file /home/airflow/.local/lib/python3.8/site-packages/airflow/example_dags/example_sla_dag.py for tasks to queue
[2025-10-14T14:45:58.556+0000] {logging_mixin.py:188} INFO - [2025-10-14T14:45:58.556+0000] {dagbag.py:540} INFO - Filling up the DagBag from /home/airflow/.local/lib/python3.8/site-packages/airflow/example_dags/example_sla_dag.py
[2025-10-14T14:45:58.566+0000] {processor.py:840} INFO - DAG(s) 'example_sla_dag' retrieved from /home/airflow/.local/lib/python3.8/site-packages/airflow/example_dags/example_sla_dag.py
[2025-10-14T14:45:58.582+0000] {logging_mixin.py:188} INFO - [2025-10-14T14:45:58.582+0000] {dag.py:3047} INFO - Sync 1 DAGs
[2025-10-14T14:45:58.605+0000] {logging_mixin.py:188} INFO - [2025-10-14T14:45:58.605+0000] {dag.py:3834} INFO - Setting next_dagrun for example_sla_dag to 2025-10-14 14:42:00+00:00, run_after=2025-10-14 14:44:00+00:00
[2025-10-14T14:45:58.620+0000] {processor.py:183} INFO - Processing /home/airflow/.local/lib/python3.8/site-packages/airflow/example_dags/example_sla_dag.py took 0.070 seconds
[2025-10-14T14:47:49.311+0000] {processor.py:161} INFO - Started process (PID=99) to work on /home/airflow/.local/lib/python3.8/site-packages/airflow/example_dags/example_sla_dag.py
[2025-10-14T14:47:49.313+0000] {processor.py:830} INFO - Processing file /home/airflow/.local/lib/python3.8/site-packages/airflow/example_dags/example_sla_dag.py for tasks to queue
[2025-10-14T14:47:49.315+0000] {logging_mixin.py:188} INFO - [2025-10-14T14:47:49.315+0000] {dagbag.py:540} INFO - Filling up the DagBag from /home/airflow/.local/lib/python3.8/site-packages/airflow/example_dags/example_sla_dag.py
[2025-10-14T14:47:49.326+0000] {processor.py:840} INFO - DAG(s) 'example_sla_dag' retrieved from /home/airflow/.local/lib/python3.8/site-packages/airflow/example_dags/example_sla_dag.py
[2025-10-14T14:47:49.447+0000] {logging_mixin.py:188} INFO - [2025-10-14T14:47:49.447+0000] {dag.py:3047} INFO - Sync 1 DAGs
[2025-10-14T14:47:49.479+0000] {logging_mixin.py:188} INFO - [2025-10-14T14:47:49.479+0000] {dag.py:3834} INFO - Setting next_dagrun for example_sla_dag to 2025-10-14 14:44:00+00:00, run_after=2025-10-14 14:46:00+00:00
[2025-10-14T14:47:49.501+0000] {processor.py:183} INFO - Processing /home/airflow/.local/lib/python3.8/site-packages/airflow/example_dags/example_sla_dag.py took 0.195 seconds
[2025-10-14T14:48:19.953+0000] {processor.py:161} INFO - Started process (PID=158) to work on /home/airflow/.local/lib/python3.8/site-packages/airflow/example_dags/example_sla_dag.py
[2025-10-14T14:48:19.954+0000] {processor.py:830} INFO - Processing file /home/airflow/.local/lib/python3.8/site-packages/airflow/example_dags/example_sla_dag.py for tasks to queue
[2025-10-14T14:48:19.956+0000] {logging_mixin.py:188} INFO - [2025-10-14T14:48:19.955+0000] {dagbag.py:540} INFO - Filling up the DagBag from /home/airflow/.local/lib/python3.8/site-packages/airflow/example_dags/example_sla_dag.py
[2025-10-14T14:48:19.964+0000] {processor.py:840} INFO - DAG(s) 'example_sla_dag' retrieved from /home/airflow/.local/lib/python3.8/site-packages/airflow/example_dags/example_sla_dag.py
[2025-10-14T14:48:19.981+0000] {logging_mixin.py:188} INFO - [2025-10-14T14:48:19.980+0000] {dag.py:3047} INFO - Sync 1 DAGs
[2025-10-14T14:48:20.004+0000] {logging_mixin.py:188} INFO - [2025-10-14T14:48:20.004+0000] {dag.py:3834} INFO - Setting next_dagrun for example_sla_dag to 2025-10-14 14:46:00+00:00, run_after=2025-10-14 14:48:00+00:00
[2025-10-14T14:48:20.022+0000] {processor.py:183} INFO - Processing /home/airflow/.local/lib/python3.8/site-packages/airflow/example_dags/example_sla_dag.py took 0.072 seconds
[2025-10-14T14:48:50.247+0000] {processor.py:161} INFO - Started process (PID=217) to work on /home/airflow/.local/lib/python3.8/site-packages/airflow/example_dags/example_sla_dag.py
[2025-10-14T14:48:50.248+0000] {processor.py:830} INFO - Processing file /home/airflow/.local/lib/python3.8/site-packages/airflow/example_dags/example_sla_dag.py for tasks to queue
[2025-10-14T14:48:50.249+0000] {logging_mixin.py:188} INFO - [2025-10-14T14:48:50.249+0000] {dagbag.py:540} INFO - Filling up the DagBag from /home/airflow/.local/lib/python3.8/site-packages/airflow/example_dags/example_sla_dag.py
[2025-10-14T14:48:50.258+0000] {processor.py:840} INFO - DAG(s) 'example_sla_dag' retrieved from /home/airflow/.local/lib/python3.8/site-packages/airflow/example_dags/example_sla_dag.py
[2025-10-14T14:48:50.276+0000] {logging_mixin.py:188} INFO - [2025-10-14T14:48:50.276+0000] {dag.py:3047} INFO - Sync 1 DAGs
[2025-10-14T14:48:50.301+0000] {logging_mixin.py:188} INFO - [2025-10-14T14:48:50.300+0000] {dag.py:3834} INFO - Setting next_dagrun for example_sla_dag to 2025-10-14 14:46:00+00:00, run_after=2025-10-14 14:48:00+00:00
[2025-10-14T14:48:50.319+0000] {processor.py:183} INFO - Processing /home/airflow/.local/lib/python3.8/site-packages/airflow/example_dags/example_sla_dag.py took 0.075 seconds
[2025-10-14T14:49:20.565+0000] {processor.py:161} INFO - Started process (PID=276) to work on /home/airflow/.local/lib/python3.8/site-packages/airflow/example_dags/example_sla_dag.py
[2025-10-14T14:49:20.566+0000] {processor.py:830} INFO - Processing file /home/airflow/.local/lib/python3.8/site-packages/airflow/example_dags/example_sla_dag.py for tasks to queue
[2025-10-14T14:49:20.568+0000] {logging_mixin.py:188} INFO - [2025-10-14T14:49:20.567+0000] {dagbag.py:540} INFO - Filling up the DagBag from /home/airflow/.local/lib/python3.8/site-packages/airflow/example_dags/example_sla_dag.py
[2025-10-14T14:49:20.575+0000] {processor.py:840} INFO - DAG(s) 'example_sla_dag' retrieved from /home/airflow/.local/lib/python3.8/site-packages/airflow/example_dags/example_sla_dag.py
[2025-10-14T14:49:20.593+0000] {logging_mixin.py:188} INFO - [2025-10-14T14:49:20.593+0000] {dag.py:3047} INFO - Sync 1 DAGs
[2025-10-14T14:49:20.617+0000] {logging_mixin.py:188} INFO - [2025-10-14T14:49:20.616+0000] {dag.py:3834} INFO - Setting next_dagrun for example_sla_dag to 2025-10-14 14:46:00+00:00, run_after=2025-10-14 14:48:00+00:00
[2025-10-14T14:49:20.633+0000] {processor.py:183} INFO - Processing /home/airflow/.local/lib/python3.8/site-packages/airflow/example_dags/example_sla_dag.py took 0.071 seconds
[2025-10-14T14:49:51.623+0000] {processor.py:161} INFO - Started process (PID=341) to work on /home/airflow/.local/lib/python3.8/site-packages/airflow/example_dags/example_sla_dag.py
[2025-10-14T14:49:51.624+0000] {processor.py:830} INFO - Processing file /home/airflow/.local/lib/python3.8/site-packages/airflow/example_dags/example_sla_dag.py for tasks to queue
[2025-10-14T14:49:51.626+0000] {logging_mixin.py:188} INFO - [2025-10-14T14:49:51.625+0000] {dagbag.py:540} INFO - Filling up the DagBag from /home/airflow/.local/lib/python3.8/site-packages/airflow/example_dags/example_sla_dag.py
[2025-10-14T14:49:51.635+0000] {processor.py:840} INFO - DAG(s) 'example_sla_dag' retrieved from /home/airflow/.local/lib/python3.8/site-packages/airflow/example_dags/example_sla_dag.py
[2025-10-14T14:49:51.652+0000] {logging_mixin.py:188} INFO - [2025-10-14T14:49:51.652+0000] {dag.py:3047} INFO - Sync 1 DAGs
[2025-10-14T14:49:51.677+0000] {logging_mixin.py:188} INFO - [2025-10-14T14:49:51.677+0000] {dag.py:3834} INFO - Setting next_dagrun for example_sla_dag to 2025-10-14 14:46:00+00:00, run_after=2025-10-14 14:48:00+00:00
[2025-10-14T14:49:51.694+0000] {processor.py:183} INFO - Processing /home/airflow/.local/lib/python3.8/site-packages/airflow/example_dags/example_sla_dag.py took 0.074 seconds
[2025-10-14T14:50:21.860+0000] {processor.py:161} INFO - Started process (PID=400) to work on /home/airflow/.local/lib/python3.8/site-packages/airflow/example_dags/example_sla_dag.py
[2025-10-14T14:50:21.861+0000] {processor.py:830} INFO - Processing file /home/airflow/.local/lib/python3.8/site-packages/airflow/example_dags/example_sla_dag.py for tasks to queue
[2025-10-14T14:50:21.863+0000] {logging_mixin.py:188} INFO - [2025-10-14T14:50:21.862+0000] {dagbag.py:540} INFO - Filling up the DagBag from /home/airflow/.local/lib/python3.8/site-packages/airflow/example_dags/example_sla_dag.py
[2025-10-14T14:50:21.872+0000] {processor.py:840} INFO - DAG(s) 'example_sla_dag' retrieved from /home/airflow/.local/lib/python3.8/site-packages/airflow/example_dags/example_sla_dag.py
[2025-10-14T14:50:21.891+0000] {logging_mixin.py:188} INFO - [2025-10-14T14:50:21.891+0000] {dag.py:3047} INFO - Sync 1 DAGs
[2025-10-14T14:50:21.921+0000] {logging_mixin.py:188} INFO - [2025-10-14T14:50:21.921+0000] {dag.py:3834} INFO - Setting next_dagrun for example_sla_dag to 2025-10-14 14:48:00+00:00, run_after=2025-10-14 14:50:00+00:00
[2025-10-14T14:50:21.942+0000] {processor.py:183} INFO - Processing /home/airflow/.local/lib/python3.8/site-packages/airflow/example_dags/example_sla_dag.py took 0.085 seconds
[2025-10-14T14:50:52.048+0000] {processor.py:161} INFO - Started process (PID=457) to work on /home/airflow/.local/lib/python3.8/site-packages/airflow/example_dags/example_sla_dag.py
[2025-10-14T14:50:52.049+0000] {processor.py:830} INFO - Processing file /home/airflow/.local/lib/python3.8/site-packages/airflow/example_dags/example_sla_dag.py for tasks to queue
[2025-10-14T14:50:52.051+0000] {logging_mixin.py:188} INFO - [2025-10-14T14:50:52.051+0000] {dagbag.py:540} INFO - Filling up the DagBag from /home/airflow/.local/lib/python3.8/site-packages/airflow/example_dags/example_sla_dag.py
[2025-10-14T14:50:52.059+0000] {processor.py:840} INFO - DAG(s) 'example_sla_dag' retrieved from /home/airflow/.local/lib/python3.8/site-packages/airflow/example_dags/example_sla_dag.py
[2025-10-14T14:50:52.076+0000] {logging_mixin.py:188} INFO - [2025-10-14T14:50:52.076+0000] {dag.py:3047} INFO - Sync 1 DAGs
[2025-10-14T14:50:52.097+0000] {logging_mixin.py:188} INFO - [2025-10-14T14:50:52.097+0000] {dag.py:3834} INFO - Setting next_dagrun for example_sla_dag to 2025-10-14 14:48:00+00:00, run_after=2025-10-14 14:50:00+00:00
[2025-10-14T14:50:52.112+0000] {processor.py:183} INFO - Processing /home/airflow/.local/lib/python3.8/site-packages/airflow/example_dags/example_sla_dag.py took 0.067 seconds
[2025-10-14T14:51:22.174+0000] {processor.py:161} INFO - Started process (PID=517) to work on /home/airflow/.local/lib/python3.8/site-packages/airflow/example_dags/example_sla_dag.py
[2025-10-14T14:51:22.175+0000] {processor.py:830} INFO - Processing file /home/airflow/.local/lib/python3.8/site-packages/airflow/example_dags/example_sla_dag.py for tasks to queue
[2025-10-14T14:51:22.177+0000] {logging_mixin.py:188} INFO - [2025-10-14T14:51:22.177+0000] {dagbag.py:540} INFO - Filling up the DagBag from /home/airflow/.local/lib/python3.8/site-packages/airflow/example_dags/example_sla_dag.py
[2025-10-14T14:51:22.184+0000] {processor.py:840} INFO - DAG(s) 'example_sla_dag' retrieved from /home/airflow/.local/lib/python3.8/site-packages/airflow/example_dags/example_sla_dag.py
[2025-10-14T14:51:22.200+0000] {logging_mixin.py:188} INFO - [2025-10-14T14:51:22.200+0000] {dag.py:3047} INFO - Sync 1 DAGs
[2025-10-14T14:51:22.222+0000] {logging_mixin.py:188} INFO - [2025-10-14T14:51:22.222+0000] {dag.py:3834} INFO - Setting next_dagrun for example_sla_dag to 2025-10-14 14:48:00+00:00, run_after=2025-10-14 14:50:00+00:00
[2025-10-14T14:51:22.238+0000] {processor.py:183} INFO - Processing /home/airflow/.local/lib/python3.8/site-packages/airflow/example_dags/example_sla_dag.py took 0.067 seconds
[2025-10-14T14:51:52.367+0000] {processor.py:161} INFO - Started process (PID=576) to work on /home/airflow/.local/lib/python3.8/site-packages/airflow/example_dags/example_sla_dag.py
[2025-10-14T14:51:52.367+0000] {processor.py:830} INFO - Processing file /home/airflow/.local/lib/python3.8/site-packages/airflow/example_dags/example_sla_dag.py for tasks to queue
[2025-10-14T14:51:52.369+0000] {logging_mixin.py:188} INFO - [2025-10-14T14:51:52.369+0000] {dagbag.py:540} INFO - Filling up the DagBag from /home/airflow/.local/lib/python3.8/site-packages/airflow/example_dags/example_sla_dag.py
[2025-10-14T14:51:52.378+0000] {processor.py:840} INFO - DAG(s) 'example_sla_dag' retrieved from /home/airflow/.local/lib/python3.8/site-packages/airflow/example_dags/example_sla_dag.py
[2025-10-14T14:51:52.395+0000] {logging_mixin.py:188} INFO - [2025-10-14T14:51:52.395+0000] {dag.py:3047} INFO - Sync 1 DAGs
[2025-10-14T14:51:52.417+0000] {logging_mixin.py:188} INFO - [2025-10-14T14:51:52.417+0000] {dag.py:3834} INFO - Setting next_dagrun for example_sla_dag to 2025-10-14 14:48:00+00:00, run_after=2025-10-14 14:50:00+00:00
[2025-10-14T14:51:52.433+0000] {processor.py:183} INFO - Processing /home/airflow/.local/lib/python3.8/site-packages/airflow/example_dags/example_sla_dag.py took 0.069 seconds
[2025-10-14T14:52:22.653+0000] {processor.py:161} INFO - Started process (PID=635) to work on /home/airflow/.local/lib/python3.8/site-packages/airflow/example_dags/example_sla_dag.py
[2025-10-14T14:52:22.654+0000] {processor.py:830} INFO - Processing file /home/airflow/.local/lib/python3.8/site-packages/airflow/example_dags/example_sla_dag.py for tasks to queue
[2025-10-14T14:52:22.655+0000] {logging_mixin.py:188} INFO - [2025-10-14T14:52:22.655+0000] {dagbag.py:540} INFO - Filling up the DagBag from /home/airflow/.local/lib/python3.8/site-packages/airflow/example_dags/example_sla_dag.py
[2025-10-14T14:52:22.663+0000] {processor.py:840} INFO - DAG(s) 'example_sla_dag' retrieved from /home/airflow/.local/lib/python3.8/site-packages/airflow/example_dags/example_sla_dag.py
[2025-10-14T14:52:22.680+0000] {logging_mixin.py:188} INFO - [2025-10-14T14:52:22.680+0000] {dag.py:3047} INFO - Sync 1 DAGs
[2025-10-14T14:52:22.702+0000] {logging_mixin.py:188} INFO - [2025-10-14T14:52:22.701+0000] {dag.py:3834} INFO - Setting next_dagrun for example_sla_dag to 2025-10-14 14:50:00+00:00, run_after=2025-10-14 14:52:00+00:00
[2025-10-14T14:52:22.717+0000] {processor.py:183} INFO - Processing /home/airflow/.local/lib/python3.8/site-packages/airflow/example_dags/example_sla_dag.py took 0.067 seconds
[2025-10-14T14:52:53.554+0000] {processor.py:161} INFO - Started process (PID=694) to work on /home/airflow/.local/lib/python3.8/site-packages/airflow/example_dags/example_sla_dag.py
[2025-10-14T14:52:53.555+0000] {processor.py:830} INFO - Processing file /home/airflow/.local/lib/python3.8/site-packages/airflow/example_dags/example_sla_dag.py for tasks to queue
[2025-10-14T14:52:53.557+0000] {logging_mixin.py:188} INFO - [2025-10-14T14:52:53.557+0000] {dagbag.py:540} INFO - Filling up the DagBag from /home/airflow/.local/lib/python3.8/site-packages/airflow/example_dags/example_sla_dag.py
[2025-10-14T14:52:53.566+0000] {processor.py:840} INFO - DAG(s) 'example_sla_dag' retrieved from /home/airflow/.local/lib/python3.8/site-packages/airflow/example_dags/example_sla_dag.py
[2025-10-14T14:52:53.583+0000] {logging_mixin.py:188} INFO - [2025-10-14T14:52:53.583+0000] {dag.py:3047} INFO - Sync 1 DAGs
[2025-10-14T14:52:53.606+0000] {logging_mixin.py:188} INFO - [2025-10-14T14:52:53.605+0000] {dag.py:3834} INFO - Setting next_dagrun for example_sla_dag to 2025-10-14 14:50:00+00:00, run_after=2025-10-14 14:52:00+00:00
[2025-10-14T14:52:53.621+0000] {processor.py:183} INFO - Processing /home/airflow/.local/lib/python3.8/site-packages/airflow/example_dags/example_sla_dag.py took 0.071 seconds
[2025-10-14T14:53:23.732+0000] {processor.py:161} INFO - Started process (PID=753) to work on /home/airflow/.local/lib/python3.8/site-packages/airflow/example_dags/example_sla_dag.py
[2025-10-14T14:53:23.733+0000] {processor.py:830} INFO - Processing file /home/airflow/.local/lib/python3.8/site-packages/airflow/example_dags/example_sla_dag.py for tasks to queue
[2025-10-14T14:53:23.735+0000] {logging_mixin.py:188} INFO - [2025-10-14T14:53:23.735+0000] {dagbag.py:540} INFO - Filling up the DagBag from /home/airflow/.local/lib/python3.8/site-packages/airflow/example_dags/example_sla_dag.py
[2025-10-14T14:53:23.743+0000] {processor.py:840} INFO - DAG(s) 'example_sla_dag' retrieved from /home/airflow/.local/lib/python3.8/site-packages/airflow/example_dags/example_sla_dag.py
[2025-10-14T14:53:23.759+0000] {logging_mixin.py:188} INFO - [2025-10-14T14:53:23.759+0000] {dag.py:3047} INFO - Sync 1 DAGs
[2025-10-14T14:53:23.781+0000] {logging_mixin.py:188} INFO - [2025-10-14T14:53:23.781+0000] {dag.py:3834} INFO - Setting next_dagrun for example_sla_dag to 2025-10-14 14:50:00+00:00, run_after=2025-10-14 14:52:00+00:00
[2025-10-14T14:53:23.797+0000] {processor.py:183} INFO - Processing /home/airflow/.local/lib/python3.8/site-packages/airflow/example_dags/example_sla_dag.py took 0.068 seconds
[2025-10-14T14:53:53.991+0000] {processor.py:161} INFO - Started process (PID=812) to work on /home/airflow/.local/lib/python3.8/site-packages/airflow/example_dags/example_sla_dag.py
[2025-10-14T14:53:53.992+0000] {processor.py:830} INFO - Processing file /home/airflow/.local/lib/python3.8/site-packages/airflow/example_dags/example_sla_dag.py for tasks to queue
[2025-10-14T14:53:53.994+0000] {logging_mixin.py:188} INFO - [2025-10-14T14:53:53.994+0000] {dagbag.py:540} INFO - Filling up the DagBag from /home/airflow/.local/lib/python3.8/site-packages/airflow/example_dags/example_sla_dag.py
[2025-10-14T14:53:54.002+0000] {processor.py:840} INFO - DAG(s) 'example_sla_dag' retrieved from /home/airflow/.local/lib/python3.8/site-packages/airflow/example_dags/example_sla_dag.py
[2025-10-14T14:53:54.018+0000] {logging_mixin.py:188} INFO - [2025-10-14T14:53:54.017+0000] {dag.py:3047} INFO - Sync 1 DAGs
[2025-10-14T14:53:54.040+0000] {logging_mixin.py:188} INFO - [2025-10-14T14:53:54.040+0000] {dag.py:3834} INFO - Setting next_dagrun for example_sla_dag to 2025-10-14 14:50:00+00:00, run_after=2025-10-14 14:52:00+00:00
[2025-10-14T14:53:54.058+0000] {processor.py:183} INFO - Processing /home/airflow/.local/lib/python3.8/site-packages/airflow/example_dags/example_sla_dag.py took 0.069 seconds
[2025-10-14T14:54:24.195+0000] {processor.py:161} INFO - Started process (PID=871) to work on /home/airflow/.local/lib/python3.8/site-packages/airflow/example_dags/example_sla_dag.py
[2025-10-14T14:54:24.196+0000] {processor.py:830} INFO - Processing file /home/airflow/.local/lib/python3.8/site-packages/airflow/example_dags/example_sla_dag.py for tasks to queue
[2025-10-14T14:54:24.197+0000] {logging_mixin.py:188} INFO - [2025-10-14T14:54:24.197+0000] {dagbag.py:540} INFO - Filling up the DagBag from /home/airflow/.local/lib/python3.8/site-packages/airflow/example_dags/example_sla_dag.py
[2025-10-14T14:54:24.205+0000] {processor.py:840} INFO - DAG(s) 'example_sla_dag' retrieved from /home/airflow/.local/lib/python3.8/site-packages/airflow/example_dags/example_sla_dag.py
[2025-10-14T14:54:24.220+0000] {logging_mixin.py:188} INFO - [2025-10-14T14:54:24.220+0000] {dag.py:3047} INFO - Sync 1 DAGs
[2025-10-14T14:54:24.242+0000] {logging_mixin.py:188} INFO - [2025-10-14T14:54:24.241+0000] {dag.py:3834} INFO - Setting next_dagrun for example_sla_dag to 2025-10-14 14:52:00+00:00, run_after=2025-10-14 14:54:00+00:00
[2025-10-14T14:54:24.257+0000] {processor.py:183} INFO - Processing /home/airflow/.local/lib/python3.8/site-packages/airflow/example_dags/example_sla_dag.py took 0.065 seconds
[2025-10-14T14:54:54.351+0000] {processor.py:161} INFO - Started process (PID=930) to work on /home/airflow/.local/lib/python3.8/site-packages/airflow/example_dags/example_sla_dag.py
[2025-10-14T14:54:54.352+0000] {processor.py:830} INFO - Processing file /home/airflow/.local/lib/python3.8/site-packages/airflow/example_dags/example_sla_dag.py for tasks to queue
[2025-10-14T14:54:54.354+0000] {logging_mixin.py:188} INFO - [2025-10-14T14:54:54.353+0000] {dagbag.py:540} INFO - Filling up the DagBag from /home/airflow/.local/lib/python3.8/site-packages/airflow/example_dags/example_sla_dag.py
[2025-10-14T14:54:54.361+0000] {processor.py:840} INFO - DAG(s) 'example_sla_dag' retrieved from /home/airflow/.local/lib/python3.8/site-packages/airflow/example_dags/example_sla_dag.py
[2025-10-14T14:54:54.378+0000] {logging_mixin.py:188} INFO - [2025-10-14T14:54:54.378+0000] {dag.py:3047} INFO - Sync 1 DAGs
[2025-10-14T14:54:54.401+0000] {logging_mixin.py:188} INFO - [2025-10-14T14:54:54.401+0000] {dag.py:3834} INFO - Setting next_dagrun for example_sla_dag to 2025-10-14 14:52:00+00:00, run_after=2025-10-14 14:54:00+00:00
[2025-10-14T14:54:54.418+0000] {processor.py:183} INFO - Processing /home/airflow/.local/lib/python3.8/site-packages/airflow/example_dags/example_sla_dag.py took 0.069 seconds
[2025-10-14T14:55:24.681+0000] {processor.py:161} INFO - Started process (PID=989) to work on /home/airflow/.local/lib/python3.8/site-packages/airflow/example_dags/example_sla_dag.py
[2025-10-14T14:55:24.682+0000] {processor.py:830} INFO - Processing file /home/airflow/.local/lib/python3.8/site-packages/airflow/example_dags/example_sla_dag.py for tasks to queue
[2025-10-14T14:55:24.684+0000] {logging_mixin.py:188} INFO - [2025-10-14T14:55:24.684+0000] {dagbag.py:540} INFO - Filling up the DagBag from /home/airflow/.local/lib/python3.8/site-packages/airflow/example_dags/example_sla_dag.py
[2025-10-14T14:55:24.692+0000] {processor.py:840} INFO - DAG(s) 'example_sla_dag' retrieved from /home/airflow/.local/lib/python3.8/site-packages/airflow/example_dags/example_sla_dag.py
[2025-10-14T14:55:24.708+0000] {logging_mixin.py:188} INFO - [2025-10-14T14:55:24.708+0000] {dag.py:3047} INFO - Sync 1 DAGs
[2025-10-14T14:55:24.730+0000] {logging_mixin.py:188} INFO - [2025-10-14T14:55:24.730+0000] {dag.py:3834} INFO - Setting next_dagrun for example_sla_dag to 2025-10-14 14:52:00+00:00, run_after=2025-10-14 14:54:00+00:00
[2025-10-14T14:55:24.744+0000] {processor.py:183} INFO - Processing /home/airflow/.local/lib/python3.8/site-packages/airflow/example_dags/example_sla_dag.py took 0.066 seconds
