[2025-10-14T14:44:58.595+0000] {processor.py:161} INFO - Started process (PID=110) to work on /home/airflow/.local/lib/python3.8/site-packages/airflow/example_dags/example_branch_python_dop_operator_3.py
[2025-10-14T14:44:58.596+0000] {processor.py:830} INFO - Processing file /home/airflow/.local/lib/python3.8/site-packages/airflow/example_dags/example_branch_python_dop_operator_3.py for tasks to queue
[2025-10-14T14:44:58.598+0000] {logging_mixin.py:188} INFO - [2025-10-14T14:44:58.598+0000] {dagbag.py:540} INFO - Filling up the DagBag from /home/airflow/.local/lib/python3.8/site-packages/airflow/example_dags/example_branch_python_dop_operator_3.py
[2025-10-14T14:44:58.608+0000] {processor.py:840} INFO - DAG(s) 'example_branch_dop_operator_v3' retrieved from /home/airflow/.local/lib/python3.8/site-packages/airflow/example_dags/example_branch_python_dop_operator_3.py
[2025-10-14T14:44:58.718+0000] {logging_mixin.py:188} INFO - [2025-10-14T14:44:58.717+0000] {override.py:1769} INFO - Created Permission View: can edit on DAG:example_branch_dop_operator_v3
[2025-10-14T14:44:58.729+0000] {logging_mixin.py:188} INFO - [2025-10-14T14:44:58.728+0000] {override.py:1769} INFO - Created Permission View: can delete on DAG:example_branch_dop_operator_v3
[2025-10-14T14:44:58.736+0000] {logging_mixin.py:188} INFO - [2025-10-14T14:44:58.736+0000] {override.py:1769} INFO - Created Permission View: can read on DAG:example_branch_dop_operator_v3
[2025-10-14T14:44:58.737+0000] {logging_mixin.py:188} INFO - [2025-10-14T14:44:58.736+0000] {dag.py:3047} INFO - Sync 1 DAGs
[2025-10-14T14:44:58.749+0000] {logging_mixin.py:188} INFO - [2025-10-14T14:44:58.748+0000] {dag.py:3069} INFO - Creating ORM DAG for example_branch_dop_operator_v3
[2025-10-14T14:44:58.764+0000] {logging_mixin.py:188} INFO - [2025-10-14T14:44:58.764+0000] {dag.py:3834} INFO - Setting next_dagrun for example_branch_dop_operator_v3 to 2025-10-14 14:43:00+00:00, run_after=2025-10-14 14:44:00+00:00
[2025-10-14T14:44:58.781+0000] {processor.py:183} INFO - Processing /home/airflow/.local/lib/python3.8/site-packages/airflow/example_dags/example_branch_python_dop_operator_3.py took 0.188 seconds
[2025-10-14T14:45:29.666+0000] {processor.py:161} INFO - Started process (PID=169) to work on /home/airflow/.local/lib/python3.8/site-packages/airflow/example_dags/example_branch_python_dop_operator_3.py
[2025-10-14T14:45:29.667+0000] {processor.py:830} INFO - Processing file /home/airflow/.local/lib/python3.8/site-packages/airflow/example_dags/example_branch_python_dop_operator_3.py for tasks to queue
[2025-10-14T14:45:29.669+0000] {logging_mixin.py:188} INFO - [2025-10-14T14:45:29.669+0000] {dagbag.py:540} INFO - Filling up the DagBag from /home/airflow/.local/lib/python3.8/site-packages/airflow/example_dags/example_branch_python_dop_operator_3.py
[2025-10-14T14:45:29.679+0000] {processor.py:840} INFO - DAG(s) 'example_branch_dop_operator_v3' retrieved from /home/airflow/.local/lib/python3.8/site-packages/airflow/example_dags/example_branch_python_dop_operator_3.py
[2025-10-14T14:45:29.697+0000] {logging_mixin.py:188} INFO - [2025-10-14T14:45:29.697+0000] {dag.py:3047} INFO - Sync 1 DAGs
[2025-10-14T14:45:29.722+0000] {logging_mixin.py:188} INFO - [2025-10-14T14:45:29.721+0000] {dag.py:3834} INFO - Setting next_dagrun for example_branch_dop_operator_v3 to 2025-10-14 14:44:00+00:00, run_after=2025-10-14 14:45:00+00:00
[2025-10-14T14:45:29.740+0000] {processor.py:183} INFO - Processing /home/airflow/.local/lib/python3.8/site-packages/airflow/example_dags/example_branch_python_dop_operator_3.py took 0.077 seconds
[2025-10-14T14:45:59.949+0000] {processor.py:161} INFO - Started process (PID=228) to work on /home/airflow/.local/lib/python3.8/site-packages/airflow/example_dags/example_branch_python_dop_operator_3.py
[2025-10-14T14:45:59.950+0000] {processor.py:830} INFO - Processing file /home/airflow/.local/lib/python3.8/site-packages/airflow/example_dags/example_branch_python_dop_operator_3.py for tasks to queue
[2025-10-14T14:45:59.952+0000] {logging_mixin.py:188} INFO - [2025-10-14T14:45:59.951+0000] {dagbag.py:540} INFO - Filling up the DagBag from /home/airflow/.local/lib/python3.8/site-packages/airflow/example_dags/example_branch_python_dop_operator_3.py
[2025-10-14T14:45:59.962+0000] {processor.py:840} INFO - DAG(s) 'example_branch_dop_operator_v3' retrieved from /home/airflow/.local/lib/python3.8/site-packages/airflow/example_dags/example_branch_python_dop_operator_3.py
[2025-10-14T14:45:59.980+0000] {logging_mixin.py:188} INFO - [2025-10-14T14:45:59.980+0000] {dag.py:3047} INFO - Sync 1 DAGs
[2025-10-14T14:46:00.012+0000] {logging_mixin.py:188} INFO - [2025-10-14T14:46:00.011+0000] {dag.py:3834} INFO - Setting next_dagrun for example_branch_dop_operator_v3 to 2025-10-14 14:45:00+00:00, run_after=2025-10-14 14:46:00+00:00
[2025-10-14T14:46:00.039+0000] {processor.py:183} INFO - Processing /home/airflow/.local/lib/python3.8/site-packages/airflow/example_dags/example_branch_python_dop_operator_3.py took 0.093 seconds
[2025-10-14T14:47:50.306+0000] {processor.py:161} INFO - Started process (PID=109) to work on /home/airflow/.local/lib/python3.8/site-packages/airflow/example_dags/example_branch_python_dop_operator_3.py
[2025-10-14T14:47:50.307+0000] {processor.py:830} INFO - Processing file /home/airflow/.local/lib/python3.8/site-packages/airflow/example_dags/example_branch_python_dop_operator_3.py for tasks to queue
[2025-10-14T14:47:50.311+0000] {logging_mixin.py:188} INFO - [2025-10-14T14:47:50.309+0000] {dagbag.py:540} INFO - Filling up the DagBag from /home/airflow/.local/lib/python3.8/site-packages/airflow/example_dags/example_branch_python_dop_operator_3.py
[2025-10-14T14:47:50.323+0000] {processor.py:840} INFO - DAG(s) 'example_branch_dop_operator_v3' retrieved from /home/airflow/.local/lib/python3.8/site-packages/airflow/example_dags/example_branch_python_dop_operator_3.py
[2025-10-14T14:47:50.413+0000] {logging_mixin.py:188} INFO - [2025-10-14T14:47:50.413+0000] {dag.py:3047} INFO - Sync 1 DAGs
[2025-10-14T14:47:50.434+0000] {logging_mixin.py:188} INFO - [2025-10-14T14:47:50.434+0000] {dag.py:3834} INFO - Setting next_dagrun for example_branch_dop_operator_v3 to 2025-10-14 14:46:00+00:00, run_after=2025-10-14 14:47:00+00:00
[2025-10-14T14:47:50.456+0000] {processor.py:183} INFO - Processing /home/airflow/.local/lib/python3.8/site-packages/airflow/example_dags/example_branch_python_dop_operator_3.py took 0.153 seconds
[2025-10-14T14:48:21.340+0000] {processor.py:161} INFO - Started process (PID=174) to work on /home/airflow/.local/lib/python3.8/site-packages/airflow/example_dags/example_branch_python_dop_operator_3.py
[2025-10-14T14:48:21.341+0000] {processor.py:830} INFO - Processing file /home/airflow/.local/lib/python3.8/site-packages/airflow/example_dags/example_branch_python_dop_operator_3.py for tasks to queue
[2025-10-14T14:48:21.342+0000] {logging_mixin.py:188} INFO - [2025-10-14T14:48:21.342+0000] {dagbag.py:540} INFO - Filling up the DagBag from /home/airflow/.local/lib/python3.8/site-packages/airflow/example_dags/example_branch_python_dop_operator_3.py
[2025-10-14T14:48:21.350+0000] {processor.py:840} INFO - DAG(s) 'example_branch_dop_operator_v3' retrieved from /home/airflow/.local/lib/python3.8/site-packages/airflow/example_dags/example_branch_python_dop_operator_3.py
[2025-10-14T14:48:21.368+0000] {logging_mixin.py:188} INFO - [2025-10-14T14:48:21.368+0000] {dag.py:3047} INFO - Sync 1 DAGs
[2025-10-14T14:48:21.390+0000] {logging_mixin.py:188} INFO - [2025-10-14T14:48:21.390+0000] {dag.py:3834} INFO - Setting next_dagrun for example_branch_dop_operator_v3 to 2025-10-14 14:47:00+00:00, run_after=2025-10-14 14:48:00+00:00
[2025-10-14T14:48:21.408+0000] {processor.py:183} INFO - Processing /home/airflow/.local/lib/python3.8/site-packages/airflow/example_dags/example_branch_python_dop_operator_3.py took 0.071 seconds
[2025-10-14T14:48:51.781+0000] {processor.py:161} INFO - Started process (PID=233) to work on /home/airflow/.local/lib/python3.8/site-packages/airflow/example_dags/example_branch_python_dop_operator_3.py
[2025-10-14T14:48:51.783+0000] {processor.py:830} INFO - Processing file /home/airflow/.local/lib/python3.8/site-packages/airflow/example_dags/example_branch_python_dop_operator_3.py for tasks to queue
[2025-10-14T14:48:51.784+0000] {logging_mixin.py:188} INFO - [2025-10-14T14:48:51.784+0000] {dagbag.py:540} INFO - Filling up the DagBag from /home/airflow/.local/lib/python3.8/site-packages/airflow/example_dags/example_branch_python_dop_operator_3.py
[2025-10-14T14:48:51.794+0000] {processor.py:840} INFO - DAG(s) 'example_branch_dop_operator_v3' retrieved from /home/airflow/.local/lib/python3.8/site-packages/airflow/example_dags/example_branch_python_dop_operator_3.py
[2025-10-14T14:48:51.820+0000] {logging_mixin.py:188} INFO - [2025-10-14T14:48:51.820+0000] {dag.py:3047} INFO - Sync 1 DAGs
[2025-10-14T14:48:51.847+0000] {logging_mixin.py:188} INFO - [2025-10-14T14:48:51.847+0000] {dag.py:3834} INFO - Setting next_dagrun for example_branch_dop_operator_v3 to 2025-10-14 14:47:00+00:00, run_after=2025-10-14 14:48:00+00:00
[2025-10-14T14:48:51.868+0000] {processor.py:183} INFO - Processing /home/airflow/.local/lib/python3.8/site-packages/airflow/example_dags/example_branch_python_dop_operator_3.py took 0.089 seconds
[2025-10-14T14:49:22.014+0000] {processor.py:161} INFO - Started process (PID=292) to work on /home/airflow/.local/lib/python3.8/site-packages/airflow/example_dags/example_branch_python_dop_operator_3.py
[2025-10-14T14:49:22.015+0000] {processor.py:830} INFO - Processing file /home/airflow/.local/lib/python3.8/site-packages/airflow/example_dags/example_branch_python_dop_operator_3.py for tasks to queue
[2025-10-14T14:49:22.017+0000] {logging_mixin.py:188} INFO - [2025-10-14T14:49:22.016+0000] {dagbag.py:540} INFO - Filling up the DagBag from /home/airflow/.local/lib/python3.8/site-packages/airflow/example_dags/example_branch_python_dop_operator_3.py
[2025-10-14T14:49:22.024+0000] {processor.py:840} INFO - DAG(s) 'example_branch_dop_operator_v3' retrieved from /home/airflow/.local/lib/python3.8/site-packages/airflow/example_dags/example_branch_python_dop_operator_3.py
[2025-10-14T14:49:22.041+0000] {logging_mixin.py:188} INFO - [2025-10-14T14:49:22.041+0000] {dag.py:3047} INFO - Sync 1 DAGs
[2025-10-14T14:49:22.064+0000] {logging_mixin.py:188} INFO - [2025-10-14T14:49:22.064+0000] {dag.py:3834} INFO - Setting next_dagrun for example_branch_dop_operator_v3 to 2025-10-14 14:48:00+00:00, run_after=2025-10-14 14:49:00+00:00
[2025-10-14T14:49:22.080+0000] {processor.py:183} INFO - Processing /home/airflow/.local/lib/python3.8/site-packages/airflow/example_dags/example_branch_python_dop_operator_3.py took 0.069 seconds
[2025-10-14T14:49:52.254+0000] {processor.py:161} INFO - Started process (PID=351) to work on /home/airflow/.local/lib/python3.8/site-packages/airflow/example_dags/example_branch_python_dop_operator_3.py
[2025-10-14T14:49:52.255+0000] {processor.py:830} INFO - Processing file /home/airflow/.local/lib/python3.8/site-packages/airflow/example_dags/example_branch_python_dop_operator_3.py for tasks to queue
[2025-10-14T14:49:52.257+0000] {logging_mixin.py:188} INFO - [2025-10-14T14:49:52.256+0000] {dagbag.py:540} INFO - Filling up the DagBag from /home/airflow/.local/lib/python3.8/site-packages/airflow/example_dags/example_branch_python_dop_operator_3.py
[2025-10-14T14:49:52.265+0000] {processor.py:840} INFO - DAG(s) 'example_branch_dop_operator_v3' retrieved from /home/airflow/.local/lib/python3.8/site-packages/airflow/example_dags/example_branch_python_dop_operator_3.py
[2025-10-14T14:49:52.284+0000] {logging_mixin.py:188} INFO - [2025-10-14T14:49:52.284+0000] {dag.py:3047} INFO - Sync 1 DAGs
[2025-10-14T14:49:52.308+0000] {logging_mixin.py:188} INFO - [2025-10-14T14:49:52.308+0000] {dag.py:3834} INFO - Setting next_dagrun for example_branch_dop_operator_v3 to 2025-10-14 14:48:00+00:00, run_after=2025-10-14 14:49:00+00:00
[2025-10-14T14:49:52.327+0000] {processor.py:183} INFO - Processing /home/airflow/.local/lib/python3.8/site-packages/airflow/example_dags/example_branch_python_dop_operator_3.py took 0.076 seconds
[2025-10-14T14:50:22.435+0000] {processor.py:161} INFO - Started process (PID=410) to work on /home/airflow/.local/lib/python3.8/site-packages/airflow/example_dags/example_branch_python_dop_operator_3.py
[2025-10-14T14:50:22.436+0000] {processor.py:830} INFO - Processing file /home/airflow/.local/lib/python3.8/site-packages/airflow/example_dags/example_branch_python_dop_operator_3.py for tasks to queue
[2025-10-14T14:50:22.437+0000] {logging_mixin.py:188} INFO - [2025-10-14T14:50:22.437+0000] {dagbag.py:540} INFO - Filling up the DagBag from /home/airflow/.local/lib/python3.8/site-packages/airflow/example_dags/example_branch_python_dop_operator_3.py
[2025-10-14T14:50:22.445+0000] {processor.py:840} INFO - DAG(s) 'example_branch_dop_operator_v3' retrieved from /home/airflow/.local/lib/python3.8/site-packages/airflow/example_dags/example_branch_python_dop_operator_3.py
[2025-10-14T14:50:22.462+0000] {logging_mixin.py:188} INFO - [2025-10-14T14:50:22.462+0000] {dag.py:3047} INFO - Sync 1 DAGs
[2025-10-14T14:50:22.484+0000] {logging_mixin.py:188} INFO - [2025-10-14T14:50:22.484+0000] {dag.py:3834} INFO - Setting next_dagrun for example_branch_dop_operator_v3 to 2025-10-14 14:49:00+00:00, run_after=2025-10-14 14:50:00+00:00
[2025-10-14T14:50:22.501+0000] {processor.py:183} INFO - Processing /home/airflow/.local/lib/python3.8/site-packages/airflow/example_dags/example_branch_python_dop_operator_3.py took 0.069 seconds
[2025-10-14T14:50:52.685+0000] {processor.py:161} INFO - Started process (PID=469) to work on /home/airflow/.local/lib/python3.8/site-packages/airflow/example_dags/example_branch_python_dop_operator_3.py
[2025-10-14T14:50:52.686+0000] {processor.py:830} INFO - Processing file /home/airflow/.local/lib/python3.8/site-packages/airflow/example_dags/example_branch_python_dop_operator_3.py for tasks to queue
[2025-10-14T14:50:52.688+0000] {logging_mixin.py:188} INFO - [2025-10-14T14:50:52.688+0000] {dagbag.py:540} INFO - Filling up the DagBag from /home/airflow/.local/lib/python3.8/site-packages/airflow/example_dags/example_branch_python_dop_operator_3.py
[2025-10-14T14:50:52.696+0000] {processor.py:840} INFO - DAG(s) 'example_branch_dop_operator_v3' retrieved from /home/airflow/.local/lib/python3.8/site-packages/airflow/example_dags/example_branch_python_dop_operator_3.py
[2025-10-14T14:50:52.714+0000] {logging_mixin.py:188} INFO - [2025-10-14T14:50:52.714+0000] {dag.py:3047} INFO - Sync 1 DAGs
[2025-10-14T14:50:52.736+0000] {logging_mixin.py:188} INFO - [2025-10-14T14:50:52.736+0000] {dag.py:3834} INFO - Setting next_dagrun for example_branch_dop_operator_v3 to 2025-10-14 14:49:00+00:00, run_after=2025-10-14 14:50:00+00:00
[2025-10-14T14:50:52.752+0000] {processor.py:183} INFO - Processing /home/airflow/.local/lib/python3.8/site-packages/airflow/example_dags/example_branch_python_dop_operator_3.py took 0.070 seconds
[2025-10-14T14:51:23.876+0000] {processor.py:161} INFO - Started process (PID=529) to work on /home/airflow/.local/lib/python3.8/site-packages/airflow/example_dags/example_branch_python_dop_operator_3.py
[2025-10-14T14:51:23.877+0000] {processor.py:830} INFO - Processing file /home/airflow/.local/lib/python3.8/site-packages/airflow/example_dags/example_branch_python_dop_operator_3.py for tasks to queue
[2025-10-14T14:51:23.879+0000] {logging_mixin.py:188} INFO - [2025-10-14T14:51:23.878+0000] {dagbag.py:540} INFO - Filling up the DagBag from /home/airflow/.local/lib/python3.8/site-packages/airflow/example_dags/example_branch_python_dop_operator_3.py
[2025-10-14T14:51:23.887+0000] {processor.py:840} INFO - DAG(s) 'example_branch_dop_operator_v3' retrieved from /home/airflow/.local/lib/python3.8/site-packages/airflow/example_dags/example_branch_python_dop_operator_3.py
[2025-10-14T14:51:23.904+0000] {logging_mixin.py:188} INFO - [2025-10-14T14:51:23.903+0000] {dag.py:3047} INFO - Sync 1 DAGs
[2025-10-14T14:51:23.926+0000] {logging_mixin.py:188} INFO - [2025-10-14T14:51:23.926+0000] {dag.py:3834} INFO - Setting next_dagrun for example_branch_dop_operator_v3 to 2025-10-14 14:50:00+00:00, run_after=2025-10-14 14:51:00+00:00
[2025-10-14T14:51:23.943+0000] {processor.py:183} INFO - Processing /home/airflow/.local/lib/python3.8/site-packages/airflow/example_dags/example_branch_python_dop_operator_3.py took 0.070 seconds
[2025-10-14T14:51:54.078+0000] {processor.py:161} INFO - Started process (PID=588) to work on /home/airflow/.local/lib/python3.8/site-packages/airflow/example_dags/example_branch_python_dop_operator_3.py
[2025-10-14T14:51:54.079+0000] {processor.py:830} INFO - Processing file /home/airflow/.local/lib/python3.8/site-packages/airflow/example_dags/example_branch_python_dop_operator_3.py for tasks to queue
[2025-10-14T14:51:54.081+0000] {logging_mixin.py:188} INFO - [2025-10-14T14:51:54.081+0000] {dagbag.py:540} INFO - Filling up the DagBag from /home/airflow/.local/lib/python3.8/site-packages/airflow/example_dags/example_branch_python_dop_operator_3.py
[2025-10-14T14:51:54.089+0000] {processor.py:840} INFO - DAG(s) 'example_branch_dop_operator_v3' retrieved from /home/airflow/.local/lib/python3.8/site-packages/airflow/example_dags/example_branch_python_dop_operator_3.py
[2025-10-14T14:51:54.106+0000] {logging_mixin.py:188} INFO - [2025-10-14T14:51:54.106+0000] {dag.py:3047} INFO - Sync 1 DAGs
[2025-10-14T14:51:54.128+0000] {logging_mixin.py:188} INFO - [2025-10-14T14:51:54.128+0000] {dag.py:3834} INFO - Setting next_dagrun for example_branch_dop_operator_v3 to 2025-10-14 14:50:00+00:00, run_after=2025-10-14 14:51:00+00:00
[2025-10-14T14:51:54.144+0000] {processor.py:183} INFO - Processing /home/airflow/.local/lib/python3.8/site-packages/airflow/example_dags/example_branch_python_dop_operator_3.py took 0.069 seconds
[2025-10-14T14:52:25.149+0000] {processor.py:161} INFO - Started process (PID=647) to work on /home/airflow/.local/lib/python3.8/site-packages/airflow/example_dags/example_branch_python_dop_operator_3.py
[2025-10-14T14:52:25.150+0000] {processor.py:830} INFO - Processing file /home/airflow/.local/lib/python3.8/site-packages/airflow/example_dags/example_branch_python_dop_operator_3.py for tasks to queue
[2025-10-14T14:52:25.152+0000] {logging_mixin.py:188} INFO - [2025-10-14T14:52:25.152+0000] {dagbag.py:540} INFO - Filling up the DagBag from /home/airflow/.local/lib/python3.8/site-packages/airflow/example_dags/example_branch_python_dop_operator_3.py
[2025-10-14T14:52:25.161+0000] {processor.py:840} INFO - DAG(s) 'example_branch_dop_operator_v3' retrieved from /home/airflow/.local/lib/python3.8/site-packages/airflow/example_dags/example_branch_python_dop_operator_3.py
[2025-10-14T14:52:25.179+0000] {logging_mixin.py:188} INFO - [2025-10-14T14:52:25.179+0000] {dag.py:3047} INFO - Sync 1 DAGs
[2025-10-14T14:52:25.203+0000] {logging_mixin.py:188} INFO - [2025-10-14T14:52:25.203+0000] {dag.py:3834} INFO - Setting next_dagrun for example_branch_dop_operator_v3 to 2025-10-14 14:51:00+00:00, run_after=2025-10-14 14:52:00+00:00
[2025-10-14T14:52:25.219+0000] {processor.py:183} INFO - Processing /home/airflow/.local/lib/python3.8/site-packages/airflow/example_dags/example_branch_python_dop_operator_3.py took 0.073 seconds
[2025-10-14T14:52:56.073+0000] {processor.py:161} INFO - Started process (PID=706) to work on /home/airflow/.local/lib/python3.8/site-packages/airflow/example_dags/example_branch_python_dop_operator_3.py
[2025-10-14T14:52:56.074+0000] {processor.py:830} INFO - Processing file /home/airflow/.local/lib/python3.8/site-packages/airflow/example_dags/example_branch_python_dop_operator_3.py for tasks to queue
[2025-10-14T14:52:56.075+0000] {logging_mixin.py:188} INFO - [2025-10-14T14:52:56.075+0000] {dagbag.py:540} INFO - Filling up the DagBag from /home/airflow/.local/lib/python3.8/site-packages/airflow/example_dags/example_branch_python_dop_operator_3.py
[2025-10-14T14:52:56.084+0000] {processor.py:840} INFO - DAG(s) 'example_branch_dop_operator_v3' retrieved from /home/airflow/.local/lib/python3.8/site-packages/airflow/example_dags/example_branch_python_dop_operator_3.py
[2025-10-14T14:52:56.105+0000] {logging_mixin.py:188} INFO - [2025-10-14T14:52:56.105+0000] {dag.py:3047} INFO - Sync 1 DAGs
[2025-10-14T14:52:56.130+0000] {logging_mixin.py:188} INFO - [2025-10-14T14:52:56.129+0000] {dag.py:3834} INFO - Setting next_dagrun for example_branch_dop_operator_v3 to 2025-10-14 14:51:00+00:00, run_after=2025-10-14 14:52:00+00:00
[2025-10-14T14:52:56.148+0000] {processor.py:183} INFO - Processing /home/airflow/.local/lib/python3.8/site-packages/airflow/example_dags/example_branch_python_dop_operator_3.py took 0.078 seconds
[2025-10-14T14:53:26.232+0000] {processor.py:161} INFO - Started process (PID=763) to work on /home/airflow/.local/lib/python3.8/site-packages/airflow/example_dags/example_branch_python_dop_operator_3.py
[2025-10-14T14:53:26.233+0000] {processor.py:830} INFO - Processing file /home/airflow/.local/lib/python3.8/site-packages/airflow/example_dags/example_branch_python_dop_operator_3.py for tasks to queue
[2025-10-14T14:53:26.235+0000] {logging_mixin.py:188} INFO - [2025-10-14T14:53:26.235+0000] {dagbag.py:540} INFO - Filling up the DagBag from /home/airflow/.local/lib/python3.8/site-packages/airflow/example_dags/example_branch_python_dop_operator_3.py
[2025-10-14T14:53:26.243+0000] {processor.py:840} INFO - DAG(s) 'example_branch_dop_operator_v3' retrieved from /home/airflow/.local/lib/python3.8/site-packages/airflow/example_dags/example_branch_python_dop_operator_3.py
[2025-10-14T14:53:26.261+0000] {logging_mixin.py:188} INFO - [2025-10-14T14:53:26.261+0000] {dag.py:3047} INFO - Sync 1 DAGs
[2025-10-14T14:53:26.283+0000] {logging_mixin.py:188} INFO - [2025-10-14T14:53:26.283+0000] {dag.py:3834} INFO - Setting next_dagrun for example_branch_dop_operator_v3 to 2025-10-14 14:52:00+00:00, run_after=2025-10-14 14:53:00+00:00
[2025-10-14T14:53:26.301+0000] {processor.py:183} INFO - Processing /home/airflow/.local/lib/python3.8/site-packages/airflow/example_dags/example_branch_python_dop_operator_3.py took 0.072 seconds
[2025-10-14T14:53:56.398+0000] {processor.py:161} INFO - Started process (PID=822) to work on /home/airflow/.local/lib/python3.8/site-packages/airflow/example_dags/example_branch_python_dop_operator_3.py
[2025-10-14T14:53:56.399+0000] {processor.py:830} INFO - Processing file /home/airflow/.local/lib/python3.8/site-packages/airflow/example_dags/example_branch_python_dop_operator_3.py for tasks to queue
[2025-10-14T14:53:56.401+0000] {logging_mixin.py:188} INFO - [2025-10-14T14:53:56.401+0000] {dagbag.py:540} INFO - Filling up the DagBag from /home/airflow/.local/lib/python3.8/site-packages/airflow/example_dags/example_branch_python_dop_operator_3.py
[2025-10-14T14:53:56.409+0000] {processor.py:840} INFO - DAG(s) 'example_branch_dop_operator_v3' retrieved from /home/airflow/.local/lib/python3.8/site-packages/airflow/example_dags/example_branch_python_dop_operator_3.py
[2025-10-14T14:53:56.429+0000] {logging_mixin.py:188} INFO - [2025-10-14T14:53:56.429+0000] {dag.py:3047} INFO - Sync 1 DAGs
[2025-10-14T14:53:56.451+0000] {logging_mixin.py:188} INFO - [2025-10-14T14:53:56.451+0000] {dag.py:3834} INFO - Setting next_dagrun for example_branch_dop_operator_v3 to 2025-10-14 14:52:00+00:00, run_after=2025-10-14 14:53:00+00:00
[2025-10-14T14:53:56.468+0000] {processor.py:183} INFO - Processing /home/airflow/.local/lib/python3.8/site-packages/airflow/example_dags/example_branch_python_dop_operator_3.py took 0.072 seconds
[2025-10-14T14:54:26.614+0000] {processor.py:161} INFO - Started process (PID=881) to work on /home/airflow/.local/lib/python3.8/site-packages/airflow/example_dags/example_branch_python_dop_operator_3.py
[2025-10-14T14:54:26.615+0000] {processor.py:830} INFO - Processing file /home/airflow/.local/lib/python3.8/site-packages/airflow/example_dags/example_branch_python_dop_operator_3.py for tasks to queue
[2025-10-14T14:54:26.616+0000] {logging_mixin.py:188} INFO - [2025-10-14T14:54:26.616+0000] {dagbag.py:540} INFO - Filling up the DagBag from /home/airflow/.local/lib/python3.8/site-packages/airflow/example_dags/example_branch_python_dop_operator_3.py
[2025-10-14T14:54:26.624+0000] {processor.py:840} INFO - DAG(s) 'example_branch_dop_operator_v3' retrieved from /home/airflow/.local/lib/python3.8/site-packages/airflow/example_dags/example_branch_python_dop_operator_3.py
[2025-10-14T14:54:26.643+0000] {logging_mixin.py:188} INFO - [2025-10-14T14:54:26.642+0000] {dag.py:3047} INFO - Sync 1 DAGs
[2025-10-14T14:54:26.665+0000] {logging_mixin.py:188} INFO - [2025-10-14T14:54:26.665+0000] {dag.py:3834} INFO - Setting next_dagrun for example_branch_dop_operator_v3 to 2025-10-14 14:53:00+00:00, run_after=2025-10-14 14:54:00+00:00
[2025-10-14T14:54:26.682+0000] {processor.py:183} INFO - Processing /home/airflow/.local/lib/python3.8/site-packages/airflow/example_dags/example_branch_python_dop_operator_3.py took 0.071 seconds
[2025-10-14T14:54:56.736+0000] {processor.py:161} INFO - Started process (PID=940) to work on /home/airflow/.local/lib/python3.8/site-packages/airflow/example_dags/example_branch_python_dop_operator_3.py
[2025-10-14T14:54:56.737+0000] {processor.py:830} INFO - Processing file /home/airflow/.local/lib/python3.8/site-packages/airflow/example_dags/example_branch_python_dop_operator_3.py for tasks to queue
[2025-10-14T14:54:56.739+0000] {logging_mixin.py:188} INFO - [2025-10-14T14:54:56.739+0000] {dagbag.py:540} INFO - Filling up the DagBag from /home/airflow/.local/lib/python3.8/site-packages/airflow/example_dags/example_branch_python_dop_operator_3.py
[2025-10-14T14:54:56.749+0000] {processor.py:840} INFO - DAG(s) 'example_branch_dop_operator_v3' retrieved from /home/airflow/.local/lib/python3.8/site-packages/airflow/example_dags/example_branch_python_dop_operator_3.py
[2025-10-14T14:54:56.772+0000] {logging_mixin.py:188} INFO - [2025-10-14T14:54:56.772+0000] {dag.py:3047} INFO - Sync 1 DAGs
[2025-10-14T14:54:56.799+0000] {logging_mixin.py:188} INFO - [2025-10-14T14:54:56.799+0000] {dag.py:3834} INFO - Setting next_dagrun for example_branch_dop_operator_v3 to 2025-10-14 14:53:00+00:00, run_after=2025-10-14 14:54:00+00:00
[2025-10-14T14:54:56.848+0000] {processor.py:183} INFO - Processing /home/airflow/.local/lib/python3.8/site-packages/airflow/example_dags/example_branch_python_dop_operator_3.py took 0.115 seconds
[2025-10-14T14:55:27.088+0000] {processor.py:161} INFO - Started process (PID=999) to work on /home/airflow/.local/lib/python3.8/site-packages/airflow/example_dags/example_branch_python_dop_operator_3.py
[2025-10-14T14:55:27.089+0000] {processor.py:830} INFO - Processing file /home/airflow/.local/lib/python3.8/site-packages/airflow/example_dags/example_branch_python_dop_operator_3.py for tasks to queue
[2025-10-14T14:55:27.091+0000] {logging_mixin.py:188} INFO - [2025-10-14T14:55:27.091+0000] {dagbag.py:540} INFO - Filling up the DagBag from /home/airflow/.local/lib/python3.8/site-packages/airflow/example_dags/example_branch_python_dop_operator_3.py
[2025-10-14T14:55:27.101+0000] {processor.py:840} INFO - DAG(s) 'example_branch_dop_operator_v3' retrieved from /home/airflow/.local/lib/python3.8/site-packages/airflow/example_dags/example_branch_python_dop_operator_3.py
[2025-10-14T14:55:27.122+0000] {logging_mixin.py:188} INFO - [2025-10-14T14:55:27.121+0000] {dag.py:3047} INFO - Sync 1 DAGs
[2025-10-14T14:55:27.154+0000] {logging_mixin.py:188} INFO - [2025-10-14T14:55:27.153+0000] {dag.py:3834} INFO - Setting next_dagrun for example_branch_dop_operator_v3 to 2025-10-14 14:54:00+00:00, run_after=2025-10-14 14:55:00+00:00
[2025-10-14T14:55:27.180+0000] {processor.py:183} INFO - Processing /home/airflow/.local/lib/python3.8/site-packages/airflow/example_dags/example_branch_python_dop_operator_3.py took 0.095 seconds
