[2025-10-14T14:44:57.234+0000] {processor.py:161} INFO - Started process (PID=97) to work on /home/airflow/.local/lib/python3.8/site-packages/airflow/example_dags/example_setup_teardown.py
[2025-10-14T14:44:57.235+0000] {processor.py:830} INFO - Processing file /home/airflow/.local/lib/python3.8/site-packages/airflow/example_dags/example_setup_teardown.py for tasks to queue
[2025-10-14T14:44:57.237+0000] {logging_mixin.py:188} INFO - [2025-10-14T14:44:57.237+0000] {dagbag.py:540} INFO - Filling up the DagBag from /home/airflow/.local/lib/python3.8/site-packages/airflow/example_dags/example_setup_teardown.py
[2025-10-14T14:44:57.246+0000] {processor.py:840} INFO - DAG(s) 'example_setup_teardown' retrieved from /home/airflow/.local/lib/python3.8/site-packages/airflow/example_dags/example_setup_teardown.py
[2025-10-14T14:44:57.339+0000] {logging_mixin.py:188} INFO - [2025-10-14T14:44:57.339+0000] {override.py:1769} INFO - Created Permission View: can edit on DAG:example_setup_teardown
[2025-10-14T14:44:57.348+0000] {logging_mixin.py:188} INFO - [2025-10-14T14:44:57.347+0000] {override.py:1769} INFO - Created Permission View: can delete on DAG:example_setup_teardown
[2025-10-14T14:44:57.353+0000] {logging_mixin.py:188} INFO - [2025-10-14T14:44:57.353+0000] {override.py:1769} INFO - Created Permission View: can read on DAG:example_setup_teardown
[2025-10-14T14:44:57.354+0000] {logging_mixin.py:188} INFO - [2025-10-14T14:44:57.354+0000] {dag.py:3047} INFO - Sync 1 DAGs
[2025-10-14T14:44:57.364+0000] {logging_mixin.py:188} INFO - [2025-10-14T14:44:57.364+0000] {dag.py:3069} INFO - Creating ORM DAG for example_setup_teardown
[2025-10-14T14:44:57.373+0000] {logging_mixin.py:188} INFO - [2025-10-14T14:44:57.373+0000] {dag.py:3834} INFO - Setting next_dagrun for example_setup_teardown to 2025-10-13 00:00:00+00:00, run_after=2025-10-14 00:00:00+00:00
[2025-10-14T14:44:57.388+0000] {processor.py:183} INFO - Processing /home/airflow/.local/lib/python3.8/site-packages/airflow/example_dags/example_setup_teardown.py took 0.157 seconds
[2025-10-14T14:45:27.953+0000] {processor.py:161} INFO - Started process (PID=156) to work on /home/airflow/.local/lib/python3.8/site-packages/airflow/example_dags/example_setup_teardown.py
[2025-10-14T14:45:27.954+0000] {processor.py:830} INFO - Processing file /home/airflow/.local/lib/python3.8/site-packages/airflow/example_dags/example_setup_teardown.py for tasks to queue
[2025-10-14T14:45:27.956+0000] {logging_mixin.py:188} INFO - [2025-10-14T14:45:27.956+0000] {dagbag.py:540} INFO - Filling up the DagBag from /home/airflow/.local/lib/python3.8/site-packages/airflow/example_dags/example_setup_teardown.py
[2025-10-14T14:45:27.962+0000] {processor.py:840} INFO - DAG(s) 'example_setup_teardown' retrieved from /home/airflow/.local/lib/python3.8/site-packages/airflow/example_dags/example_setup_teardown.py
[2025-10-14T14:45:27.978+0000] {logging_mixin.py:188} INFO - [2025-10-14T14:45:27.978+0000] {dag.py:3047} INFO - Sync 1 DAGs
[2025-10-14T14:45:27.998+0000] {logging_mixin.py:188} INFO - [2025-10-14T14:45:27.998+0000] {dag.py:3834} INFO - Setting next_dagrun for example_setup_teardown to 2025-10-13 00:00:00+00:00, run_after=2025-10-14 00:00:00+00:00
[2025-10-14T14:45:28.014+0000] {processor.py:183} INFO - Processing /home/airflow/.local/lib/python3.8/site-packages/airflow/example_dags/example_setup_teardown.py took 0.063 seconds
[2025-10-14T14:45:58.443+0000] {processor.py:161} INFO - Started process (PID=215) to work on /home/airflow/.local/lib/python3.8/site-packages/airflow/example_dags/example_setup_teardown.py
[2025-10-14T14:45:58.444+0000] {processor.py:830} INFO - Processing file /home/airflow/.local/lib/python3.8/site-packages/airflow/example_dags/example_setup_teardown.py for tasks to queue
[2025-10-14T14:45:58.446+0000] {logging_mixin.py:188} INFO - [2025-10-14T14:45:58.446+0000] {dagbag.py:540} INFO - Filling up the DagBag from /home/airflow/.local/lib/python3.8/site-packages/airflow/example_dags/example_setup_teardown.py
[2025-10-14T14:45:58.452+0000] {processor.py:840} INFO - DAG(s) 'example_setup_teardown' retrieved from /home/airflow/.local/lib/python3.8/site-packages/airflow/example_dags/example_setup_teardown.py
[2025-10-14T14:45:58.472+0000] {logging_mixin.py:188} INFO - [2025-10-14T14:45:58.471+0000] {dag.py:3047} INFO - Sync 1 DAGs
[2025-10-14T14:45:58.491+0000] {logging_mixin.py:188} INFO - [2025-10-14T14:45:58.490+0000] {dag.py:3834} INFO - Setting next_dagrun for example_setup_teardown to 2025-10-13 00:00:00+00:00, run_after=2025-10-14 00:00:00+00:00
[2025-10-14T14:45:58.507+0000] {processor.py:183} INFO - Processing /home/airflow/.local/lib/python3.8/site-packages/airflow/example_dags/example_setup_teardown.py took 0.066 seconds
[2025-10-14T14:47:49.068+0000] {processor.py:161} INFO - Started process (PID=96) to work on /home/airflow/.local/lib/python3.8/site-packages/airflow/example_dags/example_setup_teardown.py
[2025-10-14T14:47:49.069+0000] {processor.py:830} INFO - Processing file /home/airflow/.local/lib/python3.8/site-packages/airflow/example_dags/example_setup_teardown.py for tasks to queue
[2025-10-14T14:47:49.071+0000] {logging_mixin.py:188} INFO - [2025-10-14T14:47:49.071+0000] {dagbag.py:540} INFO - Filling up the DagBag from /home/airflow/.local/lib/python3.8/site-packages/airflow/example_dags/example_setup_teardown.py
[2025-10-14T14:47:49.081+0000] {processor.py:840} INFO - DAG(s) 'example_setup_teardown' retrieved from /home/airflow/.local/lib/python3.8/site-packages/airflow/example_dags/example_setup_teardown.py
[2025-10-14T14:47:49.186+0000] {logging_mixin.py:188} INFO - [2025-10-14T14:47:49.186+0000] {dag.py:3047} INFO - Sync 1 DAGs
[2025-10-14T14:47:49.207+0000] {logging_mixin.py:188} INFO - [2025-10-14T14:47:49.207+0000] {dag.py:3834} INFO - Setting next_dagrun for example_setup_teardown to 2025-10-13 00:00:00+00:00, run_after=2025-10-14 00:00:00+00:00
[2025-10-14T14:47:49.229+0000] {processor.py:183} INFO - Processing /home/airflow/.local/lib/python3.8/site-packages/airflow/example_dags/example_setup_teardown.py took 0.165 seconds
[2025-10-14T14:48:19.842+0000] {processor.py:161} INFO - Started process (PID=155) to work on /home/airflow/.local/lib/python3.8/site-packages/airflow/example_dags/example_setup_teardown.py
[2025-10-14T14:48:19.843+0000] {processor.py:830} INFO - Processing file /home/airflow/.local/lib/python3.8/site-packages/airflow/example_dags/example_setup_teardown.py for tasks to queue
[2025-10-14T14:48:19.845+0000] {logging_mixin.py:188} INFO - [2025-10-14T14:48:19.844+0000] {dagbag.py:540} INFO - Filling up the DagBag from /home/airflow/.local/lib/python3.8/site-packages/airflow/example_dags/example_setup_teardown.py
[2025-10-14T14:48:19.851+0000] {processor.py:840} INFO - DAG(s) 'example_setup_teardown' retrieved from /home/airflow/.local/lib/python3.8/site-packages/airflow/example_dags/example_setup_teardown.py
[2025-10-14T14:48:19.869+0000] {logging_mixin.py:188} INFO - [2025-10-14T14:48:19.869+0000] {dag.py:3047} INFO - Sync 1 DAGs
[2025-10-14T14:48:19.888+0000] {logging_mixin.py:188} INFO - [2025-10-14T14:48:19.888+0000] {dag.py:3834} INFO - Setting next_dagrun for example_setup_teardown to 2025-10-13 00:00:00+00:00, run_after=2025-10-14 00:00:00+00:00
[2025-10-14T14:48:19.904+0000] {processor.py:183} INFO - Processing /home/airflow/.local/lib/python3.8/site-packages/airflow/example_dags/example_setup_teardown.py took 0.065 seconds
[2025-10-14T14:48:50.121+0000] {processor.py:161} INFO - Started process (PID=214) to work on /home/airflow/.local/lib/python3.8/site-packages/airflow/example_dags/example_setup_teardown.py
[2025-10-14T14:48:50.122+0000] {processor.py:830} INFO - Processing file /home/airflow/.local/lib/python3.8/site-packages/airflow/example_dags/example_setup_teardown.py for tasks to queue
[2025-10-14T14:48:50.124+0000] {logging_mixin.py:188} INFO - [2025-10-14T14:48:50.124+0000] {dagbag.py:540} INFO - Filling up the DagBag from /home/airflow/.local/lib/python3.8/site-packages/airflow/example_dags/example_setup_teardown.py
[2025-10-14T14:48:50.130+0000] {processor.py:840} INFO - DAG(s) 'example_setup_teardown' retrieved from /home/airflow/.local/lib/python3.8/site-packages/airflow/example_dags/example_setup_teardown.py
[2025-10-14T14:48:50.149+0000] {logging_mixin.py:188} INFO - [2025-10-14T14:48:50.149+0000] {dag.py:3047} INFO - Sync 1 DAGs
[2025-10-14T14:48:50.170+0000] {logging_mixin.py:188} INFO - [2025-10-14T14:48:50.170+0000] {dag.py:3834} INFO - Setting next_dagrun for example_setup_teardown to 2025-10-13 00:00:00+00:00, run_after=2025-10-14 00:00:00+00:00
[2025-10-14T14:48:50.187+0000] {processor.py:183} INFO - Processing /home/airflow/.local/lib/python3.8/site-packages/airflow/example_dags/example_setup_teardown.py took 0.069 seconds
[2025-10-14T14:49:20.349+0000] {processor.py:161} INFO - Started process (PID=273) to work on /home/airflow/.local/lib/python3.8/site-packages/airflow/example_dags/example_setup_teardown.py
[2025-10-14T14:49:20.350+0000] {processor.py:830} INFO - Processing file /home/airflow/.local/lib/python3.8/site-packages/airflow/example_dags/example_setup_teardown.py for tasks to queue
[2025-10-14T14:49:20.352+0000] {logging_mixin.py:188} INFO - [2025-10-14T14:49:20.352+0000] {dagbag.py:540} INFO - Filling up the DagBag from /home/airflow/.local/lib/python3.8/site-packages/airflow/example_dags/example_setup_teardown.py
[2025-10-14T14:49:20.358+0000] {processor.py:840} INFO - DAG(s) 'example_setup_teardown' retrieved from /home/airflow/.local/lib/python3.8/site-packages/airflow/example_dags/example_setup_teardown.py
[2025-10-14T14:49:20.375+0000] {logging_mixin.py:188} INFO - [2025-10-14T14:49:20.375+0000] {dag.py:3047} INFO - Sync 1 DAGs
[2025-10-14T14:49:20.394+0000] {logging_mixin.py:188} INFO - [2025-10-14T14:49:20.394+0000] {dag.py:3834} INFO - Setting next_dagrun for example_setup_teardown to 2025-10-13 00:00:00+00:00, run_after=2025-10-14 00:00:00+00:00
[2025-10-14T14:49:20.409+0000] {processor.py:183} INFO - Processing /home/airflow/.local/lib/python3.8/site-packages/airflow/example_dags/example_setup_teardown.py took 0.063 seconds
[2025-10-14T14:49:51.434+0000] {processor.py:161} INFO - Started process (PID=338) to work on /home/airflow/.local/lib/python3.8/site-packages/airflow/example_dags/example_setup_teardown.py
[2025-10-14T14:49:51.436+0000] {processor.py:830} INFO - Processing file /home/airflow/.local/lib/python3.8/site-packages/airflow/example_dags/example_setup_teardown.py for tasks to queue
[2025-10-14T14:49:51.438+0000] {logging_mixin.py:188} INFO - [2025-10-14T14:49:51.438+0000] {dagbag.py:540} INFO - Filling up the DagBag from /home/airflow/.local/lib/python3.8/site-packages/airflow/example_dags/example_setup_teardown.py
[2025-10-14T14:49:51.446+0000] {processor.py:840} INFO - DAG(s) 'example_setup_teardown' retrieved from /home/airflow/.local/lib/python3.8/site-packages/airflow/example_dags/example_setup_teardown.py
[2025-10-14T14:49:51.468+0000] {logging_mixin.py:188} INFO - [2025-10-14T14:49:51.468+0000] {dag.py:3047} INFO - Sync 1 DAGs
[2025-10-14T14:49:51.491+0000] {logging_mixin.py:188} INFO - [2025-10-14T14:49:51.491+0000] {dag.py:3834} INFO - Setting next_dagrun for example_setup_teardown to 2025-10-13 00:00:00+00:00, run_after=2025-10-14 00:00:00+00:00
[2025-10-14T14:49:51.510+0000] {processor.py:183} INFO - Processing /home/airflow/.local/lib/python3.8/site-packages/airflow/example_dags/example_setup_teardown.py took 0.079 seconds
[2025-10-14T14:50:21.573+0000] {processor.py:161} INFO - Started process (PID=395) to work on /home/airflow/.local/lib/python3.8/site-packages/airflow/example_dags/example_setup_teardown.py
[2025-10-14T14:50:21.574+0000] {processor.py:830} INFO - Processing file /home/airflow/.local/lib/python3.8/site-packages/airflow/example_dags/example_setup_teardown.py for tasks to queue
[2025-10-14T14:50:21.575+0000] {logging_mixin.py:188} INFO - [2025-10-14T14:50:21.575+0000] {dagbag.py:540} INFO - Filling up the DagBag from /home/airflow/.local/lib/python3.8/site-packages/airflow/example_dags/example_setup_teardown.py
[2025-10-14T14:50:21.582+0000] {processor.py:840} INFO - DAG(s) 'example_setup_teardown' retrieved from /home/airflow/.local/lib/python3.8/site-packages/airflow/example_dags/example_setup_teardown.py
[2025-10-14T14:50:21.599+0000] {logging_mixin.py:188} INFO - [2025-10-14T14:50:21.599+0000] {dag.py:3047} INFO - Sync 1 DAGs
[2025-10-14T14:50:21.619+0000] {logging_mixin.py:188} INFO - [2025-10-14T14:50:21.619+0000] {dag.py:3834} INFO - Setting next_dagrun for example_setup_teardown to 2025-10-13 00:00:00+00:00, run_after=2025-10-14 00:00:00+00:00
[2025-10-14T14:50:21.634+0000] {processor.py:183} INFO - Processing /home/airflow/.local/lib/python3.8/site-packages/airflow/example_dags/example_setup_teardown.py took 0.064 seconds
[2025-10-14T14:50:51.875+0000] {processor.py:161} INFO - Started process (PID=454) to work on /home/airflow/.local/lib/python3.8/site-packages/airflow/example_dags/example_setup_teardown.py
[2025-10-14T14:50:51.876+0000] {processor.py:830} INFO - Processing file /home/airflow/.local/lib/python3.8/site-packages/airflow/example_dags/example_setup_teardown.py for tasks to queue
[2025-10-14T14:50:51.878+0000] {logging_mixin.py:188} INFO - [2025-10-14T14:50:51.878+0000] {dagbag.py:540} INFO - Filling up the DagBag from /home/airflow/.local/lib/python3.8/site-packages/airflow/example_dags/example_setup_teardown.py
[2025-10-14T14:50:51.886+0000] {processor.py:840} INFO - DAG(s) 'example_setup_teardown' retrieved from /home/airflow/.local/lib/python3.8/site-packages/airflow/example_dags/example_setup_teardown.py
[2025-10-14T14:50:51.905+0000] {logging_mixin.py:188} INFO - [2025-10-14T14:50:51.905+0000] {dag.py:3047} INFO - Sync 1 DAGs
[2025-10-14T14:50:51.929+0000] {logging_mixin.py:188} INFO - [2025-10-14T14:50:51.929+0000] {dag.py:3834} INFO - Setting next_dagrun for example_setup_teardown to 2025-10-13 00:00:00+00:00, run_after=2025-10-14 00:00:00+00:00
[2025-10-14T14:50:51.952+0000] {processor.py:183} INFO - Processing /home/airflow/.local/lib/python3.8/site-packages/airflow/example_dags/example_setup_teardown.py took 0.081 seconds
[2025-10-14T14:51:22.022+0000] {processor.py:161} INFO - Started process (PID=514) to work on /home/airflow/.local/lib/python3.8/site-packages/airflow/example_dags/example_setup_teardown.py
[2025-10-14T14:51:22.023+0000] {processor.py:830} INFO - Processing file /home/airflow/.local/lib/python3.8/site-packages/airflow/example_dags/example_setup_teardown.py for tasks to queue
[2025-10-14T14:51:22.025+0000] {logging_mixin.py:188} INFO - [2025-10-14T14:51:22.025+0000] {dagbag.py:540} INFO - Filling up the DagBag from /home/airflow/.local/lib/python3.8/site-packages/airflow/example_dags/example_setup_teardown.py
[2025-10-14T14:51:22.031+0000] {processor.py:840} INFO - DAG(s) 'example_setup_teardown' retrieved from /home/airflow/.local/lib/python3.8/site-packages/airflow/example_dags/example_setup_teardown.py
[2025-10-14T14:51:22.050+0000] {logging_mixin.py:188} INFO - [2025-10-14T14:51:22.050+0000] {dag.py:3047} INFO - Sync 1 DAGs
[2025-10-14T14:51:22.070+0000] {logging_mixin.py:188} INFO - [2025-10-14T14:51:22.070+0000] {dag.py:3834} INFO - Setting next_dagrun for example_setup_teardown to 2025-10-13 00:00:00+00:00, run_after=2025-10-14 00:00:00+00:00
[2025-10-14T14:51:22.087+0000] {processor.py:183} INFO - Processing /home/airflow/.local/lib/python3.8/site-packages/airflow/example_dags/example_setup_teardown.py took 0.068 seconds
[2025-10-14T14:51:52.203+0000] {processor.py:161} INFO - Started process (PID=573) to work on /home/airflow/.local/lib/python3.8/site-packages/airflow/example_dags/example_setup_teardown.py
[2025-10-14T14:51:52.204+0000] {processor.py:830} INFO - Processing file /home/airflow/.local/lib/python3.8/site-packages/airflow/example_dags/example_setup_teardown.py for tasks to queue
[2025-10-14T14:51:52.205+0000] {logging_mixin.py:188} INFO - [2025-10-14T14:51:52.205+0000] {dagbag.py:540} INFO - Filling up the DagBag from /home/airflow/.local/lib/python3.8/site-packages/airflow/example_dags/example_setup_teardown.py
[2025-10-14T14:51:52.212+0000] {processor.py:840} INFO - DAG(s) 'example_setup_teardown' retrieved from /home/airflow/.local/lib/python3.8/site-packages/airflow/example_dags/example_setup_teardown.py
[2025-10-14T14:51:52.230+0000] {logging_mixin.py:188} INFO - [2025-10-14T14:51:52.229+0000] {dag.py:3047} INFO - Sync 1 DAGs
[2025-10-14T14:51:52.249+0000] {logging_mixin.py:188} INFO - [2025-10-14T14:51:52.249+0000] {dag.py:3834} INFO - Setting next_dagrun for example_setup_teardown to 2025-10-13 00:00:00+00:00, run_after=2025-10-14 00:00:00+00:00
[2025-10-14T14:51:52.267+0000] {processor.py:183} INFO - Processing /home/airflow/.local/lib/python3.8/site-packages/airflow/example_dags/example_setup_teardown.py took 0.067 seconds
[2025-10-14T14:52:22.495+0000] {processor.py:161} INFO - Started process (PID=632) to work on /home/airflow/.local/lib/python3.8/site-packages/airflow/example_dags/example_setup_teardown.py
[2025-10-14T14:52:22.497+0000] {processor.py:830} INFO - Processing file /home/airflow/.local/lib/python3.8/site-packages/airflow/example_dags/example_setup_teardown.py for tasks to queue
[2025-10-14T14:52:22.499+0000] {logging_mixin.py:188} INFO - [2025-10-14T14:52:22.498+0000] {dagbag.py:540} INFO - Filling up the DagBag from /home/airflow/.local/lib/python3.8/site-packages/airflow/example_dags/example_setup_teardown.py
[2025-10-14T14:52:22.505+0000] {processor.py:840} INFO - DAG(s) 'example_setup_teardown' retrieved from /home/airflow/.local/lib/python3.8/site-packages/airflow/example_dags/example_setup_teardown.py
[2025-10-14T14:52:22.524+0000] {logging_mixin.py:188} INFO - [2025-10-14T14:52:22.524+0000] {dag.py:3047} INFO - Sync 1 DAGs
[2025-10-14T14:52:22.544+0000] {logging_mixin.py:188} INFO - [2025-10-14T14:52:22.543+0000] {dag.py:3834} INFO - Setting next_dagrun for example_setup_teardown to 2025-10-13 00:00:00+00:00, run_after=2025-10-14 00:00:00+00:00
[2025-10-14T14:52:22.560+0000] {processor.py:183} INFO - Processing /home/airflow/.local/lib/python3.8/site-packages/airflow/example_dags/example_setup_teardown.py took 0.068 seconds
[2025-10-14T14:52:53.349+0000] {processor.py:161} INFO - Started process (PID=691) to work on /home/airflow/.local/lib/python3.8/site-packages/airflow/example_dags/example_setup_teardown.py
[2025-10-14T14:52:53.350+0000] {processor.py:830} INFO - Processing file /home/airflow/.local/lib/python3.8/site-packages/airflow/example_dags/example_setup_teardown.py for tasks to queue
[2025-10-14T14:52:53.352+0000] {logging_mixin.py:188} INFO - [2025-10-14T14:52:53.351+0000] {dagbag.py:540} INFO - Filling up the DagBag from /home/airflow/.local/lib/python3.8/site-packages/airflow/example_dags/example_setup_teardown.py
[2025-10-14T14:52:53.358+0000] {processor.py:840} INFO - DAG(s) 'example_setup_teardown' retrieved from /home/airflow/.local/lib/python3.8/site-packages/airflow/example_dags/example_setup_teardown.py
[2025-10-14T14:52:53.376+0000] {logging_mixin.py:188} INFO - [2025-10-14T14:52:53.376+0000] {dag.py:3047} INFO - Sync 1 DAGs
[2025-10-14T14:52:53.396+0000] {logging_mixin.py:188} INFO - [2025-10-14T14:52:53.396+0000] {dag.py:3834} INFO - Setting next_dagrun for example_setup_teardown to 2025-10-13 00:00:00+00:00, run_after=2025-10-14 00:00:00+00:00
[2025-10-14T14:52:53.417+0000] {processor.py:183} INFO - Processing /home/airflow/.local/lib/python3.8/site-packages/airflow/example_dags/example_setup_teardown.py took 0.071 seconds
[2025-10-14T14:53:23.569+0000] {processor.py:161} INFO - Started process (PID=750) to work on /home/airflow/.local/lib/python3.8/site-packages/airflow/example_dags/example_setup_teardown.py
[2025-10-14T14:53:23.570+0000] {processor.py:830} INFO - Processing file /home/airflow/.local/lib/python3.8/site-packages/airflow/example_dags/example_setup_teardown.py for tasks to queue
[2025-10-14T14:53:23.571+0000] {logging_mixin.py:188} INFO - [2025-10-14T14:53:23.571+0000] {dagbag.py:540} INFO - Filling up the DagBag from /home/airflow/.local/lib/python3.8/site-packages/airflow/example_dags/example_setup_teardown.py
[2025-10-14T14:53:23.579+0000] {processor.py:840} INFO - DAG(s) 'example_setup_teardown' retrieved from /home/airflow/.local/lib/python3.8/site-packages/airflow/example_dags/example_setup_teardown.py
[2025-10-14T14:53:23.599+0000] {logging_mixin.py:188} INFO - [2025-10-14T14:53:23.599+0000] {dag.py:3047} INFO - Sync 1 DAGs
[2025-10-14T14:53:23.619+0000] {logging_mixin.py:188} INFO - [2025-10-14T14:53:23.618+0000] {dag.py:3834} INFO - Setting next_dagrun for example_setup_teardown to 2025-10-13 00:00:00+00:00, run_after=2025-10-14 00:00:00+00:00
[2025-10-14T14:53:23.636+0000] {processor.py:183} INFO - Processing /home/airflow/.local/lib/python3.8/site-packages/airflow/example_dags/example_setup_teardown.py took 0.071 seconds
[2025-10-14T14:53:53.839+0000] {processor.py:161} INFO - Started process (PID=809) to work on /home/airflow/.local/lib/python3.8/site-packages/airflow/example_dags/example_setup_teardown.py
[2025-10-14T14:53:53.840+0000] {processor.py:830} INFO - Processing file /home/airflow/.local/lib/python3.8/site-packages/airflow/example_dags/example_setup_teardown.py for tasks to queue
[2025-10-14T14:53:53.842+0000] {logging_mixin.py:188} INFO - [2025-10-14T14:53:53.842+0000] {dagbag.py:540} INFO - Filling up the DagBag from /home/airflow/.local/lib/python3.8/site-packages/airflow/example_dags/example_setup_teardown.py
[2025-10-14T14:53:53.848+0000] {processor.py:840} INFO - DAG(s) 'example_setup_teardown' retrieved from /home/airflow/.local/lib/python3.8/site-packages/airflow/example_dags/example_setup_teardown.py
[2025-10-14T14:53:53.866+0000] {logging_mixin.py:188} INFO - [2025-10-14T14:53:53.866+0000] {dag.py:3047} INFO - Sync 1 DAGs
[2025-10-14T14:53:53.885+0000] {logging_mixin.py:188} INFO - [2025-10-14T14:53:53.885+0000] {dag.py:3834} INFO - Setting next_dagrun for example_setup_teardown to 2025-10-13 00:00:00+00:00, run_after=2025-10-14 00:00:00+00:00
[2025-10-14T14:53:53.902+0000] {processor.py:183} INFO - Processing /home/airflow/.local/lib/python3.8/site-packages/airflow/example_dags/example_setup_teardown.py took 0.066 seconds
[2025-10-14T14:54:24.032+0000] {processor.py:161} INFO - Started process (PID=868) to work on /home/airflow/.local/lib/python3.8/site-packages/airflow/example_dags/example_setup_teardown.py
[2025-10-14T14:54:24.033+0000] {processor.py:830} INFO - Processing file /home/airflow/.local/lib/python3.8/site-packages/airflow/example_dags/example_setup_teardown.py for tasks to queue
[2025-10-14T14:54:24.035+0000] {logging_mixin.py:188} INFO - [2025-10-14T14:54:24.035+0000] {dagbag.py:540} INFO - Filling up the DagBag from /home/airflow/.local/lib/python3.8/site-packages/airflow/example_dags/example_setup_teardown.py
[2025-10-14T14:54:24.041+0000] {processor.py:840} INFO - DAG(s) 'example_setup_teardown' retrieved from /home/airflow/.local/lib/python3.8/site-packages/airflow/example_dags/example_setup_teardown.py
[2025-10-14T14:54:24.059+0000] {logging_mixin.py:188} INFO - [2025-10-14T14:54:24.059+0000] {dag.py:3047} INFO - Sync 1 DAGs
[2025-10-14T14:54:24.088+0000] {logging_mixin.py:188} INFO - [2025-10-14T14:54:24.088+0000] {dag.py:3834} INFO - Setting next_dagrun for example_setup_teardown to 2025-10-13 00:00:00+00:00, run_after=2025-10-14 00:00:00+00:00
[2025-10-14T14:54:24.105+0000] {processor.py:183} INFO - Processing /home/airflow/.local/lib/python3.8/site-packages/airflow/example_dags/example_setup_teardown.py took 0.077 seconds
[2025-10-14T14:54:54.184+0000] {processor.py:161} INFO - Started process (PID=927) to work on /home/airflow/.local/lib/python3.8/site-packages/airflow/example_dags/example_setup_teardown.py
[2025-10-14T14:54:54.185+0000] {processor.py:830} INFO - Processing file /home/airflow/.local/lib/python3.8/site-packages/airflow/example_dags/example_setup_teardown.py for tasks to queue
[2025-10-14T14:54:54.187+0000] {logging_mixin.py:188} INFO - [2025-10-14T14:54:54.187+0000] {dagbag.py:540} INFO - Filling up the DagBag from /home/airflow/.local/lib/python3.8/site-packages/airflow/example_dags/example_setup_teardown.py
[2025-10-14T14:54:54.194+0000] {processor.py:840} INFO - DAG(s) 'example_setup_teardown' retrieved from /home/airflow/.local/lib/python3.8/site-packages/airflow/example_dags/example_setup_teardown.py
[2025-10-14T14:54:54.213+0000] {logging_mixin.py:188} INFO - [2025-10-14T14:54:54.212+0000] {dag.py:3047} INFO - Sync 1 DAGs
[2025-10-14T14:54:54.233+0000] {logging_mixin.py:188} INFO - [2025-10-14T14:54:54.233+0000] {dag.py:3834} INFO - Setting next_dagrun for example_setup_teardown to 2025-10-13 00:00:00+00:00, run_after=2025-10-14 00:00:00+00:00
[2025-10-14T14:54:54.253+0000] {processor.py:183} INFO - Processing /home/airflow/.local/lib/python3.8/site-packages/airflow/example_dags/example_setup_teardown.py took 0.072 seconds
[2025-10-14T14:55:24.518+0000] {processor.py:161} INFO - Started process (PID=986) to work on /home/airflow/.local/lib/python3.8/site-packages/airflow/example_dags/example_setup_teardown.py
[2025-10-14T14:55:24.519+0000] {processor.py:830} INFO - Processing file /home/airflow/.local/lib/python3.8/site-packages/airflow/example_dags/example_setup_teardown.py for tasks to queue
[2025-10-14T14:55:24.521+0000] {logging_mixin.py:188} INFO - [2025-10-14T14:55:24.521+0000] {dagbag.py:540} INFO - Filling up the DagBag from /home/airflow/.local/lib/python3.8/site-packages/airflow/example_dags/example_setup_teardown.py
[2025-10-14T14:55:24.527+0000] {processor.py:840} INFO - DAG(s) 'example_setup_teardown' retrieved from /home/airflow/.local/lib/python3.8/site-packages/airflow/example_dags/example_setup_teardown.py
[2025-10-14T14:55:24.546+0000] {logging_mixin.py:188} INFO - [2025-10-14T14:55:24.546+0000] {dag.py:3047} INFO - Sync 1 DAGs
[2025-10-14T14:55:24.565+0000] {logging_mixin.py:188} INFO - [2025-10-14T14:55:24.565+0000] {dag.py:3834} INFO - Setting next_dagrun for example_setup_teardown to 2025-10-13 00:00:00+00:00, run_after=2025-10-14 00:00:00+00:00
[2025-10-14T14:55:24.584+0000] {processor.py:183} INFO - Processing /home/airflow/.local/lib/python3.8/site-packages/airflow/example_dags/example_setup_teardown.py took 0.068 seconds
