[2025-10-14T14:44:58.551+0000] {processor.py:161} INFO - Started process (PID=109) to work on /home/airflow/.local/lib/python3.8/site-packages/airflow/example_dags/example_task_group_decorator.py
[2025-10-14T14:44:58.552+0000] {processor.py:830} INFO - Processing file /home/airflow/.local/lib/python3.8/site-packages/airflow/example_dags/example_task_group_decorator.py for tasks to queue
[2025-10-14T14:44:58.554+0000] {logging_mixin.py:188} INFO - [2025-10-14T14:44:58.554+0000] {dagbag.py:540} INFO - Filling up the DagBag from /home/airflow/.local/lib/python3.8/site-packages/airflow/example_dags/example_task_group_decorator.py
[2025-10-14T14:44:58.571+0000] {processor.py:840} INFO - DAG(s) 'example_task_group_decorator' retrieved from /home/airflow/.local/lib/python3.8/site-packages/airflow/example_dags/example_task_group_decorator.py
[2025-10-14T14:44:58.668+0000] {logging_mixin.py:188} INFO - [2025-10-14T14:44:58.668+0000] {override.py:1769} INFO - Created Permission View: can edit on DAG:example_task_group_decorator
[2025-10-14T14:44:58.685+0000] {logging_mixin.py:188} INFO - [2025-10-14T14:44:58.684+0000] {override.py:1769} INFO - Created Permission View: can delete on DAG:example_task_group_decorator
[2025-10-14T14:44:58.700+0000] {logging_mixin.py:188} INFO - [2025-10-14T14:44:58.699+0000] {override.py:1769} INFO - Created Permission View: can read on DAG:example_task_group_decorator
[2025-10-14T14:44:58.701+0000] {logging_mixin.py:188} INFO - [2025-10-14T14:44:58.701+0000] {dag.py:3047} INFO - Sync 1 DAGs
[2025-10-14T14:44:58.716+0000] {logging_mixin.py:188} INFO - [2025-10-14T14:44:58.716+0000] {dag.py:3069} INFO - Creating ORM DAG for example_task_group_decorator
[2025-10-14T14:44:58.728+0000] {logging_mixin.py:188} INFO - [2025-10-14T14:44:58.727+0000] {dag.py:3834} INFO - Setting next_dagrun for example_task_group_decorator to 2025-10-13 00:00:00+00:00, run_after=2025-10-14 00:00:00+00:00
[2025-10-14T14:44:58.744+0000] {processor.py:183} INFO - Processing /home/airflow/.local/lib/python3.8/site-packages/airflow/example_dags/example_task_group_decorator.py took 0.196 seconds
[2025-10-14T14:45:29.665+0000] {processor.py:161} INFO - Started process (PID=168) to work on /home/airflow/.local/lib/python3.8/site-packages/airflow/example_dags/example_task_group_decorator.py
[2025-10-14T14:45:29.667+0000] {processor.py:830} INFO - Processing file /home/airflow/.local/lib/python3.8/site-packages/airflow/example_dags/example_task_group_decorator.py for tasks to queue
[2025-10-14T14:45:29.669+0000] {logging_mixin.py:188} INFO - [2025-10-14T14:45:29.668+0000] {dagbag.py:540} INFO - Filling up the DagBag from /home/airflow/.local/lib/python3.8/site-packages/airflow/example_dags/example_task_group_decorator.py
[2025-10-14T14:45:29.684+0000] {processor.py:840} INFO - DAG(s) 'example_task_group_decorator' retrieved from /home/airflow/.local/lib/python3.8/site-packages/airflow/example_dags/example_task_group_decorator.py
[2025-10-14T14:45:29.706+0000] {logging_mixin.py:188} INFO - [2025-10-14T14:45:29.706+0000] {dag.py:3047} INFO - Sync 1 DAGs
[2025-10-14T14:45:29.727+0000] {logging_mixin.py:188} INFO - [2025-10-14T14:45:29.727+0000] {dag.py:3834} INFO - Setting next_dagrun for example_task_group_decorator to 2025-10-13 00:00:00+00:00, run_after=2025-10-14 00:00:00+00:00
[2025-10-14T14:45:29.744+0000] {processor.py:183} INFO - Processing /home/airflow/.local/lib/python3.8/site-packages/airflow/example_dags/example_task_group_decorator.py took 0.082 seconds
[2025-10-14T14:45:59.948+0000] {processor.py:161} INFO - Started process (PID=227) to work on /home/airflow/.local/lib/python3.8/site-packages/airflow/example_dags/example_task_group_decorator.py
[2025-10-14T14:45:59.949+0000] {processor.py:830} INFO - Processing file /home/airflow/.local/lib/python3.8/site-packages/airflow/example_dags/example_task_group_decorator.py for tasks to queue
[2025-10-14T14:45:59.950+0000] {logging_mixin.py:188} INFO - [2025-10-14T14:45:59.950+0000] {dagbag.py:540} INFO - Filling up the DagBag from /home/airflow/.local/lib/python3.8/site-packages/airflow/example_dags/example_task_group_decorator.py
[2025-10-14T14:45:59.966+0000] {processor.py:840} INFO - DAG(s) 'example_task_group_decorator' retrieved from /home/airflow/.local/lib/python3.8/site-packages/airflow/example_dags/example_task_group_decorator.py
[2025-10-14T14:45:59.989+0000] {logging_mixin.py:188} INFO - [2025-10-14T14:45:59.989+0000] {dag.py:3047} INFO - Sync 1 DAGs
[2025-10-14T14:46:00.010+0000] {logging_mixin.py:188} INFO - [2025-10-14T14:46:00.010+0000] {dag.py:3834} INFO - Setting next_dagrun for example_task_group_decorator to 2025-10-13 00:00:00+00:00, run_after=2025-10-14 00:00:00+00:00
[2025-10-14T14:46:00.039+0000] {processor.py:183} INFO - Processing /home/airflow/.local/lib/python3.8/site-packages/airflow/example_dags/example_task_group_decorator.py took 0.094 seconds
[2025-10-14T14:47:50.281+0000] {processor.py:161} INFO - Started process (PID=108) to work on /home/airflow/.local/lib/python3.8/site-packages/airflow/example_dags/example_task_group_decorator.py
[2025-10-14T14:47:50.282+0000] {processor.py:830} INFO - Processing file /home/airflow/.local/lib/python3.8/site-packages/airflow/example_dags/example_task_group_decorator.py for tasks to queue
[2025-10-14T14:47:50.285+0000] {logging_mixin.py:188} INFO - [2025-10-14T14:47:50.284+0000] {dagbag.py:540} INFO - Filling up the DagBag from /home/airflow/.local/lib/python3.8/site-packages/airflow/example_dags/example_task_group_decorator.py
[2025-10-14T14:47:50.304+0000] {processor.py:840} INFO - DAG(s) 'example_task_group_decorator' retrieved from /home/airflow/.local/lib/python3.8/site-packages/airflow/example_dags/example_task_group_decorator.py
[2025-10-14T14:47:50.398+0000] {logging_mixin.py:188} INFO - [2025-10-14T14:47:50.398+0000] {dag.py:3047} INFO - Sync 1 DAGs
[2025-10-14T14:47:50.417+0000] {logging_mixin.py:188} INFO - [2025-10-14T14:47:50.417+0000] {dag.py:3834} INFO - Setting next_dagrun for example_task_group_decorator to 2025-10-13 00:00:00+00:00, run_after=2025-10-14 00:00:00+00:00
[2025-10-14T14:47:50.434+0000] {processor.py:183} INFO - Processing /home/airflow/.local/lib/python3.8/site-packages/airflow/example_dags/example_task_group_decorator.py took 0.157 seconds
[2025-10-14T14:48:21.340+0000] {processor.py:161} INFO - Started process (PID=173) to work on /home/airflow/.local/lib/python3.8/site-packages/airflow/example_dags/example_task_group_decorator.py
[2025-10-14T14:48:21.341+0000] {processor.py:830} INFO - Processing file /home/airflow/.local/lib/python3.8/site-packages/airflow/example_dags/example_task_group_decorator.py for tasks to queue
[2025-10-14T14:48:21.342+0000] {logging_mixin.py:188} INFO - [2025-10-14T14:48:21.342+0000] {dagbag.py:540} INFO - Filling up the DagBag from /home/airflow/.local/lib/python3.8/site-packages/airflow/example_dags/example_task_group_decorator.py
[2025-10-14T14:48:21.356+0000] {processor.py:840} INFO - DAG(s) 'example_task_group_decorator' retrieved from /home/airflow/.local/lib/python3.8/site-packages/airflow/example_dags/example_task_group_decorator.py
[2025-10-14T14:48:21.379+0000] {logging_mixin.py:188} INFO - [2025-10-14T14:48:21.379+0000] {dag.py:3047} INFO - Sync 1 DAGs
[2025-10-14T14:48:21.398+0000] {logging_mixin.py:188} INFO - [2025-10-14T14:48:21.398+0000] {dag.py:3834} INFO - Setting next_dagrun for example_task_group_decorator to 2025-10-13 00:00:00+00:00, run_after=2025-10-14 00:00:00+00:00
[2025-10-14T14:48:21.418+0000] {processor.py:183} INFO - Processing /home/airflow/.local/lib/python3.8/site-packages/airflow/example_dags/example_task_group_decorator.py took 0.081 seconds
[2025-10-14T14:48:51.784+0000] {processor.py:161} INFO - Started process (PID=232) to work on /home/airflow/.local/lib/python3.8/site-packages/airflow/example_dags/example_task_group_decorator.py
[2025-10-14T14:48:51.786+0000] {processor.py:830} INFO - Processing file /home/airflow/.local/lib/python3.8/site-packages/airflow/example_dags/example_task_group_decorator.py for tasks to queue
[2025-10-14T14:48:51.797+0000] {logging_mixin.py:188} INFO - [2025-10-14T14:48:51.797+0000] {dagbag.py:540} INFO - Filling up the DagBag from /home/airflow/.local/lib/python3.8/site-packages/airflow/example_dags/example_task_group_decorator.py
[2025-10-14T14:48:51.812+0000] {processor.py:840} INFO - DAG(s) 'example_task_group_decorator' retrieved from /home/airflow/.local/lib/python3.8/site-packages/airflow/example_dags/example_task_group_decorator.py
[2025-10-14T14:48:51.845+0000] {logging_mixin.py:188} INFO - [2025-10-14T14:48:51.845+0000] {dag.py:3047} INFO - Sync 1 DAGs
[2025-10-14T14:48:51.868+0000] {logging_mixin.py:188} INFO - [2025-10-14T14:48:51.868+0000] {dag.py:3834} INFO - Setting next_dagrun for example_task_group_decorator to 2025-10-13 00:00:00+00:00, run_after=2025-10-14 00:00:00+00:00
[2025-10-14T14:48:51.887+0000] {processor.py:183} INFO - Processing /home/airflow/.local/lib/python3.8/site-packages/airflow/example_dags/example_task_group_decorator.py took 0.110 seconds
[2025-10-14T14:49:22.014+0000] {processor.py:161} INFO - Started process (PID=291) to work on /home/airflow/.local/lib/python3.8/site-packages/airflow/example_dags/example_task_group_decorator.py
[2025-10-14T14:49:22.015+0000] {processor.py:830} INFO - Processing file /home/airflow/.local/lib/python3.8/site-packages/airflow/example_dags/example_task_group_decorator.py for tasks to queue
[2025-10-14T14:49:22.017+0000] {logging_mixin.py:188} INFO - [2025-10-14T14:49:22.016+0000] {dagbag.py:540} INFO - Filling up the DagBag from /home/airflow/.local/lib/python3.8/site-packages/airflow/example_dags/example_task_group_decorator.py
[2025-10-14T14:49:22.030+0000] {processor.py:840} INFO - DAG(s) 'example_task_group_decorator' retrieved from /home/airflow/.local/lib/python3.8/site-packages/airflow/example_dags/example_task_group_decorator.py
[2025-10-14T14:49:22.051+0000] {logging_mixin.py:188} INFO - [2025-10-14T14:49:22.051+0000] {dag.py:3047} INFO - Sync 1 DAGs
[2025-10-14T14:49:22.070+0000] {logging_mixin.py:188} INFO - [2025-10-14T14:49:22.070+0000] {dag.py:3834} INFO - Setting next_dagrun for example_task_group_decorator to 2025-10-13 00:00:00+00:00, run_after=2025-10-14 00:00:00+00:00
[2025-10-14T14:49:22.086+0000] {processor.py:183} INFO - Processing /home/airflow/.local/lib/python3.8/site-packages/airflow/example_dags/example_task_group_decorator.py took 0.075 seconds
[2025-10-14T14:49:52.253+0000] {processor.py:161} INFO - Started process (PID=350) to work on /home/airflow/.local/lib/python3.8/site-packages/airflow/example_dags/example_task_group_decorator.py
[2025-10-14T14:49:52.254+0000] {processor.py:830} INFO - Processing file /home/airflow/.local/lib/python3.8/site-packages/airflow/example_dags/example_task_group_decorator.py for tasks to queue
[2025-10-14T14:49:52.256+0000] {logging_mixin.py:188} INFO - [2025-10-14T14:49:52.256+0000] {dagbag.py:540} INFO - Filling up the DagBag from /home/airflow/.local/lib/python3.8/site-packages/airflow/example_dags/example_task_group_decorator.py
[2025-10-14T14:49:52.270+0000] {processor.py:840} INFO - DAG(s) 'example_task_group_decorator' retrieved from /home/airflow/.local/lib/python3.8/site-packages/airflow/example_dags/example_task_group_decorator.py
[2025-10-14T14:49:52.294+0000] {logging_mixin.py:188} INFO - [2025-10-14T14:49:52.294+0000] {dag.py:3047} INFO - Sync 1 DAGs
[2025-10-14T14:49:52.315+0000] {logging_mixin.py:188} INFO - [2025-10-14T14:49:52.315+0000] {dag.py:3834} INFO - Setting next_dagrun for example_task_group_decorator to 2025-10-13 00:00:00+00:00, run_after=2025-10-14 00:00:00+00:00
[2025-10-14T14:49:52.333+0000] {processor.py:183} INFO - Processing /home/airflow/.local/lib/python3.8/site-packages/airflow/example_dags/example_task_group_decorator.py took 0.083 seconds
[2025-10-14T14:50:22.421+0000] {processor.py:161} INFO - Started process (PID=409) to work on /home/airflow/.local/lib/python3.8/site-packages/airflow/example_dags/example_task_group_decorator.py
[2025-10-14T14:50:22.422+0000] {processor.py:830} INFO - Processing file /home/airflow/.local/lib/python3.8/site-packages/airflow/example_dags/example_task_group_decorator.py for tasks to queue
[2025-10-14T14:50:22.424+0000] {logging_mixin.py:188} INFO - [2025-10-14T14:50:22.424+0000] {dagbag.py:540} INFO - Filling up the DagBag from /home/airflow/.local/lib/python3.8/site-packages/airflow/example_dags/example_task_group_decorator.py
[2025-10-14T14:50:22.438+0000] {processor.py:840} INFO - DAG(s) 'example_task_group_decorator' retrieved from /home/airflow/.local/lib/python3.8/site-packages/airflow/example_dags/example_task_group_decorator.py
[2025-10-14T14:50:22.459+0000] {logging_mixin.py:188} INFO - [2025-10-14T14:50:22.459+0000] {dag.py:3047} INFO - Sync 1 DAGs
[2025-10-14T14:50:22.478+0000] {logging_mixin.py:188} INFO - [2025-10-14T14:50:22.478+0000] {dag.py:3834} INFO - Setting next_dagrun for example_task_group_decorator to 2025-10-13 00:00:00+00:00, run_after=2025-10-14 00:00:00+00:00
[2025-10-14T14:50:22.493+0000] {processor.py:183} INFO - Processing /home/airflow/.local/lib/python3.8/site-packages/airflow/example_dags/example_task_group_decorator.py took 0.075 seconds
[2025-10-14T14:50:52.627+0000] {processor.py:161} INFO - Started process (PID=468) to work on /home/airflow/.local/lib/python3.8/site-packages/airflow/example_dags/example_task_group_decorator.py
[2025-10-14T14:50:52.628+0000] {processor.py:830} INFO - Processing file /home/airflow/.local/lib/python3.8/site-packages/airflow/example_dags/example_task_group_decorator.py for tasks to queue
[2025-10-14T14:50:52.629+0000] {logging_mixin.py:188} INFO - [2025-10-14T14:50:52.629+0000] {dagbag.py:540} INFO - Filling up the DagBag from /home/airflow/.local/lib/python3.8/site-packages/airflow/example_dags/example_task_group_decorator.py
[2025-10-14T14:50:52.642+0000] {processor.py:840} INFO - DAG(s) 'example_task_group_decorator' retrieved from /home/airflow/.local/lib/python3.8/site-packages/airflow/example_dags/example_task_group_decorator.py
[2025-10-14T14:50:52.663+0000] {logging_mixin.py:188} INFO - [2025-10-14T14:50:52.663+0000] {dag.py:3047} INFO - Sync 1 DAGs
[2025-10-14T14:50:52.683+0000] {logging_mixin.py:188} INFO - [2025-10-14T14:50:52.683+0000] {dag.py:3834} INFO - Setting next_dagrun for example_task_group_decorator to 2025-10-13 00:00:00+00:00, run_after=2025-10-14 00:00:00+00:00
[2025-10-14T14:50:52.700+0000] {processor.py:183} INFO - Processing /home/airflow/.local/lib/python3.8/site-packages/airflow/example_dags/example_task_group_decorator.py took 0.077 seconds
[2025-10-14T14:51:23.780+0000] {processor.py:161} INFO - Started process (PID=528) to work on /home/airflow/.local/lib/python3.8/site-packages/airflow/example_dags/example_task_group_decorator.py
[2025-10-14T14:51:23.781+0000] {processor.py:830} INFO - Processing file /home/airflow/.local/lib/python3.8/site-packages/airflow/example_dags/example_task_group_decorator.py for tasks to queue
[2025-10-14T14:51:23.782+0000] {logging_mixin.py:188} INFO - [2025-10-14T14:51:23.782+0000] {dagbag.py:540} INFO - Filling up the DagBag from /home/airflow/.local/lib/python3.8/site-packages/airflow/example_dags/example_task_group_decorator.py
[2025-10-14T14:51:23.795+0000] {processor.py:840} INFO - DAG(s) 'example_task_group_decorator' retrieved from /home/airflow/.local/lib/python3.8/site-packages/airflow/example_dags/example_task_group_decorator.py
[2025-10-14T14:51:23.816+0000] {logging_mixin.py:188} INFO - [2025-10-14T14:51:23.815+0000] {dag.py:3047} INFO - Sync 1 DAGs
[2025-10-14T14:51:23.834+0000] {logging_mixin.py:188} INFO - [2025-10-14T14:51:23.834+0000] {dag.py:3834} INFO - Setting next_dagrun for example_task_group_decorator to 2025-10-13 00:00:00+00:00, run_after=2025-10-14 00:00:00+00:00
[2025-10-14T14:51:23.849+0000] {processor.py:183} INFO - Processing /home/airflow/.local/lib/python3.8/site-packages/airflow/example_dags/example_task_group_decorator.py took 0.072 seconds
[2025-10-14T14:51:53.973+0000] {processor.py:161} INFO - Started process (PID=587) to work on /home/airflow/.local/lib/python3.8/site-packages/airflow/example_dags/example_task_group_decorator.py
[2025-10-14T14:51:53.974+0000] {processor.py:830} INFO - Processing file /home/airflow/.local/lib/python3.8/site-packages/airflow/example_dags/example_task_group_decorator.py for tasks to queue
[2025-10-14T14:51:53.976+0000] {logging_mixin.py:188} INFO - [2025-10-14T14:51:53.975+0000] {dagbag.py:540} INFO - Filling up the DagBag from /home/airflow/.local/lib/python3.8/site-packages/airflow/example_dags/example_task_group_decorator.py
[2025-10-14T14:51:53.989+0000] {processor.py:840} INFO - DAG(s) 'example_task_group_decorator' retrieved from /home/airflow/.local/lib/python3.8/site-packages/airflow/example_dags/example_task_group_decorator.py
[2025-10-14T14:51:54.011+0000] {logging_mixin.py:188} INFO - [2025-10-14T14:51:54.011+0000] {dag.py:3047} INFO - Sync 1 DAGs
[2025-10-14T14:51:54.030+0000] {logging_mixin.py:188} INFO - [2025-10-14T14:51:54.030+0000] {dag.py:3834} INFO - Setting next_dagrun for example_task_group_decorator to 2025-10-13 00:00:00+00:00, run_after=2025-10-14 00:00:00+00:00
[2025-10-14T14:51:54.049+0000] {processor.py:183} INFO - Processing /home/airflow/.local/lib/python3.8/site-packages/airflow/example_dags/example_task_group_decorator.py took 0.081 seconds
[2025-10-14T14:52:25.045+0000] {processor.py:161} INFO - Started process (PID=645) to work on /home/airflow/.local/lib/python3.8/site-packages/airflow/example_dags/example_task_group_decorator.py
[2025-10-14T14:52:25.046+0000] {processor.py:830} INFO - Processing file /home/airflow/.local/lib/python3.8/site-packages/airflow/example_dags/example_task_group_decorator.py for tasks to queue
[2025-10-14T14:52:25.047+0000] {logging_mixin.py:188} INFO - [2025-10-14T14:52:25.047+0000] {dagbag.py:540} INFO - Filling up the DagBag from /home/airflow/.local/lib/python3.8/site-packages/airflow/example_dags/example_task_group_decorator.py
[2025-10-14T14:52:25.062+0000] {processor.py:840} INFO - DAG(s) 'example_task_group_decorator' retrieved from /home/airflow/.local/lib/python3.8/site-packages/airflow/example_dags/example_task_group_decorator.py
[2025-10-14T14:52:25.084+0000] {logging_mixin.py:188} INFO - [2025-10-14T14:52:25.084+0000] {dag.py:3047} INFO - Sync 1 DAGs
[2025-10-14T14:52:25.103+0000] {logging_mixin.py:188} INFO - [2025-10-14T14:52:25.103+0000] {dag.py:3834} INFO - Setting next_dagrun for example_task_group_decorator to 2025-10-13 00:00:00+00:00, run_after=2025-10-14 00:00:00+00:00
[2025-10-14T14:52:25.123+0000] {processor.py:183} INFO - Processing /home/airflow/.local/lib/python3.8/site-packages/airflow/example_dags/example_task_group_decorator.py took 0.081 seconds
[2025-10-14T14:52:55.969+0000] {processor.py:161} INFO - Started process (PID=704) to work on /home/airflow/.local/lib/python3.8/site-packages/airflow/example_dags/example_task_group_decorator.py
[2025-10-14T14:52:55.970+0000] {processor.py:830} INFO - Processing file /home/airflow/.local/lib/python3.8/site-packages/airflow/example_dags/example_task_group_decorator.py for tasks to queue
[2025-10-14T14:52:55.971+0000] {logging_mixin.py:188} INFO - [2025-10-14T14:52:55.971+0000] {dagbag.py:540} INFO - Filling up the DagBag from /home/airflow/.local/lib/python3.8/site-packages/airflow/example_dags/example_task_group_decorator.py
[2025-10-14T14:52:55.985+0000] {processor.py:840} INFO - DAG(s) 'example_task_group_decorator' retrieved from /home/airflow/.local/lib/python3.8/site-packages/airflow/example_dags/example_task_group_decorator.py
[2025-10-14T14:52:56.007+0000] {logging_mixin.py:188} INFO - [2025-10-14T14:52:56.007+0000] {dag.py:3047} INFO - Sync 1 DAGs
[2025-10-14T14:52:56.027+0000] {logging_mixin.py:188} INFO - [2025-10-14T14:52:56.027+0000] {dag.py:3834} INFO - Setting next_dagrun for example_task_group_decorator to 2025-10-13 00:00:00+00:00, run_after=2025-10-14 00:00:00+00:00
[2025-10-14T14:52:56.046+0000] {processor.py:183} INFO - Processing /home/airflow/.local/lib/python3.8/site-packages/airflow/example_dags/example_task_group_decorator.py took 0.080 seconds
[2025-10-14T14:53:26.125+0000] {processor.py:161} INFO - Started process (PID=762) to work on /home/airflow/.local/lib/python3.8/site-packages/airflow/example_dags/example_task_group_decorator.py
[2025-10-14T14:53:26.126+0000] {processor.py:830} INFO - Processing file /home/airflow/.local/lib/python3.8/site-packages/airflow/example_dags/example_task_group_decorator.py for tasks to queue
[2025-10-14T14:53:26.128+0000] {logging_mixin.py:188} INFO - [2025-10-14T14:53:26.128+0000] {dagbag.py:540} INFO - Filling up the DagBag from /home/airflow/.local/lib/python3.8/site-packages/airflow/example_dags/example_task_group_decorator.py
[2025-10-14T14:53:26.143+0000] {processor.py:840} INFO - DAG(s) 'example_task_group_decorator' retrieved from /home/airflow/.local/lib/python3.8/site-packages/airflow/example_dags/example_task_group_decorator.py
[2025-10-14T14:53:26.165+0000] {logging_mixin.py:188} INFO - [2025-10-14T14:53:26.164+0000] {dag.py:3047} INFO - Sync 1 DAGs
[2025-10-14T14:53:26.184+0000] {logging_mixin.py:188} INFO - [2025-10-14T14:53:26.184+0000] {dag.py:3834} INFO - Setting next_dagrun for example_task_group_decorator to 2025-10-13 00:00:00+00:00, run_after=2025-10-14 00:00:00+00:00
[2025-10-14T14:53:26.200+0000] {processor.py:183} INFO - Processing /home/airflow/.local/lib/python3.8/site-packages/airflow/example_dags/example_task_group_decorator.py took 0.078 seconds
[2025-10-14T14:53:56.398+0000] {processor.py:161} INFO - Started process (PID=821) to work on /home/airflow/.local/lib/python3.8/site-packages/airflow/example_dags/example_task_group_decorator.py
[2025-10-14T14:53:56.399+0000] {processor.py:830} INFO - Processing file /home/airflow/.local/lib/python3.8/site-packages/airflow/example_dags/example_task_group_decorator.py for tasks to queue
[2025-10-14T14:53:56.401+0000] {logging_mixin.py:188} INFO - [2025-10-14T14:53:56.401+0000] {dagbag.py:540} INFO - Filling up the DagBag from /home/airflow/.local/lib/python3.8/site-packages/airflow/example_dags/example_task_group_decorator.py
[2025-10-14T14:53:56.415+0000] {processor.py:840} INFO - DAG(s) 'example_task_group_decorator' retrieved from /home/airflow/.local/lib/python3.8/site-packages/airflow/example_dags/example_task_group_decorator.py
[2025-10-14T14:53:56.437+0000] {logging_mixin.py:188} INFO - [2025-10-14T14:53:56.437+0000] {dag.py:3047} INFO - Sync 1 DAGs
[2025-10-14T14:53:56.455+0000] {logging_mixin.py:188} INFO - [2025-10-14T14:53:56.455+0000] {dag.py:3834} INFO - Setting next_dagrun for example_task_group_decorator to 2025-10-13 00:00:00+00:00, run_after=2025-10-14 00:00:00+00:00
[2025-10-14T14:53:56.471+0000] {processor.py:183} INFO - Processing /home/airflow/.local/lib/python3.8/site-packages/airflow/example_dags/example_task_group_decorator.py took 0.076 seconds
[2025-10-14T14:54:26.614+0000] {processor.py:161} INFO - Started process (PID=880) to work on /home/airflow/.local/lib/python3.8/site-packages/airflow/example_dags/example_task_group_decorator.py
[2025-10-14T14:54:26.615+0000] {processor.py:830} INFO - Processing file /home/airflow/.local/lib/python3.8/site-packages/airflow/example_dags/example_task_group_decorator.py for tasks to queue
[2025-10-14T14:54:26.616+0000] {logging_mixin.py:188} INFO - [2025-10-14T14:54:26.616+0000] {dagbag.py:540} INFO - Filling up the DagBag from /home/airflow/.local/lib/python3.8/site-packages/airflow/example_dags/example_task_group_decorator.py
[2025-10-14T14:54:26.630+0000] {processor.py:840} INFO - DAG(s) 'example_task_group_decorator' retrieved from /home/airflow/.local/lib/python3.8/site-packages/airflow/example_dags/example_task_group_decorator.py
[2025-10-14T14:54:26.651+0000] {logging_mixin.py:188} INFO - [2025-10-14T14:54:26.651+0000] {dag.py:3047} INFO - Sync 1 DAGs
[2025-10-14T14:54:26.671+0000] {logging_mixin.py:188} INFO - [2025-10-14T14:54:26.670+0000] {dag.py:3834} INFO - Setting next_dagrun for example_task_group_decorator to 2025-10-13 00:00:00+00:00, run_after=2025-10-14 00:00:00+00:00
[2025-10-14T14:54:26.688+0000] {processor.py:183} INFO - Processing /home/airflow/.local/lib/python3.8/site-packages/airflow/example_dags/example_task_group_decorator.py took 0.078 seconds
[2025-10-14T14:54:56.735+0000] {processor.py:161} INFO - Started process (PID=939) to work on /home/airflow/.local/lib/python3.8/site-packages/airflow/example_dags/example_task_group_decorator.py
[2025-10-14T14:54:56.736+0000] {processor.py:830} INFO - Processing file /home/airflow/.local/lib/python3.8/site-packages/airflow/example_dags/example_task_group_decorator.py for tasks to queue
[2025-10-14T14:54:56.739+0000] {logging_mixin.py:188} INFO - [2025-10-14T14:54:56.738+0000] {dagbag.py:540} INFO - Filling up the DagBag from /home/airflow/.local/lib/python3.8/site-packages/airflow/example_dags/example_task_group_decorator.py
[2025-10-14T14:54:56.755+0000] {processor.py:840} INFO - DAG(s) 'example_task_group_decorator' retrieved from /home/airflow/.local/lib/python3.8/site-packages/airflow/example_dags/example_task_group_decorator.py
[2025-10-14T14:54:56.780+0000] {logging_mixin.py:188} INFO - [2025-10-14T14:54:56.780+0000] {dag.py:3047} INFO - Sync 1 DAGs
[2025-10-14T14:54:56.804+0000] {logging_mixin.py:188} INFO - [2025-10-14T14:54:56.803+0000] {dag.py:3834} INFO - Setting next_dagrun for example_task_group_decorator to 2025-10-13 00:00:00+00:00, run_after=2025-10-14 00:00:00+00:00
[2025-10-14T14:54:56.834+0000] {processor.py:183} INFO - Processing /home/airflow/.local/lib/python3.8/site-packages/airflow/example_dags/example_task_group_decorator.py took 0.101 seconds
[2025-10-14T14:55:27.088+0000] {processor.py:161} INFO - Started process (PID=998) to work on /home/airflow/.local/lib/python3.8/site-packages/airflow/example_dags/example_task_group_decorator.py
[2025-10-14T14:55:27.089+0000] {processor.py:830} INFO - Processing file /home/airflow/.local/lib/python3.8/site-packages/airflow/example_dags/example_task_group_decorator.py for tasks to queue
[2025-10-14T14:55:27.091+0000] {logging_mixin.py:188} INFO - [2025-10-14T14:55:27.090+0000] {dagbag.py:540} INFO - Filling up the DagBag from /home/airflow/.local/lib/python3.8/site-packages/airflow/example_dags/example_task_group_decorator.py
[2025-10-14T14:55:27.113+0000] {processor.py:840} INFO - DAG(s) 'example_task_group_decorator' retrieved from /home/airflow/.local/lib/python3.8/site-packages/airflow/example_dags/example_task_group_decorator.py
[2025-10-14T14:55:27.140+0000] {logging_mixin.py:188} INFO - [2025-10-14T14:55:27.139+0000] {dag.py:3047} INFO - Sync 1 DAGs
[2025-10-14T14:55:27.166+0000] {logging_mixin.py:188} INFO - [2025-10-14T14:55:27.166+0000] {dag.py:3834} INFO - Setting next_dagrun for example_task_group_decorator to 2025-10-13 00:00:00+00:00, run_after=2025-10-14 00:00:00+00:00
[2025-10-14T14:55:27.191+0000] {processor.py:183} INFO - Processing /home/airflow/.local/lib/python3.8/site-packages/airflow/example_dags/example_task_group_decorator.py took 0.106 seconds
