[2025-10-14T14:44:58.424+0000] {processor.py:161} INFO - Started process (PID=108) to work on /home/airflow/.local/lib/python3.8/site-packages/airflow/example_dags/example_trigger_target_dag.py
[2025-10-14T14:44:58.425+0000] {processor.py:830} INFO - Processing file /home/airflow/.local/lib/python3.8/site-packages/airflow/example_dags/example_trigger_target_dag.py for tasks to queue
[2025-10-14T14:44:58.427+0000] {logging_mixin.py:188} INFO - [2025-10-14T14:44:58.427+0000] {dagbag.py:540} INFO - Filling up the DagBag from /home/airflow/.local/lib/python3.8/site-packages/airflow/example_dags/example_trigger_target_dag.py
[2025-10-14T14:44:58.436+0000] {processor.py:840} INFO - DAG(s) 'example_trigger_target_dag' retrieved from /home/airflow/.local/lib/python3.8/site-packages/airflow/example_dags/example_trigger_target_dag.py
[2025-10-14T14:44:58.529+0000] {logging_mixin.py:188} INFO - [2025-10-14T14:44:58.528+0000] {override.py:1769} INFO - Created Permission View: can edit on DAG:example_trigger_target_dag
[2025-10-14T14:44:58.538+0000] {logging_mixin.py:188} INFO - [2025-10-14T14:44:58.538+0000] {override.py:1769} INFO - Created Permission View: can delete on DAG:example_trigger_target_dag
[2025-10-14T14:44:58.549+0000] {logging_mixin.py:188} INFO - [2025-10-14T14:44:58.549+0000] {override.py:1769} INFO - Created Permission View: can read on DAG:example_trigger_target_dag
[2025-10-14T14:44:58.550+0000] {logging_mixin.py:188} INFO - [2025-10-14T14:44:58.549+0000] {dag.py:3047} INFO - Sync 1 DAGs
[2025-10-14T14:44:58.561+0000] {logging_mixin.py:188} INFO - [2025-10-14T14:44:58.561+0000] {dag.py:3069} INFO - Creating ORM DAG for example_trigger_target_dag
[2025-10-14T14:44:58.561+0000] {logging_mixin.py:188} INFO - [2025-10-14T14:44:58.561+0000] {dag.py:3834} INFO - Setting next_dagrun for example_trigger_target_dag to None, run_after=None
[2025-10-14T14:44:58.575+0000] {processor.py:183} INFO - Processing /home/airflow/.local/lib/python3.8/site-packages/airflow/example_dags/example_trigger_target_dag.py took 0.153 seconds
[2025-10-14T14:45:28.654+0000] {processor.py:161} INFO - Started process (PID=167) to work on /home/airflow/.local/lib/python3.8/site-packages/airflow/example_dags/example_trigger_target_dag.py
[2025-10-14T14:45:28.655+0000] {processor.py:830} INFO - Processing file /home/airflow/.local/lib/python3.8/site-packages/airflow/example_dags/example_trigger_target_dag.py for tasks to queue
[2025-10-14T14:45:28.657+0000] {logging_mixin.py:188} INFO - [2025-10-14T14:45:28.657+0000] {dagbag.py:540} INFO - Filling up the DagBag from /home/airflow/.local/lib/python3.8/site-packages/airflow/example_dags/example_trigger_target_dag.py
[2025-10-14T14:45:28.662+0000] {processor.py:840} INFO - DAG(s) 'example_trigger_target_dag' retrieved from /home/airflow/.local/lib/python3.8/site-packages/airflow/example_dags/example_trigger_target_dag.py
[2025-10-14T14:45:28.679+0000] {logging_mixin.py:188} INFO - [2025-10-14T14:45:28.678+0000] {dag.py:3047} INFO - Sync 1 DAGs
[2025-10-14T14:45:28.689+0000] {logging_mixin.py:188} INFO - [2025-10-14T14:45:28.689+0000] {dag.py:3834} INFO - Setting next_dagrun for example_trigger_target_dag to None, run_after=None
[2025-10-14T14:45:28.705+0000] {processor.py:183} INFO - Processing /home/airflow/.local/lib/python3.8/site-packages/airflow/example_dags/example_trigger_target_dag.py took 0.054 seconds
[2025-10-14T14:45:58.921+0000] {processor.py:161} INFO - Started process (PID=226) to work on /home/airflow/.local/lib/python3.8/site-packages/airflow/example_dags/example_trigger_target_dag.py
[2025-10-14T14:45:58.922+0000] {processor.py:830} INFO - Processing file /home/airflow/.local/lib/python3.8/site-packages/airflow/example_dags/example_trigger_target_dag.py for tasks to queue
[2025-10-14T14:45:58.924+0000] {logging_mixin.py:188} INFO - [2025-10-14T14:45:58.924+0000] {dagbag.py:540} INFO - Filling up the DagBag from /home/airflow/.local/lib/python3.8/site-packages/airflow/example_dags/example_trigger_target_dag.py
[2025-10-14T14:45:58.930+0000] {processor.py:840} INFO - DAG(s) 'example_trigger_target_dag' retrieved from /home/airflow/.local/lib/python3.8/site-packages/airflow/example_dags/example_trigger_target_dag.py
[2025-10-14T14:45:58.944+0000] {logging_mixin.py:188} INFO - [2025-10-14T14:45:58.944+0000] {dag.py:3047} INFO - Sync 1 DAGs
[2025-10-14T14:45:58.955+0000] {logging_mixin.py:188} INFO - [2025-10-14T14:45:58.955+0000] {dag.py:3834} INFO - Setting next_dagrun for example_trigger_target_dag to None, run_after=None
[2025-10-14T14:45:58.969+0000] {processor.py:183} INFO - Processing /home/airflow/.local/lib/python3.8/site-packages/airflow/example_dags/example_trigger_target_dag.py took 0.051 seconds
[2025-10-14T14:47:50.110+0000] {processor.py:161} INFO - Started process (PID=107) to work on /home/airflow/.local/lib/python3.8/site-packages/airflow/example_dags/example_trigger_target_dag.py
[2025-10-14T14:47:50.113+0000] {processor.py:830} INFO - Processing file /home/airflow/.local/lib/python3.8/site-packages/airflow/example_dags/example_trigger_target_dag.py for tasks to queue
[2025-10-14T14:47:50.116+0000] {logging_mixin.py:188} INFO - [2025-10-14T14:47:50.116+0000] {dagbag.py:540} INFO - Filling up the DagBag from /home/airflow/.local/lib/python3.8/site-packages/airflow/example_dags/example_trigger_target_dag.py
[2025-10-14T14:47:50.125+0000] {processor.py:840} INFO - DAG(s) 'example_trigger_target_dag' retrieved from /home/airflow/.local/lib/python3.8/site-packages/airflow/example_dags/example_trigger_target_dag.py
[2025-10-14T14:47:50.234+0000] {logging_mixin.py:188} INFO - [2025-10-14T14:47:50.234+0000] {dag.py:3047} INFO - Sync 1 DAGs
[2025-10-14T14:47:50.248+0000] {logging_mixin.py:188} INFO - [2025-10-14T14:47:50.248+0000] {dag.py:3834} INFO - Setting next_dagrun for example_trigger_target_dag to None, run_after=None
[2025-10-14T14:47:50.278+0000] {processor.py:183} INFO - Processing /home/airflow/.local/lib/python3.8/site-packages/airflow/example_dags/example_trigger_target_dag.py took 0.172 seconds
[2025-10-14T14:48:20.324+0000] {processor.py:161} INFO - Started process (PID=166) to work on /home/airflow/.local/lib/python3.8/site-packages/airflow/example_dags/example_trigger_target_dag.py
[2025-10-14T14:48:20.326+0000] {processor.py:830} INFO - Processing file /home/airflow/.local/lib/python3.8/site-packages/airflow/example_dags/example_trigger_target_dag.py for tasks to queue
[2025-10-14T14:48:20.327+0000] {logging_mixin.py:188} INFO - [2025-10-14T14:48:20.327+0000] {dagbag.py:540} INFO - Filling up the DagBag from /home/airflow/.local/lib/python3.8/site-packages/airflow/example_dags/example_trigger_target_dag.py
[2025-10-14T14:48:20.333+0000] {processor.py:840} INFO - DAG(s) 'example_trigger_target_dag' retrieved from /home/airflow/.local/lib/python3.8/site-packages/airflow/example_dags/example_trigger_target_dag.py
[2025-10-14T14:48:20.350+0000] {logging_mixin.py:188} INFO - [2025-10-14T14:48:20.350+0000] {dag.py:3047} INFO - Sync 1 DAGs
[2025-10-14T14:48:20.362+0000] {logging_mixin.py:188} INFO - [2025-10-14T14:48:20.362+0000] {dag.py:3834} INFO - Setting next_dagrun for example_trigger_target_dag to None, run_after=None
[2025-10-14T14:48:20.380+0000] {processor.py:183} INFO - Processing /home/airflow/.local/lib/python3.8/site-packages/airflow/example_dags/example_trigger_target_dag.py took 0.059 seconds
[2025-10-14T14:48:50.682+0000] {processor.py:161} INFO - Started process (PID=231) to work on /home/airflow/.local/lib/python3.8/site-packages/airflow/example_dags/example_trigger_target_dag.py
[2025-10-14T14:48:50.683+0000] {processor.py:830} INFO - Processing file /home/airflow/.local/lib/python3.8/site-packages/airflow/example_dags/example_trigger_target_dag.py for tasks to queue
[2025-10-14T14:48:50.685+0000] {logging_mixin.py:188} INFO - [2025-10-14T14:48:50.685+0000] {dagbag.py:540} INFO - Filling up the DagBag from /home/airflow/.local/lib/python3.8/site-packages/airflow/example_dags/example_trigger_target_dag.py
[2025-10-14T14:48:50.691+0000] {processor.py:840} INFO - DAG(s) 'example_trigger_target_dag' retrieved from /home/airflow/.local/lib/python3.8/site-packages/airflow/example_dags/example_trigger_target_dag.py
[2025-10-14T14:48:50.708+0000] {logging_mixin.py:188} INFO - [2025-10-14T14:48:50.708+0000] {dag.py:3047} INFO - Sync 1 DAGs
[2025-10-14T14:48:50.719+0000] {logging_mixin.py:188} INFO - [2025-10-14T14:48:50.718+0000] {dag.py:3834} INFO - Setting next_dagrun for example_trigger_target_dag to None, run_after=None
[2025-10-14T14:48:50.735+0000] {processor.py:183} INFO - Processing /home/airflow/.local/lib/python3.8/site-packages/airflow/example_dags/example_trigger_target_dag.py took 0.056 seconds
[2025-10-14T14:49:21.001+0000] {processor.py:161} INFO - Started process (PID=290) to work on /home/airflow/.local/lib/python3.8/site-packages/airflow/example_dags/example_trigger_target_dag.py
[2025-10-14T14:49:21.002+0000] {processor.py:830} INFO - Processing file /home/airflow/.local/lib/python3.8/site-packages/airflow/example_dags/example_trigger_target_dag.py for tasks to queue
[2025-10-14T14:49:21.003+0000] {logging_mixin.py:188} INFO - [2025-10-14T14:49:21.003+0000] {dagbag.py:540} INFO - Filling up the DagBag from /home/airflow/.local/lib/python3.8/site-packages/airflow/example_dags/example_trigger_target_dag.py
[2025-10-14T14:49:21.009+0000] {processor.py:840} INFO - DAG(s) 'example_trigger_target_dag' retrieved from /home/airflow/.local/lib/python3.8/site-packages/airflow/example_dags/example_trigger_target_dag.py
[2025-10-14T14:49:21.025+0000] {logging_mixin.py:188} INFO - [2025-10-14T14:49:21.025+0000] {dag.py:3047} INFO - Sync 1 DAGs
[2025-10-14T14:49:21.035+0000] {logging_mixin.py:188} INFO - [2025-10-14T14:49:21.035+0000] {dag.py:3834} INFO - Setting next_dagrun for example_trigger_target_dag to None, run_after=None
[2025-10-14T14:49:21.050+0000] {processor.py:183} INFO - Processing /home/airflow/.local/lib/python3.8/site-packages/airflow/example_dags/example_trigger_target_dag.py took 0.053 seconds
[2025-10-14T14:49:52.169+0000] {processor.py:161} INFO - Started process (PID=349) to work on /home/airflow/.local/lib/python3.8/site-packages/airflow/example_dags/example_trigger_target_dag.py
[2025-10-14T14:49:52.170+0000] {processor.py:830} INFO - Processing file /home/airflow/.local/lib/python3.8/site-packages/airflow/example_dags/example_trigger_target_dag.py for tasks to queue
[2025-10-14T14:49:52.172+0000] {logging_mixin.py:188} INFO - [2025-10-14T14:49:52.172+0000] {dagbag.py:540} INFO - Filling up the DagBag from /home/airflow/.local/lib/python3.8/site-packages/airflow/example_dags/example_trigger_target_dag.py
[2025-10-14T14:49:52.178+0000] {processor.py:840} INFO - DAG(s) 'example_trigger_target_dag' retrieved from /home/airflow/.local/lib/python3.8/site-packages/airflow/example_dags/example_trigger_target_dag.py
[2025-10-14T14:49:52.196+0000] {logging_mixin.py:188} INFO - [2025-10-14T14:49:52.196+0000] {dag.py:3047} INFO - Sync 1 DAGs
[2025-10-14T14:49:52.207+0000] {logging_mixin.py:188} INFO - [2025-10-14T14:49:52.207+0000] {dag.py:3834} INFO - Setting next_dagrun for example_trigger_target_dag to None, run_after=None
[2025-10-14T14:49:52.224+0000] {processor.py:183} INFO - Processing /home/airflow/.local/lib/python3.8/site-packages/airflow/example_dags/example_trigger_target_dag.py took 0.058 seconds
[2025-10-14T14:50:22.336+0000] {processor.py:161} INFO - Started process (PID=408) to work on /home/airflow/.local/lib/python3.8/site-packages/airflow/example_dags/example_trigger_target_dag.py
[2025-10-14T14:50:22.337+0000] {processor.py:830} INFO - Processing file /home/airflow/.local/lib/python3.8/site-packages/airflow/example_dags/example_trigger_target_dag.py for tasks to queue
[2025-10-14T14:50:22.339+0000] {logging_mixin.py:188} INFO - [2025-10-14T14:50:22.339+0000] {dagbag.py:540} INFO - Filling up the DagBag from /home/airflow/.local/lib/python3.8/site-packages/airflow/example_dags/example_trigger_target_dag.py
[2025-10-14T14:50:22.345+0000] {processor.py:840} INFO - DAG(s) 'example_trigger_target_dag' retrieved from /home/airflow/.local/lib/python3.8/site-packages/airflow/example_dags/example_trigger_target_dag.py
[2025-10-14T14:50:22.363+0000] {logging_mixin.py:188} INFO - [2025-10-14T14:50:22.362+0000] {dag.py:3047} INFO - Sync 1 DAGs
[2025-10-14T14:50:22.376+0000] {logging_mixin.py:188} INFO - [2025-10-14T14:50:22.376+0000] {dag.py:3834} INFO - Setting next_dagrun for example_trigger_target_dag to None, run_after=None
[2025-10-14T14:50:22.404+0000] {processor.py:183} INFO - Processing /home/airflow/.local/lib/python3.8/site-packages/airflow/example_dags/example_trigger_target_dag.py took 0.071 seconds
[2025-10-14T14:50:52.612+0000] {processor.py:161} INFO - Started process (PID=467) to work on /home/airflow/.local/lib/python3.8/site-packages/airflow/example_dags/example_trigger_target_dag.py
[2025-10-14T14:50:52.612+0000] {processor.py:830} INFO - Processing file /home/airflow/.local/lib/python3.8/site-packages/airflow/example_dags/example_trigger_target_dag.py for tasks to queue
[2025-10-14T14:50:52.614+0000] {logging_mixin.py:188} INFO - [2025-10-14T14:50:52.614+0000] {dagbag.py:540} INFO - Filling up the DagBag from /home/airflow/.local/lib/python3.8/site-packages/airflow/example_dags/example_trigger_target_dag.py
[2025-10-14T14:50:52.620+0000] {processor.py:840} INFO - DAG(s) 'example_trigger_target_dag' retrieved from /home/airflow/.local/lib/python3.8/site-packages/airflow/example_dags/example_trigger_target_dag.py
[2025-10-14T14:50:52.636+0000] {logging_mixin.py:188} INFO - [2025-10-14T14:50:52.636+0000] {dag.py:3047} INFO - Sync 1 DAGs
[2025-10-14T14:50:52.647+0000] {logging_mixin.py:188} INFO - [2025-10-14T14:50:52.647+0000] {dag.py:3834} INFO - Setting next_dagrun for example_trigger_target_dag to None, run_after=None
[2025-10-14T14:50:52.663+0000] {processor.py:183} INFO - Processing /home/airflow/.local/lib/python3.8/site-packages/airflow/example_dags/example_trigger_target_dag.py took 0.054 seconds
[2025-10-14T14:51:23.706+0000] {processor.py:161} INFO - Started process (PID=527) to work on /home/airflow/.local/lib/python3.8/site-packages/airflow/example_dags/example_trigger_target_dag.py
[2025-10-14T14:51:23.707+0000] {processor.py:830} INFO - Processing file /home/airflow/.local/lib/python3.8/site-packages/airflow/example_dags/example_trigger_target_dag.py for tasks to queue
[2025-10-14T14:51:23.710+0000] {logging_mixin.py:188} INFO - [2025-10-14T14:51:23.709+0000] {dagbag.py:540} INFO - Filling up the DagBag from /home/airflow/.local/lib/python3.8/site-packages/airflow/example_dags/example_trigger_target_dag.py
[2025-10-14T14:51:23.715+0000] {processor.py:840} INFO - DAG(s) 'example_trigger_target_dag' retrieved from /home/airflow/.local/lib/python3.8/site-packages/airflow/example_dags/example_trigger_target_dag.py
[2025-10-14T14:51:23.733+0000] {logging_mixin.py:188} INFO - [2025-10-14T14:51:23.733+0000] {dag.py:3047} INFO - Sync 1 DAGs
[2025-10-14T14:51:23.744+0000] {logging_mixin.py:188} INFO - [2025-10-14T14:51:23.744+0000] {dag.py:3834} INFO - Setting next_dagrun for example_trigger_target_dag to None, run_after=None
[2025-10-14T14:51:23.760+0000] {processor.py:183} INFO - Processing /home/airflow/.local/lib/python3.8/site-packages/airflow/example_dags/example_trigger_target_dag.py took 0.057 seconds
[2025-10-14T14:51:53.890+0000] {processor.py:161} INFO - Started process (PID=586) to work on /home/airflow/.local/lib/python3.8/site-packages/airflow/example_dags/example_trigger_target_dag.py
[2025-10-14T14:51:53.891+0000] {processor.py:830} INFO - Processing file /home/airflow/.local/lib/python3.8/site-packages/airflow/example_dags/example_trigger_target_dag.py for tasks to queue
[2025-10-14T14:51:53.892+0000] {logging_mixin.py:188} INFO - [2025-10-14T14:51:53.892+0000] {dagbag.py:540} INFO - Filling up the DagBag from /home/airflow/.local/lib/python3.8/site-packages/airflow/example_dags/example_trigger_target_dag.py
[2025-10-14T14:51:53.898+0000] {processor.py:840} INFO - DAG(s) 'example_trigger_target_dag' retrieved from /home/airflow/.local/lib/python3.8/site-packages/airflow/example_dags/example_trigger_target_dag.py
[2025-10-14T14:51:53.915+0000] {logging_mixin.py:188} INFO - [2025-10-14T14:51:53.914+0000] {dag.py:3047} INFO - Sync 1 DAGs
[2025-10-14T14:51:53.926+0000] {logging_mixin.py:188} INFO - [2025-10-14T14:51:53.925+0000] {dag.py:3834} INFO - Setting next_dagrun for example_trigger_target_dag to None, run_after=None
[2025-10-14T14:51:53.941+0000] {processor.py:183} INFO - Processing /home/airflow/.local/lib/python3.8/site-packages/airflow/example_dags/example_trigger_target_dag.py took 0.054 seconds
[2025-10-14T14:52:23.972+0000] {processor.py:161} INFO - Started process (PID=643) to work on /home/airflow/.local/lib/python3.8/site-packages/airflow/example_dags/example_trigger_target_dag.py
[2025-10-14T14:52:23.973+0000] {processor.py:830} INFO - Processing file /home/airflow/.local/lib/python3.8/site-packages/airflow/example_dags/example_trigger_target_dag.py for tasks to queue
[2025-10-14T14:52:23.975+0000] {logging_mixin.py:188} INFO - [2025-10-14T14:52:23.974+0000] {dagbag.py:540} INFO - Filling up the DagBag from /home/airflow/.local/lib/python3.8/site-packages/airflow/example_dags/example_trigger_target_dag.py
[2025-10-14T14:52:23.980+0000] {processor.py:840} INFO - DAG(s) 'example_trigger_target_dag' retrieved from /home/airflow/.local/lib/python3.8/site-packages/airflow/example_dags/example_trigger_target_dag.py
[2025-10-14T14:52:24.003+0000] {logging_mixin.py:188} INFO - [2025-10-14T14:52:24.002+0000] {dag.py:3047} INFO - Sync 1 DAGs
[2025-10-14T14:52:24.014+0000] {logging_mixin.py:188} INFO - [2025-10-14T14:52:24.013+0000] {dag.py:3834} INFO - Setting next_dagrun for example_trigger_target_dag to None, run_after=None
[2025-10-14T14:52:24.030+0000] {processor.py:183} INFO - Processing /home/airflow/.local/lib/python3.8/site-packages/airflow/example_dags/example_trigger_target_dag.py took 0.061 seconds
[2025-10-14T14:52:54.892+0000] {processor.py:161} INFO - Started process (PID=702) to work on /home/airflow/.local/lib/python3.8/site-packages/airflow/example_dags/example_trigger_target_dag.py
[2025-10-14T14:52:54.893+0000] {processor.py:830} INFO - Processing file /home/airflow/.local/lib/python3.8/site-packages/airflow/example_dags/example_trigger_target_dag.py for tasks to queue
[2025-10-14T14:52:54.894+0000] {logging_mixin.py:188} INFO - [2025-10-14T14:52:54.894+0000] {dagbag.py:540} INFO - Filling up the DagBag from /home/airflow/.local/lib/python3.8/site-packages/airflow/example_dags/example_trigger_target_dag.py
[2025-10-14T14:52:54.900+0000] {processor.py:840} INFO - DAG(s) 'example_trigger_target_dag' retrieved from /home/airflow/.local/lib/python3.8/site-packages/airflow/example_dags/example_trigger_target_dag.py
[2025-10-14T14:52:54.919+0000] {logging_mixin.py:188} INFO - [2025-10-14T14:52:54.918+0000] {dag.py:3047} INFO - Sync 1 DAGs
[2025-10-14T14:52:54.930+0000] {logging_mixin.py:188} INFO - [2025-10-14T14:52:54.930+0000] {dag.py:3834} INFO - Setting next_dagrun for example_trigger_target_dag to None, run_after=None
[2025-10-14T14:52:54.946+0000] {processor.py:183} INFO - Processing /home/airflow/.local/lib/python3.8/site-packages/airflow/example_dags/example_trigger_target_dag.py took 0.058 seconds
[2025-10-14T14:53:25.054+0000] {processor.py:161} INFO - Started process (PID=761) to work on /home/airflow/.local/lib/python3.8/site-packages/airflow/example_dags/example_trigger_target_dag.py
[2025-10-14T14:53:25.055+0000] {processor.py:830} INFO - Processing file /home/airflow/.local/lib/python3.8/site-packages/airflow/example_dags/example_trigger_target_dag.py for tasks to queue
[2025-10-14T14:53:25.057+0000] {logging_mixin.py:188} INFO - [2025-10-14T14:53:25.057+0000] {dagbag.py:540} INFO - Filling up the DagBag from /home/airflow/.local/lib/python3.8/site-packages/airflow/example_dags/example_trigger_target_dag.py
[2025-10-14T14:53:25.062+0000] {processor.py:840} INFO - DAG(s) 'example_trigger_target_dag' retrieved from /home/airflow/.local/lib/python3.8/site-packages/airflow/example_dags/example_trigger_target_dag.py
[2025-10-14T14:53:25.080+0000] {logging_mixin.py:188} INFO - [2025-10-14T14:53:25.080+0000] {dag.py:3047} INFO - Sync 1 DAGs
[2025-10-14T14:53:25.091+0000] {logging_mixin.py:188} INFO - [2025-10-14T14:53:25.091+0000] {dag.py:3834} INFO - Setting next_dagrun for example_trigger_target_dag to None, run_after=None
[2025-10-14T14:53:25.109+0000] {processor.py:183} INFO - Processing /home/airflow/.local/lib/python3.8/site-packages/airflow/example_dags/example_trigger_target_dag.py took 0.057 seconds
[2025-10-14T14:53:55.340+0000] {processor.py:161} INFO - Started process (PID=820) to work on /home/airflow/.local/lib/python3.8/site-packages/airflow/example_dags/example_trigger_target_dag.py
[2025-10-14T14:53:55.341+0000] {processor.py:830} INFO - Processing file /home/airflow/.local/lib/python3.8/site-packages/airflow/example_dags/example_trigger_target_dag.py for tasks to queue
[2025-10-14T14:53:55.343+0000] {logging_mixin.py:188} INFO - [2025-10-14T14:53:55.343+0000] {dagbag.py:540} INFO - Filling up the DagBag from /home/airflow/.local/lib/python3.8/site-packages/airflow/example_dags/example_trigger_target_dag.py
[2025-10-14T14:53:55.348+0000] {processor.py:840} INFO - DAG(s) 'example_trigger_target_dag' retrieved from /home/airflow/.local/lib/python3.8/site-packages/airflow/example_dags/example_trigger_target_dag.py
[2025-10-14T14:53:55.365+0000] {logging_mixin.py:188} INFO - [2025-10-14T14:53:55.365+0000] {dag.py:3047} INFO - Sync 1 DAGs
[2025-10-14T14:53:55.378+0000] {logging_mixin.py:188} INFO - [2025-10-14T14:53:55.377+0000] {dag.py:3834} INFO - Setting next_dagrun for example_trigger_target_dag to None, run_after=None
[2025-10-14T14:53:55.393+0000] {processor.py:183} INFO - Processing /home/airflow/.local/lib/python3.8/site-packages/airflow/example_dags/example_trigger_target_dag.py took 0.056 seconds
[2025-10-14T14:54:25.547+0000] {processor.py:161} INFO - Started process (PID=879) to work on /home/airflow/.local/lib/python3.8/site-packages/airflow/example_dags/example_trigger_target_dag.py
[2025-10-14T14:54:25.548+0000] {processor.py:830} INFO - Processing file /home/airflow/.local/lib/python3.8/site-packages/airflow/example_dags/example_trigger_target_dag.py for tasks to queue
[2025-10-14T14:54:25.549+0000] {logging_mixin.py:188} INFO - [2025-10-14T14:54:25.549+0000] {dagbag.py:540} INFO - Filling up the DagBag from /home/airflow/.local/lib/python3.8/site-packages/airflow/example_dags/example_trigger_target_dag.py
[2025-10-14T14:54:25.555+0000] {processor.py:840} INFO - DAG(s) 'example_trigger_target_dag' retrieved from /home/airflow/.local/lib/python3.8/site-packages/airflow/example_dags/example_trigger_target_dag.py
[2025-10-14T14:54:25.572+0000] {logging_mixin.py:188} INFO - [2025-10-14T14:54:25.572+0000] {dag.py:3047} INFO - Sync 1 DAGs
[2025-10-14T14:54:25.583+0000] {logging_mixin.py:188} INFO - [2025-10-14T14:54:25.583+0000] {dag.py:3834} INFO - Setting next_dagrun for example_trigger_target_dag to None, run_after=None
[2025-10-14T14:54:25.600+0000] {processor.py:183} INFO - Processing /home/airflow/.local/lib/python3.8/site-packages/airflow/example_dags/example_trigger_target_dag.py took 0.056 seconds
[2025-10-14T14:54:55.676+0000] {processor.py:161} INFO - Started process (PID=938) to work on /home/airflow/.local/lib/python3.8/site-packages/airflow/example_dags/example_trigger_target_dag.py
[2025-10-14T14:54:55.678+0000] {processor.py:830} INFO - Processing file /home/airflow/.local/lib/python3.8/site-packages/airflow/example_dags/example_trigger_target_dag.py for tasks to queue
[2025-10-14T14:54:55.679+0000] {logging_mixin.py:188} INFO - [2025-10-14T14:54:55.679+0000] {dagbag.py:540} INFO - Filling up the DagBag from /home/airflow/.local/lib/python3.8/site-packages/airflow/example_dags/example_trigger_target_dag.py
[2025-10-14T14:54:55.685+0000] {processor.py:840} INFO - DAG(s) 'example_trigger_target_dag' retrieved from /home/airflow/.local/lib/python3.8/site-packages/airflow/example_dags/example_trigger_target_dag.py
[2025-10-14T14:54:55.703+0000] {logging_mixin.py:188} INFO - [2025-10-14T14:54:55.703+0000] {dag.py:3047} INFO - Sync 1 DAGs
[2025-10-14T14:54:55.715+0000] {logging_mixin.py:188} INFO - [2025-10-14T14:54:55.715+0000] {dag.py:3834} INFO - Setting next_dagrun for example_trigger_target_dag to None, run_after=None
[2025-10-14T14:54:55.733+0000] {processor.py:183} INFO - Processing /home/airflow/.local/lib/python3.8/site-packages/airflow/example_dags/example_trigger_target_dag.py took 0.060 seconds
[2025-10-14T14:55:26.019+0000] {processor.py:161} INFO - Started process (PID=997) to work on /home/airflow/.local/lib/python3.8/site-packages/airflow/example_dags/example_trigger_target_dag.py
[2025-10-14T14:55:26.020+0000] {processor.py:830} INFO - Processing file /home/airflow/.local/lib/python3.8/site-packages/airflow/example_dags/example_trigger_target_dag.py for tasks to queue
[2025-10-14T14:55:26.022+0000] {logging_mixin.py:188} INFO - [2025-10-14T14:55:26.022+0000] {dagbag.py:540} INFO - Filling up the DagBag from /home/airflow/.local/lib/python3.8/site-packages/airflow/example_dags/example_trigger_target_dag.py
[2025-10-14T14:55:26.028+0000] {processor.py:840} INFO - DAG(s) 'example_trigger_target_dag' retrieved from /home/airflow/.local/lib/python3.8/site-packages/airflow/example_dags/example_trigger_target_dag.py
[2025-10-14T14:55:26.045+0000] {logging_mixin.py:188} INFO - [2025-10-14T14:55:26.045+0000] {dag.py:3047} INFO - Sync 1 DAGs
[2025-10-14T14:55:26.057+0000] {logging_mixin.py:188} INFO - [2025-10-14T14:55:26.057+0000] {dag.py:3834} INFO - Setting next_dagrun for example_trigger_target_dag to None, run_after=None
[2025-10-14T14:55:26.074+0000] {processor.py:183} INFO - Processing /home/airflow/.local/lib/python3.8/site-packages/airflow/example_dags/example_trigger_target_dag.py took 0.058 seconds
