[2025-10-14T14:44:58.803+0000] {processor.py:161} INFO - Started process (PID=112) to work on /home/airflow/.local/lib/python3.8/site-packages/airflow/example_dags/example_complex.py
[2025-10-14T14:44:58.804+0000] {processor.py:830} INFO - Processing file /home/airflow/.local/lib/python3.8/site-packages/airflow/example_dags/example_complex.py for tasks to queue
[2025-10-14T14:44:58.806+0000] {logging_mixin.py:188} INFO - [2025-10-14T14:44:58.805+0000] {dagbag.py:540} INFO - Filling up the DagBag from /home/airflow/.local/lib/python3.8/site-packages/airflow/example_dags/example_complex.py
[2025-10-14T14:44:58.819+0000] {processor.py:840} INFO - DAG(s) 'example_complex' retrieved from /home/airflow/.local/lib/python3.8/site-packages/airflow/example_dags/example_complex.py
[2025-10-14T14:44:58.920+0000] {logging_mixin.py:188} INFO - [2025-10-14T14:44:58.920+0000] {override.py:1769} INFO - Created Permission View: can edit on DAG:example_complex
[2025-10-14T14:44:58.929+0000] {logging_mixin.py:188} INFO - [2025-10-14T14:44:58.928+0000] {override.py:1769} INFO - Created Permission View: can delete on DAG:example_complex
[2025-10-14T14:44:58.937+0000] {logging_mixin.py:188} INFO - [2025-10-14T14:44:58.936+0000] {override.py:1769} INFO - Created Permission View: can read on DAG:example_complex
[2025-10-14T14:44:58.937+0000] {logging_mixin.py:188} INFO - [2025-10-14T14:44:58.937+0000] {dag.py:3047} INFO - Sync 1 DAGs
[2025-10-14T14:44:58.947+0000] {logging_mixin.py:188} INFO - [2025-10-14T14:44:58.947+0000] {dag.py:3069} INFO - Creating ORM DAG for example_complex
[2025-10-14T14:44:58.948+0000] {logging_mixin.py:188} INFO - [2025-10-14T14:44:58.948+0000] {dag.py:3834} INFO - Setting next_dagrun for example_complex to None, run_after=None
[2025-10-14T14:44:58.963+0000] {processor.py:183} INFO - Processing /home/airflow/.local/lib/python3.8/site-packages/airflow/example_dags/example_complex.py took 0.163 seconds
[2025-10-14T14:45:29.856+0000] {processor.py:161} INFO - Started process (PID=171) to work on /home/airflow/.local/lib/python3.8/site-packages/airflow/example_dags/example_complex.py
[2025-10-14T14:45:29.857+0000] {processor.py:830} INFO - Processing file /home/airflow/.local/lib/python3.8/site-packages/airflow/example_dags/example_complex.py for tasks to queue
[2025-10-14T14:45:29.859+0000] {logging_mixin.py:188} INFO - [2025-10-14T14:45:29.858+0000] {dagbag.py:540} INFO - Filling up the DagBag from /home/airflow/.local/lib/python3.8/site-packages/airflow/example_dags/example_complex.py
[2025-10-14T14:45:29.875+0000] {processor.py:840} INFO - DAG(s) 'example_complex' retrieved from /home/airflow/.local/lib/python3.8/site-packages/airflow/example_dags/example_complex.py
[2025-10-14T14:45:29.905+0000] {logging_mixin.py:188} INFO - [2025-10-14T14:45:29.905+0000] {dag.py:3047} INFO - Sync 1 DAGs
[2025-10-14T14:45:29.918+0000] {logging_mixin.py:188} INFO - [2025-10-14T14:45:29.918+0000] {dag.py:3834} INFO - Setting next_dagrun for example_complex to None, run_after=None
[2025-10-14T14:45:29.940+0000] {processor.py:183} INFO - Processing /home/airflow/.local/lib/python3.8/site-packages/airflow/example_dags/example_complex.py took 0.088 seconds
[2025-10-14T14:46:00.167+0000] {processor.py:161} INFO - Started process (PID=230) to work on /home/airflow/.local/lib/python3.8/site-packages/airflow/example_dags/example_complex.py
[2025-10-14T14:46:00.168+0000] {processor.py:830} INFO - Processing file /home/airflow/.local/lib/python3.8/site-packages/airflow/example_dags/example_complex.py for tasks to queue
[2025-10-14T14:46:00.169+0000] {logging_mixin.py:188} INFO - [2025-10-14T14:46:00.169+0000] {dagbag.py:540} INFO - Filling up the DagBag from /home/airflow/.local/lib/python3.8/site-packages/airflow/example_dags/example_complex.py
[2025-10-14T14:46:00.182+0000] {processor.py:840} INFO - DAG(s) 'example_complex' retrieved from /home/airflow/.local/lib/python3.8/site-packages/airflow/example_dags/example_complex.py
[2025-10-14T14:46:00.210+0000] {logging_mixin.py:188} INFO - [2025-10-14T14:46:00.210+0000] {dag.py:3047} INFO - Sync 1 DAGs
[2025-10-14T14:46:00.221+0000] {logging_mixin.py:188} INFO - [2025-10-14T14:46:00.221+0000] {dag.py:3834} INFO - Setting next_dagrun for example_complex to None, run_after=None
[2025-10-14T14:46:00.241+0000] {processor.py:183} INFO - Processing /home/airflow/.local/lib/python3.8/site-packages/airflow/example_dags/example_complex.py took 0.077 seconds
[2025-10-14T14:47:50.481+0000] {processor.py:161} INFO - Started process (PID=111) to work on /home/airflow/.local/lib/python3.8/site-packages/airflow/example_dags/example_complex.py
[2025-10-14T14:47:50.483+0000] {processor.py:830} INFO - Processing file /home/airflow/.local/lib/python3.8/site-packages/airflow/example_dags/example_complex.py for tasks to queue
[2025-10-14T14:47:50.485+0000] {logging_mixin.py:188} INFO - [2025-10-14T14:47:50.485+0000] {dagbag.py:540} INFO - Filling up the DagBag from /home/airflow/.local/lib/python3.8/site-packages/airflow/example_dags/example_complex.py
[2025-10-14T14:47:50.499+0000] {processor.py:840} INFO - DAG(s) 'example_complex' retrieved from /home/airflow/.local/lib/python3.8/site-packages/airflow/example_dags/example_complex.py
[2025-10-14T14:47:50.611+0000] {logging_mixin.py:188} INFO - [2025-10-14T14:47:50.610+0000] {dag.py:3047} INFO - Sync 1 DAGs
[2025-10-14T14:47:50.622+0000] {logging_mixin.py:188} INFO - [2025-10-14T14:47:50.621+0000] {dag.py:3834} INFO - Setting next_dagrun for example_complex to None, run_after=None
[2025-10-14T14:47:50.648+0000] {processor.py:183} INFO - Processing /home/airflow/.local/lib/python3.8/site-packages/airflow/example_dags/example_complex.py took 0.169 seconds
[2025-10-14T14:48:21.444+0000] {processor.py:161} INFO - Started process (PID=176) to work on /home/airflow/.local/lib/python3.8/site-packages/airflow/example_dags/example_complex.py
[2025-10-14T14:48:21.445+0000] {processor.py:830} INFO - Processing file /home/airflow/.local/lib/python3.8/site-packages/airflow/example_dags/example_complex.py for tasks to queue
[2025-10-14T14:48:21.447+0000] {logging_mixin.py:188} INFO - [2025-10-14T14:48:21.447+0000] {dagbag.py:540} INFO - Filling up the DagBag from /home/airflow/.local/lib/python3.8/site-packages/airflow/example_dags/example_complex.py
[2025-10-14T14:48:21.457+0000] {processor.py:840} INFO - DAG(s) 'example_complex' retrieved from /home/airflow/.local/lib/python3.8/site-packages/airflow/example_dags/example_complex.py
[2025-10-14T14:48:21.484+0000] {logging_mixin.py:188} INFO - [2025-10-14T14:48:21.484+0000] {dag.py:3047} INFO - Sync 1 DAGs
[2025-10-14T14:48:21.495+0000] {logging_mixin.py:188} INFO - [2025-10-14T14:48:21.494+0000] {dag.py:3834} INFO - Setting next_dagrun for example_complex to None, run_after=None
[2025-10-14T14:48:21.514+0000] {processor.py:183} INFO - Processing /home/airflow/.local/lib/python3.8/site-packages/airflow/example_dags/example_complex.py took 0.073 seconds
[2025-10-14T14:48:51.914+0000] {processor.py:161} INFO - Started process (PID=235) to work on /home/airflow/.local/lib/python3.8/site-packages/airflow/example_dags/example_complex.py
[2025-10-14T14:48:51.915+0000] {processor.py:830} INFO - Processing file /home/airflow/.local/lib/python3.8/site-packages/airflow/example_dags/example_complex.py for tasks to queue
[2025-10-14T14:48:51.916+0000] {logging_mixin.py:188} INFO - [2025-10-14T14:48:51.916+0000] {dagbag.py:540} INFO - Filling up the DagBag from /home/airflow/.local/lib/python3.8/site-packages/airflow/example_dags/example_complex.py
[2025-10-14T14:48:51.927+0000] {processor.py:840} INFO - DAG(s) 'example_complex' retrieved from /home/airflow/.local/lib/python3.8/site-packages/airflow/example_dags/example_complex.py
[2025-10-14T14:48:51.958+0000] {logging_mixin.py:188} INFO - [2025-10-14T14:48:51.958+0000] {dag.py:3047} INFO - Sync 1 DAGs
[2025-10-14T14:48:51.970+0000] {logging_mixin.py:188} INFO - [2025-10-14T14:48:51.970+0000] {dag.py:3834} INFO - Setting next_dagrun for example_complex to None, run_after=None
[2025-10-14T14:48:51.986+0000] {processor.py:183} INFO - Processing /home/airflow/.local/lib/python3.8/site-packages/airflow/example_dags/example_complex.py took 0.076 seconds
[2025-10-14T14:49:22.199+0000] {processor.py:161} INFO - Started process (PID=294) to work on /home/airflow/.local/lib/python3.8/site-packages/airflow/example_dags/example_complex.py
[2025-10-14T14:49:22.200+0000] {processor.py:830} INFO - Processing file /home/airflow/.local/lib/python3.8/site-packages/airflow/example_dags/example_complex.py for tasks to queue
[2025-10-14T14:49:22.202+0000] {logging_mixin.py:188} INFO - [2025-10-14T14:49:22.202+0000] {dagbag.py:540} INFO - Filling up the DagBag from /home/airflow/.local/lib/python3.8/site-packages/airflow/example_dags/example_complex.py
[2025-10-14T14:49:22.211+0000] {processor.py:840} INFO - DAG(s) 'example_complex' retrieved from /home/airflow/.local/lib/python3.8/site-packages/airflow/example_dags/example_complex.py
[2025-10-14T14:49:22.239+0000] {logging_mixin.py:188} INFO - [2025-10-14T14:49:22.238+0000] {dag.py:3047} INFO - Sync 1 DAGs
[2025-10-14T14:49:22.249+0000] {logging_mixin.py:188} INFO - [2025-10-14T14:49:22.249+0000] {dag.py:3834} INFO - Setting next_dagrun for example_complex to None, run_after=None
[2025-10-14T14:49:22.266+0000] {processor.py:183} INFO - Processing /home/airflow/.local/lib/python3.8/site-packages/airflow/example_dags/example_complex.py took 0.070 seconds
[2025-10-14T14:49:52.450+0000] {processor.py:161} INFO - Started process (PID=353) to work on /home/airflow/.local/lib/python3.8/site-packages/airflow/example_dags/example_complex.py
[2025-10-14T14:49:52.451+0000] {processor.py:830} INFO - Processing file /home/airflow/.local/lib/python3.8/site-packages/airflow/example_dags/example_complex.py for tasks to queue
[2025-10-14T14:49:52.453+0000] {logging_mixin.py:188} INFO - [2025-10-14T14:49:52.453+0000] {dagbag.py:540} INFO - Filling up the DagBag from /home/airflow/.local/lib/python3.8/site-packages/airflow/example_dags/example_complex.py
[2025-10-14T14:49:52.463+0000] {processor.py:840} INFO - DAG(s) 'example_complex' retrieved from /home/airflow/.local/lib/python3.8/site-packages/airflow/example_dags/example_complex.py
[2025-10-14T14:49:52.492+0000] {logging_mixin.py:188} INFO - [2025-10-14T14:49:52.491+0000] {dag.py:3047} INFO - Sync 1 DAGs
[2025-10-14T14:49:52.503+0000] {logging_mixin.py:188} INFO - [2025-10-14T14:49:52.503+0000] {dag.py:3834} INFO - Setting next_dagrun for example_complex to None, run_after=None
[2025-10-14T14:49:52.521+0000] {processor.py:183} INFO - Processing /home/airflow/.local/lib/python3.8/site-packages/airflow/example_dags/example_complex.py took 0.073 seconds
[2025-10-14T14:50:22.619+0000] {processor.py:161} INFO - Started process (PID=412) to work on /home/airflow/.local/lib/python3.8/site-packages/airflow/example_dags/example_complex.py
[2025-10-14T14:50:22.620+0000] {processor.py:830} INFO - Processing file /home/airflow/.local/lib/python3.8/site-packages/airflow/example_dags/example_complex.py for tasks to queue
[2025-10-14T14:50:22.622+0000] {logging_mixin.py:188} INFO - [2025-10-14T14:50:22.621+0000] {dagbag.py:540} INFO - Filling up the DagBag from /home/airflow/.local/lib/python3.8/site-packages/airflow/example_dags/example_complex.py
[2025-10-14T14:50:22.632+0000] {processor.py:840} INFO - DAG(s) 'example_complex' retrieved from /home/airflow/.local/lib/python3.8/site-packages/airflow/example_dags/example_complex.py
[2025-10-14T14:50:22.666+0000] {logging_mixin.py:188} INFO - [2025-10-14T14:50:22.666+0000] {dag.py:3047} INFO - Sync 1 DAGs
[2025-10-14T14:50:22.679+0000] {logging_mixin.py:188} INFO - [2025-10-14T14:50:22.679+0000] {dag.py:3834} INFO - Setting next_dagrun for example_complex to None, run_after=None
[2025-10-14T14:50:22.698+0000] {processor.py:183} INFO - Processing /home/airflow/.local/lib/python3.8/site-packages/airflow/example_dags/example_complex.py took 0.083 seconds
[2025-10-14T14:50:52.778+0000] {processor.py:161} INFO - Started process (PID=471) to work on /home/airflow/.local/lib/python3.8/site-packages/airflow/example_dags/example_complex.py
[2025-10-14T14:50:52.780+0000] {processor.py:830} INFO - Processing file /home/airflow/.local/lib/python3.8/site-packages/airflow/example_dags/example_complex.py for tasks to queue
[2025-10-14T14:50:52.781+0000] {logging_mixin.py:188} INFO - [2025-10-14T14:50:52.781+0000] {dagbag.py:540} INFO - Filling up the DagBag from /home/airflow/.local/lib/python3.8/site-packages/airflow/example_dags/example_complex.py
[2025-10-14T14:50:52.791+0000] {processor.py:840} INFO - DAG(s) 'example_complex' retrieved from /home/airflow/.local/lib/python3.8/site-packages/airflow/example_dags/example_complex.py
[2025-10-14T14:50:52.819+0000] {logging_mixin.py:188} INFO - [2025-10-14T14:50:52.818+0000] {dag.py:3047} INFO - Sync 1 DAGs
[2025-10-14T14:50:52.829+0000] {logging_mixin.py:188} INFO - [2025-10-14T14:50:52.829+0000] {dag.py:3834} INFO - Setting next_dagrun for example_complex to None, run_after=None
[2025-10-14T14:50:52.845+0000] {processor.py:183} INFO - Processing /home/airflow/.local/lib/python3.8/site-packages/airflow/example_dags/example_complex.py took 0.070 seconds
[2025-10-14T14:51:23.978+0000] {processor.py:161} INFO - Started process (PID=531) to work on /home/airflow/.local/lib/python3.8/site-packages/airflow/example_dags/example_complex.py
[2025-10-14T14:51:23.979+0000] {processor.py:830} INFO - Processing file /home/airflow/.local/lib/python3.8/site-packages/airflow/example_dags/example_complex.py for tasks to queue
[2025-10-14T14:51:23.980+0000] {logging_mixin.py:188} INFO - [2025-10-14T14:51:23.980+0000] {dagbag.py:540} INFO - Filling up the DagBag from /home/airflow/.local/lib/python3.8/site-packages/airflow/example_dags/example_complex.py
[2025-10-14T14:51:23.991+0000] {processor.py:840} INFO - DAG(s) 'example_complex' retrieved from /home/airflow/.local/lib/python3.8/site-packages/airflow/example_dags/example_complex.py
[2025-10-14T14:51:24.018+0000] {logging_mixin.py:188} INFO - [2025-10-14T14:51:24.017+0000] {dag.py:3047} INFO - Sync 1 DAGs
[2025-10-14T14:51:24.029+0000] {logging_mixin.py:188} INFO - [2025-10-14T14:51:24.029+0000] {dag.py:3834} INFO - Setting next_dagrun for example_complex to None, run_after=None
[2025-10-14T14:51:24.045+0000] {processor.py:183} INFO - Processing /home/airflow/.local/lib/python3.8/site-packages/airflow/example_dags/example_complex.py took 0.070 seconds
[2025-10-14T14:51:54.200+0000] {processor.py:161} INFO - Started process (PID=590) to work on /home/airflow/.local/lib/python3.8/site-packages/airflow/example_dags/example_complex.py
[2025-10-14T14:51:54.201+0000] {processor.py:830} INFO - Processing file /home/airflow/.local/lib/python3.8/site-packages/airflow/example_dags/example_complex.py for tasks to queue
[2025-10-14T14:51:54.203+0000] {logging_mixin.py:188} INFO - [2025-10-14T14:51:54.202+0000] {dagbag.py:540} INFO - Filling up the DagBag from /home/airflow/.local/lib/python3.8/site-packages/airflow/example_dags/example_complex.py
[2025-10-14T14:51:54.213+0000] {processor.py:840} INFO - DAG(s) 'example_complex' retrieved from /home/airflow/.local/lib/python3.8/site-packages/airflow/example_dags/example_complex.py
[2025-10-14T14:51:54.240+0000] {logging_mixin.py:188} INFO - [2025-10-14T14:51:54.240+0000] {dag.py:3047} INFO - Sync 1 DAGs
[2025-10-14T14:51:54.251+0000] {logging_mixin.py:188} INFO - [2025-10-14T14:51:54.251+0000] {dag.py:3834} INFO - Setting next_dagrun for example_complex to None, run_after=None
[2025-10-14T14:51:54.267+0000] {processor.py:183} INFO - Processing /home/airflow/.local/lib/python3.8/site-packages/airflow/example_dags/example_complex.py took 0.070 seconds
[2025-10-14T14:52:25.341+0000] {processor.py:161} INFO - Started process (PID=649) to work on /home/airflow/.local/lib/python3.8/site-packages/airflow/example_dags/example_complex.py
[2025-10-14T14:52:25.342+0000] {processor.py:830} INFO - Processing file /home/airflow/.local/lib/python3.8/site-packages/airflow/example_dags/example_complex.py for tasks to queue
[2025-10-14T14:52:25.344+0000] {logging_mixin.py:188} INFO - [2025-10-14T14:52:25.343+0000] {dagbag.py:540} INFO - Filling up the DagBag from /home/airflow/.local/lib/python3.8/site-packages/airflow/example_dags/example_complex.py
[2025-10-14T14:52:25.354+0000] {processor.py:840} INFO - DAG(s) 'example_complex' retrieved from /home/airflow/.local/lib/python3.8/site-packages/airflow/example_dags/example_complex.py
[2025-10-14T14:52:25.380+0000] {logging_mixin.py:188} INFO - [2025-10-14T14:52:25.380+0000] {dag.py:3047} INFO - Sync 1 DAGs
[2025-10-14T14:52:25.391+0000] {logging_mixin.py:188} INFO - [2025-10-14T14:52:25.391+0000] {dag.py:3834} INFO - Setting next_dagrun for example_complex to None, run_after=None
[2025-10-14T14:52:25.407+0000] {processor.py:183} INFO - Processing /home/airflow/.local/lib/python3.8/site-packages/airflow/example_dags/example_complex.py took 0.069 seconds
[2025-10-14T14:52:56.269+0000] {processor.py:161} INFO - Started process (PID=708) to work on /home/airflow/.local/lib/python3.8/site-packages/airflow/example_dags/example_complex.py
[2025-10-14T14:52:56.270+0000] {processor.py:830} INFO - Processing file /home/airflow/.local/lib/python3.8/site-packages/airflow/example_dags/example_complex.py for tasks to queue
[2025-10-14T14:52:56.271+0000] {logging_mixin.py:188} INFO - [2025-10-14T14:52:56.271+0000] {dagbag.py:540} INFO - Filling up the DagBag from /home/airflow/.local/lib/python3.8/site-packages/airflow/example_dags/example_complex.py
[2025-10-14T14:52:56.281+0000] {processor.py:840} INFO - DAG(s) 'example_complex' retrieved from /home/airflow/.local/lib/python3.8/site-packages/airflow/example_dags/example_complex.py
[2025-10-14T14:52:56.308+0000] {logging_mixin.py:188} INFO - [2025-10-14T14:52:56.308+0000] {dag.py:3047} INFO - Sync 1 DAGs
[2025-10-14T14:52:56.319+0000] {logging_mixin.py:188} INFO - [2025-10-14T14:52:56.319+0000] {dag.py:3834} INFO - Setting next_dagrun for example_complex to None, run_after=None
[2025-10-14T14:52:56.335+0000] {processor.py:183} INFO - Processing /home/airflow/.local/lib/python3.8/site-packages/airflow/example_dags/example_complex.py took 0.069 seconds
[2025-10-14T14:53:26.432+0000] {processor.py:161} INFO - Started process (PID=766) to work on /home/airflow/.local/lib/python3.8/site-packages/airflow/example_dags/example_complex.py
[2025-10-14T14:53:26.433+0000] {processor.py:830} INFO - Processing file /home/airflow/.local/lib/python3.8/site-packages/airflow/example_dags/example_complex.py for tasks to queue
[2025-10-14T14:53:26.434+0000] {logging_mixin.py:188} INFO - [2025-10-14T14:53:26.434+0000] {dagbag.py:540} INFO - Filling up the DagBag from /home/airflow/.local/lib/python3.8/site-packages/airflow/example_dags/example_complex.py
[2025-10-14T14:53:26.444+0000] {processor.py:840} INFO - DAG(s) 'example_complex' retrieved from /home/airflow/.local/lib/python3.8/site-packages/airflow/example_dags/example_complex.py
[2025-10-14T14:53:26.472+0000] {logging_mixin.py:188} INFO - [2025-10-14T14:53:26.472+0000] {dag.py:3047} INFO - Sync 1 DAGs
[2025-10-14T14:53:26.483+0000] {logging_mixin.py:188} INFO - [2025-10-14T14:53:26.483+0000] {dag.py:3834} INFO - Setting next_dagrun for example_complex to None, run_after=None
[2025-10-14T14:53:26.501+0000] {processor.py:183} INFO - Processing /home/airflow/.local/lib/python3.8/site-packages/airflow/example_dags/example_complex.py took 0.072 seconds
[2025-10-14T14:53:56.586+0000] {processor.py:161} INFO - Started process (PID=824) to work on /home/airflow/.local/lib/python3.8/site-packages/airflow/example_dags/example_complex.py
[2025-10-14T14:53:56.587+0000] {processor.py:830} INFO - Processing file /home/airflow/.local/lib/python3.8/site-packages/airflow/example_dags/example_complex.py for tasks to queue
[2025-10-14T14:53:56.589+0000] {logging_mixin.py:188} INFO - [2025-10-14T14:53:56.588+0000] {dagbag.py:540} INFO - Filling up the DagBag from /home/airflow/.local/lib/python3.8/site-packages/airflow/example_dags/example_complex.py
[2025-10-14T14:53:56.599+0000] {processor.py:840} INFO - DAG(s) 'example_complex' retrieved from /home/airflow/.local/lib/python3.8/site-packages/airflow/example_dags/example_complex.py
[2025-10-14T14:53:56.625+0000] {logging_mixin.py:188} INFO - [2025-10-14T14:53:56.625+0000] {dag.py:3047} INFO - Sync 1 DAGs
[2025-10-14T14:53:56.636+0000] {logging_mixin.py:188} INFO - [2025-10-14T14:53:56.636+0000] {dag.py:3834} INFO - Setting next_dagrun for example_complex to None, run_after=None
[2025-10-14T14:53:56.652+0000] {processor.py:183} INFO - Processing /home/airflow/.local/lib/python3.8/site-packages/airflow/example_dags/example_complex.py took 0.069 seconds
[2025-10-14T14:54:26.716+0000] {processor.py:161} INFO - Started process (PID=883) to work on /home/airflow/.local/lib/python3.8/site-packages/airflow/example_dags/example_complex.py
[2025-10-14T14:54:26.717+0000] {processor.py:830} INFO - Processing file /home/airflow/.local/lib/python3.8/site-packages/airflow/example_dags/example_complex.py for tasks to queue
[2025-10-14T14:54:26.719+0000] {logging_mixin.py:188} INFO - [2025-10-14T14:54:26.719+0000] {dagbag.py:540} INFO - Filling up the DagBag from /home/airflow/.local/lib/python3.8/site-packages/airflow/example_dags/example_complex.py
[2025-10-14T14:54:26.729+0000] {processor.py:840} INFO - DAG(s) 'example_complex' retrieved from /home/airflow/.local/lib/python3.8/site-packages/airflow/example_dags/example_complex.py
[2025-10-14T14:54:26.758+0000] {logging_mixin.py:188} INFO - [2025-10-14T14:54:26.757+0000] {dag.py:3047} INFO - Sync 1 DAGs
[2025-10-14T14:54:26.769+0000] {logging_mixin.py:188} INFO - [2025-10-14T14:54:26.769+0000] {dag.py:3834} INFO - Setting next_dagrun for example_complex to None, run_after=None
[2025-10-14T14:54:26.788+0000] {processor.py:183} INFO - Processing /home/airflow/.local/lib/python3.8/site-packages/airflow/example_dags/example_complex.py took 0.075 seconds
[2025-10-14T14:54:56.884+0000] {processor.py:161} INFO - Started process (PID=942) to work on /home/airflow/.local/lib/python3.8/site-packages/airflow/example_dags/example_complex.py
[2025-10-14T14:54:56.885+0000] {processor.py:830} INFO - Processing file /home/airflow/.local/lib/python3.8/site-packages/airflow/example_dags/example_complex.py for tasks to queue
[2025-10-14T14:54:56.887+0000] {logging_mixin.py:188} INFO - [2025-10-14T14:54:56.887+0000] {dagbag.py:540} INFO - Filling up the DagBag from /home/airflow/.local/lib/python3.8/site-packages/airflow/example_dags/example_complex.py
[2025-10-14T14:54:56.903+0000] {processor.py:840} INFO - DAG(s) 'example_complex' retrieved from /home/airflow/.local/lib/python3.8/site-packages/airflow/example_dags/example_complex.py
[2025-10-14T14:54:56.935+0000] {logging_mixin.py:188} INFO - [2025-10-14T14:54:56.934+0000] {dag.py:3047} INFO - Sync 1 DAGs
[2025-10-14T14:54:56.947+0000] {logging_mixin.py:188} INFO - [2025-10-14T14:54:56.947+0000] {dag.py:3834} INFO - Setting next_dagrun for example_complex to None, run_after=None
[2025-10-14T14:54:56.975+0000] {processor.py:183} INFO - Processing /home/airflow/.local/lib/python3.8/site-packages/airflow/example_dags/example_complex.py took 0.093 seconds
[2025-10-14T14:55:27.226+0000] {processor.py:161} INFO - Started process (PID=1001) to work on /home/airflow/.local/lib/python3.8/site-packages/airflow/example_dags/example_complex.py
[2025-10-14T14:55:27.227+0000] {processor.py:830} INFO - Processing file /home/airflow/.local/lib/python3.8/site-packages/airflow/example_dags/example_complex.py for tasks to queue
[2025-10-14T14:55:27.229+0000] {logging_mixin.py:188} INFO - [2025-10-14T14:55:27.229+0000] {dagbag.py:540} INFO - Filling up the DagBag from /home/airflow/.local/lib/python3.8/site-packages/airflow/example_dags/example_complex.py
[2025-10-14T14:55:27.240+0000] {processor.py:840} INFO - DAG(s) 'example_complex' retrieved from /home/airflow/.local/lib/python3.8/site-packages/airflow/example_dags/example_complex.py
[2025-10-14T14:55:27.269+0000] {logging_mixin.py:188} INFO - [2025-10-14T14:55:27.269+0000] {dag.py:3047} INFO - Sync 1 DAGs
[2025-10-14T14:55:27.282+0000] {logging_mixin.py:188} INFO - [2025-10-14T14:55:27.282+0000] {dag.py:3834} INFO - Setting next_dagrun for example_complex to None, run_after=None
[2025-10-14T14:55:27.302+0000] {processor.py:183} INFO - Processing /home/airflow/.local/lib/python3.8/site-packages/airflow/example_dags/example_complex.py took 0.080 seconds
