[2025-10-14T14:45:00.896+0000] {processor.py:161} INFO - Started process (PID=132) to work on /home/airflow/.local/lib/python3.8/site-packages/airflow/example_dags/example_xcomargs.py
[2025-10-14T14:45:00.897+0000] {processor.py:830} INFO - Processing file /home/airflow/.local/lib/python3.8/site-packages/airflow/example_dags/example_xcomargs.py for tasks to queue
[2025-10-14T14:45:00.898+0000] {logging_mixin.py:188} INFO - [2025-10-14T14:45:00.898+0000] {dagbag.py:540} INFO - Filling up the DagBag from /home/airflow/.local/lib/python3.8/site-packages/airflow/example_dags/example_xcomargs.py
[2025-10-14T14:45:00.907+0000] {processor.py:840} INFO - DAG(s) 'example_xcom_args_with_operators', 'example_xcom_args' retrieved from /home/airflow/.local/lib/python3.8/site-packages/airflow/example_dags/example_xcomargs.py
[2025-10-14T14:45:00.992+0000] {logging_mixin.py:188} INFO - [2025-10-14T14:45:00.991+0000] {override.py:1769} INFO - Created Permission View: can edit on DAG:example_xcom_args_with_operators
[2025-10-14T14:45:01.001+0000] {logging_mixin.py:188} INFO - [2025-10-14T14:45:01.001+0000] {override.py:1769} INFO - Created Permission View: can delete on DAG:example_xcom_args_with_operators
[2025-10-14T14:45:01.011+0000] {logging_mixin.py:188} INFO - [2025-10-14T14:45:01.011+0000] {override.py:1769} INFO - Created Permission View: can read on DAG:example_xcom_args_with_operators
[2025-10-14T14:45:01.025+0000] {logging_mixin.py:188} INFO - [2025-10-14T14:45:01.024+0000] {override.py:1769} INFO - Created Permission View: can edit on DAG:example_xcom_args
[2025-10-14T14:45:01.031+0000] {logging_mixin.py:188} INFO - [2025-10-14T14:45:01.030+0000] {override.py:1769} INFO - Created Permission View: can delete on DAG:example_xcom_args
[2025-10-14T14:45:01.037+0000] {logging_mixin.py:188} INFO - [2025-10-14T14:45:01.036+0000] {override.py:1769} INFO - Created Permission View: can read on DAG:example_xcom_args
[2025-10-14T14:45:01.037+0000] {logging_mixin.py:188} INFO - [2025-10-14T14:45:01.037+0000] {dag.py:3047} INFO - Sync 2 DAGs
[2025-10-14T14:45:01.047+0000] {logging_mixin.py:188} INFO - [2025-10-14T14:45:01.047+0000] {dag.py:3069} INFO - Creating ORM DAG for example_xcom_args_with_operators
[2025-10-14T14:45:01.048+0000] {logging_mixin.py:188} INFO - [2025-10-14T14:45:01.048+0000] {dag.py:3069} INFO - Creating ORM DAG for example_xcom_args
[2025-10-14T14:45:01.048+0000] {logging_mixin.py:188} INFO - [2025-10-14T14:45:01.048+0000] {dag.py:3834} INFO - Setting next_dagrun for example_xcom_args to None, run_after=None
[2025-10-14T14:45:01.049+0000] {logging_mixin.py:188} INFO - [2025-10-14T14:45:01.049+0000] {dag.py:3834} INFO - Setting next_dagrun for example_xcom_args_with_operators to None, run_after=None
[2025-10-14T14:45:01.066+0000] {processor.py:183} INFO - Processing /home/airflow/.local/lib/python3.8/site-packages/airflow/example_dags/example_xcomargs.py took 0.173 seconds
[2025-10-14T14:45:31.148+0000] {processor.py:161} INFO - Started process (PID=191) to work on /home/airflow/.local/lib/python3.8/site-packages/airflow/example_dags/example_xcomargs.py
[2025-10-14T14:45:31.149+0000] {processor.py:830} INFO - Processing file /home/airflow/.local/lib/python3.8/site-packages/airflow/example_dags/example_xcomargs.py for tasks to queue
[2025-10-14T14:45:31.151+0000] {logging_mixin.py:188} INFO - [2025-10-14T14:45:31.150+0000] {dagbag.py:540} INFO - Filling up the DagBag from /home/airflow/.local/lib/python3.8/site-packages/airflow/example_dags/example_xcomargs.py
[2025-10-14T14:45:31.158+0000] {processor.py:840} INFO - DAG(s) 'example_xcom_args', 'example_xcom_args_with_operators' retrieved from /home/airflow/.local/lib/python3.8/site-packages/airflow/example_dags/example_xcomargs.py
[2025-10-14T14:45:31.181+0000] {logging_mixin.py:188} INFO - [2025-10-14T14:45:31.180+0000] {dag.py:3047} INFO - Sync 2 DAGs
[2025-10-14T14:45:31.194+0000] {logging_mixin.py:188} INFO - [2025-10-14T14:45:31.194+0000] {dag.py:3834} INFO - Setting next_dagrun for example_xcom_args to None, run_after=None
[2025-10-14T14:45:31.198+0000] {logging_mixin.py:188} INFO - [2025-10-14T14:45:31.197+0000] {dag.py:3834} INFO - Setting next_dagrun for example_xcom_args_with_operators to None, run_after=None
[2025-10-14T14:45:31.216+0000] {processor.py:183} INFO - Processing /home/airflow/.local/lib/python3.8/site-packages/airflow/example_dags/example_xcomargs.py took 0.071 seconds
[2025-10-14T14:46:01.432+0000] {processor.py:161} INFO - Started process (PID=250) to work on /home/airflow/.local/lib/python3.8/site-packages/airflow/example_dags/example_xcomargs.py
[2025-10-14T14:46:01.433+0000] {processor.py:830} INFO - Processing file /home/airflow/.local/lib/python3.8/site-packages/airflow/example_dags/example_xcomargs.py for tasks to queue
[2025-10-14T14:46:01.435+0000] {logging_mixin.py:188} INFO - [2025-10-14T14:46:01.435+0000] {dagbag.py:540} INFO - Filling up the DagBag from /home/airflow/.local/lib/python3.8/site-packages/airflow/example_dags/example_xcomargs.py
[2025-10-14T14:46:01.444+0000] {processor.py:840} INFO - DAG(s) 'example_xcom_args', 'example_xcom_args_with_operators' retrieved from /home/airflow/.local/lib/python3.8/site-packages/airflow/example_dags/example_xcomargs.py
[2025-10-14T14:46:01.464+0000] {logging_mixin.py:188} INFO - [2025-10-14T14:46:01.464+0000] {dag.py:3047} INFO - Sync 2 DAGs
[2025-10-14T14:46:01.476+0000] {logging_mixin.py:188} INFO - [2025-10-14T14:46:01.475+0000] {dag.py:3834} INFO - Setting next_dagrun for example_xcom_args to None, run_after=None
[2025-10-14T14:46:01.480+0000] {logging_mixin.py:188} INFO - [2025-10-14T14:46:01.479+0000] {dag.py:3834} INFO - Setting next_dagrun for example_xcom_args_with_operators to None, run_after=None
[2025-10-14T14:46:01.494+0000] {processor.py:183} INFO - Processing /home/airflow/.local/lib/python3.8/site-packages/airflow/example_dags/example_xcomargs.py took 0.065 seconds
[2025-10-14T14:47:52.422+0000] {processor.py:161} INFO - Started process (PID=137) to work on /home/airflow/.local/lib/python3.8/site-packages/airflow/example_dags/example_xcomargs.py
[2025-10-14T14:47:52.423+0000] {processor.py:830} INFO - Processing file /home/airflow/.local/lib/python3.8/site-packages/airflow/example_dags/example_xcomargs.py for tasks to queue
[2025-10-14T14:47:52.425+0000] {logging_mixin.py:188} INFO - [2025-10-14T14:47:52.425+0000] {dagbag.py:540} INFO - Filling up the DagBag from /home/airflow/.local/lib/python3.8/site-packages/airflow/example_dags/example_xcomargs.py
[2025-10-14T14:47:52.434+0000] {processor.py:840} INFO - DAG(s) 'example_xcom_args_with_operators', 'example_xcom_args' retrieved from /home/airflow/.local/lib/python3.8/site-packages/airflow/example_dags/example_xcomargs.py
[2025-10-14T14:47:52.536+0000] {logging_mixin.py:188} INFO - [2025-10-14T14:47:52.535+0000] {dag.py:3047} INFO - Sync 2 DAGs
[2025-10-14T14:47:52.546+0000] {logging_mixin.py:188} INFO - [2025-10-14T14:47:52.546+0000] {dag.py:3834} INFO - Setting next_dagrun for example_xcom_args to None, run_after=None
[2025-10-14T14:47:52.549+0000] {logging_mixin.py:188} INFO - [2025-10-14T14:47:52.549+0000] {dag.py:3834} INFO - Setting next_dagrun for example_xcom_args_with_operators to None, run_after=None
[2025-10-14T14:47:52.565+0000] {processor.py:183} INFO - Processing /home/airflow/.local/lib/python3.8/site-packages/airflow/example_dags/example_xcomargs.py took 0.146 seconds
[2025-10-14T14:48:22.669+0000] {processor.py:161} INFO - Started process (PID=196) to work on /home/airflow/.local/lib/python3.8/site-packages/airflow/example_dags/example_xcomargs.py
[2025-10-14T14:48:22.670+0000] {processor.py:830} INFO - Processing file /home/airflow/.local/lib/python3.8/site-packages/airflow/example_dags/example_xcomargs.py for tasks to queue
[2025-10-14T14:48:22.672+0000] {logging_mixin.py:188} INFO - [2025-10-14T14:48:22.672+0000] {dagbag.py:540} INFO - Filling up the DagBag from /home/airflow/.local/lib/python3.8/site-packages/airflow/example_dags/example_xcomargs.py
[2025-10-14T14:48:22.679+0000] {processor.py:840} INFO - DAG(s) 'example_xcom_args_with_operators', 'example_xcom_args' retrieved from /home/airflow/.local/lib/python3.8/site-packages/airflow/example_dags/example_xcomargs.py
[2025-10-14T14:48:22.699+0000] {logging_mixin.py:188} INFO - [2025-10-14T14:48:22.699+0000] {dag.py:3047} INFO - Sync 2 DAGs
[2025-10-14T14:48:22.711+0000] {logging_mixin.py:188} INFO - [2025-10-14T14:48:22.711+0000] {dag.py:3834} INFO - Setting next_dagrun for example_xcom_args to None, run_after=None
[2025-10-14T14:48:22.714+0000] {logging_mixin.py:188} INFO - [2025-10-14T14:48:22.714+0000] {dag.py:3834} INFO - Setting next_dagrun for example_xcom_args_with_operators to None, run_after=None
[2025-10-14T14:48:22.731+0000] {processor.py:183} INFO - Processing /home/airflow/.local/lib/python3.8/site-packages/airflow/example_dags/example_xcomargs.py took 0.064 seconds
[2025-10-14T14:48:53.014+0000] {processor.py:161} INFO - Started process (PID=255) to work on /home/airflow/.local/lib/python3.8/site-packages/airflow/example_dags/example_xcomargs.py
[2025-10-14T14:48:53.015+0000] {processor.py:830} INFO - Processing file /home/airflow/.local/lib/python3.8/site-packages/airflow/example_dags/example_xcomargs.py for tasks to queue
[2025-10-14T14:48:53.017+0000] {logging_mixin.py:188} INFO - [2025-10-14T14:48:53.017+0000] {dagbag.py:540} INFO - Filling up the DagBag from /home/airflow/.local/lib/python3.8/site-packages/airflow/example_dags/example_xcomargs.py
[2025-10-14T14:48:53.026+0000] {processor.py:840} INFO - DAG(s) 'example_xcom_args', 'example_xcom_args_with_operators' retrieved from /home/airflow/.local/lib/python3.8/site-packages/airflow/example_dags/example_xcomargs.py
[2025-10-14T14:48:53.050+0000] {logging_mixin.py:188} INFO - [2025-10-14T14:48:53.050+0000] {dag.py:3047} INFO - Sync 2 DAGs
[2025-10-14T14:48:53.063+0000] {logging_mixin.py:188} INFO - [2025-10-14T14:48:53.063+0000] {dag.py:3834} INFO - Setting next_dagrun for example_xcom_args to None, run_after=None
[2025-10-14T14:48:53.067+0000] {logging_mixin.py:188} INFO - [2025-10-14T14:48:53.066+0000] {dag.py:3834} INFO - Setting next_dagrun for example_xcom_args_with_operators to None, run_after=None
[2025-10-14T14:48:53.084+0000] {processor.py:183} INFO - Processing /home/airflow/.local/lib/python3.8/site-packages/airflow/example_dags/example_xcomargs.py took 0.072 seconds
[2025-10-14T14:49:23.375+0000] {processor.py:161} INFO - Started process (PID=314) to work on /home/airflow/.local/lib/python3.8/site-packages/airflow/example_dags/example_xcomargs.py
[2025-10-14T14:49:23.376+0000] {processor.py:830} INFO - Processing file /home/airflow/.local/lib/python3.8/site-packages/airflow/example_dags/example_xcomargs.py for tasks to queue
[2025-10-14T14:49:23.377+0000] {logging_mixin.py:188} INFO - [2025-10-14T14:49:23.377+0000] {dagbag.py:540} INFO - Filling up the DagBag from /home/airflow/.local/lib/python3.8/site-packages/airflow/example_dags/example_xcomargs.py
[2025-10-14T14:49:23.384+0000] {processor.py:840} INFO - DAG(s) 'example_xcom_args_with_operators', 'example_xcom_args' retrieved from /home/airflow/.local/lib/python3.8/site-packages/airflow/example_dags/example_xcomargs.py
[2025-10-14T14:49:23.404+0000] {logging_mixin.py:188} INFO - [2025-10-14T14:49:23.404+0000] {dag.py:3047} INFO - Sync 2 DAGs
[2025-10-14T14:49:23.416+0000] {logging_mixin.py:188} INFO - [2025-10-14T14:49:23.416+0000] {dag.py:3834} INFO - Setting next_dagrun for example_xcom_args to None, run_after=None
[2025-10-14T14:49:23.419+0000] {logging_mixin.py:188} INFO - [2025-10-14T14:49:23.419+0000] {dag.py:3834} INFO - Setting next_dagrun for example_xcom_args_with_operators to None, run_after=None
[2025-10-14T14:49:23.434+0000] {processor.py:183} INFO - Processing /home/airflow/.local/lib/python3.8/site-packages/airflow/example_dags/example_xcomargs.py took 0.062 seconds
[2025-10-14T14:49:53.646+0000] {processor.py:161} INFO - Started process (PID=373) to work on /home/airflow/.local/lib/python3.8/site-packages/airflow/example_dags/example_xcomargs.py
[2025-10-14T14:49:53.647+0000] {processor.py:830} INFO - Processing file /home/airflow/.local/lib/python3.8/site-packages/airflow/example_dags/example_xcomargs.py for tasks to queue
[2025-10-14T14:49:53.649+0000] {logging_mixin.py:188} INFO - [2025-10-14T14:49:53.649+0000] {dagbag.py:540} INFO - Filling up the DagBag from /home/airflow/.local/lib/python3.8/site-packages/airflow/example_dags/example_xcomargs.py
[2025-10-14T14:49:53.657+0000] {processor.py:840} INFO - DAG(s) 'example_xcom_args', 'example_xcom_args_with_operators' retrieved from /home/airflow/.local/lib/python3.8/site-packages/airflow/example_dags/example_xcomargs.py
[2025-10-14T14:49:53.678+0000] {logging_mixin.py:188} INFO - [2025-10-14T14:49:53.677+0000] {dag.py:3047} INFO - Sync 2 DAGs
[2025-10-14T14:49:53.690+0000] {logging_mixin.py:188} INFO - [2025-10-14T14:49:53.690+0000] {dag.py:3834} INFO - Setting next_dagrun for example_xcom_args to None, run_after=None
[2025-10-14T14:49:53.694+0000] {logging_mixin.py:188} INFO - [2025-10-14T14:49:53.693+0000] {dag.py:3834} INFO - Setting next_dagrun for example_xcom_args_with_operators to None, run_after=None
[2025-10-14T14:49:53.708+0000] {processor.py:183} INFO - Processing /home/airflow/.local/lib/python3.8/site-packages/airflow/example_dags/example_xcomargs.py took 0.065 seconds
[2025-10-14T14:50:24.065+0000] {processor.py:161} INFO - Started process (PID=432) to work on /home/airflow/.local/lib/python3.8/site-packages/airflow/example_dags/example_xcomargs.py
[2025-10-14T14:50:24.066+0000] {processor.py:830} INFO - Processing file /home/airflow/.local/lib/python3.8/site-packages/airflow/example_dags/example_xcomargs.py for tasks to queue
[2025-10-14T14:50:24.068+0000] {logging_mixin.py:188} INFO - [2025-10-14T14:50:24.068+0000] {dagbag.py:540} INFO - Filling up the DagBag from /home/airflow/.local/lib/python3.8/site-packages/airflow/example_dags/example_xcomargs.py
[2025-10-14T14:50:24.077+0000] {processor.py:840} INFO - DAG(s) 'example_xcom_args', 'example_xcom_args_with_operators' retrieved from /home/airflow/.local/lib/python3.8/site-packages/airflow/example_dags/example_xcomargs.py
[2025-10-14T14:50:24.099+0000] {logging_mixin.py:188} INFO - [2025-10-14T14:50:24.099+0000] {dag.py:3047} INFO - Sync 2 DAGs
[2025-10-14T14:50:24.112+0000] {logging_mixin.py:188} INFO - [2025-10-14T14:50:24.112+0000] {dag.py:3834} INFO - Setting next_dagrun for example_xcom_args to None, run_after=None
[2025-10-14T14:50:24.116+0000] {logging_mixin.py:188} INFO - [2025-10-14T14:50:24.116+0000] {dag.py:3834} INFO - Setting next_dagrun for example_xcom_args_with_operators to None, run_after=None
[2025-10-14T14:50:24.132+0000] {processor.py:183} INFO - Processing /home/airflow/.local/lib/python3.8/site-packages/airflow/example_dags/example_xcomargs.py took 0.070 seconds
[2025-10-14T14:50:54.903+0000] {processor.py:161} INFO - Started process (PID=491) to work on /home/airflow/.local/lib/python3.8/site-packages/airflow/example_dags/example_xcomargs.py
[2025-10-14T14:50:54.904+0000] {processor.py:830} INFO - Processing file /home/airflow/.local/lib/python3.8/site-packages/airflow/example_dags/example_xcomargs.py for tasks to queue
[2025-10-14T14:50:54.906+0000] {logging_mixin.py:188} INFO - [2025-10-14T14:50:54.905+0000] {dagbag.py:540} INFO - Filling up the DagBag from /home/airflow/.local/lib/python3.8/site-packages/airflow/example_dags/example_xcomargs.py
[2025-10-14T14:50:54.913+0000] {processor.py:840} INFO - DAG(s) 'example_xcom_args', 'example_xcom_args_with_operators' retrieved from /home/airflow/.local/lib/python3.8/site-packages/airflow/example_dags/example_xcomargs.py
[2025-10-14T14:50:54.934+0000] {logging_mixin.py:188} INFO - [2025-10-14T14:50:54.934+0000] {dag.py:3047} INFO - Sync 2 DAGs
[2025-10-14T14:50:54.945+0000] {logging_mixin.py:188} INFO - [2025-10-14T14:50:54.945+0000] {dag.py:3834} INFO - Setting next_dagrun for example_xcom_args to None, run_after=None
[2025-10-14T14:50:54.948+0000] {logging_mixin.py:188} INFO - [2025-10-14T14:50:54.948+0000] {dag.py:3834} INFO - Setting next_dagrun for example_xcom_args_with_operators to None, run_after=None
[2025-10-14T14:50:54.963+0000] {processor.py:183} INFO - Processing /home/airflow/.local/lib/python3.8/site-packages/airflow/example_dags/example_xcomargs.py took 0.063 seconds
[2025-10-14T14:51:25.061+0000] {processor.py:161} INFO - Started process (PID=551) to work on /home/airflow/.local/lib/python3.8/site-packages/airflow/example_dags/example_xcomargs.py
[2025-10-14T14:51:25.062+0000] {processor.py:830} INFO - Processing file /home/airflow/.local/lib/python3.8/site-packages/airflow/example_dags/example_xcomargs.py for tasks to queue
[2025-10-14T14:51:25.064+0000] {logging_mixin.py:188} INFO - [2025-10-14T14:51:25.064+0000] {dagbag.py:540} INFO - Filling up the DagBag from /home/airflow/.local/lib/python3.8/site-packages/airflow/example_dags/example_xcomargs.py
[2025-10-14T14:51:25.072+0000] {processor.py:840} INFO - DAG(s) 'example_xcom_args', 'example_xcom_args_with_operators' retrieved from /home/airflow/.local/lib/python3.8/site-packages/airflow/example_dags/example_xcomargs.py
[2025-10-14T14:51:25.092+0000] {logging_mixin.py:188} INFO - [2025-10-14T14:51:25.092+0000] {dag.py:3047} INFO - Sync 2 DAGs
[2025-10-14T14:51:25.104+0000] {logging_mixin.py:188} INFO - [2025-10-14T14:51:25.104+0000] {dag.py:3834} INFO - Setting next_dagrun for example_xcom_args to None, run_after=None
[2025-10-14T14:51:25.108+0000] {logging_mixin.py:188} INFO - [2025-10-14T14:51:25.108+0000] {dag.py:3834} INFO - Setting next_dagrun for example_xcom_args_with_operators to None, run_after=None
[2025-10-14T14:51:25.128+0000] {processor.py:183} INFO - Processing /home/airflow/.local/lib/python3.8/site-packages/airflow/example_dags/example_xcomargs.py took 0.071 seconds
[2025-10-14T14:51:55.381+0000] {processor.py:161} INFO - Started process (PID=610) to work on /home/airflow/.local/lib/python3.8/site-packages/airflow/example_dags/example_xcomargs.py
[2025-10-14T14:51:55.381+0000] {processor.py:830} INFO - Processing file /home/airflow/.local/lib/python3.8/site-packages/airflow/example_dags/example_xcomargs.py for tasks to queue
[2025-10-14T14:51:55.383+0000] {logging_mixin.py:188} INFO - [2025-10-14T14:51:55.383+0000] {dagbag.py:540} INFO - Filling up the DagBag from /home/airflow/.local/lib/python3.8/site-packages/airflow/example_dags/example_xcomargs.py
[2025-10-14T14:51:55.392+0000] {processor.py:840} INFO - DAG(s) 'example_xcom_args', 'example_xcom_args_with_operators' retrieved from /home/airflow/.local/lib/python3.8/site-packages/airflow/example_dags/example_xcomargs.py
[2025-10-14T14:51:55.414+0000] {logging_mixin.py:188} INFO - [2025-10-14T14:51:55.414+0000] {dag.py:3047} INFO - Sync 2 DAGs
[2025-10-14T14:51:55.426+0000] {logging_mixin.py:188} INFO - [2025-10-14T14:51:55.425+0000] {dag.py:3834} INFO - Setting next_dagrun for example_xcom_args to None, run_after=None
[2025-10-14T14:51:55.430+0000] {logging_mixin.py:188} INFO - [2025-10-14T14:51:55.430+0000] {dag.py:3834} INFO - Setting next_dagrun for example_xcom_args_with_operators to None, run_after=None
[2025-10-14T14:51:55.451+0000] {processor.py:183} INFO - Processing /home/airflow/.local/lib/python3.8/site-packages/airflow/example_dags/example_xcomargs.py took 0.074 seconds
[2025-10-14T14:52:26.354+0000] {processor.py:161} INFO - Started process (PID=669) to work on /home/airflow/.local/lib/python3.8/site-packages/airflow/example_dags/example_xcomargs.py
[2025-10-14T14:52:26.355+0000] {processor.py:830} INFO - Processing file /home/airflow/.local/lib/python3.8/site-packages/airflow/example_dags/example_xcomargs.py for tasks to queue
[2025-10-14T14:52:26.356+0000] {logging_mixin.py:188} INFO - [2025-10-14T14:52:26.356+0000] {dagbag.py:540} INFO - Filling up the DagBag from /home/airflow/.local/lib/python3.8/site-packages/airflow/example_dags/example_xcomargs.py
[2025-10-14T14:52:26.364+0000] {processor.py:840} INFO - DAG(s) 'example_xcom_args', 'example_xcom_args_with_operators' retrieved from /home/airflow/.local/lib/python3.8/site-packages/airflow/example_dags/example_xcomargs.py
[2025-10-14T14:52:26.384+0000] {logging_mixin.py:188} INFO - [2025-10-14T14:52:26.384+0000] {dag.py:3047} INFO - Sync 2 DAGs
[2025-10-14T14:52:26.396+0000] {logging_mixin.py:188} INFO - [2025-10-14T14:52:26.396+0000] {dag.py:3834} INFO - Setting next_dagrun for example_xcom_args to None, run_after=None
[2025-10-14T14:52:26.400+0000] {logging_mixin.py:188} INFO - [2025-10-14T14:52:26.399+0000] {dag.py:3834} INFO - Setting next_dagrun for example_xcom_args_with_operators to None, run_after=None
[2025-10-14T14:52:26.415+0000] {processor.py:183} INFO - Processing /home/airflow/.local/lib/python3.8/site-packages/airflow/example_dags/example_xcomargs.py took 0.064 seconds
[2025-10-14T14:52:57.424+0000] {processor.py:161} INFO - Started process (PID=728) to work on /home/airflow/.local/lib/python3.8/site-packages/airflow/example_dags/example_xcomargs.py
[2025-10-14T14:52:57.425+0000] {processor.py:830} INFO - Processing file /home/airflow/.local/lib/python3.8/site-packages/airflow/example_dags/example_xcomargs.py for tasks to queue
[2025-10-14T14:52:57.427+0000] {logging_mixin.py:188} INFO - [2025-10-14T14:52:57.427+0000] {dagbag.py:540} INFO - Filling up the DagBag from /home/airflow/.local/lib/python3.8/site-packages/airflow/example_dags/example_xcomargs.py
[2025-10-14T14:52:57.434+0000] {processor.py:840} INFO - DAG(s) 'example_xcom_args_with_operators', 'example_xcom_args' retrieved from /home/airflow/.local/lib/python3.8/site-packages/airflow/example_dags/example_xcomargs.py
[2025-10-14T14:52:57.455+0000] {logging_mixin.py:188} INFO - [2025-10-14T14:52:57.455+0000] {dag.py:3047} INFO - Sync 2 DAGs
[2025-10-14T14:52:57.466+0000] {logging_mixin.py:188} INFO - [2025-10-14T14:52:57.466+0000] {dag.py:3834} INFO - Setting next_dagrun for example_xcom_args to None, run_after=None
[2025-10-14T14:52:57.470+0000] {logging_mixin.py:188} INFO - [2025-10-14T14:52:57.469+0000] {dag.py:3834} INFO - Setting next_dagrun for example_xcom_args_with_operators to None, run_after=None
[2025-10-14T14:52:57.484+0000] {processor.py:183} INFO - Processing /home/airflow/.local/lib/python3.8/site-packages/airflow/example_dags/example_xcomargs.py took 0.062 seconds
[2025-10-14T14:53:27.614+0000] {processor.py:161} INFO - Started process (PID=787) to work on /home/airflow/.local/lib/python3.8/site-packages/airflow/example_dags/example_xcomargs.py
[2025-10-14T14:53:27.615+0000] {processor.py:830} INFO - Processing file /home/airflow/.local/lib/python3.8/site-packages/airflow/example_dags/example_xcomargs.py for tasks to queue
[2025-10-14T14:53:27.617+0000] {logging_mixin.py:188} INFO - [2025-10-14T14:53:27.617+0000] {dagbag.py:540} INFO - Filling up the DagBag from /home/airflow/.local/lib/python3.8/site-packages/airflow/example_dags/example_xcomargs.py
[2025-10-14T14:53:27.625+0000] {processor.py:840} INFO - DAG(s) 'example_xcom_args_with_operators', 'example_xcom_args' retrieved from /home/airflow/.local/lib/python3.8/site-packages/airflow/example_dags/example_xcomargs.py
[2025-10-14T14:53:27.649+0000] {logging_mixin.py:188} INFO - [2025-10-14T14:53:27.649+0000] {dag.py:3047} INFO - Sync 2 DAGs
[2025-10-14T14:53:27.662+0000] {logging_mixin.py:188} INFO - [2025-10-14T14:53:27.662+0000] {dag.py:3834} INFO - Setting next_dagrun for example_xcom_args to None, run_after=None
[2025-10-14T14:53:27.665+0000] {logging_mixin.py:188} INFO - [2025-10-14T14:53:27.665+0000] {dag.py:3834} INFO - Setting next_dagrun for example_xcom_args_with_operators to None, run_after=None
[2025-10-14T14:53:27.682+0000] {processor.py:183} INFO - Processing /home/airflow/.local/lib/python3.8/site-packages/airflow/example_dags/example_xcomargs.py took 0.071 seconds
[2025-10-14T14:53:58.131+0000] {processor.py:161} INFO - Started process (PID=846) to work on /home/airflow/.local/lib/python3.8/site-packages/airflow/example_dags/example_xcomargs.py
[2025-10-14T14:53:58.132+0000] {processor.py:830} INFO - Processing file /home/airflow/.local/lib/python3.8/site-packages/airflow/example_dags/example_xcomargs.py for tasks to queue
[2025-10-14T14:53:58.133+0000] {logging_mixin.py:188} INFO - [2025-10-14T14:53:58.133+0000] {dagbag.py:540} INFO - Filling up the DagBag from /home/airflow/.local/lib/python3.8/site-packages/airflow/example_dags/example_xcomargs.py
[2025-10-14T14:53:58.141+0000] {processor.py:840} INFO - DAG(s) 'example_xcom_args', 'example_xcom_args_with_operators' retrieved from /home/airflow/.local/lib/python3.8/site-packages/airflow/example_dags/example_xcomargs.py
[2025-10-14T14:53:58.162+0000] {logging_mixin.py:188} INFO - [2025-10-14T14:53:58.162+0000] {dag.py:3047} INFO - Sync 2 DAGs
[2025-10-14T14:53:58.174+0000] {logging_mixin.py:188} INFO - [2025-10-14T14:53:58.174+0000] {dag.py:3834} INFO - Setting next_dagrun for example_xcom_args to None, run_after=None
[2025-10-14T14:53:58.178+0000] {logging_mixin.py:188} INFO - [2025-10-14T14:53:58.178+0000] {dag.py:3834} INFO - Setting next_dagrun for example_xcom_args_with_operators to None, run_after=None
[2025-10-14T14:53:58.193+0000] {processor.py:183} INFO - Processing /home/airflow/.local/lib/python3.8/site-packages/airflow/example_dags/example_xcomargs.py took 0.065 seconds
[2025-10-14T14:54:29.108+0000] {processor.py:161} INFO - Started process (PID=905) to work on /home/airflow/.local/lib/python3.8/site-packages/airflow/example_dags/example_xcomargs.py
[2025-10-14T14:54:29.110+0000] {processor.py:830} INFO - Processing file /home/airflow/.local/lib/python3.8/site-packages/airflow/example_dags/example_xcomargs.py for tasks to queue
[2025-10-14T14:54:29.112+0000] {logging_mixin.py:188} INFO - [2025-10-14T14:54:29.111+0000] {dagbag.py:540} INFO - Filling up the DagBag from /home/airflow/.local/lib/python3.8/site-packages/airflow/example_dags/example_xcomargs.py
[2025-10-14T14:54:29.123+0000] {processor.py:840} INFO - DAG(s) 'example_xcom_args_with_operators', 'example_xcom_args' retrieved from /home/airflow/.local/lib/python3.8/site-packages/airflow/example_dags/example_xcomargs.py
[2025-10-14T14:54:29.157+0000] {logging_mixin.py:188} INFO - [2025-10-14T14:54:29.157+0000] {dag.py:3047} INFO - Sync 2 DAGs
[2025-10-14T14:54:29.169+0000] {logging_mixin.py:188} INFO - [2025-10-14T14:54:29.169+0000] {dag.py:3834} INFO - Setting next_dagrun for example_xcom_args to None, run_after=None
[2025-10-14T14:54:29.173+0000] {logging_mixin.py:188} INFO - [2025-10-14T14:54:29.173+0000] {dag.py:3834} INFO - Setting next_dagrun for example_xcom_args_with_operators to None, run_after=None
[2025-10-14T14:54:29.189+0000] {processor.py:183} INFO - Processing /home/airflow/.local/lib/python3.8/site-packages/airflow/example_dags/example_xcomargs.py took 0.085 seconds
[2025-10-14T14:55:00.356+0000] {processor.py:161} INFO - Started process (PID=964) to work on /home/airflow/.local/lib/python3.8/site-packages/airflow/example_dags/example_xcomargs.py
[2025-10-14T14:55:00.357+0000] {processor.py:830} INFO - Processing file /home/airflow/.local/lib/python3.8/site-packages/airflow/example_dags/example_xcomargs.py for tasks to queue
[2025-10-14T14:55:00.359+0000] {logging_mixin.py:188} INFO - [2025-10-14T14:55:00.359+0000] {dagbag.py:540} INFO - Filling up the DagBag from /home/airflow/.local/lib/python3.8/site-packages/airflow/example_dags/example_xcomargs.py
[2025-10-14T14:55:00.368+0000] {processor.py:840} INFO - DAG(s) 'example_xcom_args_with_operators', 'example_xcom_args' retrieved from /home/airflow/.local/lib/python3.8/site-packages/airflow/example_dags/example_xcomargs.py
[2025-10-14T14:55:00.391+0000] {logging_mixin.py:188} INFO - [2025-10-14T14:55:00.391+0000] {dag.py:3047} INFO - Sync 2 DAGs
[2025-10-14T14:55:00.403+0000] {logging_mixin.py:188} INFO - [2025-10-14T14:55:00.403+0000] {dag.py:3834} INFO - Setting next_dagrun for example_xcom_args to None, run_after=None
[2025-10-14T14:55:00.407+0000] {logging_mixin.py:188} INFO - [2025-10-14T14:55:00.407+0000] {dag.py:3834} INFO - Setting next_dagrun for example_xcom_args_with_operators to None, run_after=None
[2025-10-14T14:55:00.423+0000] {processor.py:183} INFO - Processing /home/airflow/.local/lib/python3.8/site-packages/airflow/example_dags/example_xcomargs.py took 0.071 seconds
[2025-10-14T14:55:31.059+0000] {processor.py:161} INFO - Started process (PID=1023) to work on /home/airflow/.local/lib/python3.8/site-packages/airflow/example_dags/example_xcomargs.py
[2025-10-14T14:55:31.060+0000] {processor.py:830} INFO - Processing file /home/airflow/.local/lib/python3.8/site-packages/airflow/example_dags/example_xcomargs.py for tasks to queue
[2025-10-14T14:55:31.062+0000] {logging_mixin.py:188} INFO - [2025-10-14T14:55:31.062+0000] {dagbag.py:540} INFO - Filling up the DagBag from /home/airflow/.local/lib/python3.8/site-packages/airflow/example_dags/example_xcomargs.py
[2025-10-14T14:55:31.071+0000] {processor.py:840} INFO - DAG(s) 'example_xcom_args', 'example_xcom_args_with_operators' retrieved from /home/airflow/.local/lib/python3.8/site-packages/airflow/example_dags/example_xcomargs.py
[2025-10-14T14:55:31.095+0000] {logging_mixin.py:188} INFO - [2025-10-14T14:55:31.095+0000] {dag.py:3047} INFO - Sync 2 DAGs
[2025-10-14T14:55:31.107+0000] {logging_mixin.py:188} INFO - [2025-10-14T14:55:31.107+0000] {dag.py:3834} INFO - Setting next_dagrun for example_xcom_args to None, run_after=None
[2025-10-14T14:55:31.111+0000] {logging_mixin.py:188} INFO - [2025-10-14T14:55:31.111+0000] {dag.py:3834} INFO - Setting next_dagrun for example_xcom_args_with_operators to None, run_after=None
[2025-10-14T14:55:31.128+0000] {processor.py:183} INFO - Processing /home/airflow/.local/lib/python3.8/site-packages/airflow/example_dags/example_xcomargs.py took 0.072 seconds
