[2025-10-14T14:44:57.581+0000] {processor.py:161} INFO - Started process (PID=101) to work on /home/airflow/.local/lib/python3.8/site-packages/airflow/example_dags/example_skip_dag.py
[2025-10-14T14:44:57.582+0000] {processor.py:830} INFO - Processing file /home/airflow/.local/lib/python3.8/site-packages/airflow/example_dags/example_skip_dag.py for tasks to queue
[2025-10-14T14:44:57.584+0000] {logging_mixin.py:188} INFO - [2025-10-14T14:44:57.583+0000] {dagbag.py:540} INFO - Filling up the DagBag from /home/airflow/.local/lib/python3.8/site-packages/airflow/example_dags/example_skip_dag.py
[2025-10-14T14:44:57.592+0000] {processor.py:840} INFO - DAG(s) 'example_skip_dag' retrieved from /home/airflow/.local/lib/python3.8/site-packages/airflow/example_dags/example_skip_dag.py
[2025-10-14T14:44:57.686+0000] {logging_mixin.py:188} INFO - [2025-10-14T14:44:57.686+0000] {override.py:1769} INFO - Created Permission View: can edit on DAG:example_skip_dag
[2025-10-14T14:44:57.695+0000] {logging_mixin.py:188} INFO - [2025-10-14T14:44:57.695+0000] {override.py:1769} INFO - Created Permission View: can delete on DAG:example_skip_dag
[2025-10-14T14:44:57.701+0000] {logging_mixin.py:188} INFO - [2025-10-14T14:44:57.700+0000] {override.py:1769} INFO - Created Permission View: can read on DAG:example_skip_dag
[2025-10-14T14:44:57.701+0000] {logging_mixin.py:188} INFO - [2025-10-14T14:44:57.701+0000] {dag.py:3047} INFO - Sync 1 DAGs
[2025-10-14T14:44:57.711+0000] {logging_mixin.py:188} INFO - [2025-10-14T14:44:57.711+0000] {dag.py:3069} INFO - Creating ORM DAG for example_skip_dag
[2025-10-14T14:44:57.720+0000] {logging_mixin.py:188} INFO - [2025-10-14T14:44:57.720+0000] {dag.py:3834} INFO - Setting next_dagrun for example_skip_dag to 2025-10-13 00:00:00+00:00, run_after=2025-10-14 00:00:00+00:00
[2025-10-14T14:44:57.737+0000] {processor.py:183} INFO - Processing /home/airflow/.local/lib/python3.8/site-packages/airflow/example_dags/example_skip_dag.py took 0.159 seconds
[2025-10-14T14:45:28.104+0000] {processor.py:161} INFO - Started process (PID=160) to work on /home/airflow/.local/lib/python3.8/site-packages/airflow/example_dags/example_skip_dag.py
[2025-10-14T14:45:28.105+0000] {processor.py:830} INFO - Processing file /home/airflow/.local/lib/python3.8/site-packages/airflow/example_dags/example_skip_dag.py for tasks to queue
[2025-10-14T14:45:28.107+0000] {logging_mixin.py:188} INFO - [2025-10-14T14:45:28.106+0000] {dagbag.py:540} INFO - Filling up the DagBag from /home/airflow/.local/lib/python3.8/site-packages/airflow/example_dags/example_skip_dag.py
[2025-10-14T14:45:28.113+0000] {processor.py:840} INFO - DAG(s) 'example_skip_dag' retrieved from /home/airflow/.local/lib/python3.8/site-packages/airflow/example_dags/example_skip_dag.py
[2025-10-14T14:45:28.131+0000] {logging_mixin.py:188} INFO - [2025-10-14T14:45:28.131+0000] {dag.py:3047} INFO - Sync 1 DAGs
[2025-10-14T14:45:28.151+0000] {logging_mixin.py:188} INFO - [2025-10-14T14:45:28.151+0000] {dag.py:3834} INFO - Setting next_dagrun for example_skip_dag to 2025-10-13 00:00:00+00:00, run_after=2025-10-14 00:00:00+00:00
[2025-10-14T14:45:28.167+0000] {processor.py:183} INFO - Processing /home/airflow/.local/lib/python3.8/site-packages/airflow/example_dags/example_skip_dag.py took 0.066 seconds
[2025-10-14T14:45:58.598+0000] {processor.py:161} INFO - Started process (PID=219) to work on /home/airflow/.local/lib/python3.8/site-packages/airflow/example_dags/example_skip_dag.py
[2025-10-14T14:45:58.599+0000] {processor.py:830} INFO - Processing file /home/airflow/.local/lib/python3.8/site-packages/airflow/example_dags/example_skip_dag.py for tasks to queue
[2025-10-14T14:45:58.601+0000] {logging_mixin.py:188} INFO - [2025-10-14T14:45:58.601+0000] {dagbag.py:540} INFO - Filling up the DagBag from /home/airflow/.local/lib/python3.8/site-packages/airflow/example_dags/example_skip_dag.py
[2025-10-14T14:45:58.607+0000] {processor.py:840} INFO - DAG(s) 'example_skip_dag' retrieved from /home/airflow/.local/lib/python3.8/site-packages/airflow/example_dags/example_skip_dag.py
[2025-10-14T14:45:58.625+0000] {logging_mixin.py:188} INFO - [2025-10-14T14:45:58.624+0000] {dag.py:3047} INFO - Sync 1 DAGs
[2025-10-14T14:45:58.646+0000] {logging_mixin.py:188} INFO - [2025-10-14T14:45:58.645+0000] {dag.py:3834} INFO - Setting next_dagrun for example_skip_dag to 2025-10-13 00:00:00+00:00, run_after=2025-10-14 00:00:00+00:00
[2025-10-14T14:45:58.660+0000] {processor.py:183} INFO - Processing /home/airflow/.local/lib/python3.8/site-packages/airflow/example_dags/example_skip_dag.py took 0.065 seconds
[2025-10-14T14:47:49.497+0000] {processor.py:161} INFO - Started process (PID=100) to work on /home/airflow/.local/lib/python3.8/site-packages/airflow/example_dags/example_skip_dag.py
[2025-10-14T14:47:49.498+0000] {processor.py:830} INFO - Processing file /home/airflow/.local/lib/python3.8/site-packages/airflow/example_dags/example_skip_dag.py for tasks to queue
[2025-10-14T14:47:49.500+0000] {logging_mixin.py:188} INFO - [2025-10-14T14:47:49.500+0000] {dagbag.py:540} INFO - Filling up the DagBag from /home/airflow/.local/lib/python3.8/site-packages/airflow/example_dags/example_skip_dag.py
[2025-10-14T14:47:49.514+0000] {processor.py:840} INFO - DAG(s) 'example_skip_dag' retrieved from /home/airflow/.local/lib/python3.8/site-packages/airflow/example_dags/example_skip_dag.py
[2025-10-14T14:47:49.631+0000] {logging_mixin.py:188} INFO - [2025-10-14T14:47:49.631+0000] {dag.py:3047} INFO - Sync 1 DAGs
[2025-10-14T14:47:49.651+0000] {logging_mixin.py:188} INFO - [2025-10-14T14:47:49.651+0000] {dag.py:3834} INFO - Setting next_dagrun for example_skip_dag to 2025-10-13 00:00:00+00:00, run_after=2025-10-14 00:00:00+00:00
[2025-10-14T14:47:49.675+0000] {processor.py:183} INFO - Processing /home/airflow/.local/lib/python3.8/site-packages/airflow/example_dags/example_skip_dag.py took 0.181 seconds
[2025-10-14T14:48:20.000+0000] {processor.py:161} INFO - Started process (PID=159) to work on /home/airflow/.local/lib/python3.8/site-packages/airflow/example_dags/example_skip_dag.py
[2025-10-14T14:48:20.001+0000] {processor.py:830} INFO - Processing file /home/airflow/.local/lib/python3.8/site-packages/airflow/example_dags/example_skip_dag.py for tasks to queue
[2025-10-14T14:48:20.003+0000] {logging_mixin.py:188} INFO - [2025-10-14T14:48:20.002+0000] {dagbag.py:540} INFO - Filling up the DagBag from /home/airflow/.local/lib/python3.8/site-packages/airflow/example_dags/example_skip_dag.py
[2025-10-14T14:48:20.009+0000] {processor.py:840} INFO - DAG(s) 'example_skip_dag' retrieved from /home/airflow/.local/lib/python3.8/site-packages/airflow/example_dags/example_skip_dag.py
[2025-10-14T14:48:20.028+0000] {logging_mixin.py:188} INFO - [2025-10-14T14:48:20.028+0000] {dag.py:3047} INFO - Sync 1 DAGs
[2025-10-14T14:48:20.049+0000] {logging_mixin.py:188} INFO - [2025-10-14T14:48:20.049+0000] {dag.py:3834} INFO - Setting next_dagrun for example_skip_dag to 2025-10-13 00:00:00+00:00, run_after=2025-10-14 00:00:00+00:00
[2025-10-14T14:48:20.066+0000] {processor.py:183} INFO - Processing /home/airflow/.local/lib/python3.8/site-packages/airflow/example_dags/example_skip_dag.py took 0.069 seconds
[2025-10-14T14:48:50.288+0000] {processor.py:161} INFO - Started process (PID=218) to work on /home/airflow/.local/lib/python3.8/site-packages/airflow/example_dags/example_skip_dag.py
[2025-10-14T14:48:50.289+0000] {processor.py:830} INFO - Processing file /home/airflow/.local/lib/python3.8/site-packages/airflow/example_dags/example_skip_dag.py for tasks to queue
[2025-10-14T14:48:50.291+0000] {logging_mixin.py:188} INFO - [2025-10-14T14:48:50.290+0000] {dagbag.py:540} INFO - Filling up the DagBag from /home/airflow/.local/lib/python3.8/site-packages/airflow/example_dags/example_skip_dag.py
[2025-10-14T14:48:50.298+0000] {processor.py:840} INFO - DAG(s) 'example_skip_dag' retrieved from /home/airflow/.local/lib/python3.8/site-packages/airflow/example_dags/example_skip_dag.py
[2025-10-14T14:48:50.318+0000] {logging_mixin.py:188} INFO - [2025-10-14T14:48:50.318+0000] {dag.py:3047} INFO - Sync 1 DAGs
[2025-10-14T14:48:50.338+0000] {logging_mixin.py:188} INFO - [2025-10-14T14:48:50.338+0000] {dag.py:3834} INFO - Setting next_dagrun for example_skip_dag to 2025-10-13 00:00:00+00:00, run_after=2025-10-14 00:00:00+00:00
[2025-10-14T14:48:50.353+0000] {processor.py:183} INFO - Processing /home/airflow/.local/lib/python3.8/site-packages/airflow/example_dags/example_skip_dag.py took 0.069 seconds
[2025-10-14T14:49:20.597+0000] {processor.py:161} INFO - Started process (PID=277) to work on /home/airflow/.local/lib/python3.8/site-packages/airflow/example_dags/example_skip_dag.py
[2025-10-14T14:49:20.598+0000] {processor.py:830} INFO - Processing file /home/airflow/.local/lib/python3.8/site-packages/airflow/example_dags/example_skip_dag.py for tasks to queue
[2025-10-14T14:49:20.600+0000] {logging_mixin.py:188} INFO - [2025-10-14T14:49:20.600+0000] {dagbag.py:540} INFO - Filling up the DagBag from /home/airflow/.local/lib/python3.8/site-packages/airflow/example_dags/example_skip_dag.py
[2025-10-14T14:49:20.606+0000] {processor.py:840} INFO - DAG(s) 'example_skip_dag' retrieved from /home/airflow/.local/lib/python3.8/site-packages/airflow/example_dags/example_skip_dag.py
[2025-10-14T14:49:20.626+0000] {logging_mixin.py:188} INFO - [2025-10-14T14:49:20.626+0000] {dag.py:3047} INFO - Sync 1 DAGs
[2025-10-14T14:49:20.646+0000] {logging_mixin.py:188} INFO - [2025-10-14T14:49:20.646+0000] {dag.py:3834} INFO - Setting next_dagrun for example_skip_dag to 2025-10-13 00:00:00+00:00, run_after=2025-10-14 00:00:00+00:00
[2025-10-14T14:49:20.663+0000] {processor.py:183} INFO - Processing /home/airflow/.local/lib/python3.8/site-packages/airflow/example_dags/example_skip_dag.py took 0.069 seconds
[2025-10-14T14:49:51.677+0000] {processor.py:161} INFO - Started process (PID=342) to work on /home/airflow/.local/lib/python3.8/site-packages/airflow/example_dags/example_skip_dag.py
[2025-10-14T14:49:51.678+0000] {processor.py:830} INFO - Processing file /home/airflow/.local/lib/python3.8/site-packages/airflow/example_dags/example_skip_dag.py for tasks to queue
[2025-10-14T14:49:51.679+0000] {logging_mixin.py:188} INFO - [2025-10-14T14:49:51.679+0000] {dagbag.py:540} INFO - Filling up the DagBag from /home/airflow/.local/lib/python3.8/site-packages/airflow/example_dags/example_skip_dag.py
[2025-10-14T14:49:51.686+0000] {processor.py:840} INFO - DAG(s) 'example_skip_dag' retrieved from /home/airflow/.local/lib/python3.8/site-packages/airflow/example_dags/example_skip_dag.py
[2025-10-14T14:49:51.706+0000] {logging_mixin.py:188} INFO - [2025-10-14T14:49:51.705+0000] {dag.py:3047} INFO - Sync 1 DAGs
[2025-10-14T14:49:51.729+0000] {logging_mixin.py:188} INFO - [2025-10-14T14:49:51.729+0000] {dag.py:3834} INFO - Setting next_dagrun for example_skip_dag to 2025-10-13 00:00:00+00:00, run_after=2025-10-14 00:00:00+00:00
[2025-10-14T14:49:51.747+0000] {processor.py:183} INFO - Processing /home/airflow/.local/lib/python3.8/site-packages/airflow/example_dags/example_skip_dag.py took 0.074 seconds
[2025-10-14T14:50:21.976+0000] {processor.py:161} INFO - Started process (PID=401) to work on /home/airflow/.local/lib/python3.8/site-packages/airflow/example_dags/example_skip_dag.py
[2025-10-14T14:50:21.977+0000] {processor.py:830} INFO - Processing file /home/airflow/.local/lib/python3.8/site-packages/airflow/example_dags/example_skip_dag.py for tasks to queue
[2025-10-14T14:50:21.978+0000] {logging_mixin.py:188} INFO - [2025-10-14T14:50:21.978+0000] {dagbag.py:540} INFO - Filling up the DagBag from /home/airflow/.local/lib/python3.8/site-packages/airflow/example_dags/example_skip_dag.py
[2025-10-14T14:50:21.986+0000] {processor.py:840} INFO - DAG(s) 'example_skip_dag' retrieved from /home/airflow/.local/lib/python3.8/site-packages/airflow/example_dags/example_skip_dag.py
[2025-10-14T14:50:22.004+0000] {logging_mixin.py:188} INFO - [2025-10-14T14:50:22.004+0000] {dag.py:3047} INFO - Sync 1 DAGs
[2025-10-14T14:50:22.024+0000] {logging_mixin.py:188} INFO - [2025-10-14T14:50:22.023+0000] {dag.py:3834} INFO - Setting next_dagrun for example_skip_dag to 2025-10-13 00:00:00+00:00, run_after=2025-10-14 00:00:00+00:00
[2025-10-14T14:50:22.039+0000] {processor.py:183} INFO - Processing /home/airflow/.local/lib/python3.8/site-packages/airflow/example_dags/example_skip_dag.py took 0.066 seconds
[2025-10-14T14:50:52.063+0000] {processor.py:161} INFO - Started process (PID=458) to work on /home/airflow/.local/lib/python3.8/site-packages/airflow/example_dags/example_skip_dag.py
[2025-10-14T14:50:52.064+0000] {processor.py:830} INFO - Processing file /home/airflow/.local/lib/python3.8/site-packages/airflow/example_dags/example_skip_dag.py for tasks to queue
[2025-10-14T14:50:52.066+0000] {logging_mixin.py:188} INFO - [2025-10-14T14:50:52.065+0000] {dagbag.py:540} INFO - Filling up the DagBag from /home/airflow/.local/lib/python3.8/site-packages/airflow/example_dags/example_skip_dag.py
[2025-10-14T14:50:52.072+0000] {processor.py:840} INFO - DAG(s) 'example_skip_dag' retrieved from /home/airflow/.local/lib/python3.8/site-packages/airflow/example_dags/example_skip_dag.py
[2025-10-14T14:50:52.091+0000] {logging_mixin.py:188} INFO - [2025-10-14T14:50:52.091+0000] {dag.py:3047} INFO - Sync 1 DAGs
[2025-10-14T14:50:52.110+0000] {logging_mixin.py:188} INFO - [2025-10-14T14:50:52.110+0000] {dag.py:3834} INFO - Setting next_dagrun for example_skip_dag to 2025-10-13 00:00:00+00:00, run_after=2025-10-14 00:00:00+00:00
[2025-10-14T14:50:52.129+0000] {processor.py:183} INFO - Processing /home/airflow/.local/lib/python3.8/site-packages/airflow/example_dags/example_skip_dag.py took 0.069 seconds
[2025-10-14T14:51:22.188+0000] {processor.py:161} INFO - Started process (PID=518) to work on /home/airflow/.local/lib/python3.8/site-packages/airflow/example_dags/example_skip_dag.py
[2025-10-14T14:51:22.189+0000] {processor.py:830} INFO - Processing file /home/airflow/.local/lib/python3.8/site-packages/airflow/example_dags/example_skip_dag.py for tasks to queue
[2025-10-14T14:51:22.190+0000] {logging_mixin.py:188} INFO - [2025-10-14T14:51:22.190+0000] {dagbag.py:540} INFO - Filling up the DagBag from /home/airflow/.local/lib/python3.8/site-packages/airflow/example_dags/example_skip_dag.py
[2025-10-14T14:51:22.197+0000] {processor.py:840} INFO - DAG(s) 'example_skip_dag' retrieved from /home/airflow/.local/lib/python3.8/site-packages/airflow/example_dags/example_skip_dag.py
[2025-10-14T14:51:22.215+0000] {logging_mixin.py:188} INFO - [2025-10-14T14:51:22.215+0000] {dag.py:3047} INFO - Sync 1 DAGs
[2025-10-14T14:51:22.235+0000] {logging_mixin.py:188} INFO - [2025-10-14T14:51:22.234+0000] {dag.py:3834} INFO - Setting next_dagrun for example_skip_dag to 2025-10-13 00:00:00+00:00, run_after=2025-10-14 00:00:00+00:00
[2025-10-14T14:51:22.252+0000] {processor.py:183} INFO - Processing /home/airflow/.local/lib/python3.8/site-packages/airflow/example_dags/example_skip_dag.py took 0.068 seconds
[2025-10-14T14:51:52.370+0000] {processor.py:161} INFO - Started process (PID=577) to work on /home/airflow/.local/lib/python3.8/site-packages/airflow/example_dags/example_skip_dag.py
[2025-10-14T14:51:52.371+0000] {processor.py:830} INFO - Processing file /home/airflow/.local/lib/python3.8/site-packages/airflow/example_dags/example_skip_dag.py for tasks to queue
[2025-10-14T14:51:52.373+0000] {logging_mixin.py:188} INFO - [2025-10-14T14:51:52.372+0000] {dagbag.py:540} INFO - Filling up the DagBag from /home/airflow/.local/lib/python3.8/site-packages/airflow/example_dags/example_skip_dag.py
[2025-10-14T14:51:52.379+0000] {processor.py:840} INFO - DAG(s) 'example_skip_dag' retrieved from /home/airflow/.local/lib/python3.8/site-packages/airflow/example_dags/example_skip_dag.py
[2025-10-14T14:51:52.397+0000] {logging_mixin.py:188} INFO - [2025-10-14T14:51:52.397+0000] {dag.py:3047} INFO - Sync 1 DAGs
[2025-10-14T14:51:52.416+0000] {logging_mixin.py:188} INFO - [2025-10-14T14:51:52.416+0000] {dag.py:3834} INFO - Setting next_dagrun for example_skip_dag to 2025-10-13 00:00:00+00:00, run_after=2025-10-14 00:00:00+00:00
[2025-10-14T14:51:52.433+0000] {processor.py:183} INFO - Processing /home/airflow/.local/lib/python3.8/site-packages/airflow/example_dags/example_skip_dag.py took 0.065 seconds
[2025-10-14T14:52:22.661+0000] {processor.py:161} INFO - Started process (PID=636) to work on /home/airflow/.local/lib/python3.8/site-packages/airflow/example_dags/example_skip_dag.py
[2025-10-14T14:52:22.662+0000] {processor.py:830} INFO - Processing file /home/airflow/.local/lib/python3.8/site-packages/airflow/example_dags/example_skip_dag.py for tasks to queue
[2025-10-14T14:52:22.664+0000] {logging_mixin.py:188} INFO - [2025-10-14T14:52:22.664+0000] {dagbag.py:540} INFO - Filling up the DagBag from /home/airflow/.local/lib/python3.8/site-packages/airflow/example_dags/example_skip_dag.py
[2025-10-14T14:52:22.670+0000] {processor.py:840} INFO - DAG(s) 'example_skip_dag' retrieved from /home/airflow/.local/lib/python3.8/site-packages/airflow/example_dags/example_skip_dag.py
[2025-10-14T14:52:22.689+0000] {logging_mixin.py:188} INFO - [2025-10-14T14:52:22.689+0000] {dag.py:3047} INFO - Sync 1 DAGs
[2025-10-14T14:52:22.708+0000] {logging_mixin.py:188} INFO - [2025-10-14T14:52:22.708+0000] {dag.py:3834} INFO - Setting next_dagrun for example_skip_dag to 2025-10-13 00:00:00+00:00, run_after=2025-10-14 00:00:00+00:00
[2025-10-14T14:52:22.724+0000] {processor.py:183} INFO - Processing /home/airflow/.local/lib/python3.8/site-packages/airflow/example_dags/example_skip_dag.py took 0.066 seconds
[2025-10-14T14:52:53.573+0000] {processor.py:161} INFO - Started process (PID=695) to work on /home/airflow/.local/lib/python3.8/site-packages/airflow/example_dags/example_skip_dag.py
[2025-10-14T14:52:53.574+0000] {processor.py:830} INFO - Processing file /home/airflow/.local/lib/python3.8/site-packages/airflow/example_dags/example_skip_dag.py for tasks to queue
[2025-10-14T14:52:53.576+0000] {logging_mixin.py:188} INFO - [2025-10-14T14:52:53.576+0000] {dagbag.py:540} INFO - Filling up the DagBag from /home/airflow/.local/lib/python3.8/site-packages/airflow/example_dags/example_skip_dag.py
[2025-10-14T14:52:53.583+0000] {processor.py:840} INFO - DAG(s) 'example_skip_dag' retrieved from /home/airflow/.local/lib/python3.8/site-packages/airflow/example_dags/example_skip_dag.py
[2025-10-14T14:52:53.603+0000] {logging_mixin.py:188} INFO - [2025-10-14T14:52:53.602+0000] {dag.py:3047} INFO - Sync 1 DAGs
[2025-10-14T14:52:53.622+0000] {logging_mixin.py:188} INFO - [2025-10-14T14:52:53.622+0000] {dag.py:3834} INFO - Setting next_dagrun for example_skip_dag to 2025-10-13 00:00:00+00:00, run_after=2025-10-14 00:00:00+00:00
[2025-10-14T14:52:53.644+0000] {processor.py:183} INFO - Processing /home/airflow/.local/lib/python3.8/site-packages/airflow/example_dags/example_skip_dag.py took 0.074 seconds
[2025-10-14T14:53:23.751+0000] {processor.py:161} INFO - Started process (PID=754) to work on /home/airflow/.local/lib/python3.8/site-packages/airflow/example_dags/example_skip_dag.py
[2025-10-14T14:53:23.752+0000] {processor.py:830} INFO - Processing file /home/airflow/.local/lib/python3.8/site-packages/airflow/example_dags/example_skip_dag.py for tasks to queue
[2025-10-14T14:53:23.754+0000] {logging_mixin.py:188} INFO - [2025-10-14T14:53:23.754+0000] {dagbag.py:540} INFO - Filling up the DagBag from /home/airflow/.local/lib/python3.8/site-packages/airflow/example_dags/example_skip_dag.py
[2025-10-14T14:53:23.760+0000] {processor.py:840} INFO - DAG(s) 'example_skip_dag' retrieved from /home/airflow/.local/lib/python3.8/site-packages/airflow/example_dags/example_skip_dag.py
[2025-10-14T14:53:23.778+0000] {logging_mixin.py:188} INFO - [2025-10-14T14:53:23.778+0000] {dag.py:3047} INFO - Sync 1 DAGs
[2025-10-14T14:53:23.797+0000] {logging_mixin.py:188} INFO - [2025-10-14T14:53:23.797+0000] {dag.py:3834} INFO - Setting next_dagrun for example_skip_dag to 2025-10-13 00:00:00+00:00, run_after=2025-10-14 00:00:00+00:00
[2025-10-14T14:53:23.815+0000] {processor.py:183} INFO - Processing /home/airflow/.local/lib/python3.8/site-packages/airflow/example_dags/example_skip_dag.py took 0.066 seconds
[2025-10-14T14:53:54.005+0000] {processor.py:161} INFO - Started process (PID=813) to work on /home/airflow/.local/lib/python3.8/site-packages/airflow/example_dags/example_skip_dag.py
[2025-10-14T14:53:54.007+0000] {processor.py:830} INFO - Processing file /home/airflow/.local/lib/python3.8/site-packages/airflow/example_dags/example_skip_dag.py for tasks to queue
[2025-10-14T14:53:54.008+0000] {logging_mixin.py:188} INFO - [2025-10-14T14:53:54.008+0000] {dagbag.py:540} INFO - Filling up the DagBag from /home/airflow/.local/lib/python3.8/site-packages/airflow/example_dags/example_skip_dag.py
[2025-10-14T14:53:54.014+0000] {processor.py:840} INFO - DAG(s) 'example_skip_dag' retrieved from /home/airflow/.local/lib/python3.8/site-packages/airflow/example_dags/example_skip_dag.py
[2025-10-14T14:53:54.033+0000] {logging_mixin.py:188} INFO - [2025-10-14T14:53:54.033+0000] {dag.py:3047} INFO - Sync 1 DAGs
[2025-10-14T14:53:54.063+0000] {logging_mixin.py:188} INFO - [2025-10-14T14:53:54.062+0000] {dag.py:3834} INFO - Setting next_dagrun for example_skip_dag to 2025-10-13 00:00:00+00:00, run_after=2025-10-14 00:00:00+00:00
[2025-10-14T14:53:54.080+0000] {processor.py:183} INFO - Processing /home/airflow/.local/lib/python3.8/site-packages/airflow/example_dags/example_skip_dag.py took 0.077 seconds
[2025-10-14T14:54:24.209+0000] {processor.py:161} INFO - Started process (PID=872) to work on /home/airflow/.local/lib/python3.8/site-packages/airflow/example_dags/example_skip_dag.py
[2025-10-14T14:54:24.210+0000] {processor.py:830} INFO - Processing file /home/airflow/.local/lib/python3.8/site-packages/airflow/example_dags/example_skip_dag.py for tasks to queue
[2025-10-14T14:54:24.212+0000] {logging_mixin.py:188} INFO - [2025-10-14T14:54:24.212+0000] {dagbag.py:540} INFO - Filling up the DagBag from /home/airflow/.local/lib/python3.8/site-packages/airflow/example_dags/example_skip_dag.py
[2025-10-14T14:54:24.218+0000] {processor.py:840} INFO - DAG(s) 'example_skip_dag' retrieved from /home/airflow/.local/lib/python3.8/site-packages/airflow/example_dags/example_skip_dag.py
[2025-10-14T14:54:24.237+0000] {logging_mixin.py:188} INFO - [2025-10-14T14:54:24.237+0000] {dag.py:3047} INFO - Sync 1 DAGs
[2025-10-14T14:54:24.256+0000] {logging_mixin.py:188} INFO - [2025-10-14T14:54:24.256+0000] {dag.py:3834} INFO - Setting next_dagrun for example_skip_dag to 2025-10-13 00:00:00+00:00, run_after=2025-10-14 00:00:00+00:00
[2025-10-14T14:54:24.282+0000] {processor.py:183} INFO - Processing /home/airflow/.local/lib/python3.8/site-packages/airflow/example_dags/example_skip_dag.py took 0.075 seconds
[2025-10-14T14:54:54.358+0000] {processor.py:161} INFO - Started process (PID=931) to work on /home/airflow/.local/lib/python3.8/site-packages/airflow/example_dags/example_skip_dag.py
[2025-10-14T14:54:54.359+0000] {processor.py:830} INFO - Processing file /home/airflow/.local/lib/python3.8/site-packages/airflow/example_dags/example_skip_dag.py for tasks to queue
[2025-10-14T14:54:54.361+0000] {logging_mixin.py:188} INFO - [2025-10-14T14:54:54.361+0000] {dagbag.py:540} INFO - Filling up the DagBag from /home/airflow/.local/lib/python3.8/site-packages/airflow/example_dags/example_skip_dag.py
[2025-10-14T14:54:54.367+0000] {processor.py:840} INFO - DAG(s) 'example_skip_dag' retrieved from /home/airflow/.local/lib/python3.8/site-packages/airflow/example_dags/example_skip_dag.py
[2025-10-14T14:54:54.387+0000] {logging_mixin.py:188} INFO - [2025-10-14T14:54:54.387+0000] {dag.py:3047} INFO - Sync 1 DAGs
[2025-10-14T14:54:54.407+0000] {logging_mixin.py:188} INFO - [2025-10-14T14:54:54.407+0000] {dag.py:3834} INFO - Setting next_dagrun for example_skip_dag to 2025-10-13 00:00:00+00:00, run_after=2025-10-14 00:00:00+00:00
[2025-10-14T14:54:54.426+0000] {processor.py:183} INFO - Processing /home/airflow/.local/lib/python3.8/site-packages/airflow/example_dags/example_skip_dag.py took 0.071 seconds
[2025-10-14T14:55:24.693+0000] {processor.py:161} INFO - Started process (PID=990) to work on /home/airflow/.local/lib/python3.8/site-packages/airflow/example_dags/example_skip_dag.py
[2025-10-14T14:55:24.694+0000] {processor.py:830} INFO - Processing file /home/airflow/.local/lib/python3.8/site-packages/airflow/example_dags/example_skip_dag.py for tasks to queue
[2025-10-14T14:55:24.696+0000] {logging_mixin.py:188} INFO - [2025-10-14T14:55:24.695+0000] {dagbag.py:540} INFO - Filling up the DagBag from /home/airflow/.local/lib/python3.8/site-packages/airflow/example_dags/example_skip_dag.py
[2025-10-14T14:55:24.702+0000] {processor.py:840} INFO - DAG(s) 'example_skip_dag' retrieved from /home/airflow/.local/lib/python3.8/site-packages/airflow/example_dags/example_skip_dag.py
[2025-10-14T14:55:24.721+0000] {logging_mixin.py:188} INFO - [2025-10-14T14:55:24.721+0000] {dag.py:3047} INFO - Sync 1 DAGs
[2025-10-14T14:55:24.740+0000] {logging_mixin.py:188} INFO - [2025-10-14T14:55:24.740+0000] {dag.py:3834} INFO - Setting next_dagrun for example_skip_dag to 2025-10-13 00:00:00+00:00, run_after=2025-10-14 00:00:00+00:00
[2025-10-14T14:55:24.758+0000] {processor.py:183} INFO - Processing /home/airflow/.local/lib/python3.8/site-packages/airflow/example_dags/example_skip_dag.py took 0.069 seconds
