[2025-10-14T14:44:57.199+0000] {processor.py:161} INFO - Started process (PID=96) to work on /home/airflow/.local/lib/python3.8/site-packages/airflow/example_dags/example_local_kubernetes_executor.py
[2025-10-14T14:44:57.200+0000] {processor.py:830} INFO - Processing file /home/airflow/.local/lib/python3.8/site-packages/airflow/example_dags/example_local_kubernetes_executor.py for tasks to queue
[2025-10-14T14:44:57.201+0000] {logging_mixin.py:188} INFO - [2025-10-14T14:44:57.201+0000] {dagbag.py:540} INFO - Filling up the DagBag from /home/airflow/.local/lib/python3.8/site-packages/airflow/example_dags/example_local_kubernetes_executor.py
[2025-10-14T14:44:57.211+0000] {processor.py:840} INFO - DAG(s) 'example_local_kubernetes_executor' retrieved from /home/airflow/.local/lib/python3.8/site-packages/airflow/example_dags/example_local_kubernetes_executor.py
[2025-10-14T14:44:57.323+0000] {logging_mixin.py:188} INFO - [2025-10-14T14:44:57.323+0000] {override.py:1769} INFO - Created Permission View: can edit on DAG:example_local_kubernetes_executor
[2025-10-14T14:44:57.332+0000] {logging_mixin.py:188} INFO - [2025-10-14T14:44:57.332+0000] {override.py:1769} INFO - Created Permission View: can delete on DAG:example_local_kubernetes_executor
[2025-10-14T14:44:57.338+0000] {logging_mixin.py:188} INFO - [2025-10-14T14:44:57.337+0000] {override.py:1769} INFO - Created Permission View: can read on DAG:example_local_kubernetes_executor
[2025-10-14T14:44:57.338+0000] {logging_mixin.py:188} INFO - [2025-10-14T14:44:57.338+0000] {dag.py:3047} INFO - Sync 1 DAGs
[2025-10-14T14:44:57.348+0000] {logging_mixin.py:188} INFO - [2025-10-14T14:44:57.347+0000] {dag.py:3069} INFO - Creating ORM DAG for example_local_kubernetes_executor
[2025-10-14T14:44:57.348+0000] {logging_mixin.py:188} INFO - [2025-10-14T14:44:57.348+0000] {dag.py:3834} INFO - Setting next_dagrun for example_local_kubernetes_executor to None, run_after=None
[2025-10-14T14:44:57.362+0000] {processor.py:183} INFO - Processing /home/airflow/.local/lib/python3.8/site-packages/airflow/example_dags/example_local_kubernetes_executor.py took 0.166 seconds
[2025-10-14T14:45:27.915+0000] {processor.py:161} INFO - Started process (PID=155) to work on /home/airflow/.local/lib/python3.8/site-packages/airflow/example_dags/example_local_kubernetes_executor.py
[2025-10-14T14:45:27.916+0000] {processor.py:830} INFO - Processing file /home/airflow/.local/lib/python3.8/site-packages/airflow/example_dags/example_local_kubernetes_executor.py for tasks to queue
[2025-10-14T14:45:27.917+0000] {logging_mixin.py:188} INFO - [2025-10-14T14:45:27.917+0000] {dagbag.py:540} INFO - Filling up the DagBag from /home/airflow/.local/lib/python3.8/site-packages/airflow/example_dags/example_local_kubernetes_executor.py
[2025-10-14T14:45:27.924+0000] {processor.py:840} INFO - DAG(s) 'example_local_kubernetes_executor' retrieved from /home/airflow/.local/lib/python3.8/site-packages/airflow/example_dags/example_local_kubernetes_executor.py
[2025-10-14T14:45:27.952+0000] {logging_mixin.py:188} INFO - [2025-10-14T14:45:27.952+0000] {dag.py:3047} INFO - Sync 1 DAGs
[2025-10-14T14:45:27.962+0000] {logging_mixin.py:188} INFO - [2025-10-14T14:45:27.962+0000] {dag.py:3834} INFO - Setting next_dagrun for example_local_kubernetes_executor to None, run_after=None
[2025-10-14T14:45:27.977+0000] {processor.py:183} INFO - Processing /home/airflow/.local/lib/python3.8/site-packages/airflow/example_dags/example_local_kubernetes_executor.py took 0.065 seconds
[2025-10-14T14:45:58.390+0000] {processor.py:161} INFO - Started process (PID=214) to work on /home/airflow/.local/lib/python3.8/site-packages/airflow/example_dags/example_local_kubernetes_executor.py
[2025-10-14T14:45:58.391+0000] {processor.py:830} INFO - Processing file /home/airflow/.local/lib/python3.8/site-packages/airflow/example_dags/example_local_kubernetes_executor.py for tasks to queue
[2025-10-14T14:45:58.392+0000] {logging_mixin.py:188} INFO - [2025-10-14T14:45:58.392+0000] {dagbag.py:540} INFO - Filling up the DagBag from /home/airflow/.local/lib/python3.8/site-packages/airflow/example_dags/example_local_kubernetes_executor.py
[2025-10-14T14:45:58.399+0000] {processor.py:840} INFO - DAG(s) 'example_local_kubernetes_executor' retrieved from /home/airflow/.local/lib/python3.8/site-packages/airflow/example_dags/example_local_kubernetes_executor.py
[2025-10-14T14:45:58.427+0000] {logging_mixin.py:188} INFO - [2025-10-14T14:45:58.427+0000] {dag.py:3047} INFO - Sync 1 DAGs
[2025-10-14T14:45:58.439+0000] {logging_mixin.py:188} INFO - [2025-10-14T14:45:58.439+0000] {dag.py:3834} INFO - Setting next_dagrun for example_local_kubernetes_executor to None, run_after=None
[2025-10-14T14:45:58.454+0000] {processor.py:183} INFO - Processing /home/airflow/.local/lib/python3.8/site-packages/airflow/example_dags/example_local_kubernetes_executor.py took 0.068 seconds
[2025-10-14T14:47:48.897+0000] {processor.py:161} INFO - Started process (PID=95) to work on /home/airflow/.local/lib/python3.8/site-packages/airflow/example_dags/example_local_kubernetes_executor.py
[2025-10-14T14:47:48.898+0000] {processor.py:830} INFO - Processing file /home/airflow/.local/lib/python3.8/site-packages/airflow/example_dags/example_local_kubernetes_executor.py for tasks to queue
[2025-10-14T14:47:48.900+0000] {logging_mixin.py:188} INFO - [2025-10-14T14:47:48.899+0000] {dagbag.py:540} INFO - Filling up the DagBag from /home/airflow/.local/lib/python3.8/site-packages/airflow/example_dags/example_local_kubernetes_executor.py
[2025-10-14T14:47:48.909+0000] {processor.py:840} INFO - DAG(s) 'example_local_kubernetes_executor' retrieved from /home/airflow/.local/lib/python3.8/site-packages/airflow/example_dags/example_local_kubernetes_executor.py
[2025-10-14T14:47:49.044+0000] {logging_mixin.py:188} INFO - [2025-10-14T14:47:49.044+0000] {dag.py:3047} INFO - Sync 1 DAGs
[2025-10-14T14:47:49.055+0000] {logging_mixin.py:188} INFO - [2025-10-14T14:47:49.054+0000] {dag.py:3834} INFO - Setting next_dagrun for example_local_kubernetes_executor to None, run_after=None
[2025-10-14T14:47:49.077+0000] {processor.py:183} INFO - Processing /home/airflow/.local/lib/python3.8/site-packages/airflow/example_dags/example_local_kubernetes_executor.py took 0.184 seconds
[2025-10-14T14:48:19.777+0000] {processor.py:161} INFO - Started process (PID=154) to work on /home/airflow/.local/lib/python3.8/site-packages/airflow/example_dags/example_local_kubernetes_executor.py
[2025-10-14T14:48:19.778+0000] {processor.py:830} INFO - Processing file /home/airflow/.local/lib/python3.8/site-packages/airflow/example_dags/example_local_kubernetes_executor.py for tasks to queue
[2025-10-14T14:48:19.780+0000] {logging_mixin.py:188} INFO - [2025-10-14T14:48:19.780+0000] {dagbag.py:540} INFO - Filling up the DagBag from /home/airflow/.local/lib/python3.8/site-packages/airflow/example_dags/example_local_kubernetes_executor.py
[2025-10-14T14:48:19.787+0000] {processor.py:840} INFO - DAG(s) 'example_local_kubernetes_executor' retrieved from /home/airflow/.local/lib/python3.8/site-packages/airflow/example_dags/example_local_kubernetes_executor.py
[2025-10-14T14:48:19.817+0000] {logging_mixin.py:188} INFO - [2025-10-14T14:48:19.816+0000] {dag.py:3047} INFO - Sync 1 DAGs
[2025-10-14T14:48:19.829+0000] {logging_mixin.py:188} INFO - [2025-10-14T14:48:19.829+0000] {dag.py:3834} INFO - Setting next_dagrun for example_local_kubernetes_executor to None, run_after=None
[2025-10-14T14:48:19.846+0000] {processor.py:183} INFO - Processing /home/airflow/.local/lib/python3.8/site-packages/airflow/example_dags/example_local_kubernetes_executor.py took 0.072 seconds
[2025-10-14T14:48:50.067+0000] {processor.py:161} INFO - Started process (PID=213) to work on /home/airflow/.local/lib/python3.8/site-packages/airflow/example_dags/example_local_kubernetes_executor.py
[2025-10-14T14:48:50.068+0000] {processor.py:830} INFO - Processing file /home/airflow/.local/lib/python3.8/site-packages/airflow/example_dags/example_local_kubernetes_executor.py for tasks to queue
[2025-10-14T14:48:50.070+0000] {logging_mixin.py:188} INFO - [2025-10-14T14:48:50.069+0000] {dagbag.py:540} INFO - Filling up the DagBag from /home/airflow/.local/lib/python3.8/site-packages/airflow/example_dags/example_local_kubernetes_executor.py
[2025-10-14T14:48:50.077+0000] {processor.py:840} INFO - DAG(s) 'example_local_kubernetes_executor' retrieved from /home/airflow/.local/lib/python3.8/site-packages/airflow/example_dags/example_local_kubernetes_executor.py
[2025-10-14T14:48:50.106+0000] {logging_mixin.py:188} INFO - [2025-10-14T14:48:50.106+0000] {dag.py:3047} INFO - Sync 1 DAGs
[2025-10-14T14:48:50.120+0000] {logging_mixin.py:188} INFO - [2025-10-14T14:48:50.120+0000] {dag.py:3834} INFO - Setting next_dagrun for example_local_kubernetes_executor to None, run_after=None
[2025-10-14T14:48:50.137+0000] {processor.py:183} INFO - Processing /home/airflow/.local/lib/python3.8/site-packages/airflow/example_dags/example_local_kubernetes_executor.py took 0.073 seconds
[2025-10-14T14:49:20.257+0000] {processor.py:161} INFO - Started process (PID=272) to work on /home/airflow/.local/lib/python3.8/site-packages/airflow/example_dags/example_local_kubernetes_executor.py
[2025-10-14T14:49:20.258+0000] {processor.py:830} INFO - Processing file /home/airflow/.local/lib/python3.8/site-packages/airflow/example_dags/example_local_kubernetes_executor.py for tasks to queue
[2025-10-14T14:49:20.259+0000] {logging_mixin.py:188} INFO - [2025-10-14T14:49:20.259+0000] {dagbag.py:540} INFO - Filling up the DagBag from /home/airflow/.local/lib/python3.8/site-packages/airflow/example_dags/example_local_kubernetes_executor.py
[2025-10-14T14:49:20.266+0000] {processor.py:840} INFO - DAG(s) 'example_local_kubernetes_executor' retrieved from /home/airflow/.local/lib/python3.8/site-packages/airflow/example_dags/example_local_kubernetes_executor.py
[2025-10-14T14:49:20.296+0000] {logging_mixin.py:188} INFO - [2025-10-14T14:49:20.296+0000] {dag.py:3047} INFO - Sync 1 DAGs
[2025-10-14T14:49:20.308+0000] {logging_mixin.py:188} INFO - [2025-10-14T14:49:20.307+0000] {dag.py:3834} INFO - Setting next_dagrun for example_local_kubernetes_executor to None, run_after=None
[2025-10-14T14:49:20.323+0000] {processor.py:183} INFO - Processing /home/airflow/.local/lib/python3.8/site-packages/airflow/example_dags/example_local_kubernetes_executor.py took 0.069 seconds
[2025-10-14T14:49:51.333+0000] {processor.py:161} INFO - Started process (PID=337) to work on /home/airflow/.local/lib/python3.8/site-packages/airflow/example_dags/example_local_kubernetes_executor.py
[2025-10-14T14:49:51.334+0000] {processor.py:830} INFO - Processing file /home/airflow/.local/lib/python3.8/site-packages/airflow/example_dags/example_local_kubernetes_executor.py for tasks to queue
[2025-10-14T14:49:51.336+0000] {logging_mixin.py:188} INFO - [2025-10-14T14:49:51.335+0000] {dagbag.py:540} INFO - Filling up the DagBag from /home/airflow/.local/lib/python3.8/site-packages/airflow/example_dags/example_local_kubernetes_executor.py
[2025-10-14T14:49:51.344+0000] {processor.py:840} INFO - DAG(s) 'example_local_kubernetes_executor' retrieved from /home/airflow/.local/lib/python3.8/site-packages/airflow/example_dags/example_local_kubernetes_executor.py
[2025-10-14T14:49:51.377+0000] {logging_mixin.py:188} INFO - [2025-10-14T14:49:51.377+0000] {dag.py:3047} INFO - Sync 1 DAGs
[2025-10-14T14:49:51.389+0000] {logging_mixin.py:188} INFO - [2025-10-14T14:49:51.389+0000] {dag.py:3834} INFO - Setting next_dagrun for example_local_kubernetes_executor to None, run_after=None
[2025-10-14T14:49:51.407+0000] {processor.py:183} INFO - Processing /home/airflow/.local/lib/python3.8/site-packages/airflow/example_dags/example_local_kubernetes_executor.py took 0.077 seconds
[2025-10-14T14:50:21.474+0000] {processor.py:161} INFO - Started process (PID=394) to work on /home/airflow/.local/lib/python3.8/site-packages/airflow/example_dags/example_local_kubernetes_executor.py
[2025-10-14T14:50:21.475+0000] {processor.py:830} INFO - Processing file /home/airflow/.local/lib/python3.8/site-packages/airflow/example_dags/example_local_kubernetes_executor.py for tasks to queue
[2025-10-14T14:50:21.477+0000] {logging_mixin.py:188} INFO - [2025-10-14T14:50:21.477+0000] {dagbag.py:540} INFO - Filling up the DagBag from /home/airflow/.local/lib/python3.8/site-packages/airflow/example_dags/example_local_kubernetes_executor.py
[2025-10-14T14:50:21.484+0000] {processor.py:840} INFO - DAG(s) 'example_local_kubernetes_executor' retrieved from /home/airflow/.local/lib/python3.8/site-packages/airflow/example_dags/example_local_kubernetes_executor.py
[2025-10-14T14:50:21.516+0000] {logging_mixin.py:188} INFO - [2025-10-14T14:50:21.516+0000] {dag.py:3047} INFO - Sync 1 DAGs
[2025-10-14T14:50:21.528+0000] {logging_mixin.py:188} INFO - [2025-10-14T14:50:21.528+0000] {dag.py:3834} INFO - Setting next_dagrun for example_local_kubernetes_executor to None, run_after=None
[2025-10-14T14:50:21.546+0000] {processor.py:183} INFO - Processing /home/airflow/.local/lib/python3.8/site-packages/airflow/example_dags/example_local_kubernetes_executor.py took 0.075 seconds
[2025-10-14T14:50:51.849+0000] {processor.py:161} INFO - Started process (PID=453) to work on /home/airflow/.local/lib/python3.8/site-packages/airflow/example_dags/example_local_kubernetes_executor.py
[2025-10-14T14:50:51.850+0000] {processor.py:830} INFO - Processing file /home/airflow/.local/lib/python3.8/site-packages/airflow/example_dags/example_local_kubernetes_executor.py for tasks to queue
[2025-10-14T14:50:51.852+0000] {logging_mixin.py:188} INFO - [2025-10-14T14:50:51.852+0000] {dagbag.py:540} INFO - Filling up the DagBag from /home/airflow/.local/lib/python3.8/site-packages/airflow/example_dags/example_local_kubernetes_executor.py
[2025-10-14T14:50:51.861+0000] {processor.py:840} INFO - DAG(s) 'example_local_kubernetes_executor' retrieved from /home/airflow/.local/lib/python3.8/site-packages/airflow/example_dags/example_local_kubernetes_executor.py
[2025-10-14T14:50:51.895+0000] {logging_mixin.py:188} INFO - [2025-10-14T14:50:51.895+0000] {dag.py:3047} INFO - Sync 1 DAGs
[2025-10-14T14:50:51.907+0000] {logging_mixin.py:188} INFO - [2025-10-14T14:50:51.906+0000] {dag.py:3834} INFO - Setting next_dagrun for example_local_kubernetes_executor to None, run_after=None
[2025-10-14T14:50:51.928+0000] {processor.py:183} INFO - Processing /home/airflow/.local/lib/python3.8/site-packages/airflow/example_dags/example_local_kubernetes_executor.py took 0.082 seconds
[2025-10-14T14:51:21.999+0000] {processor.py:161} INFO - Started process (PID=513) to work on /home/airflow/.local/lib/python3.8/site-packages/airflow/example_dags/example_local_kubernetes_executor.py
[2025-10-14T14:51:22.001+0000] {processor.py:830} INFO - Processing file /home/airflow/.local/lib/python3.8/site-packages/airflow/example_dags/example_local_kubernetes_executor.py for tasks to queue
[2025-10-14T14:51:22.004+0000] {logging_mixin.py:188} INFO - [2025-10-14T14:51:22.003+0000] {dagbag.py:540} INFO - Filling up the DagBag from /home/airflow/.local/lib/python3.8/site-packages/airflow/example_dags/example_local_kubernetes_executor.py
[2025-10-14T14:51:22.011+0000] {processor.py:840} INFO - DAG(s) 'example_local_kubernetes_executor' retrieved from /home/airflow/.local/lib/python3.8/site-packages/airflow/example_dags/example_local_kubernetes_executor.py
[2025-10-14T14:51:22.041+0000] {logging_mixin.py:188} INFO - [2025-10-14T14:51:22.041+0000] {dag.py:3047} INFO - Sync 1 DAGs
[2025-10-14T14:51:22.053+0000] {logging_mixin.py:188} INFO - [2025-10-14T14:51:22.053+0000] {dag.py:3834} INFO - Setting next_dagrun for example_local_kubernetes_executor to None, run_after=None
[2025-10-14T14:51:22.069+0000] {processor.py:183} INFO - Processing /home/airflow/.local/lib/python3.8/site-packages/airflow/example_dags/example_local_kubernetes_executor.py took 0.074 seconds
[2025-10-14T14:51:52.180+0000] {processor.py:161} INFO - Started process (PID=572) to work on /home/airflow/.local/lib/python3.8/site-packages/airflow/example_dags/example_local_kubernetes_executor.py
[2025-10-14T14:51:52.181+0000] {processor.py:830} INFO - Processing file /home/airflow/.local/lib/python3.8/site-packages/airflow/example_dags/example_local_kubernetes_executor.py for tasks to queue
[2025-10-14T14:51:52.183+0000] {logging_mixin.py:188} INFO - [2025-10-14T14:51:52.182+0000] {dagbag.py:540} INFO - Filling up the DagBag from /home/airflow/.local/lib/python3.8/site-packages/airflow/example_dags/example_local_kubernetes_executor.py
[2025-10-14T14:51:52.190+0000] {processor.py:840} INFO - DAG(s) 'example_local_kubernetes_executor' retrieved from /home/airflow/.local/lib/python3.8/site-packages/airflow/example_dags/example_local_kubernetes_executor.py
[2025-10-14T14:51:52.220+0000] {logging_mixin.py:188} INFO - [2025-10-14T14:51:52.220+0000] {dag.py:3047} INFO - Sync 1 DAGs
[2025-10-14T14:51:52.231+0000] {logging_mixin.py:188} INFO - [2025-10-14T14:51:52.231+0000] {dag.py:3834} INFO - Setting next_dagrun for example_local_kubernetes_executor to None, run_after=None
[2025-10-14T14:51:52.247+0000] {processor.py:183} INFO - Processing /home/airflow/.local/lib/python3.8/site-packages/airflow/example_dags/example_local_kubernetes_executor.py took 0.071 seconds
[2025-10-14T14:52:22.473+0000] {processor.py:161} INFO - Started process (PID=631) to work on /home/airflow/.local/lib/python3.8/site-packages/airflow/example_dags/example_local_kubernetes_executor.py
[2025-10-14T14:52:22.475+0000] {processor.py:830} INFO - Processing file /home/airflow/.local/lib/python3.8/site-packages/airflow/example_dags/example_local_kubernetes_executor.py for tasks to queue
[2025-10-14T14:52:22.477+0000] {logging_mixin.py:188} INFO - [2025-10-14T14:52:22.476+0000] {dagbag.py:540} INFO - Filling up the DagBag from /home/airflow/.local/lib/python3.8/site-packages/airflow/example_dags/example_local_kubernetes_executor.py
[2025-10-14T14:52:22.484+0000] {processor.py:840} INFO - DAG(s) 'example_local_kubernetes_executor' retrieved from /home/airflow/.local/lib/python3.8/site-packages/airflow/example_dags/example_local_kubernetes_executor.py
[2025-10-14T14:52:22.514+0000] {logging_mixin.py:188} INFO - [2025-10-14T14:52:22.514+0000] {dag.py:3047} INFO - Sync 1 DAGs
[2025-10-14T14:52:22.525+0000] {logging_mixin.py:188} INFO - [2025-10-14T14:52:22.525+0000] {dag.py:3834} INFO - Setting next_dagrun for example_local_kubernetes_executor to None, run_after=None
[2025-10-14T14:52:22.543+0000] {processor.py:183} INFO - Processing /home/airflow/.local/lib/python3.8/site-packages/airflow/example_dags/example_local_kubernetes_executor.py took 0.073 seconds
[2025-10-14T14:52:53.329+0000] {processor.py:161} INFO - Started process (PID=690) to work on /home/airflow/.local/lib/python3.8/site-packages/airflow/example_dags/example_local_kubernetes_executor.py
[2025-10-14T14:52:53.330+0000] {processor.py:830} INFO - Processing file /home/airflow/.local/lib/python3.8/site-packages/airflow/example_dags/example_local_kubernetes_executor.py for tasks to queue
[2025-10-14T14:52:53.332+0000] {logging_mixin.py:188} INFO - [2025-10-14T14:52:53.331+0000] {dagbag.py:540} INFO - Filling up the DagBag from /home/airflow/.local/lib/python3.8/site-packages/airflow/example_dags/example_local_kubernetes_executor.py
[2025-10-14T14:52:53.338+0000] {processor.py:840} INFO - DAG(s) 'example_local_kubernetes_executor' retrieved from /home/airflow/.local/lib/python3.8/site-packages/airflow/example_dags/example_local_kubernetes_executor.py
[2025-10-14T14:52:53.368+0000] {logging_mixin.py:188} INFO - [2025-10-14T14:52:53.368+0000] {dag.py:3047} INFO - Sync 1 DAGs
[2025-10-14T14:52:53.379+0000] {logging_mixin.py:188} INFO - [2025-10-14T14:52:53.379+0000] {dag.py:3834} INFO - Setting next_dagrun for example_local_kubernetes_executor to None, run_after=None
[2025-10-14T14:52:53.396+0000] {processor.py:183} INFO - Processing /home/airflow/.local/lib/python3.8/site-packages/airflow/example_dags/example_local_kubernetes_executor.py took 0.071 seconds
[2025-10-14T14:53:23.551+0000] {processor.py:161} INFO - Started process (PID=749) to work on /home/airflow/.local/lib/python3.8/site-packages/airflow/example_dags/example_local_kubernetes_executor.py
[2025-10-14T14:53:23.552+0000] {processor.py:830} INFO - Processing file /home/airflow/.local/lib/python3.8/site-packages/airflow/example_dags/example_local_kubernetes_executor.py for tasks to queue
[2025-10-14T14:53:23.554+0000] {logging_mixin.py:188} INFO - [2025-10-14T14:53:23.554+0000] {dagbag.py:540} INFO - Filling up the DagBag from /home/airflow/.local/lib/python3.8/site-packages/airflow/example_dags/example_local_kubernetes_executor.py
[2025-10-14T14:53:23.561+0000] {processor.py:840} INFO - DAG(s) 'example_local_kubernetes_executor' retrieved from /home/airflow/.local/lib/python3.8/site-packages/airflow/example_dags/example_local_kubernetes_executor.py
[2025-10-14T14:53:23.591+0000] {logging_mixin.py:188} INFO - [2025-10-14T14:53:23.590+0000] {dag.py:3047} INFO - Sync 1 DAGs
[2025-10-14T14:53:23.601+0000] {logging_mixin.py:188} INFO - [2025-10-14T14:53:23.601+0000] {dag.py:3834} INFO - Setting next_dagrun for example_local_kubernetes_executor to None, run_after=None
[2025-10-14T14:53:23.617+0000] {processor.py:183} INFO - Processing /home/airflow/.local/lib/python3.8/site-packages/airflow/example_dags/example_local_kubernetes_executor.py took 0.069 seconds
[2025-10-14T14:53:53.820+0000] {processor.py:161} INFO - Started process (PID=808) to work on /home/airflow/.local/lib/python3.8/site-packages/airflow/example_dags/example_local_kubernetes_executor.py
[2025-10-14T14:53:53.821+0000] {processor.py:830} INFO - Processing file /home/airflow/.local/lib/python3.8/site-packages/airflow/example_dags/example_local_kubernetes_executor.py for tasks to queue
[2025-10-14T14:53:53.823+0000] {logging_mixin.py:188} INFO - [2025-10-14T14:53:53.822+0000] {dagbag.py:540} INFO - Filling up the DagBag from /home/airflow/.local/lib/python3.8/site-packages/airflow/example_dags/example_local_kubernetes_executor.py
[2025-10-14T14:53:53.829+0000] {processor.py:840} INFO - DAG(s) 'example_local_kubernetes_executor' retrieved from /home/airflow/.local/lib/python3.8/site-packages/airflow/example_dags/example_local_kubernetes_executor.py
[2025-10-14T14:53:53.858+0000] {logging_mixin.py:188} INFO - [2025-10-14T14:53:53.858+0000] {dag.py:3047} INFO - Sync 1 DAGs
[2025-10-14T14:53:53.869+0000] {logging_mixin.py:188} INFO - [2025-10-14T14:53:53.869+0000] {dag.py:3834} INFO - Setting next_dagrun for example_local_kubernetes_executor to None, run_after=None
[2025-10-14T14:53:53.884+0000] {processor.py:183} INFO - Processing /home/airflow/.local/lib/python3.8/site-packages/airflow/example_dags/example_local_kubernetes_executor.py took 0.068 seconds
[2025-10-14T14:54:24.011+0000] {processor.py:161} INFO - Started process (PID=867) to work on /home/airflow/.local/lib/python3.8/site-packages/airflow/example_dags/example_local_kubernetes_executor.py
[2025-10-14T14:54:24.012+0000] {processor.py:830} INFO - Processing file /home/airflow/.local/lib/python3.8/site-packages/airflow/example_dags/example_local_kubernetes_executor.py for tasks to queue
[2025-10-14T14:54:24.014+0000] {logging_mixin.py:188} INFO - [2025-10-14T14:54:24.014+0000] {dagbag.py:540} INFO - Filling up the DagBag from /home/airflow/.local/lib/python3.8/site-packages/airflow/example_dags/example_local_kubernetes_executor.py
[2025-10-14T14:54:24.021+0000] {processor.py:840} INFO - DAG(s) 'example_local_kubernetes_executor' retrieved from /home/airflow/.local/lib/python3.8/site-packages/airflow/example_dags/example_local_kubernetes_executor.py
[2025-10-14T14:54:24.051+0000] {logging_mixin.py:188} INFO - [2025-10-14T14:54:24.051+0000] {dag.py:3047} INFO - Sync 1 DAGs
[2025-10-14T14:54:24.063+0000] {logging_mixin.py:188} INFO - [2025-10-14T14:54:24.063+0000] {dag.py:3834} INFO - Setting next_dagrun for example_local_kubernetes_executor to None, run_after=None
[2025-10-14T14:54:24.088+0000] {processor.py:183} INFO - Processing /home/airflow/.local/lib/python3.8/site-packages/airflow/example_dags/example_local_kubernetes_executor.py took 0.080 seconds
[2025-10-14T14:54:54.166+0000] {processor.py:161} INFO - Started process (PID=926) to work on /home/airflow/.local/lib/python3.8/site-packages/airflow/example_dags/example_local_kubernetes_executor.py
[2025-10-14T14:54:54.167+0000] {processor.py:830} INFO - Processing file /home/airflow/.local/lib/python3.8/site-packages/airflow/example_dags/example_local_kubernetes_executor.py for tasks to queue
[2025-10-14T14:54:54.169+0000] {logging_mixin.py:188} INFO - [2025-10-14T14:54:54.169+0000] {dagbag.py:540} INFO - Filling up the DagBag from /home/airflow/.local/lib/python3.8/site-packages/airflow/example_dags/example_local_kubernetes_executor.py
[2025-10-14T14:54:54.177+0000] {processor.py:840} INFO - DAG(s) 'example_local_kubernetes_executor' retrieved from /home/airflow/.local/lib/python3.8/site-packages/airflow/example_dags/example_local_kubernetes_executor.py
[2025-10-14T14:54:54.206+0000] {logging_mixin.py:188} INFO - [2025-10-14T14:54:54.206+0000] {dag.py:3047} INFO - Sync 1 DAGs
[2025-10-14T14:54:54.217+0000] {logging_mixin.py:188} INFO - [2025-10-14T14:54:54.217+0000] {dag.py:3834} INFO - Setting next_dagrun for example_local_kubernetes_executor to None, run_after=None
[2025-10-14T14:54:54.237+0000] {processor.py:183} INFO - Processing /home/airflow/.local/lib/python3.8/site-packages/airflow/example_dags/example_local_kubernetes_executor.py took 0.074 seconds
[2025-10-14T14:55:24.500+0000] {processor.py:161} INFO - Started process (PID=985) to work on /home/airflow/.local/lib/python3.8/site-packages/airflow/example_dags/example_local_kubernetes_executor.py
[2025-10-14T14:55:24.501+0000] {processor.py:830} INFO - Processing file /home/airflow/.local/lib/python3.8/site-packages/airflow/example_dags/example_local_kubernetes_executor.py for tasks to queue
[2025-10-14T14:55:24.503+0000] {logging_mixin.py:188} INFO - [2025-10-14T14:55:24.502+0000] {dagbag.py:540} INFO - Filling up the DagBag from /home/airflow/.local/lib/python3.8/site-packages/airflow/example_dags/example_local_kubernetes_executor.py
[2025-10-14T14:55:24.510+0000] {processor.py:840} INFO - DAG(s) 'example_local_kubernetes_executor' retrieved from /home/airflow/.local/lib/python3.8/site-packages/airflow/example_dags/example_local_kubernetes_executor.py
[2025-10-14T14:55:24.540+0000] {logging_mixin.py:188} INFO - [2025-10-14T14:55:24.540+0000] {dag.py:3047} INFO - Sync 1 DAGs
[2025-10-14T14:55:24.550+0000] {logging_mixin.py:188} INFO - [2025-10-14T14:55:24.550+0000] {dag.py:3834} INFO - Setting next_dagrun for example_local_kubernetes_executor to None, run_after=None
[2025-10-14T14:55:24.567+0000] {processor.py:183} INFO - Processing /home/airflow/.local/lib/python3.8/site-packages/airflow/example_dags/example_local_kubernetes_executor.py took 0.071 seconds
