[2025-10-14T14:44:58.945+0000] {processor.py:161} INFO - Started process (PID=113) to work on /home/airflow/.local/lib/python3.8/site-packages/airflow/example_dags/example_python_decorator.py
[2025-10-14T14:44:58.946+0000] {processor.py:830} INFO - Processing file /home/airflow/.local/lib/python3.8/site-packages/airflow/example_dags/example_python_decorator.py for tasks to queue
[2025-10-14T14:44:58.948+0000] {logging_mixin.py:188} INFO - [2025-10-14T14:44:58.947+0000] {dagbag.py:540} INFO - Filling up the DagBag from /home/airflow/.local/lib/python3.8/site-packages/airflow/example_dags/example_python_decorator.py
[2025-10-14T14:44:58.962+0000] {processor.py:840} INFO - DAG(s) 'example_python_decorator' retrieved from /home/airflow/.local/lib/python3.8/site-packages/airflow/example_dags/example_python_decorator.py
[2025-10-14T14:44:59.050+0000] {logging_mixin.py:188} INFO - [2025-10-14T14:44:59.050+0000] {override.py:1769} INFO - Created Permission View: can edit on DAG:example_python_decorator
[2025-10-14T14:44:59.060+0000] {logging_mixin.py:188} INFO - [2025-10-14T14:44:59.059+0000] {override.py:1769} INFO - Created Permission View: can delete on DAG:example_python_decorator
[2025-10-14T14:44:59.066+0000] {logging_mixin.py:188} INFO - [2025-10-14T14:44:59.065+0000] {override.py:1769} INFO - Created Permission View: can read on DAG:example_python_decorator
[2025-10-14T14:44:59.066+0000] {logging_mixin.py:188} INFO - [2025-10-14T14:44:59.066+0000] {dag.py:3047} INFO - Sync 1 DAGs
[2025-10-14T14:44:59.076+0000] {logging_mixin.py:188} INFO - [2025-10-14T14:44:59.076+0000] {dag.py:3069} INFO - Creating ORM DAG for example_python_decorator
[2025-10-14T14:44:59.077+0000] {logging_mixin.py:188} INFO - [2025-10-14T14:44:59.077+0000] {dag.py:3834} INFO - Setting next_dagrun for example_python_decorator to None, run_after=None
[2025-10-14T14:44:59.092+0000] {processor.py:183} INFO - Processing /home/airflow/.local/lib/python3.8/site-packages/airflow/example_dags/example_python_decorator.py took 0.150 seconds
[2025-10-14T14:45:29.857+0000] {processor.py:161} INFO - Started process (PID=172) to work on /home/airflow/.local/lib/python3.8/site-packages/airflow/example_dags/example_python_decorator.py
[2025-10-14T14:45:29.858+0000] {processor.py:830} INFO - Processing file /home/airflow/.local/lib/python3.8/site-packages/airflow/example_dags/example_python_decorator.py for tasks to queue
[2025-10-14T14:45:29.859+0000] {logging_mixin.py:188} INFO - [2025-10-14T14:45:29.859+0000] {dagbag.py:540} INFO - Filling up the DagBag from /home/airflow/.local/lib/python3.8/site-packages/airflow/example_dags/example_python_decorator.py
[2025-10-14T14:45:29.876+0000] {processor.py:840} INFO - DAG(s) 'example_python_decorator' retrieved from /home/airflow/.local/lib/python3.8/site-packages/airflow/example_dags/example_python_decorator.py
[2025-10-14T14:45:29.897+0000] {logging_mixin.py:188} INFO - [2025-10-14T14:45:29.897+0000] {dag.py:3047} INFO - Sync 1 DAGs
[2025-10-14T14:45:29.910+0000] {logging_mixin.py:188} INFO - [2025-10-14T14:45:29.910+0000] {dag.py:3834} INFO - Setting next_dagrun for example_python_decorator to None, run_after=None
[2025-10-14T14:45:29.930+0000] {processor.py:183} INFO - Processing /home/airflow/.local/lib/python3.8/site-packages/airflow/example_dags/example_python_decorator.py took 0.077 seconds
[2025-10-14T14:46:00.168+0000] {processor.py:161} INFO - Started process (PID=231) to work on /home/airflow/.local/lib/python3.8/site-packages/airflow/example_dags/example_python_decorator.py
[2025-10-14T14:46:00.168+0000] {processor.py:830} INFO - Processing file /home/airflow/.local/lib/python3.8/site-packages/airflow/example_dags/example_python_decorator.py for tasks to queue
[2025-10-14T14:46:00.170+0000] {logging_mixin.py:188} INFO - [2025-10-14T14:46:00.170+0000] {dagbag.py:540} INFO - Filling up the DagBag from /home/airflow/.local/lib/python3.8/site-packages/airflow/example_dags/example_python_decorator.py
[2025-10-14T14:46:00.183+0000] {processor.py:840} INFO - DAG(s) 'example_python_decorator' retrieved from /home/airflow/.local/lib/python3.8/site-packages/airflow/example_dags/example_python_decorator.py
[2025-10-14T14:46:00.203+0000] {logging_mixin.py:188} INFO - [2025-10-14T14:46:00.203+0000] {dag.py:3047} INFO - Sync 1 DAGs
[2025-10-14T14:46:00.214+0000] {logging_mixin.py:188} INFO - [2025-10-14T14:46:00.214+0000] {dag.py:3834} INFO - Setting next_dagrun for example_python_decorator to None, run_after=None
[2025-10-14T14:46:00.231+0000] {processor.py:183} INFO - Processing /home/airflow/.local/lib/python3.8/site-packages/airflow/example_dags/example_python_decorator.py took 0.066 seconds
[2025-10-14T14:47:50.637+0000] {processor.py:161} INFO - Started process (PID=118) to work on /home/airflow/.local/lib/python3.8/site-packages/airflow/example_dags/example_python_decorator.py
[2025-10-14T14:47:50.638+0000] {processor.py:830} INFO - Processing file /home/airflow/.local/lib/python3.8/site-packages/airflow/example_dags/example_python_decorator.py for tasks to queue
[2025-10-14T14:47:50.640+0000] {logging_mixin.py:188} INFO - [2025-10-14T14:47:50.640+0000] {dagbag.py:540} INFO - Filling up the DagBag from /home/airflow/.local/lib/python3.8/site-packages/airflow/example_dags/example_python_decorator.py
[2025-10-14T14:47:50.656+0000] {processor.py:840} INFO - DAG(s) 'example_python_decorator' retrieved from /home/airflow/.local/lib/python3.8/site-packages/airflow/example_dags/example_python_decorator.py
[2025-10-14T14:47:50.770+0000] {logging_mixin.py:188} INFO - [2025-10-14T14:47:50.769+0000] {dag.py:3047} INFO - Sync 1 DAGs
[2025-10-14T14:47:50.788+0000] {logging_mixin.py:188} INFO - [2025-10-14T14:47:50.788+0000] {dag.py:3834} INFO - Setting next_dagrun for example_python_decorator to None, run_after=None
[2025-10-14T14:47:50.808+0000] {processor.py:183} INFO - Processing /home/airflow/.local/lib/python3.8/site-packages/airflow/example_dags/example_python_decorator.py took 0.174 seconds
[2025-10-14T14:48:21.516+0000] {processor.py:161} INFO - Started process (PID=177) to work on /home/airflow/.local/lib/python3.8/site-packages/airflow/example_dags/example_python_decorator.py
[2025-10-14T14:48:21.517+0000] {processor.py:830} INFO - Processing file /home/airflow/.local/lib/python3.8/site-packages/airflow/example_dags/example_python_decorator.py for tasks to queue
[2025-10-14T14:48:21.519+0000] {logging_mixin.py:188} INFO - [2025-10-14T14:48:21.518+0000] {dagbag.py:540} INFO - Filling up the DagBag from /home/airflow/.local/lib/python3.8/site-packages/airflow/example_dags/example_python_decorator.py
[2025-10-14T14:48:21.532+0000] {processor.py:840} INFO - DAG(s) 'example_python_decorator' retrieved from /home/airflow/.local/lib/python3.8/site-packages/airflow/example_dags/example_python_decorator.py
[2025-10-14T14:48:21.550+0000] {logging_mixin.py:188} INFO - [2025-10-14T14:48:21.550+0000] {dag.py:3047} INFO - Sync 1 DAGs
[2025-10-14T14:48:21.561+0000] {logging_mixin.py:188} INFO - [2025-10-14T14:48:21.561+0000] {dag.py:3834} INFO - Setting next_dagrun for example_python_decorator to None, run_after=None
[2025-10-14T14:48:21.577+0000] {processor.py:183} INFO - Processing /home/airflow/.local/lib/python3.8/site-packages/airflow/example_dags/example_python_decorator.py took 0.064 seconds
[2025-10-14T14:48:51.979+0000] {processor.py:161} INFO - Started process (PID=236) to work on /home/airflow/.local/lib/python3.8/site-packages/airflow/example_dags/example_python_decorator.py
[2025-10-14T14:48:51.980+0000] {processor.py:830} INFO - Processing file /home/airflow/.local/lib/python3.8/site-packages/airflow/example_dags/example_python_decorator.py for tasks to queue
[2025-10-14T14:48:51.982+0000] {logging_mixin.py:188} INFO - [2025-10-14T14:48:51.982+0000] {dagbag.py:540} INFO - Filling up the DagBag from /home/airflow/.local/lib/python3.8/site-packages/airflow/example_dags/example_python_decorator.py
[2025-10-14T14:48:51.995+0000] {processor.py:840} INFO - DAG(s) 'example_python_decorator' retrieved from /home/airflow/.local/lib/python3.8/site-packages/airflow/example_dags/example_python_decorator.py
[2025-10-14T14:48:52.013+0000] {logging_mixin.py:188} INFO - [2025-10-14T14:48:52.013+0000] {dag.py:3047} INFO - Sync 1 DAGs
[2025-10-14T14:48:52.024+0000] {logging_mixin.py:188} INFO - [2025-10-14T14:48:52.024+0000] {dag.py:3834} INFO - Setting next_dagrun for example_python_decorator to None, run_after=None
[2025-10-14T14:48:52.040+0000] {processor.py:183} INFO - Processing /home/airflow/.local/lib/python3.8/site-packages/airflow/example_dags/example_python_decorator.py took 0.064 seconds
[2025-10-14T14:49:22.199+0000] {processor.py:161} INFO - Started process (PID=295) to work on /home/airflow/.local/lib/python3.8/site-packages/airflow/example_dags/example_python_decorator.py
[2025-10-14T14:49:22.200+0000] {processor.py:830} INFO - Processing file /home/airflow/.local/lib/python3.8/site-packages/airflow/example_dags/example_python_decorator.py for tasks to queue
[2025-10-14T14:49:22.202+0000] {logging_mixin.py:188} INFO - [2025-10-14T14:49:22.202+0000] {dagbag.py:540} INFO - Filling up the DagBag from /home/airflow/.local/lib/python3.8/site-packages/airflow/example_dags/example_python_decorator.py
[2025-10-14T14:49:22.213+0000] {processor.py:840} INFO - DAG(s) 'example_python_decorator' retrieved from /home/airflow/.local/lib/python3.8/site-packages/airflow/example_dags/example_python_decorator.py
[2025-10-14T14:49:22.233+0000] {logging_mixin.py:188} INFO - [2025-10-14T14:49:22.232+0000] {dag.py:3047} INFO - Sync 1 DAGs
[2025-10-14T14:49:22.244+0000] {logging_mixin.py:188} INFO - [2025-10-14T14:49:22.243+0000] {dag.py:3834} INFO - Setting next_dagrun for example_python_decorator to None, run_after=None
[2025-10-14T14:49:22.260+0000] {processor.py:183} INFO - Processing /home/airflow/.local/lib/python3.8/site-packages/airflow/example_dags/example_python_decorator.py took 0.063 seconds
[2025-10-14T14:49:52.452+0000] {processor.py:161} INFO - Started process (PID=354) to work on /home/airflow/.local/lib/python3.8/site-packages/airflow/example_dags/example_python_decorator.py
[2025-10-14T14:49:52.453+0000] {processor.py:830} INFO - Processing file /home/airflow/.local/lib/python3.8/site-packages/airflow/example_dags/example_python_decorator.py for tasks to queue
[2025-10-14T14:49:52.455+0000] {logging_mixin.py:188} INFO - [2025-10-14T14:49:52.455+0000] {dagbag.py:540} INFO - Filling up the DagBag from /home/airflow/.local/lib/python3.8/site-packages/airflow/example_dags/example_python_decorator.py
[2025-10-14T14:49:52.468+0000] {processor.py:840} INFO - DAG(s) 'example_python_decorator' retrieved from /home/airflow/.local/lib/python3.8/site-packages/airflow/example_dags/example_python_decorator.py
[2025-10-14T14:49:52.488+0000] {logging_mixin.py:188} INFO - [2025-10-14T14:49:52.488+0000] {dag.py:3047} INFO - Sync 1 DAGs
[2025-10-14T14:49:52.499+0000] {logging_mixin.py:188} INFO - [2025-10-14T14:49:52.499+0000] {dag.py:3834} INFO - Setting next_dagrun for example_python_decorator to None, run_after=None
[2025-10-14T14:49:52.517+0000] {processor.py:183} INFO - Processing /home/airflow/.local/lib/python3.8/site-packages/airflow/example_dags/example_python_decorator.py took 0.068 seconds
[2025-10-14T14:50:22.620+0000] {processor.py:161} INFO - Started process (PID=413) to work on /home/airflow/.local/lib/python3.8/site-packages/airflow/example_dags/example_python_decorator.py
[2025-10-14T14:50:22.621+0000] {processor.py:830} INFO - Processing file /home/airflow/.local/lib/python3.8/site-packages/airflow/example_dags/example_python_decorator.py for tasks to queue
[2025-10-14T14:50:22.623+0000] {logging_mixin.py:188} INFO - [2025-10-14T14:50:22.623+0000] {dagbag.py:540} INFO - Filling up the DagBag from /home/airflow/.local/lib/python3.8/site-packages/airflow/example_dags/example_python_decorator.py
[2025-10-14T14:50:22.635+0000] {processor.py:840} INFO - DAG(s) 'example_python_decorator' retrieved from /home/airflow/.local/lib/python3.8/site-packages/airflow/example_dags/example_python_decorator.py
[2025-10-14T14:50:22.659+0000] {logging_mixin.py:188} INFO - [2025-10-14T14:50:22.659+0000] {dag.py:3047} INFO - Sync 1 DAGs
[2025-10-14T14:50:22.672+0000] {logging_mixin.py:188} INFO - [2025-10-14T14:50:22.672+0000] {dag.py:3834} INFO - Setting next_dagrun for example_python_decorator to None, run_after=None
[2025-10-14T14:50:22.690+0000] {processor.py:183} INFO - Processing /home/airflow/.local/lib/python3.8/site-packages/airflow/example_dags/example_python_decorator.py took 0.073 seconds
[2025-10-14T14:50:52.810+0000] {processor.py:161} INFO - Started process (PID=472) to work on /home/airflow/.local/lib/python3.8/site-packages/airflow/example_dags/example_python_decorator.py
[2025-10-14T14:50:52.811+0000] {processor.py:830} INFO - Processing file /home/airflow/.local/lib/python3.8/site-packages/airflow/example_dags/example_python_decorator.py for tasks to queue
[2025-10-14T14:50:52.813+0000] {logging_mixin.py:188} INFO - [2025-10-14T14:50:52.813+0000] {dagbag.py:540} INFO - Filling up the DagBag from /home/airflow/.local/lib/python3.8/site-packages/airflow/example_dags/example_python_decorator.py
[2025-10-14T14:50:52.825+0000] {processor.py:840} INFO - DAG(s) 'example_python_decorator' retrieved from /home/airflow/.local/lib/python3.8/site-packages/airflow/example_dags/example_python_decorator.py
[2025-10-14T14:50:52.843+0000] {logging_mixin.py:188} INFO - [2025-10-14T14:50:52.843+0000] {dag.py:3047} INFO - Sync 1 DAGs
[2025-10-14T14:50:52.855+0000] {logging_mixin.py:188} INFO - [2025-10-14T14:50:52.854+0000] {dag.py:3834} INFO - Setting next_dagrun for example_python_decorator to None, run_after=None
[2025-10-14T14:50:52.874+0000] {processor.py:183} INFO - Processing /home/airflow/.local/lib/python3.8/site-packages/airflow/example_dags/example_python_decorator.py took 0.066 seconds
[2025-10-14T14:51:24.071+0000] {processor.py:161} INFO - Started process (PID=532) to work on /home/airflow/.local/lib/python3.8/site-packages/airflow/example_dags/example_python_decorator.py
[2025-10-14T14:51:24.072+0000] {processor.py:830} INFO - Processing file /home/airflow/.local/lib/python3.8/site-packages/airflow/example_dags/example_python_decorator.py for tasks to queue
[2025-10-14T14:51:24.074+0000] {logging_mixin.py:188} INFO - [2025-10-14T14:51:24.074+0000] {dagbag.py:540} INFO - Filling up the DagBag from /home/airflow/.local/lib/python3.8/site-packages/airflow/example_dags/example_python_decorator.py
[2025-10-14T14:51:24.085+0000] {processor.py:840} INFO - DAG(s) 'example_python_decorator' retrieved from /home/airflow/.local/lib/python3.8/site-packages/airflow/example_dags/example_python_decorator.py
[2025-10-14T14:51:24.104+0000] {logging_mixin.py:188} INFO - [2025-10-14T14:51:24.104+0000] {dag.py:3047} INFO - Sync 1 DAGs
[2025-10-14T14:51:24.115+0000] {logging_mixin.py:188} INFO - [2025-10-14T14:51:24.114+0000] {dag.py:3834} INFO - Setting next_dagrun for example_python_decorator to None, run_after=None
[2025-10-14T14:51:24.130+0000] {processor.py:183} INFO - Processing /home/airflow/.local/lib/python3.8/site-packages/airflow/example_dags/example_python_decorator.py took 0.061 seconds
[2025-10-14T14:51:54.259+0000] {processor.py:161} INFO - Started process (PID=591) to work on /home/airflow/.local/lib/python3.8/site-packages/airflow/example_dags/example_python_decorator.py
[2025-10-14T14:51:54.261+0000] {processor.py:830} INFO - Processing file /home/airflow/.local/lib/python3.8/site-packages/airflow/example_dags/example_python_decorator.py for tasks to queue
[2025-10-14T14:51:54.262+0000] {logging_mixin.py:188} INFO - [2025-10-14T14:51:54.262+0000] {dagbag.py:540} INFO - Filling up the DagBag from /home/airflow/.local/lib/python3.8/site-packages/airflow/example_dags/example_python_decorator.py
[2025-10-14T14:51:54.275+0000] {processor.py:840} INFO - DAG(s) 'example_python_decorator' retrieved from /home/airflow/.local/lib/python3.8/site-packages/airflow/example_dags/example_python_decorator.py
[2025-10-14T14:51:54.294+0000] {logging_mixin.py:188} INFO - [2025-10-14T14:51:54.294+0000] {dag.py:3047} INFO - Sync 1 DAGs
[2025-10-14T14:51:54.305+0000] {logging_mixin.py:188} INFO - [2025-10-14T14:51:54.305+0000] {dag.py:3834} INFO - Setting next_dagrun for example_python_decorator to None, run_after=None
[2025-10-14T14:51:54.323+0000] {processor.py:183} INFO - Processing /home/airflow/.local/lib/python3.8/site-packages/airflow/example_dags/example_python_decorator.py took 0.066 seconds
[2025-10-14T14:52:25.434+0000] {processor.py:161} INFO - Started process (PID=650) to work on /home/airflow/.local/lib/python3.8/site-packages/airflow/example_dags/example_python_decorator.py
[2025-10-14T14:52:25.435+0000] {processor.py:830} INFO - Processing file /home/airflow/.local/lib/python3.8/site-packages/airflow/example_dags/example_python_decorator.py for tasks to queue
[2025-10-14T14:52:25.437+0000] {logging_mixin.py:188} INFO - [2025-10-14T14:52:25.436+0000] {dagbag.py:540} INFO - Filling up the DagBag from /home/airflow/.local/lib/python3.8/site-packages/airflow/example_dags/example_python_decorator.py
[2025-10-14T14:52:25.449+0000] {processor.py:840} INFO - DAG(s) 'example_python_decorator' retrieved from /home/airflow/.local/lib/python3.8/site-packages/airflow/example_dags/example_python_decorator.py
[2025-10-14T14:52:25.467+0000] {logging_mixin.py:188} INFO - [2025-10-14T14:52:25.467+0000] {dag.py:3047} INFO - Sync 1 DAGs
[2025-10-14T14:52:25.477+0000] {logging_mixin.py:188} INFO - [2025-10-14T14:52:25.477+0000] {dag.py:3834} INFO - Setting next_dagrun for example_python_decorator to None, run_after=None
[2025-10-14T14:52:25.494+0000] {processor.py:183} INFO - Processing /home/airflow/.local/lib/python3.8/site-packages/airflow/example_dags/example_python_decorator.py took 0.063 seconds
[2025-10-14T14:52:56.360+0000] {processor.py:161} INFO - Started process (PID=709) to work on /home/airflow/.local/lib/python3.8/site-packages/airflow/example_dags/example_python_decorator.py
[2025-10-14T14:52:56.361+0000] {processor.py:830} INFO - Processing file /home/airflow/.local/lib/python3.8/site-packages/airflow/example_dags/example_python_decorator.py for tasks to queue
[2025-10-14T14:52:56.363+0000] {logging_mixin.py:188} INFO - [2025-10-14T14:52:56.363+0000] {dagbag.py:540} INFO - Filling up the DagBag from /home/airflow/.local/lib/python3.8/site-packages/airflow/example_dags/example_python_decorator.py
[2025-10-14T14:52:56.374+0000] {processor.py:840} INFO - DAG(s) 'example_python_decorator' retrieved from /home/airflow/.local/lib/python3.8/site-packages/airflow/example_dags/example_python_decorator.py
[2025-10-14T14:52:56.393+0000] {logging_mixin.py:188} INFO - [2025-10-14T14:52:56.392+0000] {dag.py:3047} INFO - Sync 1 DAGs
[2025-10-14T14:52:56.404+0000] {logging_mixin.py:188} INFO - [2025-10-14T14:52:56.403+0000] {dag.py:3834} INFO - Setting next_dagrun for example_python_decorator to None, run_after=None
[2025-10-14T14:52:56.419+0000] {processor.py:183} INFO - Processing /home/airflow/.local/lib/python3.8/site-packages/airflow/example_dags/example_python_decorator.py took 0.061 seconds
[2025-10-14T14:53:26.532+0000] {processor.py:161} INFO - Started process (PID=768) to work on /home/airflow/.local/lib/python3.8/site-packages/airflow/example_dags/example_python_decorator.py
[2025-10-14T14:53:26.533+0000] {processor.py:830} INFO - Processing file /home/airflow/.local/lib/python3.8/site-packages/airflow/example_dags/example_python_decorator.py for tasks to queue
[2025-10-14T14:53:26.535+0000] {logging_mixin.py:188} INFO - [2025-10-14T14:53:26.534+0000] {dagbag.py:540} INFO - Filling up the DagBag from /home/airflow/.local/lib/python3.8/site-packages/airflow/example_dags/example_python_decorator.py
[2025-10-14T14:53:26.546+0000] {processor.py:840} INFO - DAG(s) 'example_python_decorator' retrieved from /home/airflow/.local/lib/python3.8/site-packages/airflow/example_dags/example_python_decorator.py
[2025-10-14T14:53:26.565+0000] {logging_mixin.py:188} INFO - [2025-10-14T14:53:26.565+0000] {dag.py:3047} INFO - Sync 1 DAGs
[2025-10-14T14:53:26.576+0000] {logging_mixin.py:188} INFO - [2025-10-14T14:53:26.576+0000] {dag.py:3834} INFO - Setting next_dagrun for example_python_decorator to None, run_after=None
[2025-10-14T14:53:26.593+0000] {processor.py:183} INFO - Processing /home/airflow/.local/lib/python3.8/site-packages/airflow/example_dags/example_python_decorator.py took 0.064 seconds
[2025-10-14T14:53:56.685+0000] {processor.py:161} INFO - Started process (PID=825) to work on /home/airflow/.local/lib/python3.8/site-packages/airflow/example_dags/example_python_decorator.py
[2025-10-14T14:53:56.686+0000] {processor.py:830} INFO - Processing file /home/airflow/.local/lib/python3.8/site-packages/airflow/example_dags/example_python_decorator.py for tasks to queue
[2025-10-14T14:53:56.688+0000] {logging_mixin.py:188} INFO - [2025-10-14T14:53:56.688+0000] {dagbag.py:540} INFO - Filling up the DagBag from /home/airflow/.local/lib/python3.8/site-packages/airflow/example_dags/example_python_decorator.py
[2025-10-14T14:53:56.700+0000] {processor.py:840} INFO - DAG(s) 'example_python_decorator' retrieved from /home/airflow/.local/lib/python3.8/site-packages/airflow/example_dags/example_python_decorator.py
[2025-10-14T14:53:56.719+0000] {logging_mixin.py:188} INFO - [2025-10-14T14:53:56.719+0000] {dag.py:3047} INFO - Sync 1 DAGs
[2025-10-14T14:53:56.730+0000] {logging_mixin.py:188} INFO - [2025-10-14T14:53:56.730+0000] {dag.py:3834} INFO - Setting next_dagrun for example_python_decorator to None, run_after=None
[2025-10-14T14:53:56.745+0000] {processor.py:183} INFO - Processing /home/airflow/.local/lib/python3.8/site-packages/airflow/example_dags/example_python_decorator.py took 0.063 seconds
[2025-10-14T14:54:26.802+0000] {processor.py:161} INFO - Started process (PID=884) to work on /home/airflow/.local/lib/python3.8/site-packages/airflow/example_dags/example_python_decorator.py
[2025-10-14T14:54:26.803+0000] {processor.py:830} INFO - Processing file /home/airflow/.local/lib/python3.8/site-packages/airflow/example_dags/example_python_decorator.py for tasks to queue
[2025-10-14T14:54:26.804+0000] {logging_mixin.py:188} INFO - [2025-10-14T14:54:26.804+0000] {dagbag.py:540} INFO - Filling up the DagBag from /home/airflow/.local/lib/python3.8/site-packages/airflow/example_dags/example_python_decorator.py
[2025-10-14T14:54:26.816+0000] {processor.py:840} INFO - DAG(s) 'example_python_decorator' retrieved from /home/airflow/.local/lib/python3.8/site-packages/airflow/example_dags/example_python_decorator.py
[2025-10-14T14:54:26.834+0000] {logging_mixin.py:188} INFO - [2025-10-14T14:54:26.834+0000] {dag.py:3047} INFO - Sync 1 DAGs
[2025-10-14T14:54:26.845+0000] {logging_mixin.py:188} INFO - [2025-10-14T14:54:26.845+0000] {dag.py:3834} INFO - Setting next_dagrun for example_python_decorator to None, run_after=None
[2025-10-14T14:54:26.862+0000] {processor.py:183} INFO - Processing /home/airflow/.local/lib/python3.8/site-packages/airflow/example_dags/example_python_decorator.py took 0.063 seconds
[2025-10-14T14:54:56.977+0000] {processor.py:161} INFO - Started process (PID=943) to work on /home/airflow/.local/lib/python3.8/site-packages/airflow/example_dags/example_python_decorator.py
[2025-10-14T14:54:56.978+0000] {processor.py:830} INFO - Processing file /home/airflow/.local/lib/python3.8/site-packages/airflow/example_dags/example_python_decorator.py for tasks to queue
[2025-10-14T14:54:56.981+0000] {logging_mixin.py:188} INFO - [2025-10-14T14:54:56.979+0000] {dagbag.py:540} INFO - Filling up the DagBag from /home/airflow/.local/lib/python3.8/site-packages/airflow/example_dags/example_python_decorator.py
[2025-10-14T14:54:57.002+0000] {processor.py:840} INFO - DAG(s) 'example_python_decorator' retrieved from /home/airflow/.local/lib/python3.8/site-packages/airflow/example_dags/example_python_decorator.py
[2025-10-14T14:54:57.027+0000] {logging_mixin.py:188} INFO - [2025-10-14T14:54:57.027+0000] {dag.py:3047} INFO - Sync 1 DAGs
[2025-10-14T14:54:57.046+0000] {logging_mixin.py:188} INFO - [2025-10-14T14:54:57.045+0000] {dag.py:3834} INFO - Setting next_dagrun for example_python_decorator to None, run_after=None
[2025-10-14T14:54:57.066+0000] {processor.py:183} INFO - Processing /home/airflow/.local/lib/python3.8/site-packages/airflow/example_dags/example_python_decorator.py took 0.093 seconds
[2025-10-14T14:55:27.306+0000] {processor.py:161} INFO - Started process (PID=1002) to work on /home/airflow/.local/lib/python3.8/site-packages/airflow/example_dags/example_python_decorator.py
[2025-10-14T14:55:27.307+0000] {processor.py:830} INFO - Processing file /home/airflow/.local/lib/python3.8/site-packages/airflow/example_dags/example_python_decorator.py for tasks to queue
[2025-10-14T14:55:27.309+0000] {logging_mixin.py:188} INFO - [2025-10-14T14:55:27.309+0000] {dagbag.py:540} INFO - Filling up the DagBag from /home/airflow/.local/lib/python3.8/site-packages/airflow/example_dags/example_python_decorator.py
[2025-10-14T14:55:27.324+0000] {processor.py:840} INFO - DAG(s) 'example_python_decorator' retrieved from /home/airflow/.local/lib/python3.8/site-packages/airflow/example_dags/example_python_decorator.py
[2025-10-14T14:55:27.343+0000] {logging_mixin.py:188} INFO - [2025-10-14T14:55:27.343+0000] {dag.py:3047} INFO - Sync 1 DAGs
[2025-10-14T14:55:27.355+0000] {logging_mixin.py:188} INFO - [2025-10-14T14:55:27.355+0000] {dag.py:3834} INFO - Setting next_dagrun for example_python_decorator to None, run_after=None
[2025-10-14T14:55:27.372+0000] {processor.py:183} INFO - Processing /home/airflow/.local/lib/python3.8/site-packages/airflow/example_dags/example_python_decorator.py took 0.069 seconds
