[2025-10-14T14:44:57.038+0000] {processor.py:161} INFO - Started process (PID=95) to work on /home/airflow/.local/lib/python3.8/site-packages/airflow/example_dags/example_python_operator.py
[2025-10-14T14:44:57.039+0000] {processor.py:830} INFO - Processing file /home/airflow/.local/lib/python3.8/site-packages/airflow/example_dags/example_python_operator.py for tasks to queue
[2025-10-14T14:44:57.041+0000] {logging_mixin.py:188} INFO - [2025-10-14T14:44:57.041+0000] {dagbag.py:540} INFO - Filling up the DagBag from /home/airflow/.local/lib/python3.8/site-packages/airflow/example_dags/example_python_operator.py
[2025-10-14T14:44:57.054+0000] {processor.py:840} INFO - DAG(s) 'example_python_operator' retrieved from /home/airflow/.local/lib/python3.8/site-packages/airflow/example_dags/example_python_operator.py
[2025-10-14T14:44:57.165+0000] {logging_mixin.py:188} INFO - [2025-10-14T14:44:57.164+0000] {override.py:1769} INFO - Created Permission View: can edit on DAG:example_python_operator
[2025-10-14T14:44:57.174+0000] {logging_mixin.py:188} INFO - [2025-10-14T14:44:57.174+0000] {override.py:1769} INFO - Created Permission View: can delete on DAG:example_python_operator
[2025-10-14T14:44:57.183+0000] {logging_mixin.py:188} INFO - [2025-10-14T14:44:57.183+0000] {override.py:1769} INFO - Created Permission View: can read on DAG:example_python_operator
[2025-10-14T14:44:57.184+0000] {logging_mixin.py:188} INFO - [2025-10-14T14:44:57.184+0000] {dag.py:3047} INFO - Sync 1 DAGs
[2025-10-14T14:44:57.195+0000] {logging_mixin.py:188} INFO - [2025-10-14T14:44:57.195+0000] {dag.py:3069} INFO - Creating ORM DAG for example_python_operator
[2025-10-14T14:44:57.196+0000] {logging_mixin.py:188} INFO - [2025-10-14T14:44:57.196+0000] {dag.py:3834} INFO - Setting next_dagrun for example_python_operator to None, run_after=None
[2025-10-14T14:44:57.210+0000] {processor.py:183} INFO - Processing /home/airflow/.local/lib/python3.8/site-packages/airflow/example_dags/example_python_operator.py took 0.176 seconds
[2025-10-14T14:45:27.877+0000] {processor.py:161} INFO - Started process (PID=154) to work on /home/airflow/.local/lib/python3.8/site-packages/airflow/example_dags/example_python_operator.py
[2025-10-14T14:45:27.878+0000] {processor.py:830} INFO - Processing file /home/airflow/.local/lib/python3.8/site-packages/airflow/example_dags/example_python_operator.py for tasks to queue
[2025-10-14T14:45:27.880+0000] {logging_mixin.py:188} INFO - [2025-10-14T14:45:27.880+0000] {dagbag.py:540} INFO - Filling up the DagBag from /home/airflow/.local/lib/python3.8/site-packages/airflow/example_dags/example_python_operator.py
[2025-10-14T14:45:27.889+0000] {processor.py:840} INFO - DAG(s) 'example_python_operator' retrieved from /home/airflow/.local/lib/python3.8/site-packages/airflow/example_dags/example_python_operator.py
[2025-10-14T14:45:27.908+0000] {logging_mixin.py:188} INFO - [2025-10-14T14:45:27.908+0000] {dag.py:3047} INFO - Sync 1 DAGs
[2025-10-14T14:45:27.919+0000] {logging_mixin.py:188} INFO - [2025-10-14T14:45:27.919+0000] {dag.py:3834} INFO - Setting next_dagrun for example_python_operator to None, run_after=None
[2025-10-14T14:45:27.934+0000] {processor.py:183} INFO - Processing /home/airflow/.local/lib/python3.8/site-packages/airflow/example_dags/example_python_operator.py took 0.060 seconds
[2025-10-14T14:45:58.367+0000] {processor.py:161} INFO - Started process (PID=213) to work on /home/airflow/.local/lib/python3.8/site-packages/airflow/example_dags/example_python_operator.py
[2025-10-14T14:45:58.368+0000] {processor.py:830} INFO - Processing file /home/airflow/.local/lib/python3.8/site-packages/airflow/example_dags/example_python_operator.py for tasks to queue
[2025-10-14T14:45:58.370+0000] {logging_mixin.py:188} INFO - [2025-10-14T14:45:58.370+0000] {dagbag.py:540} INFO - Filling up the DagBag from /home/airflow/.local/lib/python3.8/site-packages/airflow/example_dags/example_python_operator.py
[2025-10-14T14:45:58.380+0000] {processor.py:840} INFO - DAG(s) 'example_python_operator' retrieved from /home/airflow/.local/lib/python3.8/site-packages/airflow/example_dags/example_python_operator.py
[2025-10-14T14:45:58.397+0000] {logging_mixin.py:188} INFO - [2025-10-14T14:45:58.397+0000] {dag.py:3047} INFO - Sync 1 DAGs
[2025-10-14T14:45:58.408+0000] {logging_mixin.py:188} INFO - [2025-10-14T14:45:58.408+0000] {dag.py:3834} INFO - Setting next_dagrun for example_python_operator to None, run_after=None
[2025-10-14T14:45:58.424+0000] {processor.py:183} INFO - Processing /home/airflow/.local/lib/python3.8/site-packages/airflow/example_dags/example_python_operator.py took 0.059 seconds
[2025-10-14T14:47:48.865+0000] {processor.py:161} INFO - Started process (PID=94) to work on /home/airflow/.local/lib/python3.8/site-packages/airflow/example_dags/example_python_operator.py
[2025-10-14T14:47:48.866+0000] {processor.py:830} INFO - Processing file /home/airflow/.local/lib/python3.8/site-packages/airflow/example_dags/example_python_operator.py for tasks to queue
[2025-10-14T14:47:48.868+0000] {logging_mixin.py:188} INFO - [2025-10-14T14:47:48.867+0000] {dagbag.py:540} INFO - Filling up the DagBag from /home/airflow/.local/lib/python3.8/site-packages/airflow/example_dags/example_python_operator.py
[2025-10-14T14:47:48.883+0000] {processor.py:840} INFO - DAG(s) 'example_python_operator' retrieved from /home/airflow/.local/lib/python3.8/site-packages/airflow/example_dags/example_python_operator.py
[2025-10-14T14:47:49.009+0000] {logging_mixin.py:188} INFO - [2025-10-14T14:47:49.009+0000] {dag.py:3047} INFO - Sync 1 DAGs
[2025-10-14T14:47:49.022+0000] {logging_mixin.py:188} INFO - [2025-10-14T14:47:49.021+0000] {dag.py:3834} INFO - Setting next_dagrun for example_python_operator to None, run_after=None
[2025-10-14T14:47:49.041+0000] {processor.py:183} INFO - Processing /home/airflow/.local/lib/python3.8/site-packages/airflow/example_dags/example_python_operator.py took 0.179 seconds
[2025-10-14T14:48:19.755+0000] {processor.py:161} INFO - Started process (PID=153) to work on /home/airflow/.local/lib/python3.8/site-packages/airflow/example_dags/example_python_operator.py
[2025-10-14T14:48:19.756+0000] {processor.py:830} INFO - Processing file /home/airflow/.local/lib/python3.8/site-packages/airflow/example_dags/example_python_operator.py for tasks to queue
[2025-10-14T14:48:19.758+0000] {logging_mixin.py:188} INFO - [2025-10-14T14:48:19.757+0000] {dagbag.py:540} INFO - Filling up the DagBag from /home/airflow/.local/lib/python3.8/site-packages/airflow/example_dags/example_python_operator.py
[2025-10-14T14:48:19.769+0000] {processor.py:840} INFO - DAG(s) 'example_python_operator' retrieved from /home/airflow/.local/lib/python3.8/site-packages/airflow/example_dags/example_python_operator.py
[2025-10-14T14:48:19.788+0000] {logging_mixin.py:188} INFO - [2025-10-14T14:48:19.788+0000] {dag.py:3047} INFO - Sync 1 DAGs
[2025-10-14T14:48:19.799+0000] {logging_mixin.py:188} INFO - [2025-10-14T14:48:19.799+0000] {dag.py:3834} INFO - Setting next_dagrun for example_python_operator to None, run_after=None
[2025-10-14T14:48:19.819+0000] {processor.py:183} INFO - Processing /home/airflow/.local/lib/python3.8/site-packages/airflow/example_dags/example_python_operator.py took 0.067 seconds
[2025-10-14T14:48:50.041+0000] {processor.py:161} INFO - Started process (PID=212) to work on /home/airflow/.local/lib/python3.8/site-packages/airflow/example_dags/example_python_operator.py
[2025-10-14T14:48:50.042+0000] {processor.py:830} INFO - Processing file /home/airflow/.local/lib/python3.8/site-packages/airflow/example_dags/example_python_operator.py for tasks to queue
[2025-10-14T14:48:50.043+0000] {logging_mixin.py:188} INFO - [2025-10-14T14:48:50.043+0000] {dagbag.py:540} INFO - Filling up the DagBag from /home/airflow/.local/lib/python3.8/site-packages/airflow/example_dags/example_python_operator.py
[2025-10-14T14:48:50.053+0000] {processor.py:840} INFO - DAG(s) 'example_python_operator' retrieved from /home/airflow/.local/lib/python3.8/site-packages/airflow/example_dags/example_python_operator.py
[2025-10-14T14:48:50.071+0000] {logging_mixin.py:188} INFO - [2025-10-14T14:48:50.071+0000] {dag.py:3047} INFO - Sync 1 DAGs
[2025-10-14T14:48:50.082+0000] {logging_mixin.py:188} INFO - [2025-10-14T14:48:50.082+0000] {dag.py:3834} INFO - Setting next_dagrun for example_python_operator to None, run_after=None
[2025-10-14T14:48:50.097+0000] {processor.py:183} INFO - Processing /home/airflow/.local/lib/python3.8/site-packages/airflow/example_dags/example_python_operator.py took 0.059 seconds
[2025-10-14T14:49:20.165+0000] {processor.py:161} INFO - Started process (PID=270) to work on /home/airflow/.local/lib/python3.8/site-packages/airflow/example_dags/example_python_operator.py
[2025-10-14T14:49:20.166+0000] {processor.py:830} INFO - Processing file /home/airflow/.local/lib/python3.8/site-packages/airflow/example_dags/example_python_operator.py for tasks to queue
[2025-10-14T14:49:20.168+0000] {logging_mixin.py:188} INFO - [2025-10-14T14:49:20.167+0000] {dagbag.py:540} INFO - Filling up the DagBag from /home/airflow/.local/lib/python3.8/site-packages/airflow/example_dags/example_python_operator.py
[2025-10-14T14:49:20.177+0000] {processor.py:840} INFO - DAG(s) 'example_python_operator' retrieved from /home/airflow/.local/lib/python3.8/site-packages/airflow/example_dags/example_python_operator.py
[2025-10-14T14:49:20.198+0000] {logging_mixin.py:188} INFO - [2025-10-14T14:49:20.198+0000] {dag.py:3047} INFO - Sync 1 DAGs
[2025-10-14T14:49:20.209+0000] {logging_mixin.py:188} INFO - [2025-10-14T14:49:20.208+0000] {dag.py:3834} INFO - Setting next_dagrun for example_python_operator to None, run_after=None
[2025-10-14T14:49:20.225+0000] {processor.py:183} INFO - Processing /home/airflow/.local/lib/python3.8/site-packages/airflow/example_dags/example_python_operator.py took 0.064 seconds
[2025-10-14T14:49:51.232+0000] {processor.py:161} INFO - Started process (PID=336) to work on /home/airflow/.local/lib/python3.8/site-packages/airflow/example_dags/example_python_operator.py
[2025-10-14T14:49:51.234+0000] {processor.py:830} INFO - Processing file /home/airflow/.local/lib/python3.8/site-packages/airflow/example_dags/example_python_operator.py for tasks to queue
[2025-10-14T14:49:51.236+0000] {logging_mixin.py:188} INFO - [2025-10-14T14:49:51.235+0000] {dagbag.py:540} INFO - Filling up the DagBag from /home/airflow/.local/lib/python3.8/site-packages/airflow/example_dags/example_python_operator.py
[2025-10-14T14:49:51.246+0000] {processor.py:840} INFO - DAG(s) 'example_python_operator' retrieved from /home/airflow/.local/lib/python3.8/site-packages/airflow/example_dags/example_python_operator.py
[2025-10-14T14:49:51.269+0000] {logging_mixin.py:188} INFO - [2025-10-14T14:49:51.269+0000] {dag.py:3047} INFO - Sync 1 DAGs
[2025-10-14T14:49:51.282+0000] {logging_mixin.py:188} INFO - [2025-10-14T14:49:51.282+0000] {dag.py:3834} INFO - Setting next_dagrun for example_python_operator to None, run_after=None
[2025-10-14T14:49:51.303+0000] {processor.py:183} INFO - Processing /home/airflow/.local/lib/python3.8/site-packages/airflow/example_dags/example_python_operator.py took 0.074 seconds
[2025-10-14T14:50:21.375+0000] {processor.py:161} INFO - Started process (PID=393) to work on /home/airflow/.local/lib/python3.8/site-packages/airflow/example_dags/example_python_operator.py
[2025-10-14T14:50:21.376+0000] {processor.py:830} INFO - Processing file /home/airflow/.local/lib/python3.8/site-packages/airflow/example_dags/example_python_operator.py for tasks to queue
[2025-10-14T14:50:21.378+0000] {logging_mixin.py:188} INFO - [2025-10-14T14:50:21.378+0000] {dagbag.py:540} INFO - Filling up the DagBag from /home/airflow/.local/lib/python3.8/site-packages/airflow/example_dags/example_python_operator.py
[2025-10-14T14:50:21.391+0000] {processor.py:840} INFO - DAG(s) 'example_python_operator' retrieved from /home/airflow/.local/lib/python3.8/site-packages/airflow/example_dags/example_python_operator.py
[2025-10-14T14:50:21.413+0000] {logging_mixin.py:188} INFO - [2025-10-14T14:50:21.413+0000] {dag.py:3047} INFO - Sync 1 DAGs
[2025-10-14T14:50:21.426+0000] {logging_mixin.py:188} INFO - [2025-10-14T14:50:21.425+0000] {dag.py:3834} INFO - Setting next_dagrun for example_python_operator to None, run_after=None
[2025-10-14T14:50:21.444+0000] {processor.py:183} INFO - Processing /home/airflow/.local/lib/python3.8/site-packages/airflow/example_dags/example_python_operator.py took 0.072 seconds
[2025-10-14T14:50:51.756+0000] {processor.py:161} INFO - Started process (PID=452) to work on /home/airflow/.local/lib/python3.8/site-packages/airflow/example_dags/example_python_operator.py
[2025-10-14T14:50:51.757+0000] {processor.py:830} INFO - Processing file /home/airflow/.local/lib/python3.8/site-packages/airflow/example_dags/example_python_operator.py for tasks to queue
[2025-10-14T14:50:51.759+0000] {logging_mixin.py:188} INFO - [2025-10-14T14:50:51.759+0000] {dagbag.py:540} INFO - Filling up the DagBag from /home/airflow/.local/lib/python3.8/site-packages/airflow/example_dags/example_python_operator.py
[2025-10-14T14:50:51.770+0000] {processor.py:840} INFO - DAG(s) 'example_python_operator' retrieved from /home/airflow/.local/lib/python3.8/site-packages/airflow/example_dags/example_python_operator.py
[2025-10-14T14:50:51.790+0000] {logging_mixin.py:188} INFO - [2025-10-14T14:50:51.790+0000] {dag.py:3047} INFO - Sync 1 DAGs
[2025-10-14T14:50:51.805+0000] {logging_mixin.py:188} INFO - [2025-10-14T14:50:51.805+0000] {dag.py:3834} INFO - Setting next_dagrun for example_python_operator to None, run_after=None
[2025-10-14T14:50:51.824+0000] {processor.py:183} INFO - Processing /home/airflow/.local/lib/python3.8/site-packages/airflow/example_dags/example_python_operator.py took 0.070 seconds
[2025-10-14T14:51:21.894+0000] {processor.py:161} INFO - Started process (PID=512) to work on /home/airflow/.local/lib/python3.8/site-packages/airflow/example_dags/example_python_operator.py
[2025-10-14T14:51:21.895+0000] {processor.py:830} INFO - Processing file /home/airflow/.local/lib/python3.8/site-packages/airflow/example_dags/example_python_operator.py for tasks to queue
[2025-10-14T14:51:21.897+0000] {logging_mixin.py:188} INFO - [2025-10-14T14:51:21.897+0000] {dagbag.py:540} INFO - Filling up the DagBag from /home/airflow/.local/lib/python3.8/site-packages/airflow/example_dags/example_python_operator.py
[2025-10-14T14:51:21.909+0000] {processor.py:840} INFO - DAG(s) 'example_python_operator' retrieved from /home/airflow/.local/lib/python3.8/site-packages/airflow/example_dags/example_python_operator.py
[2025-10-14T14:51:21.933+0000] {logging_mixin.py:188} INFO - [2025-10-14T14:51:21.933+0000] {dag.py:3047} INFO - Sync 1 DAGs
[2025-10-14T14:51:21.951+0000] {logging_mixin.py:188} INFO - [2025-10-14T14:51:21.951+0000] {dag.py:3834} INFO - Setting next_dagrun for example_python_operator to None, run_after=None
[2025-10-14T14:51:21.973+0000] {processor.py:183} INFO - Processing /home/airflow/.local/lib/python3.8/site-packages/airflow/example_dags/example_python_operator.py took 0.083 seconds
[2025-10-14T14:51:52.099+0000] {processor.py:161} INFO - Started process (PID=571) to work on /home/airflow/.local/lib/python3.8/site-packages/airflow/example_dags/example_python_operator.py
[2025-10-14T14:51:52.100+0000] {processor.py:830} INFO - Processing file /home/airflow/.local/lib/python3.8/site-packages/airflow/example_dags/example_python_operator.py for tasks to queue
[2025-10-14T14:51:52.102+0000] {logging_mixin.py:188} INFO - [2025-10-14T14:51:52.102+0000] {dagbag.py:540} INFO - Filling up the DagBag from /home/airflow/.local/lib/python3.8/site-packages/airflow/example_dags/example_python_operator.py
[2025-10-14T14:51:52.111+0000] {processor.py:840} INFO - DAG(s) 'example_python_operator' retrieved from /home/airflow/.local/lib/python3.8/site-packages/airflow/example_dags/example_python_operator.py
[2025-10-14T14:51:52.130+0000] {logging_mixin.py:188} INFO - [2025-10-14T14:51:52.130+0000] {dag.py:3047} INFO - Sync 1 DAGs
[2025-10-14T14:51:52.141+0000] {logging_mixin.py:188} INFO - [2025-10-14T14:51:52.141+0000] {dag.py:3834} INFO - Setting next_dagrun for example_python_operator to None, run_after=None
[2025-10-14T14:51:52.158+0000] {processor.py:183} INFO - Processing /home/airflow/.local/lib/python3.8/site-packages/airflow/example_dags/example_python_operator.py took 0.061 seconds
[2025-10-14T14:52:22.388+0000] {processor.py:161} INFO - Started process (PID=630) to work on /home/airflow/.local/lib/python3.8/site-packages/airflow/example_dags/example_python_operator.py
[2025-10-14T14:52:22.389+0000] {processor.py:830} INFO - Processing file /home/airflow/.local/lib/python3.8/site-packages/airflow/example_dags/example_python_operator.py for tasks to queue
[2025-10-14T14:52:22.391+0000] {logging_mixin.py:188} INFO - [2025-10-14T14:52:22.391+0000] {dagbag.py:540} INFO - Filling up the DagBag from /home/airflow/.local/lib/python3.8/site-packages/airflow/example_dags/example_python_operator.py
[2025-10-14T14:52:22.400+0000] {processor.py:840} INFO - DAG(s) 'example_python_operator' retrieved from /home/airflow/.local/lib/python3.8/site-packages/airflow/example_dags/example_python_operator.py
[2025-10-14T14:52:22.421+0000] {logging_mixin.py:188} INFO - [2025-10-14T14:52:22.420+0000] {dag.py:3047} INFO - Sync 1 DAGs
[2025-10-14T14:52:22.432+0000] {logging_mixin.py:188} INFO - [2025-10-14T14:52:22.432+0000] {dag.py:3834} INFO - Setting next_dagrun for example_python_operator to None, run_after=None
[2025-10-14T14:52:22.451+0000] {processor.py:183} INFO - Processing /home/airflow/.local/lib/python3.8/site-packages/airflow/example_dags/example_python_operator.py took 0.065 seconds
[2025-10-14T14:52:53.246+0000] {processor.py:161} INFO - Started process (PID=689) to work on /home/airflow/.local/lib/python3.8/site-packages/airflow/example_dags/example_python_operator.py
[2025-10-14T14:52:53.247+0000] {processor.py:830} INFO - Processing file /home/airflow/.local/lib/python3.8/site-packages/airflow/example_dags/example_python_operator.py for tasks to queue
[2025-10-14T14:52:53.249+0000] {logging_mixin.py:188} INFO - [2025-10-14T14:52:53.249+0000] {dagbag.py:540} INFO - Filling up the DagBag from /home/airflow/.local/lib/python3.8/site-packages/airflow/example_dags/example_python_operator.py
[2025-10-14T14:52:53.258+0000] {processor.py:840} INFO - DAG(s) 'example_python_operator' retrieved from /home/airflow/.local/lib/python3.8/site-packages/airflow/example_dags/example_python_operator.py
[2025-10-14T14:52:53.278+0000] {logging_mixin.py:188} INFO - [2025-10-14T14:52:53.277+0000] {dag.py:3047} INFO - Sync 1 DAGs
[2025-10-14T14:52:53.288+0000] {logging_mixin.py:188} INFO - [2025-10-14T14:52:53.288+0000] {dag.py:3834} INFO - Setting next_dagrun for example_python_operator to None, run_after=None
[2025-10-14T14:52:53.304+0000] {processor.py:183} INFO - Processing /home/airflow/.local/lib/python3.8/site-packages/airflow/example_dags/example_python_operator.py took 0.061 seconds
[2025-10-14T14:53:23.465+0000] {processor.py:161} INFO - Started process (PID=748) to work on /home/airflow/.local/lib/python3.8/site-packages/airflow/example_dags/example_python_operator.py
[2025-10-14T14:53:23.466+0000] {processor.py:830} INFO - Processing file /home/airflow/.local/lib/python3.8/site-packages/airflow/example_dags/example_python_operator.py for tasks to queue
[2025-10-14T14:53:23.468+0000] {logging_mixin.py:188} INFO - [2025-10-14T14:53:23.468+0000] {dagbag.py:540} INFO - Filling up the DagBag from /home/airflow/.local/lib/python3.8/site-packages/airflow/example_dags/example_python_operator.py
[2025-10-14T14:53:23.478+0000] {processor.py:840} INFO - DAG(s) 'example_python_operator' retrieved from /home/airflow/.local/lib/python3.8/site-packages/airflow/example_dags/example_python_operator.py
[2025-10-14T14:53:23.499+0000] {logging_mixin.py:188} INFO - [2025-10-14T14:53:23.499+0000] {dag.py:3047} INFO - Sync 1 DAGs
[2025-10-14T14:53:23.512+0000] {logging_mixin.py:188} INFO - [2025-10-14T14:53:23.512+0000] {dag.py:3834} INFO - Setting next_dagrun for example_python_operator to None, run_after=None
[2025-10-14T14:53:23.528+0000] {processor.py:183} INFO - Processing /home/airflow/.local/lib/python3.8/site-packages/airflow/example_dags/example_python_operator.py took 0.066 seconds
[2025-10-14T14:53:53.735+0000] {processor.py:161} INFO - Started process (PID=807) to work on /home/airflow/.local/lib/python3.8/site-packages/airflow/example_dags/example_python_operator.py
[2025-10-14T14:53:53.736+0000] {processor.py:830} INFO - Processing file /home/airflow/.local/lib/python3.8/site-packages/airflow/example_dags/example_python_operator.py for tasks to queue
[2025-10-14T14:53:53.738+0000] {logging_mixin.py:188} INFO - [2025-10-14T14:53:53.738+0000] {dagbag.py:540} INFO - Filling up the DagBag from /home/airflow/.local/lib/python3.8/site-packages/airflow/example_dags/example_python_operator.py
[2025-10-14T14:53:53.747+0000] {processor.py:840} INFO - DAG(s) 'example_python_operator' retrieved from /home/airflow/.local/lib/python3.8/site-packages/airflow/example_dags/example_python_operator.py
[2025-10-14T14:53:53.767+0000] {logging_mixin.py:188} INFO - [2025-10-14T14:53:53.767+0000] {dag.py:3047} INFO - Sync 1 DAGs
[2025-10-14T14:53:53.780+0000] {logging_mixin.py:188} INFO - [2025-10-14T14:53:53.779+0000] {dag.py:3834} INFO - Setting next_dagrun for example_python_operator to None, run_after=None
[2025-10-14T14:53:53.796+0000] {processor.py:183} INFO - Processing /home/airflow/.local/lib/python3.8/site-packages/airflow/example_dags/example_python_operator.py took 0.064 seconds
[2025-10-14T14:54:23.925+0000] {processor.py:161} INFO - Started process (PID=866) to work on /home/airflow/.local/lib/python3.8/site-packages/airflow/example_dags/example_python_operator.py
[2025-10-14T14:54:23.926+0000] {processor.py:830} INFO - Processing file /home/airflow/.local/lib/python3.8/site-packages/airflow/example_dags/example_python_operator.py for tasks to queue
[2025-10-14T14:54:23.928+0000] {logging_mixin.py:188} INFO - [2025-10-14T14:54:23.928+0000] {dagbag.py:540} INFO - Filling up the DagBag from /home/airflow/.local/lib/python3.8/site-packages/airflow/example_dags/example_python_operator.py
[2025-10-14T14:54:23.938+0000] {processor.py:840} INFO - DAG(s) 'example_python_operator' retrieved from /home/airflow/.local/lib/python3.8/site-packages/airflow/example_dags/example_python_operator.py
[2025-10-14T14:54:23.958+0000] {logging_mixin.py:188} INFO - [2025-10-14T14:54:23.958+0000] {dag.py:3047} INFO - Sync 1 DAGs
[2025-10-14T14:54:23.969+0000] {logging_mixin.py:188} INFO - [2025-10-14T14:54:23.969+0000] {dag.py:3834} INFO - Setting next_dagrun for example_python_operator to None, run_after=None
[2025-10-14T14:54:23.988+0000] {processor.py:183} INFO - Processing /home/airflow/.local/lib/python3.8/site-packages/airflow/example_dags/example_python_operator.py took 0.066 seconds
[2025-10-14T14:54:54.065+0000] {processor.py:161} INFO - Started process (PID=925) to work on /home/airflow/.local/lib/python3.8/site-packages/airflow/example_dags/example_python_operator.py
[2025-10-14T14:54:54.066+0000] {processor.py:830} INFO - Processing file /home/airflow/.local/lib/python3.8/site-packages/airflow/example_dags/example_python_operator.py for tasks to queue
[2025-10-14T14:54:54.068+0000] {logging_mixin.py:188} INFO - [2025-10-14T14:54:54.068+0000] {dagbag.py:540} INFO - Filling up the DagBag from /home/airflow/.local/lib/python3.8/site-packages/airflow/example_dags/example_python_operator.py
[2025-10-14T14:54:54.078+0000] {processor.py:840} INFO - DAG(s) 'example_python_operator' retrieved from /home/airflow/.local/lib/python3.8/site-packages/airflow/example_dags/example_python_operator.py
[2025-10-14T14:54:54.098+0000] {logging_mixin.py:188} INFO - [2025-10-14T14:54:54.098+0000] {dag.py:3047} INFO - Sync 1 DAGs
[2025-10-14T14:54:54.115+0000] {logging_mixin.py:188} INFO - [2025-10-14T14:54:54.115+0000] {dag.py:3834} INFO - Setting next_dagrun for example_python_operator to None, run_after=None
[2025-10-14T14:54:54.142+0000] {processor.py:183} INFO - Processing /home/airflow/.local/lib/python3.8/site-packages/airflow/example_dags/example_python_operator.py took 0.080 seconds
[2025-10-14T14:55:24.414+0000] {processor.py:161} INFO - Started process (PID=984) to work on /home/airflow/.local/lib/python3.8/site-packages/airflow/example_dags/example_python_operator.py
[2025-10-14T14:55:24.415+0000] {processor.py:830} INFO - Processing file /home/airflow/.local/lib/python3.8/site-packages/airflow/example_dags/example_python_operator.py for tasks to queue
[2025-10-14T14:55:24.417+0000] {logging_mixin.py:188} INFO - [2025-10-14T14:55:24.417+0000] {dagbag.py:540} INFO - Filling up the DagBag from /home/airflow/.local/lib/python3.8/site-packages/airflow/example_dags/example_python_operator.py
[2025-10-14T14:55:24.428+0000] {processor.py:840} INFO - DAG(s) 'example_python_operator' retrieved from /home/airflow/.local/lib/python3.8/site-packages/airflow/example_dags/example_python_operator.py
[2025-10-14T14:55:24.449+0000] {logging_mixin.py:188} INFO - [2025-10-14T14:55:24.449+0000] {dag.py:3047} INFO - Sync 1 DAGs
[2025-10-14T14:55:24.460+0000] {logging_mixin.py:188} INFO - [2025-10-14T14:55:24.460+0000] {dag.py:3834} INFO - Setting next_dagrun for example_python_operator to None, run_after=None
[2025-10-14T14:55:24.477+0000] {processor.py:183} INFO - Processing /home/airflow/.local/lib/python3.8/site-packages/airflow/example_dags/example_python_operator.py took 0.066 seconds
