[2025-10-14T14:44:58.222+0000] {processor.py:161} INFO - Started process (PID=106) to work on /home/airflow/.local/lib/python3.8/site-packages/airflow/example_dags/example_branch_labels.py
[2025-10-14T14:44:58.223+0000] {processor.py:830} INFO - Processing file /home/airflow/.local/lib/python3.8/site-packages/airflow/example_dags/example_branch_labels.py for tasks to queue
[2025-10-14T14:44:58.225+0000] {logging_mixin.py:188} INFO - [2025-10-14T14:44:58.224+0000] {dagbag.py:540} INFO - Filling up the DagBag from /home/airflow/.local/lib/python3.8/site-packages/airflow/example_dags/example_branch_labels.py
[2025-10-14T14:44:58.235+0000] {processor.py:840} INFO - DAG(s) 'example_branch_labels' retrieved from /home/airflow/.local/lib/python3.8/site-packages/airflow/example_dags/example_branch_labels.py
[2025-10-14T14:44:58.330+0000] {logging_mixin.py:188} INFO - [2025-10-14T14:44:58.330+0000] {override.py:1769} INFO - Created Permission View: can edit on DAG:example_branch_labels
[2025-10-14T14:44:58.339+0000] {logging_mixin.py:188} INFO - [2025-10-14T14:44:58.339+0000] {override.py:1769} INFO - Created Permission View: can delete on DAG:example_branch_labels
[2025-10-14T14:44:58.350+0000] {logging_mixin.py:188} INFO - [2025-10-14T14:44:58.349+0000] {override.py:1769} INFO - Created Permission View: can read on DAG:example_branch_labels
[2025-10-14T14:44:58.350+0000] {logging_mixin.py:188} INFO - [2025-10-14T14:44:58.350+0000] {dag.py:3047} INFO - Sync 1 DAGs
[2025-10-14T14:44:58.365+0000] {logging_mixin.py:188} INFO - [2025-10-14T14:44:58.365+0000] {dag.py:3069} INFO - Creating ORM DAG for example_branch_labels
[2025-10-14T14:44:58.376+0000] {logging_mixin.py:188} INFO - [2025-10-14T14:44:58.376+0000] {dag.py:3834} INFO - Setting next_dagrun for example_branch_labels to 2025-10-13 00:00:00+00:00, run_after=2025-10-14 00:00:00+00:00
[2025-10-14T14:44:58.392+0000] {processor.py:183} INFO - Processing /home/airflow/.local/lib/python3.8/site-packages/airflow/example_dags/example_branch_labels.py took 0.173 seconds
[2025-10-14T14:45:28.462+0000] {processor.py:161} INFO - Started process (PID=165) to work on /home/airflow/.local/lib/python3.8/site-packages/airflow/example_dags/example_branch_labels.py
[2025-10-14T14:45:28.463+0000] {processor.py:830} INFO - Processing file /home/airflow/.local/lib/python3.8/site-packages/airflow/example_dags/example_branch_labels.py for tasks to queue
[2025-10-14T14:45:28.465+0000] {logging_mixin.py:188} INFO - [2025-10-14T14:45:28.465+0000] {dagbag.py:540} INFO - Filling up the DagBag from /home/airflow/.local/lib/python3.8/site-packages/airflow/example_dags/example_branch_labels.py
[2025-10-14T14:45:28.472+0000] {processor.py:840} INFO - DAG(s) 'example_branch_labels' retrieved from /home/airflow/.local/lib/python3.8/site-packages/airflow/example_dags/example_branch_labels.py
[2025-10-14T14:45:28.490+0000] {logging_mixin.py:188} INFO - [2025-10-14T14:45:28.490+0000] {dag.py:3047} INFO - Sync 1 DAGs
[2025-10-14T14:45:28.511+0000] {logging_mixin.py:188} INFO - [2025-10-14T14:45:28.511+0000] {dag.py:3834} INFO - Setting next_dagrun for example_branch_labels to 2025-10-13 00:00:00+00:00, run_after=2025-10-14 00:00:00+00:00
[2025-10-14T14:45:28.528+0000] {processor.py:183} INFO - Processing /home/airflow/.local/lib/python3.8/site-packages/airflow/example_dags/example_branch_labels.py took 0.069 seconds
[2025-10-14T14:45:58.833+0000] {processor.py:161} INFO - Started process (PID=224) to work on /home/airflow/.local/lib/python3.8/site-packages/airflow/example_dags/example_branch_labels.py
[2025-10-14T14:45:58.834+0000] {processor.py:830} INFO - Processing file /home/airflow/.local/lib/python3.8/site-packages/airflow/example_dags/example_branch_labels.py for tasks to queue
[2025-10-14T14:45:58.836+0000] {logging_mixin.py:188} INFO - [2025-10-14T14:45:58.835+0000] {dagbag.py:540} INFO - Filling up the DagBag from /home/airflow/.local/lib/python3.8/site-packages/airflow/example_dags/example_branch_labels.py
[2025-10-14T14:45:58.843+0000] {processor.py:840} INFO - DAG(s) 'example_branch_labels' retrieved from /home/airflow/.local/lib/python3.8/site-packages/airflow/example_dags/example_branch_labels.py
[2025-10-14T14:45:58.861+0000] {logging_mixin.py:188} INFO - [2025-10-14T14:45:58.861+0000] {dag.py:3047} INFO - Sync 1 DAGs
[2025-10-14T14:45:58.883+0000] {logging_mixin.py:188} INFO - [2025-10-14T14:45:58.883+0000] {dag.py:3834} INFO - Setting next_dagrun for example_branch_labels to 2025-10-13 00:00:00+00:00, run_after=2025-10-14 00:00:00+00:00
[2025-10-14T14:45:58.901+0000] {processor.py:183} INFO - Processing /home/airflow/.local/lib/python3.8/site-packages/airflow/example_dags/example_branch_labels.py took 0.071 seconds
[2025-10-14T14:47:49.944+0000] {processor.py:161} INFO - Started process (PID=105) to work on /home/airflow/.local/lib/python3.8/site-packages/airflow/example_dags/example_branch_labels.py
[2025-10-14T14:47:49.945+0000] {processor.py:830} INFO - Processing file /home/airflow/.local/lib/python3.8/site-packages/airflow/example_dags/example_branch_labels.py for tasks to queue
[2025-10-14T14:47:49.947+0000] {logging_mixin.py:188} INFO - [2025-10-14T14:47:49.947+0000] {dagbag.py:540} INFO - Filling up the DagBag from /home/airflow/.local/lib/python3.8/site-packages/airflow/example_dags/example_branch_labels.py
[2025-10-14T14:47:49.956+0000] {processor.py:840} INFO - DAG(s) 'example_branch_labels' retrieved from /home/airflow/.local/lib/python3.8/site-packages/airflow/example_dags/example_branch_labels.py
[2025-10-14T14:47:50.049+0000] {logging_mixin.py:188} INFO - [2025-10-14T14:47:50.049+0000] {dag.py:3047} INFO - Sync 1 DAGs
[2025-10-14T14:47:50.071+0000] {logging_mixin.py:188} INFO - [2025-10-14T14:47:50.070+0000] {dag.py:3834} INFO - Setting next_dagrun for example_branch_labels to 2025-10-13 00:00:00+00:00, run_after=2025-10-14 00:00:00+00:00
[2025-10-14T14:47:50.088+0000] {processor.py:183} INFO - Processing /home/airflow/.local/lib/python3.8/site-packages/airflow/example_dags/example_branch_labels.py took 0.147 seconds
[2025-10-14T14:48:20.226+0000] {processor.py:161} INFO - Started process (PID=164) to work on /home/airflow/.local/lib/python3.8/site-packages/airflow/example_dags/example_branch_labels.py
[2025-10-14T14:48:20.227+0000] {processor.py:830} INFO - Processing file /home/airflow/.local/lib/python3.8/site-packages/airflow/example_dags/example_branch_labels.py for tasks to queue
[2025-10-14T14:48:20.229+0000] {logging_mixin.py:188} INFO - [2025-10-14T14:48:20.228+0000] {dagbag.py:540} INFO - Filling up the DagBag from /home/airflow/.local/lib/python3.8/site-packages/airflow/example_dags/example_branch_labels.py
[2025-10-14T14:48:20.236+0000] {processor.py:840} INFO - DAG(s) 'example_branch_labels' retrieved from /home/airflow/.local/lib/python3.8/site-packages/airflow/example_dags/example_branch_labels.py
[2025-10-14T14:48:20.256+0000] {logging_mixin.py:188} INFO - [2025-10-14T14:48:20.255+0000] {dag.py:3047} INFO - Sync 1 DAGs
[2025-10-14T14:48:20.279+0000] {logging_mixin.py:188} INFO - [2025-10-14T14:48:20.279+0000] {dag.py:3834} INFO - Setting next_dagrun for example_branch_labels to 2025-10-13 00:00:00+00:00, run_after=2025-10-14 00:00:00+00:00
[2025-10-14T14:48:20.298+0000] {processor.py:183} INFO - Processing /home/airflow/.local/lib/python3.8/site-packages/airflow/example_dags/example_branch_labels.py took 0.075 seconds
[2025-10-14T14:48:50.587+0000] {processor.py:161} INFO - Started process (PID=223) to work on /home/airflow/.local/lib/python3.8/site-packages/airflow/example_dags/example_branch_labels.py
[2025-10-14T14:48:50.588+0000] {processor.py:830} INFO - Processing file /home/airflow/.local/lib/python3.8/site-packages/airflow/example_dags/example_branch_labels.py for tasks to queue
[2025-10-14T14:48:50.590+0000] {logging_mixin.py:188} INFO - [2025-10-14T14:48:50.589+0000] {dagbag.py:540} INFO - Filling up the DagBag from /home/airflow/.local/lib/python3.8/site-packages/airflow/example_dags/example_branch_labels.py
[2025-10-14T14:48:50.597+0000] {processor.py:840} INFO - DAG(s) 'example_branch_labels' retrieved from /home/airflow/.local/lib/python3.8/site-packages/airflow/example_dags/example_branch_labels.py
[2025-10-14T14:48:50.617+0000] {logging_mixin.py:188} INFO - [2025-10-14T14:48:50.617+0000] {dag.py:3047} INFO - Sync 1 DAGs
[2025-10-14T14:48:50.637+0000] {logging_mixin.py:188} INFO - [2025-10-14T14:48:50.637+0000] {dag.py:3834} INFO - Setting next_dagrun for example_branch_labels to 2025-10-13 00:00:00+00:00, run_after=2025-10-14 00:00:00+00:00
[2025-10-14T14:48:50.652+0000] {processor.py:183} INFO - Processing /home/airflow/.local/lib/python3.8/site-packages/airflow/example_dags/example_branch_labels.py took 0.069 seconds
[2025-10-14T14:49:20.912+0000] {processor.py:161} INFO - Started process (PID=288) to work on /home/airflow/.local/lib/python3.8/site-packages/airflow/example_dags/example_branch_labels.py
[2025-10-14T14:49:20.913+0000] {processor.py:830} INFO - Processing file /home/airflow/.local/lib/python3.8/site-packages/airflow/example_dags/example_branch_labels.py for tasks to queue
[2025-10-14T14:49:20.914+0000] {logging_mixin.py:188} INFO - [2025-10-14T14:49:20.914+0000] {dagbag.py:540} INFO - Filling up the DagBag from /home/airflow/.local/lib/python3.8/site-packages/airflow/example_dags/example_branch_labels.py
[2025-10-14T14:49:20.922+0000] {processor.py:840} INFO - DAG(s) 'example_branch_labels' retrieved from /home/airflow/.local/lib/python3.8/site-packages/airflow/example_dags/example_branch_labels.py
[2025-10-14T14:49:20.940+0000] {logging_mixin.py:188} INFO - [2025-10-14T14:49:20.940+0000] {dag.py:3047} INFO - Sync 1 DAGs
[2025-10-14T14:49:20.959+0000] {logging_mixin.py:188} INFO - [2025-10-14T14:49:20.959+0000] {dag.py:3834} INFO - Setting next_dagrun for example_branch_labels to 2025-10-13 00:00:00+00:00, run_after=2025-10-14 00:00:00+00:00
[2025-10-14T14:49:20.974+0000] {processor.py:183} INFO - Processing /home/airflow/.local/lib/python3.8/site-packages/airflow/example_dags/example_branch_labels.py took 0.066 seconds
[2025-10-14T14:49:52.073+0000] {processor.py:161} INFO - Started process (PID=347) to work on /home/airflow/.local/lib/python3.8/site-packages/airflow/example_dags/example_branch_labels.py
[2025-10-14T14:49:52.074+0000] {processor.py:830} INFO - Processing file /home/airflow/.local/lib/python3.8/site-packages/airflow/example_dags/example_branch_labels.py for tasks to queue
[2025-10-14T14:49:52.076+0000] {logging_mixin.py:188} INFO - [2025-10-14T14:49:52.076+0000] {dagbag.py:540} INFO - Filling up the DagBag from /home/airflow/.local/lib/python3.8/site-packages/airflow/example_dags/example_branch_labels.py
[2025-10-14T14:49:52.084+0000] {processor.py:840} INFO - DAG(s) 'example_branch_labels' retrieved from /home/airflow/.local/lib/python3.8/site-packages/airflow/example_dags/example_branch_labels.py
[2025-10-14T14:49:52.102+0000] {logging_mixin.py:188} INFO - [2025-10-14T14:49:52.102+0000] {dag.py:3047} INFO - Sync 1 DAGs
[2025-10-14T14:49:52.123+0000] {logging_mixin.py:188} INFO - [2025-10-14T14:49:52.123+0000] {dag.py:3834} INFO - Setting next_dagrun for example_branch_labels to 2025-10-13 00:00:00+00:00, run_after=2025-10-14 00:00:00+00:00
[2025-10-14T14:49:52.139+0000] {processor.py:183} INFO - Processing /home/airflow/.local/lib/python3.8/site-packages/airflow/example_dags/example_branch_labels.py took 0.069 seconds
[2025-10-14T14:50:22.228+0000] {processor.py:161} INFO - Started process (PID=406) to work on /home/airflow/.local/lib/python3.8/site-packages/airflow/example_dags/example_branch_labels.py
[2025-10-14T14:50:22.229+0000] {processor.py:830} INFO - Processing file /home/airflow/.local/lib/python3.8/site-packages/airflow/example_dags/example_branch_labels.py for tasks to queue
[2025-10-14T14:50:22.231+0000] {logging_mixin.py:188} INFO - [2025-10-14T14:50:22.231+0000] {dagbag.py:540} INFO - Filling up the DagBag from /home/airflow/.local/lib/python3.8/site-packages/airflow/example_dags/example_branch_labels.py
[2025-10-14T14:50:22.239+0000] {processor.py:840} INFO - DAG(s) 'example_branch_labels' retrieved from /home/airflow/.local/lib/python3.8/site-packages/airflow/example_dags/example_branch_labels.py
[2025-10-14T14:50:22.260+0000] {logging_mixin.py:188} INFO - [2025-10-14T14:50:22.260+0000] {dag.py:3047} INFO - Sync 1 DAGs
[2025-10-14T14:50:22.283+0000] {logging_mixin.py:188} INFO - [2025-10-14T14:50:22.283+0000] {dag.py:3834} INFO - Setting next_dagrun for example_branch_labels to 2025-10-13 00:00:00+00:00, run_after=2025-10-14 00:00:00+00:00
[2025-10-14T14:50:22.305+0000] {processor.py:183} INFO - Processing /home/airflow/.local/lib/python3.8/site-packages/airflow/example_dags/example_branch_labels.py took 0.080 seconds
[2025-10-14T14:50:52.522+0000] {processor.py:161} INFO - Started process (PID=465) to work on /home/airflow/.local/lib/python3.8/site-packages/airflow/example_dags/example_branch_labels.py
[2025-10-14T14:50:52.524+0000] {processor.py:830} INFO - Processing file /home/airflow/.local/lib/python3.8/site-packages/airflow/example_dags/example_branch_labels.py for tasks to queue
[2025-10-14T14:50:52.526+0000] {logging_mixin.py:188} INFO - [2025-10-14T14:50:52.525+0000] {dagbag.py:540} INFO - Filling up the DagBag from /home/airflow/.local/lib/python3.8/site-packages/airflow/example_dags/example_branch_labels.py
[2025-10-14T14:50:52.533+0000] {processor.py:840} INFO - DAG(s) 'example_branch_labels' retrieved from /home/airflow/.local/lib/python3.8/site-packages/airflow/example_dags/example_branch_labels.py
[2025-10-14T14:50:52.551+0000] {logging_mixin.py:188} INFO - [2025-10-14T14:50:52.550+0000] {dag.py:3047} INFO - Sync 1 DAGs
[2025-10-14T14:50:52.570+0000] {logging_mixin.py:188} INFO - [2025-10-14T14:50:52.570+0000] {dag.py:3834} INFO - Setting next_dagrun for example_branch_labels to 2025-10-13 00:00:00+00:00, run_after=2025-10-14 00:00:00+00:00
[2025-10-14T14:50:52.586+0000] {processor.py:183} INFO - Processing /home/airflow/.local/lib/python3.8/site-packages/airflow/example_dags/example_branch_labels.py took 0.066 seconds
[2025-10-14T14:51:23.596+0000] {processor.py:161} INFO - Started process (PID=525) to work on /home/airflow/.local/lib/python3.8/site-packages/airflow/example_dags/example_branch_labels.py
[2025-10-14T14:51:23.597+0000] {processor.py:830} INFO - Processing file /home/airflow/.local/lib/python3.8/site-packages/airflow/example_dags/example_branch_labels.py for tasks to queue
[2025-10-14T14:51:23.599+0000] {logging_mixin.py:188} INFO - [2025-10-14T14:51:23.598+0000] {dagbag.py:540} INFO - Filling up the DagBag from /home/airflow/.local/lib/python3.8/site-packages/airflow/example_dags/example_branch_labels.py
[2025-10-14T14:51:23.606+0000] {processor.py:840} INFO - DAG(s) 'example_branch_labels' retrieved from /home/airflow/.local/lib/python3.8/site-packages/airflow/example_dags/example_branch_labels.py
[2025-10-14T14:51:23.625+0000] {logging_mixin.py:188} INFO - [2025-10-14T14:51:23.625+0000] {dag.py:3047} INFO - Sync 1 DAGs
[2025-10-14T14:51:23.646+0000] {logging_mixin.py:188} INFO - [2025-10-14T14:51:23.646+0000] {dag.py:3834} INFO - Setting next_dagrun for example_branch_labels to 2025-10-13 00:00:00+00:00, run_after=2025-10-14 00:00:00+00:00
[2025-10-14T14:51:23.662+0000] {processor.py:183} INFO - Processing /home/airflow/.local/lib/python3.8/site-packages/airflow/example_dags/example_branch_labels.py took 0.069 seconds
[2025-10-14T14:51:53.692+0000] {processor.py:161} INFO - Started process (PID=582) to work on /home/airflow/.local/lib/python3.8/site-packages/airflow/example_dags/example_branch_labels.py
[2025-10-14T14:51:53.693+0000] {processor.py:830} INFO - Processing file /home/airflow/.local/lib/python3.8/site-packages/airflow/example_dags/example_branch_labels.py for tasks to queue
[2025-10-14T14:51:53.695+0000] {logging_mixin.py:188} INFO - [2025-10-14T14:51:53.695+0000] {dagbag.py:540} INFO - Filling up the DagBag from /home/airflow/.local/lib/python3.8/site-packages/airflow/example_dags/example_branch_labels.py
[2025-10-14T14:51:53.702+0000] {processor.py:840} INFO - DAG(s) 'example_branch_labels' retrieved from /home/airflow/.local/lib/python3.8/site-packages/airflow/example_dags/example_branch_labels.py
[2025-10-14T14:51:53.720+0000] {logging_mixin.py:188} INFO - [2025-10-14T14:51:53.720+0000] {dag.py:3047} INFO - Sync 1 DAGs
[2025-10-14T14:51:53.739+0000] {logging_mixin.py:188} INFO - [2025-10-14T14:51:53.739+0000] {dag.py:3834} INFO - Setting next_dagrun for example_branch_labels to 2025-10-13 00:00:00+00:00, run_after=2025-10-14 00:00:00+00:00
[2025-10-14T14:51:53.756+0000] {processor.py:183} INFO - Processing /home/airflow/.local/lib/python3.8/site-packages/airflow/example_dags/example_branch_labels.py took 0.066 seconds
[2025-10-14T14:52:23.880+0000] {processor.py:161} INFO - Started process (PID=641) to work on /home/airflow/.local/lib/python3.8/site-packages/airflow/example_dags/example_branch_labels.py
[2025-10-14T14:52:23.881+0000] {processor.py:830} INFO - Processing file /home/airflow/.local/lib/python3.8/site-packages/airflow/example_dags/example_branch_labels.py for tasks to queue
[2025-10-14T14:52:23.883+0000] {logging_mixin.py:188} INFO - [2025-10-14T14:52:23.882+0000] {dagbag.py:540} INFO - Filling up the DagBag from /home/airflow/.local/lib/python3.8/site-packages/airflow/example_dags/example_branch_labels.py
[2025-10-14T14:52:23.890+0000] {processor.py:840} INFO - DAG(s) 'example_branch_labels' retrieved from /home/airflow/.local/lib/python3.8/site-packages/airflow/example_dags/example_branch_labels.py
[2025-10-14T14:52:23.909+0000] {logging_mixin.py:188} INFO - [2025-10-14T14:52:23.909+0000] {dag.py:3047} INFO - Sync 1 DAGs
[2025-10-14T14:52:23.929+0000] {logging_mixin.py:188} INFO - [2025-10-14T14:52:23.929+0000] {dag.py:3834} INFO - Setting next_dagrun for example_branch_labels to 2025-10-13 00:00:00+00:00, run_after=2025-10-14 00:00:00+00:00
[2025-10-14T14:52:23.946+0000] {processor.py:183} INFO - Processing /home/airflow/.local/lib/python3.8/site-packages/airflow/example_dags/example_branch_labels.py took 0.069 seconds
[2025-10-14T14:52:54.805+0000] {processor.py:161} INFO - Started process (PID=700) to work on /home/airflow/.local/lib/python3.8/site-packages/airflow/example_dags/example_branch_labels.py
[2025-10-14T14:52:54.806+0000] {processor.py:830} INFO - Processing file /home/airflow/.local/lib/python3.8/site-packages/airflow/example_dags/example_branch_labels.py for tasks to queue
[2025-10-14T14:52:54.808+0000] {logging_mixin.py:188} INFO - [2025-10-14T14:52:54.808+0000] {dagbag.py:540} INFO - Filling up the DagBag from /home/airflow/.local/lib/python3.8/site-packages/airflow/example_dags/example_branch_labels.py
[2025-10-14T14:52:54.815+0000] {processor.py:840} INFO - DAG(s) 'example_branch_labels' retrieved from /home/airflow/.local/lib/python3.8/site-packages/airflow/example_dags/example_branch_labels.py
[2025-10-14T14:52:54.833+0000] {logging_mixin.py:188} INFO - [2025-10-14T14:52:54.833+0000] {dag.py:3047} INFO - Sync 1 DAGs
[2025-10-14T14:52:54.854+0000] {logging_mixin.py:188} INFO - [2025-10-14T14:52:54.854+0000] {dag.py:3834} INFO - Setting next_dagrun for example_branch_labels to 2025-10-13 00:00:00+00:00, run_after=2025-10-14 00:00:00+00:00
[2025-10-14T14:52:54.869+0000] {processor.py:183} INFO - Processing /home/airflow/.local/lib/python3.8/site-packages/airflow/example_dags/example_branch_labels.py took 0.067 seconds
[2025-10-14T14:53:24.969+0000] {processor.py:161} INFO - Started process (PID=759) to work on /home/airflow/.local/lib/python3.8/site-packages/airflow/example_dags/example_branch_labels.py
[2025-10-14T14:53:24.970+0000] {processor.py:830} INFO - Processing file /home/airflow/.local/lib/python3.8/site-packages/airflow/example_dags/example_branch_labels.py for tasks to queue
[2025-10-14T14:53:24.972+0000] {logging_mixin.py:188} INFO - [2025-10-14T14:53:24.972+0000] {dagbag.py:540} INFO - Filling up the DagBag from /home/airflow/.local/lib/python3.8/site-packages/airflow/example_dags/example_branch_labels.py
[2025-10-14T14:53:24.979+0000] {processor.py:840} INFO - DAG(s) 'example_branch_labels' retrieved from /home/airflow/.local/lib/python3.8/site-packages/airflow/example_dags/example_branch_labels.py
[2025-10-14T14:53:24.998+0000] {logging_mixin.py:188} INFO - [2025-10-14T14:53:24.997+0000] {dag.py:3047} INFO - Sync 1 DAGs
[2025-10-14T14:53:25.018+0000] {logging_mixin.py:188} INFO - [2025-10-14T14:53:25.018+0000] {dag.py:3834} INFO - Setting next_dagrun for example_branch_labels to 2025-10-13 00:00:00+00:00, run_after=2025-10-14 00:00:00+00:00
[2025-10-14T14:53:25.032+0000] {processor.py:183} INFO - Processing /home/airflow/.local/lib/python3.8/site-packages/airflow/example_dags/example_branch_labels.py took 0.066 seconds
[2025-10-14T14:53:55.242+0000] {processor.py:161} INFO - Started process (PID=818) to work on /home/airflow/.local/lib/python3.8/site-packages/airflow/example_dags/example_branch_labels.py
[2025-10-14T14:53:55.244+0000] {processor.py:830} INFO - Processing file /home/airflow/.local/lib/python3.8/site-packages/airflow/example_dags/example_branch_labels.py for tasks to queue
[2025-10-14T14:53:55.246+0000] {logging_mixin.py:188} INFO - [2025-10-14T14:53:55.245+0000] {dagbag.py:540} INFO - Filling up the DagBag from /home/airflow/.local/lib/python3.8/site-packages/airflow/example_dags/example_branch_labels.py
[2025-10-14T14:53:55.253+0000] {processor.py:840} INFO - DAG(s) 'example_branch_labels' retrieved from /home/airflow/.local/lib/python3.8/site-packages/airflow/example_dags/example_branch_labels.py
[2025-10-14T14:53:55.273+0000] {logging_mixin.py:188} INFO - [2025-10-14T14:53:55.272+0000] {dag.py:3047} INFO - Sync 1 DAGs
[2025-10-14T14:53:55.295+0000] {logging_mixin.py:188} INFO - [2025-10-14T14:53:55.295+0000] {dag.py:3834} INFO - Setting next_dagrun for example_branch_labels to 2025-10-13 00:00:00+00:00, run_after=2025-10-14 00:00:00+00:00
[2025-10-14T14:53:55.313+0000] {processor.py:183} INFO - Processing /home/airflow/.local/lib/python3.8/site-packages/airflow/example_dags/example_branch_labels.py took 0.074 seconds
[2025-10-14T14:54:25.454+0000] {processor.py:161} INFO - Started process (PID=877) to work on /home/airflow/.local/lib/python3.8/site-packages/airflow/example_dags/example_branch_labels.py
[2025-10-14T14:54:25.455+0000] {processor.py:830} INFO - Processing file /home/airflow/.local/lib/python3.8/site-packages/airflow/example_dags/example_branch_labels.py for tasks to queue
[2025-10-14T14:54:25.457+0000] {logging_mixin.py:188} INFO - [2025-10-14T14:54:25.457+0000] {dagbag.py:540} INFO - Filling up the DagBag from /home/airflow/.local/lib/python3.8/site-packages/airflow/example_dags/example_branch_labels.py
[2025-10-14T14:54:25.465+0000] {processor.py:840} INFO - DAG(s) 'example_branch_labels' retrieved from /home/airflow/.local/lib/python3.8/site-packages/airflow/example_dags/example_branch_labels.py
[2025-10-14T14:54:25.486+0000] {logging_mixin.py:188} INFO - [2025-10-14T14:54:25.486+0000] {dag.py:3047} INFO - Sync 1 DAGs
[2025-10-14T14:54:25.510+0000] {logging_mixin.py:188} INFO - [2025-10-14T14:54:25.510+0000] {dag.py:3834} INFO - Setting next_dagrun for example_branch_labels to 2025-10-13 00:00:00+00:00, run_after=2025-10-14 00:00:00+00:00
[2025-10-14T14:54:25.525+0000] {processor.py:183} INFO - Processing /home/airflow/.local/lib/python3.8/site-packages/airflow/example_dags/example_branch_labels.py took 0.075 seconds
[2025-10-14T14:54:55.585+0000] {processor.py:161} INFO - Started process (PID=936) to work on /home/airflow/.local/lib/python3.8/site-packages/airflow/example_dags/example_branch_labels.py
[2025-10-14T14:54:55.585+0000] {processor.py:830} INFO - Processing file /home/airflow/.local/lib/python3.8/site-packages/airflow/example_dags/example_branch_labels.py for tasks to queue
[2025-10-14T14:54:55.587+0000] {logging_mixin.py:188} INFO - [2025-10-14T14:54:55.587+0000] {dagbag.py:540} INFO - Filling up the DagBag from /home/airflow/.local/lib/python3.8/site-packages/airflow/example_dags/example_branch_labels.py
[2025-10-14T14:54:55.594+0000] {processor.py:840} INFO - DAG(s) 'example_branch_labels' retrieved from /home/airflow/.local/lib/python3.8/site-packages/airflow/example_dags/example_branch_labels.py
[2025-10-14T14:54:55.614+0000] {logging_mixin.py:188} INFO - [2025-10-14T14:54:55.614+0000] {dag.py:3047} INFO - Sync 1 DAGs
[2025-10-14T14:54:55.635+0000] {logging_mixin.py:188} INFO - [2025-10-14T14:54:55.635+0000] {dag.py:3834} INFO - Setting next_dagrun for example_branch_labels to 2025-10-13 00:00:00+00:00, run_after=2025-10-14 00:00:00+00:00
[2025-10-14T14:54:55.653+0000] {processor.py:183} INFO - Processing /home/airflow/.local/lib/python3.8/site-packages/airflow/example_dags/example_branch_labels.py took 0.071 seconds
[2025-10-14T14:55:25.926+0000] {processor.py:161} INFO - Started process (PID=995) to work on /home/airflow/.local/lib/python3.8/site-packages/airflow/example_dags/example_branch_labels.py
[2025-10-14T14:55:25.928+0000] {processor.py:830} INFO - Processing file /home/airflow/.local/lib/python3.8/site-packages/airflow/example_dags/example_branch_labels.py for tasks to queue
[2025-10-14T14:55:25.929+0000] {logging_mixin.py:188} INFO - [2025-10-14T14:55:25.929+0000] {dagbag.py:540} INFO - Filling up the DagBag from /home/airflow/.local/lib/python3.8/site-packages/airflow/example_dags/example_branch_labels.py
[2025-10-14T14:55:25.937+0000] {processor.py:840} INFO - DAG(s) 'example_branch_labels' retrieved from /home/airflow/.local/lib/python3.8/site-packages/airflow/example_dags/example_branch_labels.py
[2025-10-14T14:55:25.956+0000] {logging_mixin.py:188} INFO - [2025-10-14T14:55:25.956+0000] {dag.py:3047} INFO - Sync 1 DAGs
[2025-10-14T14:55:25.979+0000] {logging_mixin.py:188} INFO - [2025-10-14T14:55:25.979+0000] {dag.py:3834} INFO - Setting next_dagrun for example_branch_labels to 2025-10-13 00:00:00+00:00, run_after=2025-10-14 00:00:00+00:00
[2025-10-14T14:55:25.996+0000] {processor.py:183} INFO - Processing /home/airflow/.local/lib/python3.8/site-packages/airflow/example_dags/example_branch_labels.py took 0.073 seconds
