[2025-10-14T14:44:56.535+0000] {processor.py:161} INFO - Started process (PID=91) to work on /home/airflow/.local/lib/python3.8/site-packages/airflow/example_dags/example_xcom.py
[2025-10-14T14:44:56.536+0000] {processor.py:830} INFO - Processing file /home/airflow/.local/lib/python3.8/site-packages/airflow/example_dags/example_xcom.py for tasks to queue
[2025-10-14T14:44:56.537+0000] {logging_mixin.py:188} INFO - [2025-10-14T14:44:56.537+0000] {dagbag.py:540} INFO - Filling up the DagBag from /home/airflow/.local/lib/python3.8/site-packages/airflow/example_dags/example_xcom.py
[2025-10-14T14:44:56.547+0000] {processor.py:840} INFO - DAG(s) 'example_xcom' retrieved from /home/airflow/.local/lib/python3.8/site-packages/airflow/example_dags/example_xcom.py
[2025-10-14T14:44:56.671+0000] {logging_mixin.py:188} INFO - [2025-10-14T14:44:56.671+0000] {override.py:1769} INFO - Created Permission View: can edit on DAG:example_xcom
[2025-10-14T14:44:56.682+0000] {logging_mixin.py:188} INFO - [2025-10-14T14:44:56.682+0000] {override.py:1769} INFO - Created Permission View: can delete on DAG:example_xcom
[2025-10-14T14:44:56.689+0000] {logging_mixin.py:188} INFO - [2025-10-14T14:44:56.689+0000] {override.py:1769} INFO - Created Permission View: can read on DAG:example_xcom
[2025-10-14T14:44:56.690+0000] {logging_mixin.py:188} INFO - [2025-10-14T14:44:56.690+0000] {dag.py:3047} INFO - Sync 1 DAGs
[2025-10-14T14:44:56.702+0000] {logging_mixin.py:188} INFO - [2025-10-14T14:44:56.702+0000] {dag.py:3069} INFO - Creating ORM DAG for example_xcom
[2025-10-14T14:44:56.712+0000] {logging_mixin.py:188} INFO - [2025-10-14T14:44:56.712+0000] {dag.py:3834} INFO - Setting next_dagrun for example_xcom to 2021-01-01 00:00:00+00:00, run_after=2021-01-01 00:00:00+00:00
[2025-10-14T14:44:56.730+0000] {processor.py:183} INFO - Processing /home/airflow/.local/lib/python3.8/site-packages/airflow/example_dags/example_xcom.py took 0.198 seconds
[2025-10-14T14:45:27.619+0000] {processor.py:161} INFO - Started process (PID=150) to work on /home/airflow/.local/lib/python3.8/site-packages/airflow/example_dags/example_xcom.py
[2025-10-14T14:45:27.620+0000] {processor.py:830} INFO - Processing file /home/airflow/.local/lib/python3.8/site-packages/airflow/example_dags/example_xcom.py for tasks to queue
[2025-10-14T14:45:27.622+0000] {logging_mixin.py:188} INFO - [2025-10-14T14:45:27.621+0000] {dagbag.py:540} INFO - Filling up the DagBag from /home/airflow/.local/lib/python3.8/site-packages/airflow/example_dags/example_xcom.py
[2025-10-14T14:45:27.628+0000] {processor.py:840} INFO - DAG(s) 'example_xcom' retrieved from /home/airflow/.local/lib/python3.8/site-packages/airflow/example_dags/example_xcom.py
[2025-10-14T14:45:27.647+0000] {logging_mixin.py:188} INFO - [2025-10-14T14:45:27.647+0000] {dag.py:3047} INFO - Sync 1 DAGs
[2025-10-14T14:45:27.669+0000] {logging_mixin.py:188} INFO - [2025-10-14T14:45:27.669+0000] {dag.py:3834} INFO - Setting next_dagrun for example_xcom to 2021-01-01 00:00:00+00:00, run_after=2021-01-01 00:00:00+00:00
[2025-10-14T14:45:27.685+0000] {processor.py:183} INFO - Processing /home/airflow/.local/lib/python3.8/site-packages/airflow/example_dags/example_xcom.py took 0.069 seconds
[2025-10-14T14:45:57.730+0000] {processor.py:161} INFO - Started process (PID=207) to work on /home/airflow/.local/lib/python3.8/site-packages/airflow/example_dags/example_xcom.py
[2025-10-14T14:45:57.731+0000] {processor.py:830} INFO - Processing file /home/airflow/.local/lib/python3.8/site-packages/airflow/example_dags/example_xcom.py for tasks to queue
[2025-10-14T14:45:57.733+0000] {logging_mixin.py:188} INFO - [2025-10-14T14:45:57.733+0000] {dagbag.py:540} INFO - Filling up the DagBag from /home/airflow/.local/lib/python3.8/site-packages/airflow/example_dags/example_xcom.py
[2025-10-14T14:45:57.739+0000] {processor.py:840} INFO - DAG(s) 'example_xcom' retrieved from /home/airflow/.local/lib/python3.8/site-packages/airflow/example_dags/example_xcom.py
[2025-10-14T14:45:57.757+0000] {logging_mixin.py:188} INFO - [2025-10-14T14:45:57.757+0000] {dag.py:3047} INFO - Sync 1 DAGs
[2025-10-14T14:45:57.777+0000] {logging_mixin.py:188} INFO - [2025-10-14T14:45:57.777+0000] {dag.py:3834} INFO - Setting next_dagrun for example_xcom to 2021-01-01 00:00:00+00:00, run_after=2021-01-01 00:00:00+00:00
[2025-10-14T14:45:57.792+0000] {processor.py:183} INFO - Processing /home/airflow/.local/lib/python3.8/site-packages/airflow/example_dags/example_xcom.py took 0.065 seconds
[2025-10-14T14:47:48.486+0000] {processor.py:161} INFO - Started process (PID=90) to work on /home/airflow/.local/lib/python3.8/site-packages/airflow/example_dags/example_xcom.py
[2025-10-14T14:47:48.487+0000] {processor.py:830} INFO - Processing file /home/airflow/.local/lib/python3.8/site-packages/airflow/example_dags/example_xcom.py for tasks to queue
[2025-10-14T14:47:48.490+0000] {logging_mixin.py:188} INFO - [2025-10-14T14:47:48.489+0000] {dagbag.py:540} INFO - Filling up the DagBag from /home/airflow/.local/lib/python3.8/site-packages/airflow/example_dags/example_xcom.py
[2025-10-14T14:47:48.502+0000] {processor.py:840} INFO - DAG(s) 'example_xcom' retrieved from /home/airflow/.local/lib/python3.8/site-packages/airflow/example_dags/example_xcom.py
[2025-10-14T14:47:48.602+0000] {logging_mixin.py:188} INFO - [2025-10-14T14:47:48.602+0000] {dag.py:3047} INFO - Sync 1 DAGs
[2025-10-14T14:47:48.620+0000] {logging_mixin.py:188} INFO - [2025-10-14T14:47:48.619+0000] {dag.py:3834} INFO - Setting next_dagrun for example_xcom to 2021-01-01 00:00:00+00:00, run_after=2021-01-01 00:00:00+00:00
[2025-10-14T14:47:48.639+0000] {processor.py:183} INFO - Processing /home/airflow/.local/lib/python3.8/site-packages/airflow/example_dags/example_xcom.py took 0.155 seconds
[2025-10-14T14:48:19.481+0000] {processor.py:161} INFO - Started process (PID=149) to work on /home/airflow/.local/lib/python3.8/site-packages/airflow/example_dags/example_xcom.py
[2025-10-14T14:48:19.482+0000] {processor.py:830} INFO - Processing file /home/airflow/.local/lib/python3.8/site-packages/airflow/example_dags/example_xcom.py for tasks to queue
[2025-10-14T14:48:19.484+0000] {logging_mixin.py:188} INFO - [2025-10-14T14:48:19.484+0000] {dagbag.py:540} INFO - Filling up the DagBag from /home/airflow/.local/lib/python3.8/site-packages/airflow/example_dags/example_xcom.py
[2025-10-14T14:48:19.491+0000] {processor.py:840} INFO - DAG(s) 'example_xcom' retrieved from /home/airflow/.local/lib/python3.8/site-packages/airflow/example_dags/example_xcom.py
[2025-10-14T14:48:19.514+0000] {logging_mixin.py:188} INFO - [2025-10-14T14:48:19.514+0000] {dag.py:3047} INFO - Sync 1 DAGs
[2025-10-14T14:48:19.540+0000] {logging_mixin.py:188} INFO - [2025-10-14T14:48:19.539+0000] {dag.py:3834} INFO - Setting next_dagrun for example_xcom to 2021-01-01 00:00:00+00:00, run_after=2021-01-01 00:00:00+00:00
[2025-10-14T14:48:19.558+0000] {processor.py:183} INFO - Processing /home/airflow/.local/lib/python3.8/site-packages/airflow/example_dags/example_xcom.py took 0.080 seconds
[2025-10-14T14:48:49.674+0000] {processor.py:161} INFO - Started process (PID=207) to work on /home/airflow/.local/lib/python3.8/site-packages/airflow/example_dags/example_xcom.py
[2025-10-14T14:48:49.675+0000] {processor.py:830} INFO - Processing file /home/airflow/.local/lib/python3.8/site-packages/airflow/example_dags/example_xcom.py for tasks to queue
[2025-10-14T14:48:49.677+0000] {logging_mixin.py:188} INFO - [2025-10-14T14:48:49.676+0000] {dagbag.py:540} INFO - Filling up the DagBag from /home/airflow/.local/lib/python3.8/site-packages/airflow/example_dags/example_xcom.py
[2025-10-14T14:48:49.684+0000] {processor.py:840} INFO - DAG(s) 'example_xcom' retrieved from /home/airflow/.local/lib/python3.8/site-packages/airflow/example_dags/example_xcom.py
[2025-10-14T14:48:49.702+0000] {logging_mixin.py:188} INFO - [2025-10-14T14:48:49.702+0000] {dag.py:3047} INFO - Sync 1 DAGs
[2025-10-14T14:48:49.723+0000] {logging_mixin.py:188} INFO - [2025-10-14T14:48:49.722+0000] {dag.py:3834} INFO - Setting next_dagrun for example_xcom to 2021-01-01 00:00:00+00:00, run_after=2021-01-01 00:00:00+00:00
[2025-10-14T14:48:49.738+0000] {processor.py:183} INFO - Processing /home/airflow/.local/lib/python3.8/site-packages/airflow/example_dags/example_xcom.py took 0.068 seconds
[2025-10-14T14:49:19.778+0000] {processor.py:161} INFO - Started process (PID=265) to work on /home/airflow/.local/lib/python3.8/site-packages/airflow/example_dags/example_xcom.py
[2025-10-14T14:49:19.779+0000] {processor.py:830} INFO - Processing file /home/airflow/.local/lib/python3.8/site-packages/airflow/example_dags/example_xcom.py for tasks to queue
[2025-10-14T14:49:19.781+0000] {logging_mixin.py:188} INFO - [2025-10-14T14:49:19.781+0000] {dagbag.py:540} INFO - Filling up the DagBag from /home/airflow/.local/lib/python3.8/site-packages/airflow/example_dags/example_xcom.py
[2025-10-14T14:49:19.788+0000] {processor.py:840} INFO - DAG(s) 'example_xcom' retrieved from /home/airflow/.local/lib/python3.8/site-packages/airflow/example_dags/example_xcom.py
[2025-10-14T14:49:19.807+0000] {logging_mixin.py:188} INFO - [2025-10-14T14:49:19.806+0000] {dag.py:3047} INFO - Sync 1 DAGs
[2025-10-14T14:49:19.825+0000] {logging_mixin.py:188} INFO - [2025-10-14T14:49:19.825+0000] {dag.py:3834} INFO - Setting next_dagrun for example_xcom to 2021-01-01 00:00:00+00:00, run_after=2021-01-01 00:00:00+00:00
[2025-10-14T14:49:19.840+0000] {processor.py:183} INFO - Processing /home/airflow/.local/lib/python3.8/site-packages/airflow/example_dags/example_xcom.py took 0.065 seconds
[2025-10-14T14:49:49.955+0000] {processor.py:161} INFO - Started process (PID=324) to work on /home/airflow/.local/lib/python3.8/site-packages/airflow/example_dags/example_xcom.py
[2025-10-14T14:49:49.956+0000] {processor.py:830} INFO - Processing file /home/airflow/.local/lib/python3.8/site-packages/airflow/example_dags/example_xcom.py for tasks to queue
[2025-10-14T14:49:49.958+0000] {logging_mixin.py:188} INFO - [2025-10-14T14:49:49.958+0000] {dagbag.py:540} INFO - Filling up the DagBag from /home/airflow/.local/lib/python3.8/site-packages/airflow/example_dags/example_xcom.py
[2025-10-14T14:49:49.966+0000] {processor.py:840} INFO - DAG(s) 'example_xcom' retrieved from /home/airflow/.local/lib/python3.8/site-packages/airflow/example_dags/example_xcom.py
[2025-10-14T14:49:49.987+0000] {logging_mixin.py:188} INFO - [2025-10-14T14:49:49.987+0000] {dag.py:3047} INFO - Sync 1 DAGs
[2025-10-14T14:49:50.011+0000] {logging_mixin.py:188} INFO - [2025-10-14T14:49:50.011+0000] {dag.py:3834} INFO - Setting next_dagrun for example_xcom to 2021-01-01 00:00:00+00:00, run_after=2021-01-01 00:00:00+00:00
[2025-10-14T14:49:50.028+0000] {processor.py:183} INFO - Processing /home/airflow/.local/lib/python3.8/site-packages/airflow/example_dags/example_xcom.py took 0.076 seconds
[2025-10-14T14:50:20.192+0000] {processor.py:161} INFO - Started process (PID=383) to work on /home/airflow/.local/lib/python3.8/site-packages/airflow/example_dags/example_xcom.py
[2025-10-14T14:50:20.193+0000] {processor.py:830} INFO - Processing file /home/airflow/.local/lib/python3.8/site-packages/airflow/example_dags/example_xcom.py for tasks to queue
[2025-10-14T14:50:20.195+0000] {logging_mixin.py:188} INFO - [2025-10-14T14:50:20.194+0000] {dagbag.py:540} INFO - Filling up the DagBag from /home/airflow/.local/lib/python3.8/site-packages/airflow/example_dags/example_xcom.py
[2025-10-14T14:50:20.202+0000] {processor.py:840} INFO - DAG(s) 'example_xcom' retrieved from /home/airflow/.local/lib/python3.8/site-packages/airflow/example_dags/example_xcom.py
[2025-10-14T14:50:20.221+0000] {logging_mixin.py:188} INFO - [2025-10-14T14:50:20.221+0000] {dag.py:3047} INFO - Sync 1 DAGs
[2025-10-14T14:50:20.240+0000] {logging_mixin.py:188} INFO - [2025-10-14T14:50:20.240+0000] {dag.py:3834} INFO - Setting next_dagrun for example_xcom to 2021-01-01 00:00:00+00:00, run_after=2021-01-01 00:00:00+00:00
[2025-10-14T14:50:20.258+0000] {processor.py:183} INFO - Processing /home/airflow/.local/lib/python3.8/site-packages/airflow/example_dags/example_xcom.py took 0.069 seconds
[2025-10-14T14:50:50.636+0000] {processor.py:161} INFO - Started process (PID=442) to work on /home/airflow/.local/lib/python3.8/site-packages/airflow/example_dags/example_xcom.py
[2025-10-14T14:50:50.637+0000] {processor.py:830} INFO - Processing file /home/airflow/.local/lib/python3.8/site-packages/airflow/example_dags/example_xcom.py for tasks to queue
[2025-10-14T14:50:50.639+0000] {logging_mixin.py:188} INFO - [2025-10-14T14:50:50.639+0000] {dagbag.py:540} INFO - Filling up the DagBag from /home/airflow/.local/lib/python3.8/site-packages/airflow/example_dags/example_xcom.py
[2025-10-14T14:50:50.646+0000] {processor.py:840} INFO - DAG(s) 'example_xcom' retrieved from /home/airflow/.local/lib/python3.8/site-packages/airflow/example_dags/example_xcom.py
[2025-10-14T14:50:50.664+0000] {logging_mixin.py:188} INFO - [2025-10-14T14:50:50.664+0000] {dag.py:3047} INFO - Sync 1 DAGs
[2025-10-14T14:50:50.682+0000] {logging_mixin.py:188} INFO - [2025-10-14T14:50:50.682+0000] {dag.py:3834} INFO - Setting next_dagrun for example_xcom to 2021-01-01 00:00:00+00:00, run_after=2021-01-01 00:00:00+00:00
[2025-10-14T14:50:50.698+0000] {processor.py:183} INFO - Processing /home/airflow/.local/lib/python3.8/site-packages/airflow/example_dags/example_xcom.py took 0.064 seconds
[2025-10-14T14:51:20.773+0000] {processor.py:161} INFO - Started process (PID=501) to work on /home/airflow/.local/lib/python3.8/site-packages/airflow/example_dags/example_xcom.py
[2025-10-14T14:51:20.774+0000] {processor.py:830} INFO - Processing file /home/airflow/.local/lib/python3.8/site-packages/airflow/example_dags/example_xcom.py for tasks to queue
[2025-10-14T14:51:20.776+0000] {logging_mixin.py:188} INFO - [2025-10-14T14:51:20.776+0000] {dagbag.py:540} INFO - Filling up the DagBag from /home/airflow/.local/lib/python3.8/site-packages/airflow/example_dags/example_xcom.py
[2025-10-14T14:51:20.783+0000] {processor.py:840} INFO - DAG(s) 'example_xcom' retrieved from /home/airflow/.local/lib/python3.8/site-packages/airflow/example_dags/example_xcom.py
[2025-10-14T14:51:20.802+0000] {logging_mixin.py:188} INFO - [2025-10-14T14:51:20.802+0000] {dag.py:3047} INFO - Sync 1 DAGs
[2025-10-14T14:51:20.821+0000] {logging_mixin.py:188} INFO - [2025-10-14T14:51:20.821+0000] {dag.py:3834} INFO - Setting next_dagrun for example_xcom to 2021-01-01 00:00:00+00:00, run_after=2021-01-01 00:00:00+00:00
[2025-10-14T14:51:20.843+0000] {processor.py:183} INFO - Processing /home/airflow/.local/lib/python3.8/site-packages/airflow/example_dags/example_xcom.py took 0.074 seconds
[2025-10-14T14:51:50.917+0000] {processor.py:161} INFO - Started process (PID=567) to work on /home/airflow/.local/lib/python3.8/site-packages/airflow/example_dags/example_xcom.py
[2025-10-14T14:51:50.918+0000] {processor.py:830} INFO - Processing file /home/airflow/.local/lib/python3.8/site-packages/airflow/example_dags/example_xcom.py for tasks to queue
[2025-10-14T14:51:50.920+0000] {logging_mixin.py:188} INFO - [2025-10-14T14:51:50.920+0000] {dagbag.py:540} INFO - Filling up the DagBag from /home/airflow/.local/lib/python3.8/site-packages/airflow/example_dags/example_xcom.py
[2025-10-14T14:51:50.929+0000] {processor.py:840} INFO - DAG(s) 'example_xcom' retrieved from /home/airflow/.local/lib/python3.8/site-packages/airflow/example_dags/example_xcom.py
[2025-10-14T14:51:50.949+0000] {logging_mixin.py:188} INFO - [2025-10-14T14:51:50.949+0000] {dag.py:3047} INFO - Sync 1 DAGs
[2025-10-14T14:51:50.970+0000] {logging_mixin.py:188} INFO - [2025-10-14T14:51:50.969+0000] {dag.py:3834} INFO - Setting next_dagrun for example_xcom to 2021-01-01 00:00:00+00:00, run_after=2021-01-01 00:00:00+00:00
[2025-10-14T14:51:50.987+0000] {processor.py:183} INFO - Processing /home/airflow/.local/lib/python3.8/site-packages/airflow/example_dags/example_xcom.py took 0.072 seconds
[2025-10-14T14:52:21.244+0000] {processor.py:161} INFO - Started process (PID=626) to work on /home/airflow/.local/lib/python3.8/site-packages/airflow/example_dags/example_xcom.py
[2025-10-14T14:52:21.245+0000] {processor.py:830} INFO - Processing file /home/airflow/.local/lib/python3.8/site-packages/airflow/example_dags/example_xcom.py for tasks to queue
[2025-10-14T14:52:21.246+0000] {logging_mixin.py:188} INFO - [2025-10-14T14:52:21.246+0000] {dagbag.py:540} INFO - Filling up the DagBag from /home/airflow/.local/lib/python3.8/site-packages/airflow/example_dags/example_xcom.py
[2025-10-14T14:52:21.253+0000] {processor.py:840} INFO - DAG(s) 'example_xcom' retrieved from /home/airflow/.local/lib/python3.8/site-packages/airflow/example_dags/example_xcom.py
[2025-10-14T14:52:21.274+0000] {logging_mixin.py:188} INFO - [2025-10-14T14:52:21.274+0000] {dag.py:3047} INFO - Sync 1 DAGs
[2025-10-14T14:52:21.294+0000] {logging_mixin.py:188} INFO - [2025-10-14T14:52:21.294+0000] {dag.py:3834} INFO - Setting next_dagrun for example_xcom to 2021-01-01 00:00:00+00:00, run_after=2021-01-01 00:00:00+00:00
[2025-10-14T14:52:21.309+0000] {processor.py:183} INFO - Processing /home/airflow/.local/lib/python3.8/site-packages/airflow/example_dags/example_xcom.py took 0.069 seconds
[2025-10-14T14:52:52.019+0000] {processor.py:161} INFO - Started process (PID=685) to work on /home/airflow/.local/lib/python3.8/site-packages/airflow/example_dags/example_xcom.py
[2025-10-14T14:52:52.023+0000] {processor.py:830} INFO - Processing file /home/airflow/.local/lib/python3.8/site-packages/airflow/example_dags/example_xcom.py for tasks to queue
[2025-10-14T14:52:52.026+0000] {logging_mixin.py:188} INFO - [2025-10-14T14:52:52.026+0000] {dagbag.py:540} INFO - Filling up the DagBag from /home/airflow/.local/lib/python3.8/site-packages/airflow/example_dags/example_xcom.py
[2025-10-14T14:52:52.038+0000] {processor.py:840} INFO - DAG(s) 'example_xcom' retrieved from /home/airflow/.local/lib/python3.8/site-packages/airflow/example_dags/example_xcom.py
[2025-10-14T14:52:52.080+0000] {logging_mixin.py:188} INFO - [2025-10-14T14:52:52.079+0000] {dag.py:3047} INFO - Sync 1 DAGs
[2025-10-14T14:52:52.105+0000] {logging_mixin.py:188} INFO - [2025-10-14T14:52:52.105+0000] {dag.py:3834} INFO - Setting next_dagrun for example_xcom to 2021-01-01 00:00:00+00:00, run_after=2021-01-01 00:00:00+00:00
[2025-10-14T14:52:52.136+0000] {processor.py:183} INFO - Processing /home/airflow/.local/lib/python3.8/site-packages/airflow/example_dags/example_xcom.py took 0.118 seconds
[2025-10-14T14:53:22.329+0000] {processor.py:161} INFO - Started process (PID=744) to work on /home/airflow/.local/lib/python3.8/site-packages/airflow/example_dags/example_xcom.py
[2025-10-14T14:53:22.330+0000] {processor.py:830} INFO - Processing file /home/airflow/.local/lib/python3.8/site-packages/airflow/example_dags/example_xcom.py for tasks to queue
[2025-10-14T14:53:22.331+0000] {logging_mixin.py:188} INFO - [2025-10-14T14:53:22.331+0000] {dagbag.py:540} INFO - Filling up the DagBag from /home/airflow/.local/lib/python3.8/site-packages/airflow/example_dags/example_xcom.py
[2025-10-14T14:53:22.338+0000] {processor.py:840} INFO - DAG(s) 'example_xcom' retrieved from /home/airflow/.local/lib/python3.8/site-packages/airflow/example_dags/example_xcom.py
[2025-10-14T14:53:22.356+0000] {logging_mixin.py:188} INFO - [2025-10-14T14:53:22.356+0000] {dag.py:3047} INFO - Sync 1 DAGs
[2025-10-14T14:53:22.376+0000] {logging_mixin.py:188} INFO - [2025-10-14T14:53:22.376+0000] {dag.py:3834} INFO - Setting next_dagrun for example_xcom to 2021-01-01 00:00:00+00:00, run_after=2021-01-01 00:00:00+00:00
[2025-10-14T14:53:22.391+0000] {processor.py:183} INFO - Processing /home/airflow/.local/lib/python3.8/site-packages/airflow/example_dags/example_xcom.py took 0.065 seconds
[2025-10-14T14:53:52.551+0000] {processor.py:161} INFO - Started process (PID=803) to work on /home/airflow/.local/lib/python3.8/site-packages/airflow/example_dags/example_xcom.py
[2025-10-14T14:53:52.552+0000] {processor.py:830} INFO - Processing file /home/airflow/.local/lib/python3.8/site-packages/airflow/example_dags/example_xcom.py for tasks to queue
[2025-10-14T14:53:52.553+0000] {logging_mixin.py:188} INFO - [2025-10-14T14:53:52.553+0000] {dagbag.py:540} INFO - Filling up the DagBag from /home/airflow/.local/lib/python3.8/site-packages/airflow/example_dags/example_xcom.py
[2025-10-14T14:53:52.561+0000] {processor.py:840} INFO - DAG(s) 'example_xcom' retrieved from /home/airflow/.local/lib/python3.8/site-packages/airflow/example_dags/example_xcom.py
[2025-10-14T14:53:52.579+0000] {logging_mixin.py:188} INFO - [2025-10-14T14:53:52.579+0000] {dag.py:3047} INFO - Sync 1 DAGs
[2025-10-14T14:53:52.598+0000] {logging_mixin.py:188} INFO - [2025-10-14T14:53:52.598+0000] {dag.py:3834} INFO - Setting next_dagrun for example_xcom to 2021-01-01 00:00:00+00:00, run_after=2021-01-01 00:00:00+00:00
[2025-10-14T14:53:52.613+0000] {processor.py:183} INFO - Processing /home/airflow/.local/lib/python3.8/site-packages/airflow/example_dags/example_xcom.py took 0.065 seconds
[2025-10-14T14:54:22.737+0000] {processor.py:161} INFO - Started process (PID=862) to work on /home/airflow/.local/lib/python3.8/site-packages/airflow/example_dags/example_xcom.py
[2025-10-14T14:54:22.738+0000] {processor.py:830} INFO - Processing file /home/airflow/.local/lib/python3.8/site-packages/airflow/example_dags/example_xcom.py for tasks to queue
[2025-10-14T14:54:22.739+0000] {logging_mixin.py:188} INFO - [2025-10-14T14:54:22.739+0000] {dagbag.py:540} INFO - Filling up the DagBag from /home/airflow/.local/lib/python3.8/site-packages/airflow/example_dags/example_xcom.py
[2025-10-14T14:54:22.746+0000] {processor.py:840} INFO - DAG(s) 'example_xcom' retrieved from /home/airflow/.local/lib/python3.8/site-packages/airflow/example_dags/example_xcom.py
[2025-10-14T14:54:22.766+0000] {logging_mixin.py:188} INFO - [2025-10-14T14:54:22.765+0000] {dag.py:3047} INFO - Sync 1 DAGs
[2025-10-14T14:54:22.786+0000] {logging_mixin.py:188} INFO - [2025-10-14T14:54:22.785+0000] {dag.py:3834} INFO - Setting next_dagrun for example_xcom to 2021-01-01 00:00:00+00:00, run_after=2021-01-01 00:00:00+00:00
[2025-10-14T14:54:22.804+0000] {processor.py:183} INFO - Processing /home/airflow/.local/lib/python3.8/site-packages/airflow/example_dags/example_xcom.py took 0.070 seconds
[2025-10-14T14:54:52.857+0000] {processor.py:161} INFO - Started process (PID=920) to work on /home/airflow/.local/lib/python3.8/site-packages/airflow/example_dags/example_xcom.py
[2025-10-14T14:54:52.858+0000] {processor.py:830} INFO - Processing file /home/airflow/.local/lib/python3.8/site-packages/airflow/example_dags/example_xcom.py for tasks to queue
[2025-10-14T14:54:52.860+0000] {logging_mixin.py:188} INFO - [2025-10-14T14:54:52.859+0000] {dagbag.py:540} INFO - Filling up the DagBag from /home/airflow/.local/lib/python3.8/site-packages/airflow/example_dags/example_xcom.py
[2025-10-14T14:54:52.867+0000] {processor.py:840} INFO - DAG(s) 'example_xcom' retrieved from /home/airflow/.local/lib/python3.8/site-packages/airflow/example_dags/example_xcom.py
[2025-10-14T14:54:52.886+0000] {logging_mixin.py:188} INFO - [2025-10-14T14:54:52.886+0000] {dag.py:3047} INFO - Sync 1 DAGs
[2025-10-14T14:54:52.906+0000] {logging_mixin.py:188} INFO - [2025-10-14T14:54:52.906+0000] {dag.py:3834} INFO - Setting next_dagrun for example_xcom to 2021-01-01 00:00:00+00:00, run_after=2021-01-01 00:00:00+00:00
[2025-10-14T14:54:52.925+0000] {processor.py:183} INFO - Processing /home/airflow/.local/lib/python3.8/site-packages/airflow/example_dags/example_xcom.py took 0.071 seconds
[2025-10-14T14:55:23.258+0000] {processor.py:161} INFO - Started process (PID=980) to work on /home/airflow/.local/lib/python3.8/site-packages/airflow/example_dags/example_xcom.py
[2025-10-14T14:55:23.259+0000] {processor.py:830} INFO - Processing file /home/airflow/.local/lib/python3.8/site-packages/airflow/example_dags/example_xcom.py for tasks to queue
[2025-10-14T14:55:23.261+0000] {logging_mixin.py:188} INFO - [2025-10-14T14:55:23.261+0000] {dagbag.py:540} INFO - Filling up the DagBag from /home/airflow/.local/lib/python3.8/site-packages/airflow/example_dags/example_xcom.py
[2025-10-14T14:55:23.269+0000] {processor.py:840} INFO - DAG(s) 'example_xcom' retrieved from /home/airflow/.local/lib/python3.8/site-packages/airflow/example_dags/example_xcom.py
[2025-10-14T14:55:23.290+0000] {logging_mixin.py:188} INFO - [2025-10-14T14:55:23.289+0000] {dag.py:3047} INFO - Sync 1 DAGs
[2025-10-14T14:55:23.316+0000] {logging_mixin.py:188} INFO - [2025-10-14T14:55:23.316+0000] {dag.py:3834} INFO - Setting next_dagrun for example_xcom to 2021-01-01 00:00:00+00:00, run_after=2021-01-01 00:00:00+00:00
[2025-10-14T14:55:23.335+0000] {processor.py:183} INFO - Processing /home/airflow/.local/lib/python3.8/site-packages/airflow/example_dags/example_xcom.py took 0.080 seconds
