[2025-10-14T14:45:00.225+0000] {processor.py:161} INFO - Started process (PID=125) to work on /home/airflow/.local/lib/python3.8/site-packages/airflow/example_dags/example_branch_datetime_operator.py
[2025-10-14T14:45:00.226+0000] {processor.py:830} INFO - Processing file /home/airflow/.local/lib/python3.8/site-packages/airflow/example_dags/example_branch_datetime_operator.py for tasks to queue
[2025-10-14T14:45:00.228+0000] {logging_mixin.py:188} INFO - [2025-10-14T14:45:00.228+0000] {dagbag.py:540} INFO - Filling up the DagBag from /home/airflow/.local/lib/python3.8/site-packages/airflow/example_dags/example_branch_datetime_operator.py
[2025-10-14T14:45:00.238+0000] {processor.py:840} INFO - DAG(s) 'example_branch_datetime_operator_2', 'example_branch_datetime_operator_3', 'example_branch_datetime_operator' retrieved from /home/airflow/.local/lib/python3.8/site-packages/airflow/example_dags/example_branch_datetime_operator.py
[2025-10-14T14:45:00.330+0000] {logging_mixin.py:188} INFO - [2025-10-14T14:45:00.327+0000] {override.py:1769} INFO - Created Permission View: can edit on DAG:example_branch_datetime_operator_2
[2025-10-14T14:45:00.341+0000] {logging_mixin.py:188} INFO - [2025-10-14T14:45:00.341+0000] {override.py:1769} INFO - Created Permission View: can delete on DAG:example_branch_datetime_operator_2
[2025-10-14T14:45:00.347+0000] {logging_mixin.py:188} INFO - [2025-10-14T14:45:00.347+0000] {override.py:1769} INFO - Created Permission View: can read on DAG:example_branch_datetime_operator_2
[2025-10-14T14:45:00.358+0000] {logging_mixin.py:188} INFO - [2025-10-14T14:45:00.358+0000] {override.py:1769} INFO - Created Permission View: can edit on DAG:example_branch_datetime_operator_3
[2025-10-14T14:45:00.364+0000] {logging_mixin.py:188} INFO - [2025-10-14T14:45:00.364+0000] {override.py:1769} INFO - Created Permission View: can delete on DAG:example_branch_datetime_operator_3
[2025-10-14T14:45:00.370+0000] {logging_mixin.py:188} INFO - [2025-10-14T14:45:00.369+0000] {override.py:1769} INFO - Created Permission View: can read on DAG:example_branch_datetime_operator_3
[2025-10-14T14:45:00.380+0000] {logging_mixin.py:188} INFO - [2025-10-14T14:45:00.380+0000] {override.py:1769} INFO - Created Permission View: can edit on DAG:example_branch_datetime_operator
[2025-10-14T14:45:00.385+0000] {logging_mixin.py:188} INFO - [2025-10-14T14:45:00.385+0000] {override.py:1769} INFO - Created Permission View: can delete on DAG:example_branch_datetime_operator
[2025-10-14T14:45:00.391+0000] {logging_mixin.py:188} INFO - [2025-10-14T14:45:00.390+0000] {override.py:1769} INFO - Created Permission View: can read on DAG:example_branch_datetime_operator
[2025-10-14T14:45:00.391+0000] {logging_mixin.py:188} INFO - [2025-10-14T14:45:00.391+0000] {dag.py:3047} INFO - Sync 3 DAGs
[2025-10-14T14:45:00.402+0000] {logging_mixin.py:188} INFO - [2025-10-14T14:45:00.401+0000] {dag.py:3069} INFO - Creating ORM DAG for example_branch_datetime_operator
[2025-10-14T14:45:00.402+0000] {logging_mixin.py:188} INFO - [2025-10-14T14:45:00.402+0000] {dag.py:3069} INFO - Creating ORM DAG for example_branch_datetime_operator_2
[2025-10-14T14:45:00.403+0000] {logging_mixin.py:188} INFO - [2025-10-14T14:45:00.403+0000] {dag.py:3069} INFO - Creating ORM DAG for example_branch_datetime_operator_3
[2025-10-14T14:45:00.413+0000] {logging_mixin.py:188} INFO - [2025-10-14T14:45:00.413+0000] {dag.py:3834} INFO - Setting next_dagrun for example_branch_datetime_operator to 2025-10-13 00:00:00+00:00, run_after=2025-10-14 00:00:00+00:00
[2025-10-14T14:45:00.416+0000] {logging_mixin.py:188} INFO - [2025-10-14T14:45:00.416+0000] {dag.py:3834} INFO - Setting next_dagrun for example_branch_datetime_operator_2 to 2025-10-13 00:00:00+00:00, run_after=2025-10-14 00:00:00+00:00
[2025-10-14T14:45:00.419+0000] {logging_mixin.py:188} INFO - [2025-10-14T14:45:00.419+0000] {dag.py:3834} INFO - Setting next_dagrun for example_branch_datetime_operator_3 to 2025-10-13 00:00:00+00:00, run_after=2025-10-14 00:00:00+00:00
[2025-10-14T14:45:00.443+0000] {processor.py:183} INFO - Processing /home/airflow/.local/lib/python3.8/site-packages/airflow/example_dags/example_branch_datetime_operator.py took 0.221 seconds
[2025-10-14T14:45:30.701+0000] {processor.py:161} INFO - Started process (PID=184) to work on /home/airflow/.local/lib/python3.8/site-packages/airflow/example_dags/example_branch_datetime_operator.py
[2025-10-14T14:45:30.702+0000] {processor.py:830} INFO - Processing file /home/airflow/.local/lib/python3.8/site-packages/airflow/example_dags/example_branch_datetime_operator.py for tasks to queue
[2025-10-14T14:45:30.704+0000] {logging_mixin.py:188} INFO - [2025-10-14T14:45:30.704+0000] {dagbag.py:540} INFO - Filling up the DagBag from /home/airflow/.local/lib/python3.8/site-packages/airflow/example_dags/example_branch_datetime_operator.py
[2025-10-14T14:45:30.713+0000] {processor.py:840} INFO - DAG(s) 'example_branch_datetime_operator', 'example_branch_datetime_operator_3', 'example_branch_datetime_operator_2' retrieved from /home/airflow/.local/lib/python3.8/site-packages/airflow/example_dags/example_branch_datetime_operator.py
[2025-10-14T14:45:30.739+0000] {logging_mixin.py:188} INFO - [2025-10-14T14:45:30.739+0000] {dag.py:3047} INFO - Sync 3 DAGs
[2025-10-14T14:45:30.763+0000] {logging_mixin.py:188} INFO - [2025-10-14T14:45:30.763+0000] {dag.py:3834} INFO - Setting next_dagrun for example_branch_datetime_operator to 2025-10-13 00:00:00+00:00, run_after=2025-10-14 00:00:00+00:00
[2025-10-14T14:45:30.769+0000] {logging_mixin.py:188} INFO - [2025-10-14T14:45:30.769+0000] {dag.py:3834} INFO - Setting next_dagrun for example_branch_datetime_operator_2 to 2025-10-13 00:00:00+00:00, run_after=2025-10-14 00:00:00+00:00
[2025-10-14T14:45:30.772+0000] {logging_mixin.py:188} INFO - [2025-10-14T14:45:30.772+0000] {dag.py:3834} INFO - Setting next_dagrun for example_branch_datetime_operator_3 to 2025-10-13 00:00:00+00:00, run_after=2025-10-14 00:00:00+00:00
[2025-10-14T14:45:30.790+0000] {processor.py:183} INFO - Processing /home/airflow/.local/lib/python3.8/site-packages/airflow/example_dags/example_branch_datetime_operator.py took 0.092 seconds
[2025-10-14T14:46:01.056+0000] {processor.py:161} INFO - Started process (PID=243) to work on /home/airflow/.local/lib/python3.8/site-packages/airflow/example_dags/example_branch_datetime_operator.py
[2025-10-14T14:46:01.057+0000] {processor.py:830} INFO - Processing file /home/airflow/.local/lib/python3.8/site-packages/airflow/example_dags/example_branch_datetime_operator.py for tasks to queue
[2025-10-14T14:46:01.059+0000] {logging_mixin.py:188} INFO - [2025-10-14T14:46:01.058+0000] {dagbag.py:540} INFO - Filling up the DagBag from /home/airflow/.local/lib/python3.8/site-packages/airflow/example_dags/example_branch_datetime_operator.py
[2025-10-14T14:46:01.068+0000] {processor.py:840} INFO - DAG(s) 'example_branch_datetime_operator_3', 'example_branch_datetime_operator', 'example_branch_datetime_operator_2' retrieved from /home/airflow/.local/lib/python3.8/site-packages/airflow/example_dags/example_branch_datetime_operator.py
[2025-10-14T14:46:01.092+0000] {logging_mixin.py:188} INFO - [2025-10-14T14:46:01.092+0000] {dag.py:3047} INFO - Sync 3 DAGs
[2025-10-14T14:46:01.112+0000] {logging_mixin.py:188} INFO - [2025-10-14T14:46:01.112+0000] {dag.py:3834} INFO - Setting next_dagrun for example_branch_datetime_operator to 2025-10-13 00:00:00+00:00, run_after=2025-10-14 00:00:00+00:00
[2025-10-14T14:46:01.117+0000] {logging_mixin.py:188} INFO - [2025-10-14T14:46:01.117+0000] {dag.py:3834} INFO - Setting next_dagrun for example_branch_datetime_operator_2 to 2025-10-13 00:00:00+00:00, run_after=2025-10-14 00:00:00+00:00
[2025-10-14T14:46:01.120+0000] {logging_mixin.py:188} INFO - [2025-10-14T14:46:01.119+0000] {dag.py:3834} INFO - Setting next_dagrun for example_branch_datetime_operator_3 to 2025-10-13 00:00:00+00:00, run_after=2025-10-14 00:00:00+00:00
[2025-10-14T14:46:01.137+0000] {processor.py:183} INFO - Processing /home/airflow/.local/lib/python3.8/site-packages/airflow/example_dags/example_branch_datetime_operator.py took 0.084 seconds
[2025-10-14T14:47:51.765+0000] {processor.py:161} INFO - Started process (PID=130) to work on /home/airflow/.local/lib/python3.8/site-packages/airflow/example_dags/example_branch_datetime_operator.py
[2025-10-14T14:47:51.766+0000] {processor.py:830} INFO - Processing file /home/airflow/.local/lib/python3.8/site-packages/airflow/example_dags/example_branch_datetime_operator.py for tasks to queue
[2025-10-14T14:47:51.769+0000] {logging_mixin.py:188} INFO - [2025-10-14T14:47:51.769+0000] {dagbag.py:540} INFO - Filling up the DagBag from /home/airflow/.local/lib/python3.8/site-packages/airflow/example_dags/example_branch_datetime_operator.py
[2025-10-14T14:47:51.781+0000] {processor.py:840} INFO - DAG(s) 'example_branch_datetime_operator_2', 'example_branch_datetime_operator_3', 'example_branch_datetime_operator' retrieved from /home/airflow/.local/lib/python3.8/site-packages/airflow/example_dags/example_branch_datetime_operator.py
[2025-10-14T14:47:51.930+0000] {logging_mixin.py:188} INFO - [2025-10-14T14:47:51.930+0000] {dag.py:3047} INFO - Sync 3 DAGs
[2025-10-14T14:47:51.953+0000] {logging_mixin.py:188} INFO - [2025-10-14T14:47:51.952+0000] {dag.py:3834} INFO - Setting next_dagrun for example_branch_datetime_operator to 2025-10-13 00:00:00+00:00, run_after=2025-10-14 00:00:00+00:00
[2025-10-14T14:47:51.957+0000] {logging_mixin.py:188} INFO - [2025-10-14T14:47:51.957+0000] {dag.py:3834} INFO - Setting next_dagrun for example_branch_datetime_operator_2 to 2025-10-13 00:00:00+00:00, run_after=2025-10-14 00:00:00+00:00
[2025-10-14T14:47:51.960+0000] {logging_mixin.py:188} INFO - [2025-10-14T14:47:51.960+0000] {dag.py:3834} INFO - Setting next_dagrun for example_branch_datetime_operator_3 to 2025-10-13 00:00:00+00:00, run_after=2025-10-14 00:00:00+00:00
[2025-10-14T14:47:51.978+0000] {processor.py:183} INFO - Processing /home/airflow/.local/lib/python3.8/site-packages/airflow/example_dags/example_branch_datetime_operator.py took 0.217 seconds
[2025-10-14T14:48:22.263+0000] {processor.py:161} INFO - Started process (PID=189) to work on /home/airflow/.local/lib/python3.8/site-packages/airflow/example_dags/example_branch_datetime_operator.py
[2025-10-14T14:48:22.265+0000] {processor.py:830} INFO - Processing file /home/airflow/.local/lib/python3.8/site-packages/airflow/example_dags/example_branch_datetime_operator.py for tasks to queue
[2025-10-14T14:48:22.266+0000] {logging_mixin.py:188} INFO - [2025-10-14T14:48:22.266+0000] {dagbag.py:540} INFO - Filling up the DagBag from /home/airflow/.local/lib/python3.8/site-packages/airflow/example_dags/example_branch_datetime_operator.py
[2025-10-14T14:48:22.275+0000] {processor.py:840} INFO - DAG(s) 'example_branch_datetime_operator', 'example_branch_datetime_operator_3', 'example_branch_datetime_operator_2' retrieved from /home/airflow/.local/lib/python3.8/site-packages/airflow/example_dags/example_branch_datetime_operator.py
[2025-10-14T14:48:22.301+0000] {logging_mixin.py:188} INFO - [2025-10-14T14:48:22.301+0000] {dag.py:3047} INFO - Sync 3 DAGs
[2025-10-14T14:48:22.322+0000] {logging_mixin.py:188} INFO - [2025-10-14T14:48:22.322+0000] {dag.py:3834} INFO - Setting next_dagrun for example_branch_datetime_operator to 2025-10-13 00:00:00+00:00, run_after=2025-10-14 00:00:00+00:00
[2025-10-14T14:48:22.327+0000] {logging_mixin.py:188} INFO - [2025-10-14T14:48:22.327+0000] {dag.py:3834} INFO - Setting next_dagrun for example_branch_datetime_operator_2 to 2025-10-13 00:00:00+00:00, run_after=2025-10-14 00:00:00+00:00
[2025-10-14T14:48:22.330+0000] {logging_mixin.py:188} INFO - [2025-10-14T14:48:22.330+0000] {dag.py:3834} INFO - Setting next_dagrun for example_branch_datetime_operator_3 to 2025-10-13 00:00:00+00:00, run_after=2025-10-14 00:00:00+00:00
[2025-10-14T14:48:22.347+0000] {processor.py:183} INFO - Processing /home/airflow/.local/lib/python3.8/site-packages/airflow/example_dags/example_branch_datetime_operator.py took 0.087 seconds
[2025-10-14T14:48:52.657+0000] {processor.py:161} INFO - Started process (PID=248) to work on /home/airflow/.local/lib/python3.8/site-packages/airflow/example_dags/example_branch_datetime_operator.py
[2025-10-14T14:48:52.658+0000] {processor.py:830} INFO - Processing file /home/airflow/.local/lib/python3.8/site-packages/airflow/example_dags/example_branch_datetime_operator.py for tasks to queue
[2025-10-14T14:48:52.660+0000] {logging_mixin.py:188} INFO - [2025-10-14T14:48:52.660+0000] {dagbag.py:540} INFO - Filling up the DagBag from /home/airflow/.local/lib/python3.8/site-packages/airflow/example_dags/example_branch_datetime_operator.py
[2025-10-14T14:48:52.670+0000] {processor.py:840} INFO - DAG(s) 'example_branch_datetime_operator', 'example_branch_datetime_operator_3', 'example_branch_datetime_operator_2' retrieved from /home/airflow/.local/lib/python3.8/site-packages/airflow/example_dags/example_branch_datetime_operator.py
[2025-10-14T14:48:52.694+0000] {logging_mixin.py:188} INFO - [2025-10-14T14:48:52.694+0000] {dag.py:3047} INFO - Sync 3 DAGs
[2025-10-14T14:48:52.716+0000] {logging_mixin.py:188} INFO - [2025-10-14T14:48:52.716+0000] {dag.py:3834} INFO - Setting next_dagrun for example_branch_datetime_operator to 2025-10-13 00:00:00+00:00, run_after=2025-10-14 00:00:00+00:00
[2025-10-14T14:48:52.721+0000] {logging_mixin.py:188} INFO - [2025-10-14T14:48:52.721+0000] {dag.py:3834} INFO - Setting next_dagrun for example_branch_datetime_operator_2 to 2025-10-13 00:00:00+00:00, run_after=2025-10-14 00:00:00+00:00
[2025-10-14T14:48:52.723+0000] {logging_mixin.py:188} INFO - [2025-10-14T14:48:52.723+0000] {dag.py:3834} INFO - Setting next_dagrun for example_branch_datetime_operator_3 to 2025-10-13 00:00:00+00:00, run_after=2025-10-14 00:00:00+00:00
[2025-10-14T14:48:52.740+0000] {processor.py:183} INFO - Processing /home/airflow/.local/lib/python3.8/site-packages/airflow/example_dags/example_branch_datetime_operator.py took 0.086 seconds
[2025-10-14T14:49:23.004+0000] {processor.py:161} INFO - Started process (PID=307) to work on /home/airflow/.local/lib/python3.8/site-packages/airflow/example_dags/example_branch_datetime_operator.py
[2025-10-14T14:49:23.005+0000] {processor.py:830} INFO - Processing file /home/airflow/.local/lib/python3.8/site-packages/airflow/example_dags/example_branch_datetime_operator.py for tasks to queue
[2025-10-14T14:49:23.007+0000] {logging_mixin.py:188} INFO - [2025-10-14T14:49:23.007+0000] {dagbag.py:540} INFO - Filling up the DagBag from /home/airflow/.local/lib/python3.8/site-packages/airflow/example_dags/example_branch_datetime_operator.py
[2025-10-14T14:49:23.016+0000] {processor.py:840} INFO - DAG(s) 'example_branch_datetime_operator', 'example_branch_datetime_operator_3', 'example_branch_datetime_operator_2' retrieved from /home/airflow/.local/lib/python3.8/site-packages/airflow/example_dags/example_branch_datetime_operator.py
[2025-10-14T14:49:23.040+0000] {logging_mixin.py:188} INFO - [2025-10-14T14:49:23.040+0000] {dag.py:3047} INFO - Sync 3 DAGs
[2025-10-14T14:49:23.061+0000] {logging_mixin.py:188} INFO - [2025-10-14T14:49:23.061+0000] {dag.py:3834} INFO - Setting next_dagrun for example_branch_datetime_operator to 2025-10-13 00:00:00+00:00, run_after=2025-10-14 00:00:00+00:00
[2025-10-14T14:49:23.065+0000] {logging_mixin.py:188} INFO - [2025-10-14T14:49:23.065+0000] {dag.py:3834} INFO - Setting next_dagrun for example_branch_datetime_operator_2 to 2025-10-13 00:00:00+00:00, run_after=2025-10-14 00:00:00+00:00
[2025-10-14T14:49:23.068+0000] {logging_mixin.py:188} INFO - [2025-10-14T14:49:23.068+0000] {dag.py:3834} INFO - Setting next_dagrun for example_branch_datetime_operator_3 to 2025-10-13 00:00:00+00:00, run_after=2025-10-14 00:00:00+00:00
[2025-10-14T14:49:23.084+0000] {processor.py:183} INFO - Processing /home/airflow/.local/lib/python3.8/site-packages/airflow/example_dags/example_branch_datetime_operator.py took 0.083 seconds
[2025-10-14T14:49:53.323+0000] {processor.py:161} INFO - Started process (PID=366) to work on /home/airflow/.local/lib/python3.8/site-packages/airflow/example_dags/example_branch_datetime_operator.py
[2025-10-14T14:49:53.324+0000] {processor.py:830} INFO - Processing file /home/airflow/.local/lib/python3.8/site-packages/airflow/example_dags/example_branch_datetime_operator.py for tasks to queue
[2025-10-14T14:49:53.326+0000] {logging_mixin.py:188} INFO - [2025-10-14T14:49:53.326+0000] {dagbag.py:540} INFO - Filling up the DagBag from /home/airflow/.local/lib/python3.8/site-packages/airflow/example_dags/example_branch_datetime_operator.py
[2025-10-14T14:49:53.335+0000] {processor.py:840} INFO - DAG(s) 'example_branch_datetime_operator', 'example_branch_datetime_operator_2', 'example_branch_datetime_operator_3' retrieved from /home/airflow/.local/lib/python3.8/site-packages/airflow/example_dags/example_branch_datetime_operator.py
[2025-10-14T14:49:53.358+0000] {logging_mixin.py:188} INFO - [2025-10-14T14:49:53.358+0000] {dag.py:3047} INFO - Sync 3 DAGs
[2025-10-14T14:49:53.378+0000] {logging_mixin.py:188} INFO - [2025-10-14T14:49:53.378+0000] {dag.py:3834} INFO - Setting next_dagrun for example_branch_datetime_operator to 2025-10-13 00:00:00+00:00, run_after=2025-10-14 00:00:00+00:00
[2025-10-14T14:49:53.383+0000] {logging_mixin.py:188} INFO - [2025-10-14T14:49:53.382+0000] {dag.py:3834} INFO - Setting next_dagrun for example_branch_datetime_operator_2 to 2025-10-13 00:00:00+00:00, run_after=2025-10-14 00:00:00+00:00
[2025-10-14T14:49:53.385+0000] {logging_mixin.py:188} INFO - [2025-10-14T14:49:53.385+0000] {dag.py:3834} INFO - Setting next_dagrun for example_branch_datetime_operator_3 to 2025-10-13 00:00:00+00:00, run_after=2025-10-14 00:00:00+00:00
[2025-10-14T14:49:53.398+0000] {processor.py:183} INFO - Processing /home/airflow/.local/lib/python3.8/site-packages/airflow/example_dags/example_branch_datetime_operator.py took 0.078 seconds
[2025-10-14T14:50:23.670+0000] {processor.py:161} INFO - Started process (PID=425) to work on /home/airflow/.local/lib/python3.8/site-packages/airflow/example_dags/example_branch_datetime_operator.py
[2025-10-14T14:50:23.671+0000] {processor.py:830} INFO - Processing file /home/airflow/.local/lib/python3.8/site-packages/airflow/example_dags/example_branch_datetime_operator.py for tasks to queue
[2025-10-14T14:50:23.673+0000] {logging_mixin.py:188} INFO - [2025-10-14T14:50:23.673+0000] {dagbag.py:540} INFO - Filling up the DagBag from /home/airflow/.local/lib/python3.8/site-packages/airflow/example_dags/example_branch_datetime_operator.py
[2025-10-14T14:50:23.684+0000] {processor.py:840} INFO - DAG(s) 'example_branch_datetime_operator', 'example_branch_datetime_operator_2', 'example_branch_datetime_operator_3' retrieved from /home/airflow/.local/lib/python3.8/site-packages/airflow/example_dags/example_branch_datetime_operator.py
[2025-10-14T14:50:23.712+0000] {logging_mixin.py:188} INFO - [2025-10-14T14:50:23.711+0000] {dag.py:3047} INFO - Sync 3 DAGs
[2025-10-14T14:50:23.741+0000] {logging_mixin.py:188} INFO - [2025-10-14T14:50:23.741+0000] {dag.py:3834} INFO - Setting next_dagrun for example_branch_datetime_operator to 2025-10-13 00:00:00+00:00, run_after=2025-10-14 00:00:00+00:00
[2025-10-14T14:50:23.748+0000] {logging_mixin.py:188} INFO - [2025-10-14T14:50:23.747+0000] {dag.py:3834} INFO - Setting next_dagrun for example_branch_datetime_operator_2 to 2025-10-13 00:00:00+00:00, run_after=2025-10-14 00:00:00+00:00
[2025-10-14T14:50:23.750+0000] {logging_mixin.py:188} INFO - [2025-10-14T14:50:23.750+0000] {dag.py:3834} INFO - Setting next_dagrun for example_branch_datetime_operator_3 to 2025-10-13 00:00:00+00:00, run_after=2025-10-14 00:00:00+00:00
[2025-10-14T14:50:23.769+0000] {processor.py:183} INFO - Processing /home/airflow/.local/lib/python3.8/site-packages/airflow/example_dags/example_branch_datetime_operator.py took 0.103 seconds
[2025-10-14T14:50:54.510+0000] {processor.py:161} INFO - Started process (PID=484) to work on /home/airflow/.local/lib/python3.8/site-packages/airflow/example_dags/example_branch_datetime_operator.py
[2025-10-14T14:50:54.511+0000] {processor.py:830} INFO - Processing file /home/airflow/.local/lib/python3.8/site-packages/airflow/example_dags/example_branch_datetime_operator.py for tasks to queue
[2025-10-14T14:50:54.513+0000] {logging_mixin.py:188} INFO - [2025-10-14T14:50:54.513+0000] {dagbag.py:540} INFO - Filling up the DagBag from /home/airflow/.local/lib/python3.8/site-packages/airflow/example_dags/example_branch_datetime_operator.py
[2025-10-14T14:50:54.522+0000] {processor.py:840} INFO - DAG(s) 'example_branch_datetime_operator_3', 'example_branch_datetime_operator', 'example_branch_datetime_operator_2' retrieved from /home/airflow/.local/lib/python3.8/site-packages/airflow/example_dags/example_branch_datetime_operator.py
[2025-10-14T14:50:54.546+0000] {logging_mixin.py:188} INFO - [2025-10-14T14:50:54.546+0000] {dag.py:3047} INFO - Sync 3 DAGs
[2025-10-14T14:50:54.567+0000] {logging_mixin.py:188} INFO - [2025-10-14T14:50:54.567+0000] {dag.py:3834} INFO - Setting next_dagrun for example_branch_datetime_operator to 2025-10-13 00:00:00+00:00, run_after=2025-10-14 00:00:00+00:00
[2025-10-14T14:50:54.571+0000] {logging_mixin.py:188} INFO - [2025-10-14T14:50:54.571+0000] {dag.py:3834} INFO - Setting next_dagrun for example_branch_datetime_operator_2 to 2025-10-13 00:00:00+00:00, run_after=2025-10-14 00:00:00+00:00
[2025-10-14T14:50:54.574+0000] {logging_mixin.py:188} INFO - [2025-10-14T14:50:54.573+0000] {dag.py:3834} INFO - Setting next_dagrun for example_branch_datetime_operator_3 to 2025-10-13 00:00:00+00:00, run_after=2025-10-14 00:00:00+00:00
[2025-10-14T14:50:54.587+0000] {processor.py:183} INFO - Processing /home/airflow/.local/lib/python3.8/site-packages/airflow/example_dags/example_branch_datetime_operator.py took 0.080 seconds
[2025-10-14T14:51:24.791+0000] {processor.py:161} INFO - Started process (PID=545) to work on /home/airflow/.local/lib/python3.8/site-packages/airflow/example_dags/example_branch_datetime_operator.py
[2025-10-14T14:51:24.792+0000] {processor.py:830} INFO - Processing file /home/airflow/.local/lib/python3.8/site-packages/airflow/example_dags/example_branch_datetime_operator.py for tasks to queue
[2025-10-14T14:51:24.794+0000] {logging_mixin.py:188} INFO - [2025-10-14T14:51:24.793+0000] {dagbag.py:540} INFO - Filling up the DagBag from /home/airflow/.local/lib/python3.8/site-packages/airflow/example_dags/example_branch_datetime_operator.py
[2025-10-14T14:51:24.802+0000] {processor.py:840} INFO - DAG(s) 'example_branch_datetime_operator_3', 'example_branch_datetime_operator_2', 'example_branch_datetime_operator' retrieved from /home/airflow/.local/lib/python3.8/site-packages/airflow/example_dags/example_branch_datetime_operator.py
[2025-10-14T14:51:24.825+0000] {logging_mixin.py:188} INFO - [2025-10-14T14:51:24.825+0000] {dag.py:3047} INFO - Sync 3 DAGs
[2025-10-14T14:51:24.846+0000] {logging_mixin.py:188} INFO - [2025-10-14T14:51:24.846+0000] {dag.py:3834} INFO - Setting next_dagrun for example_branch_datetime_operator to 2025-10-13 00:00:00+00:00, run_after=2025-10-14 00:00:00+00:00
[2025-10-14T14:51:24.850+0000] {logging_mixin.py:188} INFO - [2025-10-14T14:51:24.850+0000] {dag.py:3834} INFO - Setting next_dagrun for example_branch_datetime_operator_2 to 2025-10-13 00:00:00+00:00, run_after=2025-10-14 00:00:00+00:00
[2025-10-14T14:51:24.853+0000] {logging_mixin.py:188} INFO - [2025-10-14T14:51:24.853+0000] {dag.py:3834} INFO - Setting next_dagrun for example_branch_datetime_operator_3 to 2025-10-13 00:00:00+00:00, run_after=2025-10-14 00:00:00+00:00
[2025-10-14T14:51:24.867+0000] {processor.py:183} INFO - Processing /home/airflow/.local/lib/python3.8/site-packages/airflow/example_dags/example_branch_datetime_operator.py took 0.078 seconds
[2025-10-14T14:51:55.013+0000] {processor.py:161} INFO - Started process (PID=603) to work on /home/airflow/.local/lib/python3.8/site-packages/airflow/example_dags/example_branch_datetime_operator.py
[2025-10-14T14:51:55.014+0000] {processor.py:830} INFO - Processing file /home/airflow/.local/lib/python3.8/site-packages/airflow/example_dags/example_branch_datetime_operator.py for tasks to queue
[2025-10-14T14:51:55.016+0000] {logging_mixin.py:188} INFO - [2025-10-14T14:51:55.016+0000] {dagbag.py:540} INFO - Filling up the DagBag from /home/airflow/.local/lib/python3.8/site-packages/airflow/example_dags/example_branch_datetime_operator.py
[2025-10-14T14:51:55.025+0000] {processor.py:840} INFO - DAG(s) 'example_branch_datetime_operator_2', 'example_branch_datetime_operator', 'example_branch_datetime_operator_3' retrieved from /home/airflow/.local/lib/python3.8/site-packages/airflow/example_dags/example_branch_datetime_operator.py
[2025-10-14T14:51:55.050+0000] {logging_mixin.py:188} INFO - [2025-10-14T14:51:55.050+0000] {dag.py:3047} INFO - Sync 3 DAGs
[2025-10-14T14:51:55.072+0000] {logging_mixin.py:188} INFO - [2025-10-14T14:51:55.071+0000] {dag.py:3834} INFO - Setting next_dagrun for example_branch_datetime_operator to 2025-10-13 00:00:00+00:00, run_after=2025-10-14 00:00:00+00:00
[2025-10-14T14:51:55.076+0000] {logging_mixin.py:188} INFO - [2025-10-14T14:51:55.076+0000] {dag.py:3834} INFO - Setting next_dagrun for example_branch_datetime_operator_2 to 2025-10-13 00:00:00+00:00, run_after=2025-10-14 00:00:00+00:00
[2025-10-14T14:51:55.079+0000] {logging_mixin.py:188} INFO - [2025-10-14T14:51:55.079+0000] {dag.py:3834} INFO - Setting next_dagrun for example_branch_datetime_operator_3 to 2025-10-13 00:00:00+00:00, run_after=2025-10-14 00:00:00+00:00
[2025-10-14T14:51:55.095+0000] {processor.py:183} INFO - Processing /home/airflow/.local/lib/python3.8/site-packages/airflow/example_dags/example_branch_datetime_operator.py took 0.085 seconds
[2025-10-14T14:52:26.018+0000] {processor.py:161} INFO - Started process (PID=662) to work on /home/airflow/.local/lib/python3.8/site-packages/airflow/example_dags/example_branch_datetime_operator.py
[2025-10-14T14:52:26.019+0000] {processor.py:830} INFO - Processing file /home/airflow/.local/lib/python3.8/site-packages/airflow/example_dags/example_branch_datetime_operator.py for tasks to queue
[2025-10-14T14:52:26.021+0000] {logging_mixin.py:188} INFO - [2025-10-14T14:52:26.021+0000] {dagbag.py:540} INFO - Filling up the DagBag from /home/airflow/.local/lib/python3.8/site-packages/airflow/example_dags/example_branch_datetime_operator.py
[2025-10-14T14:52:26.030+0000] {processor.py:840} INFO - DAG(s) 'example_branch_datetime_operator', 'example_branch_datetime_operator_3', 'example_branch_datetime_operator_2' retrieved from /home/airflow/.local/lib/python3.8/site-packages/airflow/example_dags/example_branch_datetime_operator.py
[2025-10-14T14:52:26.054+0000] {logging_mixin.py:188} INFO - [2025-10-14T14:52:26.054+0000] {dag.py:3047} INFO - Sync 3 DAGs
[2025-10-14T14:52:26.074+0000] {logging_mixin.py:188} INFO - [2025-10-14T14:52:26.074+0000] {dag.py:3834} INFO - Setting next_dagrun for example_branch_datetime_operator to 2025-10-13 00:00:00+00:00, run_after=2025-10-14 00:00:00+00:00
[2025-10-14T14:52:26.078+0000] {logging_mixin.py:188} INFO - [2025-10-14T14:52:26.078+0000] {dag.py:3834} INFO - Setting next_dagrun for example_branch_datetime_operator_2 to 2025-10-13 00:00:00+00:00, run_after=2025-10-14 00:00:00+00:00
[2025-10-14T14:52:26.081+0000] {logging_mixin.py:188} INFO - [2025-10-14T14:52:26.081+0000] {dag.py:3834} INFO - Setting next_dagrun for example_branch_datetime_operator_3 to 2025-10-13 00:00:00+00:00, run_after=2025-10-14 00:00:00+00:00
[2025-10-14T14:52:26.096+0000] {processor.py:183} INFO - Processing /home/airflow/.local/lib/python3.8/site-packages/airflow/example_dags/example_branch_datetime_operator.py took 0.081 seconds
[2025-10-14T14:52:57.061+0000] {processor.py:161} INFO - Started process (PID=721) to work on /home/airflow/.local/lib/python3.8/site-packages/airflow/example_dags/example_branch_datetime_operator.py
[2025-10-14T14:52:57.062+0000] {processor.py:830} INFO - Processing file /home/airflow/.local/lib/python3.8/site-packages/airflow/example_dags/example_branch_datetime_operator.py for tasks to queue
[2025-10-14T14:52:57.064+0000] {logging_mixin.py:188} INFO - [2025-10-14T14:52:57.064+0000] {dagbag.py:540} INFO - Filling up the DagBag from /home/airflow/.local/lib/python3.8/site-packages/airflow/example_dags/example_branch_datetime_operator.py
[2025-10-14T14:52:57.073+0000] {processor.py:840} INFO - DAG(s) 'example_branch_datetime_operator_2', 'example_branch_datetime_operator', 'example_branch_datetime_operator_3' retrieved from /home/airflow/.local/lib/python3.8/site-packages/airflow/example_dags/example_branch_datetime_operator.py
[2025-10-14T14:52:57.096+0000] {logging_mixin.py:188} INFO - [2025-10-14T14:52:57.096+0000] {dag.py:3047} INFO - Sync 3 DAGs
[2025-10-14T14:52:57.117+0000] {logging_mixin.py:188} INFO - [2025-10-14T14:52:57.116+0000] {dag.py:3834} INFO - Setting next_dagrun for example_branch_datetime_operator to 2025-10-13 00:00:00+00:00, run_after=2025-10-14 00:00:00+00:00
[2025-10-14T14:52:57.121+0000] {logging_mixin.py:188} INFO - [2025-10-14T14:52:57.121+0000] {dag.py:3834} INFO - Setting next_dagrun for example_branch_datetime_operator_2 to 2025-10-13 00:00:00+00:00, run_after=2025-10-14 00:00:00+00:00
[2025-10-14T14:52:57.124+0000] {logging_mixin.py:188} INFO - [2025-10-14T14:52:57.124+0000] {dag.py:3834} INFO - Setting next_dagrun for example_branch_datetime_operator_3 to 2025-10-13 00:00:00+00:00, run_after=2025-10-14 00:00:00+00:00
[2025-10-14T14:52:57.140+0000] {processor.py:183} INFO - Processing /home/airflow/.local/lib/python3.8/site-packages/airflow/example_dags/example_branch_datetime_operator.py took 0.082 seconds
[2025-10-14T14:53:27.282+0000] {processor.py:161} INFO - Started process (PID=780) to work on /home/airflow/.local/lib/python3.8/site-packages/airflow/example_dags/example_branch_datetime_operator.py
[2025-10-14T14:53:27.283+0000] {processor.py:830} INFO - Processing file /home/airflow/.local/lib/python3.8/site-packages/airflow/example_dags/example_branch_datetime_operator.py for tasks to queue
[2025-10-14T14:53:27.285+0000] {logging_mixin.py:188} INFO - [2025-10-14T14:53:27.285+0000] {dagbag.py:540} INFO - Filling up the DagBag from /home/airflow/.local/lib/python3.8/site-packages/airflow/example_dags/example_branch_datetime_operator.py
[2025-10-14T14:53:27.294+0000] {processor.py:840} INFO - DAG(s) 'example_branch_datetime_operator', 'example_branch_datetime_operator_3', 'example_branch_datetime_operator_2' retrieved from /home/airflow/.local/lib/python3.8/site-packages/airflow/example_dags/example_branch_datetime_operator.py
[2025-10-14T14:53:27.317+0000] {logging_mixin.py:188} INFO - [2025-10-14T14:53:27.317+0000] {dag.py:3047} INFO - Sync 3 DAGs
[2025-10-14T14:53:27.337+0000] {logging_mixin.py:188} INFO - [2025-10-14T14:53:27.337+0000] {dag.py:3834} INFO - Setting next_dagrun for example_branch_datetime_operator to 2025-10-13 00:00:00+00:00, run_after=2025-10-14 00:00:00+00:00
[2025-10-14T14:53:27.342+0000] {logging_mixin.py:188} INFO - [2025-10-14T14:53:27.342+0000] {dag.py:3834} INFO - Setting next_dagrun for example_branch_datetime_operator_2 to 2025-10-13 00:00:00+00:00, run_after=2025-10-14 00:00:00+00:00
[2025-10-14T14:53:27.345+0000] {logging_mixin.py:188} INFO - [2025-10-14T14:53:27.345+0000] {dag.py:3834} INFO - Setting next_dagrun for example_branch_datetime_operator_3 to 2025-10-13 00:00:00+00:00, run_after=2025-10-14 00:00:00+00:00
[2025-10-14T14:53:27.360+0000] {processor.py:183} INFO - Processing /home/airflow/.local/lib/python3.8/site-packages/airflow/example_dags/example_branch_datetime_operator.py took 0.081 seconds
[2025-10-14T14:53:57.795+0000] {processor.py:161} INFO - Started process (PID=839) to work on /home/airflow/.local/lib/python3.8/site-packages/airflow/example_dags/example_branch_datetime_operator.py
[2025-10-14T14:53:57.796+0000] {processor.py:830} INFO - Processing file /home/airflow/.local/lib/python3.8/site-packages/airflow/example_dags/example_branch_datetime_operator.py for tasks to queue
[2025-10-14T14:53:57.798+0000] {logging_mixin.py:188} INFO - [2025-10-14T14:53:57.798+0000] {dagbag.py:540} INFO - Filling up the DagBag from /home/airflow/.local/lib/python3.8/site-packages/airflow/example_dags/example_branch_datetime_operator.py
[2025-10-14T14:53:57.808+0000] {processor.py:840} INFO - DAG(s) 'example_branch_datetime_operator', 'example_branch_datetime_operator_2', 'example_branch_datetime_operator_3' retrieved from /home/airflow/.local/lib/python3.8/site-packages/airflow/example_dags/example_branch_datetime_operator.py
[2025-10-14T14:53:57.832+0000] {logging_mixin.py:188} INFO - [2025-10-14T14:53:57.832+0000] {dag.py:3047} INFO - Sync 3 DAGs
[2025-10-14T14:53:57.853+0000] {logging_mixin.py:188} INFO - [2025-10-14T14:53:57.853+0000] {dag.py:3834} INFO - Setting next_dagrun for example_branch_datetime_operator to 2025-10-13 00:00:00+00:00, run_after=2025-10-14 00:00:00+00:00
[2025-10-14T14:53:57.858+0000] {logging_mixin.py:188} INFO - [2025-10-14T14:53:57.858+0000] {dag.py:3834} INFO - Setting next_dagrun for example_branch_datetime_operator_2 to 2025-10-13 00:00:00+00:00, run_after=2025-10-14 00:00:00+00:00
[2025-10-14T14:53:57.861+0000] {logging_mixin.py:188} INFO - [2025-10-14T14:53:57.861+0000] {dag.py:3834} INFO - Setting next_dagrun for example_branch_datetime_operator_3 to 2025-10-13 00:00:00+00:00, run_after=2025-10-14 00:00:00+00:00
[2025-10-14T14:53:57.876+0000] {processor.py:183} INFO - Processing /home/airflow/.local/lib/python3.8/site-packages/airflow/example_dags/example_branch_datetime_operator.py took 0.083 seconds
[2025-10-14T14:54:28.711+0000] {processor.py:161} INFO - Started process (PID=898) to work on /home/airflow/.local/lib/python3.8/site-packages/airflow/example_dags/example_branch_datetime_operator.py
[2025-10-14T14:54:28.712+0000] {processor.py:830} INFO - Processing file /home/airflow/.local/lib/python3.8/site-packages/airflow/example_dags/example_branch_datetime_operator.py for tasks to queue
[2025-10-14T14:54:28.714+0000] {logging_mixin.py:188} INFO - [2025-10-14T14:54:28.714+0000] {dagbag.py:540} INFO - Filling up the DagBag from /home/airflow/.local/lib/python3.8/site-packages/airflow/example_dags/example_branch_datetime_operator.py
[2025-10-14T14:54:28.723+0000] {processor.py:840} INFO - DAG(s) 'example_branch_datetime_operator', 'example_branch_datetime_operator_3', 'example_branch_datetime_operator_2' retrieved from /home/airflow/.local/lib/python3.8/site-packages/airflow/example_dags/example_branch_datetime_operator.py
[2025-10-14T14:54:28.749+0000] {logging_mixin.py:188} INFO - [2025-10-14T14:54:28.748+0000] {dag.py:3047} INFO - Sync 3 DAGs
[2025-10-14T14:54:28.771+0000] {logging_mixin.py:188} INFO - [2025-10-14T14:54:28.770+0000] {dag.py:3834} INFO - Setting next_dagrun for example_branch_datetime_operator to 2025-10-13 00:00:00+00:00, run_after=2025-10-14 00:00:00+00:00
[2025-10-14T14:54:28.777+0000] {logging_mixin.py:188} INFO - [2025-10-14T14:54:28.776+0000] {dag.py:3834} INFO - Setting next_dagrun for example_branch_datetime_operator_2 to 2025-10-13 00:00:00+00:00, run_after=2025-10-14 00:00:00+00:00
[2025-10-14T14:54:28.779+0000] {logging_mixin.py:188} INFO - [2025-10-14T14:54:28.779+0000] {dag.py:3834} INFO - Setting next_dagrun for example_branch_datetime_operator_3 to 2025-10-13 00:00:00+00:00, run_after=2025-10-14 00:00:00+00:00
[2025-10-14T14:54:28.795+0000] {processor.py:183} INFO - Processing /home/airflow/.local/lib/python3.8/site-packages/airflow/example_dags/example_branch_datetime_operator.py took 0.086 seconds
[2025-10-14T14:54:59.967+0000] {processor.py:161} INFO - Started process (PID=957) to work on /home/airflow/.local/lib/python3.8/site-packages/airflow/example_dags/example_branch_datetime_operator.py
[2025-10-14T14:54:59.968+0000] {processor.py:830} INFO - Processing file /home/airflow/.local/lib/python3.8/site-packages/airflow/example_dags/example_branch_datetime_operator.py for tasks to queue
[2025-10-14T14:54:59.970+0000] {logging_mixin.py:188} INFO - [2025-10-14T14:54:59.970+0000] {dagbag.py:540} INFO - Filling up the DagBag from /home/airflow/.local/lib/python3.8/site-packages/airflow/example_dags/example_branch_datetime_operator.py
[2025-10-14T14:54:59.980+0000] {processor.py:840} INFO - DAG(s) 'example_branch_datetime_operator_3', 'example_branch_datetime_operator', 'example_branch_datetime_operator_2' retrieved from /home/airflow/.local/lib/python3.8/site-packages/airflow/example_dags/example_branch_datetime_operator.py
[2025-10-14T14:55:00.008+0000] {logging_mixin.py:188} INFO - [2025-10-14T14:55:00.007+0000] {dag.py:3047} INFO - Sync 3 DAGs
[2025-10-14T14:55:00.032+0000] {logging_mixin.py:188} INFO - [2025-10-14T14:55:00.031+0000] {dag.py:3834} INFO - Setting next_dagrun for example_branch_datetime_operator to 2025-10-13 00:00:00+00:00, run_after=2025-10-14 00:00:00+00:00
[2025-10-14T14:55:00.036+0000] {logging_mixin.py:188} INFO - [2025-10-14T14:55:00.036+0000] {dag.py:3834} INFO - Setting next_dagrun for example_branch_datetime_operator_2 to 2025-10-13 00:00:00+00:00, run_after=2025-10-14 00:00:00+00:00
[2025-10-14T14:55:00.039+0000] {logging_mixin.py:188} INFO - [2025-10-14T14:55:00.039+0000] {dag.py:3834} INFO - Setting next_dagrun for example_branch_datetime_operator_3 to 2025-10-13 00:00:00+00:00, run_after=2025-10-14 00:00:00+00:00
[2025-10-14T14:55:00.054+0000] {processor.py:183} INFO - Processing /home/airflow/.local/lib/python3.8/site-packages/airflow/example_dags/example_branch_datetime_operator.py took 0.090 seconds
[2025-10-14T14:55:30.646+0000] {processor.py:161} INFO - Started process (PID=1016) to work on /home/airflow/.local/lib/python3.8/site-packages/airflow/example_dags/example_branch_datetime_operator.py
[2025-10-14T14:55:30.647+0000] {processor.py:830} INFO - Processing file /home/airflow/.local/lib/python3.8/site-packages/airflow/example_dags/example_branch_datetime_operator.py for tasks to queue
[2025-10-14T14:55:30.649+0000] {logging_mixin.py:188} INFO - [2025-10-14T14:55:30.649+0000] {dagbag.py:540} INFO - Filling up the DagBag from /home/airflow/.local/lib/python3.8/site-packages/airflow/example_dags/example_branch_datetime_operator.py
[2025-10-14T14:55:30.659+0000] {processor.py:840} INFO - DAG(s) 'example_branch_datetime_operator', 'example_branch_datetime_operator_3', 'example_branch_datetime_operator_2' retrieved from /home/airflow/.local/lib/python3.8/site-packages/airflow/example_dags/example_branch_datetime_operator.py
[2025-10-14T14:55:30.686+0000] {logging_mixin.py:188} INFO - [2025-10-14T14:55:30.686+0000] {dag.py:3047} INFO - Sync 3 DAGs
[2025-10-14T14:55:30.709+0000] {logging_mixin.py:188} INFO - [2025-10-14T14:55:30.709+0000] {dag.py:3834} INFO - Setting next_dagrun for example_branch_datetime_operator to 2025-10-13 00:00:00+00:00, run_after=2025-10-14 00:00:00+00:00
[2025-10-14T14:55:30.714+0000] {logging_mixin.py:188} INFO - [2025-10-14T14:55:30.714+0000] {dag.py:3834} INFO - Setting next_dagrun for example_branch_datetime_operator_2 to 2025-10-13 00:00:00+00:00, run_after=2025-10-14 00:00:00+00:00
[2025-10-14T14:55:30.717+0000] {logging_mixin.py:188} INFO - [2025-10-14T14:55:30.717+0000] {dag.py:3834} INFO - Setting next_dagrun for example_branch_datetime_operator_3 to 2025-10-13 00:00:00+00:00, run_after=2025-10-14 00:00:00+00:00
[2025-10-14T14:55:30.734+0000] {processor.py:183} INFO - Processing /home/airflow/.local/lib/python3.8/site-packages/airflow/example_dags/example_branch_datetime_operator.py took 0.091 seconds
