[2025-10-14T14:44:59.707+0000] {processor.py:161} INFO - Started process (PID=120) to work on /home/airflow/.local/lib/python3.8/site-packages/airflow/example_dags/example_datasets.py
[2025-10-14T14:44:59.708+0000] {processor.py:830} INFO - Processing file /home/airflow/.local/lib/python3.8/site-packages/airflow/example_dags/example_datasets.py for tasks to queue
[2025-10-14T14:44:59.710+0000] {logging_mixin.py:188} INFO - [2025-10-14T14:44:59.710+0000] {dagbag.py:540} INFO - Filling up the DagBag from /home/airflow/.local/lib/python3.8/site-packages/airflow/example_dags/example_datasets.py
[2025-10-14T14:44:59.719+0000] {processor.py:840} INFO - DAG(s) 'dataset_consumes_1_never_scheduled', 'dataset_produces_1', 'dataset_consumes_unknown_never_scheduled', 'dataset_produces_2', 'dataset_consumes_1', 'dataset_consumes_1_and_2' retrieved from /home/airflow/.local/lib/python3.8/site-packages/airflow/example_dags/example_datasets.py
[2025-10-14T14:44:59.806+0000] {logging_mixin.py:188} INFO - [2025-10-14T14:44:59.806+0000] {override.py:1769} INFO - Created Permission View: can edit on DAG:dataset_consumes_1_never_scheduled
[2025-10-14T14:44:59.816+0000] {logging_mixin.py:188} INFO - [2025-10-14T14:44:59.815+0000] {override.py:1769} INFO - Created Permission View: can delete on DAG:dataset_consumes_1_never_scheduled
[2025-10-14T14:44:59.823+0000] {logging_mixin.py:188} INFO - [2025-10-14T14:44:59.822+0000] {override.py:1769} INFO - Created Permission View: can read on DAG:dataset_consumes_1_never_scheduled
[2025-10-14T14:44:59.833+0000] {logging_mixin.py:188} INFO - [2025-10-14T14:44:59.833+0000] {override.py:1769} INFO - Created Permission View: can edit on DAG:dataset_produces_1
[2025-10-14T14:44:59.839+0000] {logging_mixin.py:188} INFO - [2025-10-14T14:44:59.839+0000] {override.py:1769} INFO - Created Permission View: can delete on DAG:dataset_produces_1
[2025-10-14T14:44:59.845+0000] {logging_mixin.py:188} INFO - [2025-10-14T14:44:59.845+0000] {override.py:1769} INFO - Created Permission View: can read on DAG:dataset_produces_1
[2025-10-14T14:44:59.857+0000] {logging_mixin.py:188} INFO - [2025-10-14T14:44:59.856+0000] {override.py:1769} INFO - Created Permission View: can edit on DAG:dataset_consumes_unknown_never_scheduled
[2025-10-14T14:44:59.863+0000] {logging_mixin.py:188} INFO - [2025-10-14T14:44:59.862+0000] {override.py:1769} INFO - Created Permission View: can delete on DAG:dataset_consumes_unknown_never_scheduled
[2025-10-14T14:44:59.869+0000] {logging_mixin.py:188} INFO - [2025-10-14T14:44:59.869+0000] {override.py:1769} INFO - Created Permission View: can read on DAG:dataset_consumes_unknown_never_scheduled
[2025-10-14T14:44:59.879+0000] {logging_mixin.py:188} INFO - [2025-10-14T14:44:59.879+0000] {override.py:1769} INFO - Created Permission View: can edit on DAG:dataset_produces_2
[2025-10-14T14:44:59.885+0000] {logging_mixin.py:188} INFO - [2025-10-14T14:44:59.885+0000] {override.py:1769} INFO - Created Permission View: can delete on DAG:dataset_produces_2
[2025-10-14T14:44:59.890+0000] {logging_mixin.py:188} INFO - [2025-10-14T14:44:59.890+0000] {override.py:1769} INFO - Created Permission View: can read on DAG:dataset_produces_2
[2025-10-14T14:44:59.901+0000] {logging_mixin.py:188} INFO - [2025-10-14T14:44:59.901+0000] {override.py:1769} INFO - Created Permission View: can edit on DAG:dataset_consumes_1
[2025-10-14T14:44:59.907+0000] {logging_mixin.py:188} INFO - [2025-10-14T14:44:59.907+0000] {override.py:1769} INFO - Created Permission View: can delete on DAG:dataset_consumes_1
[2025-10-14T14:44:59.913+0000] {logging_mixin.py:188} INFO - [2025-10-14T14:44:59.912+0000] {override.py:1769} INFO - Created Permission View: can read on DAG:dataset_consumes_1
[2025-10-14T14:44:59.924+0000] {logging_mixin.py:188} INFO - [2025-10-14T14:44:59.924+0000] {override.py:1769} INFO - Created Permission View: can edit on DAG:dataset_consumes_1_and_2
[2025-10-14T14:44:59.931+0000] {logging_mixin.py:188} INFO - [2025-10-14T14:44:59.930+0000] {override.py:1769} INFO - Created Permission View: can delete on DAG:dataset_consumes_1_and_2
[2025-10-14T14:44:59.936+0000] {logging_mixin.py:188} INFO - [2025-10-14T14:44:59.936+0000] {override.py:1769} INFO - Created Permission View: can read on DAG:dataset_consumes_1_and_2
[2025-10-14T14:44:59.937+0000] {logging_mixin.py:188} INFO - [2025-10-14T14:44:59.937+0000] {dag.py:3047} INFO - Sync 6 DAGs
[2025-10-14T14:44:59.946+0000] {logging_mixin.py:188} INFO - [2025-10-14T14:44:59.946+0000] {dag.py:3069} INFO - Creating ORM DAG for dataset_produces_1
[2025-10-14T14:44:59.947+0000] {logging_mixin.py:188} INFO - [2025-10-14T14:44:59.947+0000] {dag.py:3069} INFO - Creating ORM DAG for dataset_consumes_1_never_scheduled
[2025-10-14T14:44:59.948+0000] {logging_mixin.py:188} INFO - [2025-10-14T14:44:59.947+0000] {dag.py:3069} INFO - Creating ORM DAG for dataset_consumes_unknown_never_scheduled
[2025-10-14T14:44:59.948+0000] {logging_mixin.py:188} INFO - [2025-10-14T14:44:59.948+0000] {dag.py:3069} INFO - Creating ORM DAG for dataset_consumes_1
[2025-10-14T14:44:59.949+0000] {logging_mixin.py:188} INFO - [2025-10-14T14:44:59.949+0000] {dag.py:3069} INFO - Creating ORM DAG for dataset_consumes_1_and_2
[2025-10-14T14:44:59.950+0000] {logging_mixin.py:188} INFO - [2025-10-14T14:44:59.949+0000] {dag.py:3069} INFO - Creating ORM DAG for dataset_produces_2
[2025-10-14T14:44:59.958+0000] {logging_mixin.py:188} INFO - [2025-10-14T14:44:59.958+0000] {dag.py:3834} INFO - Setting next_dagrun for dataset_consumes_1 to None, run_after=None
[2025-10-14T14:44:59.959+0000] {logging_mixin.py:188} INFO - [2025-10-14T14:44:59.959+0000] {dag.py:3834} INFO - Setting next_dagrun for dataset_consumes_1_and_2 to None, run_after=None
[2025-10-14T14:44:59.960+0000] {logging_mixin.py:188} INFO - [2025-10-14T14:44:59.960+0000] {dag.py:3834} INFO - Setting next_dagrun for dataset_consumes_1_never_scheduled to None, run_after=None
[2025-10-14T14:44:59.960+0000] {logging_mixin.py:188} INFO - [2025-10-14T14:44:59.960+0000] {dag.py:3834} INFO - Setting next_dagrun for dataset_consumes_unknown_never_scheduled to None, run_after=None
[2025-10-14T14:44:59.962+0000] {logging_mixin.py:188} INFO - [2025-10-14T14:44:59.962+0000] {dag.py:3834} INFO - Setting next_dagrun for dataset_produces_1 to 2025-10-13 00:00:00+00:00, run_after=2025-10-14 00:00:00+00:00
[2025-10-14T14:44:59.963+0000] {logging_mixin.py:188} INFO - [2025-10-14T14:44:59.963+0000] {dag.py:3834} INFO - Setting next_dagrun for dataset_produces_2 to None, run_after=None
[2025-10-14T14:44:59.997+0000] {processor.py:183} INFO - Processing /home/airflow/.local/lib/python3.8/site-packages/airflow/example_dags/example_datasets.py took 0.292 seconds
[2025-10-14T14:45:30.397+0000] {processor.py:161} INFO - Started process (PID=179) to work on /home/airflow/.local/lib/python3.8/site-packages/airflow/example_dags/example_datasets.py
[2025-10-14T14:45:30.398+0000] {processor.py:830} INFO - Processing file /home/airflow/.local/lib/python3.8/site-packages/airflow/example_dags/example_datasets.py for tasks to queue
[2025-10-14T14:45:30.399+0000] {logging_mixin.py:188} INFO - [2025-10-14T14:45:30.399+0000] {dagbag.py:540} INFO - Filling up the DagBag from /home/airflow/.local/lib/python3.8/site-packages/airflow/example_dags/example_datasets.py
[2025-10-14T14:45:30.408+0000] {processor.py:840} INFO - DAG(s) 'dataset_consumes_1_and_2', 'dataset_produces_2', 'dataset_produces_1', 'dataset_consumes_1_never_scheduled', 'dataset_consumes_unknown_never_scheduled', 'dataset_consumes_1' retrieved from /home/airflow/.local/lib/python3.8/site-packages/airflow/example_dags/example_datasets.py
[2025-10-14T14:45:30.440+0000] {logging_mixin.py:188} INFO - [2025-10-14T14:45:30.439+0000] {dag.py:3047} INFO - Sync 6 DAGs
[2025-10-14T14:45:30.460+0000] {logging_mixin.py:188} INFO - [2025-10-14T14:45:30.460+0000] {dag.py:3834} INFO - Setting next_dagrun for dataset_consumes_1 to None, run_after=None
[2025-10-14T14:45:30.463+0000] {logging_mixin.py:188} INFO - [2025-10-14T14:45:30.463+0000] {dag.py:3834} INFO - Setting next_dagrun for dataset_consumes_1_and_2 to None, run_after=None
[2025-10-14T14:45:30.464+0000] {logging_mixin.py:188} INFO - [2025-10-14T14:45:30.464+0000] {dag.py:3834} INFO - Setting next_dagrun for dataset_consumes_1_never_scheduled to None, run_after=None
[2025-10-14T14:45:30.465+0000] {logging_mixin.py:188} INFO - [2025-10-14T14:45:30.465+0000] {dag.py:3834} INFO - Setting next_dagrun for dataset_consumes_unknown_never_scheduled to None, run_after=None
[2025-10-14T14:45:30.468+0000] {logging_mixin.py:188} INFO - [2025-10-14T14:45:30.468+0000] {dag.py:3834} INFO - Setting next_dagrun for dataset_produces_1 to 2025-10-13 00:00:00+00:00, run_after=2025-10-14 00:00:00+00:00
[2025-10-14T14:45:30.470+0000] {logging_mixin.py:188} INFO - [2025-10-14T14:45:30.469+0000] {dag.py:3834} INFO - Setting next_dagrun for dataset_produces_2 to None, run_after=None
[2025-10-14T14:45:30.497+0000] {processor.py:183} INFO - Processing /home/airflow/.local/lib/python3.8/site-packages/airflow/example_dags/example_datasets.py took 0.102 seconds
[2025-10-14T14:46:00.743+0000] {processor.py:161} INFO - Started process (PID=238) to work on /home/airflow/.local/lib/python3.8/site-packages/airflow/example_dags/example_datasets.py
[2025-10-14T14:46:00.744+0000] {processor.py:830} INFO - Processing file /home/airflow/.local/lib/python3.8/site-packages/airflow/example_dags/example_datasets.py for tasks to queue
[2025-10-14T14:46:00.746+0000] {logging_mixin.py:188} INFO - [2025-10-14T14:46:00.746+0000] {dagbag.py:540} INFO - Filling up the DagBag from /home/airflow/.local/lib/python3.8/site-packages/airflow/example_dags/example_datasets.py
[2025-10-14T14:46:00.756+0000] {processor.py:840} INFO - DAG(s) 'dataset_consumes_1_never_scheduled', 'dataset_produces_2', 'dataset_consumes_1', 'dataset_produces_1', 'dataset_consumes_1_and_2', 'dataset_consumes_unknown_never_scheduled' retrieved from /home/airflow/.local/lib/python3.8/site-packages/airflow/example_dags/example_datasets.py
[2025-10-14T14:46:00.789+0000] {logging_mixin.py:188} INFO - [2025-10-14T14:46:00.788+0000] {dag.py:3047} INFO - Sync 6 DAGs
[2025-10-14T14:46:00.822+0000] {logging_mixin.py:188} INFO - [2025-10-14T14:46:00.822+0000] {dag.py:3834} INFO - Setting next_dagrun for dataset_consumes_1 to None, run_after=None
[2025-10-14T14:46:00.827+0000] {logging_mixin.py:188} INFO - [2025-10-14T14:46:00.826+0000] {dag.py:3834} INFO - Setting next_dagrun for dataset_consumes_1_and_2 to None, run_after=None
[2025-10-14T14:46:00.828+0000] {logging_mixin.py:188} INFO - [2025-10-14T14:46:00.828+0000] {dag.py:3834} INFO - Setting next_dagrun for dataset_consumes_1_never_scheduled to None, run_after=None
[2025-10-14T14:46:00.830+0000] {logging_mixin.py:188} INFO - [2025-10-14T14:46:00.830+0000] {dag.py:3834} INFO - Setting next_dagrun for dataset_consumes_unknown_never_scheduled to None, run_after=None
[2025-10-14T14:46:00.833+0000] {logging_mixin.py:188} INFO - [2025-10-14T14:46:00.833+0000] {dag.py:3834} INFO - Setting next_dagrun for dataset_produces_1 to 2025-10-13 00:00:00+00:00, run_after=2025-10-14 00:00:00+00:00
[2025-10-14T14:46:00.835+0000] {logging_mixin.py:188} INFO - [2025-10-14T14:46:00.834+0000] {dag.py:3834} INFO - Setting next_dagrun for dataset_produces_2 to None, run_after=None
[2025-10-14T14:46:00.866+0000] {processor.py:183} INFO - Processing /home/airflow/.local/lib/python3.8/site-packages/airflow/example_dags/example_datasets.py took 0.126 seconds
[2025-10-14T14:47:51.327+0000] {processor.py:161} INFO - Started process (PID=125) to work on /home/airflow/.local/lib/python3.8/site-packages/airflow/example_dags/example_datasets.py
[2025-10-14T14:47:51.328+0000] {processor.py:830} INFO - Processing file /home/airflow/.local/lib/python3.8/site-packages/airflow/example_dags/example_datasets.py for tasks to queue
[2025-10-14T14:47:51.330+0000] {logging_mixin.py:188} INFO - [2025-10-14T14:47:51.330+0000] {dagbag.py:540} INFO - Filling up the DagBag from /home/airflow/.local/lib/python3.8/site-packages/airflow/example_dags/example_datasets.py
[2025-10-14T14:47:51.339+0000] {processor.py:840} INFO - DAG(s) 'dataset_consumes_1_and_2', 'dataset_produces_2', 'dataset_consumes_1_never_scheduled', 'dataset_produces_1', 'dataset_consumes_unknown_never_scheduled', 'dataset_consumes_1' retrieved from /home/airflow/.local/lib/python3.8/site-packages/airflow/example_dags/example_datasets.py
[2025-10-14T14:47:51.479+0000] {logging_mixin.py:188} INFO - [2025-10-14T14:47:51.478+0000] {dag.py:3047} INFO - Sync 6 DAGs
[2025-10-14T14:47:51.499+0000] {logging_mixin.py:188} INFO - [2025-10-14T14:47:51.499+0000] {dag.py:3834} INFO - Setting next_dagrun for dataset_consumes_1 to None, run_after=None
[2025-10-14T14:47:51.502+0000] {logging_mixin.py:188} INFO - [2025-10-14T14:47:51.502+0000] {dag.py:3834} INFO - Setting next_dagrun for dataset_consumes_1_and_2 to None, run_after=None
[2025-10-14T14:47:51.504+0000] {logging_mixin.py:188} INFO - [2025-10-14T14:47:51.504+0000] {dag.py:3834} INFO - Setting next_dagrun for dataset_consumes_1_never_scheduled to None, run_after=None
[2025-10-14T14:47:51.506+0000] {logging_mixin.py:188} INFO - [2025-10-14T14:47:51.506+0000] {dag.py:3834} INFO - Setting next_dagrun for dataset_consumes_unknown_never_scheduled to None, run_after=None
[2025-10-14T14:47:51.509+0000] {logging_mixin.py:188} INFO - [2025-10-14T14:47:51.509+0000] {dag.py:3834} INFO - Setting next_dagrun for dataset_produces_1 to 2025-10-13 00:00:00+00:00, run_after=2025-10-14 00:00:00+00:00
[2025-10-14T14:47:51.510+0000] {logging_mixin.py:188} INFO - [2025-10-14T14:47:51.510+0000] {dag.py:3834} INFO - Setting next_dagrun for dataset_produces_2 to None, run_after=None
[2025-10-14T14:47:51.547+0000] {processor.py:183} INFO - Processing /home/airflow/.local/lib/python3.8/site-packages/airflow/example_dags/example_datasets.py took 0.223 seconds
[2025-10-14T14:48:21.996+0000] {processor.py:161} INFO - Started process (PID=184) to work on /home/airflow/.local/lib/python3.8/site-packages/airflow/example_dags/example_datasets.py
[2025-10-14T14:48:21.997+0000] {processor.py:830} INFO - Processing file /home/airflow/.local/lib/python3.8/site-packages/airflow/example_dags/example_datasets.py for tasks to queue
[2025-10-14T14:48:21.998+0000] {logging_mixin.py:188} INFO - [2025-10-14T14:48:21.998+0000] {dagbag.py:540} INFO - Filling up the DagBag from /home/airflow/.local/lib/python3.8/site-packages/airflow/example_dags/example_datasets.py
[2025-10-14T14:48:22.007+0000] {processor.py:840} INFO - DAG(s) 'dataset_consumes_1', 'dataset_produces_2', 'dataset_consumes_1_never_scheduled', 'dataset_consumes_unknown_never_scheduled', 'dataset_consumes_1_and_2', 'dataset_produces_1' retrieved from /home/airflow/.local/lib/python3.8/site-packages/airflow/example_dags/example_datasets.py
[2025-10-14T14:48:22.037+0000] {logging_mixin.py:188} INFO - [2025-10-14T14:48:22.037+0000] {dag.py:3047} INFO - Sync 6 DAGs
[2025-10-14T14:48:22.057+0000] {logging_mixin.py:188} INFO - [2025-10-14T14:48:22.057+0000] {dag.py:3834} INFO - Setting next_dagrun for dataset_consumes_1 to None, run_after=None
[2025-10-14T14:48:22.061+0000] {logging_mixin.py:188} INFO - [2025-10-14T14:48:22.060+0000] {dag.py:3834} INFO - Setting next_dagrun for dataset_consumes_1_and_2 to None, run_after=None
[2025-10-14T14:48:22.062+0000] {logging_mixin.py:188} INFO - [2025-10-14T14:48:22.062+0000] {dag.py:3834} INFO - Setting next_dagrun for dataset_consumes_1_never_scheduled to None, run_after=None
[2025-10-14T14:48:22.064+0000] {logging_mixin.py:188} INFO - [2025-10-14T14:48:22.063+0000] {dag.py:3834} INFO - Setting next_dagrun for dataset_consumes_unknown_never_scheduled to None, run_after=None
[2025-10-14T14:48:22.067+0000] {logging_mixin.py:188} INFO - [2025-10-14T14:48:22.066+0000] {dag.py:3834} INFO - Setting next_dagrun for dataset_produces_1 to 2025-10-13 00:00:00+00:00, run_after=2025-10-14 00:00:00+00:00
[2025-10-14T14:48:22.068+0000] {logging_mixin.py:188} INFO - [2025-10-14T14:48:22.068+0000] {dag.py:3834} INFO - Setting next_dagrun for dataset_produces_2 to None, run_after=None
[2025-10-14T14:48:22.095+0000] {processor.py:183} INFO - Processing /home/airflow/.local/lib/python3.8/site-packages/airflow/example_dags/example_datasets.py took 0.103 seconds
[2025-10-14T14:48:52.347+0000] {processor.py:161} INFO - Started process (PID=243) to work on /home/airflow/.local/lib/python3.8/site-packages/airflow/example_dags/example_datasets.py
[2025-10-14T14:48:52.348+0000] {processor.py:830} INFO - Processing file /home/airflow/.local/lib/python3.8/site-packages/airflow/example_dags/example_datasets.py for tasks to queue
[2025-10-14T14:48:52.350+0000] {logging_mixin.py:188} INFO - [2025-10-14T14:48:52.349+0000] {dagbag.py:540} INFO - Filling up the DagBag from /home/airflow/.local/lib/python3.8/site-packages/airflow/example_dags/example_datasets.py
[2025-10-14T14:48:52.359+0000] {processor.py:840} INFO - DAG(s) 'dataset_consumes_1', 'dataset_produces_1', 'dataset_consumes_1_and_2', 'dataset_consumes_unknown_never_scheduled', 'dataset_consumes_1_never_scheduled', 'dataset_produces_2' retrieved from /home/airflow/.local/lib/python3.8/site-packages/airflow/example_dags/example_datasets.py
[2025-10-14T14:48:52.390+0000] {logging_mixin.py:188} INFO - [2025-10-14T14:48:52.390+0000] {dag.py:3047} INFO - Sync 6 DAGs
[2025-10-14T14:48:52.410+0000] {logging_mixin.py:188} INFO - [2025-10-14T14:48:52.410+0000] {dag.py:3834} INFO - Setting next_dagrun for dataset_consumes_1 to None, run_after=None
[2025-10-14T14:48:52.414+0000] {logging_mixin.py:188} INFO - [2025-10-14T14:48:52.414+0000] {dag.py:3834} INFO - Setting next_dagrun for dataset_consumes_1_and_2 to None, run_after=None
[2025-10-14T14:48:52.415+0000] {logging_mixin.py:188} INFO - [2025-10-14T14:48:52.415+0000] {dag.py:3834} INFO - Setting next_dagrun for dataset_consumes_1_never_scheduled to None, run_after=None
[2025-10-14T14:48:52.417+0000] {logging_mixin.py:188} INFO - [2025-10-14T14:48:52.416+0000] {dag.py:3834} INFO - Setting next_dagrun for dataset_consumes_unknown_never_scheduled to None, run_after=None
[2025-10-14T14:48:52.419+0000] {logging_mixin.py:188} INFO - [2025-10-14T14:48:52.419+0000] {dag.py:3834} INFO - Setting next_dagrun for dataset_produces_1 to 2025-10-13 00:00:00+00:00, run_after=2025-10-14 00:00:00+00:00
[2025-10-14T14:48:52.420+0000] {logging_mixin.py:188} INFO - [2025-10-14T14:48:52.420+0000] {dag.py:3834} INFO - Setting next_dagrun for dataset_produces_2 to None, run_after=None
[2025-10-14T14:48:52.446+0000] {processor.py:183} INFO - Processing /home/airflow/.local/lib/python3.8/site-packages/airflow/example_dags/example_datasets.py took 0.102 seconds
[2025-10-14T14:49:22.688+0000] {processor.py:161} INFO - Started process (PID=302) to work on /home/airflow/.local/lib/python3.8/site-packages/airflow/example_dags/example_datasets.py
[2025-10-14T14:49:22.689+0000] {processor.py:830} INFO - Processing file /home/airflow/.local/lib/python3.8/site-packages/airflow/example_dags/example_datasets.py for tasks to queue
[2025-10-14T14:49:22.691+0000] {logging_mixin.py:188} INFO - [2025-10-14T14:49:22.691+0000] {dagbag.py:540} INFO - Filling up the DagBag from /home/airflow/.local/lib/python3.8/site-packages/airflow/example_dags/example_datasets.py
[2025-10-14T14:49:22.701+0000] {processor.py:840} INFO - DAG(s) 'dataset_produces_1', 'dataset_consumes_1', 'dataset_consumes_1_and_2', 'dataset_consumes_unknown_never_scheduled', 'dataset_consumes_1_never_scheduled', 'dataset_produces_2' retrieved from /home/airflow/.local/lib/python3.8/site-packages/airflow/example_dags/example_datasets.py
[2025-10-14T14:49:22.735+0000] {logging_mixin.py:188} INFO - [2025-10-14T14:49:22.735+0000] {dag.py:3047} INFO - Sync 6 DAGs
[2025-10-14T14:49:22.756+0000] {logging_mixin.py:188} INFO - [2025-10-14T14:49:22.755+0000] {dag.py:3834} INFO - Setting next_dagrun for dataset_consumes_1 to None, run_after=None
[2025-10-14T14:49:22.759+0000] {logging_mixin.py:188} INFO - [2025-10-14T14:49:22.759+0000] {dag.py:3834} INFO - Setting next_dagrun for dataset_consumes_1_and_2 to None, run_after=None
[2025-10-14T14:49:22.760+0000] {logging_mixin.py:188} INFO - [2025-10-14T14:49:22.760+0000] {dag.py:3834} INFO - Setting next_dagrun for dataset_consumes_1_never_scheduled to None, run_after=None
[2025-10-14T14:49:22.761+0000] {logging_mixin.py:188} INFO - [2025-10-14T14:49:22.761+0000] {dag.py:3834} INFO - Setting next_dagrun for dataset_consumes_unknown_never_scheduled to None, run_after=None
[2025-10-14T14:49:22.764+0000] {logging_mixin.py:188} INFO - [2025-10-14T14:49:22.764+0000] {dag.py:3834} INFO - Setting next_dagrun for dataset_produces_1 to 2025-10-13 00:00:00+00:00, run_after=2025-10-14 00:00:00+00:00
[2025-10-14T14:49:22.765+0000] {logging_mixin.py:188} INFO - [2025-10-14T14:49:22.765+0000] {dag.py:3834} INFO - Setting next_dagrun for dataset_produces_2 to None, run_after=None
[2025-10-14T14:49:22.790+0000] {processor.py:183} INFO - Processing /home/airflow/.local/lib/python3.8/site-packages/airflow/example_dags/example_datasets.py took 0.105 seconds
[2025-10-14T14:49:53.055+0000] {processor.py:161} INFO - Started process (PID=361) to work on /home/airflow/.local/lib/python3.8/site-packages/airflow/example_dags/example_datasets.py
[2025-10-14T14:49:53.056+0000] {processor.py:830} INFO - Processing file /home/airflow/.local/lib/python3.8/site-packages/airflow/example_dags/example_datasets.py for tasks to queue
[2025-10-14T14:49:53.058+0000] {logging_mixin.py:188} INFO - [2025-10-14T14:49:53.058+0000] {dagbag.py:540} INFO - Filling up the DagBag from /home/airflow/.local/lib/python3.8/site-packages/airflow/example_dags/example_datasets.py
[2025-10-14T14:49:53.066+0000] {processor.py:840} INFO - DAG(s) 'dataset_consumes_unknown_never_scheduled', 'dataset_consumes_1', 'dataset_produces_2', 'dataset_produces_1', 'dataset_consumes_1_never_scheduled', 'dataset_consumes_1_and_2' retrieved from /home/airflow/.local/lib/python3.8/site-packages/airflow/example_dags/example_datasets.py
[2025-10-14T14:49:53.099+0000] {logging_mixin.py:188} INFO - [2025-10-14T14:49:53.099+0000] {dag.py:3047} INFO - Sync 6 DAGs
[2025-10-14T14:49:53.119+0000] {logging_mixin.py:188} INFO - [2025-10-14T14:49:53.119+0000] {dag.py:3834} INFO - Setting next_dagrun for dataset_consumes_1 to None, run_after=None
[2025-10-14T14:49:53.123+0000] {logging_mixin.py:188} INFO - [2025-10-14T14:49:53.123+0000] {dag.py:3834} INFO - Setting next_dagrun for dataset_consumes_1_and_2 to None, run_after=None
[2025-10-14T14:49:53.125+0000] {logging_mixin.py:188} INFO - [2025-10-14T14:49:53.125+0000] {dag.py:3834} INFO - Setting next_dagrun for dataset_consumes_1_never_scheduled to None, run_after=None
[2025-10-14T14:49:53.126+0000] {logging_mixin.py:188} INFO - [2025-10-14T14:49:53.126+0000] {dag.py:3834} INFO - Setting next_dagrun for dataset_consumes_unknown_never_scheduled to None, run_after=None
[2025-10-14T14:49:53.129+0000] {logging_mixin.py:188} INFO - [2025-10-14T14:49:53.129+0000] {dag.py:3834} INFO - Setting next_dagrun for dataset_produces_1 to 2025-10-13 00:00:00+00:00, run_after=2025-10-14 00:00:00+00:00
[2025-10-14T14:49:53.131+0000] {logging_mixin.py:188} INFO - [2025-10-14T14:49:53.131+0000] {dag.py:3834} INFO - Setting next_dagrun for dataset_produces_2 to None, run_after=None
[2025-10-14T14:49:53.158+0000] {processor.py:183} INFO - Processing /home/airflow/.local/lib/python3.8/site-packages/airflow/example_dags/example_datasets.py took 0.106 seconds
[2025-10-14T14:50:23.296+0000] {processor.py:161} INFO - Started process (PID=420) to work on /home/airflow/.local/lib/python3.8/site-packages/airflow/example_dags/example_datasets.py
[2025-10-14T14:50:23.297+0000] {processor.py:830} INFO - Processing file /home/airflow/.local/lib/python3.8/site-packages/airflow/example_dags/example_datasets.py for tasks to queue
[2025-10-14T14:50:23.299+0000] {logging_mixin.py:188} INFO - [2025-10-14T14:50:23.298+0000] {dagbag.py:540} INFO - Filling up the DagBag from /home/airflow/.local/lib/python3.8/site-packages/airflow/example_dags/example_datasets.py
[2025-10-14T14:50:23.308+0000] {processor.py:840} INFO - DAG(s) 'dataset_produces_1', 'dataset_consumes_1_never_scheduled', 'dataset_consumes_1_and_2', 'dataset_produces_2', 'dataset_consumes_1', 'dataset_consumes_unknown_never_scheduled' retrieved from /home/airflow/.local/lib/python3.8/site-packages/airflow/example_dags/example_datasets.py
[2025-10-14T14:50:23.343+0000] {logging_mixin.py:188} INFO - [2025-10-14T14:50:23.343+0000] {dag.py:3047} INFO - Sync 6 DAGs
[2025-10-14T14:50:23.365+0000] {logging_mixin.py:188} INFO - [2025-10-14T14:50:23.365+0000] {dag.py:3834} INFO - Setting next_dagrun for dataset_consumes_1 to None, run_after=None
[2025-10-14T14:50:23.369+0000] {logging_mixin.py:188} INFO - [2025-10-14T14:50:23.369+0000] {dag.py:3834} INFO - Setting next_dagrun for dataset_consumes_1_and_2 to None, run_after=None
[2025-10-14T14:50:23.371+0000] {logging_mixin.py:188} INFO - [2025-10-14T14:50:23.371+0000] {dag.py:3834} INFO - Setting next_dagrun for dataset_consumes_1_never_scheduled to None, run_after=None
[2025-10-14T14:50:23.373+0000] {logging_mixin.py:188} INFO - [2025-10-14T14:50:23.373+0000] {dag.py:3834} INFO - Setting next_dagrun for dataset_consumes_unknown_never_scheduled to None, run_after=None
[2025-10-14T14:50:23.376+0000] {logging_mixin.py:188} INFO - [2025-10-14T14:50:23.375+0000] {dag.py:3834} INFO - Setting next_dagrun for dataset_produces_1 to 2025-10-13 00:00:00+00:00, run_after=2025-10-14 00:00:00+00:00
[2025-10-14T14:50:23.378+0000] {logging_mixin.py:188} INFO - [2025-10-14T14:50:23.378+0000] {dag.py:3834} INFO - Setting next_dagrun for dataset_produces_2 to None, run_after=None
[2025-10-14T14:50:23.411+0000] {processor.py:183} INFO - Processing /home/airflow/.local/lib/python3.8/site-packages/airflow/example_dags/example_datasets.py took 0.118 seconds
[2025-10-14T14:50:54.187+0000] {processor.py:161} INFO - Started process (PID=479) to work on /home/airflow/.local/lib/python3.8/site-packages/airflow/example_dags/example_datasets.py
[2025-10-14T14:50:54.188+0000] {processor.py:830} INFO - Processing file /home/airflow/.local/lib/python3.8/site-packages/airflow/example_dags/example_datasets.py for tasks to queue
[2025-10-14T14:50:54.190+0000] {logging_mixin.py:188} INFO - [2025-10-14T14:50:54.190+0000] {dagbag.py:540} INFO - Filling up the DagBag from /home/airflow/.local/lib/python3.8/site-packages/airflow/example_dags/example_datasets.py
[2025-10-14T14:50:54.198+0000] {processor.py:840} INFO - DAG(s) 'dataset_produces_2', 'dataset_produces_1', 'dataset_consumes_1_never_scheduled', 'dataset_consumes_1', 'dataset_consumes_unknown_never_scheduled', 'dataset_consumes_1_and_2' retrieved from /home/airflow/.local/lib/python3.8/site-packages/airflow/example_dags/example_datasets.py
[2025-10-14T14:50:54.233+0000] {logging_mixin.py:188} INFO - [2025-10-14T14:50:54.232+0000] {dag.py:3047} INFO - Sync 6 DAGs
[2025-10-14T14:50:54.254+0000] {logging_mixin.py:188} INFO - [2025-10-14T14:50:54.254+0000] {dag.py:3834} INFO - Setting next_dagrun for dataset_consumes_1 to None, run_after=None
[2025-10-14T14:50:54.258+0000] {logging_mixin.py:188} INFO - [2025-10-14T14:50:54.257+0000] {dag.py:3834} INFO - Setting next_dagrun for dataset_consumes_1_and_2 to None, run_after=None
[2025-10-14T14:50:54.259+0000] {logging_mixin.py:188} INFO - [2025-10-14T14:50:54.259+0000] {dag.py:3834} INFO - Setting next_dagrun for dataset_consumes_1_never_scheduled to None, run_after=None
[2025-10-14T14:50:54.260+0000] {logging_mixin.py:188} INFO - [2025-10-14T14:50:54.260+0000] {dag.py:3834} INFO - Setting next_dagrun for dataset_consumes_unknown_never_scheduled to None, run_after=None
[2025-10-14T14:50:54.263+0000] {logging_mixin.py:188} INFO - [2025-10-14T14:50:54.263+0000] {dag.py:3834} INFO - Setting next_dagrun for dataset_produces_1 to 2025-10-13 00:00:00+00:00, run_after=2025-10-14 00:00:00+00:00
[2025-10-14T14:50:54.264+0000] {logging_mixin.py:188} INFO - [2025-10-14T14:50:54.264+0000] {dag.py:3834} INFO - Setting next_dagrun for dataset_produces_2 to None, run_after=None
[2025-10-14T14:50:54.295+0000] {processor.py:183} INFO - Processing /home/airflow/.local/lib/python3.8/site-packages/airflow/example_dags/example_datasets.py took 0.111 seconds
[2025-10-14T14:51:24.487+0000] {processor.py:161} INFO - Started process (PID=539) to work on /home/airflow/.local/lib/python3.8/site-packages/airflow/example_dags/example_datasets.py
[2025-10-14T14:51:24.488+0000] {processor.py:830} INFO - Processing file /home/airflow/.local/lib/python3.8/site-packages/airflow/example_dags/example_datasets.py for tasks to queue
[2025-10-14T14:51:24.490+0000] {logging_mixin.py:188} INFO - [2025-10-14T14:51:24.490+0000] {dagbag.py:540} INFO - Filling up the DagBag from /home/airflow/.local/lib/python3.8/site-packages/airflow/example_dags/example_datasets.py
[2025-10-14T14:51:24.499+0000] {processor.py:840} INFO - DAG(s) 'dataset_consumes_1_never_scheduled', 'dataset_consumes_1_and_2', 'dataset_consumes_1', 'dataset_produces_2', 'dataset_produces_1', 'dataset_consumes_unknown_never_scheduled' retrieved from /home/airflow/.local/lib/python3.8/site-packages/airflow/example_dags/example_datasets.py
[2025-10-14T14:51:24.530+0000] {logging_mixin.py:188} INFO - [2025-10-14T14:51:24.530+0000] {dag.py:3047} INFO - Sync 6 DAGs
[2025-10-14T14:51:24.550+0000] {logging_mixin.py:188} INFO - [2025-10-14T14:51:24.550+0000] {dag.py:3834} INFO - Setting next_dagrun for dataset_consumes_1 to None, run_after=None
[2025-10-14T14:51:24.553+0000] {logging_mixin.py:188} INFO - [2025-10-14T14:51:24.553+0000] {dag.py:3834} INFO - Setting next_dagrun for dataset_consumes_1_and_2 to None, run_after=None
[2025-10-14T14:51:24.554+0000] {logging_mixin.py:188} INFO - [2025-10-14T14:51:24.554+0000] {dag.py:3834} INFO - Setting next_dagrun for dataset_consumes_1_never_scheduled to None, run_after=None
[2025-10-14T14:51:24.556+0000] {logging_mixin.py:188} INFO - [2025-10-14T14:51:24.555+0000] {dag.py:3834} INFO - Setting next_dagrun for dataset_consumes_unknown_never_scheduled to None, run_after=None
[2025-10-14T14:51:24.558+0000] {logging_mixin.py:188} INFO - [2025-10-14T14:51:24.558+0000] {dag.py:3834} INFO - Setting next_dagrun for dataset_produces_1 to 2025-10-13 00:00:00+00:00, run_after=2025-10-14 00:00:00+00:00
[2025-10-14T14:51:24.559+0000] {logging_mixin.py:188} INFO - [2025-10-14T14:51:24.559+0000] {dag.py:3834} INFO - Setting next_dagrun for dataset_produces_2 to None, run_after=None
[2025-10-14T14:51:24.583+0000] {processor.py:183} INFO - Processing /home/airflow/.local/lib/python3.8/site-packages/airflow/example_dags/example_datasets.py took 0.099 seconds
[2025-10-14T14:51:54.665+0000] {processor.py:161} INFO - Started process (PID=598) to work on /home/airflow/.local/lib/python3.8/site-packages/airflow/example_dags/example_datasets.py
[2025-10-14T14:51:54.666+0000] {processor.py:830} INFO - Processing file /home/airflow/.local/lib/python3.8/site-packages/airflow/example_dags/example_datasets.py for tasks to queue
[2025-10-14T14:51:54.667+0000] {logging_mixin.py:188} INFO - [2025-10-14T14:51:54.667+0000] {dagbag.py:540} INFO - Filling up the DagBag from /home/airflow/.local/lib/python3.8/site-packages/airflow/example_dags/example_datasets.py
[2025-10-14T14:51:54.677+0000] {processor.py:840} INFO - DAG(s) 'dataset_consumes_1', 'dataset_consumes_unknown_never_scheduled', 'dataset_consumes_1_never_scheduled', 'dataset_produces_2', 'dataset_consumes_1_and_2', 'dataset_produces_1' retrieved from /home/airflow/.local/lib/python3.8/site-packages/airflow/example_dags/example_datasets.py
[2025-10-14T14:51:54.709+0000] {logging_mixin.py:188} INFO - [2025-10-14T14:51:54.709+0000] {dag.py:3047} INFO - Sync 6 DAGs
[2025-10-14T14:51:54.730+0000] {logging_mixin.py:188} INFO - [2025-10-14T14:51:54.730+0000] {dag.py:3834} INFO - Setting next_dagrun for dataset_consumes_1 to None, run_after=None
[2025-10-14T14:51:54.734+0000] {logging_mixin.py:188} INFO - [2025-10-14T14:51:54.734+0000] {dag.py:3834} INFO - Setting next_dagrun for dataset_consumes_1_and_2 to None, run_after=None
[2025-10-14T14:51:54.735+0000] {logging_mixin.py:188} INFO - [2025-10-14T14:51:54.735+0000] {dag.py:3834} INFO - Setting next_dagrun for dataset_consumes_1_never_scheduled to None, run_after=None
[2025-10-14T14:51:54.737+0000] {logging_mixin.py:188} INFO - [2025-10-14T14:51:54.737+0000] {dag.py:3834} INFO - Setting next_dagrun for dataset_consumes_unknown_never_scheduled to None, run_after=None
[2025-10-14T14:51:54.740+0000] {logging_mixin.py:188} INFO - [2025-10-14T14:51:54.739+0000] {dag.py:3834} INFO - Setting next_dagrun for dataset_produces_1 to 2025-10-13 00:00:00+00:00, run_after=2025-10-14 00:00:00+00:00
[2025-10-14T14:51:54.742+0000] {logging_mixin.py:188} INFO - [2025-10-14T14:51:54.742+0000] {dag.py:3834} INFO - Setting next_dagrun for dataset_produces_2 to None, run_after=None
[2025-10-14T14:51:54.772+0000] {processor.py:183} INFO - Processing /home/airflow/.local/lib/python3.8/site-packages/airflow/example_dags/example_datasets.py took 0.110 seconds
[2025-10-14T14:52:25.786+0000] {processor.py:161} INFO - Started process (PID=657) to work on /home/airflow/.local/lib/python3.8/site-packages/airflow/example_dags/example_datasets.py
[2025-10-14T14:52:25.787+0000] {processor.py:830} INFO - Processing file /home/airflow/.local/lib/python3.8/site-packages/airflow/example_dags/example_datasets.py for tasks to queue
[2025-10-14T14:52:25.789+0000] {logging_mixin.py:188} INFO - [2025-10-14T14:52:25.789+0000] {dagbag.py:540} INFO - Filling up the DagBag from /home/airflow/.local/lib/python3.8/site-packages/airflow/example_dags/example_datasets.py
[2025-10-14T14:52:25.798+0000] {processor.py:840} INFO - DAG(s) 'dataset_consumes_1_and_2', 'dataset_consumes_1', 'dataset_consumes_unknown_never_scheduled', 'dataset_consumes_1_never_scheduled', 'dataset_produces_1', 'dataset_produces_2' retrieved from /home/airflow/.local/lib/python3.8/site-packages/airflow/example_dags/example_datasets.py
[2025-10-14T14:52:25.832+0000] {logging_mixin.py:188} INFO - [2025-10-14T14:52:25.831+0000] {dag.py:3047} INFO - Sync 6 DAGs
[2025-10-14T14:52:25.852+0000] {logging_mixin.py:188} INFO - [2025-10-14T14:52:25.852+0000] {dag.py:3834} INFO - Setting next_dagrun for dataset_consumes_1 to None, run_after=None
[2025-10-14T14:52:25.855+0000] {logging_mixin.py:188} INFO - [2025-10-14T14:52:25.855+0000] {dag.py:3834} INFO - Setting next_dagrun for dataset_consumes_1_and_2 to None, run_after=None
[2025-10-14T14:52:25.857+0000] {logging_mixin.py:188} INFO - [2025-10-14T14:52:25.857+0000] {dag.py:3834} INFO - Setting next_dagrun for dataset_consumes_1_never_scheduled to None, run_after=None
[2025-10-14T14:52:25.858+0000] {logging_mixin.py:188} INFO - [2025-10-14T14:52:25.858+0000] {dag.py:3834} INFO - Setting next_dagrun for dataset_consumes_unknown_never_scheduled to None, run_after=None
[2025-10-14T14:52:25.861+0000] {logging_mixin.py:188} INFO - [2025-10-14T14:52:25.860+0000] {dag.py:3834} INFO - Setting next_dagrun for dataset_produces_1 to 2025-10-13 00:00:00+00:00, run_after=2025-10-14 00:00:00+00:00
[2025-10-14T14:52:25.862+0000] {logging_mixin.py:188} INFO - [2025-10-14T14:52:25.862+0000] {dag.py:3834} INFO - Setting next_dagrun for dataset_produces_2 to None, run_after=None
[2025-10-14T14:52:25.890+0000] {processor.py:183} INFO - Processing /home/airflow/.local/lib/python3.8/site-packages/airflow/example_dags/example_datasets.py took 0.106 seconds
[2025-10-14T14:52:56.707+0000] {processor.py:161} INFO - Started process (PID=716) to work on /home/airflow/.local/lib/python3.8/site-packages/airflow/example_dags/example_datasets.py
[2025-10-14T14:52:56.708+0000] {processor.py:830} INFO - Processing file /home/airflow/.local/lib/python3.8/site-packages/airflow/example_dags/example_datasets.py for tasks to queue
[2025-10-14T14:52:56.709+0000] {logging_mixin.py:188} INFO - [2025-10-14T14:52:56.709+0000] {dagbag.py:540} INFO - Filling up the DagBag from /home/airflow/.local/lib/python3.8/site-packages/airflow/example_dags/example_datasets.py
[2025-10-14T14:52:56.718+0000] {processor.py:840} INFO - DAG(s) 'dataset_produces_2', 'dataset_produces_1', 'dataset_consumes_1_and_2', 'dataset_consumes_unknown_never_scheduled', 'dataset_consumes_1', 'dataset_consumes_1_never_scheduled' retrieved from /home/airflow/.local/lib/python3.8/site-packages/airflow/example_dags/example_datasets.py
[2025-10-14T14:52:56.751+0000] {logging_mixin.py:188} INFO - [2025-10-14T14:52:56.751+0000] {dag.py:3047} INFO - Sync 6 DAGs
[2025-10-14T14:52:56.772+0000] {logging_mixin.py:188} INFO - [2025-10-14T14:52:56.772+0000] {dag.py:3834} INFO - Setting next_dagrun for dataset_consumes_1 to None, run_after=None
[2025-10-14T14:52:56.775+0000] {logging_mixin.py:188} INFO - [2025-10-14T14:52:56.775+0000] {dag.py:3834} INFO - Setting next_dagrun for dataset_consumes_1_and_2 to None, run_after=None
[2025-10-14T14:52:56.777+0000] {logging_mixin.py:188} INFO - [2025-10-14T14:52:56.777+0000] {dag.py:3834} INFO - Setting next_dagrun for dataset_consumes_1_never_scheduled to None, run_after=None
[2025-10-14T14:52:56.778+0000] {logging_mixin.py:188} INFO - [2025-10-14T14:52:56.778+0000] {dag.py:3834} INFO - Setting next_dagrun for dataset_consumes_unknown_never_scheduled to None, run_after=None
[2025-10-14T14:52:56.781+0000] {logging_mixin.py:188} INFO - [2025-10-14T14:52:56.781+0000] {dag.py:3834} INFO - Setting next_dagrun for dataset_produces_1 to 2025-10-13 00:00:00+00:00, run_after=2025-10-14 00:00:00+00:00
[2025-10-14T14:52:56.783+0000] {logging_mixin.py:188} INFO - [2025-10-14T14:52:56.782+0000] {dag.py:3834} INFO - Setting next_dagrun for dataset_produces_2 to None, run_after=None
[2025-10-14T14:52:56.813+0000] {processor.py:183} INFO - Processing /home/airflow/.local/lib/python3.8/site-packages/airflow/example_dags/example_datasets.py took 0.109 seconds
[2025-10-14T14:53:27.048+0000] {processor.py:161} INFO - Started process (PID=775) to work on /home/airflow/.local/lib/python3.8/site-packages/airflow/example_dags/example_datasets.py
[2025-10-14T14:53:27.049+0000] {processor.py:830} INFO - Processing file /home/airflow/.local/lib/python3.8/site-packages/airflow/example_dags/example_datasets.py for tasks to queue
[2025-10-14T14:53:27.052+0000] {logging_mixin.py:188} INFO - [2025-10-14T14:53:27.051+0000] {dagbag.py:540} INFO - Filling up the DagBag from /home/airflow/.local/lib/python3.8/site-packages/airflow/example_dags/example_datasets.py
[2025-10-14T14:53:27.062+0000] {processor.py:840} INFO - DAG(s) 'dataset_consumes_1_and_2', 'dataset_consumes_unknown_never_scheduled', 'dataset_produces_1', 'dataset_consumes_1_never_scheduled', 'dataset_produces_2', 'dataset_consumes_1' retrieved from /home/airflow/.local/lib/python3.8/site-packages/airflow/example_dags/example_datasets.py
[2025-10-14T14:53:27.099+0000] {logging_mixin.py:188} INFO - [2025-10-14T14:53:27.098+0000] {dag.py:3047} INFO - Sync 6 DAGs
[2025-10-14T14:53:27.120+0000] {logging_mixin.py:188} INFO - [2025-10-14T14:53:27.119+0000] {dag.py:3834} INFO - Setting next_dagrun for dataset_consumes_1 to None, run_after=None
[2025-10-14T14:53:27.123+0000] {logging_mixin.py:188} INFO - [2025-10-14T14:53:27.123+0000] {dag.py:3834} INFO - Setting next_dagrun for dataset_consumes_1_and_2 to None, run_after=None
[2025-10-14T14:53:27.124+0000] {logging_mixin.py:188} INFO - [2025-10-14T14:53:27.124+0000] {dag.py:3834} INFO - Setting next_dagrun for dataset_consumes_1_never_scheduled to None, run_after=None
[2025-10-14T14:53:27.125+0000] {logging_mixin.py:188} INFO - [2025-10-14T14:53:27.125+0000] {dag.py:3834} INFO - Setting next_dagrun for dataset_consumes_unknown_never_scheduled to None, run_after=None
[2025-10-14T14:53:27.127+0000] {logging_mixin.py:188} INFO - [2025-10-14T14:53:27.127+0000] {dag.py:3834} INFO - Setting next_dagrun for dataset_produces_1 to 2025-10-13 00:00:00+00:00, run_after=2025-10-14 00:00:00+00:00
[2025-10-14T14:53:27.130+0000] {logging_mixin.py:188} INFO - [2025-10-14T14:53:27.129+0000] {dag.py:3834} INFO - Setting next_dagrun for dataset_produces_2 to None, run_after=None
[2025-10-14T14:53:27.157+0000] {processor.py:183} INFO - Processing /home/airflow/.local/lib/python3.8/site-packages/airflow/example_dags/example_datasets.py took 0.112 seconds
[2025-10-14T14:53:57.567+0000] {processor.py:161} INFO - Started process (PID=834) to work on /home/airflow/.local/lib/python3.8/site-packages/airflow/example_dags/example_datasets.py
[2025-10-14T14:53:57.568+0000] {processor.py:830} INFO - Processing file /home/airflow/.local/lib/python3.8/site-packages/airflow/example_dags/example_datasets.py for tasks to queue
[2025-10-14T14:53:57.570+0000] {logging_mixin.py:188} INFO - [2025-10-14T14:53:57.569+0000] {dagbag.py:540} INFO - Filling up the DagBag from /home/airflow/.local/lib/python3.8/site-packages/airflow/example_dags/example_datasets.py
[2025-10-14T14:53:57.579+0000] {processor.py:840} INFO - DAG(s) 'dataset_produces_2', 'dataset_consumes_1', 'dataset_consumes_unknown_never_scheduled', 'dataset_consumes_1_and_2', 'dataset_produces_1', 'dataset_consumes_1_never_scheduled' retrieved from /home/airflow/.local/lib/python3.8/site-packages/airflow/example_dags/example_datasets.py
[2025-10-14T14:53:57.610+0000] {logging_mixin.py:188} INFO - [2025-10-14T14:53:57.610+0000] {dag.py:3047} INFO - Sync 6 DAGs
[2025-10-14T14:53:57.630+0000] {logging_mixin.py:188} INFO - [2025-10-14T14:53:57.629+0000] {dag.py:3834} INFO - Setting next_dagrun for dataset_consumes_1 to None, run_after=None
[2025-10-14T14:53:57.633+0000] {logging_mixin.py:188} INFO - [2025-10-14T14:53:57.633+0000] {dag.py:3834} INFO - Setting next_dagrun for dataset_consumes_1_and_2 to None, run_after=None
[2025-10-14T14:53:57.634+0000] {logging_mixin.py:188} INFO - [2025-10-14T14:53:57.634+0000] {dag.py:3834} INFO - Setting next_dagrun for dataset_consumes_1_never_scheduled to None, run_after=None
[2025-10-14T14:53:57.635+0000] {logging_mixin.py:188} INFO - [2025-10-14T14:53:57.635+0000] {dag.py:3834} INFO - Setting next_dagrun for dataset_consumes_unknown_never_scheduled to None, run_after=None
[2025-10-14T14:53:57.638+0000] {logging_mixin.py:188} INFO - [2025-10-14T14:53:57.638+0000] {dag.py:3834} INFO - Setting next_dagrun for dataset_produces_1 to 2025-10-13 00:00:00+00:00, run_after=2025-10-14 00:00:00+00:00
[2025-10-14T14:53:57.639+0000] {logging_mixin.py:188} INFO - [2025-10-14T14:53:57.639+0000] {dag.py:3834} INFO - Setting next_dagrun for dataset_produces_2 to None, run_after=None
[2025-10-14T14:53:57.665+0000] {processor.py:183} INFO - Processing /home/airflow/.local/lib/python3.8/site-packages/airflow/example_dags/example_datasets.py took 0.101 seconds
[2025-10-14T14:54:28.432+0000] {processor.py:161} INFO - Started process (PID=893) to work on /home/airflow/.local/lib/python3.8/site-packages/airflow/example_dags/example_datasets.py
[2025-10-14T14:54:28.432+0000] {processor.py:830} INFO - Processing file /home/airflow/.local/lib/python3.8/site-packages/airflow/example_dags/example_datasets.py for tasks to queue
[2025-10-14T14:54:28.434+0000] {logging_mixin.py:188} INFO - [2025-10-14T14:54:28.434+0000] {dagbag.py:540} INFO - Filling up the DagBag from /home/airflow/.local/lib/python3.8/site-packages/airflow/example_dags/example_datasets.py
[2025-10-14T14:54:28.443+0000] {processor.py:840} INFO - DAG(s) 'dataset_produces_2', 'dataset_consumes_1_never_scheduled', 'dataset_consumes_1', 'dataset_produces_1', 'dataset_consumes_1_and_2', 'dataset_consumes_unknown_never_scheduled' retrieved from /home/airflow/.local/lib/python3.8/site-packages/airflow/example_dags/example_datasets.py
[2025-10-14T14:54:28.474+0000] {logging_mixin.py:188} INFO - [2025-10-14T14:54:28.474+0000] {dag.py:3047} INFO - Sync 6 DAGs
[2025-10-14T14:54:28.494+0000] {logging_mixin.py:188} INFO - [2025-10-14T14:54:28.493+0000] {dag.py:3834} INFO - Setting next_dagrun for dataset_consumes_1 to None, run_after=None
[2025-10-14T14:54:28.497+0000] {logging_mixin.py:188} INFO - [2025-10-14T14:54:28.497+0000] {dag.py:3834} INFO - Setting next_dagrun for dataset_consumes_1_and_2 to None, run_after=None
[2025-10-14T14:54:28.498+0000] {logging_mixin.py:188} INFO - [2025-10-14T14:54:28.498+0000] {dag.py:3834} INFO - Setting next_dagrun for dataset_consumes_1_never_scheduled to None, run_after=None
[2025-10-14T14:54:28.500+0000] {logging_mixin.py:188} INFO - [2025-10-14T14:54:28.500+0000] {dag.py:3834} INFO - Setting next_dagrun for dataset_consumes_unknown_never_scheduled to None, run_after=None
[2025-10-14T14:54:28.503+0000] {logging_mixin.py:188} INFO - [2025-10-14T14:54:28.502+0000] {dag.py:3834} INFO - Setting next_dagrun for dataset_produces_1 to 2025-10-13 00:00:00+00:00, run_after=2025-10-14 00:00:00+00:00
[2025-10-14T14:54:28.504+0000] {logging_mixin.py:188} INFO - [2025-10-14T14:54:28.504+0000] {dag.py:3834} INFO - Setting next_dagrun for dataset_produces_2 to None, run_after=None
[2025-10-14T14:54:28.531+0000] {processor.py:183} INFO - Processing /home/airflow/.local/lib/python3.8/site-packages/airflow/example_dags/example_datasets.py took 0.102 seconds
[2025-10-14T14:54:59.681+0000] {processor.py:161} INFO - Started process (PID=952) to work on /home/airflow/.local/lib/python3.8/site-packages/airflow/example_dags/example_datasets.py
[2025-10-14T14:54:59.682+0000] {processor.py:830} INFO - Processing file /home/airflow/.local/lib/python3.8/site-packages/airflow/example_dags/example_datasets.py for tasks to queue
[2025-10-14T14:54:59.684+0000] {logging_mixin.py:188} INFO - [2025-10-14T14:54:59.684+0000] {dagbag.py:540} INFO - Filling up the DagBag from /home/airflow/.local/lib/python3.8/site-packages/airflow/example_dags/example_datasets.py
[2025-10-14T14:54:59.693+0000] {processor.py:840} INFO - DAG(s) 'dataset_consumes_1_never_scheduled', 'dataset_consumes_unknown_never_scheduled', 'dataset_consumes_1_and_2', 'dataset_produces_1', 'dataset_consumes_1', 'dataset_produces_2' retrieved from /home/airflow/.local/lib/python3.8/site-packages/airflow/example_dags/example_datasets.py
[2025-10-14T14:54:59.730+0000] {logging_mixin.py:188} INFO - [2025-10-14T14:54:59.730+0000] {dag.py:3047} INFO - Sync 6 DAGs
[2025-10-14T14:54:59.753+0000] {logging_mixin.py:188} INFO - [2025-10-14T14:54:59.752+0000] {dag.py:3834} INFO - Setting next_dagrun for dataset_consumes_1 to None, run_after=None
[2025-10-14T14:54:59.764+0000] {logging_mixin.py:188} INFO - [2025-10-14T14:54:59.764+0000] {dag.py:3834} INFO - Setting next_dagrun for dataset_consumes_1_and_2 to None, run_after=None
[2025-10-14T14:54:59.766+0000] {logging_mixin.py:188} INFO - [2025-10-14T14:54:59.766+0000] {dag.py:3834} INFO - Setting next_dagrun for dataset_consumes_1_never_scheduled to None, run_after=None
[2025-10-14T14:54:59.768+0000] {logging_mixin.py:188} INFO - [2025-10-14T14:54:59.768+0000] {dag.py:3834} INFO - Setting next_dagrun for dataset_consumes_unknown_never_scheduled to None, run_after=None
[2025-10-14T14:54:59.772+0000] {logging_mixin.py:188} INFO - [2025-10-14T14:54:59.771+0000] {dag.py:3834} INFO - Setting next_dagrun for dataset_produces_1 to 2025-10-13 00:00:00+00:00, run_after=2025-10-14 00:00:00+00:00
[2025-10-14T14:54:59.773+0000] {logging_mixin.py:188} INFO - [2025-10-14T14:54:59.773+0000] {dag.py:3834} INFO - Setting next_dagrun for dataset_produces_2 to None, run_after=None
[2025-10-14T14:54:59.806+0000] {processor.py:183} INFO - Processing /home/airflow/.local/lib/python3.8/site-packages/airflow/example_dags/example_datasets.py took 0.128 seconds
[2025-10-14T14:55:30.308+0000] {processor.py:161} INFO - Started process (PID=1011) to work on /home/airflow/.local/lib/python3.8/site-packages/airflow/example_dags/example_datasets.py
[2025-10-14T14:55:30.310+0000] {processor.py:830} INFO - Processing file /home/airflow/.local/lib/python3.8/site-packages/airflow/example_dags/example_datasets.py for tasks to queue
[2025-10-14T14:55:30.312+0000] {logging_mixin.py:188} INFO - [2025-10-14T14:55:30.312+0000] {dagbag.py:540} INFO - Filling up the DagBag from /home/airflow/.local/lib/python3.8/site-packages/airflow/example_dags/example_datasets.py
[2025-10-14T14:55:30.322+0000] {processor.py:840} INFO - DAG(s) 'dataset_consumes_1_and_2', 'dataset_consumes_1', 'dataset_consumes_unknown_never_scheduled', 'dataset_produces_2', 'dataset_produces_1', 'dataset_consumes_1_never_scheduled' retrieved from /home/airflow/.local/lib/python3.8/site-packages/airflow/example_dags/example_datasets.py
[2025-10-14T14:55:30.357+0000] {logging_mixin.py:188} INFO - [2025-10-14T14:55:30.357+0000] {dag.py:3047} INFO - Sync 6 DAGs
[2025-10-14T14:55:30.380+0000] {logging_mixin.py:188} INFO - [2025-10-14T14:55:30.379+0000] {dag.py:3834} INFO - Setting next_dagrun for dataset_consumes_1 to None, run_after=None
[2025-10-14T14:55:30.383+0000] {logging_mixin.py:188} INFO - [2025-10-14T14:55:30.383+0000] {dag.py:3834} INFO - Setting next_dagrun for dataset_consumes_1_and_2 to None, run_after=None
[2025-10-14T14:55:30.385+0000] {logging_mixin.py:188} INFO - [2025-10-14T14:55:30.385+0000] {dag.py:3834} INFO - Setting next_dagrun for dataset_consumes_1_never_scheduled to None, run_after=None
[2025-10-14T14:55:30.386+0000] {logging_mixin.py:188} INFO - [2025-10-14T14:55:30.386+0000] {dag.py:3834} INFO - Setting next_dagrun for dataset_consumes_unknown_never_scheduled to None, run_after=None
[2025-10-14T14:55:30.389+0000] {logging_mixin.py:188} INFO - [2025-10-14T14:55:30.389+0000] {dag.py:3834} INFO - Setting next_dagrun for dataset_produces_1 to 2025-10-13 00:00:00+00:00, run_after=2025-10-14 00:00:00+00:00
[2025-10-14T14:55:30.390+0000] {logging_mixin.py:188} INFO - [2025-10-14T14:55:30.390+0000] {dag.py:3834} INFO - Setting next_dagrun for dataset_produces_2 to None, run_after=None
[2025-10-14T14:55:30.421+0000] {processor.py:183} INFO - Processing /home/airflow/.local/lib/python3.8/site-packages/airflow/example_dags/example_datasets.py took 0.117 seconds
