[2025-10-14T14:44:58.172+0000] {processor.py:161} INFO - Started process (PID=105) to work on /home/airflow/.local/lib/python3.8/site-packages/airflow/example_dags/example_nested_branch_dag.py
[2025-10-14T14:44:58.173+0000] {processor.py:830} INFO - Processing file /home/airflow/.local/lib/python3.8/site-packages/airflow/example_dags/example_nested_branch_dag.py for tasks to queue
[2025-10-14T14:44:58.175+0000] {logging_mixin.py:188} INFO - [2025-10-14T14:44:58.174+0000] {dagbag.py:540} INFO - Filling up the DagBag from /home/airflow/.local/lib/python3.8/site-packages/airflow/example_dags/example_nested_branch_dag.py
[2025-10-14T14:44:58.187+0000] {processor.py:840} INFO - DAG(s) 'example_nested_branch_dag' retrieved from /home/airflow/.local/lib/python3.8/site-packages/airflow/example_dags/example_nested_branch_dag.py
[2025-10-14T14:44:58.280+0000] {logging_mixin.py:188} INFO - [2025-10-14T14:44:58.280+0000] {override.py:1769} INFO - Created Permission View: can edit on DAG:example_nested_branch_dag
[2025-10-14T14:44:58.290+0000] {logging_mixin.py:188} INFO - [2025-10-14T14:44:58.290+0000] {override.py:1769} INFO - Created Permission View: can delete on DAG:example_nested_branch_dag
[2025-10-14T14:44:58.297+0000] {logging_mixin.py:188} INFO - [2025-10-14T14:44:58.296+0000] {override.py:1769} INFO - Created Permission View: can read on DAG:example_nested_branch_dag
[2025-10-14T14:44:58.297+0000] {logging_mixin.py:188} INFO - [2025-10-14T14:44:58.297+0000] {dag.py:3047} INFO - Sync 1 DAGs
[2025-10-14T14:44:58.308+0000] {logging_mixin.py:188} INFO - [2025-10-14T14:44:58.308+0000] {dag.py:3069} INFO - Creating ORM DAG for example_nested_branch_dag
[2025-10-14T14:44:58.318+0000] {logging_mixin.py:188} INFO - [2025-10-14T14:44:58.318+0000] {dag.py:3834} INFO - Setting next_dagrun for example_nested_branch_dag to 2025-10-13 00:00:00+00:00, run_after=2025-10-14 00:00:00+00:00
[2025-10-14T14:44:58.335+0000] {processor.py:183} INFO - Processing /home/airflow/.local/lib/python3.8/site-packages/airflow/example_dags/example_nested_branch_dag.py took 0.166 seconds
[2025-10-14T14:45:28.367+0000] {processor.py:161} INFO - Started process (PID=164) to work on /home/airflow/.local/lib/python3.8/site-packages/airflow/example_dags/example_nested_branch_dag.py
[2025-10-14T14:45:28.367+0000] {processor.py:830} INFO - Processing file /home/airflow/.local/lib/python3.8/site-packages/airflow/example_dags/example_nested_branch_dag.py for tasks to queue
[2025-10-14T14:45:28.369+0000] {logging_mixin.py:188} INFO - [2025-10-14T14:45:28.369+0000] {dagbag.py:540} INFO - Filling up the DagBag from /home/airflow/.local/lib/python3.8/site-packages/airflow/example_dags/example_nested_branch_dag.py
[2025-10-14T14:45:28.378+0000] {processor.py:840} INFO - DAG(s) 'example_nested_branch_dag' retrieved from /home/airflow/.local/lib/python3.8/site-packages/airflow/example_dags/example_nested_branch_dag.py
[2025-10-14T14:45:28.396+0000] {logging_mixin.py:188} INFO - [2025-10-14T14:45:28.396+0000] {dag.py:3047} INFO - Sync 1 DAGs
[2025-10-14T14:45:28.418+0000] {logging_mixin.py:188} INFO - [2025-10-14T14:45:28.418+0000] {dag.py:3834} INFO - Setting next_dagrun for example_nested_branch_dag to 2025-10-13 00:00:00+00:00, run_after=2025-10-14 00:00:00+00:00
[2025-10-14T14:45:28.435+0000] {processor.py:183} INFO - Processing /home/airflow/.local/lib/python3.8/site-packages/airflow/example_dags/example_nested_branch_dag.py took 0.072 seconds
[2025-10-14T14:45:58.753+0000] {processor.py:161} INFO - Started process (PID=223) to work on /home/airflow/.local/lib/python3.8/site-packages/airflow/example_dags/example_nested_branch_dag.py
[2025-10-14T14:45:58.754+0000] {processor.py:830} INFO - Processing file /home/airflow/.local/lib/python3.8/site-packages/airflow/example_dags/example_nested_branch_dag.py for tasks to queue
[2025-10-14T14:45:58.756+0000] {logging_mixin.py:188} INFO - [2025-10-14T14:45:58.755+0000] {dagbag.py:540} INFO - Filling up the DagBag from /home/airflow/.local/lib/python3.8/site-packages/airflow/example_dags/example_nested_branch_dag.py
[2025-10-14T14:45:58.764+0000] {processor.py:840} INFO - DAG(s) 'example_nested_branch_dag' retrieved from /home/airflow/.local/lib/python3.8/site-packages/airflow/example_dags/example_nested_branch_dag.py
[2025-10-14T14:45:58.783+0000] {logging_mixin.py:188} INFO - [2025-10-14T14:45:58.782+0000] {dag.py:3047} INFO - Sync 1 DAGs
[2025-10-14T14:45:58.805+0000] {logging_mixin.py:188} INFO - [2025-10-14T14:45:58.804+0000] {dag.py:3834} INFO - Setting next_dagrun for example_nested_branch_dag to 2025-10-13 00:00:00+00:00, run_after=2025-10-14 00:00:00+00:00
[2025-10-14T14:45:58.822+0000] {processor.py:183} INFO - Processing /home/airflow/.local/lib/python3.8/site-packages/airflow/example_dags/example_nested_branch_dag.py took 0.072 seconds
[2025-10-14T14:47:49.898+0000] {processor.py:161} INFO - Started process (PID=104) to work on /home/airflow/.local/lib/python3.8/site-packages/airflow/example_dags/example_nested_branch_dag.py
[2025-10-14T14:47:49.898+0000] {processor.py:830} INFO - Processing file /home/airflow/.local/lib/python3.8/site-packages/airflow/example_dags/example_nested_branch_dag.py for tasks to queue
[2025-10-14T14:47:49.900+0000] {logging_mixin.py:188} INFO - [2025-10-14T14:47:49.900+0000] {dagbag.py:540} INFO - Filling up the DagBag from /home/airflow/.local/lib/python3.8/site-packages/airflow/example_dags/example_nested_branch_dag.py
[2025-10-14T14:47:49.912+0000] {processor.py:840} INFO - DAG(s) 'example_nested_branch_dag' retrieved from /home/airflow/.local/lib/python3.8/site-packages/airflow/example_dags/example_nested_branch_dag.py
[2025-10-14T14:47:50.006+0000] {logging_mixin.py:188} INFO - [2025-10-14T14:47:50.006+0000] {dag.py:3047} INFO - Sync 1 DAGs
[2025-10-14T14:47:50.027+0000] {logging_mixin.py:188} INFO - [2025-10-14T14:47:50.026+0000] {dag.py:3834} INFO - Setting next_dagrun for example_nested_branch_dag to 2025-10-13 00:00:00+00:00, run_after=2025-10-14 00:00:00+00:00
[2025-10-14T14:47:50.047+0000] {processor.py:183} INFO - Processing /home/airflow/.local/lib/python3.8/site-packages/airflow/example_dags/example_nested_branch_dag.py took 0.152 seconds
[2025-10-14T14:48:20.205+0000] {processor.py:161} INFO - Started process (PID=163) to work on /home/airflow/.local/lib/python3.8/site-packages/airflow/example_dags/example_nested_branch_dag.py
[2025-10-14T14:48:20.206+0000] {processor.py:830} INFO - Processing file /home/airflow/.local/lib/python3.8/site-packages/airflow/example_dags/example_nested_branch_dag.py for tasks to queue
[2025-10-14T14:48:20.209+0000] {logging_mixin.py:188} INFO - [2025-10-14T14:48:20.207+0000] {dagbag.py:540} INFO - Filling up the DagBag from /home/airflow/.local/lib/python3.8/site-packages/airflow/example_dags/example_nested_branch_dag.py
[2025-10-14T14:48:20.221+0000] {processor.py:840} INFO - DAG(s) 'example_nested_branch_dag' retrieved from /home/airflow/.local/lib/python3.8/site-packages/airflow/example_dags/example_nested_branch_dag.py
[2025-10-14T14:48:20.239+0000] {logging_mixin.py:188} INFO - [2025-10-14T14:48:20.239+0000] {dag.py:3047} INFO - Sync 1 DAGs
[2025-10-14T14:48:20.263+0000] {logging_mixin.py:188} INFO - [2025-10-14T14:48:20.263+0000] {dag.py:3834} INFO - Setting next_dagrun for example_nested_branch_dag to 2025-10-13 00:00:00+00:00, run_after=2025-10-14 00:00:00+00:00
[2025-10-14T14:48:20.283+0000] {processor.py:183} INFO - Processing /home/airflow/.local/lib/python3.8/site-packages/airflow/example_dags/example_nested_branch_dag.py took 0.082 seconds
[2025-10-14T14:48:50.492+0000] {processor.py:161} INFO - Started process (PID=222) to work on /home/airflow/.local/lib/python3.8/site-packages/airflow/example_dags/example_nested_branch_dag.py
[2025-10-14T14:48:50.493+0000] {processor.py:830} INFO - Processing file /home/airflow/.local/lib/python3.8/site-packages/airflow/example_dags/example_nested_branch_dag.py for tasks to queue
[2025-10-14T14:48:50.495+0000] {logging_mixin.py:188} INFO - [2025-10-14T14:48:50.495+0000] {dagbag.py:540} INFO - Filling up the DagBag from /home/airflow/.local/lib/python3.8/site-packages/airflow/example_dags/example_nested_branch_dag.py
[2025-10-14T14:48:50.504+0000] {processor.py:840} INFO - DAG(s) 'example_nested_branch_dag' retrieved from /home/airflow/.local/lib/python3.8/site-packages/airflow/example_dags/example_nested_branch_dag.py
[2025-10-14T14:48:50.523+0000] {logging_mixin.py:188} INFO - [2025-10-14T14:48:50.523+0000] {dag.py:3047} INFO - Sync 1 DAGs
[2025-10-14T14:48:50.543+0000] {logging_mixin.py:188} INFO - [2025-10-14T14:48:50.543+0000] {dag.py:3834} INFO - Setting next_dagrun for example_nested_branch_dag to 2025-10-13 00:00:00+00:00, run_after=2025-10-14 00:00:00+00:00
[2025-10-14T14:48:50.558+0000] {processor.py:183} INFO - Processing /home/airflow/.local/lib/python3.8/site-packages/airflow/example_dags/example_nested_branch_dag.py took 0.068 seconds
[2025-10-14T14:49:20.813+0000] {processor.py:161} INFO - Started process (PID=287) to work on /home/airflow/.local/lib/python3.8/site-packages/airflow/example_dags/example_nested_branch_dag.py
[2025-10-14T14:49:20.814+0000] {processor.py:830} INFO - Processing file /home/airflow/.local/lib/python3.8/site-packages/airflow/example_dags/example_nested_branch_dag.py for tasks to queue
[2025-10-14T14:49:20.816+0000] {logging_mixin.py:188} INFO - [2025-10-14T14:49:20.815+0000] {dagbag.py:540} INFO - Filling up the DagBag from /home/airflow/.local/lib/python3.8/site-packages/airflow/example_dags/example_nested_branch_dag.py
[2025-10-14T14:49:20.825+0000] {processor.py:840} INFO - DAG(s) 'example_nested_branch_dag' retrieved from /home/airflow/.local/lib/python3.8/site-packages/airflow/example_dags/example_nested_branch_dag.py
[2025-10-14T14:49:20.844+0000] {logging_mixin.py:188} INFO - [2025-10-14T14:49:20.844+0000] {dag.py:3047} INFO - Sync 1 DAGs
[2025-10-14T14:49:20.867+0000] {logging_mixin.py:188} INFO - [2025-10-14T14:49:20.867+0000] {dag.py:3834} INFO - Setting next_dagrun for example_nested_branch_dag to 2025-10-13 00:00:00+00:00, run_after=2025-10-14 00:00:00+00:00
[2025-10-14T14:49:20.883+0000] {processor.py:183} INFO - Processing /home/airflow/.local/lib/python3.8/site-packages/airflow/example_dags/example_nested_branch_dag.py took 0.073 seconds
[2025-10-14T14:49:51.956+0000] {processor.py:161} INFO - Started process (PID=346) to work on /home/airflow/.local/lib/python3.8/site-packages/airflow/example_dags/example_nested_branch_dag.py
[2025-10-14T14:49:51.958+0000] {processor.py:830} INFO - Processing file /home/airflow/.local/lib/python3.8/site-packages/airflow/example_dags/example_nested_branch_dag.py for tasks to queue
[2025-10-14T14:49:51.962+0000] {logging_mixin.py:188} INFO - [2025-10-14T14:49:51.961+0000] {dagbag.py:540} INFO - Filling up the DagBag from /home/airflow/.local/lib/python3.8/site-packages/airflow/example_dags/example_nested_branch_dag.py
[2025-10-14T14:49:51.973+0000] {processor.py:840} INFO - DAG(s) 'example_nested_branch_dag' retrieved from /home/airflow/.local/lib/python3.8/site-packages/airflow/example_dags/example_nested_branch_dag.py
[2025-10-14T14:49:51.999+0000] {logging_mixin.py:188} INFO - [2025-10-14T14:49:51.998+0000] {dag.py:3047} INFO - Sync 1 DAGs
[2025-10-14T14:49:52.031+0000] {logging_mixin.py:188} INFO - [2025-10-14T14:49:52.031+0000] {dag.py:3834} INFO - Setting next_dagrun for example_nested_branch_dag to 2025-10-13 00:00:00+00:00, run_after=2025-10-14 00:00:00+00:00
[2025-10-14T14:49:52.048+0000] {processor.py:183} INFO - Processing /home/airflow/.local/lib/python3.8/site-packages/airflow/example_dags/example_nested_branch_dag.py took 0.097 seconds
[2025-10-14T14:50:22.216+0000] {processor.py:161} INFO - Started process (PID=405) to work on /home/airflow/.local/lib/python3.8/site-packages/airflow/example_dags/example_nested_branch_dag.py
[2025-10-14T14:50:22.217+0000] {processor.py:830} INFO - Processing file /home/airflow/.local/lib/python3.8/site-packages/airflow/example_dags/example_nested_branch_dag.py for tasks to queue
[2025-10-14T14:50:22.219+0000] {logging_mixin.py:188} INFO - [2025-10-14T14:50:22.218+0000] {dagbag.py:540} INFO - Filling up the DagBag from /home/airflow/.local/lib/python3.8/site-packages/airflow/example_dags/example_nested_branch_dag.py
[2025-10-14T14:50:22.228+0000] {processor.py:840} INFO - DAG(s) 'example_nested_branch_dag' retrieved from /home/airflow/.local/lib/python3.8/site-packages/airflow/example_dags/example_nested_branch_dag.py
[2025-10-14T14:50:22.248+0000] {logging_mixin.py:188} INFO - [2025-10-14T14:50:22.248+0000] {dag.py:3047} INFO - Sync 1 DAGs
[2025-10-14T14:50:22.272+0000] {logging_mixin.py:188} INFO - [2025-10-14T14:50:22.272+0000] {dag.py:3834} INFO - Setting next_dagrun for example_nested_branch_dag to 2025-10-13 00:00:00+00:00, run_after=2025-10-14 00:00:00+00:00
[2025-10-14T14:50:22.294+0000] {processor.py:183} INFO - Processing /home/airflow/.local/lib/python3.8/site-packages/airflow/example_dags/example_nested_branch_dag.py took 0.081 seconds
[2025-10-14T14:50:52.432+0000] {processor.py:161} INFO - Started process (PID=464) to work on /home/airflow/.local/lib/python3.8/site-packages/airflow/example_dags/example_nested_branch_dag.py
[2025-10-14T14:50:52.433+0000] {processor.py:830} INFO - Processing file /home/airflow/.local/lib/python3.8/site-packages/airflow/example_dags/example_nested_branch_dag.py for tasks to queue
[2025-10-14T14:50:52.435+0000] {logging_mixin.py:188} INFO - [2025-10-14T14:50:52.434+0000] {dagbag.py:540} INFO - Filling up the DagBag from /home/airflow/.local/lib/python3.8/site-packages/airflow/example_dags/example_nested_branch_dag.py
[2025-10-14T14:50:52.444+0000] {processor.py:840} INFO - DAG(s) 'example_nested_branch_dag' retrieved from /home/airflow/.local/lib/python3.8/site-packages/airflow/example_dags/example_nested_branch_dag.py
[2025-10-14T14:50:52.463+0000] {logging_mixin.py:188} INFO - [2025-10-14T14:50:52.462+0000] {dag.py:3047} INFO - Sync 1 DAGs
[2025-10-14T14:50:52.482+0000] {logging_mixin.py:188} INFO - [2025-10-14T14:50:52.482+0000] {dag.py:3834} INFO - Setting next_dagrun for example_nested_branch_dag to 2025-10-13 00:00:00+00:00, run_after=2025-10-14 00:00:00+00:00
[2025-10-14T14:50:52.498+0000] {processor.py:183} INFO - Processing /home/airflow/.local/lib/python3.8/site-packages/airflow/example_dags/example_nested_branch_dag.py took 0.069 seconds
[2025-10-14T14:51:23.504+0000] {processor.py:161} INFO - Started process (PID=524) to work on /home/airflow/.local/lib/python3.8/site-packages/airflow/example_dags/example_nested_branch_dag.py
[2025-10-14T14:51:23.505+0000] {processor.py:830} INFO - Processing file /home/airflow/.local/lib/python3.8/site-packages/airflow/example_dags/example_nested_branch_dag.py for tasks to queue
[2025-10-14T14:51:23.507+0000] {logging_mixin.py:188} INFO - [2025-10-14T14:51:23.506+0000] {dagbag.py:540} INFO - Filling up the DagBag from /home/airflow/.local/lib/python3.8/site-packages/airflow/example_dags/example_nested_branch_dag.py
[2025-10-14T14:51:23.516+0000] {processor.py:840} INFO - DAG(s) 'example_nested_branch_dag' retrieved from /home/airflow/.local/lib/python3.8/site-packages/airflow/example_dags/example_nested_branch_dag.py
[2025-10-14T14:51:23.535+0000] {logging_mixin.py:188} INFO - [2025-10-14T14:51:23.535+0000] {dag.py:3047} INFO - Sync 1 DAGs
[2025-10-14T14:51:23.555+0000] {logging_mixin.py:188} INFO - [2025-10-14T14:51:23.554+0000] {dag.py:3834} INFO - Setting next_dagrun for example_nested_branch_dag to 2025-10-13 00:00:00+00:00, run_after=2025-10-14 00:00:00+00:00
[2025-10-14T14:51:23.571+0000] {processor.py:183} INFO - Processing /home/airflow/.local/lib/python3.8/site-packages/airflow/example_dags/example_nested_branch_dag.py took 0.070 seconds
[2025-10-14T14:51:53.595+0000] {processor.py:161} INFO - Started process (PID=581) to work on /home/airflow/.local/lib/python3.8/site-packages/airflow/example_dags/example_nested_branch_dag.py
[2025-10-14T14:51:53.596+0000] {processor.py:830} INFO - Processing file /home/airflow/.local/lib/python3.8/site-packages/airflow/example_dags/example_nested_branch_dag.py for tasks to queue
[2025-10-14T14:51:53.598+0000] {logging_mixin.py:188} INFO - [2025-10-14T14:51:53.598+0000] {dagbag.py:540} INFO - Filling up the DagBag from /home/airflow/.local/lib/python3.8/site-packages/airflow/example_dags/example_nested_branch_dag.py
[2025-10-14T14:51:53.607+0000] {processor.py:840} INFO - DAG(s) 'example_nested_branch_dag' retrieved from /home/airflow/.local/lib/python3.8/site-packages/airflow/example_dags/example_nested_branch_dag.py
[2025-10-14T14:51:53.627+0000] {logging_mixin.py:188} INFO - [2025-10-14T14:51:53.627+0000] {dag.py:3047} INFO - Sync 1 DAGs
[2025-10-14T14:51:53.647+0000] {logging_mixin.py:188} INFO - [2025-10-14T14:51:53.647+0000] {dag.py:3834} INFO - Setting next_dagrun for example_nested_branch_dag to 2025-10-13 00:00:00+00:00, run_after=2025-10-14 00:00:00+00:00
[2025-10-14T14:51:53.663+0000] {processor.py:183} INFO - Processing /home/airflow/.local/lib/python3.8/site-packages/airflow/example_dags/example_nested_branch_dag.py took 0.071 seconds
[2025-10-14T14:52:23.833+0000] {processor.py:161} INFO - Started process (PID=640) to work on /home/airflow/.local/lib/python3.8/site-packages/airflow/example_dags/example_nested_branch_dag.py
[2025-10-14T14:52:23.834+0000] {processor.py:830} INFO - Processing file /home/airflow/.local/lib/python3.8/site-packages/airflow/example_dags/example_nested_branch_dag.py for tasks to queue
[2025-10-14T14:52:23.835+0000] {logging_mixin.py:188} INFO - [2025-10-14T14:52:23.835+0000] {dagbag.py:540} INFO - Filling up the DagBag from /home/airflow/.local/lib/python3.8/site-packages/airflow/example_dags/example_nested_branch_dag.py
[2025-10-14T14:52:23.844+0000] {processor.py:840} INFO - DAG(s) 'example_nested_branch_dag' retrieved from /home/airflow/.local/lib/python3.8/site-packages/airflow/example_dags/example_nested_branch_dag.py
[2025-10-14T14:52:23.865+0000] {logging_mixin.py:188} INFO - [2025-10-14T14:52:23.864+0000] {dag.py:3047} INFO - Sync 1 DAGs
[2025-10-14T14:52:23.884+0000] {logging_mixin.py:188} INFO - [2025-10-14T14:52:23.884+0000] {dag.py:3834} INFO - Setting next_dagrun for example_nested_branch_dag to 2025-10-13 00:00:00+00:00, run_after=2025-10-14 00:00:00+00:00
[2025-10-14T14:52:23.900+0000] {processor.py:183} INFO - Processing /home/airflow/.local/lib/python3.8/site-packages/airflow/example_dags/example_nested_branch_dag.py took 0.070 seconds
[2025-10-14T14:52:54.768+0000] {processor.py:161} INFO - Started process (PID=699) to work on /home/airflow/.local/lib/python3.8/site-packages/airflow/example_dags/example_nested_branch_dag.py
[2025-10-14T14:52:54.769+0000] {processor.py:830} INFO - Processing file /home/airflow/.local/lib/python3.8/site-packages/airflow/example_dags/example_nested_branch_dag.py for tasks to queue
[2025-10-14T14:52:54.771+0000] {logging_mixin.py:188} INFO - [2025-10-14T14:52:54.770+0000] {dagbag.py:540} INFO - Filling up the DagBag from /home/airflow/.local/lib/python3.8/site-packages/airflow/example_dags/example_nested_branch_dag.py
[2025-10-14T14:52:54.781+0000] {processor.py:840} INFO - DAG(s) 'example_nested_branch_dag' retrieved from /home/airflow/.local/lib/python3.8/site-packages/airflow/example_dags/example_nested_branch_dag.py
[2025-10-14T14:52:54.801+0000] {logging_mixin.py:188} INFO - [2025-10-14T14:52:54.801+0000] {dag.py:3047} INFO - Sync 1 DAGs
[2025-10-14T14:52:54.821+0000] {logging_mixin.py:188} INFO - [2025-10-14T14:52:54.821+0000] {dag.py:3834} INFO - Setting next_dagrun for example_nested_branch_dag to 2025-10-13 00:00:00+00:00, run_after=2025-10-14 00:00:00+00:00
[2025-10-14T14:52:54.837+0000] {processor.py:183} INFO - Processing /home/airflow/.local/lib/python3.8/site-packages/airflow/example_dags/example_nested_branch_dag.py took 0.072 seconds
[2025-10-14T14:53:24.929+0000] {processor.py:161} INFO - Started process (PID=758) to work on /home/airflow/.local/lib/python3.8/site-packages/airflow/example_dags/example_nested_branch_dag.py
[2025-10-14T14:53:24.930+0000] {processor.py:830} INFO - Processing file /home/airflow/.local/lib/python3.8/site-packages/airflow/example_dags/example_nested_branch_dag.py for tasks to queue
[2025-10-14T14:53:24.932+0000] {logging_mixin.py:188} INFO - [2025-10-14T14:53:24.931+0000] {dagbag.py:540} INFO - Filling up the DagBag from /home/airflow/.local/lib/python3.8/site-packages/airflow/example_dags/example_nested_branch_dag.py
[2025-10-14T14:53:24.941+0000] {processor.py:840} INFO - DAG(s) 'example_nested_branch_dag' retrieved from /home/airflow/.local/lib/python3.8/site-packages/airflow/example_dags/example_nested_branch_dag.py
[2025-10-14T14:53:24.961+0000] {logging_mixin.py:188} INFO - [2025-10-14T14:53:24.961+0000] {dag.py:3047} INFO - Sync 1 DAGs
[2025-10-14T14:53:24.982+0000] {logging_mixin.py:188} INFO - [2025-10-14T14:53:24.982+0000] {dag.py:3834} INFO - Setting next_dagrun for example_nested_branch_dag to 2025-10-13 00:00:00+00:00, run_after=2025-10-14 00:00:00+00:00
[2025-10-14T14:53:24.998+0000] {processor.py:183} INFO - Processing /home/airflow/.local/lib/python3.8/site-packages/airflow/example_dags/example_nested_branch_dag.py took 0.072 seconds
[2025-10-14T14:53:55.197+0000] {processor.py:161} INFO - Started process (PID=817) to work on /home/airflow/.local/lib/python3.8/site-packages/airflow/example_dags/example_nested_branch_dag.py
[2025-10-14T14:53:55.199+0000] {processor.py:830} INFO - Processing file /home/airflow/.local/lib/python3.8/site-packages/airflow/example_dags/example_nested_branch_dag.py for tasks to queue
[2025-10-14T14:53:55.200+0000] {logging_mixin.py:188} INFO - [2025-10-14T14:53:55.200+0000] {dagbag.py:540} INFO - Filling up the DagBag from /home/airflow/.local/lib/python3.8/site-packages/airflow/example_dags/example_nested_branch_dag.py
[2025-10-14T14:53:55.210+0000] {processor.py:840} INFO - DAG(s) 'example_nested_branch_dag' retrieved from /home/airflow/.local/lib/python3.8/site-packages/airflow/example_dags/example_nested_branch_dag.py
[2025-10-14T14:53:55.230+0000] {logging_mixin.py:188} INFO - [2025-10-14T14:53:55.230+0000] {dag.py:3047} INFO - Sync 1 DAGs
[2025-10-14T14:53:55.252+0000] {logging_mixin.py:188} INFO - [2025-10-14T14:53:55.252+0000] {dag.py:3834} INFO - Setting next_dagrun for example_nested_branch_dag to 2025-10-13 00:00:00+00:00, run_after=2025-10-14 00:00:00+00:00
[2025-10-14T14:53:55.269+0000] {processor.py:183} INFO - Processing /home/airflow/.local/lib/python3.8/site-packages/airflow/example_dags/example_nested_branch_dag.py took 0.075 seconds
[2025-10-14T14:54:25.403+0000] {processor.py:161} INFO - Started process (PID=876) to work on /home/airflow/.local/lib/python3.8/site-packages/airflow/example_dags/example_nested_branch_dag.py
[2025-10-14T14:54:25.404+0000] {processor.py:830} INFO - Processing file /home/airflow/.local/lib/python3.8/site-packages/airflow/example_dags/example_nested_branch_dag.py for tasks to queue
[2025-10-14T14:54:25.406+0000] {logging_mixin.py:188} INFO - [2025-10-14T14:54:25.406+0000] {dagbag.py:540} INFO - Filling up the DagBag from /home/airflow/.local/lib/python3.8/site-packages/airflow/example_dags/example_nested_branch_dag.py
[2025-10-14T14:54:25.416+0000] {processor.py:840} INFO - DAG(s) 'example_nested_branch_dag' retrieved from /home/airflow/.local/lib/python3.8/site-packages/airflow/example_dags/example_nested_branch_dag.py
[2025-10-14T14:54:25.438+0000] {logging_mixin.py:188} INFO - [2025-10-14T14:54:25.438+0000] {dag.py:3047} INFO - Sync 1 DAGs
[2025-10-14T14:54:25.464+0000] {logging_mixin.py:188} INFO - [2025-10-14T14:54:25.463+0000] {dag.py:3834} INFO - Setting next_dagrun for example_nested_branch_dag to 2025-10-13 00:00:00+00:00, run_after=2025-10-14 00:00:00+00:00
[2025-10-14T14:54:25.489+0000] {processor.py:183} INFO - Processing /home/airflow/.local/lib/python3.8/site-packages/airflow/example_dags/example_nested_branch_dag.py took 0.089 seconds
[2025-10-14T14:54:55.538+0000] {processor.py:161} INFO - Started process (PID=935) to work on /home/airflow/.local/lib/python3.8/site-packages/airflow/example_dags/example_nested_branch_dag.py
[2025-10-14T14:54:55.539+0000] {processor.py:830} INFO - Processing file /home/airflow/.local/lib/python3.8/site-packages/airflow/example_dags/example_nested_branch_dag.py for tasks to queue
[2025-10-14T14:54:55.541+0000] {logging_mixin.py:188} INFO - [2025-10-14T14:54:55.541+0000] {dagbag.py:540} INFO - Filling up the DagBag from /home/airflow/.local/lib/python3.8/site-packages/airflow/example_dags/example_nested_branch_dag.py
[2025-10-14T14:54:55.551+0000] {processor.py:840} INFO - DAG(s) 'example_nested_branch_dag' retrieved from /home/airflow/.local/lib/python3.8/site-packages/airflow/example_dags/example_nested_branch_dag.py
[2025-10-14T14:54:55.571+0000] {logging_mixin.py:188} INFO - [2025-10-14T14:54:55.571+0000] {dag.py:3047} INFO - Sync 1 DAGs
[2025-10-14T14:54:55.592+0000] {logging_mixin.py:188} INFO - [2025-10-14T14:54:55.592+0000] {dag.py:3834} INFO - Setting next_dagrun for example_nested_branch_dag to 2025-10-13 00:00:00+00:00, run_after=2025-10-14 00:00:00+00:00
[2025-10-14T14:54:55.609+0000] {processor.py:183} INFO - Processing /home/airflow/.local/lib/python3.8/site-packages/airflow/example_dags/example_nested_branch_dag.py took 0.074 seconds
[2025-10-14T14:55:25.884+0000] {processor.py:161} INFO - Started process (PID=994) to work on /home/airflow/.local/lib/python3.8/site-packages/airflow/example_dags/example_nested_branch_dag.py
[2025-10-14T14:55:25.886+0000] {processor.py:830} INFO - Processing file /home/airflow/.local/lib/python3.8/site-packages/airflow/example_dags/example_nested_branch_dag.py for tasks to queue
[2025-10-14T14:55:25.888+0000] {logging_mixin.py:188} INFO - [2025-10-14T14:55:25.887+0000] {dagbag.py:540} INFO - Filling up the DagBag from /home/airflow/.local/lib/python3.8/site-packages/airflow/example_dags/example_nested_branch_dag.py
[2025-10-14T14:55:25.898+0000] {processor.py:840} INFO - DAG(s) 'example_nested_branch_dag' retrieved from /home/airflow/.local/lib/python3.8/site-packages/airflow/example_dags/example_nested_branch_dag.py
[2025-10-14T14:55:25.919+0000] {logging_mixin.py:188} INFO - [2025-10-14T14:55:25.919+0000] {dag.py:3047} INFO - Sync 1 DAGs
[2025-10-14T14:55:25.940+0000] {logging_mixin.py:188} INFO - [2025-10-14T14:55:25.940+0000] {dag.py:3834} INFO - Setting next_dagrun for example_nested_branch_dag to 2025-10-13 00:00:00+00:00, run_after=2025-10-14 00:00:00+00:00
[2025-10-14T14:55:25.957+0000] {processor.py:183} INFO - Processing /home/airflow/.local/lib/python3.8/site-packages/airflow/example_dags/example_nested_branch_dag.py took 0.076 seconds
