[2025-10-14T14:45:00.153+0000] {processor.py:161} INFO - Started process (PID=124) to work on /home/airflow/.local/lib/python3.8/site-packages/airflow/example_dags/example_setup_teardown_taskflow.py
[2025-10-14T14:45:00.154+0000] {processor.py:830} INFO - Processing file /home/airflow/.local/lib/python3.8/site-packages/airflow/example_dags/example_setup_teardown_taskflow.py for tasks to queue
[2025-10-14T14:45:00.157+0000] {logging_mixin.py:188} INFO - [2025-10-14T14:45:00.157+0000] {dagbag.py:540} INFO - Filling up the DagBag from /home/airflow/.local/lib/python3.8/site-packages/airflow/example_dags/example_setup_teardown_taskflow.py
[2025-10-14T14:45:00.174+0000] {processor.py:840} INFO - DAG(s) 'example_setup_teardown_taskflow' retrieved from /home/airflow/.local/lib/python3.8/site-packages/airflow/example_dags/example_setup_teardown_taskflow.py
[2025-10-14T14:45:00.268+0000] {logging_mixin.py:188} INFO - [2025-10-14T14:45:00.267+0000] {override.py:1769} INFO - Created Permission View: can edit on DAG:example_setup_teardown_taskflow
[2025-10-14T14:45:00.278+0000] {logging_mixin.py:188} INFO - [2025-10-14T14:45:00.277+0000] {override.py:1769} INFO - Created Permission View: can delete on DAG:example_setup_teardown_taskflow
[2025-10-14T14:45:00.284+0000] {logging_mixin.py:188} INFO - [2025-10-14T14:45:00.284+0000] {override.py:1769} INFO - Created Permission View: can read on DAG:example_setup_teardown_taskflow
[2025-10-14T14:45:00.285+0000] {logging_mixin.py:188} INFO - [2025-10-14T14:45:00.284+0000] {dag.py:3047} INFO - Sync 1 DAGs
[2025-10-14T14:45:00.294+0000] {logging_mixin.py:188} INFO - [2025-10-14T14:45:00.294+0000] {dag.py:3069} INFO - Creating ORM DAG for example_setup_teardown_taskflow
[2025-10-14T14:45:00.304+0000] {logging_mixin.py:188} INFO - [2025-10-14T14:45:00.303+0000] {dag.py:3834} INFO - Setting next_dagrun for example_setup_teardown_taskflow to 2025-10-13 00:00:00+00:00, run_after=2025-10-14 00:00:00+00:00
[2025-10-14T14:45:00.318+0000] {processor.py:183} INFO - Processing /home/airflow/.local/lib/python3.8/site-packages/airflow/example_dags/example_setup_teardown_taskflow.py took 0.168 seconds
[2025-10-14T14:45:30.700+0000] {processor.py:161} INFO - Started process (PID=183) to work on /home/airflow/.local/lib/python3.8/site-packages/airflow/example_dags/example_setup_teardown_taskflow.py
[2025-10-14T14:45:30.701+0000] {processor.py:830} INFO - Processing file /home/airflow/.local/lib/python3.8/site-packages/airflow/example_dags/example_setup_teardown_taskflow.py for tasks to queue
[2025-10-14T14:45:30.703+0000] {logging_mixin.py:188} INFO - [2025-10-14T14:45:30.702+0000] {dagbag.py:540} INFO - Filling up the DagBag from /home/airflow/.local/lib/python3.8/site-packages/airflow/example_dags/example_setup_teardown_taskflow.py
[2025-10-14T14:45:30.711+0000] {processor.py:840} INFO - DAG(s) 'example_setup_teardown_taskflow' retrieved from /home/airflow/.local/lib/python3.8/site-packages/airflow/example_dags/example_setup_teardown_taskflow.py
[2025-10-14T14:45:30.730+0000] {logging_mixin.py:188} INFO - [2025-10-14T14:45:30.729+0000] {dag.py:3047} INFO - Sync 1 DAGs
[2025-10-14T14:45:30.749+0000] {logging_mixin.py:188} INFO - [2025-10-14T14:45:30.749+0000] {dag.py:3834} INFO - Setting next_dagrun for example_setup_teardown_taskflow to 2025-10-13 00:00:00+00:00, run_after=2025-10-14 00:00:00+00:00
[2025-10-14T14:45:30.767+0000] {processor.py:183} INFO - Processing /home/airflow/.local/lib/python3.8/site-packages/airflow/example_dags/example_setup_teardown_taskflow.py took 0.070 seconds
[2025-10-14T14:46:00.964+0000] {processor.py:161} INFO - Started process (PID=242) to work on /home/airflow/.local/lib/python3.8/site-packages/airflow/example_dags/example_setup_teardown_taskflow.py
[2025-10-14T14:46:00.965+0000] {processor.py:830} INFO - Processing file /home/airflow/.local/lib/python3.8/site-packages/airflow/example_dags/example_setup_teardown_taskflow.py for tasks to queue
[2025-10-14T14:46:00.967+0000] {logging_mixin.py:188} INFO - [2025-10-14T14:46:00.966+0000] {dagbag.py:540} INFO - Filling up the DagBag from /home/airflow/.local/lib/python3.8/site-packages/airflow/example_dags/example_setup_teardown_taskflow.py
[2025-10-14T14:46:00.975+0000] {processor.py:840} INFO - DAG(s) 'example_setup_teardown_taskflow' retrieved from /home/airflow/.local/lib/python3.8/site-packages/airflow/example_dags/example_setup_teardown_taskflow.py
[2025-10-14T14:46:00.995+0000] {logging_mixin.py:188} INFO - [2025-10-14T14:46:00.994+0000] {dag.py:3047} INFO - Sync 1 DAGs
[2025-10-14T14:46:01.014+0000] {logging_mixin.py:188} INFO - [2025-10-14T14:46:01.014+0000] {dag.py:3834} INFO - Setting next_dagrun for example_setup_teardown_taskflow to 2025-10-13 00:00:00+00:00, run_after=2025-10-14 00:00:00+00:00
[2025-10-14T14:46:01.032+0000] {processor.py:183} INFO - Processing /home/airflow/.local/lib/python3.8/site-packages/airflow/example_dags/example_setup_teardown_taskflow.py took 0.070 seconds
[2025-10-14T14:47:51.724+0000] {processor.py:161} INFO - Started process (PID=129) to work on /home/airflow/.local/lib/python3.8/site-packages/airflow/example_dags/example_setup_teardown_taskflow.py
[2025-10-14T14:47:51.725+0000] {processor.py:830} INFO - Processing file /home/airflow/.local/lib/python3.8/site-packages/airflow/example_dags/example_setup_teardown_taskflow.py for tasks to queue
[2025-10-14T14:47:51.728+0000] {logging_mixin.py:188} INFO - [2025-10-14T14:47:51.727+0000] {dagbag.py:540} INFO - Filling up the DagBag from /home/airflow/.local/lib/python3.8/site-packages/airflow/example_dags/example_setup_teardown_taskflow.py
[2025-10-14T14:47:51.745+0000] {processor.py:840} INFO - DAG(s) 'example_setup_teardown_taskflow' retrieved from /home/airflow/.local/lib/python3.8/site-packages/airflow/example_dags/example_setup_teardown_taskflow.py
[2025-10-14T14:47:51.857+0000] {logging_mixin.py:188} INFO - [2025-10-14T14:47:51.857+0000] {dag.py:3047} INFO - Sync 1 DAGs
[2025-10-14T14:47:51.880+0000] {logging_mixin.py:188} INFO - [2025-10-14T14:47:51.880+0000] {dag.py:3834} INFO - Setting next_dagrun for example_setup_teardown_taskflow to 2025-10-13 00:00:00+00:00, run_after=2025-10-14 00:00:00+00:00
[2025-10-14T14:47:51.905+0000] {processor.py:183} INFO - Processing /home/airflow/.local/lib/python3.8/site-packages/airflow/example_dags/example_setup_teardown_taskflow.py took 0.186 seconds
[2025-10-14T14:48:22.220+0000] {processor.py:161} INFO - Started process (PID=188) to work on /home/airflow/.local/lib/python3.8/site-packages/airflow/example_dags/example_setup_teardown_taskflow.py
[2025-10-14T14:48:22.221+0000] {processor.py:830} INFO - Processing file /home/airflow/.local/lib/python3.8/site-packages/airflow/example_dags/example_setup_teardown_taskflow.py for tasks to queue
[2025-10-14T14:48:22.223+0000] {logging_mixin.py:188} INFO - [2025-10-14T14:48:22.223+0000] {dagbag.py:540} INFO - Filling up the DagBag from /home/airflow/.local/lib/python3.8/site-packages/airflow/example_dags/example_setup_teardown_taskflow.py
[2025-10-14T14:48:22.232+0000] {processor.py:840} INFO - DAG(s) 'example_setup_teardown_taskflow' retrieved from /home/airflow/.local/lib/python3.8/site-packages/airflow/example_dags/example_setup_teardown_taskflow.py
[2025-10-14T14:48:22.252+0000] {logging_mixin.py:188} INFO - [2025-10-14T14:48:22.251+0000] {dag.py:3047} INFO - Sync 1 DAGs
[2025-10-14T14:48:22.271+0000] {logging_mixin.py:188} INFO - [2025-10-14T14:48:22.271+0000] {dag.py:3834} INFO - Setting next_dagrun for example_setup_teardown_taskflow to 2025-10-13 00:00:00+00:00, run_after=2025-10-14 00:00:00+00:00
[2025-10-14T14:48:22.287+0000] {processor.py:183} INFO - Processing /home/airflow/.local/lib/python3.8/site-packages/airflow/example_dags/example_setup_teardown_taskflow.py took 0.070 seconds
[2025-10-14T14:48:52.657+0000] {processor.py:161} INFO - Started process (PID=247) to work on /home/airflow/.local/lib/python3.8/site-packages/airflow/example_dags/example_setup_teardown_taskflow.py
[2025-10-14T14:48:52.658+0000] {processor.py:830} INFO - Processing file /home/airflow/.local/lib/python3.8/site-packages/airflow/example_dags/example_setup_teardown_taskflow.py for tasks to queue
[2025-10-14T14:48:52.660+0000] {logging_mixin.py:188} INFO - [2025-10-14T14:48:52.660+0000] {dagbag.py:540} INFO - Filling up the DagBag from /home/airflow/.local/lib/python3.8/site-packages/airflow/example_dags/example_setup_teardown_taskflow.py
[2025-10-14T14:48:52.669+0000] {processor.py:840} INFO - DAG(s) 'example_setup_teardown_taskflow' retrieved from /home/airflow/.local/lib/python3.8/site-packages/airflow/example_dags/example_setup_teardown_taskflow.py
[2025-10-14T14:48:52.688+0000] {logging_mixin.py:188} INFO - [2025-10-14T14:48:52.688+0000] {dag.py:3047} INFO - Sync 1 DAGs
[2025-10-14T14:48:52.708+0000] {logging_mixin.py:188} INFO - [2025-10-14T14:48:52.708+0000] {dag.py:3834} INFO - Setting next_dagrun for example_setup_teardown_taskflow to 2025-10-13 00:00:00+00:00, run_after=2025-10-14 00:00:00+00:00
[2025-10-14T14:48:52.725+0000] {processor.py:183} INFO - Processing /home/airflow/.local/lib/python3.8/site-packages/airflow/example_dags/example_setup_teardown_taskflow.py took 0.071 seconds
[2025-10-14T14:49:22.913+0000] {processor.py:161} INFO - Started process (PID=306) to work on /home/airflow/.local/lib/python3.8/site-packages/airflow/example_dags/example_setup_teardown_taskflow.py
[2025-10-14T14:49:22.914+0000] {processor.py:830} INFO - Processing file /home/airflow/.local/lib/python3.8/site-packages/airflow/example_dags/example_setup_teardown_taskflow.py for tasks to queue
[2025-10-14T14:49:22.916+0000] {logging_mixin.py:188} INFO - [2025-10-14T14:49:22.916+0000] {dagbag.py:540} INFO - Filling up the DagBag from /home/airflow/.local/lib/python3.8/site-packages/airflow/example_dags/example_setup_teardown_taskflow.py
[2025-10-14T14:49:22.925+0000] {processor.py:840} INFO - DAG(s) 'example_setup_teardown_taskflow' retrieved from /home/airflow/.local/lib/python3.8/site-packages/airflow/example_dags/example_setup_teardown_taskflow.py
[2025-10-14T14:49:22.944+0000] {logging_mixin.py:188} INFO - [2025-10-14T14:49:22.944+0000] {dag.py:3047} INFO - Sync 1 DAGs
[2025-10-14T14:49:22.962+0000] {logging_mixin.py:188} INFO - [2025-10-14T14:49:22.962+0000] {dag.py:3834} INFO - Setting next_dagrun for example_setup_teardown_taskflow to 2025-10-13 00:00:00+00:00, run_after=2025-10-14 00:00:00+00:00
[2025-10-14T14:49:22.976+0000] {processor.py:183} INFO - Processing /home/airflow/.local/lib/python3.8/site-packages/airflow/example_dags/example_setup_teardown_taskflow.py took 0.066 seconds
[2025-10-14T14:49:53.284+0000] {processor.py:161} INFO - Started process (PID=365) to work on /home/airflow/.local/lib/python3.8/site-packages/airflow/example_dags/example_setup_teardown_taskflow.py
[2025-10-14T14:49:53.286+0000] {processor.py:830} INFO - Processing file /home/airflow/.local/lib/python3.8/site-packages/airflow/example_dags/example_setup_teardown_taskflow.py for tasks to queue
[2025-10-14T14:49:53.287+0000] {logging_mixin.py:188} INFO - [2025-10-14T14:49:53.287+0000] {dagbag.py:540} INFO - Filling up the DagBag from /home/airflow/.local/lib/python3.8/site-packages/airflow/example_dags/example_setup_teardown_taskflow.py
[2025-10-14T14:49:53.297+0000] {processor.py:840} INFO - DAG(s) 'example_setup_teardown_taskflow' retrieved from /home/airflow/.local/lib/python3.8/site-packages/airflow/example_dags/example_setup_teardown_taskflow.py
[2025-10-14T14:49:53.318+0000] {logging_mixin.py:188} INFO - [2025-10-14T14:49:53.318+0000] {dag.py:3047} INFO - Sync 1 DAGs
[2025-10-14T14:49:53.339+0000] {logging_mixin.py:188} INFO - [2025-10-14T14:49:53.338+0000] {dag.py:3834} INFO - Setting next_dagrun for example_setup_teardown_taskflow to 2025-10-13 00:00:00+00:00, run_after=2025-10-14 00:00:00+00:00
[2025-10-14T14:49:53.353+0000] {processor.py:183} INFO - Processing /home/airflow/.local/lib/python3.8/site-packages/airflow/example_dags/example_setup_teardown_taskflow.py took 0.071 seconds
[2025-10-14T14:50:23.668+0000] {processor.py:161} INFO - Started process (PID=424) to work on /home/airflow/.local/lib/python3.8/site-packages/airflow/example_dags/example_setup_teardown_taskflow.py
[2025-10-14T14:50:23.670+0000] {processor.py:830} INFO - Processing file /home/airflow/.local/lib/python3.8/site-packages/airflow/example_dags/example_setup_teardown_taskflow.py for tasks to queue
[2025-10-14T14:50:23.672+0000] {logging_mixin.py:188} INFO - [2025-10-14T14:50:23.672+0000] {dagbag.py:540} INFO - Filling up the DagBag from /home/airflow/.local/lib/python3.8/site-packages/airflow/example_dags/example_setup_teardown_taskflow.py
[2025-10-14T14:50:23.682+0000] {processor.py:840} INFO - DAG(s) 'example_setup_teardown_taskflow' retrieved from /home/airflow/.local/lib/python3.8/site-packages/airflow/example_dags/example_setup_teardown_taskflow.py
[2025-10-14T14:50:23.703+0000] {logging_mixin.py:188} INFO - [2025-10-14T14:50:23.702+0000] {dag.py:3047} INFO - Sync 1 DAGs
[2025-10-14T14:50:23.724+0000] {logging_mixin.py:188} INFO - [2025-10-14T14:50:23.723+0000] {dag.py:3834} INFO - Setting next_dagrun for example_setup_teardown_taskflow to 2025-10-13 00:00:00+00:00, run_after=2025-10-14 00:00:00+00:00
[2025-10-14T14:50:23.749+0000] {processor.py:183} INFO - Processing /home/airflow/.local/lib/python3.8/site-packages/airflow/example_dags/example_setup_teardown_taskflow.py took 0.084 seconds
[2025-10-14T14:50:54.427+0000] {processor.py:161} INFO - Started process (PID=483) to work on /home/airflow/.local/lib/python3.8/site-packages/airflow/example_dags/example_setup_teardown_taskflow.py
[2025-10-14T14:50:54.428+0000] {processor.py:830} INFO - Processing file /home/airflow/.local/lib/python3.8/site-packages/airflow/example_dags/example_setup_teardown_taskflow.py for tasks to queue
[2025-10-14T14:50:54.430+0000] {logging_mixin.py:188} INFO - [2025-10-14T14:50:54.430+0000] {dagbag.py:540} INFO - Filling up the DagBag from /home/airflow/.local/lib/python3.8/site-packages/airflow/example_dags/example_setup_teardown_taskflow.py
[2025-10-14T14:50:54.439+0000] {processor.py:840} INFO - DAG(s) 'example_setup_teardown_taskflow' retrieved from /home/airflow/.local/lib/python3.8/site-packages/airflow/example_dags/example_setup_teardown_taskflow.py
[2025-10-14T14:50:54.462+0000] {logging_mixin.py:188} INFO - [2025-10-14T14:50:54.462+0000] {dag.py:3047} INFO - Sync 1 DAGs
[2025-10-14T14:50:54.482+0000] {logging_mixin.py:188} INFO - [2025-10-14T14:50:54.482+0000] {dag.py:3834} INFO - Setting next_dagrun for example_setup_teardown_taskflow to 2025-10-13 00:00:00+00:00, run_after=2025-10-14 00:00:00+00:00
[2025-10-14T14:50:54.499+0000] {processor.py:183} INFO - Processing /home/airflow/.local/lib/python3.8/site-packages/airflow/example_dags/example_setup_teardown_taskflow.py took 0.075 seconds
[2025-10-14T14:51:24.700+0000] {processor.py:161} INFO - Started process (PID=543) to work on /home/airflow/.local/lib/python3.8/site-packages/airflow/example_dags/example_setup_teardown_taskflow.py
[2025-10-14T14:51:24.701+0000] {processor.py:830} INFO - Processing file /home/airflow/.local/lib/python3.8/site-packages/airflow/example_dags/example_setup_teardown_taskflow.py for tasks to queue
[2025-10-14T14:51:24.703+0000] {logging_mixin.py:188} INFO - [2025-10-14T14:51:24.703+0000] {dagbag.py:540} INFO - Filling up the DagBag from /home/airflow/.local/lib/python3.8/site-packages/airflow/example_dags/example_setup_teardown_taskflow.py
[2025-10-14T14:51:24.711+0000] {processor.py:840} INFO - DAG(s) 'example_setup_teardown_taskflow' retrieved from /home/airflow/.local/lib/python3.8/site-packages/airflow/example_dags/example_setup_teardown_taskflow.py
[2025-10-14T14:51:24.729+0000] {logging_mixin.py:188} INFO - [2025-10-14T14:51:24.728+0000] {dag.py:3047} INFO - Sync 1 DAGs
[2025-10-14T14:51:24.748+0000] {logging_mixin.py:188} INFO - [2025-10-14T14:51:24.748+0000] {dag.py:3834} INFO - Setting next_dagrun for example_setup_teardown_taskflow to 2025-10-13 00:00:00+00:00, run_after=2025-10-14 00:00:00+00:00
[2025-10-14T14:51:24.763+0000] {processor.py:183} INFO - Processing /home/airflow/.local/lib/python3.8/site-packages/airflow/example_dags/example_setup_teardown_taskflow.py took 0.066 seconds
[2025-10-14T14:51:54.982+0000] {processor.py:161} INFO - Started process (PID=602) to work on /home/airflow/.local/lib/python3.8/site-packages/airflow/example_dags/example_setup_teardown_taskflow.py
[2025-10-14T14:51:54.983+0000] {processor.py:830} INFO - Processing file /home/airflow/.local/lib/python3.8/site-packages/airflow/example_dags/example_setup_teardown_taskflow.py for tasks to queue
[2025-10-14T14:51:54.985+0000] {logging_mixin.py:188} INFO - [2025-10-14T14:51:54.985+0000] {dagbag.py:540} INFO - Filling up the DagBag from /home/airflow/.local/lib/python3.8/site-packages/airflow/example_dags/example_setup_teardown_taskflow.py
[2025-10-14T14:51:54.994+0000] {processor.py:840} INFO - DAG(s) 'example_setup_teardown_taskflow' retrieved from /home/airflow/.local/lib/python3.8/site-packages/airflow/example_dags/example_setup_teardown_taskflow.py
[2025-10-14T14:51:55.013+0000] {logging_mixin.py:188} INFO - [2025-10-14T14:51:55.013+0000] {dag.py:3047} INFO - Sync 1 DAGs
[2025-10-14T14:51:55.032+0000] {logging_mixin.py:188} INFO - [2025-10-14T14:51:55.032+0000] {dag.py:3834} INFO - Setting next_dagrun for example_setup_teardown_taskflow to 2025-10-13 00:00:00+00:00, run_after=2025-10-14 00:00:00+00:00
[2025-10-14T14:51:55.049+0000] {processor.py:183} INFO - Processing /home/airflow/.local/lib/python3.8/site-packages/airflow/example_dags/example_setup_teardown_taskflow.py took 0.070 seconds
[2025-10-14T14:52:26.009+0000] {processor.py:161} INFO - Started process (PID=661) to work on /home/airflow/.local/lib/python3.8/site-packages/airflow/example_dags/example_setup_teardown_taskflow.py
[2025-10-14T14:52:26.010+0000] {processor.py:830} INFO - Processing file /home/airflow/.local/lib/python3.8/site-packages/airflow/example_dags/example_setup_teardown_taskflow.py for tasks to queue
[2025-10-14T14:52:26.012+0000] {logging_mixin.py:188} INFO - [2025-10-14T14:52:26.012+0000] {dagbag.py:540} INFO - Filling up the DagBag from /home/airflow/.local/lib/python3.8/site-packages/airflow/example_dags/example_setup_teardown_taskflow.py
[2025-10-14T14:52:26.020+0000] {processor.py:840} INFO - DAG(s) 'example_setup_teardown_taskflow' retrieved from /home/airflow/.local/lib/python3.8/site-packages/airflow/example_dags/example_setup_teardown_taskflow.py
[2025-10-14T14:52:26.038+0000] {logging_mixin.py:188} INFO - [2025-10-14T14:52:26.038+0000] {dag.py:3047} INFO - Sync 1 DAGs
[2025-10-14T14:52:26.057+0000] {logging_mixin.py:188} INFO - [2025-10-14T14:52:26.057+0000] {dag.py:3834} INFO - Setting next_dagrun for example_setup_teardown_taskflow to 2025-10-13 00:00:00+00:00, run_after=2025-10-14 00:00:00+00:00
[2025-10-14T14:52:26.073+0000] {processor.py:183} INFO - Processing /home/airflow/.local/lib/python3.8/site-packages/airflow/example_dags/example_setup_teardown_taskflow.py took 0.066 seconds
[2025-10-14T14:52:56.959+0000] {processor.py:161} INFO - Started process (PID=720) to work on /home/airflow/.local/lib/python3.8/site-packages/airflow/example_dags/example_setup_teardown_taskflow.py
[2025-10-14T14:52:56.960+0000] {processor.py:830} INFO - Processing file /home/airflow/.local/lib/python3.8/site-packages/airflow/example_dags/example_setup_teardown_taskflow.py for tasks to queue
[2025-10-14T14:52:56.962+0000] {logging_mixin.py:188} INFO - [2025-10-14T14:52:56.961+0000] {dagbag.py:540} INFO - Filling up the DagBag from /home/airflow/.local/lib/python3.8/site-packages/airflow/example_dags/example_setup_teardown_taskflow.py
[2025-10-14T14:52:56.971+0000] {processor.py:840} INFO - DAG(s) 'example_setup_teardown_taskflow' retrieved from /home/airflow/.local/lib/python3.8/site-packages/airflow/example_dags/example_setup_teardown_taskflow.py
[2025-10-14T14:52:56.992+0000] {logging_mixin.py:188} INFO - [2025-10-14T14:52:56.991+0000] {dag.py:3047} INFO - Sync 1 DAGs
[2025-10-14T14:52:57.015+0000] {logging_mixin.py:188} INFO - [2025-10-14T14:52:57.015+0000] {dag.py:3834} INFO - Setting next_dagrun for example_setup_teardown_taskflow to 2025-10-13 00:00:00+00:00, run_after=2025-10-14 00:00:00+00:00
[2025-10-14T14:52:57.034+0000] {processor.py:183} INFO - Processing /home/airflow/.local/lib/python3.8/site-packages/airflow/example_dags/example_setup_teardown_taskflow.py took 0.078 seconds
[2025-10-14T14:53:27.269+0000] {processor.py:161} INFO - Started process (PID=779) to work on /home/airflow/.local/lib/python3.8/site-packages/airflow/example_dags/example_setup_teardown_taskflow.py
[2025-10-14T14:53:27.270+0000] {processor.py:830} INFO - Processing file /home/airflow/.local/lib/python3.8/site-packages/airflow/example_dags/example_setup_teardown_taskflow.py for tasks to queue
[2025-10-14T14:53:27.272+0000] {logging_mixin.py:188} INFO - [2025-10-14T14:53:27.271+0000] {dagbag.py:540} INFO - Filling up the DagBag from /home/airflow/.local/lib/python3.8/site-packages/airflow/example_dags/example_setup_teardown_taskflow.py
[2025-10-14T14:53:27.280+0000] {processor.py:840} INFO - DAG(s) 'example_setup_teardown_taskflow' retrieved from /home/airflow/.local/lib/python3.8/site-packages/airflow/example_dags/example_setup_teardown_taskflow.py
[2025-10-14T14:53:27.298+0000] {logging_mixin.py:188} INFO - [2025-10-14T14:53:27.297+0000] {dag.py:3047} INFO - Sync 1 DAGs
[2025-10-14T14:53:27.316+0000] {logging_mixin.py:188} INFO - [2025-10-14T14:53:27.316+0000] {dag.py:3834} INFO - Setting next_dagrun for example_setup_teardown_taskflow to 2025-10-13 00:00:00+00:00, run_after=2025-10-14 00:00:00+00:00
[2025-10-14T14:53:27.332+0000] {processor.py:183} INFO - Processing /home/airflow/.local/lib/python3.8/site-packages/airflow/example_dags/example_setup_teardown_taskflow.py took 0.065 seconds
[2025-10-14T14:53:57.778+0000] {processor.py:161} INFO - Started process (PID=838) to work on /home/airflow/.local/lib/python3.8/site-packages/airflow/example_dags/example_setup_teardown_taskflow.py
[2025-10-14T14:53:57.779+0000] {processor.py:830} INFO - Processing file /home/airflow/.local/lib/python3.8/site-packages/airflow/example_dags/example_setup_teardown_taskflow.py for tasks to queue
[2025-10-14T14:53:57.780+0000] {logging_mixin.py:188} INFO - [2025-10-14T14:53:57.780+0000] {dagbag.py:540} INFO - Filling up the DagBag from /home/airflow/.local/lib/python3.8/site-packages/airflow/example_dags/example_setup_teardown_taskflow.py
[2025-10-14T14:53:57.789+0000] {processor.py:840} INFO - DAG(s) 'example_setup_teardown_taskflow' retrieved from /home/airflow/.local/lib/python3.8/site-packages/airflow/example_dags/example_setup_teardown_taskflow.py
[2025-10-14T14:53:57.808+0000] {logging_mixin.py:188} INFO - [2025-10-14T14:53:57.807+0000] {dag.py:3047} INFO - Sync 1 DAGs
[2025-10-14T14:53:57.827+0000] {logging_mixin.py:188} INFO - [2025-10-14T14:53:57.827+0000] {dag.py:3834} INFO - Setting next_dagrun for example_setup_teardown_taskflow to 2025-10-13 00:00:00+00:00, run_after=2025-10-14 00:00:00+00:00
[2025-10-14T14:53:57.844+0000] {processor.py:183} INFO - Processing /home/airflow/.local/lib/python3.8/site-packages/airflow/example_dags/example_setup_teardown_taskflow.py took 0.069 seconds
[2025-10-14T14:54:28.675+0000] {processor.py:161} INFO - Started process (PID=897) to work on /home/airflow/.local/lib/python3.8/site-packages/airflow/example_dags/example_setup_teardown_taskflow.py
[2025-10-14T14:54:28.676+0000] {processor.py:830} INFO - Processing file /home/airflow/.local/lib/python3.8/site-packages/airflow/example_dags/example_setup_teardown_taskflow.py for tasks to queue
[2025-10-14T14:54:28.678+0000] {logging_mixin.py:188} INFO - [2025-10-14T14:54:28.677+0000] {dagbag.py:540} INFO - Filling up the DagBag from /home/airflow/.local/lib/python3.8/site-packages/airflow/example_dags/example_setup_teardown_taskflow.py
[2025-10-14T14:54:28.687+0000] {processor.py:840} INFO - DAG(s) 'example_setup_teardown_taskflow' retrieved from /home/airflow/.local/lib/python3.8/site-packages/airflow/example_dags/example_setup_teardown_taskflow.py
[2025-10-14T14:54:28.706+0000] {logging_mixin.py:188} INFO - [2025-10-14T14:54:28.705+0000] {dag.py:3047} INFO - Sync 1 DAGs
[2025-10-14T14:54:28.724+0000] {logging_mixin.py:188} INFO - [2025-10-14T14:54:28.724+0000] {dag.py:3834} INFO - Setting next_dagrun for example_setup_teardown_taskflow to 2025-10-13 00:00:00+00:00, run_after=2025-10-14 00:00:00+00:00
[2025-10-14T14:54:28.740+0000] {processor.py:183} INFO - Processing /home/airflow/.local/lib/python3.8/site-packages/airflow/example_dags/example_setup_teardown_taskflow.py took 0.068 seconds
[2025-10-14T14:54:59.935+0000] {processor.py:161} INFO - Started process (PID=956) to work on /home/airflow/.local/lib/python3.8/site-packages/airflow/example_dags/example_setup_teardown_taskflow.py
[2025-10-14T14:54:59.936+0000] {processor.py:830} INFO - Processing file /home/airflow/.local/lib/python3.8/site-packages/airflow/example_dags/example_setup_teardown_taskflow.py for tasks to queue
[2025-10-14T14:54:59.937+0000] {logging_mixin.py:188} INFO - [2025-10-14T14:54:59.937+0000] {dagbag.py:540} INFO - Filling up the DagBag from /home/airflow/.local/lib/python3.8/site-packages/airflow/example_dags/example_setup_teardown_taskflow.py
[2025-10-14T14:54:59.947+0000] {processor.py:840} INFO - DAG(s) 'example_setup_teardown_taskflow' retrieved from /home/airflow/.local/lib/python3.8/site-packages/airflow/example_dags/example_setup_teardown_taskflow.py
[2025-10-14T14:54:59.967+0000] {logging_mixin.py:188} INFO - [2025-10-14T14:54:59.967+0000] {dag.py:3047} INFO - Sync 1 DAGs
[2025-10-14T14:54:59.987+0000] {logging_mixin.py:188} INFO - [2025-10-14T14:54:59.987+0000] {dag.py:3834} INFO - Setting next_dagrun for example_setup_teardown_taskflow to 2025-10-13 00:00:00+00:00, run_after=2025-10-14 00:00:00+00:00
[2025-10-14T14:55:00.005+0000] {processor.py:183} INFO - Processing /home/airflow/.local/lib/python3.8/site-packages/airflow/example_dags/example_setup_teardown_taskflow.py took 0.073 seconds
[2025-10-14T14:55:30.563+0000] {processor.py:161} INFO - Started process (PID=1015) to work on /home/airflow/.local/lib/python3.8/site-packages/airflow/example_dags/example_setup_teardown_taskflow.py
[2025-10-14T14:55:30.564+0000] {processor.py:830} INFO - Processing file /home/airflow/.local/lib/python3.8/site-packages/airflow/example_dags/example_setup_teardown_taskflow.py for tasks to queue
[2025-10-14T14:55:30.566+0000] {logging_mixin.py:188} INFO - [2025-10-14T14:55:30.566+0000] {dagbag.py:540} INFO - Filling up the DagBag from /home/airflow/.local/lib/python3.8/site-packages/airflow/example_dags/example_setup_teardown_taskflow.py
[2025-10-14T14:55:30.576+0000] {processor.py:840} INFO - DAG(s) 'example_setup_teardown_taskflow' retrieved from /home/airflow/.local/lib/python3.8/site-packages/airflow/example_dags/example_setup_teardown_taskflow.py
[2025-10-14T14:55:30.596+0000] {logging_mixin.py:188} INFO - [2025-10-14T14:55:30.595+0000] {dag.py:3047} INFO - Sync 1 DAGs
[2025-10-14T14:55:30.617+0000] {logging_mixin.py:188} INFO - [2025-10-14T14:55:30.617+0000] {dag.py:3834} INFO - Setting next_dagrun for example_setup_teardown_taskflow to 2025-10-13 00:00:00+00:00, run_after=2025-10-14 00:00:00+00:00
[2025-10-14T14:55:30.636+0000] {processor.py:183} INFO - Processing /home/airflow/.local/lib/python3.8/site-packages/airflow/example_dags/example_setup_teardown_taskflow.py took 0.076 seconds
