[2025-10-14T14:44:57.821+0000] {processor.py:161} INFO - Started process (PID=102) to work on /home/airflow/.local/lib/python3.8/site-packages/airflow/example_dags/tutorial_objectstorage.py
[2025-10-14T14:44:57.822+0000] {processor.py:830} INFO - Processing file /home/airflow/.local/lib/python3.8/site-packages/airflow/example_dags/tutorial_objectstorage.py for tasks to queue
[2025-10-14T14:44:57.823+0000] {logging_mixin.py:188} INFO - [2025-10-14T14:44:57.823+0000] {dagbag.py:540} INFO - Filling up the DagBag from /home/airflow/.local/lib/python3.8/site-packages/airflow/example_dags/tutorial_objectstorage.py
[2025-10-14T14:44:57.831+0000] {processor.py:840} INFO - DAG(s) 'tutorial_objectstorage' retrieved from /home/airflow/.local/lib/python3.8/site-packages/airflow/example_dags/tutorial_objectstorage.py
[2025-10-14T14:44:57.919+0000] {logging_mixin.py:188} INFO - [2025-10-14T14:44:57.918+0000] {override.py:1769} INFO - Created Permission View: can edit on DAG:tutorial_objectstorage
[2025-10-14T14:44:57.929+0000] {logging_mixin.py:188} INFO - [2025-10-14T14:44:57.928+0000] {override.py:1769} INFO - Created Permission View: can delete on DAG:tutorial_objectstorage
[2025-10-14T14:44:57.935+0000] {logging_mixin.py:188} INFO - [2025-10-14T14:44:57.935+0000] {override.py:1769} INFO - Created Permission View: can read on DAG:tutorial_objectstorage
[2025-10-14T14:44:57.936+0000] {logging_mixin.py:188} INFO - [2025-10-14T14:44:57.936+0000] {dag.py:3047} INFO - Sync 1 DAGs
[2025-10-14T14:44:57.946+0000] {logging_mixin.py:188} INFO - [2025-10-14T14:44:57.946+0000] {dag.py:3069} INFO - Creating ORM DAG for tutorial_objectstorage
[2025-10-14T14:44:57.947+0000] {logging_mixin.py:188} INFO - [2025-10-14T14:44:57.947+0000] {dag.py:3834} INFO - Setting next_dagrun for tutorial_objectstorage to None, run_after=None
[2025-10-14T14:44:57.962+0000] {processor.py:183} INFO - Processing /home/airflow/.local/lib/python3.8/site-packages/airflow/example_dags/tutorial_objectstorage.py took 0.144 seconds
[2025-10-14T14:45:28.163+0000] {processor.py:161} INFO - Started process (PID=161) to work on /home/airflow/.local/lib/python3.8/site-packages/airflow/example_dags/tutorial_objectstorage.py
[2025-10-14T14:45:28.164+0000] {processor.py:830} INFO - Processing file /home/airflow/.local/lib/python3.8/site-packages/airflow/example_dags/tutorial_objectstorage.py for tasks to queue
[2025-10-14T14:45:28.165+0000] {logging_mixin.py:188} INFO - [2025-10-14T14:45:28.165+0000] {dagbag.py:540} INFO - Filling up the DagBag from /home/airflow/.local/lib/python3.8/site-packages/airflow/example_dags/tutorial_objectstorage.py
[2025-10-14T14:45:28.172+0000] {processor.py:840} INFO - DAG(s) 'tutorial_objectstorage' retrieved from /home/airflow/.local/lib/python3.8/site-packages/airflow/example_dags/tutorial_objectstorage.py
[2025-10-14T14:45:28.189+0000] {logging_mixin.py:188} INFO - [2025-10-14T14:45:28.189+0000] {dag.py:3047} INFO - Sync 1 DAGs
[2025-10-14T14:45:28.201+0000] {logging_mixin.py:188} INFO - [2025-10-14T14:45:28.201+0000] {dag.py:3834} INFO - Setting next_dagrun for tutorial_objectstorage to None, run_after=None
[2025-10-14T14:45:28.218+0000] {processor.py:183} INFO - Processing /home/airflow/.local/lib/python3.8/site-packages/airflow/example_dags/tutorial_objectstorage.py took 0.058 seconds
[2025-10-14T14:45:58.640+0000] {processor.py:161} INFO - Started process (PID=220) to work on /home/airflow/.local/lib/python3.8/site-packages/airflow/example_dags/tutorial_objectstorage.py
[2025-10-14T14:45:58.641+0000] {processor.py:830} INFO - Processing file /home/airflow/.local/lib/python3.8/site-packages/airflow/example_dags/tutorial_objectstorage.py for tasks to queue
[2025-10-14T14:45:58.642+0000] {logging_mixin.py:188} INFO - [2025-10-14T14:45:58.642+0000] {dagbag.py:540} INFO - Filling up the DagBag from /home/airflow/.local/lib/python3.8/site-packages/airflow/example_dags/tutorial_objectstorage.py
[2025-10-14T14:45:58.648+0000] {processor.py:840} INFO - DAG(s) 'tutorial_objectstorage' retrieved from /home/airflow/.local/lib/python3.8/site-packages/airflow/example_dags/tutorial_objectstorage.py
[2025-10-14T14:45:58.665+0000] {logging_mixin.py:188} INFO - [2025-10-14T14:45:58.664+0000] {dag.py:3047} INFO - Sync 1 DAGs
[2025-10-14T14:45:58.676+0000] {logging_mixin.py:188} INFO - [2025-10-14T14:45:58.676+0000] {dag.py:3834} INFO - Setting next_dagrun for tutorial_objectstorage to None, run_after=None
[2025-10-14T14:45:58.693+0000] {processor.py:183} INFO - Processing /home/airflow/.local/lib/python3.8/site-packages/airflow/example_dags/tutorial_objectstorage.py took 0.056 seconds
[2025-10-14T14:47:49.628+0000] {processor.py:161} INFO - Started process (PID=101) to work on /home/airflow/.local/lib/python3.8/site-packages/airflow/example_dags/tutorial_objectstorage.py
[2025-10-14T14:47:49.629+0000] {processor.py:830} INFO - Processing file /home/airflow/.local/lib/python3.8/site-packages/airflow/example_dags/tutorial_objectstorage.py for tasks to queue
[2025-10-14T14:47:49.631+0000] {logging_mixin.py:188} INFO - [2025-10-14T14:47:49.631+0000] {dagbag.py:540} INFO - Filling up the DagBag from /home/airflow/.local/lib/python3.8/site-packages/airflow/example_dags/tutorial_objectstorage.py
[2025-10-14T14:47:49.640+0000] {processor.py:840} INFO - DAG(s) 'tutorial_objectstorage' retrieved from /home/airflow/.local/lib/python3.8/site-packages/airflow/example_dags/tutorial_objectstorage.py
[2025-10-14T14:47:49.736+0000] {logging_mixin.py:188} INFO - [2025-10-14T14:47:49.736+0000] {dag.py:3047} INFO - Sync 1 DAGs
[2025-10-14T14:47:49.746+0000] {logging_mixin.py:188} INFO - [2025-10-14T14:47:49.746+0000] {dag.py:3834} INFO - Setting next_dagrun for tutorial_objectstorage to None, run_after=None
[2025-10-14T14:47:49.765+0000] {processor.py:183} INFO - Processing /home/airflow/.local/lib/python3.8/site-packages/airflow/example_dags/tutorial_objectstorage.py took 0.140 seconds
[2025-10-14T14:48:20.043+0000] {processor.py:161} INFO - Started process (PID=160) to work on /home/airflow/.local/lib/python3.8/site-packages/airflow/example_dags/tutorial_objectstorage.py
[2025-10-14T14:48:20.044+0000] {processor.py:830} INFO - Processing file /home/airflow/.local/lib/python3.8/site-packages/airflow/example_dags/tutorial_objectstorage.py for tasks to queue
[2025-10-14T14:48:20.046+0000] {logging_mixin.py:188} INFO - [2025-10-14T14:48:20.045+0000] {dagbag.py:540} INFO - Filling up the DagBag from /home/airflow/.local/lib/python3.8/site-packages/airflow/example_dags/tutorial_objectstorage.py
[2025-10-14T14:48:20.052+0000] {processor.py:840} INFO - DAG(s) 'tutorial_objectstorage' retrieved from /home/airflow/.local/lib/python3.8/site-packages/airflow/example_dags/tutorial_objectstorage.py
[2025-10-14T14:48:20.069+0000] {logging_mixin.py:188} INFO - [2025-10-14T14:48:20.069+0000] {dag.py:3047} INFO - Sync 1 DAGs
[2025-10-14T14:48:20.081+0000] {logging_mixin.py:188} INFO - [2025-10-14T14:48:20.081+0000] {dag.py:3834} INFO - Setting next_dagrun for tutorial_objectstorage to None, run_after=None
[2025-10-14T14:48:20.099+0000] {processor.py:183} INFO - Processing /home/airflow/.local/lib/python3.8/site-packages/airflow/example_dags/tutorial_objectstorage.py took 0.060 seconds
[2025-10-14T14:48:50.340+0000] {processor.py:161} INFO - Started process (PID=219) to work on /home/airflow/.local/lib/python3.8/site-packages/airflow/example_dags/tutorial_objectstorage.py
[2025-10-14T14:48:50.341+0000] {processor.py:830} INFO - Processing file /home/airflow/.local/lib/python3.8/site-packages/airflow/example_dags/tutorial_objectstorage.py for tasks to queue
[2025-10-14T14:48:50.343+0000] {logging_mixin.py:188} INFO - [2025-10-14T14:48:50.342+0000] {dagbag.py:540} INFO - Filling up the DagBag from /home/airflow/.local/lib/python3.8/site-packages/airflow/example_dags/tutorial_objectstorage.py
[2025-10-14T14:48:50.349+0000] {processor.py:840} INFO - DAG(s) 'tutorial_objectstorage' retrieved from /home/airflow/.local/lib/python3.8/site-packages/airflow/example_dags/tutorial_objectstorage.py
[2025-10-14T14:48:50.366+0000] {logging_mixin.py:188} INFO - [2025-10-14T14:48:50.366+0000] {dag.py:3047} INFO - Sync 1 DAGs
[2025-10-14T14:48:50.378+0000] {logging_mixin.py:188} INFO - [2025-10-14T14:48:50.378+0000] {dag.py:3834} INFO - Setting next_dagrun for tutorial_objectstorage to None, run_after=None
[2025-10-14T14:48:50.394+0000] {processor.py:183} INFO - Processing /home/airflow/.local/lib/python3.8/site-packages/airflow/example_dags/tutorial_objectstorage.py took 0.057 seconds
[2025-10-14T14:49:20.657+0000] {processor.py:161} INFO - Started process (PID=284) to work on /home/airflow/.local/lib/python3.8/site-packages/airflow/example_dags/tutorial_objectstorage.py
[2025-10-14T14:49:20.658+0000] {processor.py:830} INFO - Processing file /home/airflow/.local/lib/python3.8/site-packages/airflow/example_dags/tutorial_objectstorage.py for tasks to queue
[2025-10-14T14:49:20.660+0000] {logging_mixin.py:188} INFO - [2025-10-14T14:49:20.660+0000] {dagbag.py:540} INFO - Filling up the DagBag from /home/airflow/.local/lib/python3.8/site-packages/airflow/example_dags/tutorial_objectstorage.py
[2025-10-14T14:49:20.666+0000] {processor.py:840} INFO - DAG(s) 'tutorial_objectstorage' retrieved from /home/airflow/.local/lib/python3.8/site-packages/airflow/example_dags/tutorial_objectstorage.py
[2025-10-14T14:49:20.683+0000] {logging_mixin.py:188} INFO - [2025-10-14T14:49:20.683+0000] {dag.py:3047} INFO - Sync 1 DAGs
[2025-10-14T14:49:20.694+0000] {logging_mixin.py:188} INFO - [2025-10-14T14:49:20.694+0000] {dag.py:3834} INFO - Setting next_dagrun for tutorial_objectstorage to None, run_after=None
[2025-10-14T14:49:20.711+0000] {processor.py:183} INFO - Processing /home/airflow/.local/lib/python3.8/site-packages/airflow/example_dags/tutorial_objectstorage.py took 0.057 seconds
[2025-10-14T14:49:51.716+0000] {processor.py:161} INFO - Started process (PID=343) to work on /home/airflow/.local/lib/python3.8/site-packages/airflow/example_dags/tutorial_objectstorage.py
[2025-10-14T14:49:51.717+0000] {processor.py:830} INFO - Processing file /home/airflow/.local/lib/python3.8/site-packages/airflow/example_dags/tutorial_objectstorage.py for tasks to queue
[2025-10-14T14:49:51.719+0000] {logging_mixin.py:188} INFO - [2025-10-14T14:49:51.719+0000] {dagbag.py:540} INFO - Filling up the DagBag from /home/airflow/.local/lib/python3.8/site-packages/airflow/example_dags/tutorial_objectstorage.py
[2025-10-14T14:49:51.727+0000] {processor.py:840} INFO - DAG(s) 'tutorial_objectstorage' retrieved from /home/airflow/.local/lib/python3.8/site-packages/airflow/example_dags/tutorial_objectstorage.py
[2025-10-14T14:49:51.746+0000] {logging_mixin.py:188} INFO - [2025-10-14T14:49:51.745+0000] {dag.py:3047} INFO - Sync 1 DAGs
[2025-10-14T14:49:51.762+0000] {logging_mixin.py:188} INFO - [2025-10-14T14:49:51.762+0000] {dag.py:3834} INFO - Setting next_dagrun for tutorial_objectstorage to None, run_after=None
[2025-10-14T14:49:51.787+0000] {processor.py:183} INFO - Processing /home/airflow/.local/lib/python3.8/site-packages/airflow/example_dags/tutorial_objectstorage.py took 0.074 seconds
[2025-10-14T14:50:22.061+0000] {processor.py:161} INFO - Started process (PID=402) to work on /home/airflow/.local/lib/python3.8/site-packages/airflow/example_dags/tutorial_objectstorage.py
[2025-10-14T14:50:22.062+0000] {processor.py:830} INFO - Processing file /home/airflow/.local/lib/python3.8/site-packages/airflow/example_dags/tutorial_objectstorage.py for tasks to queue
[2025-10-14T14:50:22.064+0000] {logging_mixin.py:188} INFO - [2025-10-14T14:50:22.063+0000] {dagbag.py:540} INFO - Filling up the DagBag from /home/airflow/.local/lib/python3.8/site-packages/airflow/example_dags/tutorial_objectstorage.py
[2025-10-14T14:50:22.070+0000] {processor.py:840} INFO - DAG(s) 'tutorial_objectstorage' retrieved from /home/airflow/.local/lib/python3.8/site-packages/airflow/example_dags/tutorial_objectstorage.py
[2025-10-14T14:50:22.086+0000] {logging_mixin.py:188} INFO - [2025-10-14T14:50:22.086+0000] {dag.py:3047} INFO - Sync 1 DAGs
[2025-10-14T14:50:22.098+0000] {logging_mixin.py:188} INFO - [2025-10-14T14:50:22.098+0000] {dag.py:3834} INFO - Setting next_dagrun for tutorial_objectstorage to None, run_after=None
[2025-10-14T14:50:22.115+0000] {processor.py:183} INFO - Processing /home/airflow/.local/lib/python3.8/site-packages/airflow/example_dags/tutorial_objectstorage.py took 0.057 seconds
[2025-10-14T14:50:52.155+0000] {processor.py:161} INFO - Started process (PID=460) to work on /home/airflow/.local/lib/python3.8/site-packages/airflow/example_dags/tutorial_objectstorage.py
[2025-10-14T14:50:52.156+0000] {processor.py:830} INFO - Processing file /home/airflow/.local/lib/python3.8/site-packages/airflow/example_dags/tutorial_objectstorage.py for tasks to queue
[2025-10-14T14:50:52.158+0000] {logging_mixin.py:188} INFO - [2025-10-14T14:50:52.158+0000] {dagbag.py:540} INFO - Filling up the DagBag from /home/airflow/.local/lib/python3.8/site-packages/airflow/example_dags/tutorial_objectstorage.py
[2025-10-14T14:50:52.164+0000] {processor.py:840} INFO - DAG(s) 'tutorial_objectstorage' retrieved from /home/airflow/.local/lib/python3.8/site-packages/airflow/example_dags/tutorial_objectstorage.py
[2025-10-14T14:50:52.182+0000] {logging_mixin.py:188} INFO - [2025-10-14T14:50:52.182+0000] {dag.py:3047} INFO - Sync 1 DAGs
[2025-10-14T14:50:52.193+0000] {logging_mixin.py:188} INFO - [2025-10-14T14:50:52.193+0000] {dag.py:3834} INFO - Setting next_dagrun for tutorial_objectstorage to None, run_after=None
[2025-10-14T14:50:52.209+0000] {processor.py:183} INFO - Processing /home/airflow/.local/lib/python3.8/site-packages/airflow/example_dags/tutorial_objectstorage.py took 0.056 seconds
[2025-10-14T14:51:22.264+0000] {processor.py:161} INFO - Started process (PID=519) to work on /home/airflow/.local/lib/python3.8/site-packages/airflow/example_dags/tutorial_objectstorage.py
[2025-10-14T14:51:22.265+0000] {processor.py:830} INFO - Processing file /home/airflow/.local/lib/python3.8/site-packages/airflow/example_dags/tutorial_objectstorage.py for tasks to queue
[2025-10-14T14:51:22.267+0000] {logging_mixin.py:188} INFO - [2025-10-14T14:51:22.267+0000] {dagbag.py:540} INFO - Filling up the DagBag from /home/airflow/.local/lib/python3.8/site-packages/airflow/example_dags/tutorial_objectstorage.py
[2025-10-14T14:51:22.273+0000] {processor.py:840} INFO - DAG(s) 'tutorial_objectstorage' retrieved from /home/airflow/.local/lib/python3.8/site-packages/airflow/example_dags/tutorial_objectstorage.py
[2025-10-14T14:51:22.288+0000] {logging_mixin.py:188} INFO - [2025-10-14T14:51:22.288+0000] {dag.py:3047} INFO - Sync 1 DAGs
[2025-10-14T14:51:22.299+0000] {logging_mixin.py:188} INFO - [2025-10-14T14:51:22.299+0000] {dag.py:3834} INFO - Setting next_dagrun for tutorial_objectstorage to None, run_after=None
[2025-10-14T14:51:22.314+0000] {processor.py:183} INFO - Processing /home/airflow/.local/lib/python3.8/site-packages/airflow/example_dags/tutorial_objectstorage.py took 0.052 seconds
[2025-10-14T14:51:52.462+0000] {processor.py:161} INFO - Started process (PID=578) to work on /home/airflow/.local/lib/python3.8/site-packages/airflow/example_dags/tutorial_objectstorage.py
[2025-10-14T14:51:52.463+0000] {processor.py:830} INFO - Processing file /home/airflow/.local/lib/python3.8/site-packages/airflow/example_dags/tutorial_objectstorage.py for tasks to queue
[2025-10-14T14:51:52.465+0000] {logging_mixin.py:188} INFO - [2025-10-14T14:51:52.464+0000] {dagbag.py:540} INFO - Filling up the DagBag from /home/airflow/.local/lib/python3.8/site-packages/airflow/example_dags/tutorial_objectstorage.py
[2025-10-14T14:51:52.471+0000] {processor.py:840} INFO - DAG(s) 'tutorial_objectstorage' retrieved from /home/airflow/.local/lib/python3.8/site-packages/airflow/example_dags/tutorial_objectstorage.py
[2025-10-14T14:51:52.488+0000] {logging_mixin.py:188} INFO - [2025-10-14T14:51:52.488+0000] {dag.py:3047} INFO - Sync 1 DAGs
[2025-10-14T14:51:52.499+0000] {logging_mixin.py:188} INFO - [2025-10-14T14:51:52.499+0000] {dag.py:3834} INFO - Setting next_dagrun for tutorial_objectstorage to None, run_after=None
[2025-10-14T14:51:52.516+0000] {processor.py:183} INFO - Processing /home/airflow/.local/lib/python3.8/site-packages/airflow/example_dags/tutorial_objectstorage.py took 0.057 seconds
[2025-10-14T14:52:22.744+0000] {processor.py:161} INFO - Started process (PID=637) to work on /home/airflow/.local/lib/python3.8/site-packages/airflow/example_dags/tutorial_objectstorage.py
[2025-10-14T14:52:22.745+0000] {processor.py:830} INFO - Processing file /home/airflow/.local/lib/python3.8/site-packages/airflow/example_dags/tutorial_objectstorage.py for tasks to queue
[2025-10-14T14:52:22.746+0000] {logging_mixin.py:188} INFO - [2025-10-14T14:52:22.746+0000] {dagbag.py:540} INFO - Filling up the DagBag from /home/airflow/.local/lib/python3.8/site-packages/airflow/example_dags/tutorial_objectstorage.py
[2025-10-14T14:52:22.752+0000] {processor.py:840} INFO - DAG(s) 'tutorial_objectstorage' retrieved from /home/airflow/.local/lib/python3.8/site-packages/airflow/example_dags/tutorial_objectstorage.py
[2025-10-14T14:52:22.769+0000] {logging_mixin.py:188} INFO - [2025-10-14T14:52:22.768+0000] {dag.py:3047} INFO - Sync 1 DAGs
[2025-10-14T14:52:22.779+0000] {logging_mixin.py:188} INFO - [2025-10-14T14:52:22.779+0000] {dag.py:3834} INFO - Setting next_dagrun for tutorial_objectstorage to None, run_after=None
[2025-10-14T14:52:22.794+0000] {processor.py:183} INFO - Processing /home/airflow/.local/lib/python3.8/site-packages/airflow/example_dags/tutorial_objectstorage.py took 0.053 seconds
[2025-10-14T14:52:53.648+0000] {processor.py:161} INFO - Started process (PID=696) to work on /home/airflow/.local/lib/python3.8/site-packages/airflow/example_dags/tutorial_objectstorage.py
[2025-10-14T14:52:53.649+0000] {processor.py:830} INFO - Processing file /home/airflow/.local/lib/python3.8/site-packages/airflow/example_dags/tutorial_objectstorage.py for tasks to queue
[2025-10-14T14:52:53.652+0000] {logging_mixin.py:188} INFO - [2025-10-14T14:52:53.651+0000] {dagbag.py:540} INFO - Filling up the DagBag from /home/airflow/.local/lib/python3.8/site-packages/airflow/example_dags/tutorial_objectstorage.py
[2025-10-14T14:52:53.661+0000] {processor.py:840} INFO - DAG(s) 'tutorial_objectstorage' retrieved from /home/airflow/.local/lib/python3.8/site-packages/airflow/example_dags/tutorial_objectstorage.py
[2025-10-14T14:52:53.678+0000] {logging_mixin.py:188} INFO - [2025-10-14T14:52:53.678+0000] {dag.py:3047} INFO - Sync 1 DAGs
[2025-10-14T14:52:53.689+0000] {logging_mixin.py:188} INFO - [2025-10-14T14:52:53.688+0000] {dag.py:3834} INFO - Setting next_dagrun for tutorial_objectstorage to None, run_after=None
[2025-10-14T14:52:53.706+0000] {processor.py:183} INFO - Processing /home/airflow/.local/lib/python3.8/site-packages/airflow/example_dags/tutorial_objectstorage.py took 0.065 seconds
[2025-10-14T14:53:23.821+0000] {processor.py:161} INFO - Started process (PID=755) to work on /home/airflow/.local/lib/python3.8/site-packages/airflow/example_dags/tutorial_objectstorage.py
[2025-10-14T14:53:23.822+0000] {processor.py:830} INFO - Processing file /home/airflow/.local/lib/python3.8/site-packages/airflow/example_dags/tutorial_objectstorage.py for tasks to queue
[2025-10-14T14:53:23.824+0000] {logging_mixin.py:188} INFO - [2025-10-14T14:53:23.824+0000] {dagbag.py:540} INFO - Filling up the DagBag from /home/airflow/.local/lib/python3.8/site-packages/airflow/example_dags/tutorial_objectstorage.py
[2025-10-14T14:53:23.830+0000] {processor.py:840} INFO - DAG(s) 'tutorial_objectstorage' retrieved from /home/airflow/.local/lib/python3.8/site-packages/airflow/example_dags/tutorial_objectstorage.py
[2025-10-14T14:53:23.846+0000] {logging_mixin.py:188} INFO - [2025-10-14T14:53:23.845+0000] {dag.py:3047} INFO - Sync 1 DAGs
[2025-10-14T14:53:23.856+0000] {logging_mixin.py:188} INFO - [2025-10-14T14:53:23.856+0000] {dag.py:3834} INFO - Setting next_dagrun for tutorial_objectstorage to None, run_after=None
[2025-10-14T14:53:23.871+0000] {processor.py:183} INFO - Processing /home/airflow/.local/lib/python3.8/site-packages/airflow/example_dags/tutorial_objectstorage.py took 0.053 seconds
[2025-10-14T14:53:54.080+0000] {processor.py:161} INFO - Started process (PID=814) to work on /home/airflow/.local/lib/python3.8/site-packages/airflow/example_dags/tutorial_objectstorage.py
[2025-10-14T14:53:54.081+0000] {processor.py:830} INFO - Processing file /home/airflow/.local/lib/python3.8/site-packages/airflow/example_dags/tutorial_objectstorage.py for tasks to queue
[2025-10-14T14:53:54.083+0000] {logging_mixin.py:188} INFO - [2025-10-14T14:53:54.083+0000] {dagbag.py:540} INFO - Filling up the DagBag from /home/airflow/.local/lib/python3.8/site-packages/airflow/example_dags/tutorial_objectstorage.py
[2025-10-14T14:53:54.090+0000] {processor.py:840} INFO - DAG(s) 'tutorial_objectstorage' retrieved from /home/airflow/.local/lib/python3.8/site-packages/airflow/example_dags/tutorial_objectstorage.py
[2025-10-14T14:53:54.105+0000] {logging_mixin.py:188} INFO - [2025-10-14T14:53:54.105+0000] {dag.py:3047} INFO - Sync 1 DAGs
[2025-10-14T14:53:54.116+0000] {logging_mixin.py:188} INFO - [2025-10-14T14:53:54.116+0000] {dag.py:3834} INFO - Setting next_dagrun for tutorial_objectstorage to None, run_after=None
[2025-10-14T14:53:54.132+0000] {processor.py:183} INFO - Processing /home/airflow/.local/lib/python3.8/site-packages/airflow/example_dags/tutorial_objectstorage.py took 0.055 seconds
[2025-10-14T14:54:24.284+0000] {processor.py:161} INFO - Started process (PID=873) to work on /home/airflow/.local/lib/python3.8/site-packages/airflow/example_dags/tutorial_objectstorage.py
[2025-10-14T14:54:24.285+0000] {processor.py:830} INFO - Processing file /home/airflow/.local/lib/python3.8/site-packages/airflow/example_dags/tutorial_objectstorage.py for tasks to queue
[2025-10-14T14:54:24.288+0000] {logging_mixin.py:188} INFO - [2025-10-14T14:54:24.287+0000] {dagbag.py:540} INFO - Filling up the DagBag from /home/airflow/.local/lib/python3.8/site-packages/airflow/example_dags/tutorial_objectstorage.py
[2025-10-14T14:54:24.294+0000] {processor.py:840} INFO - DAG(s) 'tutorial_objectstorage' retrieved from /home/airflow/.local/lib/python3.8/site-packages/airflow/example_dags/tutorial_objectstorage.py
[2025-10-14T14:54:24.310+0000] {logging_mixin.py:188} INFO - [2025-10-14T14:54:24.310+0000] {dag.py:3047} INFO - Sync 1 DAGs
[2025-10-14T14:54:24.321+0000] {logging_mixin.py:188} INFO - [2025-10-14T14:54:24.321+0000] {dag.py:3834} INFO - Setting next_dagrun for tutorial_objectstorage to None, run_after=None
[2025-10-14T14:54:24.336+0000] {processor.py:183} INFO - Processing /home/airflow/.local/lib/python3.8/site-packages/airflow/example_dags/tutorial_objectstorage.py took 0.055 seconds
[2025-10-14T14:54:54.446+0000] {processor.py:161} INFO - Started process (PID=932) to work on /home/airflow/.local/lib/python3.8/site-packages/airflow/example_dags/tutorial_objectstorage.py
[2025-10-14T14:54:54.447+0000] {processor.py:830} INFO - Processing file /home/airflow/.local/lib/python3.8/site-packages/airflow/example_dags/tutorial_objectstorage.py for tasks to queue
[2025-10-14T14:54:54.449+0000] {logging_mixin.py:188} INFO - [2025-10-14T14:54:54.449+0000] {dagbag.py:540} INFO - Filling up the DagBag from /home/airflow/.local/lib/python3.8/site-packages/airflow/example_dags/tutorial_objectstorage.py
[2025-10-14T14:54:54.455+0000] {processor.py:840} INFO - DAG(s) 'tutorial_objectstorage' retrieved from /home/airflow/.local/lib/python3.8/site-packages/airflow/example_dags/tutorial_objectstorage.py
[2025-10-14T14:54:54.472+0000] {logging_mixin.py:188} INFO - [2025-10-14T14:54:54.472+0000] {dag.py:3047} INFO - Sync 1 DAGs
[2025-10-14T14:54:54.483+0000] {logging_mixin.py:188} INFO - [2025-10-14T14:54:54.483+0000] {dag.py:3834} INFO - Setting next_dagrun for tutorial_objectstorage to None, run_after=None
[2025-10-14T14:54:54.500+0000] {processor.py:183} INFO - Processing /home/airflow/.local/lib/python3.8/site-packages/airflow/example_dags/tutorial_objectstorage.py took 0.057 seconds
[2025-10-14T14:55:24.766+0000] {processor.py:161} INFO - Started process (PID=991) to work on /home/airflow/.local/lib/python3.8/site-packages/airflow/example_dags/tutorial_objectstorage.py
[2025-10-14T14:55:24.767+0000] {processor.py:830} INFO - Processing file /home/airflow/.local/lib/python3.8/site-packages/airflow/example_dags/tutorial_objectstorage.py for tasks to queue
[2025-10-14T14:55:24.769+0000] {logging_mixin.py:188} INFO - [2025-10-14T14:55:24.768+0000] {dagbag.py:540} INFO - Filling up the DagBag from /home/airflow/.local/lib/python3.8/site-packages/airflow/example_dags/tutorial_objectstorage.py
[2025-10-14T14:55:24.775+0000] {processor.py:840} INFO - DAG(s) 'tutorial_objectstorage' retrieved from /home/airflow/.local/lib/python3.8/site-packages/airflow/example_dags/tutorial_objectstorage.py
[2025-10-14T14:55:24.791+0000] {logging_mixin.py:188} INFO - [2025-10-14T14:55:24.790+0000] {dag.py:3047} INFO - Sync 1 DAGs
[2025-10-14T14:55:24.802+0000] {logging_mixin.py:188} INFO - [2025-10-14T14:55:24.802+0000] {dag.py:3834} INFO - Setting next_dagrun for tutorial_objectstorage to None, run_after=None
[2025-10-14T14:55:24.820+0000] {processor.py:183} INFO - Processing /home/airflow/.local/lib/python3.8/site-packages/airflow/example_dags/tutorial_objectstorage.py took 0.057 seconds
