[2025-10-14T14:44:59.114+0000] {processor.py:161} INFO - Started process (PID=115) to work on /home/airflow/.local/lib/python3.8/site-packages/airflow/example_dags/tutorial_taskflow_api.py
[2025-10-14T14:44:59.115+0000] {processor.py:830} INFO - Processing file /home/airflow/.local/lib/python3.8/site-packages/airflow/example_dags/tutorial_taskflow_api.py for tasks to queue
[2025-10-14T14:44:59.117+0000] {logging_mixin.py:188} INFO - [2025-10-14T14:44:59.116+0000] {dagbag.py:540} INFO - Filling up the DagBag from /home/airflow/.local/lib/python3.8/site-packages/airflow/example_dags/tutorial_taskflow_api.py
[2025-10-14T14:44:59.124+0000] {processor.py:840} INFO - DAG(s) 'tutorial_taskflow_api' retrieved from /home/airflow/.local/lib/python3.8/site-packages/airflow/example_dags/tutorial_taskflow_api.py
[2025-10-14T14:44:59.209+0000] {logging_mixin.py:188} INFO - [2025-10-14T14:44:59.208+0000] {override.py:1769} INFO - Created Permission View: can edit on DAG:tutorial_taskflow_api
[2025-10-14T14:44:59.217+0000] {logging_mixin.py:188} INFO - [2025-10-14T14:44:59.217+0000] {override.py:1769} INFO - Created Permission View: can delete on DAG:tutorial_taskflow_api
[2025-10-14T14:44:59.224+0000] {logging_mixin.py:188} INFO - [2025-10-14T14:44:59.223+0000] {override.py:1769} INFO - Created Permission View: can read on DAG:tutorial_taskflow_api
[2025-10-14T14:44:59.228+0000] {logging_mixin.py:188} INFO - [2025-10-14T14:44:59.227+0000] {dag.py:3047} INFO - Sync 1 DAGs
[2025-10-14T14:44:59.240+0000] {logging_mixin.py:188} INFO - [2025-10-14T14:44:59.240+0000] {dag.py:3069} INFO - Creating ORM DAG for tutorial_taskflow_api
[2025-10-14T14:44:59.241+0000] {logging_mixin.py:188} INFO - [2025-10-14T14:44:59.241+0000] {dag.py:3834} INFO - Setting next_dagrun for tutorial_taskflow_api to None, run_after=None
[2025-10-14T14:44:59.256+0000] {processor.py:183} INFO - Processing /home/airflow/.local/lib/python3.8/site-packages/airflow/example_dags/tutorial_taskflow_api.py took 0.145 seconds
[2025-10-14T14:45:29.966+0000] {processor.py:161} INFO - Started process (PID=174) to work on /home/airflow/.local/lib/python3.8/site-packages/airflow/example_dags/tutorial_taskflow_api.py
[2025-10-14T14:45:29.967+0000] {processor.py:830} INFO - Processing file /home/airflow/.local/lib/python3.8/site-packages/airflow/example_dags/tutorial_taskflow_api.py for tasks to queue
[2025-10-14T14:45:29.969+0000] {logging_mixin.py:188} INFO - [2025-10-14T14:45:29.969+0000] {dagbag.py:540} INFO - Filling up the DagBag from /home/airflow/.local/lib/python3.8/site-packages/airflow/example_dags/tutorial_taskflow_api.py
[2025-10-14T14:45:29.976+0000] {processor.py:840} INFO - DAG(s) 'tutorial_taskflow_api' retrieved from /home/airflow/.local/lib/python3.8/site-packages/airflow/example_dags/tutorial_taskflow_api.py
[2025-10-14T14:45:29.997+0000] {logging_mixin.py:188} INFO - [2025-10-14T14:45:29.997+0000] {dag.py:3047} INFO - Sync 1 DAGs
[2025-10-14T14:45:30.028+0000] {logging_mixin.py:188} INFO - [2025-10-14T14:45:30.027+0000] {dag.py:3834} INFO - Setting next_dagrun for tutorial_taskflow_api to None, run_after=None
[2025-10-14T14:45:30.056+0000] {processor.py:183} INFO - Processing /home/airflow/.local/lib/python3.8/site-packages/airflow/example_dags/tutorial_taskflow_api.py took 0.092 seconds
[2025-10-14T14:46:00.255+0000] {processor.py:161} INFO - Started process (PID=232) to work on /home/airflow/.local/lib/python3.8/site-packages/airflow/example_dags/tutorial_taskflow_api.py
[2025-10-14T14:46:00.256+0000] {processor.py:830} INFO - Processing file /home/airflow/.local/lib/python3.8/site-packages/airflow/example_dags/tutorial_taskflow_api.py for tasks to queue
[2025-10-14T14:46:00.257+0000] {logging_mixin.py:188} INFO - [2025-10-14T14:46:00.257+0000] {dagbag.py:540} INFO - Filling up the DagBag from /home/airflow/.local/lib/python3.8/site-packages/airflow/example_dags/tutorial_taskflow_api.py
[2025-10-14T14:46:00.264+0000] {processor.py:840} INFO - DAG(s) 'tutorial_taskflow_api' retrieved from /home/airflow/.local/lib/python3.8/site-packages/airflow/example_dags/tutorial_taskflow_api.py
[2025-10-14T14:46:00.283+0000] {logging_mixin.py:188} INFO - [2025-10-14T14:46:00.283+0000] {dag.py:3047} INFO - Sync 1 DAGs
[2025-10-14T14:46:00.296+0000] {logging_mixin.py:188} INFO - [2025-10-14T14:46:00.296+0000] {dag.py:3834} INFO - Setting next_dagrun for tutorial_taskflow_api to None, run_after=None
[2025-10-14T14:46:00.327+0000] {processor.py:183} INFO - Processing /home/airflow/.local/lib/python3.8/site-packages/airflow/example_dags/tutorial_taskflow_api.py took 0.074 seconds
[2025-10-14T14:47:50.836+0000] {processor.py:161} INFO - Started process (PID=120) to work on /home/airflow/.local/lib/python3.8/site-packages/airflow/example_dags/tutorial_taskflow_api.py
[2025-10-14T14:47:50.838+0000] {processor.py:830} INFO - Processing file /home/airflow/.local/lib/python3.8/site-packages/airflow/example_dags/tutorial_taskflow_api.py for tasks to queue
[2025-10-14T14:47:50.840+0000] {logging_mixin.py:188} INFO - [2025-10-14T14:47:50.839+0000] {dagbag.py:540} INFO - Filling up the DagBag from /home/airflow/.local/lib/python3.8/site-packages/airflow/example_dags/tutorial_taskflow_api.py
[2025-10-14T14:47:50.849+0000] {processor.py:840} INFO - DAG(s) 'tutorial_taskflow_api' retrieved from /home/airflow/.local/lib/python3.8/site-packages/airflow/example_dags/tutorial_taskflow_api.py
[2025-10-14T14:47:50.940+0000] {logging_mixin.py:188} INFO - [2025-10-14T14:47:50.940+0000] {dag.py:3047} INFO - Sync 1 DAGs
[2025-10-14T14:47:50.950+0000] {logging_mixin.py:188} INFO - [2025-10-14T14:47:50.950+0000] {dag.py:3834} INFO - Setting next_dagrun for tutorial_taskflow_api to None, run_after=None
[2025-10-14T14:47:50.972+0000] {processor.py:183} INFO - Processing /home/airflow/.local/lib/python3.8/site-packages/airflow/example_dags/tutorial_taskflow_api.py took 0.139 seconds
[2025-10-14T14:48:21.600+0000] {processor.py:161} INFO - Started process (PID=179) to work on /home/airflow/.local/lib/python3.8/site-packages/airflow/example_dags/tutorial_taskflow_api.py
[2025-10-14T14:48:21.601+0000] {processor.py:830} INFO - Processing file /home/airflow/.local/lib/python3.8/site-packages/airflow/example_dags/tutorial_taskflow_api.py for tasks to queue
[2025-10-14T14:48:21.602+0000] {logging_mixin.py:188} INFO - [2025-10-14T14:48:21.602+0000] {dagbag.py:540} INFO - Filling up the DagBag from /home/airflow/.local/lib/python3.8/site-packages/airflow/example_dags/tutorial_taskflow_api.py
[2025-10-14T14:48:21.608+0000] {processor.py:840} INFO - DAG(s) 'tutorial_taskflow_api' retrieved from /home/airflow/.local/lib/python3.8/site-packages/airflow/example_dags/tutorial_taskflow_api.py
[2025-10-14T14:48:21.626+0000] {logging_mixin.py:188} INFO - [2025-10-14T14:48:21.626+0000] {dag.py:3047} INFO - Sync 1 DAGs
[2025-10-14T14:48:21.639+0000] {logging_mixin.py:188} INFO - [2025-10-14T14:48:21.638+0000] {dag.py:3834} INFO - Setting next_dagrun for tutorial_taskflow_api to None, run_after=None
[2025-10-14T14:48:21.658+0000] {processor.py:183} INFO - Processing /home/airflow/.local/lib/python3.8/site-packages/airflow/example_dags/tutorial_taskflow_api.py took 0.061 seconds
[2025-10-14T14:48:52.007+0000] {processor.py:161} INFO - Started process (PID=237) to work on /home/airflow/.local/lib/python3.8/site-packages/airflow/example_dags/tutorial_taskflow_api.py
[2025-10-14T14:48:52.008+0000] {processor.py:830} INFO - Processing file /home/airflow/.local/lib/python3.8/site-packages/airflow/example_dags/tutorial_taskflow_api.py for tasks to queue
[2025-10-14T14:48:52.010+0000] {logging_mixin.py:188} INFO - [2025-10-14T14:48:52.010+0000] {dagbag.py:540} INFO - Filling up the DagBag from /home/airflow/.local/lib/python3.8/site-packages/airflow/example_dags/tutorial_taskflow_api.py
[2025-10-14T14:48:52.016+0000] {processor.py:840} INFO - DAG(s) 'tutorial_taskflow_api' retrieved from /home/airflow/.local/lib/python3.8/site-packages/airflow/example_dags/tutorial_taskflow_api.py
[2025-10-14T14:48:52.032+0000] {logging_mixin.py:188} INFO - [2025-10-14T14:48:52.032+0000] {dag.py:3047} INFO - Sync 1 DAGs
[2025-10-14T14:48:52.044+0000] {logging_mixin.py:188} INFO - [2025-10-14T14:48:52.044+0000] {dag.py:3834} INFO - Setting next_dagrun for tutorial_taskflow_api to None, run_after=None
[2025-10-14T14:48:52.060+0000] {processor.py:183} INFO - Processing /home/airflow/.local/lib/python3.8/site-packages/airflow/example_dags/tutorial_taskflow_api.py took 0.056 seconds
[2025-10-14T14:49:22.286+0000] {processor.py:161} INFO - Started process (PID=296) to work on /home/airflow/.local/lib/python3.8/site-packages/airflow/example_dags/tutorial_taskflow_api.py
[2025-10-14T14:49:22.287+0000] {processor.py:830} INFO - Processing file /home/airflow/.local/lib/python3.8/site-packages/airflow/example_dags/tutorial_taskflow_api.py for tasks to queue
[2025-10-14T14:49:22.289+0000] {logging_mixin.py:188} INFO - [2025-10-14T14:49:22.289+0000] {dagbag.py:540} INFO - Filling up the DagBag from /home/airflow/.local/lib/python3.8/site-packages/airflow/example_dags/tutorial_taskflow_api.py
[2025-10-14T14:49:22.295+0000] {processor.py:840} INFO - DAG(s) 'tutorial_taskflow_api' retrieved from /home/airflow/.local/lib/python3.8/site-packages/airflow/example_dags/tutorial_taskflow_api.py
[2025-10-14T14:49:22.311+0000] {logging_mixin.py:188} INFO - [2025-10-14T14:49:22.311+0000] {dag.py:3047} INFO - Sync 1 DAGs
[2025-10-14T14:49:22.322+0000] {logging_mixin.py:188} INFO - [2025-10-14T14:49:22.322+0000] {dag.py:3834} INFO - Setting next_dagrun for tutorial_taskflow_api to None, run_after=None
[2025-10-14T14:49:22.337+0000] {processor.py:183} INFO - Processing /home/airflow/.local/lib/python3.8/site-packages/airflow/example_dags/tutorial_taskflow_api.py took 0.053 seconds
[2025-10-14T14:49:52.545+0000] {processor.py:161} INFO - Started process (PID=355) to work on /home/airflow/.local/lib/python3.8/site-packages/airflow/example_dags/tutorial_taskflow_api.py
[2025-10-14T14:49:52.546+0000] {processor.py:830} INFO - Processing file /home/airflow/.local/lib/python3.8/site-packages/airflow/example_dags/tutorial_taskflow_api.py for tasks to queue
[2025-10-14T14:49:52.548+0000] {logging_mixin.py:188} INFO - [2025-10-14T14:49:52.547+0000] {dagbag.py:540} INFO - Filling up the DagBag from /home/airflow/.local/lib/python3.8/site-packages/airflow/example_dags/tutorial_taskflow_api.py
[2025-10-14T14:49:52.554+0000] {processor.py:840} INFO - DAG(s) 'tutorial_taskflow_api' retrieved from /home/airflow/.local/lib/python3.8/site-packages/airflow/example_dags/tutorial_taskflow_api.py
[2025-10-14T14:49:52.572+0000] {logging_mixin.py:188} INFO - [2025-10-14T14:49:52.571+0000] {dag.py:3047} INFO - Sync 1 DAGs
[2025-10-14T14:49:52.583+0000] {logging_mixin.py:188} INFO - [2025-10-14T14:49:52.583+0000] {dag.py:3834} INFO - Setting next_dagrun for tutorial_taskflow_api to None, run_after=None
[2025-10-14T14:49:52.601+0000] {processor.py:183} INFO - Processing /home/airflow/.local/lib/python3.8/site-packages/airflow/example_dags/tutorial_taskflow_api.py took 0.059 seconds
[2025-10-14T14:50:22.721+0000] {processor.py:161} INFO - Started process (PID=414) to work on /home/airflow/.local/lib/python3.8/site-packages/airflow/example_dags/tutorial_taskflow_api.py
[2025-10-14T14:50:22.722+0000] {processor.py:830} INFO - Processing file /home/airflow/.local/lib/python3.8/site-packages/airflow/example_dags/tutorial_taskflow_api.py for tasks to queue
[2025-10-14T14:50:22.724+0000] {logging_mixin.py:188} INFO - [2025-10-14T14:50:22.724+0000] {dagbag.py:540} INFO - Filling up the DagBag from /home/airflow/.local/lib/python3.8/site-packages/airflow/example_dags/tutorial_taskflow_api.py
[2025-10-14T14:50:22.731+0000] {processor.py:840} INFO - DAG(s) 'tutorial_taskflow_api' retrieved from /home/airflow/.local/lib/python3.8/site-packages/airflow/example_dags/tutorial_taskflow_api.py
[2025-10-14T14:50:22.750+0000] {logging_mixin.py:188} INFO - [2025-10-14T14:50:22.750+0000] {dag.py:3047} INFO - Sync 1 DAGs
[2025-10-14T14:50:22.762+0000] {logging_mixin.py:188} INFO - [2025-10-14T14:50:22.762+0000] {dag.py:3834} INFO - Setting next_dagrun for tutorial_taskflow_api to None, run_after=None
[2025-10-14T14:50:22.777+0000] {processor.py:183} INFO - Processing /home/airflow/.local/lib/python3.8/site-packages/airflow/example_dags/tutorial_taskflow_api.py took 0.060 seconds
[2025-10-14T14:50:52.872+0000] {processor.py:161} INFO - Started process (PID=473) to work on /home/airflow/.local/lib/python3.8/site-packages/airflow/example_dags/tutorial_taskflow_api.py
[2025-10-14T14:50:52.873+0000] {processor.py:830} INFO - Processing file /home/airflow/.local/lib/python3.8/site-packages/airflow/example_dags/tutorial_taskflow_api.py for tasks to queue
[2025-10-14T14:50:52.874+0000] {logging_mixin.py:188} INFO - [2025-10-14T14:50:52.874+0000] {dagbag.py:540} INFO - Filling up the DagBag from /home/airflow/.local/lib/python3.8/site-packages/airflow/example_dags/tutorial_taskflow_api.py
[2025-10-14T14:50:52.880+0000] {processor.py:840} INFO - DAG(s) 'tutorial_taskflow_api' retrieved from /home/airflow/.local/lib/python3.8/site-packages/airflow/example_dags/tutorial_taskflow_api.py
[2025-10-14T14:50:52.898+0000] {logging_mixin.py:188} INFO - [2025-10-14T14:50:52.898+0000] {dag.py:3047} INFO - Sync 1 DAGs
[2025-10-14T14:50:52.909+0000] {logging_mixin.py:188} INFO - [2025-10-14T14:50:52.909+0000] {dag.py:3834} INFO - Setting next_dagrun for tutorial_taskflow_api to None, run_after=None
[2025-10-14T14:50:52.929+0000] {processor.py:183} INFO - Processing /home/airflow/.local/lib/python3.8/site-packages/airflow/example_dags/tutorial_taskflow_api.py took 0.061 seconds
[2025-10-14T14:51:24.072+0000] {processor.py:161} INFO - Started process (PID=533) to work on /home/airflow/.local/lib/python3.8/site-packages/airflow/example_dags/tutorial_taskflow_api.py
[2025-10-14T14:51:24.073+0000] {processor.py:830} INFO - Processing file /home/airflow/.local/lib/python3.8/site-packages/airflow/example_dags/tutorial_taskflow_api.py for tasks to queue
[2025-10-14T14:51:24.074+0000] {logging_mixin.py:188} INFO - [2025-10-14T14:51:24.074+0000] {dagbag.py:540} INFO - Filling up the DagBag from /home/airflow/.local/lib/python3.8/site-packages/airflow/example_dags/tutorial_taskflow_api.py
[2025-10-14T14:51:24.080+0000] {processor.py:840} INFO - DAG(s) 'tutorial_taskflow_api' retrieved from /home/airflow/.local/lib/python3.8/site-packages/airflow/example_dags/tutorial_taskflow_api.py
[2025-10-14T14:51:24.097+0000] {logging_mixin.py:188} INFO - [2025-10-14T14:51:24.097+0000] {dag.py:3047} INFO - Sync 1 DAGs
[2025-10-14T14:51:24.108+0000] {logging_mixin.py:188} INFO - [2025-10-14T14:51:24.108+0000] {dag.py:3834} INFO - Setting next_dagrun for tutorial_taskflow_api to None, run_after=None
[2025-10-14T14:51:24.124+0000] {processor.py:183} INFO - Processing /home/airflow/.local/lib/python3.8/site-packages/airflow/example_dags/tutorial_taskflow_api.py took 0.055 seconds
[2025-10-14T14:51:54.292+0000] {processor.py:161} INFO - Started process (PID=592) to work on /home/airflow/.local/lib/python3.8/site-packages/airflow/example_dags/tutorial_taskflow_api.py
[2025-10-14T14:51:54.293+0000] {processor.py:830} INFO - Processing file /home/airflow/.local/lib/python3.8/site-packages/airflow/example_dags/tutorial_taskflow_api.py for tasks to queue
[2025-10-14T14:51:54.295+0000] {logging_mixin.py:188} INFO - [2025-10-14T14:51:54.294+0000] {dagbag.py:540} INFO - Filling up the DagBag from /home/airflow/.local/lib/python3.8/site-packages/airflow/example_dags/tutorial_taskflow_api.py
[2025-10-14T14:51:54.301+0000] {processor.py:840} INFO - DAG(s) 'tutorial_taskflow_api' retrieved from /home/airflow/.local/lib/python3.8/site-packages/airflow/example_dags/tutorial_taskflow_api.py
[2025-10-14T14:51:54.319+0000] {logging_mixin.py:188} INFO - [2025-10-14T14:51:54.319+0000] {dag.py:3047} INFO - Sync 1 DAGs
[2025-10-14T14:51:54.331+0000] {logging_mixin.py:188} INFO - [2025-10-14T14:51:54.331+0000] {dag.py:3834} INFO - Setting next_dagrun for tutorial_taskflow_api to None, run_after=None
[2025-10-14T14:51:54.348+0000] {processor.py:183} INFO - Processing /home/airflow/.local/lib/python3.8/site-packages/airflow/example_dags/tutorial_taskflow_api.py took 0.059 seconds
[2025-10-14T14:52:25.518+0000] {processor.py:161} INFO - Started process (PID=652) to work on /home/airflow/.local/lib/python3.8/site-packages/airflow/example_dags/tutorial_taskflow_api.py
[2025-10-14T14:52:25.519+0000] {processor.py:830} INFO - Processing file /home/airflow/.local/lib/python3.8/site-packages/airflow/example_dags/tutorial_taskflow_api.py for tasks to queue
[2025-10-14T14:52:25.521+0000] {logging_mixin.py:188} INFO - [2025-10-14T14:52:25.520+0000] {dagbag.py:540} INFO - Filling up the DagBag from /home/airflow/.local/lib/python3.8/site-packages/airflow/example_dags/tutorial_taskflow_api.py
[2025-10-14T14:52:25.526+0000] {processor.py:840} INFO - DAG(s) 'tutorial_taskflow_api' retrieved from /home/airflow/.local/lib/python3.8/site-packages/airflow/example_dags/tutorial_taskflow_api.py
[2025-10-14T14:52:25.545+0000] {logging_mixin.py:188} INFO - [2025-10-14T14:52:25.545+0000] {dag.py:3047} INFO - Sync 1 DAGs
[2025-10-14T14:52:25.556+0000] {logging_mixin.py:188} INFO - [2025-10-14T14:52:25.556+0000] {dag.py:3834} INFO - Setting next_dagrun for tutorial_taskflow_api to None, run_after=None
[2025-10-14T14:52:25.572+0000] {processor.py:183} INFO - Processing /home/airflow/.local/lib/python3.8/site-packages/airflow/example_dags/tutorial_taskflow_api.py took 0.057 seconds
[2025-10-14T14:52:56.441+0000] {processor.py:161} INFO - Started process (PID=711) to work on /home/airflow/.local/lib/python3.8/site-packages/airflow/example_dags/tutorial_taskflow_api.py
[2025-10-14T14:52:56.442+0000] {processor.py:830} INFO - Processing file /home/airflow/.local/lib/python3.8/site-packages/airflow/example_dags/tutorial_taskflow_api.py for tasks to queue
[2025-10-14T14:52:56.444+0000] {logging_mixin.py:188} INFO - [2025-10-14T14:52:56.443+0000] {dagbag.py:540} INFO - Filling up the DagBag from /home/airflow/.local/lib/python3.8/site-packages/airflow/example_dags/tutorial_taskflow_api.py
[2025-10-14T14:52:56.449+0000] {processor.py:840} INFO - DAG(s) 'tutorial_taskflow_api' retrieved from /home/airflow/.local/lib/python3.8/site-packages/airflow/example_dags/tutorial_taskflow_api.py
[2025-10-14T14:52:56.466+0000] {logging_mixin.py:188} INFO - [2025-10-14T14:52:56.466+0000] {dag.py:3047} INFO - Sync 1 DAGs
[2025-10-14T14:52:56.478+0000] {logging_mixin.py:188} INFO - [2025-10-14T14:52:56.477+0000] {dag.py:3834} INFO - Setting next_dagrun for tutorial_taskflow_api to None, run_after=None
[2025-10-14T14:52:56.494+0000] {processor.py:183} INFO - Processing /home/airflow/.local/lib/python3.8/site-packages/airflow/example_dags/tutorial_taskflow_api.py took 0.056 seconds
[2025-10-14T14:53:26.617+0000] {processor.py:161} INFO - Started process (PID=769) to work on /home/airflow/.local/lib/python3.8/site-packages/airflow/example_dags/tutorial_taskflow_api.py
[2025-10-14T14:53:26.618+0000] {processor.py:830} INFO - Processing file /home/airflow/.local/lib/python3.8/site-packages/airflow/example_dags/tutorial_taskflow_api.py for tasks to queue
[2025-10-14T14:53:26.620+0000] {logging_mixin.py:188} INFO - [2025-10-14T14:53:26.619+0000] {dagbag.py:540} INFO - Filling up the DagBag from /home/airflow/.local/lib/python3.8/site-packages/airflow/example_dags/tutorial_taskflow_api.py
[2025-10-14T14:53:26.625+0000] {processor.py:840} INFO - DAG(s) 'tutorial_taskflow_api' retrieved from /home/airflow/.local/lib/python3.8/site-packages/airflow/example_dags/tutorial_taskflow_api.py
[2025-10-14T14:53:26.643+0000] {logging_mixin.py:188} INFO - [2025-10-14T14:53:26.643+0000] {dag.py:3047} INFO - Sync 1 DAGs
[2025-10-14T14:53:26.654+0000] {logging_mixin.py:188} INFO - [2025-10-14T14:53:26.653+0000] {dag.py:3834} INFO - Setting next_dagrun for tutorial_taskflow_api to None, run_after=None
[2025-10-14T14:53:26.671+0000] {processor.py:183} INFO - Processing /home/airflow/.local/lib/python3.8/site-packages/airflow/example_dags/tutorial_taskflow_api.py took 0.057 seconds
[2025-10-14T14:53:56.777+0000] {processor.py:161} INFO - Started process (PID=826) to work on /home/airflow/.local/lib/python3.8/site-packages/airflow/example_dags/tutorial_taskflow_api.py
[2025-10-14T14:53:56.778+0000] {processor.py:830} INFO - Processing file /home/airflow/.local/lib/python3.8/site-packages/airflow/example_dags/tutorial_taskflow_api.py for tasks to queue
[2025-10-14T14:53:56.780+0000] {logging_mixin.py:188} INFO - [2025-10-14T14:53:56.779+0000] {dagbag.py:540} INFO - Filling up the DagBag from /home/airflow/.local/lib/python3.8/site-packages/airflow/example_dags/tutorial_taskflow_api.py
[2025-10-14T14:53:56.785+0000] {processor.py:840} INFO - DAG(s) 'tutorial_taskflow_api' retrieved from /home/airflow/.local/lib/python3.8/site-packages/airflow/example_dags/tutorial_taskflow_api.py
[2025-10-14T14:53:56.803+0000] {logging_mixin.py:188} INFO - [2025-10-14T14:53:56.803+0000] {dag.py:3047} INFO - Sync 1 DAGs
[2025-10-14T14:53:56.814+0000] {logging_mixin.py:188} INFO - [2025-10-14T14:53:56.814+0000] {dag.py:3834} INFO - Setting next_dagrun for tutorial_taskflow_api to None, run_after=None
[2025-10-14T14:53:56.830+0000] {processor.py:183} INFO - Processing /home/airflow/.local/lib/python3.8/site-packages/airflow/example_dags/tutorial_taskflow_api.py took 0.057 seconds
[2025-10-14T14:54:26.891+0000] {processor.py:161} INFO - Started process (PID=885) to work on /home/airflow/.local/lib/python3.8/site-packages/airflow/example_dags/tutorial_taskflow_api.py
[2025-10-14T14:54:26.892+0000] {processor.py:830} INFO - Processing file /home/airflow/.local/lib/python3.8/site-packages/airflow/example_dags/tutorial_taskflow_api.py for tasks to queue
[2025-10-14T14:54:26.894+0000] {logging_mixin.py:188} INFO - [2025-10-14T14:54:26.893+0000] {dagbag.py:540} INFO - Filling up the DagBag from /home/airflow/.local/lib/python3.8/site-packages/airflow/example_dags/tutorial_taskflow_api.py
[2025-10-14T14:54:26.899+0000] {processor.py:840} INFO - DAG(s) 'tutorial_taskflow_api' retrieved from /home/airflow/.local/lib/python3.8/site-packages/airflow/example_dags/tutorial_taskflow_api.py
[2025-10-14T14:54:26.917+0000] {logging_mixin.py:188} INFO - [2025-10-14T14:54:26.917+0000] {dag.py:3047} INFO - Sync 1 DAGs
[2025-10-14T14:54:26.928+0000] {logging_mixin.py:188} INFO - [2025-10-14T14:54:26.928+0000] {dag.py:3834} INFO - Setting next_dagrun for tutorial_taskflow_api to None, run_after=None
[2025-10-14T14:54:26.944+0000] {processor.py:183} INFO - Processing /home/airflow/.local/lib/python3.8/site-packages/airflow/example_dags/tutorial_taskflow_api.py took 0.057 seconds
[2025-10-14T14:54:57.004+0000] {processor.py:161} INFO - Started process (PID=944) to work on /home/airflow/.local/lib/python3.8/site-packages/airflow/example_dags/tutorial_taskflow_api.py
[2025-10-14T14:54:57.006+0000] {processor.py:830} INFO - Processing file /home/airflow/.local/lib/python3.8/site-packages/airflow/example_dags/tutorial_taskflow_api.py for tasks to queue
[2025-10-14T14:54:57.016+0000] {logging_mixin.py:188} INFO - [2025-10-14T14:54:57.016+0000] {dagbag.py:540} INFO - Filling up the DagBag from /home/airflow/.local/lib/python3.8/site-packages/airflow/example_dags/tutorial_taskflow_api.py
[2025-10-14T14:54:57.023+0000] {processor.py:840} INFO - DAG(s) 'tutorial_taskflow_api' retrieved from /home/airflow/.local/lib/python3.8/site-packages/airflow/example_dags/tutorial_taskflow_api.py
[2025-10-14T14:54:57.045+0000] {logging_mixin.py:188} INFO - [2025-10-14T14:54:57.045+0000] {dag.py:3047} INFO - Sync 1 DAGs
[2025-10-14T14:54:57.060+0000] {logging_mixin.py:188} INFO - [2025-10-14T14:54:57.060+0000] {dag.py:3834} INFO - Setting next_dagrun for tutorial_taskflow_api to None, run_after=None
[2025-10-14T14:54:57.090+0000] {processor.py:183} INFO - Processing /home/airflow/.local/lib/python3.8/site-packages/airflow/example_dags/tutorial_taskflow_api.py took 0.090 seconds
[2025-10-14T14:55:27.327+0000] {processor.py:161} INFO - Started process (PID=1003) to work on /home/airflow/.local/lib/python3.8/site-packages/airflow/example_dags/tutorial_taskflow_api.py
[2025-10-14T14:55:27.328+0000] {processor.py:830} INFO - Processing file /home/airflow/.local/lib/python3.8/site-packages/airflow/example_dags/tutorial_taskflow_api.py for tasks to queue
[2025-10-14T14:55:27.330+0000] {logging_mixin.py:188} INFO - [2025-10-14T14:55:27.330+0000] {dagbag.py:540} INFO - Filling up the DagBag from /home/airflow/.local/lib/python3.8/site-packages/airflow/example_dags/tutorial_taskflow_api.py
[2025-10-14T14:55:27.336+0000] {processor.py:840} INFO - DAG(s) 'tutorial_taskflow_api' retrieved from /home/airflow/.local/lib/python3.8/site-packages/airflow/example_dags/tutorial_taskflow_api.py
[2025-10-14T14:55:27.354+0000] {logging_mixin.py:188} INFO - [2025-10-14T14:55:27.354+0000] {dag.py:3047} INFO - Sync 1 DAGs
[2025-10-14T14:55:27.365+0000] {logging_mixin.py:188} INFO - [2025-10-14T14:55:27.365+0000] {dag.py:3834} INFO - Setting next_dagrun for tutorial_taskflow_api to None, run_after=None
[2025-10-14T14:55:27.386+0000] {processor.py:183} INFO - Processing /home/airflow/.local/lib/python3.8/site-packages/airflow/example_dags/tutorial_taskflow_api.py took 0.062 seconds
