[2025-10-14T14:44:57.992+0000] {processor.py:161} INFO - Started process (PID=104) to work on /home/airflow/.local/lib/python3.8/site-packages/airflow/example_dags/tutorial_dag.py
[2025-10-14T14:44:57.993+0000] {processor.py:830} INFO - Processing file /home/airflow/.local/lib/python3.8/site-packages/airflow/example_dags/tutorial_dag.py for tasks to queue
[2025-10-14T14:44:57.995+0000] {logging_mixin.py:188} INFO - [2025-10-14T14:44:57.995+0000] {dagbag.py:540} INFO - Filling up the DagBag from /home/airflow/.local/lib/python3.8/site-packages/airflow/example_dags/tutorial_dag.py
[2025-10-14T14:44:58.003+0000] {processor.py:840} INFO - DAG(s) 'tutorial_dag' retrieved from /home/airflow/.local/lib/python3.8/site-packages/airflow/example_dags/tutorial_dag.py
[2025-10-14T14:44:58.105+0000] {logging_mixin.py:188} INFO - [2025-10-14T14:44:58.105+0000] {override.py:1769} INFO - Created Permission View: can edit on DAG:tutorial_dag
[2025-10-14T14:44:58.115+0000] {logging_mixin.py:188} INFO - [2025-10-14T14:44:58.115+0000] {override.py:1769} INFO - Created Permission View: can delete on DAG:tutorial_dag
[2025-10-14T14:44:58.121+0000] {logging_mixin.py:188} INFO - [2025-10-14T14:44:58.121+0000] {override.py:1769} INFO - Created Permission View: can read on DAG:tutorial_dag
[2025-10-14T14:44:58.122+0000] {logging_mixin.py:188} INFO - [2025-10-14T14:44:58.122+0000] {dag.py:3047} INFO - Sync 1 DAGs
[2025-10-14T14:44:58.134+0000] {logging_mixin.py:188} INFO - [2025-10-14T14:44:58.133+0000] {dag.py:3069} INFO - Creating ORM DAG for tutorial_dag
[2025-10-14T14:44:58.134+0000] {logging_mixin.py:188} INFO - [2025-10-14T14:44:58.134+0000] {dag.py:3834} INFO - Setting next_dagrun for tutorial_dag to None, run_after=None
[2025-10-14T14:44:58.149+0000] {processor.py:183} INFO - Processing /home/airflow/.local/lib/python3.8/site-packages/airflow/example_dags/tutorial_dag.py took 0.160 seconds
[2025-10-14T14:45:28.192+0000] {processor.py:161} INFO - Started process (PID=162) to work on /home/airflow/.local/lib/python3.8/site-packages/airflow/example_dags/tutorial_dag.py
[2025-10-14T14:45:28.193+0000] {processor.py:830} INFO - Processing file /home/airflow/.local/lib/python3.8/site-packages/airflow/example_dags/tutorial_dag.py for tasks to queue
[2025-10-14T14:45:28.195+0000] {logging_mixin.py:188} INFO - [2025-10-14T14:45:28.195+0000] {dagbag.py:540} INFO - Filling up the DagBag from /home/airflow/.local/lib/python3.8/site-packages/airflow/example_dags/tutorial_dag.py
[2025-10-14T14:45:28.200+0000] {processor.py:840} INFO - DAG(s) 'tutorial_dag' retrieved from /home/airflow/.local/lib/python3.8/site-packages/airflow/example_dags/tutorial_dag.py
[2025-10-14T14:45:28.218+0000] {logging_mixin.py:188} INFO - [2025-10-14T14:45:28.217+0000] {dag.py:3047} INFO - Sync 1 DAGs
[2025-10-14T14:45:28.231+0000] {logging_mixin.py:188} INFO - [2025-10-14T14:45:28.231+0000] {dag.py:3834} INFO - Setting next_dagrun for tutorial_dag to None, run_after=None
[2025-10-14T14:45:28.250+0000] {processor.py:183} INFO - Processing /home/airflow/.local/lib/python3.8/site-packages/airflow/example_dags/tutorial_dag.py took 0.061 seconds
[2025-10-14T14:45:58.681+0000] {processor.py:161} INFO - Started process (PID=221) to work on /home/airflow/.local/lib/python3.8/site-packages/airflow/example_dags/tutorial_dag.py
[2025-10-14T14:45:58.682+0000] {processor.py:830} INFO - Processing file /home/airflow/.local/lib/python3.8/site-packages/airflow/example_dags/tutorial_dag.py for tasks to queue
[2025-10-14T14:45:58.683+0000] {logging_mixin.py:188} INFO - [2025-10-14T14:45:58.683+0000] {dagbag.py:540} INFO - Filling up the DagBag from /home/airflow/.local/lib/python3.8/site-packages/airflow/example_dags/tutorial_dag.py
[2025-10-14T14:45:58.688+0000] {processor.py:840} INFO - DAG(s) 'tutorial_dag' retrieved from /home/airflow/.local/lib/python3.8/site-packages/airflow/example_dags/tutorial_dag.py
[2025-10-14T14:45:58.706+0000] {logging_mixin.py:188} INFO - [2025-10-14T14:45:58.706+0000] {dag.py:3047} INFO - Sync 1 DAGs
[2025-10-14T14:45:58.717+0000] {logging_mixin.py:188} INFO - [2025-10-14T14:45:58.717+0000] {dag.py:3834} INFO - Setting next_dagrun for tutorial_dag to None, run_after=None
[2025-10-14T14:45:58.734+0000] {processor.py:183} INFO - Processing /home/airflow/.local/lib/python3.8/site-packages/airflow/example_dags/tutorial_dag.py took 0.055 seconds
[2025-10-14T14:47:49.787+0000] {processor.py:161} INFO - Started process (PID=103) to work on /home/airflow/.local/lib/python3.8/site-packages/airflow/example_dags/tutorial_dag.py
[2025-10-14T14:47:49.788+0000] {processor.py:830} INFO - Processing file /home/airflow/.local/lib/python3.8/site-packages/airflow/example_dags/tutorial_dag.py for tasks to queue
[2025-10-14T14:47:49.790+0000] {logging_mixin.py:188} INFO - [2025-10-14T14:47:49.790+0000] {dagbag.py:540} INFO - Filling up the DagBag from /home/airflow/.local/lib/python3.8/site-packages/airflow/example_dags/tutorial_dag.py
[2025-10-14T14:47:49.797+0000] {processor.py:840} INFO - DAG(s) 'tutorial_dag' retrieved from /home/airflow/.local/lib/python3.8/site-packages/airflow/example_dags/tutorial_dag.py
[2025-10-14T14:47:49.890+0000] {logging_mixin.py:188} INFO - [2025-10-14T14:47:49.890+0000] {dag.py:3047} INFO - Sync 1 DAGs
[2025-10-14T14:47:49.899+0000] {logging_mixin.py:188} INFO - [2025-10-14T14:47:49.899+0000] {dag.py:3834} INFO - Setting next_dagrun for tutorial_dag to None, run_after=None
[2025-10-14T14:47:49.919+0000] {processor.py:183} INFO - Processing /home/airflow/.local/lib/python3.8/site-packages/airflow/example_dags/tutorial_dag.py took 0.135 seconds
[2025-10-14T14:48:20.123+0000] {processor.py:161} INFO - Started process (PID=162) to work on /home/airflow/.local/lib/python3.8/site-packages/airflow/example_dags/tutorial_dag.py
[2025-10-14T14:48:20.124+0000] {processor.py:830} INFO - Processing file /home/airflow/.local/lib/python3.8/site-packages/airflow/example_dags/tutorial_dag.py for tasks to queue
[2025-10-14T14:48:20.126+0000] {logging_mixin.py:188} INFO - [2025-10-14T14:48:20.125+0000] {dagbag.py:540} INFO - Filling up the DagBag from /home/airflow/.local/lib/python3.8/site-packages/airflow/example_dags/tutorial_dag.py
[2025-10-14T14:48:20.131+0000] {processor.py:840} INFO - DAG(s) 'tutorial_dag' retrieved from /home/airflow/.local/lib/python3.8/site-packages/airflow/example_dags/tutorial_dag.py
[2025-10-14T14:48:20.148+0000] {logging_mixin.py:188} INFO - [2025-10-14T14:48:20.148+0000] {dag.py:3047} INFO - Sync 1 DAGs
[2025-10-14T14:48:20.160+0000] {logging_mixin.py:188} INFO - [2025-10-14T14:48:20.159+0000] {dag.py:3834} INFO - Setting next_dagrun for tutorial_dag to None, run_after=None
[2025-10-14T14:48:20.180+0000] {processor.py:183} INFO - Processing /home/airflow/.local/lib/python3.8/site-packages/airflow/example_dags/tutorial_dag.py took 0.061 seconds
[2025-10-14T14:48:50.416+0000] {processor.py:161} INFO - Started process (PID=221) to work on /home/airflow/.local/lib/python3.8/site-packages/airflow/example_dags/tutorial_dag.py
[2025-10-14T14:48:50.417+0000] {processor.py:830} INFO - Processing file /home/airflow/.local/lib/python3.8/site-packages/airflow/example_dags/tutorial_dag.py for tasks to queue
[2025-10-14T14:48:50.418+0000] {logging_mixin.py:188} INFO - [2025-10-14T14:48:50.418+0000] {dagbag.py:540} INFO - Filling up the DagBag from /home/airflow/.local/lib/python3.8/site-packages/airflow/example_dags/tutorial_dag.py
[2025-10-14T14:48:50.423+0000] {processor.py:840} INFO - DAG(s) 'tutorial_dag' retrieved from /home/airflow/.local/lib/python3.8/site-packages/airflow/example_dags/tutorial_dag.py
[2025-10-14T14:48:50.440+0000] {logging_mixin.py:188} INFO - [2025-10-14T14:48:50.440+0000] {dag.py:3047} INFO - Sync 1 DAGs
[2025-10-14T14:48:50.451+0000] {logging_mixin.py:188} INFO - [2025-10-14T14:48:50.451+0000] {dag.py:3834} INFO - Setting next_dagrun for tutorial_dag to None, run_after=None
[2025-10-14T14:48:50.466+0000] {processor.py:183} INFO - Processing /home/airflow/.local/lib/python3.8/site-packages/airflow/example_dags/tutorial_dag.py took 0.053 seconds
[2025-10-14T14:49:20.732+0000] {processor.py:161} INFO - Started process (PID=286) to work on /home/airflow/.local/lib/python3.8/site-packages/airflow/example_dags/tutorial_dag.py
[2025-10-14T14:49:20.733+0000] {processor.py:830} INFO - Processing file /home/airflow/.local/lib/python3.8/site-packages/airflow/example_dags/tutorial_dag.py for tasks to queue
[2025-10-14T14:49:20.735+0000] {logging_mixin.py:188} INFO - [2025-10-14T14:49:20.735+0000] {dagbag.py:540} INFO - Filling up the DagBag from /home/airflow/.local/lib/python3.8/site-packages/airflow/example_dags/tutorial_dag.py
[2025-10-14T14:49:20.740+0000] {processor.py:840} INFO - DAG(s) 'tutorial_dag' retrieved from /home/airflow/.local/lib/python3.8/site-packages/airflow/example_dags/tutorial_dag.py
[2025-10-14T14:49:20.758+0000] {logging_mixin.py:188} INFO - [2025-10-14T14:49:20.757+0000] {dag.py:3047} INFO - Sync 1 DAGs
[2025-10-14T14:49:20.768+0000] {logging_mixin.py:188} INFO - [2025-10-14T14:49:20.768+0000] {dag.py:3834} INFO - Setting next_dagrun for tutorial_dag to None, run_after=None
[2025-10-14T14:49:20.784+0000] {processor.py:183} INFO - Processing /home/airflow/.local/lib/python3.8/site-packages/airflow/example_dags/tutorial_dag.py took 0.055 seconds
[2025-10-14T14:49:51.828+0000] {processor.py:161} INFO - Started process (PID=345) to work on /home/airflow/.local/lib/python3.8/site-packages/airflow/example_dags/tutorial_dag.py
[2025-10-14T14:49:51.830+0000] {processor.py:830} INFO - Processing file /home/airflow/.local/lib/python3.8/site-packages/airflow/example_dags/tutorial_dag.py for tasks to queue
[2025-10-14T14:49:51.832+0000] {logging_mixin.py:188} INFO - [2025-10-14T14:49:51.832+0000] {dagbag.py:540} INFO - Filling up the DagBag from /home/airflow/.local/lib/python3.8/site-packages/airflow/example_dags/tutorial_dag.py
[2025-10-14T14:49:51.840+0000] {processor.py:840} INFO - DAG(s) 'tutorial_dag' retrieved from /home/airflow/.local/lib/python3.8/site-packages/airflow/example_dags/tutorial_dag.py
[2025-10-14T14:49:51.865+0000] {logging_mixin.py:188} INFO - [2025-10-14T14:49:51.865+0000] {dag.py:3047} INFO - Sync 1 DAGs
[2025-10-14T14:49:51.879+0000] {logging_mixin.py:188} INFO - [2025-10-14T14:49:51.879+0000] {dag.py:3834} INFO - Setting next_dagrun for tutorial_dag to None, run_after=None
[2025-10-14T14:49:51.904+0000] {processor.py:183} INFO - Processing /home/airflow/.local/lib/python3.8/site-packages/airflow/example_dags/tutorial_dag.py took 0.080 seconds
[2025-10-14T14:50:22.138+0000] {processor.py:161} INFO - Started process (PID=404) to work on /home/airflow/.local/lib/python3.8/site-packages/airflow/example_dags/tutorial_dag.py
[2025-10-14T14:50:22.139+0000] {processor.py:830} INFO - Processing file /home/airflow/.local/lib/python3.8/site-packages/airflow/example_dags/tutorial_dag.py for tasks to queue
[2025-10-14T14:50:22.141+0000] {logging_mixin.py:188} INFO - [2025-10-14T14:50:22.141+0000] {dagbag.py:540} INFO - Filling up the DagBag from /home/airflow/.local/lib/python3.8/site-packages/airflow/example_dags/tutorial_dag.py
[2025-10-14T14:50:22.146+0000] {processor.py:840} INFO - DAG(s) 'tutorial_dag' retrieved from /home/airflow/.local/lib/python3.8/site-packages/airflow/example_dags/tutorial_dag.py
[2025-10-14T14:50:22.164+0000] {logging_mixin.py:188} INFO - [2025-10-14T14:50:22.164+0000] {dag.py:3047} INFO - Sync 1 DAGs
[2025-10-14T14:50:22.176+0000] {logging_mixin.py:188} INFO - [2025-10-14T14:50:22.175+0000] {dag.py:3834} INFO - Setting next_dagrun for tutorial_dag to None, run_after=None
[2025-10-14T14:50:22.191+0000] {processor.py:183} INFO - Processing /home/airflow/.local/lib/python3.8/site-packages/airflow/example_dags/tutorial_dag.py took 0.056 seconds
[2025-10-14T14:50:52.350+0000] {processor.py:161} INFO - Started process (PID=463) to work on /home/airflow/.local/lib/python3.8/site-packages/airflow/example_dags/tutorial_dag.py
[2025-10-14T14:50:52.351+0000] {processor.py:830} INFO - Processing file /home/airflow/.local/lib/python3.8/site-packages/airflow/example_dags/tutorial_dag.py for tasks to queue
[2025-10-14T14:50:52.352+0000] {logging_mixin.py:188} INFO - [2025-10-14T14:50:52.352+0000] {dagbag.py:540} INFO - Filling up the DagBag from /home/airflow/.local/lib/python3.8/site-packages/airflow/example_dags/tutorial_dag.py
[2025-10-14T14:50:52.357+0000] {processor.py:840} INFO - DAG(s) 'tutorial_dag' retrieved from /home/airflow/.local/lib/python3.8/site-packages/airflow/example_dags/tutorial_dag.py
[2025-10-14T14:50:52.376+0000] {logging_mixin.py:188} INFO - [2025-10-14T14:50:52.375+0000] {dag.py:3047} INFO - Sync 1 DAGs
[2025-10-14T14:50:52.387+0000] {logging_mixin.py:188} INFO - [2025-10-14T14:50:52.387+0000] {dag.py:3834} INFO - Setting next_dagrun for tutorial_dag to None, run_after=None
[2025-10-14T14:50:52.403+0000] {processor.py:183} INFO - Processing /home/airflow/.local/lib/python3.8/site-packages/airflow/example_dags/tutorial_dag.py took 0.056 seconds
[2025-10-14T14:51:23.427+0000] {processor.py:161} INFO - Started process (PID=523) to work on /home/airflow/.local/lib/python3.8/site-packages/airflow/example_dags/tutorial_dag.py
[2025-10-14T14:51:23.428+0000] {processor.py:830} INFO - Processing file /home/airflow/.local/lib/python3.8/site-packages/airflow/example_dags/tutorial_dag.py for tasks to queue
[2025-10-14T14:51:23.429+0000] {logging_mixin.py:188} INFO - [2025-10-14T14:51:23.429+0000] {dagbag.py:540} INFO - Filling up the DagBag from /home/airflow/.local/lib/python3.8/site-packages/airflow/example_dags/tutorial_dag.py
[2025-10-14T14:51:23.434+0000] {processor.py:840} INFO - DAG(s) 'tutorial_dag' retrieved from /home/airflow/.local/lib/python3.8/site-packages/airflow/example_dags/tutorial_dag.py
[2025-10-14T14:51:23.451+0000] {logging_mixin.py:188} INFO - [2025-10-14T14:51:23.451+0000] {dag.py:3047} INFO - Sync 1 DAGs
[2025-10-14T14:51:23.462+0000] {logging_mixin.py:188} INFO - [2025-10-14T14:51:23.462+0000] {dag.py:3834} INFO - Setting next_dagrun for tutorial_dag to None, run_after=None
[2025-10-14T14:51:23.478+0000] {processor.py:183} INFO - Processing /home/airflow/.local/lib/python3.8/site-packages/airflow/example_dags/tutorial_dag.py took 0.055 seconds
[2025-10-14T14:51:53.550+0000] {processor.py:161} INFO - Started process (PID=580) to work on /home/airflow/.local/lib/python3.8/site-packages/airflow/example_dags/tutorial_dag.py
[2025-10-14T14:51:53.551+0000] {processor.py:830} INFO - Processing file /home/airflow/.local/lib/python3.8/site-packages/airflow/example_dags/tutorial_dag.py for tasks to queue
[2025-10-14T14:51:53.553+0000] {logging_mixin.py:188} INFO - [2025-10-14T14:51:53.553+0000] {dagbag.py:540} INFO - Filling up the DagBag from /home/airflow/.local/lib/python3.8/site-packages/airflow/example_dags/tutorial_dag.py
[2025-10-14T14:51:53.558+0000] {processor.py:840} INFO - DAG(s) 'tutorial_dag' retrieved from /home/airflow/.local/lib/python3.8/site-packages/airflow/example_dags/tutorial_dag.py
[2025-10-14T14:51:53.576+0000] {logging_mixin.py:188} INFO - [2025-10-14T14:51:53.576+0000] {dag.py:3047} INFO - Sync 1 DAGs
[2025-10-14T14:51:53.588+0000] {logging_mixin.py:188} INFO - [2025-10-14T14:51:53.588+0000] {dag.py:3834} INFO - Setting next_dagrun for tutorial_dag to None, run_after=None
[2025-10-14T14:51:53.604+0000] {processor.py:183} INFO - Processing /home/airflow/.local/lib/python3.8/site-packages/airflow/example_dags/tutorial_dag.py took 0.057 seconds
[2025-10-14T14:52:23.758+0000] {processor.py:161} INFO - Started process (PID=639) to work on /home/airflow/.local/lib/python3.8/site-packages/airflow/example_dags/tutorial_dag.py
[2025-10-14T14:52:23.759+0000] {processor.py:830} INFO - Processing file /home/airflow/.local/lib/python3.8/site-packages/airflow/example_dags/tutorial_dag.py for tasks to queue
[2025-10-14T14:52:23.761+0000] {logging_mixin.py:188} INFO - [2025-10-14T14:52:23.760+0000] {dagbag.py:540} INFO - Filling up the DagBag from /home/airflow/.local/lib/python3.8/site-packages/airflow/example_dags/tutorial_dag.py
[2025-10-14T14:52:23.765+0000] {processor.py:840} INFO - DAG(s) 'tutorial_dag' retrieved from /home/airflow/.local/lib/python3.8/site-packages/airflow/example_dags/tutorial_dag.py
[2025-10-14T14:52:23.783+0000] {logging_mixin.py:188} INFO - [2025-10-14T14:52:23.783+0000] {dag.py:3047} INFO - Sync 1 DAGs
[2025-10-14T14:52:23.794+0000] {logging_mixin.py:188} INFO - [2025-10-14T14:52:23.794+0000] {dag.py:3834} INFO - Setting next_dagrun for tutorial_dag to None, run_after=None
[2025-10-14T14:52:23.811+0000] {processor.py:183} INFO - Processing /home/airflow/.local/lib/python3.8/site-packages/airflow/example_dags/tutorial_dag.py took 0.056 seconds
[2025-10-14T14:52:54.686+0000] {processor.py:161} INFO - Started process (PID=698) to work on /home/airflow/.local/lib/python3.8/site-packages/airflow/example_dags/tutorial_dag.py
[2025-10-14T14:52:54.687+0000] {processor.py:830} INFO - Processing file /home/airflow/.local/lib/python3.8/site-packages/airflow/example_dags/tutorial_dag.py for tasks to queue
[2025-10-14T14:52:54.689+0000] {logging_mixin.py:188} INFO - [2025-10-14T14:52:54.689+0000] {dagbag.py:540} INFO - Filling up the DagBag from /home/airflow/.local/lib/python3.8/site-packages/airflow/example_dags/tutorial_dag.py
[2025-10-14T14:52:54.694+0000] {processor.py:840} INFO - DAG(s) 'tutorial_dag' retrieved from /home/airflow/.local/lib/python3.8/site-packages/airflow/example_dags/tutorial_dag.py
[2025-10-14T14:52:54.712+0000] {logging_mixin.py:188} INFO - [2025-10-14T14:52:54.712+0000] {dag.py:3047} INFO - Sync 1 DAGs
[2025-10-14T14:52:54.723+0000] {logging_mixin.py:188} INFO - [2025-10-14T14:52:54.723+0000] {dag.py:3834} INFO - Setting next_dagrun for tutorial_dag to None, run_after=None
[2025-10-14T14:52:54.743+0000] {processor.py:183} INFO - Processing /home/airflow/.local/lib/python3.8/site-packages/airflow/example_dags/tutorial_dag.py took 0.060 seconds
[2025-10-14T14:53:24.853+0000] {processor.py:161} INFO - Started process (PID=757) to work on /home/airflow/.local/lib/python3.8/site-packages/airflow/example_dags/tutorial_dag.py
[2025-10-14T14:53:24.854+0000] {processor.py:830} INFO - Processing file /home/airflow/.local/lib/python3.8/site-packages/airflow/example_dags/tutorial_dag.py for tasks to queue
[2025-10-14T14:53:24.856+0000] {logging_mixin.py:188} INFO - [2025-10-14T14:53:24.856+0000] {dagbag.py:540} INFO - Filling up the DagBag from /home/airflow/.local/lib/python3.8/site-packages/airflow/example_dags/tutorial_dag.py
[2025-10-14T14:53:24.860+0000] {processor.py:840} INFO - DAG(s) 'tutorial_dag' retrieved from /home/airflow/.local/lib/python3.8/site-packages/airflow/example_dags/tutorial_dag.py
[2025-10-14T14:53:24.879+0000] {logging_mixin.py:188} INFO - [2025-10-14T14:53:24.879+0000] {dag.py:3047} INFO - Sync 1 DAGs
[2025-10-14T14:53:24.890+0000] {logging_mixin.py:188} INFO - [2025-10-14T14:53:24.890+0000] {dag.py:3834} INFO - Setting next_dagrun for tutorial_dag to None, run_after=None
[2025-10-14T14:53:24.907+0000] {processor.py:183} INFO - Processing /home/airflow/.local/lib/python3.8/site-packages/airflow/example_dags/tutorial_dag.py took 0.057 seconds
[2025-10-14T14:53:55.118+0000] {processor.py:161} INFO - Started process (PID=816) to work on /home/airflow/.local/lib/python3.8/site-packages/airflow/example_dags/tutorial_dag.py
[2025-10-14T14:53:55.119+0000] {processor.py:830} INFO - Processing file /home/airflow/.local/lib/python3.8/site-packages/airflow/example_dags/tutorial_dag.py for tasks to queue
[2025-10-14T14:53:55.121+0000] {logging_mixin.py:188} INFO - [2025-10-14T14:53:55.120+0000] {dagbag.py:540} INFO - Filling up the DagBag from /home/airflow/.local/lib/python3.8/site-packages/airflow/example_dags/tutorial_dag.py
[2025-10-14T14:53:55.125+0000] {processor.py:840} INFO - DAG(s) 'tutorial_dag' retrieved from /home/airflow/.local/lib/python3.8/site-packages/airflow/example_dags/tutorial_dag.py
[2025-10-14T14:53:55.144+0000] {logging_mixin.py:188} INFO - [2025-10-14T14:53:55.143+0000] {dag.py:3047} INFO - Sync 1 DAGs
[2025-10-14T14:53:55.156+0000] {logging_mixin.py:188} INFO - [2025-10-14T14:53:55.156+0000] {dag.py:3834} INFO - Setting next_dagrun for tutorial_dag to None, run_after=None
[2025-10-14T14:53:55.174+0000] {processor.py:183} INFO - Processing /home/airflow/.local/lib/python3.8/site-packages/airflow/example_dags/tutorial_dag.py took 0.060 seconds
[2025-10-14T14:54:25.324+0000] {processor.py:161} INFO - Started process (PID=875) to work on /home/airflow/.local/lib/python3.8/site-packages/airflow/example_dags/tutorial_dag.py
[2025-10-14T14:54:25.325+0000] {processor.py:830} INFO - Processing file /home/airflow/.local/lib/python3.8/site-packages/airflow/example_dags/tutorial_dag.py for tasks to queue
[2025-10-14T14:54:25.327+0000] {logging_mixin.py:188} INFO - [2025-10-14T14:54:25.327+0000] {dagbag.py:540} INFO - Filling up the DagBag from /home/airflow/.local/lib/python3.8/site-packages/airflow/example_dags/tutorial_dag.py
[2025-10-14T14:54:25.332+0000] {processor.py:840} INFO - DAG(s) 'tutorial_dag' retrieved from /home/airflow/.local/lib/python3.8/site-packages/airflow/example_dags/tutorial_dag.py
[2025-10-14T14:54:25.350+0000] {logging_mixin.py:188} INFO - [2025-10-14T14:54:25.350+0000] {dag.py:3047} INFO - Sync 1 DAGs
[2025-10-14T14:54:25.361+0000] {logging_mixin.py:188} INFO - [2025-10-14T14:54:25.361+0000] {dag.py:3834} INFO - Setting next_dagrun for tutorial_dag to None, run_after=None
[2025-10-14T14:54:25.379+0000] {processor.py:183} INFO - Processing /home/airflow/.local/lib/python3.8/site-packages/airflow/example_dags/tutorial_dag.py took 0.057 seconds
[2025-10-14T14:54:55.459+0000] {processor.py:161} INFO - Started process (PID=934) to work on /home/airflow/.local/lib/python3.8/site-packages/airflow/example_dags/tutorial_dag.py
[2025-10-14T14:54:55.460+0000] {processor.py:830} INFO - Processing file /home/airflow/.local/lib/python3.8/site-packages/airflow/example_dags/tutorial_dag.py for tasks to queue
[2025-10-14T14:54:55.462+0000] {logging_mixin.py:188} INFO - [2025-10-14T14:54:55.462+0000] {dagbag.py:540} INFO - Filling up the DagBag from /home/airflow/.local/lib/python3.8/site-packages/airflow/example_dags/tutorial_dag.py
[2025-10-14T14:54:55.467+0000] {processor.py:840} INFO - DAG(s) 'tutorial_dag' retrieved from /home/airflow/.local/lib/python3.8/site-packages/airflow/example_dags/tutorial_dag.py
[2025-10-14T14:54:55.486+0000] {logging_mixin.py:188} INFO - [2025-10-14T14:54:55.486+0000] {dag.py:3047} INFO - Sync 1 DAGs
[2025-10-14T14:54:55.497+0000] {logging_mixin.py:188} INFO - [2025-10-14T14:54:55.497+0000] {dag.py:3834} INFO - Setting next_dagrun for tutorial_dag to None, run_after=None
[2025-10-14T14:54:55.514+0000] {processor.py:183} INFO - Processing /home/airflow/.local/lib/python3.8/site-packages/airflow/example_dags/tutorial_dag.py took 0.058 seconds
[2025-10-14T14:55:25.794+0000] {processor.py:161} INFO - Started process (PID=993) to work on /home/airflow/.local/lib/python3.8/site-packages/airflow/example_dags/tutorial_dag.py
[2025-10-14T14:55:25.795+0000] {processor.py:830} INFO - Processing file /home/airflow/.local/lib/python3.8/site-packages/airflow/example_dags/tutorial_dag.py for tasks to queue
[2025-10-14T14:55:25.797+0000] {logging_mixin.py:188} INFO - [2025-10-14T14:55:25.797+0000] {dagbag.py:540} INFO - Filling up the DagBag from /home/airflow/.local/lib/python3.8/site-packages/airflow/example_dags/tutorial_dag.py
[2025-10-14T14:55:25.803+0000] {processor.py:840} INFO - DAG(s) 'tutorial_dag' retrieved from /home/airflow/.local/lib/python3.8/site-packages/airflow/example_dags/tutorial_dag.py
[2025-10-14T14:55:25.825+0000] {logging_mixin.py:188} INFO - [2025-10-14T14:55:25.824+0000] {dag.py:3047} INFO - Sync 1 DAGs
[2025-10-14T14:55:25.838+0000] {logging_mixin.py:188} INFO - [2025-10-14T14:55:25.838+0000] {dag.py:3834} INFO - Setting next_dagrun for tutorial_dag to None, run_after=None
[2025-10-14T14:55:25.858+0000] {processor.py:183} INFO - Processing /home/airflow/.local/lib/python3.8/site-packages/airflow/example_dags/tutorial_dag.py took 0.067 seconds
