[2025-10-16T16:10:29.220+0000] {taskinstance.py:1979} INFO - Dependencies all met for dep_context=non-requeueable deps ti=<TaskInstance: pyspark_project_pipeline.cars_create manual__2025-10-16T16:10:11.774171+00:00 [queued]>
[2025-10-16T16:10:29.228+0000] {taskinstance.py:1979} INFO - Dependencies all met for dep_context=requeueable deps ti=<TaskInstance: pyspark_project_pipeline.cars_create manual__2025-10-16T16:10:11.774171+00:00 [queued]>
[2025-10-16T16:10:29.229+0000] {taskinstance.py:2193} INFO - Starting attempt 1 of 1
[2025-10-16T16:10:29.241+0000] {taskinstance.py:2217} INFO - Executing <Task(_PythonDecoratedOperator): cars_create> on 2025-10-16 16:10:11.774171+00:00
[2025-10-16T16:10:29.245+0000] {standard_task_runner.py:60} INFO - Started process 743 to run task
[2025-10-16T16:10:29.248+0000] {standard_task_runner.py:87} INFO - Running: ['***', 'tasks', 'run', 'pyspark_project_pipeline', 'cars_create', 'manual__2025-10-16T16:10:11.774171+00:00', '--job-id', '104', '--raw', '--subdir', 'DAGS_FOLDER/pyspark_project_pipeline.py', '--cfg-path', '/tmp/tmpllmipz76']
[2025-10-16T16:10:29.250+0000] {standard_task_runner.py:88} INFO - Job 104: Subtask cars_create
[2025-10-16T16:10:29.287+0000] {task_command.py:423} INFO - Running <TaskInstance: pyspark_project_pipeline.cars_create manual__2025-10-16T16:10:11.774171+00:00 [running]> on host 370ee0675794
[2025-10-16T16:10:29.352+0000] {taskinstance.py:2513} INFO - Exporting env vars: AIRFLOW_CTX_DAG_OWNER='***' AIRFLOW_CTX_DAG_ID='pyspark_project_pipeline' AIRFLOW_CTX_TASK_ID='cars_create' AIRFLOW_CTX_EXECUTION_DATE='2025-10-16T16:10:11.774171+00:00' AIRFLOW_CTX_TRY_NUMBER='1' AIRFLOW_CTX_DAG_RUN_ID='manual__2025-10-16T16:10:11.774171+00:00'
[2025-10-16T16:10:40.451+0000] {pyspark_project_pipeline.py:50} INFO - STDOUT: :: loading settings :: url = jar:file:/usr/local/lib/python3.10/dist-packages/pyspark/jars/ivy-2.5.1.jar!/org/apache/ivy/core/settings/ivysettings.xml

[2025-10-16T16:10:40.452+0000] {pyspark_project_pipeline.py:51} INFO - STDERR: Ivy Default Cache set to: /root/.ivy2/cache
The jars for the packages stored in: /root/.ivy2/jars
org.apache.hadoop#hadoop-aws added as a dependency
com.amazonaws#aws-java-sdk-bundle added as a dependency
:: resolving dependencies :: org.apache.spark#spark-submit-parent-d2c11824-f49c-46c7-a581-bf3f9aa3be3b;1.0
	confs: [default]
	found org.apache.hadoop#hadoop-aws;3.3.2 in central
	found com.amazonaws#aws-java-sdk-bundle;1.11.1026 in central
	found org.wildfly.openssl#wildfly-openssl;1.0.7.Final in central
:: resolution report :: resolve 157ms :: artifacts dl 5ms
	:: modules in use:
	com.amazonaws#aws-java-sdk-bundle;1.11.1026 from central in [default]
	org.apache.hadoop#hadoop-aws;3.3.2 from central in [default]
	org.wildfly.openssl#wildfly-openssl;1.0.7.Final from central in [default]
	:: evicted modules:
	com.amazonaws#aws-java-sdk-bundle;1.11.901 by [com.amazonaws#aws-java-sdk-bundle;1.11.1026] in [default]
	---------------------------------------------------------------------
	|                  |            modules            ||   artifacts   |
	|       conf       | number| search|dwnlded|evicted|| number|dwnlded|
	---------------------------------------------------------------------
	|      default     |   4   |   0   |   0   |   1   ||   3   |   0   |
	---------------------------------------------------------------------
:: retrieving :: org.apache.spark#spark-submit-parent-d2c11824-f49c-46c7-a581-bf3f9aa3be3b
	confs: [default]
	0 artifacts copied, 3 already retrieved (0kB/4ms)
25/10/16 16:10:31 WARN NativeCodeLoader: Unable to load native-hadoop library for your platform... using builtin-java classes where applicable
Setting default log level to "WARN".
To adjust logging level use sc.setLogLevel(newLevel). For SparkR, use setLogLevel(newLevel).
25/10/16 16:10:35 WARN MetricsConfig: Cannot locate configuration: tried hadoop-metrics2-s3a-file-system.properties,hadoop-metrics2.properties
25/10/16 16:10:36 WARN AbstractS3ACommitterFactory: Using standard FileOutputCommitter to commit work. This is slow and potentially unsafe.
25/10/16 16:10:37 WARN AbstractS3ACommitterFactory: Using standard FileOutputCommitter to commit work. This is slow and potentially unsafe.

[Stage 0:>                                                          (0 + 1) / 1]

                                                                                

[2025-10-16T16:10:40.452+0000] {python.py:202} INFO - Done. Returned value was: None
[2025-10-16T16:10:40.460+0000] {taskinstance.py:1149} INFO - Marking task as SUCCESS. dag_id=pyspark_project_pipeline, task_id=cars_create, execution_date=20251016T161011, start_date=20251016T161029, end_date=20251016T161040
[2025-10-16T16:10:40.479+0000] {local_task_job_runner.py:234} INFO - Task exited with return code 0
[2025-10-16T16:10:40.501+0000] {taskinstance.py:3312} INFO - 1 downstream tasks scheduled from follow-on schedule check
