[2025-10-15T07:41:44.788+0000] {processor.py:161} INFO - Started process (PID=128) to work on /home/airflow/.local/lib/python3.8/site-packages/airflow/example_dags/example_latest_only.py
[2025-10-15T07:41:44.789+0000] {processor.py:830} INFO - Processing file /home/airflow/.local/lib/python3.8/site-packages/airflow/example_dags/example_latest_only.py for tasks to queue
[2025-10-15T07:41:44.791+0000] {logging_mixin.py:188} INFO - [2025-10-15T07:41:44.791+0000] {dagbag.py:540} INFO - Filling up the DagBag from /home/airflow/.local/lib/python3.8/site-packages/airflow/example_dags/example_latest_only.py
[2025-10-15T07:41:44.796+0000] {processor.py:840} INFO - DAG(s) 'latest_only' retrieved from /home/airflow/.local/lib/python3.8/site-packages/airflow/example_dags/example_latest_only.py
[2025-10-15T07:41:44.881+0000] {logging_mixin.py:188} INFO - [2025-10-15T07:41:44.881+0000] {dag.py:3047} INFO - Sync 1 DAGs
[2025-10-15T07:41:44.898+0000] {logging_mixin.py:188} INFO - [2025-10-15T07:41:44.898+0000] {dag.py:3834} INFO - Setting next_dagrun for latest_only to 2025-10-15 00:00:00+00:00, run_after=2025-10-15 04:00:00+00:00
[2025-10-15T07:41:44.918+0000] {processor.py:183} INFO - Processing /home/airflow/.local/lib/python3.8/site-packages/airflow/example_dags/example_latest_only.py took 0.133 seconds
[2025-10-15T07:42:15.125+0000] {processor.py:161} INFO - Started process (PID=189) to work on /home/airflow/.local/lib/python3.8/site-packages/airflow/example_dags/example_latest_only.py
[2025-10-15T07:42:15.131+0000] {processor.py:830} INFO - Processing file /home/airflow/.local/lib/python3.8/site-packages/airflow/example_dags/example_latest_only.py for tasks to queue
[2025-10-15T07:42:15.154+0000] {logging_mixin.py:188} INFO - [2025-10-15T07:42:15.153+0000] {dagbag.py:540} INFO - Filling up the DagBag from /home/airflow/.local/lib/python3.8/site-packages/airflow/example_dags/example_latest_only.py
[2025-10-15T07:42:15.163+0000] {processor.py:840} INFO - DAG(s) 'latest_only' retrieved from /home/airflow/.local/lib/python3.8/site-packages/airflow/example_dags/example_latest_only.py
[2025-10-15T07:42:15.212+0000] {logging_mixin.py:188} INFO - [2025-10-15T07:42:15.212+0000] {dag.py:3047} INFO - Sync 1 DAGs
[2025-10-15T07:42:15.251+0000] {logging_mixin.py:188} INFO - [2025-10-15T07:42:15.251+0000] {dag.py:3834} INFO - Setting next_dagrun for latest_only to 2025-10-15 00:00:00+00:00, run_after=2025-10-15 04:00:00+00:00
[2025-10-15T07:42:15.292+0000] {processor.py:183} INFO - Processing /home/airflow/.local/lib/python3.8/site-packages/airflow/example_dags/example_latest_only.py took 0.172 seconds
[2025-10-15T07:42:45.419+0000] {processor.py:161} INFO - Started process (PID=249) to work on /home/airflow/.local/lib/python3.8/site-packages/airflow/example_dags/example_latest_only.py
[2025-10-15T07:42:45.421+0000] {processor.py:830} INFO - Processing file /home/airflow/.local/lib/python3.8/site-packages/airflow/example_dags/example_latest_only.py for tasks to queue
[2025-10-15T07:42:45.422+0000] {logging_mixin.py:188} INFO - [2025-10-15T07:42:45.422+0000] {dagbag.py:540} INFO - Filling up the DagBag from /home/airflow/.local/lib/python3.8/site-packages/airflow/example_dags/example_latest_only.py
[2025-10-15T07:42:45.427+0000] {processor.py:840} INFO - DAG(s) 'latest_only' retrieved from /home/airflow/.local/lib/python3.8/site-packages/airflow/example_dags/example_latest_only.py
[2025-10-15T07:42:45.446+0000] {logging_mixin.py:188} INFO - [2025-10-15T07:42:45.445+0000] {dag.py:3047} INFO - Sync 1 DAGs
[2025-10-15T07:42:45.464+0000] {logging_mixin.py:188} INFO - [2025-10-15T07:42:45.464+0000] {dag.py:3834} INFO - Setting next_dagrun for latest_only to 2025-10-15 00:00:00+00:00, run_after=2025-10-15 04:00:00+00:00
[2025-10-15T07:42:45.481+0000] {processor.py:183} INFO - Processing /home/airflow/.local/lib/python3.8/site-packages/airflow/example_dags/example_latest_only.py took 0.064 seconds
[2025-10-15T07:43:16.021+0000] {processor.py:161} INFO - Started process (PID=309) to work on /home/airflow/.local/lib/python3.8/site-packages/airflow/example_dags/example_latest_only.py
[2025-10-15T07:43:16.022+0000] {processor.py:830} INFO - Processing file /home/airflow/.local/lib/python3.8/site-packages/airflow/example_dags/example_latest_only.py for tasks to queue
[2025-10-15T07:43:16.025+0000] {logging_mixin.py:188} INFO - [2025-10-15T07:43:16.024+0000] {dagbag.py:540} INFO - Filling up the DagBag from /home/airflow/.local/lib/python3.8/site-packages/airflow/example_dags/example_latest_only.py
[2025-10-15T07:43:16.029+0000] {processor.py:840} INFO - DAG(s) 'latest_only' retrieved from /home/airflow/.local/lib/python3.8/site-packages/airflow/example_dags/example_latest_only.py
[2025-10-15T07:43:16.048+0000] {logging_mixin.py:188} INFO - [2025-10-15T07:43:16.048+0000] {dag.py:3047} INFO - Sync 1 DAGs
[2025-10-15T07:43:16.074+0000] {logging_mixin.py:188} INFO - [2025-10-15T07:43:16.074+0000] {dag.py:3834} INFO - Setting next_dagrun for latest_only to 2025-10-15 00:00:00+00:00, run_after=2025-10-15 04:00:00+00:00
[2025-10-15T07:43:16.132+0000] {processor.py:183} INFO - Processing /home/airflow/.local/lib/python3.8/site-packages/airflow/example_dags/example_latest_only.py took 0.113 seconds
[2025-10-15T07:43:47.052+0000] {processor.py:161} INFO - Started process (PID=369) to work on /home/airflow/.local/lib/python3.8/site-packages/airflow/example_dags/example_latest_only.py
[2025-10-15T07:43:47.054+0000] {processor.py:830} INFO - Processing file /home/airflow/.local/lib/python3.8/site-packages/airflow/example_dags/example_latest_only.py for tasks to queue
[2025-10-15T07:43:47.055+0000] {logging_mixin.py:188} INFO - [2025-10-15T07:43:47.055+0000] {dagbag.py:540} INFO - Filling up the DagBag from /home/airflow/.local/lib/python3.8/site-packages/airflow/example_dags/example_latest_only.py
[2025-10-15T07:43:47.060+0000] {processor.py:840} INFO - DAG(s) 'latest_only' retrieved from /home/airflow/.local/lib/python3.8/site-packages/airflow/example_dags/example_latest_only.py
[2025-10-15T07:43:47.079+0000] {logging_mixin.py:188} INFO - [2025-10-15T07:43:47.078+0000] {dag.py:3047} INFO - Sync 1 DAGs
[2025-10-15T07:43:47.099+0000] {logging_mixin.py:188} INFO - [2025-10-15T07:43:47.099+0000] {dag.py:3834} INFO - Setting next_dagrun for latest_only to 2025-10-15 00:00:00+00:00, run_after=2025-10-15 04:00:00+00:00
[2025-10-15T07:43:47.123+0000] {processor.py:183} INFO - Processing /home/airflow/.local/lib/python3.8/site-packages/airflow/example_dags/example_latest_only.py took 0.073 seconds
[2025-10-15T07:44:17.529+0000] {processor.py:161} INFO - Started process (PID=429) to work on /home/airflow/.local/lib/python3.8/site-packages/airflow/example_dags/example_latest_only.py
[2025-10-15T07:44:17.530+0000] {processor.py:830} INFO - Processing file /home/airflow/.local/lib/python3.8/site-packages/airflow/example_dags/example_latest_only.py for tasks to queue
[2025-10-15T07:44:17.532+0000] {logging_mixin.py:188} INFO - [2025-10-15T07:44:17.531+0000] {dagbag.py:540} INFO - Filling up the DagBag from /home/airflow/.local/lib/python3.8/site-packages/airflow/example_dags/example_latest_only.py
[2025-10-15T07:44:17.535+0000] {processor.py:840} INFO - DAG(s) 'latest_only' retrieved from /home/airflow/.local/lib/python3.8/site-packages/airflow/example_dags/example_latest_only.py
[2025-10-15T07:44:17.552+0000] {logging_mixin.py:188} INFO - [2025-10-15T07:44:17.552+0000] {dag.py:3047} INFO - Sync 1 DAGs
[2025-10-15T07:44:17.570+0000] {logging_mixin.py:188} INFO - [2025-10-15T07:44:17.570+0000] {dag.py:3834} INFO - Setting next_dagrun for latest_only to 2025-10-15 00:00:00+00:00, run_after=2025-10-15 04:00:00+00:00
[2025-10-15T07:44:17.591+0000] {processor.py:183} INFO - Processing /home/airflow/.local/lib/python3.8/site-packages/airflow/example_dags/example_latest_only.py took 0.064 seconds
[2025-10-15T07:44:47.916+0000] {processor.py:161} INFO - Started process (PID=490) to work on /home/airflow/.local/lib/python3.8/site-packages/airflow/example_dags/example_latest_only.py
[2025-10-15T07:44:47.917+0000] {processor.py:830} INFO - Processing file /home/airflow/.local/lib/python3.8/site-packages/airflow/example_dags/example_latest_only.py for tasks to queue
[2025-10-15T07:44:47.918+0000] {logging_mixin.py:188} INFO - [2025-10-15T07:44:47.918+0000] {dagbag.py:540} INFO - Filling up the DagBag from /home/airflow/.local/lib/python3.8/site-packages/airflow/example_dags/example_latest_only.py
[2025-10-15T07:44:47.923+0000] {processor.py:840} INFO - DAG(s) 'latest_only' retrieved from /home/airflow/.local/lib/python3.8/site-packages/airflow/example_dags/example_latest_only.py
[2025-10-15T07:44:47.941+0000] {logging_mixin.py:188} INFO - [2025-10-15T07:44:47.941+0000] {dag.py:3047} INFO - Sync 1 DAGs
[2025-10-15T07:44:47.961+0000] {logging_mixin.py:188} INFO - [2025-10-15T07:44:47.961+0000] {dag.py:3834} INFO - Setting next_dagrun for latest_only to 2025-10-15 00:00:00+00:00, run_after=2025-10-15 04:00:00+00:00
[2025-10-15T07:44:47.979+0000] {processor.py:183} INFO - Processing /home/airflow/.local/lib/python3.8/site-packages/airflow/example_dags/example_latest_only.py took 0.066 seconds
[2025-10-15T07:45:18.096+0000] {processor.py:161} INFO - Started process (PID=550) to work on /home/airflow/.local/lib/python3.8/site-packages/airflow/example_dags/example_latest_only.py
[2025-10-15T07:45:18.097+0000] {processor.py:830} INFO - Processing file /home/airflow/.local/lib/python3.8/site-packages/airflow/example_dags/example_latest_only.py for tasks to queue
[2025-10-15T07:45:18.099+0000] {logging_mixin.py:188} INFO - [2025-10-15T07:45:18.098+0000] {dagbag.py:540} INFO - Filling up the DagBag from /home/airflow/.local/lib/python3.8/site-packages/airflow/example_dags/example_latest_only.py
[2025-10-15T07:45:18.103+0000] {processor.py:840} INFO - DAG(s) 'latest_only' retrieved from /home/airflow/.local/lib/python3.8/site-packages/airflow/example_dags/example_latest_only.py
[2025-10-15T07:45:18.120+0000] {logging_mixin.py:188} INFO - [2025-10-15T07:45:18.120+0000] {dag.py:3047} INFO - Sync 1 DAGs
[2025-10-15T07:45:18.139+0000] {logging_mixin.py:188} INFO - [2025-10-15T07:45:18.138+0000] {dag.py:3834} INFO - Setting next_dagrun for latest_only to 2025-10-15 00:00:00+00:00, run_after=2025-10-15 04:00:00+00:00
[2025-10-15T07:45:18.156+0000] {processor.py:183} INFO - Processing /home/airflow/.local/lib/python3.8/site-packages/airflow/example_dags/example_latest_only.py took 0.062 seconds
[2025-10-15T07:45:48.448+0000] {processor.py:161} INFO - Started process (PID=610) to work on /home/airflow/.local/lib/python3.8/site-packages/airflow/example_dags/example_latest_only.py
[2025-10-15T07:45:48.449+0000] {processor.py:830} INFO - Processing file /home/airflow/.local/lib/python3.8/site-packages/airflow/example_dags/example_latest_only.py for tasks to queue
[2025-10-15T07:45:48.451+0000] {logging_mixin.py:188} INFO - [2025-10-15T07:45:48.451+0000] {dagbag.py:540} INFO - Filling up the DagBag from /home/airflow/.local/lib/python3.8/site-packages/airflow/example_dags/example_latest_only.py
[2025-10-15T07:45:48.456+0000] {processor.py:840} INFO - DAG(s) 'latest_only' retrieved from /home/airflow/.local/lib/python3.8/site-packages/airflow/example_dags/example_latest_only.py
[2025-10-15T07:45:48.474+0000] {logging_mixin.py:188} INFO - [2025-10-15T07:45:48.474+0000] {dag.py:3047} INFO - Sync 1 DAGs
[2025-10-15T07:45:48.494+0000] {logging_mixin.py:188} INFO - [2025-10-15T07:45:48.494+0000] {dag.py:3834} INFO - Setting next_dagrun for latest_only to 2025-10-15 00:00:00+00:00, run_after=2025-10-15 04:00:00+00:00
[2025-10-15T07:45:48.515+0000] {processor.py:183} INFO - Processing /home/airflow/.local/lib/python3.8/site-packages/airflow/example_dags/example_latest_only.py took 0.069 seconds
[2025-10-15T07:46:19.195+0000] {processor.py:161} INFO - Started process (PID=670) to work on /home/airflow/.local/lib/python3.8/site-packages/airflow/example_dags/example_latest_only.py
[2025-10-15T07:46:19.196+0000] {processor.py:830} INFO - Processing file /home/airflow/.local/lib/python3.8/site-packages/airflow/example_dags/example_latest_only.py for tasks to queue
[2025-10-15T07:46:19.197+0000] {logging_mixin.py:188} INFO - [2025-10-15T07:46:19.197+0000] {dagbag.py:540} INFO - Filling up the DagBag from /home/airflow/.local/lib/python3.8/site-packages/airflow/example_dags/example_latest_only.py
[2025-10-15T07:46:19.201+0000] {processor.py:840} INFO - DAG(s) 'latest_only' retrieved from /home/airflow/.local/lib/python3.8/site-packages/airflow/example_dags/example_latest_only.py
[2025-10-15T07:46:19.218+0000] {logging_mixin.py:188} INFO - [2025-10-15T07:46:19.218+0000] {dag.py:3047} INFO - Sync 1 DAGs
[2025-10-15T07:46:19.236+0000] {logging_mixin.py:188} INFO - [2025-10-15T07:46:19.236+0000] {dag.py:3834} INFO - Setting next_dagrun for latest_only to 2025-10-15 00:00:00+00:00, run_after=2025-10-15 04:00:00+00:00
[2025-10-15T07:46:19.253+0000] {processor.py:183} INFO - Processing /home/airflow/.local/lib/python3.8/site-packages/airflow/example_dags/example_latest_only.py took 0.061 seconds
[2025-10-15T07:46:49.894+0000] {processor.py:161} INFO - Started process (PID=730) to work on /home/airflow/.local/lib/python3.8/site-packages/airflow/example_dags/example_latest_only.py
[2025-10-15T07:46:49.895+0000] {processor.py:830} INFO - Processing file /home/airflow/.local/lib/python3.8/site-packages/airflow/example_dags/example_latest_only.py for tasks to queue
[2025-10-15T07:46:49.897+0000] {logging_mixin.py:188} INFO - [2025-10-15T07:46:49.897+0000] {dagbag.py:540} INFO - Filling up the DagBag from /home/airflow/.local/lib/python3.8/site-packages/airflow/example_dags/example_latest_only.py
[2025-10-15T07:46:49.901+0000] {processor.py:840} INFO - DAG(s) 'latest_only' retrieved from /home/airflow/.local/lib/python3.8/site-packages/airflow/example_dags/example_latest_only.py
[2025-10-15T07:46:49.919+0000] {logging_mixin.py:188} INFO - [2025-10-15T07:46:49.918+0000] {dag.py:3047} INFO - Sync 1 DAGs
[2025-10-15T07:46:49.939+0000] {logging_mixin.py:188} INFO - [2025-10-15T07:46:49.939+0000] {dag.py:3834} INFO - Setting next_dagrun for latest_only to 2025-10-15 00:00:00+00:00, run_after=2025-10-15 04:00:00+00:00
[2025-10-15T07:46:49.957+0000] {processor.py:183} INFO - Processing /home/airflow/.local/lib/python3.8/site-packages/airflow/example_dags/example_latest_only.py took 0.066 seconds
[2025-10-15T07:47:20.852+0000] {processor.py:161} INFO - Started process (PID=790) to work on /home/airflow/.local/lib/python3.8/site-packages/airflow/example_dags/example_latest_only.py
[2025-10-15T07:47:20.853+0000] {processor.py:830} INFO - Processing file /home/airflow/.local/lib/python3.8/site-packages/airflow/example_dags/example_latest_only.py for tasks to queue
[2025-10-15T07:47:20.855+0000] {logging_mixin.py:188} INFO - [2025-10-15T07:47:20.854+0000] {dagbag.py:540} INFO - Filling up the DagBag from /home/airflow/.local/lib/python3.8/site-packages/airflow/example_dags/example_latest_only.py
[2025-10-15T07:47:20.859+0000] {processor.py:840} INFO - DAG(s) 'latest_only' retrieved from /home/airflow/.local/lib/python3.8/site-packages/airflow/example_dags/example_latest_only.py
[2025-10-15T07:47:20.875+0000] {logging_mixin.py:188} INFO - [2025-10-15T07:47:20.874+0000] {dag.py:3047} INFO - Sync 1 DAGs
[2025-10-15T07:47:20.893+0000] {logging_mixin.py:188} INFO - [2025-10-15T07:47:20.893+0000] {dag.py:3834} INFO - Setting next_dagrun for latest_only to 2025-10-15 00:00:00+00:00, run_after=2025-10-15 04:00:00+00:00
[2025-10-15T07:47:20.910+0000] {processor.py:183} INFO - Processing /home/airflow/.local/lib/python3.8/site-packages/airflow/example_dags/example_latest_only.py took 0.060 seconds
[2025-10-15T07:47:51.168+0000] {processor.py:161} INFO - Started process (PID=850) to work on /home/airflow/.local/lib/python3.8/site-packages/airflow/example_dags/example_latest_only.py
[2025-10-15T07:47:51.169+0000] {processor.py:830} INFO - Processing file /home/airflow/.local/lib/python3.8/site-packages/airflow/example_dags/example_latest_only.py for tasks to queue
[2025-10-15T07:47:51.171+0000] {logging_mixin.py:188} INFO - [2025-10-15T07:47:51.171+0000] {dagbag.py:540} INFO - Filling up the DagBag from /home/airflow/.local/lib/python3.8/site-packages/airflow/example_dags/example_latest_only.py
[2025-10-15T07:47:51.175+0000] {processor.py:840} INFO - DAG(s) 'latest_only' retrieved from /home/airflow/.local/lib/python3.8/site-packages/airflow/example_dags/example_latest_only.py
[2025-10-15T07:47:51.192+0000] {logging_mixin.py:188} INFO - [2025-10-15T07:47:51.192+0000] {dag.py:3047} INFO - Sync 1 DAGs
[2025-10-15T07:47:51.210+0000] {logging_mixin.py:188} INFO - [2025-10-15T07:47:51.210+0000] {dag.py:3834} INFO - Setting next_dagrun for latest_only to 2025-10-15 00:00:00+00:00, run_after=2025-10-15 04:00:00+00:00
[2025-10-15T07:47:51.227+0000] {processor.py:183} INFO - Processing /home/airflow/.local/lib/python3.8/site-packages/airflow/example_dags/example_latest_only.py took 0.061 seconds
[2025-10-15T07:48:21.366+0000] {processor.py:161} INFO - Started process (PID=910) to work on /home/airflow/.local/lib/python3.8/site-packages/airflow/example_dags/example_latest_only.py
[2025-10-15T07:48:21.367+0000] {processor.py:830} INFO - Processing file /home/airflow/.local/lib/python3.8/site-packages/airflow/example_dags/example_latest_only.py for tasks to queue
[2025-10-15T07:48:21.369+0000] {logging_mixin.py:188} INFO - [2025-10-15T07:48:21.369+0000] {dagbag.py:540} INFO - Filling up the DagBag from /home/airflow/.local/lib/python3.8/site-packages/airflow/example_dags/example_latest_only.py
[2025-10-15T07:48:21.373+0000] {processor.py:840} INFO - DAG(s) 'latest_only' retrieved from /home/airflow/.local/lib/python3.8/site-packages/airflow/example_dags/example_latest_only.py
[2025-10-15T07:48:21.391+0000] {logging_mixin.py:188} INFO - [2025-10-15T07:48:21.390+0000] {dag.py:3047} INFO - Sync 1 DAGs
[2025-10-15T07:48:21.411+0000] {logging_mixin.py:188} INFO - [2025-10-15T07:48:21.410+0000] {dag.py:3834} INFO - Setting next_dagrun for latest_only to 2025-10-15 00:00:00+00:00, run_after=2025-10-15 04:00:00+00:00
[2025-10-15T07:48:21.428+0000] {processor.py:183} INFO - Processing /home/airflow/.local/lib/python3.8/site-packages/airflow/example_dags/example_latest_only.py took 0.065 seconds
[2025-10-15T07:48:51.702+0000] {processor.py:161} INFO - Started process (PID=971) to work on /home/airflow/.local/lib/python3.8/site-packages/airflow/example_dags/example_latest_only.py
[2025-10-15T07:48:51.703+0000] {processor.py:830} INFO - Processing file /home/airflow/.local/lib/python3.8/site-packages/airflow/example_dags/example_latest_only.py for tasks to queue
[2025-10-15T07:48:51.705+0000] {logging_mixin.py:188} INFO - [2025-10-15T07:48:51.704+0000] {dagbag.py:540} INFO - Filling up the DagBag from /home/airflow/.local/lib/python3.8/site-packages/airflow/example_dags/example_latest_only.py
[2025-10-15T07:48:51.709+0000] {processor.py:840} INFO - DAG(s) 'latest_only' retrieved from /home/airflow/.local/lib/python3.8/site-packages/airflow/example_dags/example_latest_only.py
[2025-10-15T07:48:51.726+0000] {logging_mixin.py:188} INFO - [2025-10-15T07:48:51.725+0000] {dag.py:3047} INFO - Sync 1 DAGs
[2025-10-15T07:48:51.744+0000] {logging_mixin.py:188} INFO - [2025-10-15T07:48:51.744+0000] {dag.py:3834} INFO - Setting next_dagrun for latest_only to 2025-10-15 00:00:00+00:00, run_after=2025-10-15 04:00:00+00:00
[2025-10-15T07:48:51.761+0000] {processor.py:183} INFO - Processing /home/airflow/.local/lib/python3.8/site-packages/airflow/example_dags/example_latest_only.py took 0.061 seconds
[2025-10-15T07:49:22.377+0000] {processor.py:161} INFO - Started process (PID=1032) to work on /home/airflow/.local/lib/python3.8/site-packages/airflow/example_dags/example_latest_only.py
[2025-10-15T07:49:22.378+0000] {processor.py:830} INFO - Processing file /home/airflow/.local/lib/python3.8/site-packages/airflow/example_dags/example_latest_only.py for tasks to queue
[2025-10-15T07:49:22.379+0000] {logging_mixin.py:188} INFO - [2025-10-15T07:49:22.379+0000] {dagbag.py:540} INFO - Filling up the DagBag from /home/airflow/.local/lib/python3.8/site-packages/airflow/example_dags/example_latest_only.py
[2025-10-15T07:49:22.384+0000] {processor.py:840} INFO - DAG(s) 'latest_only' retrieved from /home/airflow/.local/lib/python3.8/site-packages/airflow/example_dags/example_latest_only.py
[2025-10-15T07:49:22.401+0000] {logging_mixin.py:188} INFO - [2025-10-15T07:49:22.400+0000] {dag.py:3047} INFO - Sync 1 DAGs
[2025-10-15T07:49:22.420+0000] {logging_mixin.py:188} INFO - [2025-10-15T07:49:22.419+0000] {dag.py:3834} INFO - Setting next_dagrun for latest_only to 2025-10-15 00:00:00+00:00, run_after=2025-10-15 04:00:00+00:00
[2025-10-15T07:49:22.443+0000] {processor.py:183} INFO - Processing /home/airflow/.local/lib/python3.8/site-packages/airflow/example_dags/example_latest_only.py took 0.069 seconds
[2025-10-15T07:49:53.274+0000] {processor.py:161} INFO - Started process (PID=1092) to work on /home/airflow/.local/lib/python3.8/site-packages/airflow/example_dags/example_latest_only.py
[2025-10-15T07:49:53.275+0000] {processor.py:830} INFO - Processing file /home/airflow/.local/lib/python3.8/site-packages/airflow/example_dags/example_latest_only.py for tasks to queue
[2025-10-15T07:49:53.277+0000] {logging_mixin.py:188} INFO - [2025-10-15T07:49:53.277+0000] {dagbag.py:540} INFO - Filling up the DagBag from /home/airflow/.local/lib/python3.8/site-packages/airflow/example_dags/example_latest_only.py
[2025-10-15T07:49:53.284+0000] {processor.py:840} INFO - DAG(s) 'latest_only' retrieved from /home/airflow/.local/lib/python3.8/site-packages/airflow/example_dags/example_latest_only.py
[2025-10-15T07:49:53.306+0000] {logging_mixin.py:188} INFO - [2025-10-15T07:49:53.306+0000] {dag.py:3047} INFO - Sync 1 DAGs
[2025-10-15T07:49:53.328+0000] {logging_mixin.py:188} INFO - [2025-10-15T07:49:53.328+0000] {dag.py:3834} INFO - Setting next_dagrun for latest_only to 2025-10-15 00:00:00+00:00, run_after=2025-10-15 04:00:00+00:00
[2025-10-15T07:49:53.346+0000] {processor.py:183} INFO - Processing /home/airflow/.local/lib/python3.8/site-packages/airflow/example_dags/example_latest_only.py took 0.074 seconds
[2025-10-15T07:50:24.031+0000] {processor.py:161} INFO - Started process (PID=1153) to work on /home/airflow/.local/lib/python3.8/site-packages/airflow/example_dags/example_latest_only.py
[2025-10-15T07:50:24.032+0000] {processor.py:830} INFO - Processing file /home/airflow/.local/lib/python3.8/site-packages/airflow/example_dags/example_latest_only.py for tasks to queue
[2025-10-15T07:50:24.034+0000] {logging_mixin.py:188} INFO - [2025-10-15T07:50:24.033+0000] {dagbag.py:540} INFO - Filling up the DagBag from /home/airflow/.local/lib/python3.8/site-packages/airflow/example_dags/example_latest_only.py
[2025-10-15T07:50:24.037+0000] {processor.py:840} INFO - DAG(s) 'latest_only' retrieved from /home/airflow/.local/lib/python3.8/site-packages/airflow/example_dags/example_latest_only.py
[2025-10-15T07:50:24.054+0000] {logging_mixin.py:188} INFO - [2025-10-15T07:50:24.054+0000] {dag.py:3047} INFO - Sync 1 DAGs
[2025-10-15T07:50:24.075+0000] {logging_mixin.py:188} INFO - [2025-10-15T07:50:24.075+0000] {dag.py:3834} INFO - Setting next_dagrun for latest_only to 2025-10-15 00:00:00+00:00, run_after=2025-10-15 04:00:00+00:00
[2025-10-15T07:50:24.092+0000] {processor.py:183} INFO - Processing /home/airflow/.local/lib/python3.8/site-packages/airflow/example_dags/example_latest_only.py took 0.064 seconds
[2025-10-15T07:50:54.994+0000] {processor.py:161} INFO - Started process (PID=1216) to work on /home/airflow/.local/lib/python3.8/site-packages/airflow/example_dags/example_latest_only.py
[2025-10-15T07:50:54.995+0000] {processor.py:830} INFO - Processing file /home/airflow/.local/lib/python3.8/site-packages/airflow/example_dags/example_latest_only.py for tasks to queue
[2025-10-15T07:50:54.996+0000] {logging_mixin.py:188} INFO - [2025-10-15T07:50:54.996+0000] {dagbag.py:540} INFO - Filling up the DagBag from /home/airflow/.local/lib/python3.8/site-packages/airflow/example_dags/example_latest_only.py
[2025-10-15T07:50:55.001+0000] {processor.py:840} INFO - DAG(s) 'latest_only' retrieved from /home/airflow/.local/lib/python3.8/site-packages/airflow/example_dags/example_latest_only.py
[2025-10-15T07:50:55.017+0000] {logging_mixin.py:188} INFO - [2025-10-15T07:50:55.017+0000] {dag.py:3047} INFO - Sync 1 DAGs
[2025-10-15T07:50:55.037+0000] {logging_mixin.py:188} INFO - [2025-10-15T07:50:55.036+0000] {dag.py:3834} INFO - Setting next_dagrun for latest_only to 2025-10-15 00:00:00+00:00, run_after=2025-10-15 04:00:00+00:00
[2025-10-15T07:50:55.057+0000] {processor.py:183} INFO - Processing /home/airflow/.local/lib/python3.8/site-packages/airflow/example_dags/example_latest_only.py took 0.066 seconds
[2025-10-15T07:51:25.386+0000] {processor.py:161} INFO - Started process (PID=1278) to work on /home/airflow/.local/lib/python3.8/site-packages/airflow/example_dags/example_latest_only.py
[2025-10-15T07:51:25.387+0000] {processor.py:830} INFO - Processing file /home/airflow/.local/lib/python3.8/site-packages/airflow/example_dags/example_latest_only.py for tasks to queue
[2025-10-15T07:51:25.389+0000] {logging_mixin.py:188} INFO - [2025-10-15T07:51:25.388+0000] {dagbag.py:540} INFO - Filling up the DagBag from /home/airflow/.local/lib/python3.8/site-packages/airflow/example_dags/example_latest_only.py
[2025-10-15T07:51:25.393+0000] {processor.py:840} INFO - DAG(s) 'latest_only' retrieved from /home/airflow/.local/lib/python3.8/site-packages/airflow/example_dags/example_latest_only.py
[2025-10-15T07:51:25.410+0000] {logging_mixin.py:188} INFO - [2025-10-15T07:51:25.409+0000] {dag.py:3047} INFO - Sync 1 DAGs
[2025-10-15T07:51:25.428+0000] {logging_mixin.py:188} INFO - [2025-10-15T07:51:25.428+0000] {dag.py:3834} INFO - Setting next_dagrun for latest_only to 2025-10-15 00:00:00+00:00, run_after=2025-10-15 04:00:00+00:00
[2025-10-15T07:51:25.444+0000] {processor.py:183} INFO - Processing /home/airflow/.local/lib/python3.8/site-packages/airflow/example_dags/example_latest_only.py took 0.061 seconds
[2025-10-15T07:51:55.801+0000] {processor.py:161} INFO - Started process (PID=1340) to work on /home/airflow/.local/lib/python3.8/site-packages/airflow/example_dags/example_latest_only.py
[2025-10-15T07:51:55.802+0000] {processor.py:830} INFO - Processing file /home/airflow/.local/lib/python3.8/site-packages/airflow/example_dags/example_latest_only.py for tasks to queue
[2025-10-15T07:51:55.804+0000] {logging_mixin.py:188} INFO - [2025-10-15T07:51:55.803+0000] {dagbag.py:540} INFO - Filling up the DagBag from /home/airflow/.local/lib/python3.8/site-packages/airflow/example_dags/example_latest_only.py
[2025-10-15T07:51:55.808+0000] {processor.py:840} INFO - DAG(s) 'latest_only' retrieved from /home/airflow/.local/lib/python3.8/site-packages/airflow/example_dags/example_latest_only.py
[2025-10-15T07:51:55.826+0000] {logging_mixin.py:188} INFO - [2025-10-15T07:51:55.826+0000] {dag.py:3047} INFO - Sync 1 DAGs
[2025-10-15T07:51:55.846+0000] {logging_mixin.py:188} INFO - [2025-10-15T07:51:55.846+0000] {dag.py:3834} INFO - Setting next_dagrun for latest_only to 2025-10-15 00:00:00+00:00, run_after=2025-10-15 04:00:00+00:00
[2025-10-15T07:51:55.863+0000] {processor.py:183} INFO - Processing /home/airflow/.local/lib/python3.8/site-packages/airflow/example_dags/example_latest_only.py took 0.064 seconds
[2025-10-15T07:52:26.153+0000] {processor.py:161} INFO - Started process (PID=1401) to work on /home/airflow/.local/lib/python3.8/site-packages/airflow/example_dags/example_latest_only.py
[2025-10-15T07:52:26.154+0000] {processor.py:830} INFO - Processing file /home/airflow/.local/lib/python3.8/site-packages/airflow/example_dags/example_latest_only.py for tasks to queue
[2025-10-15T07:52:26.156+0000] {logging_mixin.py:188} INFO - [2025-10-15T07:52:26.156+0000] {dagbag.py:540} INFO - Filling up the DagBag from /home/airflow/.local/lib/python3.8/site-packages/airflow/example_dags/example_latest_only.py
[2025-10-15T07:52:26.161+0000] {processor.py:840} INFO - DAG(s) 'latest_only' retrieved from /home/airflow/.local/lib/python3.8/site-packages/airflow/example_dags/example_latest_only.py
[2025-10-15T07:52:26.178+0000] {logging_mixin.py:188} INFO - [2025-10-15T07:52:26.178+0000] {dag.py:3047} INFO - Sync 1 DAGs
[2025-10-15T07:52:26.198+0000] {logging_mixin.py:188} INFO - [2025-10-15T07:52:26.197+0000] {dag.py:3834} INFO - Setting next_dagrun for latest_only to 2025-10-15 00:00:00+00:00, run_after=2025-10-15 04:00:00+00:00
[2025-10-15T07:52:26.215+0000] {processor.py:183} INFO - Processing /home/airflow/.local/lib/python3.8/site-packages/airflow/example_dags/example_latest_only.py took 0.065 seconds
[2025-10-15T07:52:57.103+0000] {processor.py:161} INFO - Started process (PID=1462) to work on /home/airflow/.local/lib/python3.8/site-packages/airflow/example_dags/example_latest_only.py
[2025-10-15T07:52:57.104+0000] {processor.py:830} INFO - Processing file /home/airflow/.local/lib/python3.8/site-packages/airflow/example_dags/example_latest_only.py for tasks to queue
[2025-10-15T07:52:57.106+0000] {logging_mixin.py:188} INFO - [2025-10-15T07:52:57.105+0000] {dagbag.py:540} INFO - Filling up the DagBag from /home/airflow/.local/lib/python3.8/site-packages/airflow/example_dags/example_latest_only.py
[2025-10-15T07:52:57.110+0000] {processor.py:840} INFO - DAG(s) 'latest_only' retrieved from /home/airflow/.local/lib/python3.8/site-packages/airflow/example_dags/example_latest_only.py
[2025-10-15T07:52:57.127+0000] {logging_mixin.py:188} INFO - [2025-10-15T07:52:57.126+0000] {dag.py:3047} INFO - Sync 1 DAGs
[2025-10-15T07:52:57.145+0000] {logging_mixin.py:188} INFO - [2025-10-15T07:52:57.145+0000] {dag.py:3834} INFO - Setting next_dagrun for latest_only to 2025-10-15 00:00:00+00:00, run_after=2025-10-15 04:00:00+00:00
[2025-10-15T07:52:57.163+0000] {processor.py:183} INFO - Processing /home/airflow/.local/lib/python3.8/site-packages/airflow/example_dags/example_latest_only.py took 0.062 seconds
[2025-10-15T07:53:27.206+0000] {processor.py:161} INFO - Started process (PID=1522) to work on /home/airflow/.local/lib/python3.8/site-packages/airflow/example_dags/example_latest_only.py
[2025-10-15T07:53:27.207+0000] {processor.py:830} INFO - Processing file /home/airflow/.local/lib/python3.8/site-packages/airflow/example_dags/example_latest_only.py for tasks to queue
[2025-10-15T07:53:27.209+0000] {logging_mixin.py:188} INFO - [2025-10-15T07:53:27.209+0000] {dagbag.py:540} INFO - Filling up the DagBag from /home/airflow/.local/lib/python3.8/site-packages/airflow/example_dags/example_latest_only.py
[2025-10-15T07:53:27.213+0000] {processor.py:840} INFO - DAG(s) 'latest_only' retrieved from /home/airflow/.local/lib/python3.8/site-packages/airflow/example_dags/example_latest_only.py
[2025-10-15T07:53:27.230+0000] {logging_mixin.py:188} INFO - [2025-10-15T07:53:27.230+0000] {dag.py:3047} INFO - Sync 1 DAGs
[2025-10-15T07:53:27.249+0000] {logging_mixin.py:188} INFO - [2025-10-15T07:53:27.249+0000] {dag.py:3834} INFO - Setting next_dagrun for latest_only to 2025-10-15 00:00:00+00:00, run_after=2025-10-15 04:00:00+00:00
[2025-10-15T07:53:27.267+0000] {processor.py:183} INFO - Processing /home/airflow/.local/lib/python3.8/site-packages/airflow/example_dags/example_latest_only.py took 0.063 seconds
[2025-10-15T07:53:57.812+0000] {processor.py:161} INFO - Started process (PID=1584) to work on /home/airflow/.local/lib/python3.8/site-packages/airflow/example_dags/example_latest_only.py
[2025-10-15T07:53:57.812+0000] {processor.py:830} INFO - Processing file /home/airflow/.local/lib/python3.8/site-packages/airflow/example_dags/example_latest_only.py for tasks to queue
[2025-10-15T07:53:57.814+0000] {logging_mixin.py:188} INFO - [2025-10-15T07:53:57.814+0000] {dagbag.py:540} INFO - Filling up the DagBag from /home/airflow/.local/lib/python3.8/site-packages/airflow/example_dags/example_latest_only.py
[2025-10-15T07:53:57.819+0000] {processor.py:840} INFO - DAG(s) 'latest_only' retrieved from /home/airflow/.local/lib/python3.8/site-packages/airflow/example_dags/example_latest_only.py
[2025-10-15T07:53:57.835+0000] {logging_mixin.py:188} INFO - [2025-10-15T07:53:57.835+0000] {dag.py:3047} INFO - Sync 1 DAGs
[2025-10-15T07:53:57.855+0000] {logging_mixin.py:188} INFO - [2025-10-15T07:53:57.855+0000] {dag.py:3834} INFO - Setting next_dagrun for latest_only to 2025-10-15 00:00:00+00:00, run_after=2025-10-15 04:00:00+00:00
[2025-10-15T07:53:57.876+0000] {processor.py:183} INFO - Processing /home/airflow/.local/lib/python3.8/site-packages/airflow/example_dags/example_latest_only.py took 0.067 seconds
[2025-10-15T07:54:28.849+0000] {processor.py:161} INFO - Started process (PID=1644) to work on /home/airflow/.local/lib/python3.8/site-packages/airflow/example_dags/example_latest_only.py
[2025-10-15T07:54:28.850+0000] {processor.py:830} INFO - Processing file /home/airflow/.local/lib/python3.8/site-packages/airflow/example_dags/example_latest_only.py for tasks to queue
[2025-10-15T07:54:28.852+0000] {logging_mixin.py:188} INFO - [2025-10-15T07:54:28.851+0000] {dagbag.py:540} INFO - Filling up the DagBag from /home/airflow/.local/lib/python3.8/site-packages/airflow/example_dags/example_latest_only.py
[2025-10-15T07:54:28.856+0000] {processor.py:840} INFO - DAG(s) 'latest_only' retrieved from /home/airflow/.local/lib/python3.8/site-packages/airflow/example_dags/example_latest_only.py
[2025-10-15T07:54:28.874+0000] {logging_mixin.py:188} INFO - [2025-10-15T07:54:28.874+0000] {dag.py:3047} INFO - Sync 1 DAGs
[2025-10-15T07:54:28.894+0000] {logging_mixin.py:188} INFO - [2025-10-15T07:54:28.894+0000] {dag.py:3834} INFO - Setting next_dagrun for latest_only to 2025-10-15 00:00:00+00:00, run_after=2025-10-15 04:00:00+00:00
[2025-10-15T07:54:28.915+0000] {processor.py:183} INFO - Processing /home/airflow/.local/lib/python3.8/site-packages/airflow/example_dags/example_latest_only.py took 0.069 seconds
[2025-10-15T07:54:59.275+0000] {processor.py:161} INFO - Started process (PID=1704) to work on /home/airflow/.local/lib/python3.8/site-packages/airflow/example_dags/example_latest_only.py
[2025-10-15T07:54:59.276+0000] {processor.py:830} INFO - Processing file /home/airflow/.local/lib/python3.8/site-packages/airflow/example_dags/example_latest_only.py for tasks to queue
[2025-10-15T07:54:59.278+0000] {logging_mixin.py:188} INFO - [2025-10-15T07:54:59.277+0000] {dagbag.py:540} INFO - Filling up the DagBag from /home/airflow/.local/lib/python3.8/site-packages/airflow/example_dags/example_latest_only.py
[2025-10-15T07:54:59.282+0000] {processor.py:840} INFO - DAG(s) 'latest_only' retrieved from /home/airflow/.local/lib/python3.8/site-packages/airflow/example_dags/example_latest_only.py
[2025-10-15T07:54:59.298+0000] {logging_mixin.py:188} INFO - [2025-10-15T07:54:59.298+0000] {dag.py:3047} INFO - Sync 1 DAGs
[2025-10-15T07:54:59.319+0000] {logging_mixin.py:188} INFO - [2025-10-15T07:54:59.318+0000] {dag.py:3834} INFO - Setting next_dagrun for latest_only to 2025-10-15 00:00:00+00:00, run_after=2025-10-15 04:00:00+00:00
[2025-10-15T07:54:59.337+0000] {processor.py:183} INFO - Processing /home/airflow/.local/lib/python3.8/site-packages/airflow/example_dags/example_latest_only.py took 0.065 seconds
[2025-10-15T07:55:29.660+0000] {processor.py:161} INFO - Started process (PID=1766) to work on /home/airflow/.local/lib/python3.8/site-packages/airflow/example_dags/example_latest_only.py
[2025-10-15T07:55:29.661+0000] {processor.py:830} INFO - Processing file /home/airflow/.local/lib/python3.8/site-packages/airflow/example_dags/example_latest_only.py for tasks to queue
[2025-10-15T07:55:29.663+0000] {logging_mixin.py:188} INFO - [2025-10-15T07:55:29.663+0000] {dagbag.py:540} INFO - Filling up the DagBag from /home/airflow/.local/lib/python3.8/site-packages/airflow/example_dags/example_latest_only.py
[2025-10-15T07:55:29.667+0000] {processor.py:840} INFO - DAG(s) 'latest_only' retrieved from /home/airflow/.local/lib/python3.8/site-packages/airflow/example_dags/example_latest_only.py
[2025-10-15T07:55:29.684+0000] {logging_mixin.py:188} INFO - [2025-10-15T07:55:29.684+0000] {dag.py:3047} INFO - Sync 1 DAGs
[2025-10-15T07:55:29.704+0000] {logging_mixin.py:188} INFO - [2025-10-15T07:55:29.704+0000] {dag.py:3834} INFO - Setting next_dagrun for latest_only to 2025-10-15 00:00:00+00:00, run_after=2025-10-15 04:00:00+00:00
[2025-10-15T07:55:29.720+0000] {processor.py:183} INFO - Processing /home/airflow/.local/lib/python3.8/site-packages/airflow/example_dags/example_latest_only.py took 0.063 seconds
[2025-10-15T07:56:00.086+0000] {processor.py:161} INFO - Started process (PID=1827) to work on /home/airflow/.local/lib/python3.8/site-packages/airflow/example_dags/example_latest_only.py
[2025-10-15T07:56:00.087+0000] {processor.py:830} INFO - Processing file /home/airflow/.local/lib/python3.8/site-packages/airflow/example_dags/example_latest_only.py for tasks to queue
[2025-10-15T07:56:00.089+0000] {logging_mixin.py:188} INFO - [2025-10-15T07:56:00.088+0000] {dagbag.py:540} INFO - Filling up the DagBag from /home/airflow/.local/lib/python3.8/site-packages/airflow/example_dags/example_latest_only.py
[2025-10-15T07:56:00.093+0000] {processor.py:840} INFO - DAG(s) 'latest_only' retrieved from /home/airflow/.local/lib/python3.8/site-packages/airflow/example_dags/example_latest_only.py
[2025-10-15T07:56:00.109+0000] {logging_mixin.py:188} INFO - [2025-10-15T07:56:00.109+0000] {dag.py:3047} INFO - Sync 1 DAGs
[2025-10-15T07:56:00.129+0000] {logging_mixin.py:188} INFO - [2025-10-15T07:56:00.129+0000] {dag.py:3834} INFO - Setting next_dagrun for latest_only to 2025-10-15 00:00:00+00:00, run_after=2025-10-15 04:00:00+00:00
[2025-10-15T07:56:00.143+0000] {processor.py:183} INFO - Processing /home/airflow/.local/lib/python3.8/site-packages/airflow/example_dags/example_latest_only.py took 0.060 seconds
[2025-10-15T07:56:30.405+0000] {processor.py:161} INFO - Started process (PID=1887) to work on /home/airflow/.local/lib/python3.8/site-packages/airflow/example_dags/example_latest_only.py
[2025-10-15T07:56:30.406+0000] {processor.py:830} INFO - Processing file /home/airflow/.local/lib/python3.8/site-packages/airflow/example_dags/example_latest_only.py for tasks to queue
[2025-10-15T07:56:30.407+0000] {logging_mixin.py:188} INFO - [2025-10-15T07:56:30.407+0000] {dagbag.py:540} INFO - Filling up the DagBag from /home/airflow/.local/lib/python3.8/site-packages/airflow/example_dags/example_latest_only.py
[2025-10-15T07:56:30.411+0000] {processor.py:840} INFO - DAG(s) 'latest_only' retrieved from /home/airflow/.local/lib/python3.8/site-packages/airflow/example_dags/example_latest_only.py
[2025-10-15T07:56:30.427+0000] {logging_mixin.py:188} INFO - [2025-10-15T07:56:30.427+0000] {dag.py:3047} INFO - Sync 1 DAGs
[2025-10-15T07:56:30.446+0000] {logging_mixin.py:188} INFO - [2025-10-15T07:56:30.446+0000] {dag.py:3834} INFO - Setting next_dagrun for latest_only to 2025-10-15 00:00:00+00:00, run_after=2025-10-15 04:00:00+00:00
[2025-10-15T07:56:30.461+0000] {processor.py:183} INFO - Processing /home/airflow/.local/lib/python3.8/site-packages/airflow/example_dags/example_latest_only.py took 0.059 seconds
[2025-10-15T07:57:00.683+0000] {processor.py:161} INFO - Started process (PID=1947) to work on /home/airflow/.local/lib/python3.8/site-packages/airflow/example_dags/example_latest_only.py
[2025-10-15T07:57:00.684+0000] {processor.py:830} INFO - Processing file /home/airflow/.local/lib/python3.8/site-packages/airflow/example_dags/example_latest_only.py for tasks to queue
[2025-10-15T07:57:00.685+0000] {logging_mixin.py:188} INFO - [2025-10-15T07:57:00.685+0000] {dagbag.py:540} INFO - Filling up the DagBag from /home/airflow/.local/lib/python3.8/site-packages/airflow/example_dags/example_latest_only.py
[2025-10-15T07:57:00.689+0000] {processor.py:840} INFO - DAG(s) 'latest_only' retrieved from /home/airflow/.local/lib/python3.8/site-packages/airflow/example_dags/example_latest_only.py
[2025-10-15T07:57:00.705+0000] {logging_mixin.py:188} INFO - [2025-10-15T07:57:00.705+0000] {dag.py:3047} INFO - Sync 1 DAGs
[2025-10-15T07:57:00.723+0000] {logging_mixin.py:188} INFO - [2025-10-15T07:57:00.723+0000] {dag.py:3834} INFO - Setting next_dagrun for latest_only to 2025-10-15 00:00:00+00:00, run_after=2025-10-15 04:00:00+00:00
[2025-10-15T07:57:00.740+0000] {processor.py:183} INFO - Processing /home/airflow/.local/lib/python3.8/site-packages/airflow/example_dags/example_latest_only.py took 0.060 seconds
[2025-10-15T07:57:31.770+0000] {processor.py:161} INFO - Started process (PID=2008) to work on /home/airflow/.local/lib/python3.8/site-packages/airflow/example_dags/example_latest_only.py
[2025-10-15T07:57:31.771+0000] {processor.py:830} INFO - Processing file /home/airflow/.local/lib/python3.8/site-packages/airflow/example_dags/example_latest_only.py for tasks to queue
[2025-10-15T07:57:31.773+0000] {logging_mixin.py:188} INFO - [2025-10-15T07:57:31.772+0000] {dagbag.py:540} INFO - Filling up the DagBag from /home/airflow/.local/lib/python3.8/site-packages/airflow/example_dags/example_latest_only.py
[2025-10-15T07:57:31.777+0000] {processor.py:840} INFO - DAG(s) 'latest_only' retrieved from /home/airflow/.local/lib/python3.8/site-packages/airflow/example_dags/example_latest_only.py
[2025-10-15T07:57:31.793+0000] {logging_mixin.py:188} INFO - [2025-10-15T07:57:31.793+0000] {dag.py:3047} INFO - Sync 1 DAGs
[2025-10-15T07:57:31.813+0000] {logging_mixin.py:188} INFO - [2025-10-15T07:57:31.813+0000] {dag.py:3834} INFO - Setting next_dagrun for latest_only to 2025-10-15 00:00:00+00:00, run_after=2025-10-15 04:00:00+00:00
[2025-10-15T07:57:31.831+0000] {processor.py:183} INFO - Processing /home/airflow/.local/lib/python3.8/site-packages/airflow/example_dags/example_latest_only.py took 0.063 seconds
[2025-10-15T07:58:02.556+0000] {processor.py:161} INFO - Started process (PID=2069) to work on /home/airflow/.local/lib/python3.8/site-packages/airflow/example_dags/example_latest_only.py
[2025-10-15T07:58:02.557+0000] {processor.py:830} INFO - Processing file /home/airflow/.local/lib/python3.8/site-packages/airflow/example_dags/example_latest_only.py for tasks to queue
[2025-10-15T07:58:02.558+0000] {logging_mixin.py:188} INFO - [2025-10-15T07:58:02.558+0000] {dagbag.py:540} INFO - Filling up the DagBag from /home/airflow/.local/lib/python3.8/site-packages/airflow/example_dags/example_latest_only.py
[2025-10-15T07:58:02.562+0000] {processor.py:840} INFO - DAG(s) 'latest_only' retrieved from /home/airflow/.local/lib/python3.8/site-packages/airflow/example_dags/example_latest_only.py
[2025-10-15T07:58:02.578+0000] {logging_mixin.py:188} INFO - [2025-10-15T07:58:02.578+0000] {dag.py:3047} INFO - Sync 1 DAGs
[2025-10-15T07:58:02.597+0000] {logging_mixin.py:188} INFO - [2025-10-15T07:58:02.596+0000] {dag.py:3834} INFO - Setting next_dagrun for latest_only to 2025-10-15 00:00:00+00:00, run_after=2025-10-15 04:00:00+00:00
[2025-10-15T07:58:02.612+0000] {processor.py:183} INFO - Processing /home/airflow/.local/lib/python3.8/site-packages/airflow/example_dags/example_latest_only.py took 0.059 seconds
[2025-10-15T07:58:33.255+0000] {processor.py:161} INFO - Started process (PID=2129) to work on /home/airflow/.local/lib/python3.8/site-packages/airflow/example_dags/example_latest_only.py
[2025-10-15T07:58:33.256+0000] {processor.py:830} INFO - Processing file /home/airflow/.local/lib/python3.8/site-packages/airflow/example_dags/example_latest_only.py for tasks to queue
[2025-10-15T07:58:33.257+0000] {logging_mixin.py:188} INFO - [2025-10-15T07:58:33.257+0000] {dagbag.py:540} INFO - Filling up the DagBag from /home/airflow/.local/lib/python3.8/site-packages/airflow/example_dags/example_latest_only.py
[2025-10-15T07:58:33.261+0000] {processor.py:840} INFO - DAG(s) 'latest_only' retrieved from /home/airflow/.local/lib/python3.8/site-packages/airflow/example_dags/example_latest_only.py
[2025-10-15T07:58:33.278+0000] {logging_mixin.py:188} INFO - [2025-10-15T07:58:33.278+0000] {dag.py:3047} INFO - Sync 1 DAGs
[2025-10-15T07:58:33.297+0000] {logging_mixin.py:188} INFO - [2025-10-15T07:58:33.297+0000] {dag.py:3834} INFO - Setting next_dagrun for latest_only to 2025-10-15 00:00:00+00:00, run_after=2025-10-15 04:00:00+00:00
[2025-10-15T07:58:33.318+0000] {processor.py:183} INFO - Processing /home/airflow/.local/lib/python3.8/site-packages/airflow/example_dags/example_latest_only.py took 0.066 seconds
[2025-10-15T07:59:03.668+0000] {processor.py:161} INFO - Started process (PID=2187) to work on /home/airflow/.local/lib/python3.8/site-packages/airflow/example_dags/example_latest_only.py
[2025-10-15T07:59:03.669+0000] {processor.py:830} INFO - Processing file /home/airflow/.local/lib/python3.8/site-packages/airflow/example_dags/example_latest_only.py for tasks to queue
[2025-10-15T07:59:03.671+0000] {logging_mixin.py:188} INFO - [2025-10-15T07:59:03.670+0000] {dagbag.py:540} INFO - Filling up the DagBag from /home/airflow/.local/lib/python3.8/site-packages/airflow/example_dags/example_latest_only.py
[2025-10-15T07:59:03.675+0000] {processor.py:840} INFO - DAG(s) 'latest_only' retrieved from /home/airflow/.local/lib/python3.8/site-packages/airflow/example_dags/example_latest_only.py
[2025-10-15T07:59:03.690+0000] {logging_mixin.py:188} INFO - [2025-10-15T07:59:03.690+0000] {dag.py:3047} INFO - Sync 1 DAGs
[2025-10-15T07:59:03.708+0000] {logging_mixin.py:188} INFO - [2025-10-15T07:59:03.708+0000] {dag.py:3834} INFO - Setting next_dagrun for latest_only to 2025-10-15 00:00:00+00:00, run_after=2025-10-15 04:00:00+00:00
[2025-10-15T07:59:03.725+0000] {processor.py:183} INFO - Processing /home/airflow/.local/lib/python3.8/site-packages/airflow/example_dags/example_latest_only.py took 0.059 seconds
[2025-10-15T07:59:35.255+0000] {processor.py:161} INFO - Started process (PID=2249) to work on /home/airflow/.local/lib/python3.8/site-packages/airflow/example_dags/example_latest_only.py
[2025-10-15T07:59:35.255+0000] {processor.py:830} INFO - Processing file /home/airflow/.local/lib/python3.8/site-packages/airflow/example_dags/example_latest_only.py for tasks to queue
[2025-10-15T07:59:35.257+0000] {logging_mixin.py:188} INFO - [2025-10-15T07:59:35.257+0000] {dagbag.py:540} INFO - Filling up the DagBag from /home/airflow/.local/lib/python3.8/site-packages/airflow/example_dags/example_latest_only.py
[2025-10-15T07:59:35.261+0000] {processor.py:840} INFO - DAG(s) 'latest_only' retrieved from /home/airflow/.local/lib/python3.8/site-packages/airflow/example_dags/example_latest_only.py
[2025-10-15T07:59:35.278+0000] {logging_mixin.py:188} INFO - [2025-10-15T07:59:35.278+0000] {dag.py:3047} INFO - Sync 1 DAGs
[2025-10-15T07:59:35.296+0000] {logging_mixin.py:188} INFO - [2025-10-15T07:59:35.296+0000] {dag.py:3834} INFO - Setting next_dagrun for latest_only to 2025-10-15 00:00:00+00:00, run_after=2025-10-15 04:00:00+00:00
[2025-10-15T07:59:35.311+0000] {processor.py:183} INFO - Processing /home/airflow/.local/lib/python3.8/site-packages/airflow/example_dags/example_latest_only.py took 0.059 seconds
[2025-10-15T08:00:06.091+0000] {processor.py:161} INFO - Started process (PID=2308) to work on /home/airflow/.local/lib/python3.8/site-packages/airflow/example_dags/example_latest_only.py
[2025-10-15T08:00:06.092+0000] {processor.py:830} INFO - Processing file /home/airflow/.local/lib/python3.8/site-packages/airflow/example_dags/example_latest_only.py for tasks to queue
[2025-10-15T08:00:06.093+0000] {logging_mixin.py:188} INFO - [2025-10-15T08:00:06.092+0000] {dagbag.py:540} INFO - Filling up the DagBag from /home/airflow/.local/lib/python3.8/site-packages/airflow/example_dags/example_latest_only.py
[2025-10-15T08:00:06.097+0000] {processor.py:840} INFO - DAG(s) 'latest_only' retrieved from /home/airflow/.local/lib/python3.8/site-packages/airflow/example_dags/example_latest_only.py
[2025-10-15T08:00:06.113+0000] {logging_mixin.py:188} INFO - [2025-10-15T08:00:06.113+0000] {dag.py:3047} INFO - Sync 1 DAGs
[2025-10-15T08:00:06.132+0000] {logging_mixin.py:188} INFO - [2025-10-15T08:00:06.132+0000] {dag.py:3834} INFO - Setting next_dagrun for latest_only to 2025-10-15 04:00:00+00:00, run_after=2025-10-15 08:00:00+00:00
[2025-10-15T08:00:06.148+0000] {processor.py:183} INFO - Processing /home/airflow/.local/lib/python3.8/site-packages/airflow/example_dags/example_latest_only.py took 0.060 seconds
[2025-10-15T08:00:36.367+0000] {processor.py:161} INFO - Started process (PID=2370) to work on /home/airflow/.local/lib/python3.8/site-packages/airflow/example_dags/example_latest_only.py
[2025-10-15T08:00:36.369+0000] {processor.py:830} INFO - Processing file /home/airflow/.local/lib/python3.8/site-packages/airflow/example_dags/example_latest_only.py for tasks to queue
[2025-10-15T08:00:36.370+0000] {logging_mixin.py:188} INFO - [2025-10-15T08:00:36.369+0000] {dagbag.py:540} INFO - Filling up the DagBag from /home/airflow/.local/lib/python3.8/site-packages/airflow/example_dags/example_latest_only.py
[2025-10-15T08:00:36.375+0000] {processor.py:840} INFO - DAG(s) 'latest_only' retrieved from /home/airflow/.local/lib/python3.8/site-packages/airflow/example_dags/example_latest_only.py
[2025-10-15T08:00:36.393+0000] {logging_mixin.py:188} INFO - [2025-10-15T08:00:36.392+0000] {dag.py:3047} INFO - Sync 1 DAGs
[2025-10-15T08:00:36.412+0000] {logging_mixin.py:188} INFO - [2025-10-15T08:00:36.412+0000] {dag.py:3834} INFO - Setting next_dagrun for latest_only to 2025-10-15 04:00:00+00:00, run_after=2025-10-15 08:00:00+00:00
[2025-10-15T08:00:36.428+0000] {processor.py:183} INFO - Processing /home/airflow/.local/lib/python3.8/site-packages/airflow/example_dags/example_latest_only.py took 0.064 seconds
[2025-10-15T08:01:06.667+0000] {processor.py:161} INFO - Started process (PID=2433) to work on /home/airflow/.local/lib/python3.8/site-packages/airflow/example_dags/example_latest_only.py
[2025-10-15T08:01:06.667+0000] {processor.py:830} INFO - Processing file /home/airflow/.local/lib/python3.8/site-packages/airflow/example_dags/example_latest_only.py for tasks to queue
[2025-10-15T08:01:06.668+0000] {logging_mixin.py:188} INFO - [2025-10-15T08:01:06.668+0000] {dagbag.py:540} INFO - Filling up the DagBag from /home/airflow/.local/lib/python3.8/site-packages/airflow/example_dags/example_latest_only.py
[2025-10-15T08:01:06.673+0000] {processor.py:840} INFO - DAG(s) 'latest_only' retrieved from /home/airflow/.local/lib/python3.8/site-packages/airflow/example_dags/example_latest_only.py
[2025-10-15T08:01:06.690+0000] {logging_mixin.py:188} INFO - [2025-10-15T08:01:06.690+0000] {dag.py:3047} INFO - Sync 1 DAGs
[2025-10-15T08:01:06.714+0000] {logging_mixin.py:188} INFO - [2025-10-15T08:01:06.714+0000] {dag.py:3834} INFO - Setting next_dagrun for latest_only to 2025-10-15 04:00:00+00:00, run_after=2025-10-15 08:00:00+00:00
[2025-10-15T08:01:06.733+0000] {processor.py:183} INFO - Processing /home/airflow/.local/lib/python3.8/site-packages/airflow/example_dags/example_latest_only.py took 0.069 seconds
[2025-10-15T08:01:36.788+0000] {processor.py:161} INFO - Started process (PID=2493) to work on /home/airflow/.local/lib/python3.8/site-packages/airflow/example_dags/example_latest_only.py
[2025-10-15T08:01:36.789+0000] {processor.py:830} INFO - Processing file /home/airflow/.local/lib/python3.8/site-packages/airflow/example_dags/example_latest_only.py for tasks to queue
[2025-10-15T08:01:36.790+0000] {logging_mixin.py:188} INFO - [2025-10-15T08:01:36.790+0000] {dagbag.py:540} INFO - Filling up the DagBag from /home/airflow/.local/lib/python3.8/site-packages/airflow/example_dags/example_latest_only.py
[2025-10-15T08:01:36.795+0000] {processor.py:840} INFO - DAG(s) 'latest_only' retrieved from /home/airflow/.local/lib/python3.8/site-packages/airflow/example_dags/example_latest_only.py
[2025-10-15T08:01:36.812+0000] {logging_mixin.py:188} INFO - [2025-10-15T08:01:36.812+0000] {dag.py:3047} INFO - Sync 1 DAGs
[2025-10-15T08:01:36.832+0000] {logging_mixin.py:188} INFO - [2025-10-15T08:01:36.832+0000] {dag.py:3834} INFO - Setting next_dagrun for latest_only to 2025-10-15 04:00:00+00:00, run_after=2025-10-15 08:00:00+00:00
[2025-10-15T08:01:36.848+0000] {processor.py:183} INFO - Processing /home/airflow/.local/lib/python3.8/site-packages/airflow/example_dags/example_latest_only.py took 0.062 seconds
[2025-10-15T08:02:06.940+0000] {processor.py:161} INFO - Started process (PID=2553) to work on /home/airflow/.local/lib/python3.8/site-packages/airflow/example_dags/example_latest_only.py
[2025-10-15T08:02:06.941+0000] {processor.py:830} INFO - Processing file /home/airflow/.local/lib/python3.8/site-packages/airflow/example_dags/example_latest_only.py for tasks to queue
[2025-10-15T08:02:06.942+0000] {logging_mixin.py:188} INFO - [2025-10-15T08:02:06.942+0000] {dagbag.py:540} INFO - Filling up the DagBag from /home/airflow/.local/lib/python3.8/site-packages/airflow/example_dags/example_latest_only.py
[2025-10-15T08:02:06.947+0000] {processor.py:840} INFO - DAG(s) 'latest_only' retrieved from /home/airflow/.local/lib/python3.8/site-packages/airflow/example_dags/example_latest_only.py
[2025-10-15T08:02:06.964+0000] {logging_mixin.py:188} INFO - [2025-10-15T08:02:06.964+0000] {dag.py:3047} INFO - Sync 1 DAGs
[2025-10-15T08:02:06.984+0000] {logging_mixin.py:188} INFO - [2025-10-15T08:02:06.984+0000] {dag.py:3834} INFO - Setting next_dagrun for latest_only to 2025-10-15 04:00:00+00:00, run_after=2025-10-15 08:00:00+00:00
[2025-10-15T08:02:07.000+0000] {processor.py:183} INFO - Processing /home/airflow/.local/lib/python3.8/site-packages/airflow/example_dags/example_latest_only.py took 0.062 seconds
[2025-10-15T08:02:37.026+0000] {processor.py:161} INFO - Started process (PID=2615) to work on /home/airflow/.local/lib/python3.8/site-packages/airflow/example_dags/example_latest_only.py
[2025-10-15T08:02:37.027+0000] {processor.py:830} INFO - Processing file /home/airflow/.local/lib/python3.8/site-packages/airflow/example_dags/example_latest_only.py for tasks to queue
[2025-10-15T08:02:37.028+0000] {logging_mixin.py:188} INFO - [2025-10-15T08:02:37.027+0000] {dagbag.py:540} INFO - Filling up the DagBag from /home/airflow/.local/lib/python3.8/site-packages/airflow/example_dags/example_latest_only.py
[2025-10-15T08:02:37.033+0000] {processor.py:840} INFO - DAG(s) 'latest_only' retrieved from /home/airflow/.local/lib/python3.8/site-packages/airflow/example_dags/example_latest_only.py
[2025-10-15T08:02:37.050+0000] {logging_mixin.py:188} INFO - [2025-10-15T08:02:37.050+0000] {dag.py:3047} INFO - Sync 1 DAGs
[2025-10-15T08:02:37.068+0000] {logging_mixin.py:188} INFO - [2025-10-15T08:02:37.068+0000] {dag.py:3834} INFO - Setting next_dagrun for latest_only to 2025-10-15 04:00:00+00:00, run_after=2025-10-15 08:00:00+00:00
[2025-10-15T08:02:37.084+0000] {processor.py:183} INFO - Processing /home/airflow/.local/lib/python3.8/site-packages/airflow/example_dags/example_latest_only.py took 0.062 seconds
[2025-10-15T08:03:07.368+0000] {processor.py:161} INFO - Started process (PID=2676) to work on /home/airflow/.local/lib/python3.8/site-packages/airflow/example_dags/example_latest_only.py
[2025-10-15T08:03:07.369+0000] {processor.py:830} INFO - Processing file /home/airflow/.local/lib/python3.8/site-packages/airflow/example_dags/example_latest_only.py for tasks to queue
[2025-10-15T08:03:07.370+0000] {logging_mixin.py:188} INFO - [2025-10-15T08:03:07.370+0000] {dagbag.py:540} INFO - Filling up the DagBag from /home/airflow/.local/lib/python3.8/site-packages/airflow/example_dags/example_latest_only.py
[2025-10-15T08:03:07.376+0000] {processor.py:840} INFO - DAG(s) 'latest_only' retrieved from /home/airflow/.local/lib/python3.8/site-packages/airflow/example_dags/example_latest_only.py
[2025-10-15T08:03:07.396+0000] {logging_mixin.py:188} INFO - [2025-10-15T08:03:07.395+0000] {dag.py:3047} INFO - Sync 1 DAGs
[2025-10-15T08:03:07.418+0000] {logging_mixin.py:188} INFO - [2025-10-15T08:03:07.418+0000] {dag.py:3834} INFO - Setting next_dagrun for latest_only to 2025-10-15 04:00:00+00:00, run_after=2025-10-15 08:00:00+00:00
[2025-10-15T08:03:07.436+0000] {processor.py:183} INFO - Processing /home/airflow/.local/lib/python3.8/site-packages/airflow/example_dags/example_latest_only.py took 0.071 seconds
