[2025-10-15T07:41:41.985+0000] {processor.py:161} INFO - Started process (PID=99) to work on /home/airflow/.local/lib/python3.8/site-packages/airflow/example_dags/example_sensor_decorator.py
[2025-10-15T07:41:41.986+0000] {processor.py:830} INFO - Processing file /home/airflow/.local/lib/python3.8/site-packages/airflow/example_dags/example_sensor_decorator.py for tasks to queue
[2025-10-15T07:41:41.988+0000] {logging_mixin.py:188} INFO - [2025-10-15T07:41:41.987+0000] {dagbag.py:540} INFO - Filling up the DagBag from /home/airflow/.local/lib/python3.8/site-packages/airflow/example_dags/example_sensor_decorator.py
[2025-10-15T07:41:41.995+0000] {processor.py:840} INFO - DAG(s) 'example_sensor_decorator' retrieved from /home/airflow/.local/lib/python3.8/site-packages/airflow/example_dags/example_sensor_decorator.py
[2025-10-15T07:41:42.081+0000] {logging_mixin.py:188} INFO - [2025-10-15T07:41:42.081+0000] {dag.py:3047} INFO - Sync 1 DAGs
[2025-10-15T07:41:42.091+0000] {logging_mixin.py:188} INFO - [2025-10-15T07:41:42.090+0000] {dag.py:3834} INFO - Setting next_dagrun for example_sensor_decorator to None, run_after=None
[2025-10-15T07:41:42.106+0000] {processor.py:183} INFO - Processing /home/airflow/.local/lib/python3.8/site-packages/airflow/example_dags/example_sensor_decorator.py took 0.124 seconds
[2025-10-15T07:42:12.397+0000] {processor.py:161} INFO - Started process (PID=160) to work on /home/airflow/.local/lib/python3.8/site-packages/airflow/example_dags/example_sensor_decorator.py
[2025-10-15T07:42:12.397+0000] {processor.py:830} INFO - Processing file /home/airflow/.local/lib/python3.8/site-packages/airflow/example_dags/example_sensor_decorator.py for tasks to queue
[2025-10-15T07:42:12.399+0000] {logging_mixin.py:188} INFO - [2025-10-15T07:42:12.399+0000] {dagbag.py:540} INFO - Filling up the DagBag from /home/airflow/.local/lib/python3.8/site-packages/airflow/example_dags/example_sensor_decorator.py
[2025-10-15T07:42:12.404+0000] {processor.py:840} INFO - DAG(s) 'example_sensor_decorator' retrieved from /home/airflow/.local/lib/python3.8/site-packages/airflow/example_dags/example_sensor_decorator.py
[2025-10-15T07:42:12.422+0000] {logging_mixin.py:188} INFO - [2025-10-15T07:42:12.421+0000] {dag.py:3047} INFO - Sync 1 DAGs
[2025-10-15T07:42:12.433+0000] {logging_mixin.py:188} INFO - [2025-10-15T07:42:12.433+0000] {dag.py:3834} INFO - Setting next_dagrun for example_sensor_decorator to None, run_after=None
[2025-10-15T07:42:12.451+0000] {processor.py:183} INFO - Processing /home/airflow/.local/lib/python3.8/site-packages/airflow/example_dags/example_sensor_decorator.py took 0.058 seconds
[2025-10-15T07:42:42.804+0000] {processor.py:161} INFO - Started process (PID=220) to work on /home/airflow/.local/lib/python3.8/site-packages/airflow/example_dags/example_sensor_decorator.py
[2025-10-15T07:42:42.804+0000] {processor.py:830} INFO - Processing file /home/airflow/.local/lib/python3.8/site-packages/airflow/example_dags/example_sensor_decorator.py for tasks to queue
[2025-10-15T07:42:42.806+0000] {logging_mixin.py:188} INFO - [2025-10-15T07:42:42.806+0000] {dagbag.py:540} INFO - Filling up the DagBag from /home/airflow/.local/lib/python3.8/site-packages/airflow/example_dags/example_sensor_decorator.py
[2025-10-15T07:42:42.811+0000] {processor.py:840} INFO - DAG(s) 'example_sensor_decorator' retrieved from /home/airflow/.local/lib/python3.8/site-packages/airflow/example_dags/example_sensor_decorator.py
[2025-10-15T07:42:42.827+0000] {logging_mixin.py:188} INFO - [2025-10-15T07:42:42.827+0000] {dag.py:3047} INFO - Sync 1 DAGs
[2025-10-15T07:42:42.837+0000] {logging_mixin.py:188} INFO - [2025-10-15T07:42:42.837+0000] {dag.py:3834} INFO - Setting next_dagrun for example_sensor_decorator to None, run_after=None
[2025-10-15T07:42:42.852+0000] {processor.py:183} INFO - Processing /home/airflow/.local/lib/python3.8/site-packages/airflow/example_dags/example_sensor_decorator.py took 0.051 seconds
[2025-10-15T07:43:14.059+0000] {processor.py:161} INFO - Started process (PID=280) to work on /home/airflow/.local/lib/python3.8/site-packages/airflow/example_dags/example_sensor_decorator.py
[2025-10-15T07:43:14.061+0000] {processor.py:830} INFO - Processing file /home/airflow/.local/lib/python3.8/site-packages/airflow/example_dags/example_sensor_decorator.py for tasks to queue
[2025-10-15T07:43:14.063+0000] {logging_mixin.py:188} INFO - [2025-10-15T07:43:14.063+0000] {dagbag.py:540} INFO - Filling up the DagBag from /home/airflow/.local/lib/python3.8/site-packages/airflow/example_dags/example_sensor_decorator.py
[2025-10-15T07:43:14.069+0000] {processor.py:840} INFO - DAG(s) 'example_sensor_decorator' retrieved from /home/airflow/.local/lib/python3.8/site-packages/airflow/example_dags/example_sensor_decorator.py
[2025-10-15T07:43:14.086+0000] {logging_mixin.py:188} INFO - [2025-10-15T07:43:14.086+0000] {dag.py:3047} INFO - Sync 1 DAGs
[2025-10-15T07:43:14.097+0000] {logging_mixin.py:188} INFO - [2025-10-15T07:43:14.097+0000] {dag.py:3834} INFO - Setting next_dagrun for example_sensor_decorator to None, run_after=None
[2025-10-15T07:43:14.115+0000] {processor.py:183} INFO - Processing /home/airflow/.local/lib/python3.8/site-packages/airflow/example_dags/example_sensor_decorator.py took 0.059 seconds
[2025-10-15T07:43:44.466+0000] {processor.py:161} INFO - Started process (PID=340) to work on /home/airflow/.local/lib/python3.8/site-packages/airflow/example_dags/example_sensor_decorator.py
[2025-10-15T07:43:44.467+0000] {processor.py:830} INFO - Processing file /home/airflow/.local/lib/python3.8/site-packages/airflow/example_dags/example_sensor_decorator.py for tasks to queue
[2025-10-15T07:43:44.469+0000] {logging_mixin.py:188} INFO - [2025-10-15T07:43:44.468+0000] {dagbag.py:540} INFO - Filling up the DagBag from /home/airflow/.local/lib/python3.8/site-packages/airflow/example_dags/example_sensor_decorator.py
[2025-10-15T07:43:44.475+0000] {processor.py:840} INFO - DAG(s) 'example_sensor_decorator' retrieved from /home/airflow/.local/lib/python3.8/site-packages/airflow/example_dags/example_sensor_decorator.py
[2025-10-15T07:43:44.495+0000] {logging_mixin.py:188} INFO - [2025-10-15T07:43:44.495+0000] {dag.py:3047} INFO - Sync 1 DAGs
[2025-10-15T07:43:44.506+0000] {logging_mixin.py:188} INFO - [2025-10-15T07:43:44.506+0000] {dag.py:3834} INFO - Setting next_dagrun for example_sensor_decorator to None, run_after=None
[2025-10-15T07:43:44.525+0000] {processor.py:183} INFO - Processing /home/airflow/.local/lib/python3.8/site-packages/airflow/example_dags/example_sensor_decorator.py took 0.061 seconds
[2025-10-15T07:44:14.943+0000] {processor.py:161} INFO - Started process (PID=400) to work on /home/airflow/.local/lib/python3.8/site-packages/airflow/example_dags/example_sensor_decorator.py
[2025-10-15T07:44:14.944+0000] {processor.py:830} INFO - Processing file /home/airflow/.local/lib/python3.8/site-packages/airflow/example_dags/example_sensor_decorator.py for tasks to queue
[2025-10-15T07:44:14.945+0000] {logging_mixin.py:188} INFO - [2025-10-15T07:44:14.945+0000] {dagbag.py:540} INFO - Filling up the DagBag from /home/airflow/.local/lib/python3.8/site-packages/airflow/example_dags/example_sensor_decorator.py
[2025-10-15T07:44:14.951+0000] {processor.py:840} INFO - DAG(s) 'example_sensor_decorator' retrieved from /home/airflow/.local/lib/python3.8/site-packages/airflow/example_dags/example_sensor_decorator.py
[2025-10-15T07:44:14.969+0000] {logging_mixin.py:188} INFO - [2025-10-15T07:44:14.969+0000] {dag.py:3047} INFO - Sync 1 DAGs
[2025-10-15T07:44:14.982+0000] {logging_mixin.py:188} INFO - [2025-10-15T07:44:14.982+0000] {dag.py:3834} INFO - Setting next_dagrun for example_sensor_decorator to None, run_after=None
[2025-10-15T07:44:15.003+0000] {processor.py:183} INFO - Processing /home/airflow/.local/lib/python3.8/site-packages/airflow/example_dags/example_sensor_decorator.py took 0.063 seconds
[2025-10-15T07:44:45.131+0000] {processor.py:161} INFO - Started process (PID=460) to work on /home/airflow/.local/lib/python3.8/site-packages/airflow/example_dags/example_sensor_decorator.py
[2025-10-15T07:44:45.132+0000] {processor.py:830} INFO - Processing file /home/airflow/.local/lib/python3.8/site-packages/airflow/example_dags/example_sensor_decorator.py for tasks to queue
[2025-10-15T07:44:45.134+0000] {logging_mixin.py:188} INFO - [2025-10-15T07:44:45.133+0000] {dagbag.py:540} INFO - Filling up the DagBag from /home/airflow/.local/lib/python3.8/site-packages/airflow/example_dags/example_sensor_decorator.py
[2025-10-15T07:44:45.139+0000] {processor.py:840} INFO - DAG(s) 'example_sensor_decorator' retrieved from /home/airflow/.local/lib/python3.8/site-packages/airflow/example_dags/example_sensor_decorator.py
[2025-10-15T07:44:45.155+0000] {logging_mixin.py:188} INFO - [2025-10-15T07:44:45.154+0000] {dag.py:3047} INFO - Sync 1 DAGs
[2025-10-15T07:44:45.165+0000] {logging_mixin.py:188} INFO - [2025-10-15T07:44:45.165+0000] {dag.py:3834} INFO - Setting next_dagrun for example_sensor_decorator to None, run_after=None
[2025-10-15T07:44:45.184+0000] {processor.py:183} INFO - Processing /home/airflow/.local/lib/python3.8/site-packages/airflow/example_dags/example_sensor_decorator.py took 0.056 seconds
[2025-10-15T07:45:15.289+0000] {processor.py:161} INFO - Started process (PID=519) to work on /home/airflow/.local/lib/python3.8/site-packages/airflow/example_dags/example_sensor_decorator.py
[2025-10-15T07:45:15.290+0000] {processor.py:830} INFO - Processing file /home/airflow/.local/lib/python3.8/site-packages/airflow/example_dags/example_sensor_decorator.py for tasks to queue
[2025-10-15T07:45:15.292+0000] {logging_mixin.py:188} INFO - [2025-10-15T07:45:15.291+0000] {dagbag.py:540} INFO - Filling up the DagBag from /home/airflow/.local/lib/python3.8/site-packages/airflow/example_dags/example_sensor_decorator.py
[2025-10-15T07:45:15.298+0000] {processor.py:840} INFO - DAG(s) 'example_sensor_decorator' retrieved from /home/airflow/.local/lib/python3.8/site-packages/airflow/example_dags/example_sensor_decorator.py
[2025-10-15T07:45:15.314+0000] {logging_mixin.py:188} INFO - [2025-10-15T07:45:15.314+0000] {dag.py:3047} INFO - Sync 1 DAGs
[2025-10-15T07:45:15.325+0000] {logging_mixin.py:188} INFO - [2025-10-15T07:45:15.325+0000] {dag.py:3834} INFO - Setting next_dagrun for example_sensor_decorator to None, run_after=None
[2025-10-15T07:45:15.345+0000] {processor.py:183} INFO - Processing /home/airflow/.local/lib/python3.8/site-packages/airflow/example_dags/example_sensor_decorator.py took 0.058 seconds
[2025-10-15T07:45:45.699+0000] {processor.py:161} INFO - Started process (PID=579) to work on /home/airflow/.local/lib/python3.8/site-packages/airflow/example_dags/example_sensor_decorator.py
[2025-10-15T07:45:45.700+0000] {processor.py:830} INFO - Processing file /home/airflow/.local/lib/python3.8/site-packages/airflow/example_dags/example_sensor_decorator.py for tasks to queue
[2025-10-15T07:45:45.701+0000] {logging_mixin.py:188} INFO - [2025-10-15T07:45:45.701+0000] {dagbag.py:540} INFO - Filling up the DagBag from /home/airflow/.local/lib/python3.8/site-packages/airflow/example_dags/example_sensor_decorator.py
[2025-10-15T07:45:45.706+0000] {processor.py:840} INFO - DAG(s) 'example_sensor_decorator' retrieved from /home/airflow/.local/lib/python3.8/site-packages/airflow/example_dags/example_sensor_decorator.py
[2025-10-15T07:45:45.725+0000] {logging_mixin.py:188} INFO - [2025-10-15T07:45:45.724+0000] {dag.py:3047} INFO - Sync 1 DAGs
[2025-10-15T07:45:45.737+0000] {logging_mixin.py:188} INFO - [2025-10-15T07:45:45.736+0000] {dag.py:3834} INFO - Setting next_dagrun for example_sensor_decorator to None, run_after=None
[2025-10-15T07:45:45.753+0000] {processor.py:183} INFO - Processing /home/airflow/.local/lib/python3.8/site-packages/airflow/example_dags/example_sensor_decorator.py took 0.057 seconds
[2025-10-15T07:46:16.454+0000] {processor.py:161} INFO - Started process (PID=639) to work on /home/airflow/.local/lib/python3.8/site-packages/airflow/example_dags/example_sensor_decorator.py
[2025-10-15T07:46:16.455+0000] {processor.py:830} INFO - Processing file /home/airflow/.local/lib/python3.8/site-packages/airflow/example_dags/example_sensor_decorator.py for tasks to queue
[2025-10-15T07:46:16.457+0000] {logging_mixin.py:188} INFO - [2025-10-15T07:46:16.457+0000] {dagbag.py:540} INFO - Filling up the DagBag from /home/airflow/.local/lib/python3.8/site-packages/airflow/example_dags/example_sensor_decorator.py
[2025-10-15T07:46:16.463+0000] {processor.py:840} INFO - DAG(s) 'example_sensor_decorator' retrieved from /home/airflow/.local/lib/python3.8/site-packages/airflow/example_dags/example_sensor_decorator.py
[2025-10-15T07:46:16.483+0000] {logging_mixin.py:188} INFO - [2025-10-15T07:46:16.482+0000] {dag.py:3047} INFO - Sync 1 DAGs
[2025-10-15T07:46:16.496+0000] {logging_mixin.py:188} INFO - [2025-10-15T07:46:16.496+0000] {dag.py:3834} INFO - Setting next_dagrun for example_sensor_decorator to None, run_after=None
[2025-10-15T07:46:16.517+0000] {processor.py:183} INFO - Processing /home/airflow/.local/lib/python3.8/site-packages/airflow/example_dags/example_sensor_decorator.py took 0.066 seconds
[2025-10-15T07:46:47.208+0000] {processor.py:161} INFO - Started process (PID=699) to work on /home/airflow/.local/lib/python3.8/site-packages/airflow/example_dags/example_sensor_decorator.py
[2025-10-15T07:46:47.208+0000] {processor.py:830} INFO - Processing file /home/airflow/.local/lib/python3.8/site-packages/airflow/example_dags/example_sensor_decorator.py for tasks to queue
[2025-10-15T07:46:47.210+0000] {logging_mixin.py:188} INFO - [2025-10-15T07:46:47.210+0000] {dagbag.py:540} INFO - Filling up the DagBag from /home/airflow/.local/lib/python3.8/site-packages/airflow/example_dags/example_sensor_decorator.py
[2025-10-15T07:46:47.215+0000] {processor.py:840} INFO - DAG(s) 'example_sensor_decorator' retrieved from /home/airflow/.local/lib/python3.8/site-packages/airflow/example_dags/example_sensor_decorator.py
[2025-10-15T07:46:47.233+0000] {logging_mixin.py:188} INFO - [2025-10-15T07:46:47.233+0000] {dag.py:3047} INFO - Sync 1 DAGs
[2025-10-15T07:46:47.254+0000] {logging_mixin.py:188} INFO - [2025-10-15T07:46:47.254+0000] {dag.py:3834} INFO - Setting next_dagrun for example_sensor_decorator to None, run_after=None
[2025-10-15T07:46:47.272+0000] {processor.py:183} INFO - Processing /home/airflow/.local/lib/python3.8/site-packages/airflow/example_dags/example_sensor_decorator.py took 0.067 seconds
[2025-10-15T07:47:18.071+0000] {processor.py:161} INFO - Started process (PID=759) to work on /home/airflow/.local/lib/python3.8/site-packages/airflow/example_dags/example_sensor_decorator.py
[2025-10-15T07:47:18.072+0000] {processor.py:830} INFO - Processing file /home/airflow/.local/lib/python3.8/site-packages/airflow/example_dags/example_sensor_decorator.py for tasks to queue
[2025-10-15T07:47:18.074+0000] {logging_mixin.py:188} INFO - [2025-10-15T07:47:18.074+0000] {dagbag.py:540} INFO - Filling up the DagBag from /home/airflow/.local/lib/python3.8/site-packages/airflow/example_dags/example_sensor_decorator.py
[2025-10-15T07:47:18.079+0000] {processor.py:840} INFO - DAG(s) 'example_sensor_decorator' retrieved from /home/airflow/.local/lib/python3.8/site-packages/airflow/example_dags/example_sensor_decorator.py
[2025-10-15T07:47:18.097+0000] {logging_mixin.py:188} INFO - [2025-10-15T07:47:18.097+0000] {dag.py:3047} INFO - Sync 1 DAGs
[2025-10-15T07:47:18.111+0000] {logging_mixin.py:188} INFO - [2025-10-15T07:47:18.110+0000] {dag.py:3834} INFO - Setting next_dagrun for example_sensor_decorator to None, run_after=None
[2025-10-15T07:47:18.133+0000] {processor.py:183} INFO - Processing /home/airflow/.local/lib/python3.8/site-packages/airflow/example_dags/example_sensor_decorator.py took 0.065 seconds
[2025-10-15T07:47:48.256+0000] {processor.py:161} INFO - Started process (PID=819) to work on /home/airflow/.local/lib/python3.8/site-packages/airflow/example_dags/example_sensor_decorator.py
[2025-10-15T07:47:48.257+0000] {processor.py:830} INFO - Processing file /home/airflow/.local/lib/python3.8/site-packages/airflow/example_dags/example_sensor_decorator.py for tasks to queue
[2025-10-15T07:47:48.259+0000] {logging_mixin.py:188} INFO - [2025-10-15T07:47:48.259+0000] {dagbag.py:540} INFO - Filling up the DagBag from /home/airflow/.local/lib/python3.8/site-packages/airflow/example_dags/example_sensor_decorator.py
[2025-10-15T07:47:48.264+0000] {processor.py:840} INFO - DAG(s) 'example_sensor_decorator' retrieved from /home/airflow/.local/lib/python3.8/site-packages/airflow/example_dags/example_sensor_decorator.py
[2025-10-15T07:47:48.284+0000] {logging_mixin.py:188} INFO - [2025-10-15T07:47:48.283+0000] {dag.py:3047} INFO - Sync 1 DAGs
[2025-10-15T07:47:48.297+0000] {logging_mixin.py:188} INFO - [2025-10-15T07:47:48.296+0000] {dag.py:3834} INFO - Setting next_dagrun for example_sensor_decorator to None, run_after=None
[2025-10-15T07:47:48.315+0000] {processor.py:183} INFO - Processing /home/airflow/.local/lib/python3.8/site-packages/airflow/example_dags/example_sensor_decorator.py took 0.062 seconds
[2025-10-15T07:48:18.646+0000] {processor.py:161} INFO - Started process (PID=879) to work on /home/airflow/.local/lib/python3.8/site-packages/airflow/example_dags/example_sensor_decorator.py
[2025-10-15T07:48:18.648+0000] {processor.py:830} INFO - Processing file /home/airflow/.local/lib/python3.8/site-packages/airflow/example_dags/example_sensor_decorator.py for tasks to queue
[2025-10-15T07:48:18.651+0000] {logging_mixin.py:188} INFO - [2025-10-15T07:48:18.651+0000] {dagbag.py:540} INFO - Filling up the DagBag from /home/airflow/.local/lib/python3.8/site-packages/airflow/example_dags/example_sensor_decorator.py
[2025-10-15T07:48:18.659+0000] {processor.py:840} INFO - DAG(s) 'example_sensor_decorator' retrieved from /home/airflow/.local/lib/python3.8/site-packages/airflow/example_dags/example_sensor_decorator.py
[2025-10-15T07:48:18.677+0000] {logging_mixin.py:188} INFO - [2025-10-15T07:48:18.677+0000] {dag.py:3047} INFO - Sync 1 DAGs
[2025-10-15T07:48:18.688+0000] {logging_mixin.py:188} INFO - [2025-10-15T07:48:18.688+0000] {dag.py:3834} INFO - Setting next_dagrun for example_sensor_decorator to None, run_after=None
[2025-10-15T07:48:18.705+0000] {processor.py:183} INFO - Processing /home/airflow/.local/lib/python3.8/site-packages/airflow/example_dags/example_sensor_decorator.py took 0.062 seconds
[2025-10-15T07:48:48.950+0000] {processor.py:161} INFO - Started process (PID=940) to work on /home/airflow/.local/lib/python3.8/site-packages/airflow/example_dags/example_sensor_decorator.py
[2025-10-15T07:48:48.951+0000] {processor.py:830} INFO - Processing file /home/airflow/.local/lib/python3.8/site-packages/airflow/example_dags/example_sensor_decorator.py for tasks to queue
[2025-10-15T07:48:48.953+0000] {logging_mixin.py:188} INFO - [2025-10-15T07:48:48.952+0000] {dagbag.py:540} INFO - Filling up the DagBag from /home/airflow/.local/lib/python3.8/site-packages/airflow/example_dags/example_sensor_decorator.py
[2025-10-15T07:48:48.958+0000] {processor.py:840} INFO - DAG(s) 'example_sensor_decorator' retrieved from /home/airflow/.local/lib/python3.8/site-packages/airflow/example_dags/example_sensor_decorator.py
[2025-10-15T07:48:48.975+0000] {logging_mixin.py:188} INFO - [2025-10-15T07:48:48.974+0000] {dag.py:3047} INFO - Sync 1 DAGs
[2025-10-15T07:48:48.985+0000] {logging_mixin.py:188} INFO - [2025-10-15T07:48:48.985+0000] {dag.py:3834} INFO - Setting next_dagrun for example_sensor_decorator to None, run_after=None
[2025-10-15T07:48:49.003+0000] {processor.py:183} INFO - Processing /home/airflow/.local/lib/python3.8/site-packages/airflow/example_dags/example_sensor_decorator.py took 0.056 seconds
[2025-10-15T07:49:19.281+0000] {processor.py:161} INFO - Started process (PID=1001) to work on /home/airflow/.local/lib/python3.8/site-packages/airflow/example_dags/example_sensor_decorator.py
[2025-10-15T07:49:19.282+0000] {processor.py:830} INFO - Processing file /home/airflow/.local/lib/python3.8/site-packages/airflow/example_dags/example_sensor_decorator.py for tasks to queue
[2025-10-15T07:49:19.283+0000] {logging_mixin.py:188} INFO - [2025-10-15T07:49:19.283+0000] {dagbag.py:540} INFO - Filling up the DagBag from /home/airflow/.local/lib/python3.8/site-packages/airflow/example_dags/example_sensor_decorator.py
[2025-10-15T07:49:19.288+0000] {processor.py:840} INFO - DAG(s) 'example_sensor_decorator' retrieved from /home/airflow/.local/lib/python3.8/site-packages/airflow/example_dags/example_sensor_decorator.py
[2025-10-15T07:49:19.304+0000] {logging_mixin.py:188} INFO - [2025-10-15T07:49:19.304+0000] {dag.py:3047} INFO - Sync 1 DAGs
[2025-10-15T07:49:19.315+0000] {logging_mixin.py:188} INFO - [2025-10-15T07:49:19.315+0000] {dag.py:3834} INFO - Setting next_dagrun for example_sensor_decorator to None, run_after=None
[2025-10-15T07:49:19.333+0000] {processor.py:183} INFO - Processing /home/airflow/.local/lib/python3.8/site-packages/airflow/example_dags/example_sensor_decorator.py took 0.055 seconds
[2025-10-15T07:49:49.683+0000] {processor.py:161} INFO - Started process (PID=1061) to work on /home/airflow/.local/lib/python3.8/site-packages/airflow/example_dags/example_sensor_decorator.py
[2025-10-15T07:49:49.684+0000] {processor.py:830} INFO - Processing file /home/airflow/.local/lib/python3.8/site-packages/airflow/example_dags/example_sensor_decorator.py for tasks to queue
[2025-10-15T07:49:49.686+0000] {logging_mixin.py:188} INFO - [2025-10-15T07:49:49.686+0000] {dagbag.py:540} INFO - Filling up the DagBag from /home/airflow/.local/lib/python3.8/site-packages/airflow/example_dags/example_sensor_decorator.py
[2025-10-15T07:49:49.692+0000] {processor.py:840} INFO - DAG(s) 'example_sensor_decorator' retrieved from /home/airflow/.local/lib/python3.8/site-packages/airflow/example_dags/example_sensor_decorator.py
[2025-10-15T07:49:49.708+0000] {logging_mixin.py:188} INFO - [2025-10-15T07:49:49.708+0000] {dag.py:3047} INFO - Sync 1 DAGs
[2025-10-15T07:49:49.719+0000] {logging_mixin.py:188} INFO - [2025-10-15T07:49:49.719+0000] {dag.py:3834} INFO - Setting next_dagrun for example_sensor_decorator to None, run_after=None
[2025-10-15T07:49:49.735+0000] {processor.py:183} INFO - Processing /home/airflow/.local/lib/python3.8/site-packages/airflow/example_dags/example_sensor_decorator.py took 0.054 seconds
[2025-10-15T07:50:20.432+0000] {processor.py:161} INFO - Started process (PID=1122) to work on /home/airflow/.local/lib/python3.8/site-packages/airflow/example_dags/example_sensor_decorator.py
[2025-10-15T07:50:20.433+0000] {processor.py:830} INFO - Processing file /home/airflow/.local/lib/python3.8/site-packages/airflow/example_dags/example_sensor_decorator.py for tasks to queue
[2025-10-15T07:50:20.435+0000] {logging_mixin.py:188} INFO - [2025-10-15T07:50:20.434+0000] {dagbag.py:540} INFO - Filling up the DagBag from /home/airflow/.local/lib/python3.8/site-packages/airflow/example_dags/example_sensor_decorator.py
[2025-10-15T07:50:20.440+0000] {processor.py:840} INFO - DAG(s) 'example_sensor_decorator' retrieved from /home/airflow/.local/lib/python3.8/site-packages/airflow/example_dags/example_sensor_decorator.py
[2025-10-15T07:50:20.457+0000] {logging_mixin.py:188} INFO - [2025-10-15T07:50:20.457+0000] {dag.py:3047} INFO - Sync 1 DAGs
[2025-10-15T07:50:20.468+0000] {logging_mixin.py:188} INFO - [2025-10-15T07:50:20.467+0000] {dag.py:3834} INFO - Setting next_dagrun for example_sensor_decorator to None, run_after=None
[2025-10-15T07:50:20.484+0000] {processor.py:183} INFO - Processing /home/airflow/.local/lib/python3.8/site-packages/airflow/example_dags/example_sensor_decorator.py took 0.055 seconds
[2025-10-15T07:50:51.352+0000] {processor.py:161} INFO - Started process (PID=1185) to work on /home/airflow/.local/lib/python3.8/site-packages/airflow/example_dags/example_sensor_decorator.py
[2025-10-15T07:50:51.353+0000] {processor.py:830} INFO - Processing file /home/airflow/.local/lib/python3.8/site-packages/airflow/example_dags/example_sensor_decorator.py for tasks to queue
[2025-10-15T07:50:51.355+0000] {logging_mixin.py:188} INFO - [2025-10-15T07:50:51.355+0000] {dagbag.py:540} INFO - Filling up the DagBag from /home/airflow/.local/lib/python3.8/site-packages/airflow/example_dags/example_sensor_decorator.py
[2025-10-15T07:50:51.360+0000] {processor.py:840} INFO - DAG(s) 'example_sensor_decorator' retrieved from /home/airflow/.local/lib/python3.8/site-packages/airflow/example_dags/example_sensor_decorator.py
[2025-10-15T07:50:51.377+0000] {logging_mixin.py:188} INFO - [2025-10-15T07:50:51.377+0000] {dag.py:3047} INFO - Sync 1 DAGs
[2025-10-15T07:50:51.388+0000] {logging_mixin.py:188} INFO - [2025-10-15T07:50:51.388+0000] {dag.py:3834} INFO - Setting next_dagrun for example_sensor_decorator to None, run_after=None
[2025-10-15T07:50:51.404+0000] {processor.py:183} INFO - Processing /home/airflow/.local/lib/python3.8/site-packages/airflow/example_dags/example_sensor_decorator.py took 0.055 seconds
[2025-10-15T07:51:21.479+0000] {processor.py:161} INFO - Started process (PID=1247) to work on /home/airflow/.local/lib/python3.8/site-packages/airflow/example_dags/example_sensor_decorator.py
[2025-10-15T07:51:21.480+0000] {processor.py:830} INFO - Processing file /home/airflow/.local/lib/python3.8/site-packages/airflow/example_dags/example_sensor_decorator.py for tasks to queue
[2025-10-15T07:51:21.482+0000] {logging_mixin.py:188} INFO - [2025-10-15T07:51:21.481+0000] {dagbag.py:540} INFO - Filling up the DagBag from /home/airflow/.local/lib/python3.8/site-packages/airflow/example_dags/example_sensor_decorator.py
[2025-10-15T07:51:21.487+0000] {processor.py:840} INFO - DAG(s) 'example_sensor_decorator' retrieved from /home/airflow/.local/lib/python3.8/site-packages/airflow/example_dags/example_sensor_decorator.py
[2025-10-15T07:51:21.502+0000] {logging_mixin.py:188} INFO - [2025-10-15T07:51:21.502+0000] {dag.py:3047} INFO - Sync 1 DAGs
[2025-10-15T07:51:21.512+0000] {logging_mixin.py:188} INFO - [2025-10-15T07:51:21.512+0000] {dag.py:3834} INFO - Setting next_dagrun for example_sensor_decorator to None, run_after=None
[2025-10-15T07:51:21.527+0000] {processor.py:183} INFO - Processing /home/airflow/.local/lib/python3.8/site-packages/airflow/example_dags/example_sensor_decorator.py took 0.050 seconds
[2025-10-15T07:51:51.707+0000] {processor.py:161} INFO - Started process (PID=1307) to work on /home/airflow/.local/lib/python3.8/site-packages/airflow/example_dags/example_sensor_decorator.py
[2025-10-15T07:51:51.708+0000] {processor.py:830} INFO - Processing file /home/airflow/.local/lib/python3.8/site-packages/airflow/example_dags/example_sensor_decorator.py for tasks to queue
[2025-10-15T07:51:51.710+0000] {logging_mixin.py:188} INFO - [2025-10-15T07:51:51.709+0000] {dagbag.py:540} INFO - Filling up the DagBag from /home/airflow/.local/lib/python3.8/site-packages/airflow/example_dags/example_sensor_decorator.py
[2025-10-15T07:51:51.715+0000] {processor.py:840} INFO - DAG(s) 'example_sensor_decorator' retrieved from /home/airflow/.local/lib/python3.8/site-packages/airflow/example_dags/example_sensor_decorator.py
[2025-10-15T07:51:51.731+0000] {logging_mixin.py:188} INFO - [2025-10-15T07:51:51.730+0000] {dag.py:3047} INFO - Sync 1 DAGs
[2025-10-15T07:51:51.741+0000] {logging_mixin.py:188} INFO - [2025-10-15T07:51:51.741+0000] {dag.py:3834} INFO - Setting next_dagrun for example_sensor_decorator to None, run_after=None
[2025-10-15T07:51:51.758+0000] {processor.py:183} INFO - Processing /home/airflow/.local/lib/python3.8/site-packages/airflow/example_dags/example_sensor_decorator.py took 0.053 seconds
[2025-10-15T07:52:22.042+0000] {processor.py:161} INFO - Started process (PID=1369) to work on /home/airflow/.local/lib/python3.8/site-packages/airflow/example_dags/example_sensor_decorator.py
[2025-10-15T07:52:22.043+0000] {processor.py:830} INFO - Processing file /home/airflow/.local/lib/python3.8/site-packages/airflow/example_dags/example_sensor_decorator.py for tasks to queue
[2025-10-15T07:52:22.044+0000] {logging_mixin.py:188} INFO - [2025-10-15T07:52:22.044+0000] {dagbag.py:540} INFO - Filling up the DagBag from /home/airflow/.local/lib/python3.8/site-packages/airflow/example_dags/example_sensor_decorator.py
[2025-10-15T07:52:22.050+0000] {processor.py:840} INFO - DAG(s) 'example_sensor_decorator' retrieved from /home/airflow/.local/lib/python3.8/site-packages/airflow/example_dags/example_sensor_decorator.py
[2025-10-15T07:52:22.070+0000] {logging_mixin.py:188} INFO - [2025-10-15T07:52:22.070+0000] {dag.py:3047} INFO - Sync 1 DAGs
[2025-10-15T07:52:22.084+0000] {logging_mixin.py:188} INFO - [2025-10-15T07:52:22.084+0000] {dag.py:3834} INFO - Setting next_dagrun for example_sensor_decorator to None, run_after=None
[2025-10-15T07:52:22.101+0000] {processor.py:183} INFO - Processing /home/airflow/.local/lib/python3.8/site-packages/airflow/example_dags/example_sensor_decorator.py took 0.062 seconds
[2025-10-15T07:52:52.218+0000] {processor.py:161} INFO - Started process (PID=1429) to work on /home/airflow/.local/lib/python3.8/site-packages/airflow/example_dags/example_sensor_decorator.py
[2025-10-15T07:52:52.219+0000] {processor.py:830} INFO - Processing file /home/airflow/.local/lib/python3.8/site-packages/airflow/example_dags/example_sensor_decorator.py for tasks to queue
[2025-10-15T07:52:52.221+0000] {logging_mixin.py:188} INFO - [2025-10-15T07:52:52.220+0000] {dagbag.py:540} INFO - Filling up the DagBag from /home/airflow/.local/lib/python3.8/site-packages/airflow/example_dags/example_sensor_decorator.py
[2025-10-15T07:52:52.226+0000] {processor.py:840} INFO - DAG(s) 'example_sensor_decorator' retrieved from /home/airflow/.local/lib/python3.8/site-packages/airflow/example_dags/example_sensor_decorator.py
[2025-10-15T07:52:52.242+0000] {logging_mixin.py:188} INFO - [2025-10-15T07:52:52.242+0000] {dag.py:3047} INFO - Sync 1 DAGs
[2025-10-15T07:52:52.253+0000] {logging_mixin.py:188} INFO - [2025-10-15T07:52:52.253+0000] {dag.py:3834} INFO - Setting next_dagrun for example_sensor_decorator to None, run_after=None
[2025-10-15T07:52:52.270+0000] {processor.py:183} INFO - Processing /home/airflow/.local/lib/python3.8/site-packages/airflow/example_dags/example_sensor_decorator.py took 0.054 seconds
[2025-10-15T07:53:22.389+0000] {processor.py:161} INFO - Started process (PID=1491) to work on /home/airflow/.local/lib/python3.8/site-packages/airflow/example_dags/example_sensor_decorator.py
[2025-10-15T07:53:22.390+0000] {processor.py:830} INFO - Processing file /home/airflow/.local/lib/python3.8/site-packages/airflow/example_dags/example_sensor_decorator.py for tasks to queue
[2025-10-15T07:53:22.391+0000] {logging_mixin.py:188} INFO - [2025-10-15T07:53:22.391+0000] {dagbag.py:540} INFO - Filling up the DagBag from /home/airflow/.local/lib/python3.8/site-packages/airflow/example_dags/example_sensor_decorator.py
[2025-10-15T07:53:22.396+0000] {processor.py:840} INFO - DAG(s) 'example_sensor_decorator' retrieved from /home/airflow/.local/lib/python3.8/site-packages/airflow/example_dags/example_sensor_decorator.py
[2025-10-15T07:53:22.413+0000] {logging_mixin.py:188} INFO - [2025-10-15T07:53:22.413+0000] {dag.py:3047} INFO - Sync 1 DAGs
[2025-10-15T07:53:22.424+0000] {logging_mixin.py:188} INFO - [2025-10-15T07:53:22.424+0000] {dag.py:3834} INFO - Setting next_dagrun for example_sensor_decorator to None, run_after=None
[2025-10-15T07:53:22.441+0000] {processor.py:183} INFO - Processing /home/airflow/.local/lib/python3.8/site-packages/airflow/example_dags/example_sensor_decorator.py took 0.055 seconds
[2025-10-15T07:53:53.055+0000] {processor.py:161} INFO - Started process (PID=1553) to work on /home/airflow/.local/lib/python3.8/site-packages/airflow/example_dags/example_sensor_decorator.py
[2025-10-15T07:53:53.056+0000] {processor.py:830} INFO - Processing file /home/airflow/.local/lib/python3.8/site-packages/airflow/example_dags/example_sensor_decorator.py for tasks to queue
[2025-10-15T07:53:53.057+0000] {logging_mixin.py:188} INFO - [2025-10-15T07:53:53.057+0000] {dagbag.py:540} INFO - Filling up the DagBag from /home/airflow/.local/lib/python3.8/site-packages/airflow/example_dags/example_sensor_decorator.py
[2025-10-15T07:53:53.062+0000] {processor.py:840} INFO - DAG(s) 'example_sensor_decorator' retrieved from /home/airflow/.local/lib/python3.8/site-packages/airflow/example_dags/example_sensor_decorator.py
[2025-10-15T07:53:53.078+0000] {logging_mixin.py:188} INFO - [2025-10-15T07:53:53.077+0000] {dag.py:3047} INFO - Sync 1 DAGs
[2025-10-15T07:53:53.088+0000] {logging_mixin.py:188} INFO - [2025-10-15T07:53:53.088+0000] {dag.py:3834} INFO - Setting next_dagrun for example_sensor_decorator to None, run_after=None
[2025-10-15T07:53:53.106+0000] {processor.py:183} INFO - Processing /home/airflow/.local/lib/python3.8/site-packages/airflow/example_dags/example_sensor_decorator.py took 0.054 seconds
[2025-10-15T07:54:23.130+0000] {processor.py:161} INFO - Started process (PID=1612) to work on /home/airflow/.local/lib/python3.8/site-packages/airflow/example_dags/example_sensor_decorator.py
[2025-10-15T07:54:23.132+0000] {processor.py:830} INFO - Processing file /home/airflow/.local/lib/python3.8/site-packages/airflow/example_dags/example_sensor_decorator.py for tasks to queue
[2025-10-15T07:54:23.138+0000] {logging_mixin.py:188} INFO - [2025-10-15T07:54:23.137+0000] {dagbag.py:540} INFO - Filling up the DagBag from /home/airflow/.local/lib/python3.8/site-packages/airflow/example_dags/example_sensor_decorator.py
[2025-10-15T07:54:23.144+0000] {processor.py:840} INFO - DAG(s) 'example_sensor_decorator' retrieved from /home/airflow/.local/lib/python3.8/site-packages/airflow/example_dags/example_sensor_decorator.py
[2025-10-15T07:54:23.162+0000] {logging_mixin.py:188} INFO - [2025-10-15T07:54:23.162+0000] {dag.py:3047} INFO - Sync 1 DAGs
[2025-10-15T07:54:23.174+0000] {logging_mixin.py:188} INFO - [2025-10-15T07:54:23.174+0000] {dag.py:3834} INFO - Setting next_dagrun for example_sensor_decorator to None, run_after=None
[2025-10-15T07:54:23.198+0000] {processor.py:183} INFO - Processing /home/airflow/.local/lib/python3.8/site-packages/airflow/example_dags/example_sensor_decorator.py took 0.071 seconds
[2025-10-15T07:54:53.704+0000] {processor.py:161} INFO - Started process (PID=1673) to work on /home/airflow/.local/lib/python3.8/site-packages/airflow/example_dags/example_sensor_decorator.py
[2025-10-15T07:54:53.705+0000] {processor.py:830} INFO - Processing file /home/airflow/.local/lib/python3.8/site-packages/airflow/example_dags/example_sensor_decorator.py for tasks to queue
[2025-10-15T07:54:53.706+0000] {logging_mixin.py:188} INFO - [2025-10-15T07:54:53.706+0000] {dagbag.py:540} INFO - Filling up the DagBag from /home/airflow/.local/lib/python3.8/site-packages/airflow/example_dags/example_sensor_decorator.py
[2025-10-15T07:54:53.712+0000] {processor.py:840} INFO - DAG(s) 'example_sensor_decorator' retrieved from /home/airflow/.local/lib/python3.8/site-packages/airflow/example_dags/example_sensor_decorator.py
[2025-10-15T07:54:53.731+0000] {logging_mixin.py:188} INFO - [2025-10-15T07:54:53.730+0000] {dag.py:3047} INFO - Sync 1 DAGs
[2025-10-15T07:54:53.744+0000] {logging_mixin.py:188} INFO - [2025-10-15T07:54:53.743+0000] {dag.py:3834} INFO - Setting next_dagrun for example_sensor_decorator to None, run_after=None
[2025-10-15T07:54:53.762+0000] {processor.py:183} INFO - Processing /home/airflow/.local/lib/python3.8/site-packages/airflow/example_dags/example_sensor_decorator.py took 0.061 seconds
[2025-10-15T07:55:23.838+0000] {processor.py:161} INFO - Started process (PID=1735) to work on /home/airflow/.local/lib/python3.8/site-packages/airflow/example_dags/example_sensor_decorator.py
[2025-10-15T07:55:23.839+0000] {processor.py:830} INFO - Processing file /home/airflow/.local/lib/python3.8/site-packages/airflow/example_dags/example_sensor_decorator.py for tasks to queue
[2025-10-15T07:55:23.841+0000] {logging_mixin.py:188} INFO - [2025-10-15T07:55:23.841+0000] {dagbag.py:540} INFO - Filling up the DagBag from /home/airflow/.local/lib/python3.8/site-packages/airflow/example_dags/example_sensor_decorator.py
[2025-10-15T07:55:23.846+0000] {processor.py:840} INFO - DAG(s) 'example_sensor_decorator' retrieved from /home/airflow/.local/lib/python3.8/site-packages/airflow/example_dags/example_sensor_decorator.py
[2025-10-15T07:55:23.862+0000] {logging_mixin.py:188} INFO - [2025-10-15T07:55:23.862+0000] {dag.py:3047} INFO - Sync 1 DAGs
[2025-10-15T07:55:23.872+0000] {logging_mixin.py:188} INFO - [2025-10-15T07:55:23.872+0000] {dag.py:3834} INFO - Setting next_dagrun for example_sensor_decorator to None, run_after=None
[2025-10-15T07:55:23.888+0000] {processor.py:183} INFO - Processing /home/airflow/.local/lib/python3.8/site-packages/airflow/example_dags/example_sensor_decorator.py took 0.052 seconds
[2025-10-15T07:55:54.316+0000] {processor.py:161} INFO - Started process (PID=1796) to work on /home/airflow/.local/lib/python3.8/site-packages/airflow/example_dags/example_sensor_decorator.py
[2025-10-15T07:55:54.317+0000] {processor.py:830} INFO - Processing file /home/airflow/.local/lib/python3.8/site-packages/airflow/example_dags/example_sensor_decorator.py for tasks to queue
[2025-10-15T07:55:54.318+0000] {logging_mixin.py:188} INFO - [2025-10-15T07:55:54.318+0000] {dagbag.py:540} INFO - Filling up the DagBag from /home/airflow/.local/lib/python3.8/site-packages/airflow/example_dags/example_sensor_decorator.py
[2025-10-15T07:55:54.324+0000] {processor.py:840} INFO - DAG(s) 'example_sensor_decorator' retrieved from /home/airflow/.local/lib/python3.8/site-packages/airflow/example_dags/example_sensor_decorator.py
[2025-10-15T07:55:54.341+0000] {logging_mixin.py:188} INFO - [2025-10-15T07:55:54.340+0000] {dag.py:3047} INFO - Sync 1 DAGs
[2025-10-15T07:55:54.353+0000] {logging_mixin.py:188} INFO - [2025-10-15T07:55:54.353+0000] {dag.py:3834} INFO - Setting next_dagrun for example_sensor_decorator to None, run_after=None
[2025-10-15T07:55:54.371+0000] {processor.py:183} INFO - Processing /home/airflow/.local/lib/python3.8/site-packages/airflow/example_dags/example_sensor_decorator.py took 0.058 seconds
[2025-10-15T07:56:24.703+0000] {processor.py:161} INFO - Started process (PID=1856) to work on /home/airflow/.local/lib/python3.8/site-packages/airflow/example_dags/example_sensor_decorator.py
[2025-10-15T07:56:24.703+0000] {processor.py:830} INFO - Processing file /home/airflow/.local/lib/python3.8/site-packages/airflow/example_dags/example_sensor_decorator.py for tasks to queue
[2025-10-15T07:56:24.705+0000] {logging_mixin.py:188} INFO - [2025-10-15T07:56:24.705+0000] {dagbag.py:540} INFO - Filling up the DagBag from /home/airflow/.local/lib/python3.8/site-packages/airflow/example_dags/example_sensor_decorator.py
[2025-10-15T07:56:24.710+0000] {processor.py:840} INFO - DAG(s) 'example_sensor_decorator' retrieved from /home/airflow/.local/lib/python3.8/site-packages/airflow/example_dags/example_sensor_decorator.py
[2025-10-15T07:56:24.727+0000] {logging_mixin.py:188} INFO - [2025-10-15T07:56:24.727+0000] {dag.py:3047} INFO - Sync 1 DAGs
[2025-10-15T07:56:24.738+0000] {logging_mixin.py:188} INFO - [2025-10-15T07:56:24.738+0000] {dag.py:3834} INFO - Setting next_dagrun for example_sensor_decorator to None, run_after=None
[2025-10-15T07:56:24.764+0000] {processor.py:183} INFO - Processing /home/airflow/.local/lib/python3.8/site-packages/airflow/example_dags/example_sensor_decorator.py took 0.065 seconds
[2025-10-15T07:56:54.972+0000] {processor.py:161} INFO - Started process (PID=1916) to work on /home/airflow/.local/lib/python3.8/site-packages/airflow/example_dags/example_sensor_decorator.py
[2025-10-15T07:56:54.973+0000] {processor.py:830} INFO - Processing file /home/airflow/.local/lib/python3.8/site-packages/airflow/example_dags/example_sensor_decorator.py for tasks to queue
[2025-10-15T07:56:54.974+0000] {logging_mixin.py:188} INFO - [2025-10-15T07:56:54.974+0000] {dagbag.py:540} INFO - Filling up the DagBag from /home/airflow/.local/lib/python3.8/site-packages/airflow/example_dags/example_sensor_decorator.py
[2025-10-15T07:56:54.980+0000] {processor.py:840} INFO - DAG(s) 'example_sensor_decorator' retrieved from /home/airflow/.local/lib/python3.8/site-packages/airflow/example_dags/example_sensor_decorator.py
[2025-10-15T07:56:54.997+0000] {logging_mixin.py:188} INFO - [2025-10-15T07:56:54.997+0000] {dag.py:3047} INFO - Sync 1 DAGs
[2025-10-15T07:56:55.008+0000] {logging_mixin.py:188} INFO - [2025-10-15T07:56:55.008+0000] {dag.py:3834} INFO - Setting next_dagrun for example_sensor_decorator to None, run_after=None
[2025-10-15T07:56:55.023+0000] {processor.py:183} INFO - Processing /home/airflow/.local/lib/python3.8/site-packages/airflow/example_dags/example_sensor_decorator.py took 0.055 seconds
[2025-10-15T07:57:25.181+0000] {processor.py:161} INFO - Started process (PID=1977) to work on /home/airflow/.local/lib/python3.8/site-packages/airflow/example_dags/example_sensor_decorator.py
[2025-10-15T07:57:25.182+0000] {processor.py:830} INFO - Processing file /home/airflow/.local/lib/python3.8/site-packages/airflow/example_dags/example_sensor_decorator.py for tasks to queue
[2025-10-15T07:57:25.184+0000] {logging_mixin.py:188} INFO - [2025-10-15T07:57:25.183+0000] {dagbag.py:540} INFO - Filling up the DagBag from /home/airflow/.local/lib/python3.8/site-packages/airflow/example_dags/example_sensor_decorator.py
[2025-10-15T07:57:25.189+0000] {processor.py:840} INFO - DAG(s) 'example_sensor_decorator' retrieved from /home/airflow/.local/lib/python3.8/site-packages/airflow/example_dags/example_sensor_decorator.py
[2025-10-15T07:57:25.207+0000] {logging_mixin.py:188} INFO - [2025-10-15T07:57:25.207+0000] {dag.py:3047} INFO - Sync 1 DAGs
[2025-10-15T07:57:25.218+0000] {logging_mixin.py:188} INFO - [2025-10-15T07:57:25.218+0000] {dag.py:3834} INFO - Setting next_dagrun for example_sensor_decorator to None, run_after=None
[2025-10-15T07:57:25.235+0000] {processor.py:183} INFO - Processing /home/airflow/.local/lib/python3.8/site-packages/airflow/example_dags/example_sensor_decorator.py took 0.056 seconds
[2025-10-15T07:57:55.672+0000] {processor.py:161} INFO - Started process (PID=2038) to work on /home/airflow/.local/lib/python3.8/site-packages/airflow/example_dags/example_sensor_decorator.py
[2025-10-15T07:57:55.672+0000] {processor.py:830} INFO - Processing file /home/airflow/.local/lib/python3.8/site-packages/airflow/example_dags/example_sensor_decorator.py for tasks to queue
[2025-10-15T07:57:55.674+0000] {logging_mixin.py:188} INFO - [2025-10-15T07:57:55.674+0000] {dagbag.py:540} INFO - Filling up the DagBag from /home/airflow/.local/lib/python3.8/site-packages/airflow/example_dags/example_sensor_decorator.py
[2025-10-15T07:57:55.679+0000] {processor.py:840} INFO - DAG(s) 'example_sensor_decorator' retrieved from /home/airflow/.local/lib/python3.8/site-packages/airflow/example_dags/example_sensor_decorator.py
[2025-10-15T07:57:55.694+0000] {logging_mixin.py:188} INFO - [2025-10-15T07:57:55.693+0000] {dag.py:3047} INFO - Sync 1 DAGs
[2025-10-15T07:57:55.704+0000] {logging_mixin.py:188} INFO - [2025-10-15T07:57:55.704+0000] {dag.py:3834} INFO - Setting next_dagrun for example_sensor_decorator to None, run_after=None
[2025-10-15T07:57:55.718+0000] {processor.py:183} INFO - Processing /home/airflow/.local/lib/python3.8/site-packages/airflow/example_dags/example_sensor_decorator.py took 0.049 seconds
[2025-10-15T07:58:26.065+0000] {processor.py:161} INFO - Started process (PID=2097) to work on /home/airflow/.local/lib/python3.8/site-packages/airflow/example_dags/example_sensor_decorator.py
[2025-10-15T07:58:26.066+0000] {processor.py:830} INFO - Processing file /home/airflow/.local/lib/python3.8/site-packages/airflow/example_dags/example_sensor_decorator.py for tasks to queue
[2025-10-15T07:58:26.068+0000] {logging_mixin.py:188} INFO - [2025-10-15T07:58:26.068+0000] {dagbag.py:540} INFO - Filling up the DagBag from /home/airflow/.local/lib/python3.8/site-packages/airflow/example_dags/example_sensor_decorator.py
[2025-10-15T07:58:26.074+0000] {processor.py:840} INFO - DAG(s) 'example_sensor_decorator' retrieved from /home/airflow/.local/lib/python3.8/site-packages/airflow/example_dags/example_sensor_decorator.py
[2025-10-15T07:58:26.091+0000] {logging_mixin.py:188} INFO - [2025-10-15T07:58:26.091+0000] {dag.py:3047} INFO - Sync 1 DAGs
[2025-10-15T07:58:26.102+0000] {logging_mixin.py:188} INFO - [2025-10-15T07:58:26.102+0000] {dag.py:3834} INFO - Setting next_dagrun for example_sensor_decorator to None, run_after=None
[2025-10-15T07:58:26.120+0000] {processor.py:183} INFO - Processing /home/airflow/.local/lib/python3.8/site-packages/airflow/example_dags/example_sensor_decorator.py took 0.058 seconds
[2025-10-15T07:58:56.955+0000] {processor.py:161} INFO - Started process (PID=2158) to work on /home/airflow/.local/lib/python3.8/site-packages/airflow/example_dags/example_sensor_decorator.py
[2025-10-15T07:58:56.956+0000] {processor.py:830} INFO - Processing file /home/airflow/.local/lib/python3.8/site-packages/airflow/example_dags/example_sensor_decorator.py for tasks to queue
[2025-10-15T07:58:56.958+0000] {logging_mixin.py:188} INFO - [2025-10-15T07:58:56.958+0000] {dagbag.py:540} INFO - Filling up the DagBag from /home/airflow/.local/lib/python3.8/site-packages/airflow/example_dags/example_sensor_decorator.py
[2025-10-15T07:58:56.963+0000] {processor.py:840} INFO - DAG(s) 'example_sensor_decorator' retrieved from /home/airflow/.local/lib/python3.8/site-packages/airflow/example_dags/example_sensor_decorator.py
[2025-10-15T07:58:56.979+0000] {logging_mixin.py:188} INFO - [2025-10-15T07:58:56.979+0000] {dag.py:3047} INFO - Sync 1 DAGs
[2025-10-15T07:58:56.990+0000] {logging_mixin.py:188} INFO - [2025-10-15T07:58:56.989+0000] {dag.py:3834} INFO - Setting next_dagrun for example_sensor_decorator to None, run_after=None
[2025-10-15T07:58:57.005+0000] {processor.py:183} INFO - Processing /home/airflow/.local/lib/python3.8/site-packages/airflow/example_dags/example_sensor_decorator.py took 0.052 seconds
[2025-10-15T07:59:27.112+0000] {processor.py:161} INFO - Started process (PID=2218) to work on /home/airflow/.local/lib/python3.8/site-packages/airflow/example_dags/example_sensor_decorator.py
[2025-10-15T07:59:27.113+0000] {processor.py:830} INFO - Processing file /home/airflow/.local/lib/python3.8/site-packages/airflow/example_dags/example_sensor_decorator.py for tasks to queue
[2025-10-15T07:59:27.115+0000] {logging_mixin.py:188} INFO - [2025-10-15T07:59:27.115+0000] {dagbag.py:540} INFO - Filling up the DagBag from /home/airflow/.local/lib/python3.8/site-packages/airflow/example_dags/example_sensor_decorator.py
[2025-10-15T07:59:27.120+0000] {processor.py:840} INFO - DAG(s) 'example_sensor_decorator' retrieved from /home/airflow/.local/lib/python3.8/site-packages/airflow/example_dags/example_sensor_decorator.py
[2025-10-15T07:59:27.136+0000] {logging_mixin.py:188} INFO - [2025-10-15T07:59:27.136+0000] {dag.py:3047} INFO - Sync 1 DAGs
[2025-10-15T07:59:27.146+0000] {logging_mixin.py:188} INFO - [2025-10-15T07:59:27.146+0000] {dag.py:3834} INFO - Setting next_dagrun for example_sensor_decorator to None, run_after=None
[2025-10-15T07:59:27.162+0000] {processor.py:183} INFO - Processing /home/airflow/.local/lib/python3.8/site-packages/airflow/example_dags/example_sensor_decorator.py took 0.053 seconds
[2025-10-15T07:59:57.257+0000] {processor.py:161} INFO - Started process (PID=2277) to work on /home/airflow/.local/lib/python3.8/site-packages/airflow/example_dags/example_sensor_decorator.py
[2025-10-15T07:59:57.258+0000] {processor.py:830} INFO - Processing file /home/airflow/.local/lib/python3.8/site-packages/airflow/example_dags/example_sensor_decorator.py for tasks to queue
[2025-10-15T07:59:57.259+0000] {logging_mixin.py:188} INFO - [2025-10-15T07:59:57.259+0000] {dagbag.py:540} INFO - Filling up the DagBag from /home/airflow/.local/lib/python3.8/site-packages/airflow/example_dags/example_sensor_decorator.py
[2025-10-15T07:59:57.265+0000] {processor.py:840} INFO - DAG(s) 'example_sensor_decorator' retrieved from /home/airflow/.local/lib/python3.8/site-packages/airflow/example_dags/example_sensor_decorator.py
[2025-10-15T07:59:57.284+0000] {logging_mixin.py:188} INFO - [2025-10-15T07:59:57.283+0000] {dag.py:3047} INFO - Sync 1 DAGs
[2025-10-15T07:59:57.294+0000] {logging_mixin.py:188} INFO - [2025-10-15T07:59:57.294+0000] {dag.py:3834} INFO - Setting next_dagrun for example_sensor_decorator to None, run_after=None
[2025-10-15T07:59:57.309+0000] {processor.py:183} INFO - Processing /home/airflow/.local/lib/python3.8/site-packages/airflow/example_dags/example_sensor_decorator.py took 0.055 seconds
[2025-10-15T08:00:27.481+0000] {processor.py:161} INFO - Started process (PID=2338) to work on /home/airflow/.local/lib/python3.8/site-packages/airflow/example_dags/example_sensor_decorator.py
[2025-10-15T08:00:27.481+0000] {processor.py:830} INFO - Processing file /home/airflow/.local/lib/python3.8/site-packages/airflow/example_dags/example_sensor_decorator.py for tasks to queue
[2025-10-15T08:00:27.482+0000] {logging_mixin.py:188} INFO - [2025-10-15T08:00:27.482+0000] {dagbag.py:540} INFO - Filling up the DagBag from /home/airflow/.local/lib/python3.8/site-packages/airflow/example_dags/example_sensor_decorator.py
[2025-10-15T08:00:27.488+0000] {processor.py:840} INFO - DAG(s) 'example_sensor_decorator' retrieved from /home/airflow/.local/lib/python3.8/site-packages/airflow/example_dags/example_sensor_decorator.py
[2025-10-15T08:00:27.505+0000] {logging_mixin.py:188} INFO - [2025-10-15T08:00:27.505+0000] {dag.py:3047} INFO - Sync 1 DAGs
[2025-10-15T08:00:27.515+0000] {logging_mixin.py:188} INFO - [2025-10-15T08:00:27.515+0000] {dag.py:3834} INFO - Setting next_dagrun for example_sensor_decorator to None, run_after=None
[2025-10-15T08:00:27.536+0000] {processor.py:183} INFO - Processing /home/airflow/.local/lib/python3.8/site-packages/airflow/example_dags/example_sensor_decorator.py took 0.058 seconds
[2025-10-15T08:00:57.841+0000] {processor.py:161} INFO - Started process (PID=2401) to work on /home/airflow/.local/lib/python3.8/site-packages/airflow/example_dags/example_sensor_decorator.py
[2025-10-15T08:00:57.842+0000] {processor.py:830} INFO - Processing file /home/airflow/.local/lib/python3.8/site-packages/airflow/example_dags/example_sensor_decorator.py for tasks to queue
[2025-10-15T08:00:57.843+0000] {logging_mixin.py:188} INFO - [2025-10-15T08:00:57.843+0000] {dagbag.py:540} INFO - Filling up the DagBag from /home/airflow/.local/lib/python3.8/site-packages/airflow/example_dags/example_sensor_decorator.py
[2025-10-15T08:00:57.849+0000] {processor.py:840} INFO - DAG(s) 'example_sensor_decorator' retrieved from /home/airflow/.local/lib/python3.8/site-packages/airflow/example_dags/example_sensor_decorator.py
[2025-10-15T08:00:57.867+0000] {logging_mixin.py:188} INFO - [2025-10-15T08:00:57.866+0000] {dag.py:3047} INFO - Sync 1 DAGs
[2025-10-15T08:00:57.878+0000] {logging_mixin.py:188} INFO - [2025-10-15T08:00:57.878+0000] {dag.py:3834} INFO - Setting next_dagrun for example_sensor_decorator to None, run_after=None
[2025-10-15T08:00:57.895+0000] {processor.py:183} INFO - Processing /home/airflow/.local/lib/python3.8/site-packages/airflow/example_dags/example_sensor_decorator.py took 0.056 seconds
[2025-10-15T08:01:28.184+0000] {processor.py:161} INFO - Started process (PID=2464) to work on /home/airflow/.local/lib/python3.8/site-packages/airflow/example_dags/example_sensor_decorator.py
[2025-10-15T08:01:28.185+0000] {processor.py:830} INFO - Processing file /home/airflow/.local/lib/python3.8/site-packages/airflow/example_dags/example_sensor_decorator.py for tasks to queue
[2025-10-15T08:01:28.186+0000] {logging_mixin.py:188} INFO - [2025-10-15T08:01:28.186+0000] {dagbag.py:540} INFO - Filling up the DagBag from /home/airflow/.local/lib/python3.8/site-packages/airflow/example_dags/example_sensor_decorator.py
[2025-10-15T08:01:28.191+0000] {processor.py:840} INFO - DAG(s) 'example_sensor_decorator' retrieved from /home/airflow/.local/lib/python3.8/site-packages/airflow/example_dags/example_sensor_decorator.py
[2025-10-15T08:01:28.208+0000] {logging_mixin.py:188} INFO - [2025-10-15T08:01:28.208+0000] {dag.py:3047} INFO - Sync 1 DAGs
[2025-10-15T08:01:28.219+0000] {logging_mixin.py:188} INFO - [2025-10-15T08:01:28.218+0000] {dag.py:3834} INFO - Setting next_dagrun for example_sensor_decorator to None, run_after=None
[2025-10-15T08:01:28.237+0000] {processor.py:183} INFO - Processing /home/airflow/.local/lib/python3.8/site-packages/airflow/example_dags/example_sensor_decorator.py took 0.055 seconds
[2025-10-15T08:01:58.436+0000] {processor.py:161} INFO - Started process (PID=2524) to work on /home/airflow/.local/lib/python3.8/site-packages/airflow/example_dags/example_sensor_decorator.py
[2025-10-15T08:01:58.437+0000] {processor.py:830} INFO - Processing file /home/airflow/.local/lib/python3.8/site-packages/airflow/example_dags/example_sensor_decorator.py for tasks to queue
[2025-10-15T08:01:58.438+0000] {logging_mixin.py:188} INFO - [2025-10-15T08:01:58.437+0000] {dagbag.py:540} INFO - Filling up the DagBag from /home/airflow/.local/lib/python3.8/site-packages/airflow/example_dags/example_sensor_decorator.py
[2025-10-15T08:01:58.443+0000] {processor.py:840} INFO - DAG(s) 'example_sensor_decorator' retrieved from /home/airflow/.local/lib/python3.8/site-packages/airflow/example_dags/example_sensor_decorator.py
[2025-10-15T08:01:58.460+0000] {logging_mixin.py:188} INFO - [2025-10-15T08:01:58.459+0000] {dag.py:3047} INFO - Sync 1 DAGs
[2025-10-15T08:01:58.471+0000] {logging_mixin.py:188} INFO - [2025-10-15T08:01:58.471+0000] {dag.py:3834} INFO - Setting next_dagrun for example_sensor_decorator to None, run_after=None
[2025-10-15T08:01:58.487+0000] {processor.py:183} INFO - Processing /home/airflow/.local/lib/python3.8/site-packages/airflow/example_dags/example_sensor_decorator.py took 0.054 seconds
[2025-10-15T08:02:29.201+0000] {processor.py:161} INFO - Started process (PID=2586) to work on /home/airflow/.local/lib/python3.8/site-packages/airflow/example_dags/example_sensor_decorator.py
[2025-10-15T08:02:29.202+0000] {processor.py:830} INFO - Processing file /home/airflow/.local/lib/python3.8/site-packages/airflow/example_dags/example_sensor_decorator.py for tasks to queue
[2025-10-15T08:02:29.203+0000] {logging_mixin.py:188} INFO - [2025-10-15T08:02:29.203+0000] {dagbag.py:540} INFO - Filling up the DagBag from /home/airflow/.local/lib/python3.8/site-packages/airflow/example_dags/example_sensor_decorator.py
[2025-10-15T08:02:29.208+0000] {processor.py:840} INFO - DAG(s) 'example_sensor_decorator' retrieved from /home/airflow/.local/lib/python3.8/site-packages/airflow/example_dags/example_sensor_decorator.py
[2025-10-15T08:02:29.226+0000] {logging_mixin.py:188} INFO - [2025-10-15T08:02:29.225+0000] {dag.py:3047} INFO - Sync 1 DAGs
[2025-10-15T08:02:29.236+0000] {logging_mixin.py:188} INFO - [2025-10-15T08:02:29.236+0000] {dag.py:3834} INFO - Setting next_dagrun for example_sensor_decorator to None, run_after=None
[2025-10-15T08:02:29.253+0000] {processor.py:183} INFO - Processing /home/airflow/.local/lib/python3.8/site-packages/airflow/example_dags/example_sensor_decorator.py took 0.054 seconds
[2025-10-15T08:02:59.824+0000] {processor.py:161} INFO - Started process (PID=2647) to work on /home/airflow/.local/lib/python3.8/site-packages/airflow/example_dags/example_sensor_decorator.py
[2025-10-15T08:02:59.825+0000] {processor.py:830} INFO - Processing file /home/airflow/.local/lib/python3.8/site-packages/airflow/example_dags/example_sensor_decorator.py for tasks to queue
[2025-10-15T08:02:59.826+0000] {logging_mixin.py:188} INFO - [2025-10-15T08:02:59.826+0000] {dagbag.py:540} INFO - Filling up the DagBag from /home/airflow/.local/lib/python3.8/site-packages/airflow/example_dags/example_sensor_decorator.py
[2025-10-15T08:02:59.833+0000] {processor.py:840} INFO - DAG(s) 'example_sensor_decorator' retrieved from /home/airflow/.local/lib/python3.8/site-packages/airflow/example_dags/example_sensor_decorator.py
[2025-10-15T08:02:59.850+0000] {logging_mixin.py:188} INFO - [2025-10-15T08:02:59.850+0000] {dag.py:3047} INFO - Sync 1 DAGs
[2025-10-15T08:02:59.862+0000] {logging_mixin.py:188} INFO - [2025-10-15T08:02:59.862+0000] {dag.py:3834} INFO - Setting next_dagrun for example_sensor_decorator to None, run_after=None
[2025-10-15T08:02:59.883+0000] {processor.py:183} INFO - Processing /home/airflow/.local/lib/python3.8/site-packages/airflow/example_dags/example_sensor_decorator.py took 0.062 seconds
