[2025-10-15T07:41:43.187+0000] {processor.py:161} INFO - Started process (PID=112) to work on /home/airflow/.local/lib/python3.8/site-packages/airflow/example_dags/example_complex.py
[2025-10-15T07:41:43.187+0000] {processor.py:830} INFO - Processing file /home/airflow/.local/lib/python3.8/site-packages/airflow/example_dags/example_complex.py for tasks to queue
[2025-10-15T07:41:43.189+0000] {logging_mixin.py:188} INFO - [2025-10-15T07:41:43.189+0000] {dagbag.py:540} INFO - Filling up the DagBag from /home/airflow/.local/lib/python3.8/site-packages/airflow/example_dags/example_complex.py
[2025-10-15T07:41:43.202+0000] {processor.py:840} INFO - DAG(s) 'example_complex' retrieved from /home/airflow/.local/lib/python3.8/site-packages/airflow/example_dags/example_complex.py
[2025-10-15T07:41:43.306+0000] {logging_mixin.py:188} INFO - [2025-10-15T07:41:43.305+0000] {dag.py:3047} INFO - Sync 1 DAGs
[2025-10-15T07:41:43.317+0000] {logging_mixin.py:188} INFO - [2025-10-15T07:41:43.317+0000] {dag.py:3834} INFO - Setting next_dagrun for example_complex to None, run_after=None
[2025-10-15T07:41:43.337+0000] {processor.py:183} INFO - Processing /home/airflow/.local/lib/python3.8/site-packages/airflow/example_dags/example_complex.py took 0.153 seconds
[2025-10-15T07:42:14.044+0000] {processor.py:161} INFO - Started process (PID=173) to work on /home/airflow/.local/lib/python3.8/site-packages/airflow/example_dags/example_complex.py
[2025-10-15T07:42:14.045+0000] {processor.py:830} INFO - Processing file /home/airflow/.local/lib/python3.8/site-packages/airflow/example_dags/example_complex.py for tasks to queue
[2025-10-15T07:42:14.047+0000] {logging_mixin.py:188} INFO - [2025-10-15T07:42:14.047+0000] {dagbag.py:540} INFO - Filling up the DagBag from /home/airflow/.local/lib/python3.8/site-packages/airflow/example_dags/example_complex.py
[2025-10-15T07:42:14.057+0000] {processor.py:840} INFO - DAG(s) 'example_complex' retrieved from /home/airflow/.local/lib/python3.8/site-packages/airflow/example_dags/example_complex.py
[2025-10-15T07:42:14.083+0000] {logging_mixin.py:188} INFO - [2025-10-15T07:42:14.083+0000] {dag.py:3047} INFO - Sync 1 DAGs
[2025-10-15T07:42:14.094+0000] {logging_mixin.py:188} INFO - [2025-10-15T07:42:14.093+0000] {dag.py:3834} INFO - Setting next_dagrun for example_complex to None, run_after=None
[2025-10-15T07:42:14.110+0000] {processor.py:183} INFO - Processing /home/airflow/.local/lib/python3.8/site-packages/airflow/example_dags/example_complex.py took 0.069 seconds
[2025-10-15T07:42:44.419+0000] {processor.py:161} INFO - Started process (PID=233) to work on /home/airflow/.local/lib/python3.8/site-packages/airflow/example_dags/example_complex.py
[2025-10-15T07:42:44.420+0000] {processor.py:830} INFO - Processing file /home/airflow/.local/lib/python3.8/site-packages/airflow/example_dags/example_complex.py for tasks to queue
[2025-10-15T07:42:44.422+0000] {logging_mixin.py:188} INFO - [2025-10-15T07:42:44.421+0000] {dagbag.py:540} INFO - Filling up the DagBag from /home/airflow/.local/lib/python3.8/site-packages/airflow/example_dags/example_complex.py
[2025-10-15T07:42:44.432+0000] {processor.py:840} INFO - DAG(s) 'example_complex' retrieved from /home/airflow/.local/lib/python3.8/site-packages/airflow/example_dags/example_complex.py
[2025-10-15T07:42:44.460+0000] {logging_mixin.py:188} INFO - [2025-10-15T07:42:44.459+0000] {dag.py:3047} INFO - Sync 1 DAGs
[2025-10-15T07:42:44.471+0000] {logging_mixin.py:188} INFO - [2025-10-15T07:42:44.471+0000] {dag.py:3834} INFO - Setting next_dagrun for example_complex to None, run_after=None
[2025-10-15T07:42:44.491+0000] {processor.py:183} INFO - Processing /home/airflow/.local/lib/python3.8/site-packages/airflow/example_dags/example_complex.py took 0.074 seconds
[2025-10-15T07:43:14.869+0000] {processor.py:161} INFO - Started process (PID=293) to work on /home/airflow/.local/lib/python3.8/site-packages/airflow/example_dags/example_complex.py
[2025-10-15T07:43:14.870+0000] {processor.py:830} INFO - Processing file /home/airflow/.local/lib/python3.8/site-packages/airflow/example_dags/example_complex.py for tasks to queue
[2025-10-15T07:43:14.872+0000] {logging_mixin.py:188} INFO - [2025-10-15T07:43:14.872+0000] {dagbag.py:540} INFO - Filling up the DagBag from /home/airflow/.local/lib/python3.8/site-packages/airflow/example_dags/example_complex.py
[2025-10-15T07:43:14.885+0000] {processor.py:840} INFO - DAG(s) 'example_complex' retrieved from /home/airflow/.local/lib/python3.8/site-packages/airflow/example_dags/example_complex.py
[2025-10-15T07:43:14.918+0000] {logging_mixin.py:188} INFO - [2025-10-15T07:43:14.918+0000] {dag.py:3047} INFO - Sync 1 DAGs
[2025-10-15T07:43:14.935+0000] {logging_mixin.py:188} INFO - [2025-10-15T07:43:14.935+0000] {dag.py:3834} INFO - Setting next_dagrun for example_complex to None, run_after=None
[2025-10-15T07:43:14.956+0000] {processor.py:183} INFO - Processing /home/airflow/.local/lib/python3.8/site-packages/airflow/example_dags/example_complex.py took 0.091 seconds
[2025-10-15T07:43:45.139+0000] {processor.py:161} INFO - Started process (PID=353) to work on /home/airflow/.local/lib/python3.8/site-packages/airflow/example_dags/example_complex.py
[2025-10-15T07:43:45.140+0000] {processor.py:830} INFO - Processing file /home/airflow/.local/lib/python3.8/site-packages/airflow/example_dags/example_complex.py for tasks to queue
[2025-10-15T07:43:45.142+0000] {logging_mixin.py:188} INFO - [2025-10-15T07:43:45.141+0000] {dagbag.py:540} INFO - Filling up the DagBag from /home/airflow/.local/lib/python3.8/site-packages/airflow/example_dags/example_complex.py
[2025-10-15T07:43:45.152+0000] {processor.py:840} INFO - DAG(s) 'example_complex' retrieved from /home/airflow/.local/lib/python3.8/site-packages/airflow/example_dags/example_complex.py
[2025-10-15T07:43:45.181+0000] {logging_mixin.py:188} INFO - [2025-10-15T07:43:45.180+0000] {dag.py:3047} INFO - Sync 1 DAGs
[2025-10-15T07:43:45.194+0000] {logging_mixin.py:188} INFO - [2025-10-15T07:43:45.194+0000] {dag.py:3834} INFO - Setting next_dagrun for example_complex to None, run_after=None
[2025-10-15T07:43:45.215+0000] {processor.py:183} INFO - Processing /home/airflow/.local/lib/python3.8/site-packages/airflow/example_dags/example_complex.py took 0.079 seconds
[2025-10-15T07:44:15.683+0000] {processor.py:161} INFO - Started process (PID=413) to work on /home/airflow/.local/lib/python3.8/site-packages/airflow/example_dags/example_complex.py
[2025-10-15T07:44:15.684+0000] {processor.py:830} INFO - Processing file /home/airflow/.local/lib/python3.8/site-packages/airflow/example_dags/example_complex.py for tasks to queue
[2025-10-15T07:44:15.686+0000] {logging_mixin.py:188} INFO - [2025-10-15T07:44:15.685+0000] {dagbag.py:540} INFO - Filling up the DagBag from /home/airflow/.local/lib/python3.8/site-packages/airflow/example_dags/example_complex.py
[2025-10-15T07:44:15.695+0000] {processor.py:840} INFO - DAG(s) 'example_complex' retrieved from /home/airflow/.local/lib/python3.8/site-packages/airflow/example_dags/example_complex.py
[2025-10-15T07:44:15.721+0000] {logging_mixin.py:188} INFO - [2025-10-15T07:44:15.721+0000] {dag.py:3047} INFO - Sync 1 DAGs
[2025-10-15T07:44:15.733+0000] {logging_mixin.py:188} INFO - [2025-10-15T07:44:15.733+0000] {dag.py:3834} INFO - Setting next_dagrun for example_complex to None, run_after=None
[2025-10-15T07:44:15.750+0000] {processor.py:183} INFO - Processing /home/airflow/.local/lib/python3.8/site-packages/airflow/example_dags/example_complex.py took 0.069 seconds
[2025-10-15T07:44:45.837+0000] {processor.py:161} INFO - Started process (PID=473) to work on /home/airflow/.local/lib/python3.8/site-packages/airflow/example_dags/example_complex.py
[2025-10-15T07:44:45.838+0000] {processor.py:830} INFO - Processing file /home/airflow/.local/lib/python3.8/site-packages/airflow/example_dags/example_complex.py for tasks to queue
[2025-10-15T07:44:45.840+0000] {logging_mixin.py:188} INFO - [2025-10-15T07:44:45.839+0000] {dagbag.py:540} INFO - Filling up the DagBag from /home/airflow/.local/lib/python3.8/site-packages/airflow/example_dags/example_complex.py
[2025-10-15T07:44:45.850+0000] {processor.py:840} INFO - DAG(s) 'example_complex' retrieved from /home/airflow/.local/lib/python3.8/site-packages/airflow/example_dags/example_complex.py
[2025-10-15T07:44:45.877+0000] {logging_mixin.py:188} INFO - [2025-10-15T07:44:45.876+0000] {dag.py:3047} INFO - Sync 1 DAGs
[2025-10-15T07:44:45.888+0000] {logging_mixin.py:188} INFO - [2025-10-15T07:44:45.888+0000] {dag.py:3834} INFO - Setting next_dagrun for example_complex to None, run_after=None
[2025-10-15T07:44:45.908+0000] {processor.py:183} INFO - Processing /home/airflow/.local/lib/python3.8/site-packages/airflow/example_dags/example_complex.py took 0.074 seconds
[2025-10-15T07:45:16.208+0000] {processor.py:161} INFO - Started process (PID=534) to work on /home/airflow/.local/lib/python3.8/site-packages/airflow/example_dags/example_complex.py
[2025-10-15T07:45:16.209+0000] {processor.py:830} INFO - Processing file /home/airflow/.local/lib/python3.8/site-packages/airflow/example_dags/example_complex.py for tasks to queue
[2025-10-15T07:45:16.211+0000] {logging_mixin.py:188} INFO - [2025-10-15T07:45:16.210+0000] {dagbag.py:540} INFO - Filling up the DagBag from /home/airflow/.local/lib/python3.8/site-packages/airflow/example_dags/example_complex.py
[2025-10-15T07:45:16.221+0000] {processor.py:840} INFO - DAG(s) 'example_complex' retrieved from /home/airflow/.local/lib/python3.8/site-packages/airflow/example_dags/example_complex.py
[2025-10-15T07:45:16.249+0000] {logging_mixin.py:188} INFO - [2025-10-15T07:45:16.249+0000] {dag.py:3047} INFO - Sync 1 DAGs
[2025-10-15T07:45:16.261+0000] {logging_mixin.py:188} INFO - [2025-10-15T07:45:16.261+0000] {dag.py:3834} INFO - Setting next_dagrun for example_complex to None, run_after=None
[2025-10-15T07:45:16.280+0000] {processor.py:183} INFO - Processing /home/airflow/.local/lib/python3.8/site-packages/airflow/example_dags/example_complex.py took 0.075 seconds
[2025-10-15T07:45:46.545+0000] {processor.py:161} INFO - Started process (PID=594) to work on /home/airflow/.local/lib/python3.8/site-packages/airflow/example_dags/example_complex.py
[2025-10-15T07:45:46.546+0000] {processor.py:830} INFO - Processing file /home/airflow/.local/lib/python3.8/site-packages/airflow/example_dags/example_complex.py for tasks to queue
[2025-10-15T07:45:46.547+0000] {logging_mixin.py:188} INFO - [2025-10-15T07:45:46.547+0000] {dagbag.py:540} INFO - Filling up the DagBag from /home/airflow/.local/lib/python3.8/site-packages/airflow/example_dags/example_complex.py
[2025-10-15T07:45:46.558+0000] {processor.py:840} INFO - DAG(s) 'example_complex' retrieved from /home/airflow/.local/lib/python3.8/site-packages/airflow/example_dags/example_complex.py
[2025-10-15T07:45:46.584+0000] {logging_mixin.py:188} INFO - [2025-10-15T07:45:46.584+0000] {dag.py:3047} INFO - Sync 1 DAGs
[2025-10-15T07:45:46.595+0000] {logging_mixin.py:188} INFO - [2025-10-15T07:45:46.595+0000] {dag.py:3834} INFO - Setting next_dagrun for example_complex to None, run_after=None
[2025-10-15T07:45:46.613+0000] {processor.py:183} INFO - Processing /home/airflow/.local/lib/python3.8/site-packages/airflow/example_dags/example_complex.py took 0.070 seconds
[2025-10-15T07:46:17.335+0000] {processor.py:161} INFO - Started process (PID=654) to work on /home/airflow/.local/lib/python3.8/site-packages/airflow/example_dags/example_complex.py
[2025-10-15T07:46:17.336+0000] {processor.py:830} INFO - Processing file /home/airflow/.local/lib/python3.8/site-packages/airflow/example_dags/example_complex.py for tasks to queue
[2025-10-15T07:46:17.338+0000] {logging_mixin.py:188} INFO - [2025-10-15T07:46:17.338+0000] {dagbag.py:540} INFO - Filling up the DagBag from /home/airflow/.local/lib/python3.8/site-packages/airflow/example_dags/example_complex.py
[2025-10-15T07:46:17.349+0000] {processor.py:840} INFO - DAG(s) 'example_complex' retrieved from /home/airflow/.local/lib/python3.8/site-packages/airflow/example_dags/example_complex.py
[2025-10-15T07:46:17.376+0000] {logging_mixin.py:188} INFO - [2025-10-15T07:46:17.376+0000] {dag.py:3047} INFO - Sync 1 DAGs
[2025-10-15T07:46:17.388+0000] {logging_mixin.py:188} INFO - [2025-10-15T07:46:17.388+0000] {dag.py:3834} INFO - Setting next_dagrun for example_complex to None, run_after=None
[2025-10-15T07:46:17.407+0000] {processor.py:183} INFO - Processing /home/airflow/.local/lib/python3.8/site-packages/airflow/example_dags/example_complex.py took 0.074 seconds
[2025-10-15T07:46:48.007+0000] {processor.py:161} INFO - Started process (PID=714) to work on /home/airflow/.local/lib/python3.8/site-packages/airflow/example_dags/example_complex.py
[2025-10-15T07:46:48.008+0000] {processor.py:830} INFO - Processing file /home/airflow/.local/lib/python3.8/site-packages/airflow/example_dags/example_complex.py for tasks to queue
[2025-10-15T07:46:48.010+0000] {logging_mixin.py:188} INFO - [2025-10-15T07:46:48.009+0000] {dagbag.py:540} INFO - Filling up the DagBag from /home/airflow/.local/lib/python3.8/site-packages/airflow/example_dags/example_complex.py
[2025-10-15T07:46:48.019+0000] {processor.py:840} INFO - DAG(s) 'example_complex' retrieved from /home/airflow/.local/lib/python3.8/site-packages/airflow/example_dags/example_complex.py
[2025-10-15T07:46:48.046+0000] {logging_mixin.py:188} INFO - [2025-10-15T07:46:48.046+0000] {dag.py:3047} INFO - Sync 1 DAGs
[2025-10-15T07:46:48.057+0000] {logging_mixin.py:188} INFO - [2025-10-15T07:46:48.056+0000] {dag.py:3834} INFO - Setting next_dagrun for example_complex to None, run_after=None
[2025-10-15T07:46:48.075+0000] {processor.py:183} INFO - Processing /home/airflow/.local/lib/python3.8/site-packages/airflow/example_dags/example_complex.py took 0.070 seconds
[2025-10-15T07:47:18.859+0000] {processor.py:161} INFO - Started process (PID=774) to work on /home/airflow/.local/lib/python3.8/site-packages/airflow/example_dags/example_complex.py
[2025-10-15T07:47:18.860+0000] {processor.py:830} INFO - Processing file /home/airflow/.local/lib/python3.8/site-packages/airflow/example_dags/example_complex.py for tasks to queue
[2025-10-15T07:47:18.862+0000] {logging_mixin.py:188} INFO - [2025-10-15T07:47:18.862+0000] {dagbag.py:540} INFO - Filling up the DagBag from /home/airflow/.local/lib/python3.8/site-packages/airflow/example_dags/example_complex.py
[2025-10-15T07:47:18.872+0000] {processor.py:840} INFO - DAG(s) 'example_complex' retrieved from /home/airflow/.local/lib/python3.8/site-packages/airflow/example_dags/example_complex.py
[2025-10-15T07:47:18.897+0000] {logging_mixin.py:188} INFO - [2025-10-15T07:47:18.896+0000] {dag.py:3047} INFO - Sync 1 DAGs
[2025-10-15T07:47:18.909+0000] {logging_mixin.py:188} INFO - [2025-10-15T07:47:18.909+0000] {dag.py:3834} INFO - Setting next_dagrun for example_complex to None, run_after=None
[2025-10-15T07:47:18.927+0000] {processor.py:183} INFO - Processing /home/airflow/.local/lib/python3.8/site-packages/airflow/example_dags/example_complex.py took 0.070 seconds
[2025-10-15T07:47:49.170+0000] {processor.py:161} INFO - Started process (PID=834) to work on /home/airflow/.local/lib/python3.8/site-packages/airflow/example_dags/example_complex.py
[2025-10-15T07:47:49.171+0000] {processor.py:830} INFO - Processing file /home/airflow/.local/lib/python3.8/site-packages/airflow/example_dags/example_complex.py for tasks to queue
[2025-10-15T07:47:49.173+0000] {logging_mixin.py:188} INFO - [2025-10-15T07:47:49.173+0000] {dagbag.py:540} INFO - Filling up the DagBag from /home/airflow/.local/lib/python3.8/site-packages/airflow/example_dags/example_complex.py
[2025-10-15T07:47:49.183+0000] {processor.py:840} INFO - DAG(s) 'example_complex' retrieved from /home/airflow/.local/lib/python3.8/site-packages/airflow/example_dags/example_complex.py
[2025-10-15T07:47:49.208+0000] {logging_mixin.py:188} INFO - [2025-10-15T07:47:49.208+0000] {dag.py:3047} INFO - Sync 1 DAGs
[2025-10-15T07:47:49.218+0000] {logging_mixin.py:188} INFO - [2025-10-15T07:47:49.218+0000] {dag.py:3834} INFO - Setting next_dagrun for example_complex to None, run_after=None
[2025-10-15T07:47:49.233+0000] {processor.py:183} INFO - Processing /home/airflow/.local/lib/python3.8/site-packages/airflow/example_dags/example_complex.py took 0.066 seconds
[2025-10-15T07:48:19.506+0000] {processor.py:161} INFO - Started process (PID=894) to work on /home/airflow/.local/lib/python3.8/site-packages/airflow/example_dags/example_complex.py
[2025-10-15T07:48:19.507+0000] {processor.py:830} INFO - Processing file /home/airflow/.local/lib/python3.8/site-packages/airflow/example_dags/example_complex.py for tasks to queue
[2025-10-15T07:48:19.509+0000] {logging_mixin.py:188} INFO - [2025-10-15T07:48:19.508+0000] {dagbag.py:540} INFO - Filling up the DagBag from /home/airflow/.local/lib/python3.8/site-packages/airflow/example_dags/example_complex.py
[2025-10-15T07:48:19.519+0000] {processor.py:840} INFO - DAG(s) 'example_complex' retrieved from /home/airflow/.local/lib/python3.8/site-packages/airflow/example_dags/example_complex.py
[2025-10-15T07:48:19.549+0000] {logging_mixin.py:188} INFO - [2025-10-15T07:48:19.549+0000] {dag.py:3047} INFO - Sync 1 DAGs
[2025-10-15T07:48:19.561+0000] {logging_mixin.py:188} INFO - [2025-10-15T07:48:19.560+0000] {dag.py:3834} INFO - Setting next_dagrun for example_complex to None, run_after=None
[2025-10-15T07:48:19.579+0000] {processor.py:183} INFO - Processing /home/airflow/.local/lib/python3.8/site-packages/airflow/example_dags/example_complex.py took 0.076 seconds
[2025-10-15T07:48:49.623+0000] {processor.py:161} INFO - Started process (PID=953) to work on /home/airflow/.local/lib/python3.8/site-packages/airflow/example_dags/example_complex.py
[2025-10-15T07:48:49.624+0000] {processor.py:830} INFO - Processing file /home/airflow/.local/lib/python3.8/site-packages/airflow/example_dags/example_complex.py for tasks to queue
[2025-10-15T07:48:49.625+0000] {logging_mixin.py:188} INFO - [2025-10-15T07:48:49.625+0000] {dagbag.py:540} INFO - Filling up the DagBag from /home/airflow/.local/lib/python3.8/site-packages/airflow/example_dags/example_complex.py
[2025-10-15T07:48:49.635+0000] {processor.py:840} INFO - DAG(s) 'example_complex' retrieved from /home/airflow/.local/lib/python3.8/site-packages/airflow/example_dags/example_complex.py
[2025-10-15T07:48:49.663+0000] {logging_mixin.py:188} INFO - [2025-10-15T07:48:49.662+0000] {dag.py:3047} INFO - Sync 1 DAGs
[2025-10-15T07:48:49.673+0000] {logging_mixin.py:188} INFO - [2025-10-15T07:48:49.673+0000] {dag.py:3834} INFO - Setting next_dagrun for example_complex to None, run_after=None
[2025-10-15T07:48:49.689+0000] {processor.py:183} INFO - Processing /home/airflow/.local/lib/python3.8/site-packages/airflow/example_dags/example_complex.py took 0.069 seconds
[2025-10-15T07:49:20.105+0000] {processor.py:161} INFO - Started process (PID=1014) to work on /home/airflow/.local/lib/python3.8/site-packages/airflow/example_dags/example_complex.py
[2025-10-15T07:49:20.106+0000] {processor.py:830} INFO - Processing file /home/airflow/.local/lib/python3.8/site-packages/airflow/example_dags/example_complex.py for tasks to queue
[2025-10-15T07:49:20.107+0000] {logging_mixin.py:188} INFO - [2025-10-15T07:49:20.107+0000] {dagbag.py:540} INFO - Filling up the DagBag from /home/airflow/.local/lib/python3.8/site-packages/airflow/example_dags/example_complex.py
[2025-10-15T07:49:20.120+0000] {processor.py:840} INFO - DAG(s) 'example_complex' retrieved from /home/airflow/.local/lib/python3.8/site-packages/airflow/example_dags/example_complex.py
[2025-10-15T07:49:20.151+0000] {logging_mixin.py:188} INFO - [2025-10-15T07:49:20.151+0000] {dag.py:3047} INFO - Sync 1 DAGs
[2025-10-15T07:49:20.170+0000] {logging_mixin.py:188} INFO - [2025-10-15T07:49:20.169+0000] {dag.py:3834} INFO - Setting next_dagrun for example_complex to None, run_after=None
[2025-10-15T07:49:20.222+0000] {processor.py:183} INFO - Processing /home/airflow/.local/lib/python3.8/site-packages/airflow/example_dags/example_complex.py took 0.120 seconds
[2025-10-15T07:49:50.313+0000] {processor.py:161} INFO - Started process (PID=1074) to work on /home/airflow/.local/lib/python3.8/site-packages/airflow/example_dags/example_complex.py
[2025-10-15T07:49:50.313+0000] {processor.py:830} INFO - Processing file /home/airflow/.local/lib/python3.8/site-packages/airflow/example_dags/example_complex.py for tasks to queue
[2025-10-15T07:49:50.315+0000] {logging_mixin.py:188} INFO - [2025-10-15T07:49:50.315+0000] {dagbag.py:540} INFO - Filling up the DagBag from /home/airflow/.local/lib/python3.8/site-packages/airflow/example_dags/example_complex.py
[2025-10-15T07:49:50.325+0000] {processor.py:840} INFO - DAG(s) 'example_complex' retrieved from /home/airflow/.local/lib/python3.8/site-packages/airflow/example_dags/example_complex.py
[2025-10-15T07:49:50.352+0000] {logging_mixin.py:188} INFO - [2025-10-15T07:49:50.352+0000] {dag.py:3047} INFO - Sync 1 DAGs
[2025-10-15T07:49:50.363+0000] {logging_mixin.py:188} INFO - [2025-10-15T07:49:50.363+0000] {dag.py:3834} INFO - Setting next_dagrun for example_complex to None, run_after=None
[2025-10-15T07:49:50.380+0000] {processor.py:183} INFO - Processing /home/airflow/.local/lib/python3.8/site-packages/airflow/example_dags/example_complex.py took 0.070 seconds
[2025-10-15T07:50:21.038+0000] {processor.py:161} INFO - Started process (PID=1135) to work on /home/airflow/.local/lib/python3.8/site-packages/airflow/example_dags/example_complex.py
[2025-10-15T07:50:21.039+0000] {processor.py:830} INFO - Processing file /home/airflow/.local/lib/python3.8/site-packages/airflow/example_dags/example_complex.py for tasks to queue
[2025-10-15T07:50:21.041+0000] {logging_mixin.py:188} INFO - [2025-10-15T07:50:21.041+0000] {dagbag.py:540} INFO - Filling up the DagBag from /home/airflow/.local/lib/python3.8/site-packages/airflow/example_dags/example_complex.py
[2025-10-15T07:50:21.051+0000] {processor.py:840} INFO - DAG(s) 'example_complex' retrieved from /home/airflow/.local/lib/python3.8/site-packages/airflow/example_dags/example_complex.py
[2025-10-15T07:50:21.078+0000] {logging_mixin.py:188} INFO - [2025-10-15T07:50:21.078+0000] {dag.py:3047} INFO - Sync 1 DAGs
[2025-10-15T07:50:21.090+0000] {logging_mixin.py:188} INFO - [2025-10-15T07:50:21.090+0000] {dag.py:3834} INFO - Setting next_dagrun for example_complex to None, run_after=None
[2025-10-15T07:50:21.107+0000] {processor.py:183} INFO - Processing /home/airflow/.local/lib/python3.8/site-packages/airflow/example_dags/example_complex.py took 0.072 seconds
[2025-10-15T07:50:51.883+0000] {processor.py:161} INFO - Started process (PID=1198) to work on /home/airflow/.local/lib/python3.8/site-packages/airflow/example_dags/example_complex.py
[2025-10-15T07:50:51.884+0000] {processor.py:830} INFO - Processing file /home/airflow/.local/lib/python3.8/site-packages/airflow/example_dags/example_complex.py for tasks to queue
[2025-10-15T07:50:51.885+0000] {logging_mixin.py:188} INFO - [2025-10-15T07:50:51.885+0000] {dagbag.py:540} INFO - Filling up the DagBag from /home/airflow/.local/lib/python3.8/site-packages/airflow/example_dags/example_complex.py
[2025-10-15T07:50:51.895+0000] {processor.py:840} INFO - DAG(s) 'example_complex' retrieved from /home/airflow/.local/lib/python3.8/site-packages/airflow/example_dags/example_complex.py
[2025-10-15T07:50:51.920+0000] {logging_mixin.py:188} INFO - [2025-10-15T07:50:51.920+0000] {dag.py:3047} INFO - Sync 1 DAGs
[2025-10-15T07:50:51.931+0000] {logging_mixin.py:188} INFO - [2025-10-15T07:50:51.931+0000] {dag.py:3834} INFO - Setting next_dagrun for example_complex to None, run_after=None
[2025-10-15T07:50:51.948+0000] {processor.py:183} INFO - Processing /home/airflow/.local/lib/python3.8/site-packages/airflow/example_dags/example_complex.py took 0.068 seconds
[2025-10-15T07:51:22.295+0000] {processor.py:161} INFO - Started process (PID=1260) to work on /home/airflow/.local/lib/python3.8/site-packages/airflow/example_dags/example_complex.py
[2025-10-15T07:51:22.296+0000] {processor.py:830} INFO - Processing file /home/airflow/.local/lib/python3.8/site-packages/airflow/example_dags/example_complex.py for tasks to queue
[2025-10-15T07:51:22.299+0000] {logging_mixin.py:188} INFO - [2025-10-15T07:51:22.298+0000] {dagbag.py:540} INFO - Filling up the DagBag from /home/airflow/.local/lib/python3.8/site-packages/airflow/example_dags/example_complex.py
[2025-10-15T07:51:22.310+0000] {processor.py:840} INFO - DAG(s) 'example_complex' retrieved from /home/airflow/.local/lib/python3.8/site-packages/airflow/example_dags/example_complex.py
[2025-10-15T07:51:22.339+0000] {logging_mixin.py:188} INFO - [2025-10-15T07:51:22.338+0000] {dag.py:3047} INFO - Sync 1 DAGs
[2025-10-15T07:51:22.351+0000] {logging_mixin.py:188} INFO - [2025-10-15T07:51:22.350+0000] {dag.py:3834} INFO - Setting next_dagrun for example_complex to None, run_after=None
[2025-10-15T07:51:22.372+0000] {processor.py:183} INFO - Processing /home/airflow/.local/lib/python3.8/site-packages/airflow/example_dags/example_complex.py took 0.080 seconds
[2025-10-15T07:51:52.782+0000] {processor.py:161} INFO - Started process (PID=1321) to work on /home/airflow/.local/lib/python3.8/site-packages/airflow/example_dags/example_complex.py
[2025-10-15T07:51:52.783+0000] {processor.py:830} INFO - Processing file /home/airflow/.local/lib/python3.8/site-packages/airflow/example_dags/example_complex.py for tasks to queue
[2025-10-15T07:51:52.784+0000] {logging_mixin.py:188} INFO - [2025-10-15T07:51:52.784+0000] {dagbag.py:540} INFO - Filling up the DagBag from /home/airflow/.local/lib/python3.8/site-packages/airflow/example_dags/example_complex.py
[2025-10-15T07:51:52.795+0000] {processor.py:840} INFO - DAG(s) 'example_complex' retrieved from /home/airflow/.local/lib/python3.8/site-packages/airflow/example_dags/example_complex.py
[2025-10-15T07:51:52.819+0000] {logging_mixin.py:188} INFO - [2025-10-15T07:51:52.818+0000] {dag.py:3047} INFO - Sync 1 DAGs
[2025-10-15T07:51:52.829+0000] {logging_mixin.py:188} INFO - [2025-10-15T07:51:52.829+0000] {dag.py:3834} INFO - Setting next_dagrun for example_complex to None, run_after=None
[2025-10-15T07:51:52.844+0000] {processor.py:183} INFO - Processing /home/airflow/.local/lib/python3.8/site-packages/airflow/example_dags/example_complex.py took 0.065 seconds
[2025-10-15T07:52:22.933+0000] {processor.py:161} INFO - Started process (PID=1383) to work on /home/airflow/.local/lib/python3.8/site-packages/airflow/example_dags/example_complex.py
[2025-10-15T07:52:22.934+0000] {processor.py:830} INFO - Processing file /home/airflow/.local/lib/python3.8/site-packages/airflow/example_dags/example_complex.py for tasks to queue
[2025-10-15T07:52:22.936+0000] {logging_mixin.py:188} INFO - [2025-10-15T07:52:22.935+0000] {dagbag.py:540} INFO - Filling up the DagBag from /home/airflow/.local/lib/python3.8/site-packages/airflow/example_dags/example_complex.py
[2025-10-15T07:52:22.946+0000] {processor.py:840} INFO - DAG(s) 'example_complex' retrieved from /home/airflow/.local/lib/python3.8/site-packages/airflow/example_dags/example_complex.py
[2025-10-15T07:52:22.972+0000] {logging_mixin.py:188} INFO - [2025-10-15T07:52:22.972+0000] {dag.py:3047} INFO - Sync 1 DAGs
[2025-10-15T07:52:22.983+0000] {logging_mixin.py:188} INFO - [2025-10-15T07:52:22.983+0000] {dag.py:3834} INFO - Setting next_dagrun for example_complex to None, run_after=None
[2025-10-15T07:52:23.001+0000] {processor.py:183} INFO - Processing /home/airflow/.local/lib/python3.8/site-packages/airflow/example_dags/example_complex.py took 0.071 seconds
[2025-10-15T07:52:53.991+0000] {processor.py:161} INFO - Started process (PID=1443) to work on /home/airflow/.local/lib/python3.8/site-packages/airflow/example_dags/example_complex.py
[2025-10-15T07:52:53.992+0000] {processor.py:830} INFO - Processing file /home/airflow/.local/lib/python3.8/site-packages/airflow/example_dags/example_complex.py for tasks to queue
[2025-10-15T07:52:53.994+0000] {logging_mixin.py:188} INFO - [2025-10-15T07:52:53.993+0000] {dagbag.py:540} INFO - Filling up the DagBag from /home/airflow/.local/lib/python3.8/site-packages/airflow/example_dags/example_complex.py
[2025-10-15T07:52:54.003+0000] {processor.py:840} INFO - DAG(s) 'example_complex' retrieved from /home/airflow/.local/lib/python3.8/site-packages/airflow/example_dags/example_complex.py
[2025-10-15T07:52:54.029+0000] {logging_mixin.py:188} INFO - [2025-10-15T07:52:54.028+0000] {dag.py:3047} INFO - Sync 1 DAGs
[2025-10-15T07:52:54.039+0000] {logging_mixin.py:188} INFO - [2025-10-15T07:52:54.039+0000] {dag.py:3834} INFO - Setting next_dagrun for example_complex to None, run_after=None
[2025-10-15T07:52:54.055+0000] {processor.py:183} INFO - Processing /home/airflow/.local/lib/python3.8/site-packages/airflow/example_dags/example_complex.py took 0.066 seconds
[2025-10-15T07:53:24.163+0000] {processor.py:161} INFO - Started process (PID=1504) to work on /home/airflow/.local/lib/python3.8/site-packages/airflow/example_dags/example_complex.py
[2025-10-15T07:53:24.164+0000] {processor.py:830} INFO - Processing file /home/airflow/.local/lib/python3.8/site-packages/airflow/example_dags/example_complex.py for tasks to queue
[2025-10-15T07:53:24.166+0000] {logging_mixin.py:188} INFO - [2025-10-15T07:53:24.165+0000] {dagbag.py:540} INFO - Filling up the DagBag from /home/airflow/.local/lib/python3.8/site-packages/airflow/example_dags/example_complex.py
[2025-10-15T07:53:24.177+0000] {processor.py:840} INFO - DAG(s) 'example_complex' retrieved from /home/airflow/.local/lib/python3.8/site-packages/airflow/example_dags/example_complex.py
[2025-10-15T07:53:24.211+0000] {logging_mixin.py:188} INFO - [2025-10-15T07:53:24.211+0000] {dag.py:3047} INFO - Sync 1 DAGs
[2025-10-15T07:53:24.223+0000] {logging_mixin.py:188} INFO - [2025-10-15T07:53:24.223+0000] {dag.py:3834} INFO - Setting next_dagrun for example_complex to None, run_after=None
[2025-10-15T07:53:24.241+0000] {processor.py:183} INFO - Processing /home/airflow/.local/lib/python3.8/site-packages/airflow/example_dags/example_complex.py took 0.081 seconds
[2025-10-15T07:53:54.695+0000] {processor.py:161} INFO - Started process (PID=1566) to work on /home/airflow/.local/lib/python3.8/site-packages/airflow/example_dags/example_complex.py
[2025-10-15T07:53:54.696+0000] {processor.py:830} INFO - Processing file /home/airflow/.local/lib/python3.8/site-packages/airflow/example_dags/example_complex.py for tasks to queue
[2025-10-15T07:53:54.698+0000] {logging_mixin.py:188} INFO - [2025-10-15T07:53:54.698+0000] {dagbag.py:540} INFO - Filling up the DagBag from /home/airflow/.local/lib/python3.8/site-packages/airflow/example_dags/example_complex.py
[2025-10-15T07:53:54.708+0000] {processor.py:840} INFO - DAG(s) 'example_complex' retrieved from /home/airflow/.local/lib/python3.8/site-packages/airflow/example_dags/example_complex.py
[2025-10-15T07:53:54.734+0000] {logging_mixin.py:188} INFO - [2025-10-15T07:53:54.734+0000] {dag.py:3047} INFO - Sync 1 DAGs
[2025-10-15T07:53:54.745+0000] {logging_mixin.py:188} INFO - [2025-10-15T07:53:54.744+0000] {dag.py:3834} INFO - Setting next_dagrun for example_complex to None, run_after=None
[2025-10-15T07:53:54.761+0000] {processor.py:183} INFO - Processing /home/airflow/.local/lib/python3.8/site-packages/airflow/example_dags/example_complex.py took 0.069 seconds
[2025-10-15T07:54:24.815+0000] {processor.py:161} INFO - Started process (PID=1626) to work on /home/airflow/.local/lib/python3.8/site-packages/airflow/example_dags/example_complex.py
[2025-10-15T07:54:24.816+0000] {processor.py:830} INFO - Processing file /home/airflow/.local/lib/python3.8/site-packages/airflow/example_dags/example_complex.py for tasks to queue
[2025-10-15T07:54:24.817+0000] {logging_mixin.py:188} INFO - [2025-10-15T07:54:24.817+0000] {dagbag.py:540} INFO - Filling up the DagBag from /home/airflow/.local/lib/python3.8/site-packages/airflow/example_dags/example_complex.py
[2025-10-15T07:54:24.828+0000] {processor.py:840} INFO - DAG(s) 'example_complex' retrieved from /home/airflow/.local/lib/python3.8/site-packages/airflow/example_dags/example_complex.py
[2025-10-15T07:54:24.854+0000] {logging_mixin.py:188} INFO - [2025-10-15T07:54:24.854+0000] {dag.py:3047} INFO - Sync 1 DAGs
[2025-10-15T07:54:24.864+0000] {logging_mixin.py:188} INFO - [2025-10-15T07:54:24.864+0000] {dag.py:3834} INFO - Setting next_dagrun for example_complex to None, run_after=None
[2025-10-15T07:54:24.881+0000] {processor.py:183} INFO - Processing /home/airflow/.local/lib/python3.8/site-packages/airflow/example_dags/example_complex.py took 0.069 seconds
[2025-10-15T07:54:55.268+0000] {processor.py:161} INFO - Started process (PID=1686) to work on /home/airflow/.local/lib/python3.8/site-packages/airflow/example_dags/example_complex.py
[2025-10-15T07:54:55.269+0000] {processor.py:830} INFO - Processing file /home/airflow/.local/lib/python3.8/site-packages/airflow/example_dags/example_complex.py for tasks to queue
[2025-10-15T07:54:55.270+0000] {logging_mixin.py:188} INFO - [2025-10-15T07:54:55.270+0000] {dagbag.py:540} INFO - Filling up the DagBag from /home/airflow/.local/lib/python3.8/site-packages/airflow/example_dags/example_complex.py
[2025-10-15T07:54:55.280+0000] {processor.py:840} INFO - DAG(s) 'example_complex' retrieved from /home/airflow/.local/lib/python3.8/site-packages/airflow/example_dags/example_complex.py
[2025-10-15T07:54:55.305+0000] {logging_mixin.py:188} INFO - [2025-10-15T07:54:55.305+0000] {dag.py:3047} INFO - Sync 1 DAGs
[2025-10-15T07:54:55.316+0000] {logging_mixin.py:188} INFO - [2025-10-15T07:54:55.316+0000] {dag.py:3834} INFO - Setting next_dagrun for example_complex to None, run_after=None
[2025-10-15T07:54:55.333+0000] {processor.py:183} INFO - Processing /home/airflow/.local/lib/python3.8/site-packages/airflow/example_dags/example_complex.py took 0.068 seconds
[2025-10-15T07:55:25.496+0000] {processor.py:161} INFO - Started process (PID=1748) to work on /home/airflow/.local/lib/python3.8/site-packages/airflow/example_dags/example_complex.py
[2025-10-15T07:55:25.497+0000] {processor.py:830} INFO - Processing file /home/airflow/.local/lib/python3.8/site-packages/airflow/example_dags/example_complex.py for tasks to queue
[2025-10-15T07:55:25.498+0000] {logging_mixin.py:188} INFO - [2025-10-15T07:55:25.498+0000] {dagbag.py:540} INFO - Filling up the DagBag from /home/airflow/.local/lib/python3.8/site-packages/airflow/example_dags/example_complex.py
[2025-10-15T07:55:25.508+0000] {processor.py:840} INFO - DAG(s) 'example_complex' retrieved from /home/airflow/.local/lib/python3.8/site-packages/airflow/example_dags/example_complex.py
[2025-10-15T07:55:25.535+0000] {logging_mixin.py:188} INFO - [2025-10-15T07:55:25.535+0000] {dag.py:3047} INFO - Sync 1 DAGs
[2025-10-15T07:55:25.546+0000] {logging_mixin.py:188} INFO - [2025-10-15T07:55:25.545+0000] {dag.py:3834} INFO - Setting next_dagrun for example_complex to None, run_after=None
[2025-10-15T07:55:25.561+0000] {processor.py:183} INFO - Processing /home/airflow/.local/lib/python3.8/site-packages/airflow/example_dags/example_complex.py took 0.069 seconds
[2025-10-15T07:55:55.991+0000] {processor.py:161} INFO - Started process (PID=1809) to work on /home/airflow/.local/lib/python3.8/site-packages/airflow/example_dags/example_complex.py
[2025-10-15T07:55:55.992+0000] {processor.py:830} INFO - Processing file /home/airflow/.local/lib/python3.8/site-packages/airflow/example_dags/example_complex.py for tasks to queue
[2025-10-15T07:55:55.994+0000] {logging_mixin.py:188} INFO - [2025-10-15T07:55:55.993+0000] {dagbag.py:540} INFO - Filling up the DagBag from /home/airflow/.local/lib/python3.8/site-packages/airflow/example_dags/example_complex.py
[2025-10-15T07:55:56.003+0000] {processor.py:840} INFO - DAG(s) 'example_complex' retrieved from /home/airflow/.local/lib/python3.8/site-packages/airflow/example_dags/example_complex.py
[2025-10-15T07:55:56.030+0000] {logging_mixin.py:188} INFO - [2025-10-15T07:55:56.029+0000] {dag.py:3047} INFO - Sync 1 DAGs
[2025-10-15T07:55:56.040+0000] {logging_mixin.py:188} INFO - [2025-10-15T07:55:56.040+0000] {dag.py:3834} INFO - Setting next_dagrun for example_complex to None, run_after=None
[2025-10-15T07:55:56.058+0000] {processor.py:183} INFO - Processing /home/airflow/.local/lib/python3.8/site-packages/airflow/example_dags/example_complex.py took 0.070 seconds
[2025-10-15T07:56:26.353+0000] {processor.py:161} INFO - Started process (PID=1869) to work on /home/airflow/.local/lib/python3.8/site-packages/airflow/example_dags/example_complex.py
[2025-10-15T07:56:26.354+0000] {processor.py:830} INFO - Processing file /home/airflow/.local/lib/python3.8/site-packages/airflow/example_dags/example_complex.py for tasks to queue
[2025-10-15T07:56:26.355+0000] {logging_mixin.py:188} INFO - [2025-10-15T07:56:26.355+0000] {dagbag.py:540} INFO - Filling up the DagBag from /home/airflow/.local/lib/python3.8/site-packages/airflow/example_dags/example_complex.py
[2025-10-15T07:56:26.365+0000] {processor.py:840} INFO - DAG(s) 'example_complex' retrieved from /home/airflow/.local/lib/python3.8/site-packages/airflow/example_dags/example_complex.py
[2025-10-15T07:56:26.391+0000] {logging_mixin.py:188} INFO - [2025-10-15T07:56:26.390+0000] {dag.py:3047} INFO - Sync 1 DAGs
[2025-10-15T07:56:26.401+0000] {logging_mixin.py:188} INFO - [2025-10-15T07:56:26.401+0000] {dag.py:3834} INFO - Setting next_dagrun for example_complex to None, run_after=None
[2025-10-15T07:56:26.416+0000] {processor.py:183} INFO - Processing /home/airflow/.local/lib/python3.8/site-packages/airflow/example_dags/example_complex.py took 0.065 seconds
[2025-10-15T07:56:56.582+0000] {processor.py:161} INFO - Started process (PID=1929) to work on /home/airflow/.local/lib/python3.8/site-packages/airflow/example_dags/example_complex.py
[2025-10-15T07:56:56.583+0000] {processor.py:830} INFO - Processing file /home/airflow/.local/lib/python3.8/site-packages/airflow/example_dags/example_complex.py for tasks to queue
[2025-10-15T07:56:56.585+0000] {logging_mixin.py:188} INFO - [2025-10-15T07:56:56.585+0000] {dagbag.py:540} INFO - Filling up the DagBag from /home/airflow/.local/lib/python3.8/site-packages/airflow/example_dags/example_complex.py
[2025-10-15T07:56:56.595+0000] {processor.py:840} INFO - DAG(s) 'example_complex' retrieved from /home/airflow/.local/lib/python3.8/site-packages/airflow/example_dags/example_complex.py
[2025-10-15T07:56:56.621+0000] {logging_mixin.py:188} INFO - [2025-10-15T07:56:56.620+0000] {dag.py:3047} INFO - Sync 1 DAGs
[2025-10-15T07:56:56.631+0000] {logging_mixin.py:188} INFO - [2025-10-15T07:56:56.631+0000] {dag.py:3834} INFO - Setting next_dagrun for example_complex to None, run_after=None
[2025-10-15T07:56:56.646+0000] {processor.py:183} INFO - Processing /home/airflow/.local/lib/python3.8/site-packages/airflow/example_dags/example_complex.py took 0.066 seconds
[2025-10-15T07:57:26.765+0000] {processor.py:161} INFO - Started process (PID=1990) to work on /home/airflow/.local/lib/python3.8/site-packages/airflow/example_dags/example_complex.py
[2025-10-15T07:57:26.766+0000] {processor.py:830} INFO - Processing file /home/airflow/.local/lib/python3.8/site-packages/airflow/example_dags/example_complex.py for tasks to queue
[2025-10-15T07:57:26.768+0000] {logging_mixin.py:188} INFO - [2025-10-15T07:57:26.767+0000] {dagbag.py:540} INFO - Filling up the DagBag from /home/airflow/.local/lib/python3.8/site-packages/airflow/example_dags/example_complex.py
[2025-10-15T07:57:26.777+0000] {processor.py:840} INFO - DAG(s) 'example_complex' retrieved from /home/airflow/.local/lib/python3.8/site-packages/airflow/example_dags/example_complex.py
[2025-10-15T07:57:26.803+0000] {logging_mixin.py:188} INFO - [2025-10-15T07:57:26.803+0000] {dag.py:3047} INFO - Sync 1 DAGs
[2025-10-15T07:57:26.813+0000] {logging_mixin.py:188} INFO - [2025-10-15T07:57:26.813+0000] {dag.py:3834} INFO - Setting next_dagrun for example_complex to None, run_after=None
[2025-10-15T07:57:26.830+0000] {processor.py:183} INFO - Processing /home/airflow/.local/lib/python3.8/site-packages/airflow/example_dags/example_complex.py took 0.068 seconds
[2025-10-15T07:57:57.747+0000] {processor.py:161} INFO - Started process (PID=2051) to work on /home/airflow/.local/lib/python3.8/site-packages/airflow/example_dags/example_complex.py
[2025-10-15T07:57:57.748+0000] {processor.py:830} INFO - Processing file /home/airflow/.local/lib/python3.8/site-packages/airflow/example_dags/example_complex.py for tasks to queue
[2025-10-15T07:57:57.750+0000] {logging_mixin.py:188} INFO - [2025-10-15T07:57:57.749+0000] {dagbag.py:540} INFO - Filling up the DagBag from /home/airflow/.local/lib/python3.8/site-packages/airflow/example_dags/example_complex.py
[2025-10-15T07:57:57.759+0000] {processor.py:840} INFO - DAG(s) 'example_complex' retrieved from /home/airflow/.local/lib/python3.8/site-packages/airflow/example_dags/example_complex.py
[2025-10-15T07:57:57.785+0000] {logging_mixin.py:188} INFO - [2025-10-15T07:57:57.785+0000] {dag.py:3047} INFO - Sync 1 DAGs
[2025-10-15T07:57:57.796+0000] {logging_mixin.py:188} INFO - [2025-10-15T07:57:57.796+0000] {dag.py:3834} INFO - Setting next_dagrun for example_complex to None, run_after=None
[2025-10-15T07:57:57.812+0000] {processor.py:183} INFO - Processing /home/airflow/.local/lib/python3.8/site-packages/airflow/example_dags/example_complex.py took 0.067 seconds
[2025-10-15T07:58:27.933+0000] {processor.py:161} INFO - Started process (PID=2110) to work on /home/airflow/.local/lib/python3.8/site-packages/airflow/example_dags/example_complex.py
[2025-10-15T07:58:27.933+0000] {processor.py:830} INFO - Processing file /home/airflow/.local/lib/python3.8/site-packages/airflow/example_dags/example_complex.py for tasks to queue
[2025-10-15T07:58:27.935+0000] {logging_mixin.py:188} INFO - [2025-10-15T07:58:27.935+0000] {dagbag.py:540} INFO - Filling up the DagBag from /home/airflow/.local/lib/python3.8/site-packages/airflow/example_dags/example_complex.py
[2025-10-15T07:58:27.945+0000] {processor.py:840} INFO - DAG(s) 'example_complex' retrieved from /home/airflow/.local/lib/python3.8/site-packages/airflow/example_dags/example_complex.py
[2025-10-15T07:58:27.971+0000] {logging_mixin.py:188} INFO - [2025-10-15T07:58:27.971+0000] {dag.py:3047} INFO - Sync 1 DAGs
[2025-10-15T07:58:27.981+0000] {logging_mixin.py:188} INFO - [2025-10-15T07:58:27.981+0000] {dag.py:3834} INFO - Setting next_dagrun for example_complex to None, run_after=None
[2025-10-15T07:58:27.997+0000] {processor.py:183} INFO - Processing /home/airflow/.local/lib/python3.8/site-packages/airflow/example_dags/example_complex.py took 0.067 seconds
[2025-10-15T07:58:58.089+0000] {processor.py:161} INFO - Started process (PID=2171) to work on /home/airflow/.local/lib/python3.8/site-packages/airflow/example_dags/example_complex.py
[2025-10-15T07:58:58.089+0000] {processor.py:830} INFO - Processing file /home/airflow/.local/lib/python3.8/site-packages/airflow/example_dags/example_complex.py for tasks to queue
[2025-10-15T07:58:58.091+0000] {logging_mixin.py:188} INFO - [2025-10-15T07:58:58.091+0000] {dagbag.py:540} INFO - Filling up the DagBag from /home/airflow/.local/lib/python3.8/site-packages/airflow/example_dags/example_complex.py
[2025-10-15T07:58:58.101+0000] {processor.py:840} INFO - DAG(s) 'example_complex' retrieved from /home/airflow/.local/lib/python3.8/site-packages/airflow/example_dags/example_complex.py
[2025-10-15T07:58:58.127+0000] {logging_mixin.py:188} INFO - [2025-10-15T07:58:58.126+0000] {dag.py:3047} INFO - Sync 1 DAGs
[2025-10-15T07:58:58.137+0000] {logging_mixin.py:188} INFO - [2025-10-15T07:58:58.137+0000] {dag.py:3834} INFO - Setting next_dagrun for example_complex to None, run_after=None
[2025-10-15T07:58:58.153+0000] {processor.py:183} INFO - Processing /home/airflow/.local/lib/python3.8/site-packages/airflow/example_dags/example_complex.py took 0.067 seconds
[2025-10-15T07:59:28.270+0000] {processor.py:161} INFO - Started process (PID=2231) to work on /home/airflow/.local/lib/python3.8/site-packages/airflow/example_dags/example_complex.py
[2025-10-15T07:59:28.271+0000] {processor.py:830} INFO - Processing file /home/airflow/.local/lib/python3.8/site-packages/airflow/example_dags/example_complex.py for tasks to queue
[2025-10-15T07:59:28.273+0000] {logging_mixin.py:188} INFO - [2025-10-15T07:59:28.273+0000] {dagbag.py:540} INFO - Filling up the DagBag from /home/airflow/.local/lib/python3.8/site-packages/airflow/example_dags/example_complex.py
[2025-10-15T07:59:28.282+0000] {processor.py:840} INFO - DAG(s) 'example_complex' retrieved from /home/airflow/.local/lib/python3.8/site-packages/airflow/example_dags/example_complex.py
[2025-10-15T07:59:28.308+0000] {logging_mixin.py:188} INFO - [2025-10-15T07:59:28.308+0000] {dag.py:3047} INFO - Sync 1 DAGs
[2025-10-15T07:59:28.319+0000] {logging_mixin.py:188} INFO - [2025-10-15T07:59:28.319+0000] {dag.py:3834} INFO - Setting next_dagrun for example_complex to None, run_after=None
[2025-10-15T07:59:28.335+0000] {processor.py:183} INFO - Processing /home/airflow/.local/lib/python3.8/site-packages/airflow/example_dags/example_complex.py took 0.067 seconds
[2025-10-15T07:59:58.940+0000] {processor.py:161} INFO - Started process (PID=2290) to work on /home/airflow/.local/lib/python3.8/site-packages/airflow/example_dags/example_complex.py
[2025-10-15T07:59:58.941+0000] {processor.py:830} INFO - Processing file /home/airflow/.local/lib/python3.8/site-packages/airflow/example_dags/example_complex.py for tasks to queue
[2025-10-15T07:59:58.942+0000] {logging_mixin.py:188} INFO - [2025-10-15T07:59:58.941+0000] {dagbag.py:540} INFO - Filling up the DagBag from /home/airflow/.local/lib/python3.8/site-packages/airflow/example_dags/example_complex.py
[2025-10-15T07:59:58.952+0000] {processor.py:840} INFO - DAG(s) 'example_complex' retrieved from /home/airflow/.local/lib/python3.8/site-packages/airflow/example_dags/example_complex.py
[2025-10-15T07:59:58.979+0000] {logging_mixin.py:188} INFO - [2025-10-15T07:59:58.979+0000] {dag.py:3047} INFO - Sync 1 DAGs
[2025-10-15T07:59:58.990+0000] {logging_mixin.py:188} INFO - [2025-10-15T07:59:58.990+0000] {dag.py:3834} INFO - Setting next_dagrun for example_complex to None, run_after=None
[2025-10-15T07:59:59.007+0000] {processor.py:183} INFO - Processing /home/airflow/.local/lib/python3.8/site-packages/airflow/example_dags/example_complex.py took 0.070 seconds
[2025-10-15T08:00:29.111+0000] {processor.py:161} INFO - Started process (PID=2351) to work on /home/airflow/.local/lib/python3.8/site-packages/airflow/example_dags/example_complex.py
[2025-10-15T08:00:29.112+0000] {processor.py:830} INFO - Processing file /home/airflow/.local/lib/python3.8/site-packages/airflow/example_dags/example_complex.py for tasks to queue
[2025-10-15T08:00:29.113+0000] {logging_mixin.py:188} INFO - [2025-10-15T08:00:29.113+0000] {dagbag.py:540} INFO - Filling up the DagBag from /home/airflow/.local/lib/python3.8/site-packages/airflow/example_dags/example_complex.py
[2025-10-15T08:00:29.123+0000] {processor.py:840} INFO - DAG(s) 'example_complex' retrieved from /home/airflow/.local/lib/python3.8/site-packages/airflow/example_dags/example_complex.py
[2025-10-15T08:00:29.150+0000] {logging_mixin.py:188} INFO - [2025-10-15T08:00:29.150+0000] {dag.py:3047} INFO - Sync 1 DAGs
[2025-10-15T08:00:29.160+0000] {logging_mixin.py:188} INFO - [2025-10-15T08:00:29.160+0000] {dag.py:3834} INFO - Setting next_dagrun for example_complex to None, run_after=None
[2025-10-15T08:00:29.177+0000] {processor.py:183} INFO - Processing /home/airflow/.local/lib/python3.8/site-packages/airflow/example_dags/example_complex.py took 0.068 seconds
[2025-10-15T08:00:59.382+0000] {processor.py:161} INFO - Started process (PID=2414) to work on /home/airflow/.local/lib/python3.8/site-packages/airflow/example_dags/example_complex.py
[2025-10-15T08:00:59.383+0000] {processor.py:830} INFO - Processing file /home/airflow/.local/lib/python3.8/site-packages/airflow/example_dags/example_complex.py for tasks to queue
[2025-10-15T08:00:59.384+0000] {logging_mixin.py:188} INFO - [2025-10-15T08:00:59.384+0000] {dagbag.py:540} INFO - Filling up the DagBag from /home/airflow/.local/lib/python3.8/site-packages/airflow/example_dags/example_complex.py
[2025-10-15T08:00:59.394+0000] {processor.py:840} INFO - DAG(s) 'example_complex' retrieved from /home/airflow/.local/lib/python3.8/site-packages/airflow/example_dags/example_complex.py
[2025-10-15T08:00:59.420+0000] {logging_mixin.py:188} INFO - [2025-10-15T08:00:59.420+0000] {dag.py:3047} INFO - Sync 1 DAGs
[2025-10-15T08:00:59.431+0000] {logging_mixin.py:188} INFO - [2025-10-15T08:00:59.431+0000] {dag.py:3834} INFO - Setting next_dagrun for example_complex to None, run_after=None
[2025-10-15T08:00:59.446+0000] {processor.py:183} INFO - Processing /home/airflow/.local/lib/python3.8/site-packages/airflow/example_dags/example_complex.py took 0.067 seconds
[2025-10-15T08:01:29.743+0000] {processor.py:161} INFO - Started process (PID=2477) to work on /home/airflow/.local/lib/python3.8/site-packages/airflow/example_dags/example_complex.py
[2025-10-15T08:01:29.744+0000] {processor.py:830} INFO - Processing file /home/airflow/.local/lib/python3.8/site-packages/airflow/example_dags/example_complex.py for tasks to queue
[2025-10-15T08:01:29.745+0000] {logging_mixin.py:188} INFO - [2025-10-15T08:01:29.745+0000] {dagbag.py:540} INFO - Filling up the DagBag from /home/airflow/.local/lib/python3.8/site-packages/airflow/example_dags/example_complex.py
[2025-10-15T08:01:29.755+0000] {processor.py:840} INFO - DAG(s) 'example_complex' retrieved from /home/airflow/.local/lib/python3.8/site-packages/airflow/example_dags/example_complex.py
[2025-10-15T08:01:29.782+0000] {logging_mixin.py:188} INFO - [2025-10-15T08:01:29.781+0000] {dag.py:3047} INFO - Sync 1 DAGs
[2025-10-15T08:01:29.792+0000] {logging_mixin.py:188} INFO - [2025-10-15T08:01:29.792+0000] {dag.py:3834} INFO - Setting next_dagrun for example_complex to None, run_after=None
[2025-10-15T08:01:29.808+0000] {processor.py:183} INFO - Processing /home/airflow/.local/lib/python3.8/site-packages/airflow/example_dags/example_complex.py took 0.067 seconds
[2025-10-15T08:01:59.983+0000] {processor.py:161} INFO - Started process (PID=2537) to work on /home/airflow/.local/lib/python3.8/site-packages/airflow/example_dags/example_complex.py
[2025-10-15T08:01:59.984+0000] {processor.py:830} INFO - Processing file /home/airflow/.local/lib/python3.8/site-packages/airflow/example_dags/example_complex.py for tasks to queue
[2025-10-15T08:01:59.985+0000] {logging_mixin.py:188} INFO - [2025-10-15T08:01:59.985+0000] {dagbag.py:540} INFO - Filling up the DagBag from /home/airflow/.local/lib/python3.8/site-packages/airflow/example_dags/example_complex.py
[2025-10-15T08:01:59.995+0000] {processor.py:840} INFO - DAG(s) 'example_complex' retrieved from /home/airflow/.local/lib/python3.8/site-packages/airflow/example_dags/example_complex.py
[2025-10-15T08:02:00.023+0000] {logging_mixin.py:188} INFO - [2025-10-15T08:02:00.023+0000] {dag.py:3047} INFO - Sync 1 DAGs
[2025-10-15T08:02:00.036+0000] {logging_mixin.py:188} INFO - [2025-10-15T08:02:00.035+0000] {dag.py:3834} INFO - Setting next_dagrun for example_complex to None, run_after=None
[2025-10-15T08:02:00.053+0000] {processor.py:183} INFO - Processing /home/airflow/.local/lib/python3.8/site-packages/airflow/example_dags/example_complex.py took 0.073 seconds
[2025-10-15T08:02:30.294+0000] {processor.py:161} INFO - Started process (PID=2600) to work on /home/airflow/.local/lib/python3.8/site-packages/airflow/example_dags/example_complex.py
[2025-10-15T08:02:30.295+0000] {processor.py:830} INFO - Processing file /home/airflow/.local/lib/python3.8/site-packages/airflow/example_dags/example_complex.py for tasks to queue
[2025-10-15T08:02:30.295+0000] {logging_mixin.py:188} INFO - [2025-10-15T08:02:30.295+0000] {dagbag.py:540} INFO - Filling up the DagBag from /home/airflow/.local/lib/python3.8/site-packages/airflow/example_dags/example_complex.py
[2025-10-15T08:02:30.305+0000] {processor.py:840} INFO - DAG(s) 'example_complex' retrieved from /home/airflow/.local/lib/python3.8/site-packages/airflow/example_dags/example_complex.py
[2025-10-15T08:02:30.331+0000] {logging_mixin.py:188} INFO - [2025-10-15T08:02:30.331+0000] {dag.py:3047} INFO - Sync 1 DAGs
[2025-10-15T08:02:30.342+0000] {logging_mixin.py:188} INFO - [2025-10-15T08:02:30.342+0000] {dag.py:3834} INFO - Setting next_dagrun for example_complex to None, run_after=None
[2025-10-15T08:02:30.359+0000] {processor.py:183} INFO - Processing /home/airflow/.local/lib/python3.8/site-packages/airflow/example_dags/example_complex.py took 0.069 seconds
[2025-10-15T08:03:00.516+0000] {processor.py:161} INFO - Started process (PID=2660) to work on /home/airflow/.local/lib/python3.8/site-packages/airflow/example_dags/example_complex.py
[2025-10-15T08:03:00.517+0000] {processor.py:830} INFO - Processing file /home/airflow/.local/lib/python3.8/site-packages/airflow/example_dags/example_complex.py for tasks to queue
[2025-10-15T08:03:00.518+0000] {logging_mixin.py:188} INFO - [2025-10-15T08:03:00.518+0000] {dagbag.py:540} INFO - Filling up the DagBag from /home/airflow/.local/lib/python3.8/site-packages/airflow/example_dags/example_complex.py
[2025-10-15T08:03:00.528+0000] {processor.py:840} INFO - DAG(s) 'example_complex' retrieved from /home/airflow/.local/lib/python3.8/site-packages/airflow/example_dags/example_complex.py
[2025-10-15T08:03:00.555+0000] {logging_mixin.py:188} INFO - [2025-10-15T08:03:00.555+0000] {dag.py:3047} INFO - Sync 1 DAGs
[2025-10-15T08:03:00.565+0000] {logging_mixin.py:188} INFO - [2025-10-15T08:03:00.565+0000] {dag.py:3834} INFO - Setting next_dagrun for example_complex to None, run_after=None
[2025-10-15T08:03:00.580+0000] {processor.py:183} INFO - Processing /home/airflow/.local/lib/python3.8/site-packages/airflow/example_dags/example_complex.py took 0.067 seconds
