[2025-10-15T07:41:43.366+0000] {processor.py:161} INFO - Started process (PID=114) to work on /home/airflow/.local/lib/python3.8/site-packages/airflow/example_dags/example_dag_decorator.py
[2025-10-15T07:41:43.367+0000] {processor.py:830} INFO - Processing file /home/airflow/.local/lib/python3.8/site-packages/airflow/example_dags/example_dag_decorator.py for tasks to queue
[2025-10-15T07:41:43.368+0000] {logging_mixin.py:188} INFO - [2025-10-15T07:41:43.368+0000] {dagbag.py:540} INFO - Filling up the DagBag from /home/airflow/.local/lib/python3.8/site-packages/airflow/example_dags/example_dag_decorator.py
[2025-10-15T07:41:43.568+0000] {processor.py:840} INFO - DAG(s) 'example_dag_decorator' retrieved from /home/airflow/.local/lib/python3.8/site-packages/airflow/example_dags/example_dag_decorator.py
[2025-10-15T07:41:43.666+0000] {logging_mixin.py:188} INFO - [2025-10-15T07:41:43.666+0000] {dag.py:3047} INFO - Sync 1 DAGs
[2025-10-15T07:41:43.675+0000] {logging_mixin.py:188} INFO - [2025-10-15T07:41:43.675+0000] {dag.py:3834} INFO - Setting next_dagrun for example_dag_decorator to None, run_after=None
[2025-10-15T07:41:43.693+0000] {processor.py:183} INFO - Processing /home/airflow/.local/lib/python3.8/site-packages/airflow/example_dags/example_dag_decorator.py took 0.331 seconds
[2025-10-15T07:42:14.131+0000] {processor.py:161} INFO - Started process (PID=175) to work on /home/airflow/.local/lib/python3.8/site-packages/airflow/example_dags/example_dag_decorator.py
[2025-10-15T07:42:14.132+0000] {processor.py:830} INFO - Processing file /home/airflow/.local/lib/python3.8/site-packages/airflow/example_dags/example_dag_decorator.py for tasks to queue
[2025-10-15T07:42:14.134+0000] {logging_mixin.py:188} INFO - [2025-10-15T07:42:14.134+0000] {dagbag.py:540} INFO - Filling up the DagBag from /home/airflow/.local/lib/python3.8/site-packages/airflow/example_dags/example_dag_decorator.py
[2025-10-15T07:42:14.211+0000] {processor.py:840} INFO - DAG(s) 'example_dag_decorator' retrieved from /home/airflow/.local/lib/python3.8/site-packages/airflow/example_dags/example_dag_decorator.py
[2025-10-15T07:42:14.299+0000] {logging_mixin.py:188} INFO - [2025-10-15T07:42:14.299+0000] {dag.py:3047} INFO - Sync 1 DAGs
[2025-10-15T07:42:14.308+0000] {logging_mixin.py:188} INFO - [2025-10-15T07:42:14.308+0000] {dag.py:3834} INFO - Setting next_dagrun for example_dag_decorator to None, run_after=None
[2025-10-15T07:42:14.323+0000] {processor.py:183} INFO - Processing /home/airflow/.local/lib/python3.8/site-packages/airflow/example_dags/example_dag_decorator.py took 0.195 seconds
[2025-10-15T07:42:44.535+0000] {processor.py:161} INFO - Started process (PID=235) to work on /home/airflow/.local/lib/python3.8/site-packages/airflow/example_dags/example_dag_decorator.py
[2025-10-15T07:42:44.536+0000] {processor.py:830} INFO - Processing file /home/airflow/.local/lib/python3.8/site-packages/airflow/example_dags/example_dag_decorator.py for tasks to queue
[2025-10-15T07:42:44.538+0000] {logging_mixin.py:188} INFO - [2025-10-15T07:42:44.537+0000] {dagbag.py:540} INFO - Filling up the DagBag from /home/airflow/.local/lib/python3.8/site-packages/airflow/example_dags/example_dag_decorator.py
[2025-10-15T07:42:44.614+0000] {processor.py:840} INFO - DAG(s) 'example_dag_decorator' retrieved from /home/airflow/.local/lib/python3.8/site-packages/airflow/example_dags/example_dag_decorator.py
[2025-10-15T07:42:44.705+0000] {logging_mixin.py:188} INFO - [2025-10-15T07:42:44.705+0000] {dag.py:3047} INFO - Sync 1 DAGs
[2025-10-15T07:42:44.715+0000] {logging_mixin.py:188} INFO - [2025-10-15T07:42:44.715+0000] {dag.py:3834} INFO - Setting next_dagrun for example_dag_decorator to None, run_after=None
[2025-10-15T07:42:44.731+0000] {processor.py:183} INFO - Processing /home/airflow/.local/lib/python3.8/site-packages/airflow/example_dags/example_dag_decorator.py took 0.199 seconds
[2025-10-15T07:43:14.980+0000] {processor.py:161} INFO - Started process (PID=295) to work on /home/airflow/.local/lib/python3.8/site-packages/airflow/example_dags/example_dag_decorator.py
[2025-10-15T07:43:14.981+0000] {processor.py:830} INFO - Processing file /home/airflow/.local/lib/python3.8/site-packages/airflow/example_dags/example_dag_decorator.py for tasks to queue
[2025-10-15T07:43:14.983+0000] {logging_mixin.py:188} INFO - [2025-10-15T07:43:14.983+0000] {dagbag.py:540} INFO - Filling up the DagBag from /home/airflow/.local/lib/python3.8/site-packages/airflow/example_dags/example_dag_decorator.py
[2025-10-15T07:43:15.115+0000] {processor.py:840} INFO - DAG(s) 'example_dag_decorator' retrieved from /home/airflow/.local/lib/python3.8/site-packages/airflow/example_dags/example_dag_decorator.py
[2025-10-15T07:43:15.248+0000] {logging_mixin.py:188} INFO - [2025-10-15T07:43:15.247+0000] {dag.py:3047} INFO - Sync 1 DAGs
[2025-10-15T07:43:15.263+0000] {logging_mixin.py:188} INFO - [2025-10-15T07:43:15.263+0000] {dag.py:3834} INFO - Setting next_dagrun for example_dag_decorator to None, run_after=None
[2025-10-15T07:43:15.282+0000] {processor.py:183} INFO - Processing /home/airflow/.local/lib/python3.8/site-packages/airflow/example_dags/example_dag_decorator.py took 0.306 seconds
[2025-10-15T07:43:45.322+0000] {processor.py:161} INFO - Started process (PID=357) to work on /home/airflow/.local/lib/python3.8/site-packages/airflow/example_dags/example_dag_decorator.py
[2025-10-15T07:43:45.323+0000] {processor.py:830} INFO - Processing file /home/airflow/.local/lib/python3.8/site-packages/airflow/example_dags/example_dag_decorator.py for tasks to queue
[2025-10-15T07:43:45.325+0000] {logging_mixin.py:188} INFO - [2025-10-15T07:43:45.325+0000] {dagbag.py:540} INFO - Filling up the DagBag from /home/airflow/.local/lib/python3.8/site-packages/airflow/example_dags/example_dag_decorator.py
[2025-10-15T07:43:45.413+0000] {processor.py:840} INFO - DAG(s) 'example_dag_decorator' retrieved from /home/airflow/.local/lib/python3.8/site-packages/airflow/example_dags/example_dag_decorator.py
[2025-10-15T07:43:45.511+0000] {logging_mixin.py:188} INFO - [2025-10-15T07:43:45.511+0000] {dag.py:3047} INFO - Sync 1 DAGs
[2025-10-15T07:43:45.524+0000] {logging_mixin.py:188} INFO - [2025-10-15T07:43:45.524+0000] {dag.py:3834} INFO - Setting next_dagrun for example_dag_decorator to None, run_after=None
[2025-10-15T07:43:45.548+0000] {processor.py:183} INFO - Processing /home/airflow/.local/lib/python3.8/site-packages/airflow/example_dags/example_dag_decorator.py took 0.229 seconds
[2025-10-15T07:44:15.779+0000] {processor.py:161} INFO - Started process (PID=415) to work on /home/airflow/.local/lib/python3.8/site-packages/airflow/example_dags/example_dag_decorator.py
[2025-10-15T07:44:15.780+0000] {processor.py:830} INFO - Processing file /home/airflow/.local/lib/python3.8/site-packages/airflow/example_dags/example_dag_decorator.py for tasks to queue
[2025-10-15T07:44:15.782+0000] {logging_mixin.py:188} INFO - [2025-10-15T07:44:15.782+0000] {dagbag.py:540} INFO - Filling up the DagBag from /home/airflow/.local/lib/python3.8/site-packages/airflow/example_dags/example_dag_decorator.py
[2025-10-15T07:44:15.860+0000] {processor.py:840} INFO - DAG(s) 'example_dag_decorator' retrieved from /home/airflow/.local/lib/python3.8/site-packages/airflow/example_dags/example_dag_decorator.py
[2025-10-15T07:44:15.945+0000] {logging_mixin.py:188} INFO - [2025-10-15T07:44:15.945+0000] {dag.py:3047} INFO - Sync 1 DAGs
[2025-10-15T07:44:15.954+0000] {logging_mixin.py:188} INFO - [2025-10-15T07:44:15.954+0000] {dag.py:3834} INFO - Setting next_dagrun for example_dag_decorator to None, run_after=None
[2025-10-15T07:44:15.974+0000] {processor.py:183} INFO - Processing /home/airflow/.local/lib/python3.8/site-packages/airflow/example_dags/example_dag_decorator.py took 0.197 seconds
[2025-10-15T07:44:46.012+0000] {processor.py:161} INFO - Started process (PID=476) to work on /home/airflow/.local/lib/python3.8/site-packages/airflow/example_dags/example_dag_decorator.py
[2025-10-15T07:44:46.013+0000] {processor.py:830} INFO - Processing file /home/airflow/.local/lib/python3.8/site-packages/airflow/example_dags/example_dag_decorator.py for tasks to queue
[2025-10-15T07:44:46.015+0000] {logging_mixin.py:188} INFO - [2025-10-15T07:44:46.015+0000] {dagbag.py:540} INFO - Filling up the DagBag from /home/airflow/.local/lib/python3.8/site-packages/airflow/example_dags/example_dag_decorator.py
[2025-10-15T07:44:46.113+0000] {processor.py:840} INFO - DAG(s) 'example_dag_decorator' retrieved from /home/airflow/.local/lib/python3.8/site-packages/airflow/example_dags/example_dag_decorator.py
[2025-10-15T07:44:46.198+0000] {logging_mixin.py:188} INFO - [2025-10-15T07:44:46.198+0000] {dag.py:3047} INFO - Sync 1 DAGs
[2025-10-15T07:44:46.207+0000] {logging_mixin.py:188} INFO - [2025-10-15T07:44:46.207+0000] {dag.py:3834} INFO - Setting next_dagrun for example_dag_decorator to None, run_after=None
[2025-10-15T07:44:46.223+0000] {processor.py:183} INFO - Processing /home/airflow/.local/lib/python3.8/site-packages/airflow/example_dags/example_dag_decorator.py took 0.213 seconds
[2025-10-15T07:45:16.360+0000] {processor.py:161} INFO - Started process (PID=537) to work on /home/airflow/.local/lib/python3.8/site-packages/airflow/example_dags/example_dag_decorator.py
[2025-10-15T07:45:16.361+0000] {processor.py:830} INFO - Processing file /home/airflow/.local/lib/python3.8/site-packages/airflow/example_dags/example_dag_decorator.py for tasks to queue
[2025-10-15T07:45:16.363+0000] {logging_mixin.py:188} INFO - [2025-10-15T07:45:16.363+0000] {dagbag.py:540} INFO - Filling up the DagBag from /home/airflow/.local/lib/python3.8/site-packages/airflow/example_dags/example_dag_decorator.py
[2025-10-15T07:45:16.442+0000] {processor.py:840} INFO - DAG(s) 'example_dag_decorator' retrieved from /home/airflow/.local/lib/python3.8/site-packages/airflow/example_dags/example_dag_decorator.py
[2025-10-15T07:45:16.461+0000] {logging_mixin.py:188} INFO - [2025-10-15T07:45:16.461+0000] {dag.py:3047} INFO - Sync 1 DAGs
[2025-10-15T07:45:16.473+0000] {logging_mixin.py:188} INFO - [2025-10-15T07:45:16.472+0000] {dag.py:3834} INFO - Setting next_dagrun for example_dag_decorator to None, run_after=None
[2025-10-15T07:45:16.487+0000] {processor.py:183} INFO - Processing /home/airflow/.local/lib/python3.8/site-packages/airflow/example_dags/example_dag_decorator.py took 0.130 seconds
[2025-10-15T07:45:46.635+0000] {processor.py:161} INFO - Started process (PID=596) to work on /home/airflow/.local/lib/python3.8/site-packages/airflow/example_dags/example_dag_decorator.py
[2025-10-15T07:45:46.636+0000] {processor.py:830} INFO - Processing file /home/airflow/.local/lib/python3.8/site-packages/airflow/example_dags/example_dag_decorator.py for tasks to queue
[2025-10-15T07:45:46.638+0000] {logging_mixin.py:188} INFO - [2025-10-15T07:45:46.638+0000] {dagbag.py:540} INFO - Filling up the DagBag from /home/airflow/.local/lib/python3.8/site-packages/airflow/example_dags/example_dag_decorator.py
[2025-10-15T07:45:46.716+0000] {processor.py:840} INFO - DAG(s) 'example_dag_decorator' retrieved from /home/airflow/.local/lib/python3.8/site-packages/airflow/example_dags/example_dag_decorator.py
[2025-10-15T07:45:46.799+0000] {logging_mixin.py:188} INFO - [2025-10-15T07:45:46.799+0000] {dag.py:3047} INFO - Sync 1 DAGs
[2025-10-15T07:45:46.810+0000] {logging_mixin.py:188} INFO - [2025-10-15T07:45:46.809+0000] {dag.py:3834} INFO - Setting next_dagrun for example_dag_decorator to None, run_after=None
[2025-10-15T07:45:46.826+0000] {processor.py:183} INFO - Processing /home/airflow/.local/lib/python3.8/site-packages/airflow/example_dags/example_dag_decorator.py took 0.193 seconds
[2025-10-15T07:46:17.429+0000] {processor.py:161} INFO - Started process (PID=656) to work on /home/airflow/.local/lib/python3.8/site-packages/airflow/example_dags/example_dag_decorator.py
[2025-10-15T07:46:17.430+0000] {processor.py:830} INFO - Processing file /home/airflow/.local/lib/python3.8/site-packages/airflow/example_dags/example_dag_decorator.py for tasks to queue
[2025-10-15T07:46:17.432+0000] {logging_mixin.py:188} INFO - [2025-10-15T07:46:17.431+0000] {dagbag.py:540} INFO - Filling up the DagBag from /home/airflow/.local/lib/python3.8/site-packages/airflow/example_dags/example_dag_decorator.py
[2025-10-15T07:46:17.514+0000] {processor.py:840} INFO - DAG(s) 'example_dag_decorator' retrieved from /home/airflow/.local/lib/python3.8/site-packages/airflow/example_dags/example_dag_decorator.py
[2025-10-15T07:46:17.616+0000] {logging_mixin.py:188} INFO - [2025-10-15T07:46:17.616+0000] {dag.py:3047} INFO - Sync 1 DAGs
[2025-10-15T07:46:17.627+0000] {logging_mixin.py:188} INFO - [2025-10-15T07:46:17.626+0000] {dag.py:3834} INFO - Setting next_dagrun for example_dag_decorator to None, run_after=None
[2025-10-15T07:46:17.646+0000] {processor.py:183} INFO - Processing /home/airflow/.local/lib/python3.8/site-packages/airflow/example_dags/example_dag_decorator.py took 0.220 seconds
[2025-10-15T07:46:48.099+0000] {processor.py:161} INFO - Started process (PID=716) to work on /home/airflow/.local/lib/python3.8/site-packages/airflow/example_dags/example_dag_decorator.py
[2025-10-15T07:46:48.100+0000] {processor.py:830} INFO - Processing file /home/airflow/.local/lib/python3.8/site-packages/airflow/example_dags/example_dag_decorator.py for tasks to queue
[2025-10-15T07:46:48.101+0000] {logging_mixin.py:188} INFO - [2025-10-15T07:46:48.101+0000] {dagbag.py:540} INFO - Filling up the DagBag from /home/airflow/.local/lib/python3.8/site-packages/airflow/example_dags/example_dag_decorator.py
[2025-10-15T07:46:48.180+0000] {processor.py:840} INFO - DAG(s) 'example_dag_decorator' retrieved from /home/airflow/.local/lib/python3.8/site-packages/airflow/example_dags/example_dag_decorator.py
[2025-10-15T07:46:48.264+0000] {logging_mixin.py:188} INFO - [2025-10-15T07:46:48.264+0000] {dag.py:3047} INFO - Sync 1 DAGs
[2025-10-15T07:46:48.274+0000] {logging_mixin.py:188} INFO - [2025-10-15T07:46:48.274+0000] {dag.py:3834} INFO - Setting next_dagrun for example_dag_decorator to None, run_after=None
[2025-10-15T07:46:48.291+0000] {processor.py:183} INFO - Processing /home/airflow/.local/lib/python3.8/site-packages/airflow/example_dags/example_dag_decorator.py took 0.195 seconds
[2025-10-15T07:47:19.028+0000] {processor.py:161} INFO - Started process (PID=777) to work on /home/airflow/.local/lib/python3.8/site-packages/airflow/example_dags/example_dag_decorator.py
[2025-10-15T07:47:19.029+0000] {processor.py:830} INFO - Processing file /home/airflow/.local/lib/python3.8/site-packages/airflow/example_dags/example_dag_decorator.py for tasks to queue
[2025-10-15T07:47:19.030+0000] {logging_mixin.py:188} INFO - [2025-10-15T07:47:19.030+0000] {dagbag.py:540} INFO - Filling up the DagBag from /home/airflow/.local/lib/python3.8/site-packages/airflow/example_dags/example_dag_decorator.py
[2025-10-15T07:47:19.105+0000] {processor.py:840} INFO - DAG(s) 'example_dag_decorator' retrieved from /home/airflow/.local/lib/python3.8/site-packages/airflow/example_dags/example_dag_decorator.py
[2025-10-15T07:47:19.186+0000] {logging_mixin.py:188} INFO - [2025-10-15T07:47:19.186+0000] {dag.py:3047} INFO - Sync 1 DAGs
[2025-10-15T07:47:19.195+0000] {logging_mixin.py:188} INFO - [2025-10-15T07:47:19.194+0000] {dag.py:3834} INFO - Setting next_dagrun for example_dag_decorator to None, run_after=None
[2025-10-15T07:47:19.211+0000] {processor.py:183} INFO - Processing /home/airflow/.local/lib/python3.8/site-packages/airflow/example_dags/example_dag_decorator.py took 0.186 seconds
[2025-10-15T07:47:49.287+0000] {processor.py:161} INFO - Started process (PID=837) to work on /home/airflow/.local/lib/python3.8/site-packages/airflow/example_dags/example_dag_decorator.py
[2025-10-15T07:47:49.288+0000] {processor.py:830} INFO - Processing file /home/airflow/.local/lib/python3.8/site-packages/airflow/example_dags/example_dag_decorator.py for tasks to queue
[2025-10-15T07:47:49.289+0000] {logging_mixin.py:188} INFO - [2025-10-15T07:47:49.289+0000] {dagbag.py:540} INFO - Filling up the DagBag from /home/airflow/.local/lib/python3.8/site-packages/airflow/example_dags/example_dag_decorator.py
[2025-10-15T07:47:49.367+0000] {processor.py:840} INFO - DAG(s) 'example_dag_decorator' retrieved from /home/airflow/.local/lib/python3.8/site-packages/airflow/example_dags/example_dag_decorator.py
[2025-10-15T07:47:49.451+0000] {logging_mixin.py:188} INFO - [2025-10-15T07:47:49.450+0000] {dag.py:3047} INFO - Sync 1 DAGs
[2025-10-15T07:47:49.460+0000] {logging_mixin.py:188} INFO - [2025-10-15T07:47:49.460+0000] {dag.py:3834} INFO - Setting next_dagrun for example_dag_decorator to None, run_after=None
[2025-10-15T07:47:49.476+0000] {processor.py:183} INFO - Processing /home/airflow/.local/lib/python3.8/site-packages/airflow/example_dags/example_dag_decorator.py took 0.192 seconds
[2025-10-15T07:48:19.698+0000] {processor.py:161} INFO - Started process (PID=897) to work on /home/airflow/.local/lib/python3.8/site-packages/airflow/example_dags/example_dag_decorator.py
[2025-10-15T07:48:19.699+0000] {processor.py:830} INFO - Processing file /home/airflow/.local/lib/python3.8/site-packages/airflow/example_dags/example_dag_decorator.py for tasks to queue
[2025-10-15T07:48:19.701+0000] {logging_mixin.py:188} INFO - [2025-10-15T07:48:19.701+0000] {dagbag.py:540} INFO - Filling up the DagBag from /home/airflow/.local/lib/python3.8/site-packages/airflow/example_dags/example_dag_decorator.py
[2025-10-15T07:48:19.781+0000] {processor.py:840} INFO - DAG(s) 'example_dag_decorator' retrieved from /home/airflow/.local/lib/python3.8/site-packages/airflow/example_dags/example_dag_decorator.py
[2025-10-15T07:48:19.869+0000] {logging_mixin.py:188} INFO - [2025-10-15T07:48:19.868+0000] {dag.py:3047} INFO - Sync 1 DAGs
[2025-10-15T07:48:19.878+0000] {logging_mixin.py:188} INFO - [2025-10-15T07:48:19.878+0000] {dag.py:3834} INFO - Setting next_dagrun for example_dag_decorator to None, run_after=None
[2025-10-15T07:48:19.895+0000] {processor.py:183} INFO - Processing /home/airflow/.local/lib/python3.8/site-packages/airflow/example_dags/example_dag_decorator.py took 0.199 seconds
[2025-10-15T07:48:50.062+0000] {processor.py:161} INFO - Started process (PID=960) to work on /home/airflow/.local/lib/python3.8/site-packages/airflow/example_dags/example_dag_decorator.py
[2025-10-15T07:48:50.063+0000] {processor.py:830} INFO - Processing file /home/airflow/.local/lib/python3.8/site-packages/airflow/example_dags/example_dag_decorator.py for tasks to queue
[2025-10-15T07:48:50.065+0000] {logging_mixin.py:188} INFO - [2025-10-15T07:48:50.064+0000] {dagbag.py:540} INFO - Filling up the DagBag from /home/airflow/.local/lib/python3.8/site-packages/airflow/example_dags/example_dag_decorator.py
[2025-10-15T07:48:50.145+0000] {processor.py:840} INFO - DAG(s) 'example_dag_decorator' retrieved from /home/airflow/.local/lib/python3.8/site-packages/airflow/example_dags/example_dag_decorator.py
[2025-10-15T07:48:50.226+0000] {logging_mixin.py:188} INFO - [2025-10-15T07:48:50.226+0000] {dag.py:3047} INFO - Sync 1 DAGs
[2025-10-15T07:48:50.236+0000] {logging_mixin.py:188} INFO - [2025-10-15T07:48:50.236+0000] {dag.py:3834} INFO - Setting next_dagrun for example_dag_decorator to None, run_after=None
[2025-10-15T07:48:50.252+0000] {processor.py:183} INFO - Processing /home/airflow/.local/lib/python3.8/site-packages/airflow/example_dags/example_dag_decorator.py took 0.193 seconds
[2025-10-15T07:49:20.787+0000] {processor.py:161} INFO - Started process (PID=1021) to work on /home/airflow/.local/lib/python3.8/site-packages/airflow/example_dags/example_dag_decorator.py
[2025-10-15T07:49:20.788+0000] {processor.py:830} INFO - Processing file /home/airflow/.local/lib/python3.8/site-packages/airflow/example_dags/example_dag_decorator.py for tasks to queue
[2025-10-15T07:49:20.790+0000] {logging_mixin.py:188} INFO - [2025-10-15T07:49:20.790+0000] {dagbag.py:540} INFO - Filling up the DagBag from /home/airflow/.local/lib/python3.8/site-packages/airflow/example_dags/example_dag_decorator.py
[2025-10-15T07:49:20.873+0000] {processor.py:840} INFO - DAG(s) 'example_dag_decorator' retrieved from /home/airflow/.local/lib/python3.8/site-packages/airflow/example_dags/example_dag_decorator.py
[2025-10-15T07:49:20.966+0000] {logging_mixin.py:188} INFO - [2025-10-15T07:49:20.966+0000] {dag.py:3047} INFO - Sync 1 DAGs
[2025-10-15T07:49:20.977+0000] {logging_mixin.py:188} INFO - [2025-10-15T07:49:20.976+0000] {dag.py:3834} INFO - Setting next_dagrun for example_dag_decorator to None, run_after=None
[2025-10-15T07:49:20.995+0000] {processor.py:183} INFO - Processing /home/airflow/.local/lib/python3.8/site-packages/airflow/example_dags/example_dag_decorator.py took 0.210 seconds
[2025-10-15T07:49:51.416+0000] {processor.py:161} INFO - Started process (PID=1078) to work on /home/airflow/.local/lib/python3.8/site-packages/airflow/example_dags/example_dag_decorator.py
[2025-10-15T07:49:51.417+0000] {processor.py:830} INFO - Processing file /home/airflow/.local/lib/python3.8/site-packages/airflow/example_dags/example_dag_decorator.py for tasks to queue
[2025-10-15T07:49:51.419+0000] {logging_mixin.py:188} INFO - [2025-10-15T07:49:51.418+0000] {dagbag.py:540} INFO - Filling up the DagBag from /home/airflow/.local/lib/python3.8/site-packages/airflow/example_dags/example_dag_decorator.py
[2025-10-15T07:49:51.499+0000] {processor.py:840} INFO - DAG(s) 'example_dag_decorator' retrieved from /home/airflow/.local/lib/python3.8/site-packages/airflow/example_dags/example_dag_decorator.py
[2025-10-15T07:49:51.584+0000] {logging_mixin.py:188} INFO - [2025-10-15T07:49:51.584+0000] {dag.py:3047} INFO - Sync 1 DAGs
[2025-10-15T07:49:51.594+0000] {logging_mixin.py:188} INFO - [2025-10-15T07:49:51.594+0000] {dag.py:3834} INFO - Setting next_dagrun for example_dag_decorator to None, run_after=None
[2025-10-15T07:49:51.612+0000] {processor.py:183} INFO - Processing /home/airflow/.local/lib/python3.8/site-packages/airflow/example_dags/example_dag_decorator.py took 0.198 seconds
[2025-10-15T07:50:22.162+0000] {processor.py:161} INFO - Started process (PID=1139) to work on /home/airflow/.local/lib/python3.8/site-packages/airflow/example_dags/example_dag_decorator.py
[2025-10-15T07:50:22.163+0000] {processor.py:830} INFO - Processing file /home/airflow/.local/lib/python3.8/site-packages/airflow/example_dags/example_dag_decorator.py for tasks to queue
[2025-10-15T07:50:22.165+0000] {logging_mixin.py:188} INFO - [2025-10-15T07:50:22.165+0000] {dagbag.py:540} INFO - Filling up the DagBag from /home/airflow/.local/lib/python3.8/site-packages/airflow/example_dags/example_dag_decorator.py
[2025-10-15T07:50:22.246+0000] {processor.py:840} INFO - DAG(s) 'example_dag_decorator' retrieved from /home/airflow/.local/lib/python3.8/site-packages/airflow/example_dags/example_dag_decorator.py
[2025-10-15T07:50:22.337+0000] {logging_mixin.py:188} INFO - [2025-10-15T07:50:22.336+0000] {dag.py:3047} INFO - Sync 1 DAGs
[2025-10-15T07:50:22.348+0000] {logging_mixin.py:188} INFO - [2025-10-15T07:50:22.348+0000] {dag.py:3834} INFO - Setting next_dagrun for example_dag_decorator to None, run_after=None
[2025-10-15T07:50:22.369+0000] {processor.py:183} INFO - Processing /home/airflow/.local/lib/python3.8/site-packages/airflow/example_dags/example_dag_decorator.py took 0.210 seconds
[2025-10-15T07:50:53.080+0000] {processor.py:161} INFO - Started process (PID=1202) to work on /home/airflow/.local/lib/python3.8/site-packages/airflow/example_dags/example_dag_decorator.py
[2025-10-15T07:50:53.081+0000] {processor.py:830} INFO - Processing file /home/airflow/.local/lib/python3.8/site-packages/airflow/example_dags/example_dag_decorator.py for tasks to queue
[2025-10-15T07:50:53.083+0000] {logging_mixin.py:188} INFO - [2025-10-15T07:50:53.083+0000] {dagbag.py:540} INFO - Filling up the DagBag from /home/airflow/.local/lib/python3.8/site-packages/airflow/example_dags/example_dag_decorator.py
[2025-10-15T07:50:53.168+0000] {processor.py:840} INFO - DAG(s) 'example_dag_decorator' retrieved from /home/airflow/.local/lib/python3.8/site-packages/airflow/example_dags/example_dag_decorator.py
[2025-10-15T07:50:53.252+0000] {logging_mixin.py:188} INFO - [2025-10-15T07:50:53.252+0000] {dag.py:3047} INFO - Sync 1 DAGs
[2025-10-15T07:50:53.261+0000] {logging_mixin.py:188} INFO - [2025-10-15T07:50:53.261+0000] {dag.py:3834} INFO - Setting next_dagrun for example_dag_decorator to None, run_after=None
[2025-10-15T07:50:53.280+0000] {processor.py:183} INFO - Processing /home/airflow/.local/lib/python3.8/site-packages/airflow/example_dags/example_dag_decorator.py took 0.203 seconds
[2025-10-15T07:51:23.334+0000] {processor.py:161} INFO - Started process (PID=1262) to work on /home/airflow/.local/lib/python3.8/site-packages/airflow/example_dags/example_dag_decorator.py
[2025-10-15T07:51:23.335+0000] {processor.py:830} INFO - Processing file /home/airflow/.local/lib/python3.8/site-packages/airflow/example_dags/example_dag_decorator.py for tasks to queue
[2025-10-15T07:51:23.336+0000] {logging_mixin.py:188} INFO - [2025-10-15T07:51:23.336+0000] {dagbag.py:540} INFO - Filling up the DagBag from /home/airflow/.local/lib/python3.8/site-packages/airflow/example_dags/example_dag_decorator.py
[2025-10-15T07:51:23.414+0000] {processor.py:840} INFO - DAG(s) 'example_dag_decorator' retrieved from /home/airflow/.local/lib/python3.8/site-packages/airflow/example_dags/example_dag_decorator.py
[2025-10-15T07:51:23.495+0000] {logging_mixin.py:188} INFO - [2025-10-15T07:51:23.495+0000] {dag.py:3047} INFO - Sync 1 DAGs
[2025-10-15T07:51:23.504+0000] {logging_mixin.py:188} INFO - [2025-10-15T07:51:23.504+0000] {dag.py:3834} INFO - Setting next_dagrun for example_dag_decorator to None, run_after=None
[2025-10-15T07:51:23.520+0000] {processor.py:183} INFO - Processing /home/airflow/.local/lib/python3.8/site-packages/airflow/example_dags/example_dag_decorator.py took 0.189 seconds
[2025-10-15T07:51:53.814+0000] {processor.py:161} INFO - Started process (PID=1323) to work on /home/airflow/.local/lib/python3.8/site-packages/airflow/example_dags/example_dag_decorator.py
[2025-10-15T07:51:53.815+0000] {processor.py:830} INFO - Processing file /home/airflow/.local/lib/python3.8/site-packages/airflow/example_dags/example_dag_decorator.py for tasks to queue
[2025-10-15T07:51:53.816+0000] {logging_mixin.py:188} INFO - [2025-10-15T07:51:53.816+0000] {dagbag.py:540} INFO - Filling up the DagBag from /home/airflow/.local/lib/python3.8/site-packages/airflow/example_dags/example_dag_decorator.py
[2025-10-15T07:51:53.894+0000] {processor.py:840} INFO - DAG(s) 'example_dag_decorator' retrieved from /home/airflow/.local/lib/python3.8/site-packages/airflow/example_dags/example_dag_decorator.py
[2025-10-15T07:51:53.984+0000] {logging_mixin.py:188} INFO - [2025-10-15T07:51:53.984+0000] {dag.py:3047} INFO - Sync 1 DAGs
[2025-10-15T07:51:53.995+0000] {logging_mixin.py:188} INFO - [2025-10-15T07:51:53.995+0000] {dag.py:3834} INFO - Setting next_dagrun for example_dag_decorator to None, run_after=None
[2025-10-15T07:51:54.036+0000] {processor.py:183} INFO - Processing /home/airflow/.local/lib/python3.8/site-packages/airflow/example_dags/example_dag_decorator.py took 0.224 seconds
[2025-10-15T07:52:24.104+0000] {processor.py:161} INFO - Started process (PID=1386) to work on /home/airflow/.local/lib/python3.8/site-packages/airflow/example_dags/example_dag_decorator.py
[2025-10-15T07:52:24.105+0000] {processor.py:830} INFO - Processing file /home/airflow/.local/lib/python3.8/site-packages/airflow/example_dags/example_dag_decorator.py for tasks to queue
[2025-10-15T07:52:24.107+0000] {logging_mixin.py:188} INFO - [2025-10-15T07:52:24.107+0000] {dagbag.py:540} INFO - Filling up the DagBag from /home/airflow/.local/lib/python3.8/site-packages/airflow/example_dags/example_dag_decorator.py
[2025-10-15T07:52:24.190+0000] {processor.py:840} INFO - DAG(s) 'example_dag_decorator' retrieved from /home/airflow/.local/lib/python3.8/site-packages/airflow/example_dags/example_dag_decorator.py
[2025-10-15T07:52:24.271+0000] {logging_mixin.py:188} INFO - [2025-10-15T07:52:24.271+0000] {dag.py:3047} INFO - Sync 1 DAGs
[2025-10-15T07:52:24.279+0000] {logging_mixin.py:188} INFO - [2025-10-15T07:52:24.279+0000] {dag.py:3834} INFO - Setting next_dagrun for example_dag_decorator to None, run_after=None
[2025-10-15T07:52:24.295+0000] {processor.py:183} INFO - Processing /home/airflow/.local/lib/python3.8/site-packages/airflow/example_dags/example_dag_decorator.py took 0.193 seconds
[2025-10-15T07:52:55.167+0000] {processor.py:161} INFO - Started process (PID=1448) to work on /home/airflow/.local/lib/python3.8/site-packages/airflow/example_dags/example_dag_decorator.py
[2025-10-15T07:52:55.168+0000] {processor.py:830} INFO - Processing file /home/airflow/.local/lib/python3.8/site-packages/airflow/example_dags/example_dag_decorator.py for tasks to queue
[2025-10-15T07:52:55.170+0000] {logging_mixin.py:188} INFO - [2025-10-15T07:52:55.169+0000] {dagbag.py:540} INFO - Filling up the DagBag from /home/airflow/.local/lib/python3.8/site-packages/airflow/example_dags/example_dag_decorator.py
[2025-10-15T07:52:55.255+0000] {processor.py:840} INFO - DAG(s) 'example_dag_decorator' retrieved from /home/airflow/.local/lib/python3.8/site-packages/airflow/example_dags/example_dag_decorator.py
[2025-10-15T07:52:55.342+0000] {logging_mixin.py:188} INFO - [2025-10-15T07:52:55.342+0000] {dag.py:3047} INFO - Sync 1 DAGs
[2025-10-15T07:52:55.352+0000] {logging_mixin.py:188} INFO - [2025-10-15T07:52:55.352+0000] {dag.py:3834} INFO - Setting next_dagrun for example_dag_decorator to None, run_after=None
[2025-10-15T07:52:55.370+0000] {processor.py:183} INFO - Processing /home/airflow/.local/lib/python3.8/site-packages/airflow/example_dags/example_dag_decorator.py took 0.205 seconds
[2025-10-15T07:53:26.190+0000] {processor.py:161} INFO - Started process (PID=1507) to work on /home/airflow/.local/lib/python3.8/site-packages/airflow/example_dags/example_dag_decorator.py
[2025-10-15T07:53:26.191+0000] {processor.py:830} INFO - Processing file /home/airflow/.local/lib/python3.8/site-packages/airflow/example_dags/example_dag_decorator.py for tasks to queue
[2025-10-15T07:53:26.192+0000] {logging_mixin.py:188} INFO - [2025-10-15T07:53:26.192+0000] {dagbag.py:540} INFO - Filling up the DagBag from /home/airflow/.local/lib/python3.8/site-packages/airflow/example_dags/example_dag_decorator.py
[2025-10-15T07:53:26.270+0000] {processor.py:840} INFO - DAG(s) 'example_dag_decorator' retrieved from /home/airflow/.local/lib/python3.8/site-packages/airflow/example_dags/example_dag_decorator.py
[2025-10-15T07:53:26.291+0000] {logging_mixin.py:188} INFO - [2025-10-15T07:53:26.291+0000] {dag.py:3047} INFO - Sync 1 DAGs
[2025-10-15T07:53:26.302+0000] {logging_mixin.py:188} INFO - [2025-10-15T07:53:26.302+0000] {dag.py:3834} INFO - Setting next_dagrun for example_dag_decorator to None, run_after=None
[2025-10-15T07:53:26.319+0000] {processor.py:183} INFO - Processing /home/airflow/.local/lib/python3.8/site-packages/airflow/example_dags/example_dag_decorator.py took 0.132 seconds
[2025-10-15T07:53:56.823+0000] {processor.py:161} INFO - Started process (PID=1569) to work on /home/airflow/.local/lib/python3.8/site-packages/airflow/example_dags/example_dag_decorator.py
[2025-10-15T07:53:56.824+0000] {processor.py:830} INFO - Processing file /home/airflow/.local/lib/python3.8/site-packages/airflow/example_dags/example_dag_decorator.py for tasks to queue
[2025-10-15T07:53:56.826+0000] {logging_mixin.py:188} INFO - [2025-10-15T07:53:56.826+0000] {dagbag.py:540} INFO - Filling up the DagBag from /home/airflow/.local/lib/python3.8/site-packages/airflow/example_dags/example_dag_decorator.py
[2025-10-15T07:53:56.904+0000] {processor.py:840} INFO - DAG(s) 'example_dag_decorator' retrieved from /home/airflow/.local/lib/python3.8/site-packages/airflow/example_dags/example_dag_decorator.py
[2025-10-15T07:53:56.990+0000] {logging_mixin.py:188} INFO - [2025-10-15T07:53:56.990+0000] {dag.py:3047} INFO - Sync 1 DAGs
[2025-10-15T07:53:57.001+0000] {logging_mixin.py:188} INFO - [2025-10-15T07:53:57.001+0000] {dag.py:3834} INFO - Setting next_dagrun for example_dag_decorator to None, run_after=None
[2025-10-15T07:53:57.018+0000] {processor.py:183} INFO - Processing /home/airflow/.local/lib/python3.8/site-packages/airflow/example_dags/example_dag_decorator.py took 0.198 seconds
[2025-10-15T07:54:27.943+0000] {processor.py:161} INFO - Started process (PID=1629) to work on /home/airflow/.local/lib/python3.8/site-packages/airflow/example_dags/example_dag_decorator.py
[2025-10-15T07:54:27.944+0000] {processor.py:830} INFO - Processing file /home/airflow/.local/lib/python3.8/site-packages/airflow/example_dags/example_dag_decorator.py for tasks to queue
[2025-10-15T07:54:27.946+0000] {logging_mixin.py:188} INFO - [2025-10-15T07:54:27.945+0000] {dagbag.py:540} INFO - Filling up the DagBag from /home/airflow/.local/lib/python3.8/site-packages/airflow/example_dags/example_dag_decorator.py
[2025-10-15T07:54:28.025+0000] {processor.py:840} INFO - DAG(s) 'example_dag_decorator' retrieved from /home/airflow/.local/lib/python3.8/site-packages/airflow/example_dags/example_dag_decorator.py
[2025-10-15T07:54:28.110+0000] {logging_mixin.py:188} INFO - [2025-10-15T07:54:28.110+0000] {dag.py:3047} INFO - Sync 1 DAGs
[2025-10-15T07:54:28.119+0000] {logging_mixin.py:188} INFO - [2025-10-15T07:54:28.119+0000] {dag.py:3834} INFO - Setting next_dagrun for example_dag_decorator to None, run_after=None
[2025-10-15T07:54:28.136+0000] {processor.py:183} INFO - Processing /home/airflow/.local/lib/python3.8/site-packages/airflow/example_dags/example_dag_decorator.py took 0.196 seconds
[2025-10-15T07:54:58.432+0000] {processor.py:161} INFO - Started process (PID=1689) to work on /home/airflow/.local/lib/python3.8/site-packages/airflow/example_dags/example_dag_decorator.py
[2025-10-15T07:54:58.433+0000] {processor.py:830} INFO - Processing file /home/airflow/.local/lib/python3.8/site-packages/airflow/example_dags/example_dag_decorator.py for tasks to queue
[2025-10-15T07:54:58.434+0000] {logging_mixin.py:188} INFO - [2025-10-15T07:54:58.434+0000] {dagbag.py:540} INFO - Filling up the DagBag from /home/airflow/.local/lib/python3.8/site-packages/airflow/example_dags/example_dag_decorator.py
[2025-10-15T07:54:58.510+0000] {processor.py:840} INFO - DAG(s) 'example_dag_decorator' retrieved from /home/airflow/.local/lib/python3.8/site-packages/airflow/example_dags/example_dag_decorator.py
[2025-10-15T07:54:58.531+0000] {logging_mixin.py:188} INFO - [2025-10-15T07:54:58.531+0000] {dag.py:3047} INFO - Sync 1 DAGs
[2025-10-15T07:54:58.542+0000] {logging_mixin.py:188} INFO - [2025-10-15T07:54:58.541+0000] {dag.py:3834} INFO - Setting next_dagrun for example_dag_decorator to None, run_after=None
[2025-10-15T07:54:58.557+0000] {processor.py:183} INFO - Processing /home/airflow/.local/lib/python3.8/site-packages/airflow/example_dags/example_dag_decorator.py took 0.128 seconds
[2025-10-15T07:55:28.615+0000] {processor.py:161} INFO - Started process (PID=1750) to work on /home/airflow/.local/lib/python3.8/site-packages/airflow/example_dags/example_dag_decorator.py
[2025-10-15T07:55:28.616+0000] {processor.py:830} INFO - Processing file /home/airflow/.local/lib/python3.8/site-packages/airflow/example_dags/example_dag_decorator.py for tasks to queue
[2025-10-15T07:55:28.617+0000] {logging_mixin.py:188} INFO - [2025-10-15T07:55:28.617+0000] {dagbag.py:540} INFO - Filling up the DagBag from /home/airflow/.local/lib/python3.8/site-packages/airflow/example_dags/example_dag_decorator.py
[2025-10-15T07:55:28.694+0000] {processor.py:840} INFO - DAG(s) 'example_dag_decorator' retrieved from /home/airflow/.local/lib/python3.8/site-packages/airflow/example_dags/example_dag_decorator.py
[2025-10-15T07:55:28.780+0000] {logging_mixin.py:188} INFO - [2025-10-15T07:55:28.779+0000] {dag.py:3047} INFO - Sync 1 DAGs
[2025-10-15T07:55:28.789+0000] {logging_mixin.py:188} INFO - [2025-10-15T07:55:28.789+0000] {dag.py:3834} INFO - Setting next_dagrun for example_dag_decorator to None, run_after=None
[2025-10-15T07:55:28.807+0000] {processor.py:183} INFO - Processing /home/airflow/.local/lib/python3.8/site-packages/airflow/example_dags/example_dag_decorator.py took 0.194 seconds
[2025-10-15T07:55:59.111+0000] {processor.py:161} INFO - Started process (PID=1811) to work on /home/airflow/.local/lib/python3.8/site-packages/airflow/example_dags/example_dag_decorator.py
[2025-10-15T07:55:59.112+0000] {processor.py:830} INFO - Processing file /home/airflow/.local/lib/python3.8/site-packages/airflow/example_dags/example_dag_decorator.py for tasks to queue
[2025-10-15T07:55:59.114+0000] {logging_mixin.py:188} INFO - [2025-10-15T07:55:59.113+0000] {dagbag.py:540} INFO - Filling up the DagBag from /home/airflow/.local/lib/python3.8/site-packages/airflow/example_dags/example_dag_decorator.py
[2025-10-15T07:55:59.191+0000] {processor.py:840} INFO - DAG(s) 'example_dag_decorator' retrieved from /home/airflow/.local/lib/python3.8/site-packages/airflow/example_dags/example_dag_decorator.py
[2025-10-15T07:55:59.276+0000] {logging_mixin.py:188} INFO - [2025-10-15T07:55:59.276+0000] {dag.py:3047} INFO - Sync 1 DAGs
[2025-10-15T07:55:59.285+0000] {logging_mixin.py:188} INFO - [2025-10-15T07:55:59.284+0000] {dag.py:3834} INFO - Setting next_dagrun for example_dag_decorator to None, run_after=None
[2025-10-15T07:55:59.302+0000] {processor.py:183} INFO - Processing /home/airflow/.local/lib/python3.8/site-packages/airflow/example_dags/example_dag_decorator.py took 0.194 seconds
[2025-10-15T07:56:29.467+0000] {processor.py:161} INFO - Started process (PID=1871) to work on /home/airflow/.local/lib/python3.8/site-packages/airflow/example_dags/example_dag_decorator.py
[2025-10-15T07:56:29.468+0000] {processor.py:830} INFO - Processing file /home/airflow/.local/lib/python3.8/site-packages/airflow/example_dags/example_dag_decorator.py for tasks to queue
[2025-10-15T07:56:29.469+0000] {logging_mixin.py:188} INFO - [2025-10-15T07:56:29.469+0000] {dagbag.py:540} INFO - Filling up the DagBag from /home/airflow/.local/lib/python3.8/site-packages/airflow/example_dags/example_dag_decorator.py
[2025-10-15T07:56:29.549+0000] {processor.py:840} INFO - DAG(s) 'example_dag_decorator' retrieved from /home/airflow/.local/lib/python3.8/site-packages/airflow/example_dags/example_dag_decorator.py
[2025-10-15T07:56:29.631+0000] {logging_mixin.py:188} INFO - [2025-10-15T07:56:29.631+0000] {dag.py:3047} INFO - Sync 1 DAGs
[2025-10-15T07:56:29.640+0000] {logging_mixin.py:188} INFO - [2025-10-15T07:56:29.640+0000] {dag.py:3834} INFO - Setting next_dagrun for example_dag_decorator to None, run_after=None
[2025-10-15T07:56:29.656+0000] {processor.py:183} INFO - Processing /home/airflow/.local/lib/python3.8/site-packages/airflow/example_dags/example_dag_decorator.py took 0.192 seconds
[2025-10-15T07:56:59.705+0000] {processor.py:161} INFO - Started process (PID=1931) to work on /home/airflow/.local/lib/python3.8/site-packages/airflow/example_dags/example_dag_decorator.py
[2025-10-15T07:56:59.706+0000] {processor.py:830} INFO - Processing file /home/airflow/.local/lib/python3.8/site-packages/airflow/example_dags/example_dag_decorator.py for tasks to queue
[2025-10-15T07:56:59.708+0000] {logging_mixin.py:188} INFO - [2025-10-15T07:56:59.707+0000] {dagbag.py:540} INFO - Filling up the DagBag from /home/airflow/.local/lib/python3.8/site-packages/airflow/example_dags/example_dag_decorator.py
[2025-10-15T07:56:59.792+0000] {processor.py:840} INFO - DAG(s) 'example_dag_decorator' retrieved from /home/airflow/.local/lib/python3.8/site-packages/airflow/example_dags/example_dag_decorator.py
[2025-10-15T07:56:59.811+0000] {logging_mixin.py:188} INFO - [2025-10-15T07:56:59.811+0000] {dag.py:3047} INFO - Sync 1 DAGs
[2025-10-15T07:56:59.821+0000] {logging_mixin.py:188} INFO - [2025-10-15T07:56:59.821+0000] {dag.py:3834} INFO - Setting next_dagrun for example_dag_decorator to None, run_after=None
[2025-10-15T07:56:59.835+0000] {processor.py:183} INFO - Processing /home/airflow/.local/lib/python3.8/site-packages/airflow/example_dags/example_dag_decorator.py took 0.133 seconds
[2025-10-15T07:57:29.887+0000] {processor.py:161} INFO - Started process (PID=1992) to work on /home/airflow/.local/lib/python3.8/site-packages/airflow/example_dags/example_dag_decorator.py
[2025-10-15T07:57:29.888+0000] {processor.py:830} INFO - Processing file /home/airflow/.local/lib/python3.8/site-packages/airflow/example_dags/example_dag_decorator.py for tasks to queue
[2025-10-15T07:57:29.890+0000] {logging_mixin.py:188} INFO - [2025-10-15T07:57:29.890+0000] {dagbag.py:540} INFO - Filling up the DagBag from /home/airflow/.local/lib/python3.8/site-packages/airflow/example_dags/example_dag_decorator.py
[2025-10-15T07:57:29.971+0000] {processor.py:840} INFO - DAG(s) 'example_dag_decorator' retrieved from /home/airflow/.local/lib/python3.8/site-packages/airflow/example_dags/example_dag_decorator.py
[2025-10-15T07:57:30.060+0000] {logging_mixin.py:188} INFO - [2025-10-15T07:57:30.060+0000] {dag.py:3047} INFO - Sync 1 DAGs
[2025-10-15T07:57:30.070+0000] {logging_mixin.py:188} INFO - [2025-10-15T07:57:30.070+0000] {dag.py:3834} INFO - Setting next_dagrun for example_dag_decorator to None, run_after=None
[2025-10-15T07:57:30.089+0000] {processor.py:183} INFO - Processing /home/airflow/.local/lib/python3.8/site-packages/airflow/example_dags/example_dag_decorator.py took 0.205 seconds
[2025-10-15T07:58:00.772+0000] {processor.py:161} INFO - Started process (PID=2053) to work on /home/airflow/.local/lib/python3.8/site-packages/airflow/example_dags/example_dag_decorator.py
[2025-10-15T07:58:00.773+0000] {processor.py:830} INFO - Processing file /home/airflow/.local/lib/python3.8/site-packages/airflow/example_dags/example_dag_decorator.py for tasks to queue
[2025-10-15T07:58:00.775+0000] {logging_mixin.py:188} INFO - [2025-10-15T07:58:00.774+0000] {dagbag.py:540} INFO - Filling up the DagBag from /home/airflow/.local/lib/python3.8/site-packages/airflow/example_dags/example_dag_decorator.py
[2025-10-15T07:58:00.851+0000] {processor.py:840} INFO - DAG(s) 'example_dag_decorator' retrieved from /home/airflow/.local/lib/python3.8/site-packages/airflow/example_dags/example_dag_decorator.py
[2025-10-15T07:58:00.938+0000] {logging_mixin.py:188} INFO - [2025-10-15T07:58:00.937+0000] {dag.py:3047} INFO - Sync 1 DAGs
[2025-10-15T07:58:00.948+0000] {logging_mixin.py:188} INFO - [2025-10-15T07:58:00.947+0000] {dag.py:3834} INFO - Setting next_dagrun for example_dag_decorator to None, run_after=None
[2025-10-15T07:58:00.963+0000] {processor.py:183} INFO - Processing /home/airflow/.local/lib/python3.8/site-packages/airflow/example_dags/example_dag_decorator.py took 0.193 seconds
[2025-10-15T07:58:31.042+0000] {processor.py:161} INFO - Started process (PID=2113) to work on /home/airflow/.local/lib/python3.8/site-packages/airflow/example_dags/example_dag_decorator.py
[2025-10-15T07:58:31.043+0000] {processor.py:830} INFO - Processing file /home/airflow/.local/lib/python3.8/site-packages/airflow/example_dags/example_dag_decorator.py for tasks to queue
[2025-10-15T07:58:31.045+0000] {logging_mixin.py:188} INFO - [2025-10-15T07:58:31.045+0000] {dagbag.py:540} INFO - Filling up the DagBag from /home/airflow/.local/lib/python3.8/site-packages/airflow/example_dags/example_dag_decorator.py
[2025-10-15T07:58:31.124+0000] {processor.py:840} INFO - DAG(s) 'example_dag_decorator' retrieved from /home/airflow/.local/lib/python3.8/site-packages/airflow/example_dags/example_dag_decorator.py
[2025-10-15T07:58:31.300+0000] {logging_mixin.py:188} INFO - [2025-10-15T07:58:31.300+0000] {dag.py:3047} INFO - Sync 1 DAGs
[2025-10-15T07:58:31.308+0000] {logging_mixin.py:188} INFO - [2025-10-15T07:58:31.308+0000] {dag.py:3834} INFO - Setting next_dagrun for example_dag_decorator to None, run_after=None
[2025-10-15T07:58:31.324+0000] {processor.py:183} INFO - Processing /home/airflow/.local/lib/python3.8/site-packages/airflow/example_dags/example_dag_decorator.py took 0.285 seconds
[2025-10-15T07:59:02.215+0000] {processor.py:161} INFO - Started process (PID=2174) to work on /home/airflow/.local/lib/python3.8/site-packages/airflow/example_dags/example_dag_decorator.py
[2025-10-15T07:59:02.216+0000] {processor.py:830} INFO - Processing file /home/airflow/.local/lib/python3.8/site-packages/airflow/example_dags/example_dag_decorator.py for tasks to queue
[2025-10-15T07:59:02.217+0000] {logging_mixin.py:188} INFO - [2025-10-15T07:59:02.217+0000] {dagbag.py:540} INFO - Filling up the DagBag from /home/airflow/.local/lib/python3.8/site-packages/airflow/example_dags/example_dag_decorator.py
[2025-10-15T07:59:02.292+0000] {processor.py:840} INFO - DAG(s) 'example_dag_decorator' retrieved from /home/airflow/.local/lib/python3.8/site-packages/airflow/example_dags/example_dag_decorator.py
[2025-10-15T07:59:02.458+0000] {logging_mixin.py:188} INFO - [2025-10-15T07:59:02.458+0000] {dag.py:3047} INFO - Sync 1 DAGs
[2025-10-15T07:59:02.466+0000] {logging_mixin.py:188} INFO - [2025-10-15T07:59:02.466+0000] {dag.py:3834} INFO - Setting next_dagrun for example_dag_decorator to None, run_after=None
[2025-10-15T07:59:02.481+0000] {processor.py:183} INFO - Processing /home/airflow/.local/lib/python3.8/site-packages/airflow/example_dags/example_dag_decorator.py took 0.269 seconds
[2025-10-15T07:59:33.411+0000] {processor.py:161} INFO - Started process (PID=2234) to work on /home/airflow/.local/lib/python3.8/site-packages/airflow/example_dags/example_dag_decorator.py
[2025-10-15T07:59:33.412+0000] {processor.py:830} INFO - Processing file /home/airflow/.local/lib/python3.8/site-packages/airflow/example_dags/example_dag_decorator.py for tasks to queue
[2025-10-15T07:59:33.413+0000] {logging_mixin.py:188} INFO - [2025-10-15T07:59:33.413+0000] {dagbag.py:540} INFO - Filling up the DagBag from /home/airflow/.local/lib/python3.8/site-packages/airflow/example_dags/example_dag_decorator.py
[2025-10-15T07:59:33.500+0000] {processor.py:840} INFO - DAG(s) 'example_dag_decorator' retrieved from /home/airflow/.local/lib/python3.8/site-packages/airflow/example_dags/example_dag_decorator.py
[2025-10-15T07:59:33.675+0000] {logging_mixin.py:188} INFO - [2025-10-15T07:59:33.675+0000] {dag.py:3047} INFO - Sync 1 DAGs
[2025-10-15T07:59:33.683+0000] {logging_mixin.py:188} INFO - [2025-10-15T07:59:33.683+0000] {dag.py:3834} INFO - Setting next_dagrun for example_dag_decorator to None, run_after=None
[2025-10-15T07:59:33.698+0000] {processor.py:183} INFO - Processing /home/airflow/.local/lib/python3.8/site-packages/airflow/example_dags/example_dag_decorator.py took 0.290 seconds
[2025-10-15T08:00:04.137+0000] {processor.py:161} INFO - Started process (PID=2293) to work on /home/airflow/.local/lib/python3.8/site-packages/airflow/example_dags/example_dag_decorator.py
[2025-10-15T08:00:04.138+0000] {processor.py:830} INFO - Processing file /home/airflow/.local/lib/python3.8/site-packages/airflow/example_dags/example_dag_decorator.py for tasks to queue
[2025-10-15T08:00:04.139+0000] {logging_mixin.py:188} INFO - [2025-10-15T08:00:04.139+0000] {dagbag.py:540} INFO - Filling up the DagBag from /home/airflow/.local/lib/python3.8/site-packages/airflow/example_dags/example_dag_decorator.py
[2025-10-15T08:00:04.225+0000] {processor.py:840} INFO - DAG(s) 'example_dag_decorator' retrieved from /home/airflow/.local/lib/python3.8/site-packages/airflow/example_dags/example_dag_decorator.py
[2025-10-15T08:00:04.407+0000] {logging_mixin.py:188} INFO - [2025-10-15T08:00:04.407+0000] {dag.py:3047} INFO - Sync 1 DAGs
[2025-10-15T08:00:04.416+0000] {logging_mixin.py:188} INFO - [2025-10-15T08:00:04.416+0000] {dag.py:3834} INFO - Setting next_dagrun for example_dag_decorator to None, run_after=None
[2025-10-15T08:00:04.432+0000] {processor.py:183} INFO - Processing /home/airflow/.local/lib/python3.8/site-packages/airflow/example_dags/example_dag_decorator.py took 0.298 seconds
[2025-10-15T08:00:34.527+0000] {processor.py:161} INFO - Started process (PID=2358) to work on /home/airflow/.local/lib/python3.8/site-packages/airflow/example_dags/example_dag_decorator.py
[2025-10-15T08:00:34.528+0000] {processor.py:830} INFO - Processing file /home/airflow/.local/lib/python3.8/site-packages/airflow/example_dags/example_dag_decorator.py for tasks to queue
[2025-10-15T08:00:34.528+0000] {logging_mixin.py:188} INFO - [2025-10-15T08:00:34.528+0000] {dagbag.py:540} INFO - Filling up the DagBag from /home/airflow/.local/lib/python3.8/site-packages/airflow/example_dags/example_dag_decorator.py
[2025-10-15T08:00:34.610+0000] {processor.py:840} INFO - DAG(s) 'example_dag_decorator' retrieved from /home/airflow/.local/lib/python3.8/site-packages/airflow/example_dags/example_dag_decorator.py
[2025-10-15T08:00:34.791+0000] {logging_mixin.py:188} INFO - [2025-10-15T08:00:34.791+0000] {dag.py:3047} INFO - Sync 1 DAGs
[2025-10-15T08:00:34.799+0000] {logging_mixin.py:188} INFO - [2025-10-15T08:00:34.799+0000] {dag.py:3834} INFO - Setting next_dagrun for example_dag_decorator to None, run_after=None
[2025-10-15T08:00:34.816+0000] {processor.py:183} INFO - Processing /home/airflow/.local/lib/python3.8/site-packages/airflow/example_dags/example_dag_decorator.py took 0.292 seconds
[2025-10-15T08:01:04.945+0000] {processor.py:161} INFO - Started process (PID=2423) to work on /home/airflow/.local/lib/python3.8/site-packages/airflow/example_dags/example_dag_decorator.py
[2025-10-15T08:01:04.946+0000] {processor.py:830} INFO - Processing file /home/airflow/.local/lib/python3.8/site-packages/airflow/example_dags/example_dag_decorator.py for tasks to queue
[2025-10-15T08:01:04.948+0000] {logging_mixin.py:188} INFO - [2025-10-15T08:01:04.947+0000] {dagbag.py:540} INFO - Filling up the DagBag from /home/airflow/.local/lib/python3.8/site-packages/airflow/example_dags/example_dag_decorator.py
[2025-10-15T08:01:05.030+0000] {processor.py:840} INFO - DAG(s) 'example_dag_decorator' retrieved from /home/airflow/.local/lib/python3.8/site-packages/airflow/example_dags/example_dag_decorator.py
[2025-10-15T08:01:05.209+0000] {logging_mixin.py:188} INFO - [2025-10-15T08:01:05.209+0000] {dag.py:3047} INFO - Sync 1 DAGs
[2025-10-15T08:01:05.217+0000] {logging_mixin.py:188} INFO - [2025-10-15T08:01:05.217+0000] {dag.py:3834} INFO - Setting next_dagrun for example_dag_decorator to None, run_after=None
[2025-10-15T08:01:05.233+0000] {processor.py:183} INFO - Processing /home/airflow/.local/lib/python3.8/site-packages/airflow/example_dags/example_dag_decorator.py took 0.291 seconds
[2025-10-15T08:01:35.258+0000] {processor.py:161} INFO - Started process (PID=2486) to work on /home/airflow/.local/lib/python3.8/site-packages/airflow/example_dags/example_dag_decorator.py
[2025-10-15T08:01:35.259+0000] {processor.py:830} INFO - Processing file /home/airflow/.local/lib/python3.8/site-packages/airflow/example_dags/example_dag_decorator.py for tasks to queue
[2025-10-15T08:01:35.260+0000] {logging_mixin.py:188} INFO - [2025-10-15T08:01:35.259+0000] {dagbag.py:540} INFO - Filling up the DagBag from /home/airflow/.local/lib/python3.8/site-packages/airflow/example_dags/example_dag_decorator.py
[2025-10-15T08:01:35.349+0000] {processor.py:840} INFO - DAG(s) 'example_dag_decorator' retrieved from /home/airflow/.local/lib/python3.8/site-packages/airflow/example_dags/example_dag_decorator.py
[2025-10-15T08:01:35.535+0000] {logging_mixin.py:188} INFO - [2025-10-15T08:01:35.534+0000] {dag.py:3047} INFO - Sync 1 DAGs
[2025-10-15T08:01:35.543+0000] {logging_mixin.py:188} INFO - [2025-10-15T08:01:35.543+0000] {dag.py:3834} INFO - Setting next_dagrun for example_dag_decorator to None, run_after=None
[2025-10-15T08:01:35.559+0000] {processor.py:183} INFO - Processing /home/airflow/.local/lib/python3.8/site-packages/airflow/example_dags/example_dag_decorator.py took 0.304 seconds
[2025-10-15T08:02:05.621+0000] {processor.py:161} INFO - Started process (PID=2547) to work on /home/airflow/.local/lib/python3.8/site-packages/airflow/example_dags/example_dag_decorator.py
[2025-10-15T08:02:05.622+0000] {processor.py:830} INFO - Processing file /home/airflow/.local/lib/python3.8/site-packages/airflow/example_dags/example_dag_decorator.py for tasks to queue
[2025-10-15T08:02:05.623+0000] {logging_mixin.py:188} INFO - [2025-10-15T08:02:05.623+0000] {dagbag.py:540} INFO - Filling up the DagBag from /home/airflow/.local/lib/python3.8/site-packages/airflow/example_dags/example_dag_decorator.py
[2025-10-15T08:02:05.707+0000] {processor.py:840} INFO - DAG(s) 'example_dag_decorator' retrieved from /home/airflow/.local/lib/python3.8/site-packages/airflow/example_dags/example_dag_decorator.py
[2025-10-15T08:02:05.874+0000] {logging_mixin.py:188} INFO - [2025-10-15T08:02:05.874+0000] {dag.py:3047} INFO - Sync 1 DAGs
[2025-10-15T08:02:05.883+0000] {logging_mixin.py:188} INFO - [2025-10-15T08:02:05.883+0000] {dag.py:3834} INFO - Setting next_dagrun for example_dag_decorator to None, run_after=None
[2025-10-15T08:02:05.898+0000] {processor.py:183} INFO - Processing /home/airflow/.local/lib/python3.8/site-packages/airflow/example_dags/example_dag_decorator.py took 0.280 seconds
[2025-10-15T08:02:35.932+0000] {processor.py:161} INFO - Started process (PID=2612) to work on /home/airflow/.local/lib/python3.8/site-packages/airflow/example_dags/example_dag_decorator.py
[2025-10-15T08:02:35.933+0000] {processor.py:830} INFO - Processing file /home/airflow/.local/lib/python3.8/site-packages/airflow/example_dags/example_dag_decorator.py for tasks to queue
[2025-10-15T08:02:35.934+0000] {logging_mixin.py:188} INFO - [2025-10-15T08:02:35.934+0000] {dagbag.py:540} INFO - Filling up the DagBag from /home/airflow/.local/lib/python3.8/site-packages/airflow/example_dags/example_dag_decorator.py
[2025-10-15T08:02:36.011+0000] {processor.py:840} INFO - DAG(s) 'example_dag_decorator' retrieved from /home/airflow/.local/lib/python3.8/site-packages/airflow/example_dags/example_dag_decorator.py
[2025-10-15T08:02:36.181+0000] {logging_mixin.py:188} INFO - [2025-10-15T08:02:36.180+0000] {dag.py:3047} INFO - Sync 1 DAGs
[2025-10-15T08:02:36.191+0000] {logging_mixin.py:188} INFO - [2025-10-15T08:02:36.190+0000] {dag.py:3834} INFO - Setting next_dagrun for example_dag_decorator to None, run_after=None
[2025-10-15T08:02:36.206+0000] {processor.py:183} INFO - Processing /home/airflow/.local/lib/python3.8/site-packages/airflow/example_dags/example_dag_decorator.py took 0.277 seconds
[2025-10-15T08:03:07.064+0000] {processor.py:161} INFO - Started process (PID=2672) to work on /home/airflow/.local/lib/python3.8/site-packages/airflow/example_dags/example_dag_decorator.py
[2025-10-15T08:03:07.065+0000] {processor.py:830} INFO - Processing file /home/airflow/.local/lib/python3.8/site-packages/airflow/example_dags/example_dag_decorator.py for tasks to queue
[2025-10-15T08:03:07.066+0000] {logging_mixin.py:188} INFO - [2025-10-15T08:03:07.066+0000] {dagbag.py:540} INFO - Filling up the DagBag from /home/airflow/.local/lib/python3.8/site-packages/airflow/example_dags/example_dag_decorator.py
[2025-10-15T08:03:07.151+0000] {processor.py:840} INFO - DAG(s) 'example_dag_decorator' retrieved from /home/airflow/.local/lib/python3.8/site-packages/airflow/example_dags/example_dag_decorator.py
[2025-10-15T08:03:07.341+0000] {logging_mixin.py:188} INFO - [2025-10-15T08:03:07.341+0000] {dag.py:3047} INFO - Sync 1 DAGs
[2025-10-15T08:03:07.351+0000] {logging_mixin.py:188} INFO - [2025-10-15T08:03:07.351+0000] {dag.py:3834} INFO - Setting next_dagrun for example_dag_decorator to None, run_after=None
[2025-10-15T08:03:07.372+0000] {processor.py:183} INFO - Processing /home/airflow/.local/lib/python3.8/site-packages/airflow/example_dags/example_dag_decorator.py took 0.310 seconds
