[2025-10-15T07:41:42.863+0000] {processor.py:161} INFO - Started process (PID=109) to work on /home/airflow/.local/lib/python3.8/site-packages/airflow/example_dags/example_task_group_decorator.py
[2025-10-15T07:41:42.864+0000] {processor.py:830} INFO - Processing file /home/airflow/.local/lib/python3.8/site-packages/airflow/example_dags/example_task_group_decorator.py for tasks to queue
[2025-10-15T07:41:42.866+0000] {logging_mixin.py:188} INFO - [2025-10-15T07:41:42.865+0000] {dagbag.py:540} INFO - Filling up the DagBag from /home/airflow/.local/lib/python3.8/site-packages/airflow/example_dags/example_task_group_decorator.py
[2025-10-15T07:41:42.880+0000] {processor.py:840} INFO - DAG(s) 'example_task_group_decorator' retrieved from /home/airflow/.local/lib/python3.8/site-packages/airflow/example_dags/example_task_group_decorator.py
[2025-10-15T07:41:42.984+0000] {logging_mixin.py:188} INFO - [2025-10-15T07:41:42.984+0000] {dag.py:3047} INFO - Sync 1 DAGs
[2025-10-15T07:41:43.002+0000] {logging_mixin.py:188} INFO - [2025-10-15T07:41:43.002+0000] {dag.py:3834} INFO - Setting next_dagrun for example_task_group_decorator to 2025-10-14 00:00:00+00:00, run_after=2025-10-15 00:00:00+00:00
[2025-10-15T07:41:43.024+0000] {processor.py:183} INFO - Processing /home/airflow/.local/lib/python3.8/site-packages/airflow/example_dags/example_task_group_decorator.py took 0.164 seconds
[2025-10-15T07:42:13.884+0000] {processor.py:161} INFO - Started process (PID=170) to work on /home/airflow/.local/lib/python3.8/site-packages/airflow/example_dags/example_task_group_decorator.py
[2025-10-15T07:42:13.885+0000] {processor.py:830} INFO - Processing file /home/airflow/.local/lib/python3.8/site-packages/airflow/example_dags/example_task_group_decorator.py for tasks to queue
[2025-10-15T07:42:13.886+0000] {logging_mixin.py:188} INFO - [2025-10-15T07:42:13.886+0000] {dagbag.py:540} INFO - Filling up the DagBag from /home/airflow/.local/lib/python3.8/site-packages/airflow/example_dags/example_task_group_decorator.py
[2025-10-15T07:42:13.899+0000] {processor.py:840} INFO - DAG(s) 'example_task_group_decorator' retrieved from /home/airflow/.local/lib/python3.8/site-packages/airflow/example_dags/example_task_group_decorator.py
[2025-10-15T07:42:13.920+0000] {logging_mixin.py:188} INFO - [2025-10-15T07:42:13.919+0000] {dag.py:3047} INFO - Sync 1 DAGs
[2025-10-15T07:42:13.941+0000] {logging_mixin.py:188} INFO - [2025-10-15T07:42:13.940+0000] {dag.py:3834} INFO - Setting next_dagrun for example_task_group_decorator to 2025-10-14 00:00:00+00:00, run_after=2025-10-15 00:00:00+00:00
[2025-10-15T07:42:13.958+0000] {processor.py:183} INFO - Processing /home/airflow/.local/lib/python3.8/site-packages/airflow/example_dags/example_task_group_decorator.py took 0.077 seconds
[2025-10-15T07:42:44.324+0000] {processor.py:161} INFO - Started process (PID=230) to work on /home/airflow/.local/lib/python3.8/site-packages/airflow/example_dags/example_task_group_decorator.py
[2025-10-15T07:42:44.325+0000] {processor.py:830} INFO - Processing file /home/airflow/.local/lib/python3.8/site-packages/airflow/example_dags/example_task_group_decorator.py for tasks to queue
[2025-10-15T07:42:44.326+0000] {logging_mixin.py:188} INFO - [2025-10-15T07:42:44.326+0000] {dagbag.py:540} INFO - Filling up the DagBag from /home/airflow/.local/lib/python3.8/site-packages/airflow/example_dags/example_task_group_decorator.py
[2025-10-15T07:42:44.339+0000] {processor.py:840} INFO - DAG(s) 'example_task_group_decorator' retrieved from /home/airflow/.local/lib/python3.8/site-packages/airflow/example_dags/example_task_group_decorator.py
[2025-10-15T07:42:44.359+0000] {logging_mixin.py:188} INFO - [2025-10-15T07:42:44.359+0000] {dag.py:3047} INFO - Sync 1 DAGs
[2025-10-15T07:42:44.376+0000] {logging_mixin.py:188} INFO - [2025-10-15T07:42:44.376+0000] {dag.py:3834} INFO - Setting next_dagrun for example_task_group_decorator to 2025-10-14 00:00:00+00:00, run_after=2025-10-15 00:00:00+00:00
[2025-10-15T07:42:44.394+0000] {processor.py:183} INFO - Processing /home/airflow/.local/lib/python3.8/site-packages/airflow/example_dags/example_task_group_decorator.py took 0.073 seconds
[2025-10-15T07:43:14.696+0000] {processor.py:161} INFO - Started process (PID=290) to work on /home/airflow/.local/lib/python3.8/site-packages/airflow/example_dags/example_task_group_decorator.py
[2025-10-15T07:43:14.697+0000] {processor.py:830} INFO - Processing file /home/airflow/.local/lib/python3.8/site-packages/airflow/example_dags/example_task_group_decorator.py for tasks to queue
[2025-10-15T07:43:14.700+0000] {logging_mixin.py:188} INFO - [2025-10-15T07:43:14.699+0000] {dagbag.py:540} INFO - Filling up the DagBag from /home/airflow/.local/lib/python3.8/site-packages/airflow/example_dags/example_task_group_decorator.py
[2025-10-15T07:43:14.723+0000] {processor.py:840} INFO - DAG(s) 'example_task_group_decorator' retrieved from /home/airflow/.local/lib/python3.8/site-packages/airflow/example_dags/example_task_group_decorator.py
[2025-10-15T07:43:14.756+0000] {logging_mixin.py:188} INFO - [2025-10-15T07:43:14.756+0000] {dag.py:3047} INFO - Sync 1 DAGs
[2025-10-15T07:43:14.782+0000] {logging_mixin.py:188} INFO - [2025-10-15T07:43:14.782+0000] {dag.py:3834} INFO - Setting next_dagrun for example_task_group_decorator to 2025-10-14 00:00:00+00:00, run_after=2025-10-15 00:00:00+00:00
[2025-10-15T07:43:14.805+0000] {processor.py:183} INFO - Processing /home/airflow/.local/lib/python3.8/site-packages/airflow/example_dags/example_task_group_decorator.py took 0.112 seconds
[2025-10-15T07:43:45.001+0000] {processor.py:161} INFO - Started process (PID=350) to work on /home/airflow/.local/lib/python3.8/site-packages/airflow/example_dags/example_task_group_decorator.py
[2025-10-15T07:43:45.002+0000] {processor.py:830} INFO - Processing file /home/airflow/.local/lib/python3.8/site-packages/airflow/example_dags/example_task_group_decorator.py for tasks to queue
[2025-10-15T07:43:45.004+0000] {logging_mixin.py:188} INFO - [2025-10-15T07:43:45.004+0000] {dagbag.py:540} INFO - Filling up the DagBag from /home/airflow/.local/lib/python3.8/site-packages/airflow/example_dags/example_task_group_decorator.py
[2025-10-15T07:43:45.020+0000] {processor.py:840} INFO - DAG(s) 'example_task_group_decorator' retrieved from /home/airflow/.local/lib/python3.8/site-packages/airflow/example_dags/example_task_group_decorator.py
[2025-10-15T07:43:45.045+0000] {logging_mixin.py:188} INFO - [2025-10-15T07:43:45.045+0000] {dag.py:3047} INFO - Sync 1 DAGs
[2025-10-15T07:43:45.068+0000] {logging_mixin.py:188} INFO - [2025-10-15T07:43:45.068+0000] {dag.py:3834} INFO - Setting next_dagrun for example_task_group_decorator to 2025-10-14 00:00:00+00:00, run_after=2025-10-15 00:00:00+00:00
[2025-10-15T07:43:45.088+0000] {processor.py:183} INFO - Processing /home/airflow/.local/lib/python3.8/site-packages/airflow/example_dags/example_task_group_decorator.py took 0.090 seconds
[2025-10-15T07:44:15.503+0000] {processor.py:161} INFO - Started process (PID=410) to work on /home/airflow/.local/lib/python3.8/site-packages/airflow/example_dags/example_task_group_decorator.py
[2025-10-15T07:44:15.504+0000] {processor.py:830} INFO - Processing file /home/airflow/.local/lib/python3.8/site-packages/airflow/example_dags/example_task_group_decorator.py for tasks to queue
[2025-10-15T07:44:15.505+0000] {logging_mixin.py:188} INFO - [2025-10-15T07:44:15.505+0000] {dagbag.py:540} INFO - Filling up the DagBag from /home/airflow/.local/lib/python3.8/site-packages/airflow/example_dags/example_task_group_decorator.py
[2025-10-15T07:44:15.517+0000] {processor.py:840} INFO - DAG(s) 'example_task_group_decorator' retrieved from /home/airflow/.local/lib/python3.8/site-packages/airflow/example_dags/example_task_group_decorator.py
[2025-10-15T07:44:15.537+0000] {logging_mixin.py:188} INFO - [2025-10-15T07:44:15.537+0000] {dag.py:3047} INFO - Sync 1 DAGs
[2025-10-15T07:44:15.555+0000] {logging_mixin.py:188} INFO - [2025-10-15T07:44:15.555+0000] {dag.py:3834} INFO - Setting next_dagrun for example_task_group_decorator to 2025-10-14 00:00:00+00:00, run_after=2025-10-15 00:00:00+00:00
[2025-10-15T07:44:15.573+0000] {processor.py:183} INFO - Processing /home/airflow/.local/lib/python3.8/site-packages/airflow/example_dags/example_task_group_decorator.py took 0.073 seconds
[2025-10-15T07:44:45.728+0000] {processor.py:161} INFO - Started process (PID=470) to work on /home/airflow/.local/lib/python3.8/site-packages/airflow/example_dags/example_task_group_decorator.py
[2025-10-15T07:44:45.729+0000] {processor.py:830} INFO - Processing file /home/airflow/.local/lib/python3.8/site-packages/airflow/example_dags/example_task_group_decorator.py for tasks to queue
[2025-10-15T07:44:45.731+0000] {logging_mixin.py:188} INFO - [2025-10-15T07:44:45.731+0000] {dagbag.py:540} INFO - Filling up the DagBag from /home/airflow/.local/lib/python3.8/site-packages/airflow/example_dags/example_task_group_decorator.py
[2025-10-15T07:44:45.744+0000] {processor.py:840} INFO - DAG(s) 'example_task_group_decorator' retrieved from /home/airflow/.local/lib/python3.8/site-packages/airflow/example_dags/example_task_group_decorator.py
[2025-10-15T07:44:45.765+0000] {logging_mixin.py:188} INFO - [2025-10-15T07:44:45.764+0000] {dag.py:3047} INFO - Sync 1 DAGs
[2025-10-15T07:44:45.784+0000] {logging_mixin.py:188} INFO - [2025-10-15T07:44:45.784+0000] {dag.py:3834} INFO - Setting next_dagrun for example_task_group_decorator to 2025-10-14 00:00:00+00:00, run_after=2025-10-15 00:00:00+00:00
[2025-10-15T07:44:45.803+0000] {processor.py:183} INFO - Processing /home/airflow/.local/lib/python3.8/site-packages/airflow/example_dags/example_task_group_decorator.py took 0.078 seconds
[2025-10-15T07:45:16.081+0000] {processor.py:161} INFO - Started process (PID=531) to work on /home/airflow/.local/lib/python3.8/site-packages/airflow/example_dags/example_task_group_decorator.py
[2025-10-15T07:45:16.082+0000] {processor.py:830} INFO - Processing file /home/airflow/.local/lib/python3.8/site-packages/airflow/example_dags/example_task_group_decorator.py for tasks to queue
[2025-10-15T07:45:16.083+0000] {logging_mixin.py:188} INFO - [2025-10-15T07:45:16.083+0000] {dagbag.py:540} INFO - Filling up the DagBag from /home/airflow/.local/lib/python3.8/site-packages/airflow/example_dags/example_task_group_decorator.py
[2025-10-15T07:45:16.098+0000] {processor.py:840} INFO - DAG(s) 'example_task_group_decorator' retrieved from /home/airflow/.local/lib/python3.8/site-packages/airflow/example_dags/example_task_group_decorator.py
[2025-10-15T07:45:16.120+0000] {logging_mixin.py:188} INFO - [2025-10-15T07:45:16.120+0000] {dag.py:3047} INFO - Sync 1 DAGs
[2025-10-15T07:45:16.142+0000] {logging_mixin.py:188} INFO - [2025-10-15T07:45:16.141+0000] {dag.py:3834} INFO - Setting next_dagrun for example_task_group_decorator to 2025-10-14 00:00:00+00:00, run_after=2025-10-15 00:00:00+00:00
[2025-10-15T07:45:16.161+0000] {processor.py:183} INFO - Processing /home/airflow/.local/lib/python3.8/site-packages/airflow/example_dags/example_task_group_decorator.py took 0.083 seconds
[2025-10-15T07:45:46.410+0000] {processor.py:161} INFO - Started process (PID=591) to work on /home/airflow/.local/lib/python3.8/site-packages/airflow/example_dags/example_task_group_decorator.py
[2025-10-15T07:45:46.411+0000] {processor.py:830} INFO - Processing file /home/airflow/.local/lib/python3.8/site-packages/airflow/example_dags/example_task_group_decorator.py for tasks to queue
[2025-10-15T07:45:46.413+0000] {logging_mixin.py:188} INFO - [2025-10-15T07:45:46.413+0000] {dagbag.py:540} INFO - Filling up the DagBag from /home/airflow/.local/lib/python3.8/site-packages/airflow/example_dags/example_task_group_decorator.py
[2025-10-15T07:45:46.430+0000] {processor.py:840} INFO - DAG(s) 'example_task_group_decorator' retrieved from /home/airflow/.local/lib/python3.8/site-packages/airflow/example_dags/example_task_group_decorator.py
[2025-10-15T07:45:46.467+0000] {logging_mixin.py:188} INFO - [2025-10-15T07:45:46.467+0000] {dag.py:3047} INFO - Sync 1 DAGs
[2025-10-15T07:45:46.486+0000] {logging_mixin.py:188} INFO - [2025-10-15T07:45:46.486+0000] {dag.py:3834} INFO - Setting next_dagrun for example_task_group_decorator to 2025-10-14 00:00:00+00:00, run_after=2025-10-15 00:00:00+00:00
[2025-10-15T07:45:46.504+0000] {processor.py:183} INFO - Processing /home/airflow/.local/lib/python3.8/site-packages/airflow/example_dags/example_task_group_decorator.py took 0.096 seconds
[2025-10-15T07:46:17.161+0000] {processor.py:161} INFO - Started process (PID=651) to work on /home/airflow/.local/lib/python3.8/site-packages/airflow/example_dags/example_task_group_decorator.py
[2025-10-15T07:46:17.162+0000] {processor.py:830} INFO - Processing file /home/airflow/.local/lib/python3.8/site-packages/airflow/example_dags/example_task_group_decorator.py for tasks to queue
[2025-10-15T07:46:17.164+0000] {logging_mixin.py:188} INFO - [2025-10-15T07:46:17.164+0000] {dagbag.py:540} INFO - Filling up the DagBag from /home/airflow/.local/lib/python3.8/site-packages/airflow/example_dags/example_task_group_decorator.py
[2025-10-15T07:46:17.178+0000] {processor.py:840} INFO - DAG(s) 'example_task_group_decorator' retrieved from /home/airflow/.local/lib/python3.8/site-packages/airflow/example_dags/example_task_group_decorator.py
[2025-10-15T07:46:17.200+0000] {logging_mixin.py:188} INFO - [2025-10-15T07:46:17.200+0000] {dag.py:3047} INFO - Sync 1 DAGs
[2025-10-15T07:46:17.221+0000] {logging_mixin.py:188} INFO - [2025-10-15T07:46:17.221+0000] {dag.py:3834} INFO - Setting next_dagrun for example_task_group_decorator to 2025-10-14 00:00:00+00:00, run_after=2025-10-15 00:00:00+00:00
[2025-10-15T07:46:17.240+0000] {processor.py:183} INFO - Processing /home/airflow/.local/lib/python3.8/site-packages/airflow/example_dags/example_task_group_decorator.py took 0.082 seconds
[2025-10-15T07:46:47.904+0000] {processor.py:161} INFO - Started process (PID=711) to work on /home/airflow/.local/lib/python3.8/site-packages/airflow/example_dags/example_task_group_decorator.py
[2025-10-15T07:46:47.905+0000] {processor.py:830} INFO - Processing file /home/airflow/.local/lib/python3.8/site-packages/airflow/example_dags/example_task_group_decorator.py for tasks to queue
[2025-10-15T07:46:47.907+0000] {logging_mixin.py:188} INFO - [2025-10-15T07:46:47.907+0000] {dagbag.py:540} INFO - Filling up the DagBag from /home/airflow/.local/lib/python3.8/site-packages/airflow/example_dags/example_task_group_decorator.py
[2025-10-15T07:46:47.920+0000] {processor.py:840} INFO - DAG(s) 'example_task_group_decorator' retrieved from /home/airflow/.local/lib/python3.8/site-packages/airflow/example_dags/example_task_group_decorator.py
[2025-10-15T07:46:47.940+0000] {logging_mixin.py:188} INFO - [2025-10-15T07:46:47.940+0000] {dag.py:3047} INFO - Sync 1 DAGs
[2025-10-15T07:46:47.958+0000] {logging_mixin.py:188} INFO - [2025-10-15T07:46:47.958+0000] {dag.py:3834} INFO - Setting next_dagrun for example_task_group_decorator to 2025-10-14 00:00:00+00:00, run_after=2025-10-15 00:00:00+00:00
[2025-10-15T07:46:47.973+0000] {processor.py:183} INFO - Processing /home/airflow/.local/lib/python3.8/site-packages/airflow/example_dags/example_task_group_decorator.py took 0.071 seconds
[2025-10-15T07:47:18.760+0000] {processor.py:161} INFO - Started process (PID=771) to work on /home/airflow/.local/lib/python3.8/site-packages/airflow/example_dags/example_task_group_decorator.py
[2025-10-15T07:47:18.761+0000] {processor.py:830} INFO - Processing file /home/airflow/.local/lib/python3.8/site-packages/airflow/example_dags/example_task_group_decorator.py for tasks to queue
[2025-10-15T07:47:18.762+0000] {logging_mixin.py:188} INFO - [2025-10-15T07:47:18.762+0000] {dagbag.py:540} INFO - Filling up the DagBag from /home/airflow/.local/lib/python3.8/site-packages/airflow/example_dags/example_task_group_decorator.py
[2025-10-15T07:47:18.775+0000] {processor.py:840} INFO - DAG(s) 'example_task_group_decorator' retrieved from /home/airflow/.local/lib/python3.8/site-packages/airflow/example_dags/example_task_group_decorator.py
[2025-10-15T07:47:18.795+0000] {logging_mixin.py:188} INFO - [2025-10-15T07:47:18.795+0000] {dag.py:3047} INFO - Sync 1 DAGs
[2025-10-15T07:47:18.813+0000] {logging_mixin.py:188} INFO - [2025-10-15T07:47:18.813+0000] {dag.py:3834} INFO - Setting next_dagrun for example_task_group_decorator to 2025-10-14 00:00:00+00:00, run_after=2025-10-15 00:00:00+00:00
[2025-10-15T07:47:18.829+0000] {processor.py:183} INFO - Processing /home/airflow/.local/lib/python3.8/site-packages/airflow/example_dags/example_task_group_decorator.py took 0.071 seconds
[2025-10-15T07:47:48.980+0000] {processor.py:161} INFO - Started process (PID=831) to work on /home/airflow/.local/lib/python3.8/site-packages/airflow/example_dags/example_task_group_decorator.py
[2025-10-15T07:47:48.981+0000] {processor.py:830} INFO - Processing file /home/airflow/.local/lib/python3.8/site-packages/airflow/example_dags/example_task_group_decorator.py for tasks to queue
[2025-10-15T07:47:48.983+0000] {logging_mixin.py:188} INFO - [2025-10-15T07:47:48.983+0000] {dagbag.py:540} INFO - Filling up the DagBag from /home/airflow/.local/lib/python3.8/site-packages/airflow/example_dags/example_task_group_decorator.py
[2025-10-15T07:47:48.996+0000] {processor.py:840} INFO - DAG(s) 'example_task_group_decorator' retrieved from /home/airflow/.local/lib/python3.8/site-packages/airflow/example_dags/example_task_group_decorator.py
[2025-10-15T07:47:49.019+0000] {logging_mixin.py:188} INFO - [2025-10-15T07:47:49.019+0000] {dag.py:3047} INFO - Sync 1 DAGs
[2025-10-15T07:47:49.038+0000] {logging_mixin.py:188} INFO - [2025-10-15T07:47:49.038+0000] {dag.py:3834} INFO - Setting next_dagrun for example_task_group_decorator to 2025-10-14 00:00:00+00:00, run_after=2025-10-15 00:00:00+00:00
[2025-10-15T07:47:49.055+0000] {processor.py:183} INFO - Processing /home/airflow/.local/lib/python3.8/site-packages/airflow/example_dags/example_task_group_decorator.py took 0.077 seconds
[2025-10-15T07:48:19.210+0000] {processor.py:161} INFO - Started process (PID=890) to work on /home/airflow/.local/lib/python3.8/site-packages/airflow/example_dags/example_task_group_decorator.py
[2025-10-15T07:48:19.211+0000] {processor.py:830} INFO - Processing file /home/airflow/.local/lib/python3.8/site-packages/airflow/example_dags/example_task_group_decorator.py for tasks to queue
[2025-10-15T07:48:19.213+0000] {logging_mixin.py:188} INFO - [2025-10-15T07:48:19.213+0000] {dagbag.py:540} INFO - Filling up the DagBag from /home/airflow/.local/lib/python3.8/site-packages/airflow/example_dags/example_task_group_decorator.py
[2025-10-15T07:48:19.227+0000] {processor.py:840} INFO - DAG(s) 'example_task_group_decorator' retrieved from /home/airflow/.local/lib/python3.8/site-packages/airflow/example_dags/example_task_group_decorator.py
[2025-10-15T07:48:19.250+0000] {logging_mixin.py:188} INFO - [2025-10-15T07:48:19.250+0000] {dag.py:3047} INFO - Sync 1 DAGs
[2025-10-15T07:48:19.274+0000] {logging_mixin.py:188} INFO - [2025-10-15T07:48:19.274+0000] {dag.py:3834} INFO - Setting next_dagrun for example_task_group_decorator to 2025-10-14 00:00:00+00:00, run_after=2025-10-15 00:00:00+00:00
[2025-10-15T07:48:19.292+0000] {processor.py:183} INFO - Processing /home/airflow/.local/lib/python3.8/site-packages/airflow/example_dags/example_task_group_decorator.py took 0.084 seconds
[2025-10-15T07:48:49.436+0000] {processor.py:161} INFO - Started process (PID=950) to work on /home/airflow/.local/lib/python3.8/site-packages/airflow/example_dags/example_task_group_decorator.py
[2025-10-15T07:48:49.436+0000] {processor.py:830} INFO - Processing file /home/airflow/.local/lib/python3.8/site-packages/airflow/example_dags/example_task_group_decorator.py for tasks to queue
[2025-10-15T07:48:49.438+0000] {logging_mixin.py:188} INFO - [2025-10-15T07:48:49.438+0000] {dagbag.py:540} INFO - Filling up the DagBag from /home/airflow/.local/lib/python3.8/site-packages/airflow/example_dags/example_task_group_decorator.py
[2025-10-15T07:48:49.451+0000] {processor.py:840} INFO - DAG(s) 'example_task_group_decorator' retrieved from /home/airflow/.local/lib/python3.8/site-packages/airflow/example_dags/example_task_group_decorator.py
[2025-10-15T07:48:49.471+0000] {logging_mixin.py:188} INFO - [2025-10-15T07:48:49.471+0000] {dag.py:3047} INFO - Sync 1 DAGs
[2025-10-15T07:48:49.491+0000] {logging_mixin.py:188} INFO - [2025-10-15T07:48:49.491+0000] {dag.py:3834} INFO - Setting next_dagrun for example_task_group_decorator to 2025-10-14 00:00:00+00:00, run_after=2025-10-15 00:00:00+00:00
[2025-10-15T07:48:49.507+0000] {processor.py:183} INFO - Processing /home/airflow/.local/lib/python3.8/site-packages/airflow/example_dags/example_task_group_decorator.py took 0.074 seconds
[2025-10-15T07:49:19.918+0000] {processor.py:161} INFO - Started process (PID=1011) to work on /home/airflow/.local/lib/python3.8/site-packages/airflow/example_dags/example_task_group_decorator.py
[2025-10-15T07:49:19.919+0000] {processor.py:830} INFO - Processing file /home/airflow/.local/lib/python3.8/site-packages/airflow/example_dags/example_task_group_decorator.py for tasks to queue
[2025-10-15T07:49:19.922+0000] {logging_mixin.py:188} INFO - [2025-10-15T07:49:19.921+0000] {dagbag.py:540} INFO - Filling up the DagBag from /home/airflow/.local/lib/python3.8/site-packages/airflow/example_dags/example_task_group_decorator.py
[2025-10-15T07:49:19.936+0000] {processor.py:840} INFO - DAG(s) 'example_task_group_decorator' retrieved from /home/airflow/.local/lib/python3.8/site-packages/airflow/example_dags/example_task_group_decorator.py
[2025-10-15T07:49:19.958+0000] {logging_mixin.py:188} INFO - [2025-10-15T07:49:19.958+0000] {dag.py:3047} INFO - Sync 1 DAGs
[2025-10-15T07:49:19.980+0000] {logging_mixin.py:188} INFO - [2025-10-15T07:49:19.980+0000] {dag.py:3834} INFO - Setting next_dagrun for example_task_group_decorator to 2025-10-14 00:00:00+00:00, run_after=2025-10-15 00:00:00+00:00
[2025-10-15T07:49:20.008+0000] {processor.py:183} INFO - Processing /home/airflow/.local/lib/python3.8/site-packages/airflow/example_dags/example_task_group_decorator.py took 0.094 seconds
[2025-10-15T07:49:50.137+0000] {processor.py:161} INFO - Started process (PID=1071) to work on /home/airflow/.local/lib/python3.8/site-packages/airflow/example_dags/example_task_group_decorator.py
[2025-10-15T07:49:50.138+0000] {processor.py:830} INFO - Processing file /home/airflow/.local/lib/python3.8/site-packages/airflow/example_dags/example_task_group_decorator.py for tasks to queue
[2025-10-15T07:49:50.139+0000] {logging_mixin.py:188} INFO - [2025-10-15T07:49:50.139+0000] {dagbag.py:540} INFO - Filling up the DagBag from /home/airflow/.local/lib/python3.8/site-packages/airflow/example_dags/example_task_group_decorator.py
[2025-10-15T07:49:50.152+0000] {processor.py:840} INFO - DAG(s) 'example_task_group_decorator' retrieved from /home/airflow/.local/lib/python3.8/site-packages/airflow/example_dags/example_task_group_decorator.py
[2025-10-15T07:49:50.172+0000] {logging_mixin.py:188} INFO - [2025-10-15T07:49:50.171+0000] {dag.py:3047} INFO - Sync 1 DAGs
[2025-10-15T07:49:50.190+0000] {logging_mixin.py:188} INFO - [2025-10-15T07:49:50.190+0000] {dag.py:3834} INFO - Setting next_dagrun for example_task_group_decorator to 2025-10-14 00:00:00+00:00, run_after=2025-10-15 00:00:00+00:00
[2025-10-15T07:49:50.205+0000] {processor.py:183} INFO - Processing /home/airflow/.local/lib/python3.8/site-packages/airflow/example_dags/example_task_group_decorator.py took 0.071 seconds
[2025-10-15T07:50:20.859+0000] {processor.py:161} INFO - Started process (PID=1132) to work on /home/airflow/.local/lib/python3.8/site-packages/airflow/example_dags/example_task_group_decorator.py
[2025-10-15T07:50:20.860+0000] {processor.py:830} INFO - Processing file /home/airflow/.local/lib/python3.8/site-packages/airflow/example_dags/example_task_group_decorator.py for tasks to queue
[2025-10-15T07:50:20.862+0000] {logging_mixin.py:188} INFO - [2025-10-15T07:50:20.862+0000] {dagbag.py:540} INFO - Filling up the DagBag from /home/airflow/.local/lib/python3.8/site-packages/airflow/example_dags/example_task_group_decorator.py
[2025-10-15T07:50:20.874+0000] {processor.py:840} INFO - DAG(s) 'example_task_group_decorator' retrieved from /home/airflow/.local/lib/python3.8/site-packages/airflow/example_dags/example_task_group_decorator.py
[2025-10-15T07:50:20.894+0000] {logging_mixin.py:188} INFO - [2025-10-15T07:50:20.894+0000] {dag.py:3047} INFO - Sync 1 DAGs
[2025-10-15T07:50:20.912+0000] {logging_mixin.py:188} INFO - [2025-10-15T07:50:20.912+0000] {dag.py:3834} INFO - Setting next_dagrun for example_task_group_decorator to 2025-10-14 00:00:00+00:00, run_after=2025-10-15 00:00:00+00:00
[2025-10-15T07:50:20.927+0000] {processor.py:183} INFO - Processing /home/airflow/.local/lib/python3.8/site-packages/airflow/example_dags/example_task_group_decorator.py took 0.071 seconds
[2025-10-15T07:50:51.785+0000] {processor.py:161} INFO - Started process (PID=1195) to work on /home/airflow/.local/lib/python3.8/site-packages/airflow/example_dags/example_task_group_decorator.py
[2025-10-15T07:50:51.785+0000] {processor.py:830} INFO - Processing file /home/airflow/.local/lib/python3.8/site-packages/airflow/example_dags/example_task_group_decorator.py for tasks to queue
[2025-10-15T07:50:51.787+0000] {logging_mixin.py:188} INFO - [2025-10-15T07:50:51.787+0000] {dagbag.py:540} INFO - Filling up the DagBag from /home/airflow/.local/lib/python3.8/site-packages/airflow/example_dags/example_task_group_decorator.py
[2025-10-15T07:50:51.800+0000] {processor.py:840} INFO - DAG(s) 'example_task_group_decorator' retrieved from /home/airflow/.local/lib/python3.8/site-packages/airflow/example_dags/example_task_group_decorator.py
[2025-10-15T07:50:51.821+0000] {logging_mixin.py:188} INFO - [2025-10-15T07:50:51.821+0000] {dag.py:3047} INFO - Sync 1 DAGs
[2025-10-15T07:50:51.839+0000] {logging_mixin.py:188} INFO - [2025-10-15T07:50:51.839+0000] {dag.py:3834} INFO - Setting next_dagrun for example_task_group_decorator to 2025-10-14 00:00:00+00:00, run_after=2025-10-15 00:00:00+00:00
[2025-10-15T07:50:51.858+0000] {processor.py:183} INFO - Processing /home/airflow/.local/lib/python3.8/site-packages/airflow/example_dags/example_task_group_decorator.py took 0.076 seconds
[2025-10-15T07:51:22.128+0000] {processor.py:161} INFO - Started process (PID=1257) to work on /home/airflow/.local/lib/python3.8/site-packages/airflow/example_dags/example_task_group_decorator.py
[2025-10-15T07:51:22.129+0000] {processor.py:830} INFO - Processing file /home/airflow/.local/lib/python3.8/site-packages/airflow/example_dags/example_task_group_decorator.py for tasks to queue
[2025-10-15T07:51:22.131+0000] {logging_mixin.py:188} INFO - [2025-10-15T07:51:22.130+0000] {dagbag.py:540} INFO - Filling up the DagBag from /home/airflow/.local/lib/python3.8/site-packages/airflow/example_dags/example_task_group_decorator.py
[2025-10-15T07:51:22.144+0000] {processor.py:840} INFO - DAG(s) 'example_task_group_decorator' retrieved from /home/airflow/.local/lib/python3.8/site-packages/airflow/example_dags/example_task_group_decorator.py
[2025-10-15T07:51:22.167+0000] {logging_mixin.py:188} INFO - [2025-10-15T07:51:22.166+0000] {dag.py:3047} INFO - Sync 1 DAGs
[2025-10-15T07:51:22.188+0000] {logging_mixin.py:188} INFO - [2025-10-15T07:51:22.188+0000] {dag.py:3834} INFO - Setting next_dagrun for example_task_group_decorator to 2025-10-14 00:00:00+00:00, run_after=2025-10-15 00:00:00+00:00
[2025-10-15T07:51:22.207+0000] {processor.py:183} INFO - Processing /home/airflow/.local/lib/python3.8/site-packages/airflow/example_dags/example_task_group_decorator.py took 0.081 seconds
[2025-10-15T07:51:52.619+0000] {processor.py:161} INFO - Started process (PID=1318) to work on /home/airflow/.local/lib/python3.8/site-packages/airflow/example_dags/example_task_group_decorator.py
[2025-10-15T07:51:52.620+0000] {processor.py:830} INFO - Processing file /home/airflow/.local/lib/python3.8/site-packages/airflow/example_dags/example_task_group_decorator.py for tasks to queue
[2025-10-15T07:51:52.622+0000] {logging_mixin.py:188} INFO - [2025-10-15T07:51:52.622+0000] {dagbag.py:540} INFO - Filling up the DagBag from /home/airflow/.local/lib/python3.8/site-packages/airflow/example_dags/example_task_group_decorator.py
[2025-10-15T07:51:52.637+0000] {processor.py:840} INFO - DAG(s) 'example_task_group_decorator' retrieved from /home/airflow/.local/lib/python3.8/site-packages/airflow/example_dags/example_task_group_decorator.py
[2025-10-15T07:51:52.659+0000] {logging_mixin.py:188} INFO - [2025-10-15T07:51:52.658+0000] {dag.py:3047} INFO - Sync 1 DAGs
[2025-10-15T07:51:52.679+0000] {logging_mixin.py:188} INFO - [2025-10-15T07:51:52.678+0000] {dag.py:3834} INFO - Setting next_dagrun for example_task_group_decorator to 2025-10-14 00:00:00+00:00, run_after=2025-10-15 00:00:00+00:00
[2025-10-15T07:51:52.696+0000] {processor.py:183} INFO - Processing /home/airflow/.local/lib/python3.8/site-packages/airflow/example_dags/example_task_group_decorator.py took 0.080 seconds
[2025-10-15T07:52:22.822+0000] {processor.py:161} INFO - Started process (PID=1380) to work on /home/airflow/.local/lib/python3.8/site-packages/airflow/example_dags/example_task_group_decorator.py
[2025-10-15T07:52:22.823+0000] {processor.py:830} INFO - Processing file /home/airflow/.local/lib/python3.8/site-packages/airflow/example_dags/example_task_group_decorator.py for tasks to queue
[2025-10-15T07:52:22.825+0000] {logging_mixin.py:188} INFO - [2025-10-15T07:52:22.824+0000] {dagbag.py:540} INFO - Filling up the DagBag from /home/airflow/.local/lib/python3.8/site-packages/airflow/example_dags/example_task_group_decorator.py
[2025-10-15T07:52:22.838+0000] {processor.py:840} INFO - DAG(s) 'example_task_group_decorator' retrieved from /home/airflow/.local/lib/python3.8/site-packages/airflow/example_dags/example_task_group_decorator.py
[2025-10-15T07:52:22.861+0000] {logging_mixin.py:188} INFO - [2025-10-15T07:52:22.861+0000] {dag.py:3047} INFO - Sync 1 DAGs
[2025-10-15T07:52:22.881+0000] {logging_mixin.py:188} INFO - [2025-10-15T07:52:22.881+0000] {dag.py:3834} INFO - Setting next_dagrun for example_task_group_decorator to 2025-10-14 00:00:00+00:00, run_after=2025-10-15 00:00:00+00:00
[2025-10-15T07:52:22.897+0000] {processor.py:183} INFO - Processing /home/airflow/.local/lib/python3.8/site-packages/airflow/example_dags/example_task_group_decorator.py took 0.078 seconds
[2025-10-15T07:52:53.813+0000] {processor.py:161} INFO - Started process (PID=1440) to work on /home/airflow/.local/lib/python3.8/site-packages/airflow/example_dags/example_task_group_decorator.py
[2025-10-15T07:52:53.814+0000] {processor.py:830} INFO - Processing file /home/airflow/.local/lib/python3.8/site-packages/airflow/example_dags/example_task_group_decorator.py for tasks to queue
[2025-10-15T07:52:53.815+0000] {logging_mixin.py:188} INFO - [2025-10-15T07:52:53.815+0000] {dagbag.py:540} INFO - Filling up the DagBag from /home/airflow/.local/lib/python3.8/site-packages/airflow/example_dags/example_task_group_decorator.py
[2025-10-15T07:52:53.828+0000] {processor.py:840} INFO - DAG(s) 'example_task_group_decorator' retrieved from /home/airflow/.local/lib/python3.8/site-packages/airflow/example_dags/example_task_group_decorator.py
[2025-10-15T07:52:53.848+0000] {logging_mixin.py:188} INFO - [2025-10-15T07:52:53.848+0000] {dag.py:3047} INFO - Sync 1 DAGs
[2025-10-15T07:52:53.867+0000] {logging_mixin.py:188} INFO - [2025-10-15T07:52:53.867+0000] {dag.py:3834} INFO - Setting next_dagrun for example_task_group_decorator to 2025-10-14 00:00:00+00:00, run_after=2025-10-15 00:00:00+00:00
[2025-10-15T07:52:53.882+0000] {processor.py:183} INFO - Processing /home/airflow/.local/lib/python3.8/site-packages/airflow/example_dags/example_task_group_decorator.py took 0.071 seconds
[2025-10-15T07:53:23.945+0000] {processor.py:161} INFO - Started process (PID=1501) to work on /home/airflow/.local/lib/python3.8/site-packages/airflow/example_dags/example_task_group_decorator.py
[2025-10-15T07:53:23.946+0000] {processor.py:830} INFO - Processing file /home/airflow/.local/lib/python3.8/site-packages/airflow/example_dags/example_task_group_decorator.py for tasks to queue
[2025-10-15T07:53:23.947+0000] {logging_mixin.py:188} INFO - [2025-10-15T07:53:23.947+0000] {dagbag.py:540} INFO - Filling up the DagBag from /home/airflow/.local/lib/python3.8/site-packages/airflow/example_dags/example_task_group_decorator.py
[2025-10-15T07:53:23.961+0000] {processor.py:840} INFO - DAG(s) 'example_task_group_decorator' retrieved from /home/airflow/.local/lib/python3.8/site-packages/airflow/example_dags/example_task_group_decorator.py
[2025-10-15T07:53:23.983+0000] {logging_mixin.py:188} INFO - [2025-10-15T07:53:23.983+0000] {dag.py:3047} INFO - Sync 1 DAGs
[2025-10-15T07:53:24.002+0000] {logging_mixin.py:188} INFO - [2025-10-15T07:53:24.001+0000] {dag.py:3834} INFO - Setting next_dagrun for example_task_group_decorator to 2025-10-14 00:00:00+00:00, run_after=2025-10-15 00:00:00+00:00
[2025-10-15T07:53:24.019+0000] {processor.py:183} INFO - Processing /home/airflow/.local/lib/python3.8/site-packages/airflow/example_dags/example_task_group_decorator.py took 0.078 seconds
[2025-10-15T07:53:54.588+0000] {processor.py:161} INFO - Started process (PID=1563) to work on /home/airflow/.local/lib/python3.8/site-packages/airflow/example_dags/example_task_group_decorator.py
[2025-10-15T07:53:54.589+0000] {processor.py:830} INFO - Processing file /home/airflow/.local/lib/python3.8/site-packages/airflow/example_dags/example_task_group_decorator.py for tasks to queue
[2025-10-15T07:53:54.591+0000] {logging_mixin.py:188} INFO - [2025-10-15T07:53:54.590+0000] {dagbag.py:540} INFO - Filling up the DagBag from /home/airflow/.local/lib/python3.8/site-packages/airflow/example_dags/example_task_group_decorator.py
[2025-10-15T07:53:54.603+0000] {processor.py:840} INFO - DAG(s) 'example_task_group_decorator' retrieved from /home/airflow/.local/lib/python3.8/site-packages/airflow/example_dags/example_task_group_decorator.py
[2025-10-15T07:53:54.624+0000] {logging_mixin.py:188} INFO - [2025-10-15T07:53:54.623+0000] {dag.py:3047} INFO - Sync 1 DAGs
[2025-10-15T07:53:54.641+0000] {logging_mixin.py:188} INFO - [2025-10-15T07:53:54.641+0000] {dag.py:3834} INFO - Setting next_dagrun for example_task_group_decorator to 2025-10-14 00:00:00+00:00, run_after=2025-10-15 00:00:00+00:00
[2025-10-15T07:53:54.658+0000] {processor.py:183} INFO - Processing /home/airflow/.local/lib/python3.8/site-packages/airflow/example_dags/example_task_group_decorator.py took 0.072 seconds
[2025-10-15T07:54:24.705+0000] {processor.py:161} INFO - Started process (PID=1623) to work on /home/airflow/.local/lib/python3.8/site-packages/airflow/example_dags/example_task_group_decorator.py
[2025-10-15T07:54:24.706+0000] {processor.py:830} INFO - Processing file /home/airflow/.local/lib/python3.8/site-packages/airflow/example_dags/example_task_group_decorator.py for tasks to queue
[2025-10-15T07:54:24.708+0000] {logging_mixin.py:188} INFO - [2025-10-15T07:54:24.708+0000] {dagbag.py:540} INFO - Filling up the DagBag from /home/airflow/.local/lib/python3.8/site-packages/airflow/example_dags/example_task_group_decorator.py
[2025-10-15T07:54:24.722+0000] {processor.py:840} INFO - DAG(s) 'example_task_group_decorator' retrieved from /home/airflow/.local/lib/python3.8/site-packages/airflow/example_dags/example_task_group_decorator.py
[2025-10-15T07:54:24.742+0000] {logging_mixin.py:188} INFO - [2025-10-15T07:54:24.742+0000] {dag.py:3047} INFO - Sync 1 DAGs
[2025-10-15T07:54:24.762+0000] {logging_mixin.py:188} INFO - [2025-10-15T07:54:24.762+0000] {dag.py:3834} INFO - Setting next_dagrun for example_task_group_decorator to 2025-10-14 00:00:00+00:00, run_after=2025-10-15 00:00:00+00:00
[2025-10-15T07:54:24.781+0000] {processor.py:183} INFO - Processing /home/airflow/.local/lib/python3.8/site-packages/airflow/example_dags/example_task_group_decorator.py took 0.078 seconds
[2025-10-15T07:54:55.165+0000] {processor.py:161} INFO - Started process (PID=1683) to work on /home/airflow/.local/lib/python3.8/site-packages/airflow/example_dags/example_task_group_decorator.py
[2025-10-15T07:54:55.166+0000] {processor.py:830} INFO - Processing file /home/airflow/.local/lib/python3.8/site-packages/airflow/example_dags/example_task_group_decorator.py for tasks to queue
[2025-10-15T07:54:55.168+0000] {logging_mixin.py:188} INFO - [2025-10-15T07:54:55.168+0000] {dagbag.py:540} INFO - Filling up the DagBag from /home/airflow/.local/lib/python3.8/site-packages/airflow/example_dags/example_task_group_decorator.py
[2025-10-15T07:54:55.181+0000] {processor.py:840} INFO - DAG(s) 'example_task_group_decorator' retrieved from /home/airflow/.local/lib/python3.8/site-packages/airflow/example_dags/example_task_group_decorator.py
[2025-10-15T07:54:55.202+0000] {logging_mixin.py:188} INFO - [2025-10-15T07:54:55.202+0000] {dag.py:3047} INFO - Sync 1 DAGs
[2025-10-15T07:54:55.222+0000] {logging_mixin.py:188} INFO - [2025-10-15T07:54:55.222+0000] {dag.py:3834} INFO - Setting next_dagrun for example_task_group_decorator to 2025-10-14 00:00:00+00:00, run_after=2025-10-15 00:00:00+00:00
[2025-10-15T07:54:55.236+0000] {processor.py:183} INFO - Processing /home/airflow/.local/lib/python3.8/site-packages/airflow/example_dags/example_task_group_decorator.py took 0.073 seconds
[2025-10-15T07:55:25.301+0000] {processor.py:161} INFO - Started process (PID=1745) to work on /home/airflow/.local/lib/python3.8/site-packages/airflow/example_dags/example_task_group_decorator.py
[2025-10-15T07:55:25.302+0000] {processor.py:830} INFO - Processing file /home/airflow/.local/lib/python3.8/site-packages/airflow/example_dags/example_task_group_decorator.py for tasks to queue
[2025-10-15T07:55:25.303+0000] {logging_mixin.py:188} INFO - [2025-10-15T07:55:25.303+0000] {dagbag.py:540} INFO - Filling up the DagBag from /home/airflow/.local/lib/python3.8/site-packages/airflow/example_dags/example_task_group_decorator.py
[2025-10-15T07:55:25.317+0000] {processor.py:840} INFO - DAG(s) 'example_task_group_decorator' retrieved from /home/airflow/.local/lib/python3.8/site-packages/airflow/example_dags/example_task_group_decorator.py
[2025-10-15T07:55:25.341+0000] {logging_mixin.py:188} INFO - [2025-10-15T07:55:25.341+0000] {dag.py:3047} INFO - Sync 1 DAGs
[2025-10-15T07:55:25.365+0000] {logging_mixin.py:188} INFO - [2025-10-15T07:55:25.365+0000] {dag.py:3834} INFO - Setting next_dagrun for example_task_group_decorator to 2025-10-14 00:00:00+00:00, run_after=2025-10-15 00:00:00+00:00
[2025-10-15T07:55:25.384+0000] {processor.py:183} INFO - Processing /home/airflow/.local/lib/python3.8/site-packages/airflow/example_dags/example_task_group_decorator.py took 0.085 seconds
[2025-10-15T07:55:55.885+0000] {processor.py:161} INFO - Started process (PID=1806) to work on /home/airflow/.local/lib/python3.8/site-packages/airflow/example_dags/example_task_group_decorator.py
[2025-10-15T07:55:55.886+0000] {processor.py:830} INFO - Processing file /home/airflow/.local/lib/python3.8/site-packages/airflow/example_dags/example_task_group_decorator.py for tasks to queue
[2025-10-15T07:55:55.888+0000] {logging_mixin.py:188} INFO - [2025-10-15T07:55:55.888+0000] {dagbag.py:540} INFO - Filling up the DagBag from /home/airflow/.local/lib/python3.8/site-packages/airflow/example_dags/example_task_group_decorator.py
[2025-10-15T07:55:55.902+0000] {processor.py:840} INFO - DAG(s) 'example_task_group_decorator' retrieved from /home/airflow/.local/lib/python3.8/site-packages/airflow/example_dags/example_task_group_decorator.py
[2025-10-15T07:55:55.922+0000] {logging_mixin.py:188} INFO - [2025-10-15T07:55:55.922+0000] {dag.py:3047} INFO - Sync 1 DAGs
[2025-10-15T07:55:55.940+0000] {logging_mixin.py:188} INFO - [2025-10-15T07:55:55.939+0000] {dag.py:3834} INFO - Setting next_dagrun for example_task_group_decorator to 2025-10-14 00:00:00+00:00, run_after=2025-10-15 00:00:00+00:00
[2025-10-15T07:55:55.956+0000] {processor.py:183} INFO - Processing /home/airflow/.local/lib/python3.8/site-packages/airflow/example_dags/example_task_group_decorator.py took 0.073 seconds
[2025-10-15T07:56:26.173+0000] {processor.py:161} INFO - Started process (PID=1866) to work on /home/airflow/.local/lib/python3.8/site-packages/airflow/example_dags/example_task_group_decorator.py
[2025-10-15T07:56:26.174+0000] {processor.py:830} INFO - Processing file /home/airflow/.local/lib/python3.8/site-packages/airflow/example_dags/example_task_group_decorator.py for tasks to queue
[2025-10-15T07:56:26.175+0000] {logging_mixin.py:188} INFO - [2025-10-15T07:56:26.175+0000] {dagbag.py:540} INFO - Filling up the DagBag from /home/airflow/.local/lib/python3.8/site-packages/airflow/example_dags/example_task_group_decorator.py
[2025-10-15T07:56:26.188+0000] {processor.py:840} INFO - DAG(s) 'example_task_group_decorator' retrieved from /home/airflow/.local/lib/python3.8/site-packages/airflow/example_dags/example_task_group_decorator.py
[2025-10-15T07:56:26.208+0000] {logging_mixin.py:188} INFO - [2025-10-15T07:56:26.208+0000] {dag.py:3047} INFO - Sync 1 DAGs
[2025-10-15T07:56:26.227+0000] {logging_mixin.py:188} INFO - [2025-10-15T07:56:26.226+0000] {dag.py:3834} INFO - Setting next_dagrun for example_task_group_decorator to 2025-10-14 00:00:00+00:00, run_after=2025-10-15 00:00:00+00:00
[2025-10-15T07:56:26.242+0000] {processor.py:183} INFO - Processing /home/airflow/.local/lib/python3.8/site-packages/airflow/example_dags/example_task_group_decorator.py took 0.072 seconds
[2025-10-15T07:56:56.396+0000] {processor.py:161} INFO - Started process (PID=1926) to work on /home/airflow/.local/lib/python3.8/site-packages/airflow/example_dags/example_task_group_decorator.py
[2025-10-15T07:56:56.396+0000] {processor.py:830} INFO - Processing file /home/airflow/.local/lib/python3.8/site-packages/airflow/example_dags/example_task_group_decorator.py for tasks to queue
[2025-10-15T07:56:56.398+0000] {logging_mixin.py:188} INFO - [2025-10-15T07:56:56.398+0000] {dagbag.py:540} INFO - Filling up the DagBag from /home/airflow/.local/lib/python3.8/site-packages/airflow/example_dags/example_task_group_decorator.py
[2025-10-15T07:56:56.411+0000] {processor.py:840} INFO - DAG(s) 'example_task_group_decorator' retrieved from /home/airflow/.local/lib/python3.8/site-packages/airflow/example_dags/example_task_group_decorator.py
[2025-10-15T07:56:56.431+0000] {logging_mixin.py:188} INFO - [2025-10-15T07:56:56.431+0000] {dag.py:3047} INFO - Sync 1 DAGs
[2025-10-15T07:56:56.449+0000] {logging_mixin.py:188} INFO - [2025-10-15T07:56:56.449+0000] {dag.py:3834} INFO - Setting next_dagrun for example_task_group_decorator to 2025-10-14 00:00:00+00:00, run_after=2025-10-15 00:00:00+00:00
[2025-10-15T07:56:56.464+0000] {processor.py:183} INFO - Processing /home/airflow/.local/lib/python3.8/site-packages/airflow/example_dags/example_task_group_decorator.py took 0.071 seconds
[2025-10-15T07:57:26.663+0000] {processor.py:161} INFO - Started process (PID=1987) to work on /home/airflow/.local/lib/python3.8/site-packages/airflow/example_dags/example_task_group_decorator.py
[2025-10-15T07:57:26.664+0000] {processor.py:830} INFO - Processing file /home/airflow/.local/lib/python3.8/site-packages/airflow/example_dags/example_task_group_decorator.py for tasks to queue
[2025-10-15T07:57:26.665+0000] {logging_mixin.py:188} INFO - [2025-10-15T07:57:26.665+0000] {dagbag.py:540} INFO - Filling up the DagBag from /home/airflow/.local/lib/python3.8/site-packages/airflow/example_dags/example_task_group_decorator.py
[2025-10-15T07:57:26.678+0000] {processor.py:840} INFO - DAG(s) 'example_task_group_decorator' retrieved from /home/airflow/.local/lib/python3.8/site-packages/airflow/example_dags/example_task_group_decorator.py
[2025-10-15T07:57:26.698+0000] {logging_mixin.py:188} INFO - [2025-10-15T07:57:26.698+0000] {dag.py:3047} INFO - Sync 1 DAGs
[2025-10-15T07:57:26.717+0000] {logging_mixin.py:188} INFO - [2025-10-15T07:57:26.717+0000] {dag.py:3834} INFO - Setting next_dagrun for example_task_group_decorator to 2025-10-14 00:00:00+00:00, run_after=2025-10-15 00:00:00+00:00
[2025-10-15T07:57:26.732+0000] {processor.py:183} INFO - Processing /home/airflow/.local/lib/python3.8/site-packages/airflow/example_dags/example_task_group_decorator.py took 0.071 seconds
[2025-10-15T07:57:57.476+0000] {processor.py:161} INFO - Started process (PID=2048) to work on /home/airflow/.local/lib/python3.8/site-packages/airflow/example_dags/example_task_group_decorator.py
[2025-10-15T07:57:57.477+0000] {processor.py:830} INFO - Processing file /home/airflow/.local/lib/python3.8/site-packages/airflow/example_dags/example_task_group_decorator.py for tasks to queue
[2025-10-15T07:57:57.479+0000] {logging_mixin.py:188} INFO - [2025-10-15T07:57:57.478+0000] {dagbag.py:540} INFO - Filling up the DagBag from /home/airflow/.local/lib/python3.8/site-packages/airflow/example_dags/example_task_group_decorator.py
[2025-10-15T07:57:57.491+0000] {processor.py:840} INFO - DAG(s) 'example_task_group_decorator' retrieved from /home/airflow/.local/lib/python3.8/site-packages/airflow/example_dags/example_task_group_decorator.py
[2025-10-15T07:57:57.511+0000] {logging_mixin.py:188} INFO - [2025-10-15T07:57:57.511+0000] {dag.py:3047} INFO - Sync 1 DAGs
[2025-10-15T07:57:57.529+0000] {logging_mixin.py:188} INFO - [2025-10-15T07:57:57.529+0000] {dag.py:3834} INFO - Setting next_dagrun for example_task_group_decorator to 2025-10-14 00:00:00+00:00, run_after=2025-10-15 00:00:00+00:00
[2025-10-15T07:57:57.544+0000] {processor.py:183} INFO - Processing /home/airflow/.local/lib/python3.8/site-packages/airflow/example_dags/example_task_group_decorator.py took 0.070 seconds
[2025-10-15T07:58:27.635+0000] {processor.py:161} INFO - Started process (PID=2107) to work on /home/airflow/.local/lib/python3.8/site-packages/airflow/example_dags/example_task_group_decorator.py
[2025-10-15T07:58:27.636+0000] {processor.py:830} INFO - Processing file /home/airflow/.local/lib/python3.8/site-packages/airflow/example_dags/example_task_group_decorator.py for tasks to queue
[2025-10-15T07:58:27.637+0000] {logging_mixin.py:188} INFO - [2025-10-15T07:58:27.637+0000] {dagbag.py:540} INFO - Filling up the DagBag from /home/airflow/.local/lib/python3.8/site-packages/airflow/example_dags/example_task_group_decorator.py
[2025-10-15T07:58:27.650+0000] {processor.py:840} INFO - DAG(s) 'example_task_group_decorator' retrieved from /home/airflow/.local/lib/python3.8/site-packages/airflow/example_dags/example_task_group_decorator.py
[2025-10-15T07:58:27.672+0000] {logging_mixin.py:188} INFO - [2025-10-15T07:58:27.671+0000] {dag.py:3047} INFO - Sync 1 DAGs
[2025-10-15T07:58:27.691+0000] {logging_mixin.py:188} INFO - [2025-10-15T07:58:27.691+0000] {dag.py:3834} INFO - Setting next_dagrun for example_task_group_decorator to 2025-10-14 00:00:00+00:00, run_after=2025-10-15 00:00:00+00:00
[2025-10-15T07:58:27.707+0000] {processor.py:183} INFO - Processing /home/airflow/.local/lib/python3.8/site-packages/airflow/example_dags/example_task_group_decorator.py took 0.075 seconds
[2025-10-15T07:58:57.805+0000] {processor.py:161} INFO - Started process (PID=2168) to work on /home/airflow/.local/lib/python3.8/site-packages/airflow/example_dags/example_task_group_decorator.py
[2025-10-15T07:58:57.806+0000] {processor.py:830} INFO - Processing file /home/airflow/.local/lib/python3.8/site-packages/airflow/example_dags/example_task_group_decorator.py for tasks to queue
[2025-10-15T07:58:57.808+0000] {logging_mixin.py:188} INFO - [2025-10-15T07:58:57.808+0000] {dagbag.py:540} INFO - Filling up the DagBag from /home/airflow/.local/lib/python3.8/site-packages/airflow/example_dags/example_task_group_decorator.py
[2025-10-15T07:58:57.820+0000] {processor.py:840} INFO - DAG(s) 'example_task_group_decorator' retrieved from /home/airflow/.local/lib/python3.8/site-packages/airflow/example_dags/example_task_group_decorator.py
[2025-10-15T07:58:57.841+0000] {logging_mixin.py:188} INFO - [2025-10-15T07:58:57.840+0000] {dag.py:3047} INFO - Sync 1 DAGs
[2025-10-15T07:58:57.859+0000] {logging_mixin.py:188} INFO - [2025-10-15T07:58:57.859+0000] {dag.py:3834} INFO - Setting next_dagrun for example_task_group_decorator to 2025-10-14 00:00:00+00:00, run_after=2025-10-15 00:00:00+00:00
[2025-10-15T07:58:57.876+0000] {processor.py:183} INFO - Processing /home/airflow/.local/lib/python3.8/site-packages/airflow/example_dags/example_task_group_decorator.py took 0.073 seconds
[2025-10-15T07:59:28.001+0000] {processor.py:161} INFO - Started process (PID=2228) to work on /home/airflow/.local/lib/python3.8/site-packages/airflow/example_dags/example_task_group_decorator.py
[2025-10-15T07:59:28.002+0000] {processor.py:830} INFO - Processing file /home/airflow/.local/lib/python3.8/site-packages/airflow/example_dags/example_task_group_decorator.py for tasks to queue
[2025-10-15T07:59:28.004+0000] {logging_mixin.py:188} INFO - [2025-10-15T07:59:28.004+0000] {dagbag.py:540} INFO - Filling up the DagBag from /home/airflow/.local/lib/python3.8/site-packages/airflow/example_dags/example_task_group_decorator.py
[2025-10-15T07:59:28.016+0000] {processor.py:840} INFO - DAG(s) 'example_task_group_decorator' retrieved from /home/airflow/.local/lib/python3.8/site-packages/airflow/example_dags/example_task_group_decorator.py
[2025-10-15T07:59:28.037+0000] {logging_mixin.py:188} INFO - [2025-10-15T07:59:28.037+0000] {dag.py:3047} INFO - Sync 1 DAGs
[2025-10-15T07:59:28.055+0000] {logging_mixin.py:188} INFO - [2025-10-15T07:59:28.055+0000] {dag.py:3834} INFO - Setting next_dagrun for example_task_group_decorator to 2025-10-14 00:00:00+00:00, run_after=2025-10-15 00:00:00+00:00
[2025-10-15T07:59:28.071+0000] {processor.py:183} INFO - Processing /home/airflow/.local/lib/python3.8/site-packages/airflow/example_dags/example_task_group_decorator.py took 0.072 seconds
[2025-10-15T07:59:58.810+0000] {processor.py:161} INFO - Started process (PID=2287) to work on /home/airflow/.local/lib/python3.8/site-packages/airflow/example_dags/example_task_group_decorator.py
[2025-10-15T07:59:58.811+0000] {processor.py:830} INFO - Processing file /home/airflow/.local/lib/python3.8/site-packages/airflow/example_dags/example_task_group_decorator.py for tasks to queue
[2025-10-15T07:59:58.812+0000] {logging_mixin.py:188} INFO - [2025-10-15T07:59:58.811+0000] {dagbag.py:540} INFO - Filling up the DagBag from /home/airflow/.local/lib/python3.8/site-packages/airflow/example_dags/example_task_group_decorator.py
[2025-10-15T07:59:58.828+0000] {processor.py:840} INFO - DAG(s) 'example_task_group_decorator' retrieved from /home/airflow/.local/lib/python3.8/site-packages/airflow/example_dags/example_task_group_decorator.py
[2025-10-15T07:59:58.850+0000] {logging_mixin.py:188} INFO - [2025-10-15T07:59:58.850+0000] {dag.py:3047} INFO - Sync 1 DAGs
[2025-10-15T07:59:58.871+0000] {logging_mixin.py:188} INFO - [2025-10-15T07:59:58.871+0000] {dag.py:3834} INFO - Setting next_dagrun for example_task_group_decorator to 2025-10-14 00:00:00+00:00, run_after=2025-10-15 00:00:00+00:00
[2025-10-15T07:59:58.890+0000] {processor.py:183} INFO - Processing /home/airflow/.local/lib/python3.8/site-packages/airflow/example_dags/example_task_group_decorator.py took 0.084 seconds
[2025-10-15T08:00:28.959+0000] {processor.py:161} INFO - Started process (PID=2348) to work on /home/airflow/.local/lib/python3.8/site-packages/airflow/example_dags/example_task_group_decorator.py
[2025-10-15T08:00:28.959+0000] {processor.py:830} INFO - Processing file /home/airflow/.local/lib/python3.8/site-packages/airflow/example_dags/example_task_group_decorator.py for tasks to queue
[2025-10-15T08:00:28.960+0000] {logging_mixin.py:188} INFO - [2025-10-15T08:00:28.960+0000] {dagbag.py:540} INFO - Filling up the DagBag from /home/airflow/.local/lib/python3.8/site-packages/airflow/example_dags/example_task_group_decorator.py
[2025-10-15T08:00:28.973+0000] {processor.py:840} INFO - DAG(s) 'example_task_group_decorator' retrieved from /home/airflow/.local/lib/python3.8/site-packages/airflow/example_dags/example_task_group_decorator.py
[2025-10-15T08:00:28.994+0000] {logging_mixin.py:188} INFO - [2025-10-15T08:00:28.994+0000] {dag.py:3047} INFO - Sync 1 DAGs
[2025-10-15T08:00:29.013+0000] {logging_mixin.py:188} INFO - [2025-10-15T08:00:29.013+0000] {dag.py:3834} INFO - Setting next_dagrun for example_task_group_decorator to 2025-10-14 00:00:00+00:00, run_after=2025-10-15 00:00:00+00:00
[2025-10-15T08:00:29.033+0000] {processor.py:183} INFO - Processing /home/airflow/.local/lib/python3.8/site-packages/airflow/example_dags/example_task_group_decorator.py took 0.077 seconds
[2025-10-15T08:00:59.259+0000] {processor.py:161} INFO - Started process (PID=2411) to work on /home/airflow/.local/lib/python3.8/site-packages/airflow/example_dags/example_task_group_decorator.py
[2025-10-15T08:00:59.260+0000] {processor.py:830} INFO - Processing file /home/airflow/.local/lib/python3.8/site-packages/airflow/example_dags/example_task_group_decorator.py for tasks to queue
[2025-10-15T08:00:59.261+0000] {logging_mixin.py:188} INFO - [2025-10-15T08:00:59.261+0000] {dagbag.py:540} INFO - Filling up the DagBag from /home/airflow/.local/lib/python3.8/site-packages/airflow/example_dags/example_task_group_decorator.py
[2025-10-15T08:00:59.274+0000] {processor.py:840} INFO - DAG(s) 'example_task_group_decorator' retrieved from /home/airflow/.local/lib/python3.8/site-packages/airflow/example_dags/example_task_group_decorator.py
[2025-10-15T08:00:59.296+0000] {logging_mixin.py:188} INFO - [2025-10-15T08:00:59.296+0000] {dag.py:3047} INFO - Sync 1 DAGs
[2025-10-15T08:00:59.314+0000] {logging_mixin.py:188} INFO - [2025-10-15T08:00:59.313+0000] {dag.py:3834} INFO - Setting next_dagrun for example_task_group_decorator to 2025-10-14 00:00:00+00:00, run_after=2025-10-15 00:00:00+00:00
[2025-10-15T08:00:59.329+0000] {processor.py:183} INFO - Processing /home/airflow/.local/lib/python3.8/site-packages/airflow/example_dags/example_task_group_decorator.py took 0.072 seconds
[2025-10-15T08:01:29.613+0000] {processor.py:161} INFO - Started process (PID=2474) to work on /home/airflow/.local/lib/python3.8/site-packages/airflow/example_dags/example_task_group_decorator.py
[2025-10-15T08:01:29.614+0000] {processor.py:830} INFO - Processing file /home/airflow/.local/lib/python3.8/site-packages/airflow/example_dags/example_task_group_decorator.py for tasks to queue
[2025-10-15T08:01:29.615+0000] {logging_mixin.py:188} INFO - [2025-10-15T08:01:29.614+0000] {dagbag.py:540} INFO - Filling up the DagBag from /home/airflow/.local/lib/python3.8/site-packages/airflow/example_dags/example_task_group_decorator.py
[2025-10-15T08:01:29.628+0000] {processor.py:840} INFO - DAG(s) 'example_task_group_decorator' retrieved from /home/airflow/.local/lib/python3.8/site-packages/airflow/example_dags/example_task_group_decorator.py
[2025-10-15T08:01:29.651+0000] {logging_mixin.py:188} INFO - [2025-10-15T08:01:29.651+0000] {dag.py:3047} INFO - Sync 1 DAGs
[2025-10-15T08:01:29.672+0000] {logging_mixin.py:188} INFO - [2025-10-15T08:01:29.671+0000] {dag.py:3834} INFO - Setting next_dagrun for example_task_group_decorator to 2025-10-14 00:00:00+00:00, run_after=2025-10-15 00:00:00+00:00
[2025-10-15T08:01:29.691+0000] {processor.py:183} INFO - Processing /home/airflow/.local/lib/python3.8/site-packages/airflow/example_dags/example_task_group_decorator.py took 0.081 seconds
[2025-10-15T08:01:59.861+0000] {processor.py:161} INFO - Started process (PID=2534) to work on /home/airflow/.local/lib/python3.8/site-packages/airflow/example_dags/example_task_group_decorator.py
[2025-10-15T08:01:59.862+0000] {processor.py:830} INFO - Processing file /home/airflow/.local/lib/python3.8/site-packages/airflow/example_dags/example_task_group_decorator.py for tasks to queue
[2025-10-15T08:01:59.863+0000] {logging_mixin.py:188} INFO - [2025-10-15T08:01:59.863+0000] {dagbag.py:540} INFO - Filling up the DagBag from /home/airflow/.local/lib/python3.8/site-packages/airflow/example_dags/example_task_group_decorator.py
[2025-10-15T08:01:59.880+0000] {processor.py:840} INFO - DAG(s) 'example_task_group_decorator' retrieved from /home/airflow/.local/lib/python3.8/site-packages/airflow/example_dags/example_task_group_decorator.py
[2025-10-15T08:01:59.900+0000] {logging_mixin.py:188} INFO - [2025-10-15T08:01:59.900+0000] {dag.py:3047} INFO - Sync 1 DAGs
[2025-10-15T08:01:59.921+0000] {logging_mixin.py:188} INFO - [2025-10-15T08:01:59.920+0000] {dag.py:3834} INFO - Setting next_dagrun for example_task_group_decorator to 2025-10-14 00:00:00+00:00, run_after=2025-10-15 00:00:00+00:00
[2025-10-15T08:01:59.937+0000] {processor.py:183} INFO - Processing /home/airflow/.local/lib/python3.8/site-packages/airflow/example_dags/example_task_group_decorator.py took 0.079 seconds
[2025-10-15T08:02:30.057+0000] {processor.py:161} INFO - Started process (PID=2597) to work on /home/airflow/.local/lib/python3.8/site-packages/airflow/example_dags/example_task_group_decorator.py
[2025-10-15T08:02:30.058+0000] {processor.py:830} INFO - Processing file /home/airflow/.local/lib/python3.8/site-packages/airflow/example_dags/example_task_group_decorator.py for tasks to queue
[2025-10-15T08:02:30.062+0000] {logging_mixin.py:188} INFO - [2025-10-15T08:02:30.059+0000] {dagbag.py:540} INFO - Filling up the DagBag from /home/airflow/.local/lib/python3.8/site-packages/airflow/example_dags/example_task_group_decorator.py
[2025-10-15T08:02:30.086+0000] {processor.py:840} INFO - DAG(s) 'example_task_group_decorator' retrieved from /home/airflow/.local/lib/python3.8/site-packages/airflow/example_dags/example_task_group_decorator.py
[2025-10-15T08:02:30.128+0000] {logging_mixin.py:188} INFO - [2025-10-15T08:02:30.127+0000] {dag.py:3047} INFO - Sync 1 DAGs
[2025-10-15T08:02:30.162+0000] {logging_mixin.py:188} INFO - [2025-10-15T08:02:30.162+0000] {dag.py:3834} INFO - Setting next_dagrun for example_task_group_decorator to 2025-10-14 00:00:00+00:00, run_after=2025-10-15 00:00:00+00:00
[2025-10-15T08:02:30.180+0000] {processor.py:183} INFO - Processing /home/airflow/.local/lib/python3.8/site-packages/airflow/example_dags/example_task_group_decorator.py took 0.126 seconds
[2025-10-15T08:03:00.334+0000] {processor.py:161} INFO - Started process (PID=2657) to work on /home/airflow/.local/lib/python3.8/site-packages/airflow/example_dags/example_task_group_decorator.py
[2025-10-15T08:03:00.335+0000] {processor.py:830} INFO - Processing file /home/airflow/.local/lib/python3.8/site-packages/airflow/example_dags/example_task_group_decorator.py for tasks to queue
[2025-10-15T08:03:00.336+0000] {logging_mixin.py:188} INFO - [2025-10-15T08:03:00.336+0000] {dagbag.py:540} INFO - Filling up the DagBag from /home/airflow/.local/lib/python3.8/site-packages/airflow/example_dags/example_task_group_decorator.py
[2025-10-15T08:03:00.349+0000] {processor.py:840} INFO - DAG(s) 'example_task_group_decorator' retrieved from /home/airflow/.local/lib/python3.8/site-packages/airflow/example_dags/example_task_group_decorator.py
[2025-10-15T08:03:00.370+0000] {logging_mixin.py:188} INFO - [2025-10-15T08:03:00.370+0000] {dag.py:3047} INFO - Sync 1 DAGs
[2025-10-15T08:03:00.390+0000] {logging_mixin.py:188} INFO - [2025-10-15T08:03:00.390+0000] {dag.py:3834} INFO - Setting next_dagrun for example_task_group_decorator to 2025-10-14 00:00:00+00:00, run_after=2025-10-15 00:00:00+00:00
[2025-10-15T08:03:00.406+0000] {processor.py:183} INFO - Processing /home/airflow/.local/lib/python3.8/site-packages/airflow/example_dags/example_task_group_decorator.py took 0.075 seconds
