[2025-10-15T07:41:43.595+0000] {processor.py:161} INFO - Started process (PID=116) to work on /home/airflow/.local/lib/python3.8/site-packages/airflow/example_dags/example_latest_only_with_trigger.py
[2025-10-15T07:41:43.596+0000] {processor.py:830} INFO - Processing file /home/airflow/.local/lib/python3.8/site-packages/airflow/example_dags/example_latest_only_with_trigger.py for tasks to queue
[2025-10-15T07:41:43.597+0000] {logging_mixin.py:188} INFO - [2025-10-15T07:41:43.597+0000] {dagbag.py:540} INFO - Filling up the DagBag from /home/airflow/.local/lib/python3.8/site-packages/airflow/example_dags/example_latest_only_with_trigger.py
[2025-10-15T07:41:43.604+0000] {processor.py:840} INFO - DAG(s) 'latest_only_with_trigger' retrieved from /home/airflow/.local/lib/python3.8/site-packages/airflow/example_dags/example_latest_only_with_trigger.py
[2025-10-15T07:41:43.705+0000] {logging_mixin.py:188} INFO - [2025-10-15T07:41:43.705+0000] {dag.py:3047} INFO - Sync 1 DAGs
[2025-10-15T07:41:43.724+0000] {logging_mixin.py:188} INFO - [2025-10-15T07:41:43.724+0000] {dag.py:3834} INFO - Setting next_dagrun for latest_only_with_trigger to 2025-10-15 00:00:00+00:00, run_after=2025-10-15 04:00:00+00:00
[2025-10-15T07:41:43.740+0000] {processor.py:183} INFO - Processing /home/airflow/.local/lib/python3.8/site-packages/airflow/example_dags/example_latest_only_with_trigger.py took 0.148 seconds
[2025-10-15T07:42:14.213+0000] {processor.py:161} INFO - Started process (PID=177) to work on /home/airflow/.local/lib/python3.8/site-packages/airflow/example_dags/example_latest_only_with_trigger.py
[2025-10-15T07:42:14.213+0000] {processor.py:830} INFO - Processing file /home/airflow/.local/lib/python3.8/site-packages/airflow/example_dags/example_latest_only_with_trigger.py for tasks to queue
[2025-10-15T07:42:14.215+0000] {logging_mixin.py:188} INFO - [2025-10-15T07:42:14.215+0000] {dagbag.py:540} INFO - Filling up the DagBag from /home/airflow/.local/lib/python3.8/site-packages/airflow/example_dags/example_latest_only_with_trigger.py
[2025-10-15T07:42:14.220+0000] {processor.py:840} INFO - DAG(s) 'latest_only_with_trigger' retrieved from /home/airflow/.local/lib/python3.8/site-packages/airflow/example_dags/example_latest_only_with_trigger.py
[2025-10-15T07:42:14.237+0000] {logging_mixin.py:188} INFO - [2025-10-15T07:42:14.236+0000] {dag.py:3047} INFO - Sync 1 DAGs
[2025-10-15T07:42:14.256+0000] {logging_mixin.py:188} INFO - [2025-10-15T07:42:14.255+0000] {dag.py:3834} INFO - Setting next_dagrun for latest_only_with_trigger to 2025-10-15 00:00:00+00:00, run_after=2025-10-15 04:00:00+00:00
[2025-10-15T07:42:14.271+0000] {processor.py:183} INFO - Processing /home/airflow/.local/lib/python3.8/site-packages/airflow/example_dags/example_latest_only_with_trigger.py took 0.061 seconds
[2025-10-15T07:42:44.666+0000] {processor.py:161} INFO - Started process (PID=237) to work on /home/airflow/.local/lib/python3.8/site-packages/airflow/example_dags/example_latest_only_with_trigger.py
[2025-10-15T07:42:44.667+0000] {processor.py:830} INFO - Processing file /home/airflow/.local/lib/python3.8/site-packages/airflow/example_dags/example_latest_only_with_trigger.py for tasks to queue
[2025-10-15T07:42:44.669+0000] {logging_mixin.py:188} INFO - [2025-10-15T07:42:44.668+0000] {dagbag.py:540} INFO - Filling up the DagBag from /home/airflow/.local/lib/python3.8/site-packages/airflow/example_dags/example_latest_only_with_trigger.py
[2025-10-15T07:42:44.673+0000] {processor.py:840} INFO - DAG(s) 'latest_only_with_trigger' retrieved from /home/airflow/.local/lib/python3.8/site-packages/airflow/example_dags/example_latest_only_with_trigger.py
[2025-10-15T07:42:44.690+0000] {logging_mixin.py:188} INFO - [2025-10-15T07:42:44.689+0000] {dag.py:3047} INFO - Sync 1 DAGs
[2025-10-15T07:42:44.709+0000] {logging_mixin.py:188} INFO - [2025-10-15T07:42:44.709+0000] {dag.py:3834} INFO - Setting next_dagrun for latest_only_with_trigger to 2025-10-15 00:00:00+00:00, run_after=2025-10-15 04:00:00+00:00
[2025-10-15T07:42:44.723+0000] {processor.py:183} INFO - Processing /home/airflow/.local/lib/python3.8/site-packages/airflow/example_dags/example_latest_only_with_trigger.py took 0.060 seconds
[2025-10-15T07:43:15.171+0000] {processor.py:161} INFO - Started process (PID=297) to work on /home/airflow/.local/lib/python3.8/site-packages/airflow/example_dags/example_latest_only_with_trigger.py
[2025-10-15T07:43:15.172+0000] {processor.py:830} INFO - Processing file /home/airflow/.local/lib/python3.8/site-packages/airflow/example_dags/example_latest_only_with_trigger.py for tasks to queue
[2025-10-15T07:43:15.174+0000] {logging_mixin.py:188} INFO - [2025-10-15T07:43:15.174+0000] {dagbag.py:540} INFO - Filling up the DagBag from /home/airflow/.local/lib/python3.8/site-packages/airflow/example_dags/example_latest_only_with_trigger.py
[2025-10-15T07:43:15.181+0000] {processor.py:840} INFO - DAG(s) 'latest_only_with_trigger' retrieved from /home/airflow/.local/lib/python3.8/site-packages/airflow/example_dags/example_latest_only_with_trigger.py
[2025-10-15T07:43:15.199+0000] {logging_mixin.py:188} INFO - [2025-10-15T07:43:15.199+0000] {dag.py:3047} INFO - Sync 1 DAGs
[2025-10-15T07:43:15.222+0000] {logging_mixin.py:188} INFO - [2025-10-15T07:43:15.221+0000] {dag.py:3834} INFO - Setting next_dagrun for latest_only_with_trigger to 2025-10-15 00:00:00+00:00, run_after=2025-10-15 04:00:00+00:00
[2025-10-15T07:43:15.239+0000] {processor.py:183} INFO - Processing /home/airflow/.local/lib/python3.8/site-packages/airflow/example_dags/example_latest_only_with_trigger.py took 0.071 seconds
[2025-10-15T07:43:45.295+0000] {processor.py:161} INFO - Started process (PID=356) to work on /home/airflow/.local/lib/python3.8/site-packages/airflow/example_dags/example_latest_only_with_trigger.py
[2025-10-15T07:43:45.296+0000] {processor.py:830} INFO - Processing file /home/airflow/.local/lib/python3.8/site-packages/airflow/example_dags/example_latest_only_with_trigger.py for tasks to queue
[2025-10-15T07:43:45.298+0000] {logging_mixin.py:188} INFO - [2025-10-15T07:43:45.298+0000] {dagbag.py:540} INFO - Filling up the DagBag from /home/airflow/.local/lib/python3.8/site-packages/airflow/example_dags/example_latest_only_with_trigger.py
[2025-10-15T07:43:45.304+0000] {processor.py:840} INFO - DAG(s) 'latest_only_with_trigger' retrieved from /home/airflow/.local/lib/python3.8/site-packages/airflow/example_dags/example_latest_only_with_trigger.py
[2025-10-15T07:43:45.323+0000] {logging_mixin.py:188} INFO - [2025-10-15T07:43:45.323+0000] {dag.py:3047} INFO - Sync 1 DAGs
[2025-10-15T07:43:45.345+0000] {logging_mixin.py:188} INFO - [2025-10-15T07:43:45.345+0000] {dag.py:3834} INFO - Setting next_dagrun for latest_only_with_trigger to 2025-10-15 00:00:00+00:00, run_after=2025-10-15 04:00:00+00:00
[2025-10-15T07:43:45.363+0000] {processor.py:183} INFO - Processing /home/airflow/.local/lib/python3.8/site-packages/airflow/example_dags/example_latest_only_with_trigger.py took 0.070 seconds
[2025-10-15T07:44:15.932+0000] {processor.py:161} INFO - Started process (PID=417) to work on /home/airflow/.local/lib/python3.8/site-packages/airflow/example_dags/example_latest_only_with_trigger.py
[2025-10-15T07:44:15.933+0000] {processor.py:830} INFO - Processing file /home/airflow/.local/lib/python3.8/site-packages/airflow/example_dags/example_latest_only_with_trigger.py for tasks to queue
[2025-10-15T07:44:15.935+0000] {logging_mixin.py:188} INFO - [2025-10-15T07:44:15.934+0000] {dagbag.py:540} INFO - Filling up the DagBag from /home/airflow/.local/lib/python3.8/site-packages/airflow/example_dags/example_latest_only_with_trigger.py
[2025-10-15T07:44:15.940+0000] {processor.py:840} INFO - DAG(s) 'latest_only_with_trigger' retrieved from /home/airflow/.local/lib/python3.8/site-packages/airflow/example_dags/example_latest_only_with_trigger.py
[2025-10-15T07:44:15.957+0000] {logging_mixin.py:188} INFO - [2025-10-15T07:44:15.957+0000] {dag.py:3047} INFO - Sync 1 DAGs
[2025-10-15T07:44:15.978+0000] {logging_mixin.py:188} INFO - [2025-10-15T07:44:15.977+0000] {dag.py:3834} INFO - Setting next_dagrun for latest_only_with_trigger to 2025-10-15 00:00:00+00:00, run_after=2025-10-15 04:00:00+00:00
[2025-10-15T07:44:15.996+0000] {processor.py:183} INFO - Processing /home/airflow/.local/lib/python3.8/site-packages/airflow/example_dags/example_latest_only_with_trigger.py took 0.066 seconds
[2025-10-15T07:44:46.251+0000] {processor.py:161} INFO - Started process (PID=477) to work on /home/airflow/.local/lib/python3.8/site-packages/airflow/example_dags/example_latest_only_with_trigger.py
[2025-10-15T07:44:46.252+0000] {processor.py:830} INFO - Processing file /home/airflow/.local/lib/python3.8/site-packages/airflow/example_dags/example_latest_only_with_trigger.py for tasks to queue
[2025-10-15T07:44:46.254+0000] {logging_mixin.py:188} INFO - [2025-10-15T07:44:46.253+0000] {dagbag.py:540} INFO - Filling up the DagBag from /home/airflow/.local/lib/python3.8/site-packages/airflow/example_dags/example_latest_only_with_trigger.py
[2025-10-15T07:44:46.259+0000] {processor.py:840} INFO - DAG(s) 'latest_only_with_trigger' retrieved from /home/airflow/.local/lib/python3.8/site-packages/airflow/example_dags/example_latest_only_with_trigger.py
[2025-10-15T07:44:46.277+0000] {logging_mixin.py:188} INFO - [2025-10-15T07:44:46.276+0000] {dag.py:3047} INFO - Sync 1 DAGs
[2025-10-15T07:44:46.298+0000] {logging_mixin.py:188} INFO - [2025-10-15T07:44:46.298+0000] {dag.py:3834} INFO - Setting next_dagrun for latest_only_with_trigger to 2025-10-15 00:00:00+00:00, run_after=2025-10-15 04:00:00+00:00
[2025-10-15T07:44:46.333+0000] {processor.py:183} INFO - Processing /home/airflow/.local/lib/python3.8/site-packages/airflow/example_dags/example_latest_only_with_trigger.py took 0.085 seconds
[2025-10-15T07:45:16.378+0000] {processor.py:161} INFO - Started process (PID=538) to work on /home/airflow/.local/lib/python3.8/site-packages/airflow/example_dags/example_latest_only_with_trigger.py
[2025-10-15T07:45:16.379+0000] {processor.py:830} INFO - Processing file /home/airflow/.local/lib/python3.8/site-packages/airflow/example_dags/example_latest_only_with_trigger.py for tasks to queue
[2025-10-15T07:45:16.380+0000] {logging_mixin.py:188} INFO - [2025-10-15T07:45:16.380+0000] {dagbag.py:540} INFO - Filling up the DagBag from /home/airflow/.local/lib/python3.8/site-packages/airflow/example_dags/example_latest_only_with_trigger.py
[2025-10-15T07:45:16.385+0000] {processor.py:840} INFO - DAG(s) 'latest_only_with_trigger' retrieved from /home/airflow/.local/lib/python3.8/site-packages/airflow/example_dags/example_latest_only_with_trigger.py
[2025-10-15T07:45:16.402+0000] {logging_mixin.py:188} INFO - [2025-10-15T07:45:16.402+0000] {dag.py:3047} INFO - Sync 1 DAGs
[2025-10-15T07:45:16.421+0000] {logging_mixin.py:188} INFO - [2025-10-15T07:45:16.421+0000] {dag.py:3834} INFO - Setting next_dagrun for latest_only_with_trigger to 2025-10-15 00:00:00+00:00, run_after=2025-10-15 04:00:00+00:00
[2025-10-15T07:45:16.435+0000] {processor.py:183} INFO - Processing /home/airflow/.local/lib/python3.8/site-packages/airflow/example_dags/example_latest_only_with_trigger.py took 0.061 seconds
[2025-10-15T07:45:46.762+0000] {processor.py:161} INFO - Started process (PID=598) to work on /home/airflow/.local/lib/python3.8/site-packages/airflow/example_dags/example_latest_only_with_trigger.py
[2025-10-15T07:45:46.763+0000] {processor.py:830} INFO - Processing file /home/airflow/.local/lib/python3.8/site-packages/airflow/example_dags/example_latest_only_with_trigger.py for tasks to queue
[2025-10-15T07:45:46.765+0000] {logging_mixin.py:188} INFO - [2025-10-15T07:45:46.765+0000] {dagbag.py:540} INFO - Filling up the DagBag from /home/airflow/.local/lib/python3.8/site-packages/airflow/example_dags/example_latest_only_with_trigger.py
[2025-10-15T07:45:46.770+0000] {processor.py:840} INFO - DAG(s) 'latest_only_with_trigger' retrieved from /home/airflow/.local/lib/python3.8/site-packages/airflow/example_dags/example_latest_only_with_trigger.py
[2025-10-15T07:45:46.788+0000] {logging_mixin.py:188} INFO - [2025-10-15T07:45:46.788+0000] {dag.py:3047} INFO - Sync 1 DAGs
[2025-10-15T07:45:46.808+0000] {logging_mixin.py:188} INFO - [2025-10-15T07:45:46.808+0000] {dag.py:3834} INFO - Setting next_dagrun for latest_only_with_trigger to 2025-10-15 00:00:00+00:00, run_after=2025-10-15 04:00:00+00:00
[2025-10-15T07:45:46.824+0000] {processor.py:183} INFO - Processing /home/airflow/.local/lib/python3.8/site-packages/airflow/example_dags/example_latest_only_with_trigger.py took 0.065 seconds
[2025-10-15T07:46:17.536+0000] {processor.py:161} INFO - Started process (PID=658) to work on /home/airflow/.local/lib/python3.8/site-packages/airflow/example_dags/example_latest_only_with_trigger.py
[2025-10-15T07:46:17.537+0000] {processor.py:830} INFO - Processing file /home/airflow/.local/lib/python3.8/site-packages/airflow/example_dags/example_latest_only_with_trigger.py for tasks to queue
[2025-10-15T07:46:17.539+0000] {logging_mixin.py:188} INFO - [2025-10-15T07:46:17.538+0000] {dagbag.py:540} INFO - Filling up the DagBag from /home/airflow/.local/lib/python3.8/site-packages/airflow/example_dags/example_latest_only_with_trigger.py
[2025-10-15T07:46:17.543+0000] {processor.py:840} INFO - DAG(s) 'latest_only_with_trigger' retrieved from /home/airflow/.local/lib/python3.8/site-packages/airflow/example_dags/example_latest_only_with_trigger.py
[2025-10-15T07:46:17.560+0000] {logging_mixin.py:188} INFO - [2025-10-15T07:46:17.560+0000] {dag.py:3047} INFO - Sync 1 DAGs
[2025-10-15T07:46:17.581+0000] {logging_mixin.py:188} INFO - [2025-10-15T07:46:17.580+0000] {dag.py:3834} INFO - Setting next_dagrun for latest_only_with_trigger to 2025-10-15 00:00:00+00:00, run_after=2025-10-15 04:00:00+00:00
[2025-10-15T07:46:17.597+0000] {processor.py:183} INFO - Processing /home/airflow/.local/lib/python3.8/site-packages/airflow/example_dags/example_latest_only_with_trigger.py took 0.063 seconds
[2025-10-15T07:46:48.232+0000] {processor.py:161} INFO - Started process (PID=718) to work on /home/airflow/.local/lib/python3.8/site-packages/airflow/example_dags/example_latest_only_with_trigger.py
[2025-10-15T07:46:48.233+0000] {processor.py:830} INFO - Processing file /home/airflow/.local/lib/python3.8/site-packages/airflow/example_dags/example_latest_only_with_trigger.py for tasks to queue
[2025-10-15T07:46:48.235+0000] {logging_mixin.py:188} INFO - [2025-10-15T07:46:48.235+0000] {dagbag.py:540} INFO - Filling up the DagBag from /home/airflow/.local/lib/python3.8/site-packages/airflow/example_dags/example_latest_only_with_trigger.py
[2025-10-15T07:46:48.240+0000] {processor.py:840} INFO - DAG(s) 'latest_only_with_trigger' retrieved from /home/airflow/.local/lib/python3.8/site-packages/airflow/example_dags/example_latest_only_with_trigger.py
[2025-10-15T07:46:48.258+0000] {logging_mixin.py:188} INFO - [2025-10-15T07:46:48.258+0000] {dag.py:3047} INFO - Sync 1 DAGs
[2025-10-15T07:46:48.277+0000] {logging_mixin.py:188} INFO - [2025-10-15T07:46:48.277+0000] {dag.py:3834} INFO - Setting next_dagrun for latest_only_with_trigger to 2025-10-15 00:00:00+00:00, run_after=2025-10-15 04:00:00+00:00
[2025-10-15T07:46:48.295+0000] {processor.py:183} INFO - Processing /home/airflow/.local/lib/python3.8/site-packages/airflow/example_dags/example_latest_only_with_trigger.py took 0.065 seconds
[2025-10-15T07:47:19.236+0000] {processor.py:161} INFO - Started process (PID=778) to work on /home/airflow/.local/lib/python3.8/site-packages/airflow/example_dags/example_latest_only_with_trigger.py
[2025-10-15T07:47:19.237+0000] {processor.py:830} INFO - Processing file /home/airflow/.local/lib/python3.8/site-packages/airflow/example_dags/example_latest_only_with_trigger.py for tasks to queue
[2025-10-15T07:47:19.238+0000] {logging_mixin.py:188} INFO - [2025-10-15T07:47:19.238+0000] {dagbag.py:540} INFO - Filling up the DagBag from /home/airflow/.local/lib/python3.8/site-packages/airflow/example_dags/example_latest_only_with_trigger.py
[2025-10-15T07:47:19.243+0000] {processor.py:840} INFO - DAG(s) 'latest_only_with_trigger' retrieved from /home/airflow/.local/lib/python3.8/site-packages/airflow/example_dags/example_latest_only_with_trigger.py
[2025-10-15T07:47:19.260+0000] {logging_mixin.py:188} INFO - [2025-10-15T07:47:19.260+0000] {dag.py:3047} INFO - Sync 1 DAGs
[2025-10-15T07:47:19.280+0000] {logging_mixin.py:188} INFO - [2025-10-15T07:47:19.280+0000] {dag.py:3834} INFO - Setting next_dagrun for latest_only_with_trigger to 2025-10-15 00:00:00+00:00, run_after=2025-10-15 04:00:00+00:00
[2025-10-15T07:47:19.296+0000] {processor.py:183} INFO - Processing /home/airflow/.local/lib/python3.8/site-packages/airflow/example_dags/example_latest_only_with_trigger.py took 0.063 seconds
[2025-10-15T07:47:49.335+0000] {processor.py:161} INFO - Started process (PID=838) to work on /home/airflow/.local/lib/python3.8/site-packages/airflow/example_dags/example_latest_only_with_trigger.py
[2025-10-15T07:47:49.336+0000] {processor.py:830} INFO - Processing file /home/airflow/.local/lib/python3.8/site-packages/airflow/example_dags/example_latest_only_with_trigger.py for tasks to queue
[2025-10-15T07:47:49.338+0000] {logging_mixin.py:188} INFO - [2025-10-15T07:47:49.338+0000] {dagbag.py:540} INFO - Filling up the DagBag from /home/airflow/.local/lib/python3.8/site-packages/airflow/example_dags/example_latest_only_with_trigger.py
[2025-10-15T07:47:49.343+0000] {processor.py:840} INFO - DAG(s) 'latest_only_with_trigger' retrieved from /home/airflow/.local/lib/python3.8/site-packages/airflow/example_dags/example_latest_only_with_trigger.py
[2025-10-15T07:47:49.360+0000] {logging_mixin.py:188} INFO - [2025-10-15T07:47:49.360+0000] {dag.py:3047} INFO - Sync 1 DAGs
[2025-10-15T07:47:49.379+0000] {logging_mixin.py:188} INFO - [2025-10-15T07:47:49.379+0000] {dag.py:3834} INFO - Setting next_dagrun for latest_only_with_trigger to 2025-10-15 00:00:00+00:00, run_after=2025-10-15 04:00:00+00:00
[2025-10-15T07:47:49.394+0000] {processor.py:183} INFO - Processing /home/airflow/.local/lib/python3.8/site-packages/airflow/example_dags/example_latest_only_with_trigger.py took 0.062 seconds
[2025-10-15T07:48:19.712+0000] {processor.py:161} INFO - Started process (PID=898) to work on /home/airflow/.local/lib/python3.8/site-packages/airflow/example_dags/example_latest_only_with_trigger.py
[2025-10-15T07:48:19.712+0000] {processor.py:830} INFO - Processing file /home/airflow/.local/lib/python3.8/site-packages/airflow/example_dags/example_latest_only_with_trigger.py for tasks to queue
[2025-10-15T07:48:19.714+0000] {logging_mixin.py:188} INFO - [2025-10-15T07:48:19.714+0000] {dagbag.py:540} INFO - Filling up the DagBag from /home/airflow/.local/lib/python3.8/site-packages/airflow/example_dags/example_latest_only_with_trigger.py
[2025-10-15T07:48:19.719+0000] {processor.py:840} INFO - DAG(s) 'latest_only_with_trigger' retrieved from /home/airflow/.local/lib/python3.8/site-packages/airflow/example_dags/example_latest_only_with_trigger.py
[2025-10-15T07:48:19.737+0000] {logging_mixin.py:188} INFO - [2025-10-15T07:48:19.737+0000] {dag.py:3047} INFO - Sync 1 DAGs
[2025-10-15T07:48:19.757+0000] {logging_mixin.py:188} INFO - [2025-10-15T07:48:19.757+0000] {dag.py:3834} INFO - Setting next_dagrun for latest_only_with_trigger to 2025-10-15 00:00:00+00:00, run_after=2025-10-15 04:00:00+00:00
[2025-10-15T07:48:19.773+0000] {processor.py:183} INFO - Processing /home/airflow/.local/lib/python3.8/site-packages/airflow/example_dags/example_latest_only_with_trigger.py took 0.064 seconds
[2025-10-15T07:48:49.887+0000] {processor.py:161} INFO - Started process (PID=958) to work on /home/airflow/.local/lib/python3.8/site-packages/airflow/example_dags/example_latest_only_with_trigger.py
[2025-10-15T07:48:49.888+0000] {processor.py:830} INFO - Processing file /home/airflow/.local/lib/python3.8/site-packages/airflow/example_dags/example_latest_only_with_trigger.py for tasks to queue
[2025-10-15T07:48:49.890+0000] {logging_mixin.py:188} INFO - [2025-10-15T07:48:49.890+0000] {dagbag.py:540} INFO - Filling up the DagBag from /home/airflow/.local/lib/python3.8/site-packages/airflow/example_dags/example_latest_only_with_trigger.py
[2025-10-15T07:48:49.895+0000] {processor.py:840} INFO - DAG(s) 'latest_only_with_trigger' retrieved from /home/airflow/.local/lib/python3.8/site-packages/airflow/example_dags/example_latest_only_with_trigger.py
[2025-10-15T07:48:49.912+0000] {logging_mixin.py:188} INFO - [2025-10-15T07:48:49.911+0000] {dag.py:3047} INFO - Sync 1 DAGs
[2025-10-15T07:48:49.934+0000] {logging_mixin.py:188} INFO - [2025-10-15T07:48:49.934+0000] {dag.py:3834} INFO - Setting next_dagrun for latest_only_with_trigger to 2025-10-15 00:00:00+00:00, run_after=2025-10-15 04:00:00+00:00
[2025-10-15T07:48:49.952+0000] {processor.py:183} INFO - Processing /home/airflow/.local/lib/python3.8/site-packages/airflow/example_dags/example_latest_only_with_trigger.py took 0.067 seconds
[2025-10-15T07:49:20.587+0000] {processor.py:161} INFO - Started process (PID=1019) to work on /home/airflow/.local/lib/python3.8/site-packages/airflow/example_dags/example_latest_only_with_trigger.py
[2025-10-15T07:49:20.588+0000] {processor.py:830} INFO - Processing file /home/airflow/.local/lib/python3.8/site-packages/airflow/example_dags/example_latest_only_with_trigger.py for tasks to queue
[2025-10-15T07:49:20.590+0000] {logging_mixin.py:188} INFO - [2025-10-15T07:49:20.589+0000] {dagbag.py:540} INFO - Filling up the DagBag from /home/airflow/.local/lib/python3.8/site-packages/airflow/example_dags/example_latest_only_with_trigger.py
[2025-10-15T07:49:20.596+0000] {processor.py:840} INFO - DAG(s) 'latest_only_with_trigger' retrieved from /home/airflow/.local/lib/python3.8/site-packages/airflow/example_dags/example_latest_only_with_trigger.py
[2025-10-15T07:49:20.620+0000] {logging_mixin.py:188} INFO - [2025-10-15T07:49:20.620+0000] {dag.py:3047} INFO - Sync 1 DAGs
[2025-10-15T07:49:20.648+0000] {logging_mixin.py:188} INFO - [2025-10-15T07:49:20.647+0000] {dag.py:3834} INFO - Setting next_dagrun for latest_only_with_trigger to 2025-10-15 00:00:00+00:00, run_after=2025-10-15 04:00:00+00:00
[2025-10-15T07:49:20.674+0000] {processor.py:183} INFO - Processing /home/airflow/.local/lib/python3.8/site-packages/airflow/example_dags/example_latest_only_with_trigger.py took 0.091 seconds
[2025-10-15T07:49:51.713+0000] {processor.py:161} INFO - Started process (PID=1080) to work on /home/airflow/.local/lib/python3.8/site-packages/airflow/example_dags/example_latest_only_with_trigger.py
[2025-10-15T07:49:51.714+0000] {processor.py:830} INFO - Processing file /home/airflow/.local/lib/python3.8/site-packages/airflow/example_dags/example_latest_only_with_trigger.py for tasks to queue
[2025-10-15T07:49:51.716+0000] {logging_mixin.py:188} INFO - [2025-10-15T07:49:51.715+0000] {dagbag.py:540} INFO - Filling up the DagBag from /home/airflow/.local/lib/python3.8/site-packages/airflow/example_dags/example_latest_only_with_trigger.py
[2025-10-15T07:49:51.720+0000] {processor.py:840} INFO - DAG(s) 'latest_only_with_trigger' retrieved from /home/airflow/.local/lib/python3.8/site-packages/airflow/example_dags/example_latest_only_with_trigger.py
[2025-10-15T07:49:51.737+0000] {logging_mixin.py:188} INFO - [2025-10-15T07:49:51.737+0000] {dag.py:3047} INFO - Sync 1 DAGs
[2025-10-15T07:49:51.757+0000] {logging_mixin.py:188} INFO - [2025-10-15T07:49:51.757+0000] {dag.py:3834} INFO - Setting next_dagrun for latest_only_with_trigger to 2025-10-15 00:00:00+00:00, run_after=2025-10-15 04:00:00+00:00
[2025-10-15T07:49:51.775+0000] {processor.py:183} INFO - Processing /home/airflow/.local/lib/python3.8/site-packages/airflow/example_dags/example_latest_only_with_trigger.py took 0.064 seconds
[2025-10-15T07:50:22.463+0000] {processor.py:161} INFO - Started process (PID=1141) to work on /home/airflow/.local/lib/python3.8/site-packages/airflow/example_dags/example_latest_only_with_trigger.py
[2025-10-15T07:50:22.464+0000] {processor.py:830} INFO - Processing file /home/airflow/.local/lib/python3.8/site-packages/airflow/example_dags/example_latest_only_with_trigger.py for tasks to queue
[2025-10-15T07:50:22.466+0000] {logging_mixin.py:188} INFO - [2025-10-15T07:50:22.466+0000] {dagbag.py:540} INFO - Filling up the DagBag from /home/airflow/.local/lib/python3.8/site-packages/airflow/example_dags/example_latest_only_with_trigger.py
[2025-10-15T07:50:22.471+0000] {processor.py:840} INFO - DAG(s) 'latest_only_with_trigger' retrieved from /home/airflow/.local/lib/python3.8/site-packages/airflow/example_dags/example_latest_only_with_trigger.py
[2025-10-15T07:50:22.489+0000] {logging_mixin.py:188} INFO - [2025-10-15T07:50:22.489+0000] {dag.py:3047} INFO - Sync 1 DAGs
[2025-10-15T07:50:22.509+0000] {logging_mixin.py:188} INFO - [2025-10-15T07:50:22.509+0000] {dag.py:3834} INFO - Setting next_dagrun for latest_only_with_trigger to 2025-10-15 00:00:00+00:00, run_after=2025-10-15 04:00:00+00:00
[2025-10-15T07:50:22.527+0000] {processor.py:183} INFO - Processing /home/airflow/.local/lib/python3.8/site-packages/airflow/example_dags/example_latest_only_with_trigger.py took 0.066 seconds
[2025-10-15T07:50:53.400+0000] {processor.py:161} INFO - Started process (PID=1204) to work on /home/airflow/.local/lib/python3.8/site-packages/airflow/example_dags/example_latest_only_with_trigger.py
[2025-10-15T07:50:53.401+0000] {processor.py:830} INFO - Processing file /home/airflow/.local/lib/python3.8/site-packages/airflow/example_dags/example_latest_only_with_trigger.py for tasks to queue
[2025-10-15T07:50:53.403+0000] {logging_mixin.py:188} INFO - [2025-10-15T07:50:53.403+0000] {dagbag.py:540} INFO - Filling up the DagBag from /home/airflow/.local/lib/python3.8/site-packages/airflow/example_dags/example_latest_only_with_trigger.py
[2025-10-15T07:50:53.409+0000] {processor.py:840} INFO - DAG(s) 'latest_only_with_trigger' retrieved from /home/airflow/.local/lib/python3.8/site-packages/airflow/example_dags/example_latest_only_with_trigger.py
[2025-10-15T07:50:53.426+0000] {logging_mixin.py:188} INFO - [2025-10-15T07:50:53.425+0000] {dag.py:3047} INFO - Sync 1 DAGs
[2025-10-15T07:50:53.444+0000] {logging_mixin.py:188} INFO - [2025-10-15T07:50:53.444+0000] {dag.py:3834} INFO - Setting next_dagrun for latest_only_with_trigger to 2025-10-15 00:00:00+00:00, run_after=2025-10-15 04:00:00+00:00
[2025-10-15T07:50:53.458+0000] {processor.py:183} INFO - Processing /home/airflow/.local/lib/python3.8/site-packages/airflow/example_dags/example_latest_only_with_trigger.py took 0.061 seconds
[2025-10-15T07:51:23.545+0000] {processor.py:161} INFO - Started process (PID=1265) to work on /home/airflow/.local/lib/python3.8/site-packages/airflow/example_dags/example_latest_only_with_trigger.py
[2025-10-15T07:51:23.546+0000] {processor.py:830} INFO - Processing file /home/airflow/.local/lib/python3.8/site-packages/airflow/example_dags/example_latest_only_with_trigger.py for tasks to queue
[2025-10-15T07:51:23.547+0000] {logging_mixin.py:188} INFO - [2025-10-15T07:51:23.547+0000] {dagbag.py:540} INFO - Filling up the DagBag from /home/airflow/.local/lib/python3.8/site-packages/airflow/example_dags/example_latest_only_with_trigger.py
[2025-10-15T07:51:23.552+0000] {processor.py:840} INFO - DAG(s) 'latest_only_with_trigger' retrieved from /home/airflow/.local/lib/python3.8/site-packages/airflow/example_dags/example_latest_only_with_trigger.py
[2025-10-15T07:51:23.570+0000] {logging_mixin.py:188} INFO - [2025-10-15T07:51:23.569+0000] {dag.py:3047} INFO - Sync 1 DAGs
[2025-10-15T07:51:23.588+0000] {logging_mixin.py:188} INFO - [2025-10-15T07:51:23.588+0000] {dag.py:3834} INFO - Setting next_dagrun for latest_only_with_trigger to 2025-10-15 00:00:00+00:00, run_after=2025-10-15 04:00:00+00:00
[2025-10-15T07:51:23.603+0000] {processor.py:183} INFO - Processing /home/airflow/.local/lib/python3.8/site-packages/airflow/example_dags/example_latest_only_with_trigger.py took 0.061 seconds
[2025-10-15T07:51:53.969+0000] {processor.py:161} INFO - Started process (PID=1325) to work on /home/airflow/.local/lib/python3.8/site-packages/airflow/example_dags/example_latest_only_with_trigger.py
[2025-10-15T07:51:53.970+0000] {processor.py:830} INFO - Processing file /home/airflow/.local/lib/python3.8/site-packages/airflow/example_dags/example_latest_only_with_trigger.py for tasks to queue
[2025-10-15T07:51:53.973+0000] {logging_mixin.py:188} INFO - [2025-10-15T07:51:53.973+0000] {dagbag.py:540} INFO - Filling up the DagBag from /home/airflow/.local/lib/python3.8/site-packages/airflow/example_dags/example_latest_only_with_trigger.py
[2025-10-15T07:51:53.978+0000] {processor.py:840} INFO - DAG(s) 'latest_only_with_trigger' retrieved from /home/airflow/.local/lib/python3.8/site-packages/airflow/example_dags/example_latest_only_with_trigger.py
[2025-10-15T07:51:53.998+0000] {logging_mixin.py:188} INFO - [2025-10-15T07:51:53.998+0000] {dag.py:3047} INFO - Sync 1 DAGs
[2025-10-15T07:51:54.032+0000] {logging_mixin.py:188} INFO - [2025-10-15T07:51:54.032+0000] {dag.py:3834} INFO - Setting next_dagrun for latest_only_with_trigger to 2025-10-15 00:00:00+00:00, run_after=2025-10-15 04:00:00+00:00
[2025-10-15T07:51:54.056+0000] {processor.py:183} INFO - Processing /home/airflow/.local/lib/python3.8/site-packages/airflow/example_dags/example_latest_only_with_trigger.py took 0.089 seconds
[2025-10-15T07:52:24.321+0000] {processor.py:161} INFO - Started process (PID=1387) to work on /home/airflow/.local/lib/python3.8/site-packages/airflow/example_dags/example_latest_only_with_trigger.py
[2025-10-15T07:52:24.322+0000] {processor.py:830} INFO - Processing file /home/airflow/.local/lib/python3.8/site-packages/airflow/example_dags/example_latest_only_with_trigger.py for tasks to queue
[2025-10-15T07:52:24.323+0000] {logging_mixin.py:188} INFO - [2025-10-15T07:52:24.323+0000] {dagbag.py:540} INFO - Filling up the DagBag from /home/airflow/.local/lib/python3.8/site-packages/airflow/example_dags/example_latest_only_with_trigger.py
[2025-10-15T07:52:24.328+0000] {processor.py:840} INFO - DAG(s) 'latest_only_with_trigger' retrieved from /home/airflow/.local/lib/python3.8/site-packages/airflow/example_dags/example_latest_only_with_trigger.py
[2025-10-15T07:52:24.346+0000] {logging_mixin.py:188} INFO - [2025-10-15T07:52:24.345+0000] {dag.py:3047} INFO - Sync 1 DAGs
[2025-10-15T07:52:24.364+0000] {logging_mixin.py:188} INFO - [2025-10-15T07:52:24.364+0000] {dag.py:3834} INFO - Setting next_dagrun for latest_only_with_trigger to 2025-10-15 00:00:00+00:00, run_after=2025-10-15 04:00:00+00:00
[2025-10-15T07:52:24.380+0000] {processor.py:183} INFO - Processing /home/airflow/.local/lib/python3.8/site-packages/airflow/example_dags/example_latest_only_with_trigger.py took 0.063 seconds
[2025-10-15T07:52:55.435+0000] {processor.py:161} INFO - Started process (PID=1450) to work on /home/airflow/.local/lib/python3.8/site-packages/airflow/example_dags/example_latest_only_with_trigger.py
[2025-10-15T07:52:55.436+0000] {processor.py:830} INFO - Processing file /home/airflow/.local/lib/python3.8/site-packages/airflow/example_dags/example_latest_only_with_trigger.py for tasks to queue
[2025-10-15T07:52:55.437+0000] {logging_mixin.py:188} INFO - [2025-10-15T07:52:55.437+0000] {dagbag.py:540} INFO - Filling up the DagBag from /home/airflow/.local/lib/python3.8/site-packages/airflow/example_dags/example_latest_only_with_trigger.py
[2025-10-15T07:52:55.442+0000] {processor.py:840} INFO - DAG(s) 'latest_only_with_trigger' retrieved from /home/airflow/.local/lib/python3.8/site-packages/airflow/example_dags/example_latest_only_with_trigger.py
[2025-10-15T07:52:55.460+0000] {logging_mixin.py:188} INFO - [2025-10-15T07:52:55.460+0000] {dag.py:3047} INFO - Sync 1 DAGs
[2025-10-15T07:52:55.479+0000] {logging_mixin.py:188} INFO - [2025-10-15T07:52:55.479+0000] {dag.py:3834} INFO - Setting next_dagrun for latest_only_with_trigger to 2025-10-15 00:00:00+00:00, run_after=2025-10-15 04:00:00+00:00
[2025-10-15T07:52:55.494+0000] {processor.py:183} INFO - Processing /home/airflow/.local/lib/python3.8/site-packages/airflow/example_dags/example_latest_only_with_trigger.py took 0.062 seconds
[2025-10-15T07:53:26.432+0000] {processor.py:161} INFO - Started process (PID=1510) to work on /home/airflow/.local/lib/python3.8/site-packages/airflow/example_dags/example_latest_only_with_trigger.py
[2025-10-15T07:53:26.433+0000] {processor.py:830} INFO - Processing file /home/airflow/.local/lib/python3.8/site-packages/airflow/example_dags/example_latest_only_with_trigger.py for tasks to queue
[2025-10-15T07:53:26.434+0000] {logging_mixin.py:188} INFO - [2025-10-15T07:53:26.434+0000] {dagbag.py:540} INFO - Filling up the DagBag from /home/airflow/.local/lib/python3.8/site-packages/airflow/example_dags/example_latest_only_with_trigger.py
[2025-10-15T07:53:26.442+0000] {processor.py:840} INFO - DAG(s) 'latest_only_with_trigger' retrieved from /home/airflow/.local/lib/python3.8/site-packages/airflow/example_dags/example_latest_only_with_trigger.py
[2025-10-15T07:53:26.462+0000] {logging_mixin.py:188} INFO - [2025-10-15T07:53:26.462+0000] {dag.py:3047} INFO - Sync 1 DAGs
[2025-10-15T07:53:26.485+0000] {logging_mixin.py:188} INFO - [2025-10-15T07:53:26.485+0000] {dag.py:3834} INFO - Setting next_dagrun for latest_only_with_trigger to 2025-10-15 00:00:00+00:00, run_after=2025-10-15 04:00:00+00:00
[2025-10-15T07:53:26.504+0000] {processor.py:183} INFO - Processing /home/airflow/.local/lib/python3.8/site-packages/airflow/example_dags/example_latest_only_with_trigger.py took 0.075 seconds
[2025-10-15T07:53:57.117+0000] {processor.py:161} INFO - Started process (PID=1572) to work on /home/airflow/.local/lib/python3.8/site-packages/airflow/example_dags/example_latest_only_with_trigger.py
[2025-10-15T07:53:57.118+0000] {processor.py:830} INFO - Processing file /home/airflow/.local/lib/python3.8/site-packages/airflow/example_dags/example_latest_only_with_trigger.py for tasks to queue
[2025-10-15T07:53:57.120+0000] {logging_mixin.py:188} INFO - [2025-10-15T07:53:57.120+0000] {dagbag.py:540} INFO - Filling up the DagBag from /home/airflow/.local/lib/python3.8/site-packages/airflow/example_dags/example_latest_only_with_trigger.py
[2025-10-15T07:53:57.125+0000] {processor.py:840} INFO - DAG(s) 'latest_only_with_trigger' retrieved from /home/airflow/.local/lib/python3.8/site-packages/airflow/example_dags/example_latest_only_with_trigger.py
[2025-10-15T07:53:57.143+0000] {logging_mixin.py:188} INFO - [2025-10-15T07:53:57.143+0000] {dag.py:3047} INFO - Sync 1 DAGs
[2025-10-15T07:53:57.164+0000] {logging_mixin.py:188} INFO - [2025-10-15T07:53:57.164+0000] {dag.py:3834} INFO - Setting next_dagrun for latest_only_with_trigger to 2025-10-15 00:00:00+00:00, run_after=2025-10-15 04:00:00+00:00
[2025-10-15T07:53:57.181+0000] {processor.py:183} INFO - Processing /home/airflow/.local/lib/python3.8/site-packages/airflow/example_dags/example_latest_only_with_trigger.py took 0.066 seconds
[2025-10-15T07:54:28.238+0000] {processor.py:161} INFO - Started process (PID=1632) to work on /home/airflow/.local/lib/python3.8/site-packages/airflow/example_dags/example_latest_only_with_trigger.py
[2025-10-15T07:54:28.239+0000] {processor.py:830} INFO - Processing file /home/airflow/.local/lib/python3.8/site-packages/airflow/example_dags/example_latest_only_with_trigger.py for tasks to queue
[2025-10-15T07:54:28.241+0000] {logging_mixin.py:188} INFO - [2025-10-15T07:54:28.240+0000] {dagbag.py:540} INFO - Filling up the DagBag from /home/airflow/.local/lib/python3.8/site-packages/airflow/example_dags/example_latest_only_with_trigger.py
[2025-10-15T07:54:28.246+0000] {processor.py:840} INFO - DAG(s) 'latest_only_with_trigger' retrieved from /home/airflow/.local/lib/python3.8/site-packages/airflow/example_dags/example_latest_only_with_trigger.py
[2025-10-15T07:54:28.262+0000] {logging_mixin.py:188} INFO - [2025-10-15T07:54:28.262+0000] {dag.py:3047} INFO - Sync 1 DAGs
[2025-10-15T07:54:28.282+0000] {logging_mixin.py:188} INFO - [2025-10-15T07:54:28.282+0000] {dag.py:3834} INFO - Setting next_dagrun for latest_only_with_trigger to 2025-10-15 00:00:00+00:00, run_after=2025-10-15 04:00:00+00:00
[2025-10-15T07:54:28.304+0000] {processor.py:183} INFO - Processing /home/airflow/.local/lib/python3.8/site-packages/airflow/example_dags/example_latest_only_with_trigger.py took 0.069 seconds
[2025-10-15T07:54:58.661+0000] {processor.py:161} INFO - Started process (PID=1692) to work on /home/airflow/.local/lib/python3.8/site-packages/airflow/example_dags/example_latest_only_with_trigger.py
[2025-10-15T07:54:58.662+0000] {processor.py:830} INFO - Processing file /home/airflow/.local/lib/python3.8/site-packages/airflow/example_dags/example_latest_only_with_trigger.py for tasks to queue
[2025-10-15T07:54:58.664+0000] {logging_mixin.py:188} INFO - [2025-10-15T07:54:58.664+0000] {dagbag.py:540} INFO - Filling up the DagBag from /home/airflow/.local/lib/python3.8/site-packages/airflow/example_dags/example_latest_only_with_trigger.py
[2025-10-15T07:54:58.669+0000] {processor.py:840} INFO - DAG(s) 'latest_only_with_trigger' retrieved from /home/airflow/.local/lib/python3.8/site-packages/airflow/example_dags/example_latest_only_with_trigger.py
[2025-10-15T07:54:58.696+0000] {logging_mixin.py:188} INFO - [2025-10-15T07:54:58.696+0000] {dag.py:3047} INFO - Sync 1 DAGs
[2025-10-15T07:54:58.715+0000] {logging_mixin.py:188} INFO - [2025-10-15T07:54:58.715+0000] {dag.py:3834} INFO - Setting next_dagrun for latest_only_with_trigger to 2025-10-15 00:00:00+00:00, run_after=2025-10-15 04:00:00+00:00
[2025-10-15T07:54:58.731+0000] {processor.py:183} INFO - Processing /home/airflow/.local/lib/python3.8/site-packages/airflow/example_dags/example_latest_only_with_trigger.py took 0.072 seconds
[2025-10-15T07:55:28.922+0000] {processor.py:161} INFO - Started process (PID=1754) to work on /home/airflow/.local/lib/python3.8/site-packages/airflow/example_dags/example_latest_only_with_trigger.py
[2025-10-15T07:55:28.923+0000] {processor.py:830} INFO - Processing file /home/airflow/.local/lib/python3.8/site-packages/airflow/example_dags/example_latest_only_with_trigger.py for tasks to queue
[2025-10-15T07:55:28.925+0000] {logging_mixin.py:188} INFO - [2025-10-15T07:55:28.924+0000] {dagbag.py:540} INFO - Filling up the DagBag from /home/airflow/.local/lib/python3.8/site-packages/airflow/example_dags/example_latest_only_with_trigger.py
[2025-10-15T07:55:28.930+0000] {processor.py:840} INFO - DAG(s) 'latest_only_with_trigger' retrieved from /home/airflow/.local/lib/python3.8/site-packages/airflow/example_dags/example_latest_only_with_trigger.py
[2025-10-15T07:55:28.949+0000] {logging_mixin.py:188} INFO - [2025-10-15T07:55:28.949+0000] {dag.py:3047} INFO - Sync 1 DAGs
[2025-10-15T07:55:28.981+0000] {logging_mixin.py:188} INFO - [2025-10-15T07:55:28.981+0000] {dag.py:3834} INFO - Setting next_dagrun for latest_only_with_trigger to 2025-10-15 00:00:00+00:00, run_after=2025-10-15 04:00:00+00:00
[2025-10-15T07:55:29.028+0000] {processor.py:183} INFO - Processing /home/airflow/.local/lib/python3.8/site-packages/airflow/example_dags/example_latest_only_with_trigger.py took 0.109 seconds
[2025-10-15T07:55:59.182+0000] {processor.py:161} INFO - Started process (PID=1813) to work on /home/airflow/.local/lib/python3.8/site-packages/airflow/example_dags/example_latest_only_with_trigger.py
[2025-10-15T07:55:59.183+0000] {processor.py:830} INFO - Processing file /home/airflow/.local/lib/python3.8/site-packages/airflow/example_dags/example_latest_only_with_trigger.py for tasks to queue
[2025-10-15T07:55:59.184+0000] {logging_mixin.py:188} INFO - [2025-10-15T07:55:59.184+0000] {dagbag.py:540} INFO - Filling up the DagBag from /home/airflow/.local/lib/python3.8/site-packages/airflow/example_dags/example_latest_only_with_trigger.py
[2025-10-15T07:55:59.189+0000] {processor.py:840} INFO - DAG(s) 'latest_only_with_trigger' retrieved from /home/airflow/.local/lib/python3.8/site-packages/airflow/example_dags/example_latest_only_with_trigger.py
[2025-10-15T07:55:59.207+0000] {logging_mixin.py:188} INFO - [2025-10-15T07:55:59.207+0000] {dag.py:3047} INFO - Sync 1 DAGs
[2025-10-15T07:55:59.225+0000] {logging_mixin.py:188} INFO - [2025-10-15T07:55:59.225+0000] {dag.py:3834} INFO - Setting next_dagrun for latest_only_with_trigger to 2025-10-15 00:00:00+00:00, run_after=2025-10-15 04:00:00+00:00
[2025-10-15T07:55:59.242+0000] {processor.py:183} INFO - Processing /home/airflow/.local/lib/python3.8/site-packages/airflow/example_dags/example_latest_only_with_trigger.py took 0.063 seconds
[2025-10-15T07:56:29.539+0000] {processor.py:161} INFO - Started process (PID=1873) to work on /home/airflow/.local/lib/python3.8/site-packages/airflow/example_dags/example_latest_only_with_trigger.py
[2025-10-15T07:56:29.540+0000] {processor.py:830} INFO - Processing file /home/airflow/.local/lib/python3.8/site-packages/airflow/example_dags/example_latest_only_with_trigger.py for tasks to queue
[2025-10-15T07:56:29.542+0000] {logging_mixin.py:188} INFO - [2025-10-15T07:56:29.542+0000] {dagbag.py:540} INFO - Filling up the DagBag from /home/airflow/.local/lib/python3.8/site-packages/airflow/example_dags/example_latest_only_with_trigger.py
[2025-10-15T07:56:29.547+0000] {processor.py:840} INFO - DAG(s) 'latest_only_with_trigger' retrieved from /home/airflow/.local/lib/python3.8/site-packages/airflow/example_dags/example_latest_only_with_trigger.py
[2025-10-15T07:56:29.564+0000] {logging_mixin.py:188} INFO - [2025-10-15T07:56:29.563+0000] {dag.py:3047} INFO - Sync 1 DAGs
[2025-10-15T07:56:29.582+0000] {logging_mixin.py:188} INFO - [2025-10-15T07:56:29.582+0000] {dag.py:3834} INFO - Setting next_dagrun for latest_only_with_trigger to 2025-10-15 00:00:00+00:00, run_after=2025-10-15 04:00:00+00:00
[2025-10-15T07:56:29.597+0000] {processor.py:183} INFO - Processing /home/airflow/.local/lib/python3.8/site-packages/airflow/example_dags/example_latest_only_with_trigger.py took 0.060 seconds
[2025-10-15T07:56:59.785+0000] {processor.py:161} INFO - Started process (PID=1933) to work on /home/airflow/.local/lib/python3.8/site-packages/airflow/example_dags/example_latest_only_with_trigger.py
[2025-10-15T07:56:59.786+0000] {processor.py:830} INFO - Processing file /home/airflow/.local/lib/python3.8/site-packages/airflow/example_dags/example_latest_only_with_trigger.py for tasks to queue
[2025-10-15T07:56:59.788+0000] {logging_mixin.py:188} INFO - [2025-10-15T07:56:59.787+0000] {dagbag.py:540} INFO - Filling up the DagBag from /home/airflow/.local/lib/python3.8/site-packages/airflow/example_dags/example_latest_only_with_trigger.py
[2025-10-15T07:56:59.793+0000] {processor.py:840} INFO - DAG(s) 'latest_only_with_trigger' retrieved from /home/airflow/.local/lib/python3.8/site-packages/airflow/example_dags/example_latest_only_with_trigger.py
[2025-10-15T07:56:59.809+0000] {logging_mixin.py:188} INFO - [2025-10-15T07:56:59.809+0000] {dag.py:3047} INFO - Sync 1 DAGs
[2025-10-15T07:56:59.827+0000] {logging_mixin.py:188} INFO - [2025-10-15T07:56:59.827+0000] {dag.py:3834} INFO - Setting next_dagrun for latest_only_with_trigger to 2025-10-15 00:00:00+00:00, run_after=2025-10-15 04:00:00+00:00
[2025-10-15T07:56:59.845+0000] {processor.py:183} INFO - Processing /home/airflow/.local/lib/python3.8/site-packages/airflow/example_dags/example_latest_only_with_trigger.py took 0.063 seconds
[2025-10-15T07:57:29.964+0000] {processor.py:161} INFO - Started process (PID=1994) to work on /home/airflow/.local/lib/python3.8/site-packages/airflow/example_dags/example_latest_only_with_trigger.py
[2025-10-15T07:57:29.965+0000] {processor.py:830} INFO - Processing file /home/airflow/.local/lib/python3.8/site-packages/airflow/example_dags/example_latest_only_with_trigger.py for tasks to queue
[2025-10-15T07:57:29.967+0000] {logging_mixin.py:188} INFO - [2025-10-15T07:57:29.967+0000] {dagbag.py:540} INFO - Filling up the DagBag from /home/airflow/.local/lib/python3.8/site-packages/airflow/example_dags/example_latest_only_with_trigger.py
[2025-10-15T07:57:29.972+0000] {processor.py:840} INFO - DAG(s) 'latest_only_with_trigger' retrieved from /home/airflow/.local/lib/python3.8/site-packages/airflow/example_dags/example_latest_only_with_trigger.py
[2025-10-15T07:57:29.991+0000] {logging_mixin.py:188} INFO - [2025-10-15T07:57:29.990+0000] {dag.py:3047} INFO - Sync 1 DAGs
[2025-10-15T07:57:30.010+0000] {logging_mixin.py:188} INFO - [2025-10-15T07:57:30.010+0000] {dag.py:3834} INFO - Setting next_dagrun for latest_only_with_trigger to 2025-10-15 00:00:00+00:00, run_after=2025-10-15 04:00:00+00:00
[2025-10-15T07:57:30.025+0000] {processor.py:183} INFO - Processing /home/airflow/.local/lib/python3.8/site-packages/airflow/example_dags/example_latest_only_with_trigger.py took 0.063 seconds
[2025-10-15T07:58:01.062+0000] {processor.py:161} INFO - Started process (PID=2055) to work on /home/airflow/.local/lib/python3.8/site-packages/airflow/example_dags/example_latest_only_with_trigger.py
[2025-10-15T07:58:01.063+0000] {processor.py:830} INFO - Processing file /home/airflow/.local/lib/python3.8/site-packages/airflow/example_dags/example_latest_only_with_trigger.py for tasks to queue
[2025-10-15T07:58:01.065+0000] {logging_mixin.py:188} INFO - [2025-10-15T07:58:01.065+0000] {dagbag.py:540} INFO - Filling up the DagBag from /home/airflow/.local/lib/python3.8/site-packages/airflow/example_dags/example_latest_only_with_trigger.py
[2025-10-15T07:58:01.070+0000] {processor.py:840} INFO - DAG(s) 'latest_only_with_trigger' retrieved from /home/airflow/.local/lib/python3.8/site-packages/airflow/example_dags/example_latest_only_with_trigger.py
[2025-10-15T07:58:01.088+0000] {logging_mixin.py:188} INFO - [2025-10-15T07:58:01.088+0000] {dag.py:3047} INFO - Sync 1 DAGs
[2025-10-15T07:58:01.106+0000] {logging_mixin.py:188} INFO - [2025-10-15T07:58:01.106+0000] {dag.py:3834} INFO - Setting next_dagrun for latest_only_with_trigger to 2025-10-15 00:00:00+00:00, run_after=2025-10-15 04:00:00+00:00
[2025-10-15T07:58:01.123+0000] {processor.py:183} INFO - Processing /home/airflow/.local/lib/python3.8/site-packages/airflow/example_dags/example_latest_only_with_trigger.py took 0.063 seconds
[2025-10-15T07:58:31.349+0000] {processor.py:161} INFO - Started process (PID=2115) to work on /home/airflow/.local/lib/python3.8/site-packages/airflow/example_dags/example_latest_only_with_trigger.py
[2025-10-15T07:58:31.350+0000] {processor.py:830} INFO - Processing file /home/airflow/.local/lib/python3.8/site-packages/airflow/example_dags/example_latest_only_with_trigger.py for tasks to queue
[2025-10-15T07:58:31.352+0000] {logging_mixin.py:188} INFO - [2025-10-15T07:58:31.352+0000] {dagbag.py:540} INFO - Filling up the DagBag from /home/airflow/.local/lib/python3.8/site-packages/airflow/example_dags/example_latest_only_with_trigger.py
[2025-10-15T07:58:31.357+0000] {processor.py:840} INFO - DAG(s) 'latest_only_with_trigger' retrieved from /home/airflow/.local/lib/python3.8/site-packages/airflow/example_dags/example_latest_only_with_trigger.py
[2025-10-15T07:58:31.373+0000] {logging_mixin.py:188} INFO - [2025-10-15T07:58:31.373+0000] {dag.py:3047} INFO - Sync 1 DAGs
[2025-10-15T07:58:31.392+0000] {logging_mixin.py:188} INFO - [2025-10-15T07:58:31.391+0000] {dag.py:3834} INFO - Setting next_dagrun for latest_only_with_trigger to 2025-10-15 00:00:00+00:00, run_after=2025-10-15 04:00:00+00:00
[2025-10-15T07:58:31.407+0000] {processor.py:183} INFO - Processing /home/airflow/.local/lib/python3.8/site-packages/airflow/example_dags/example_latest_only_with_trigger.py took 0.060 seconds
[2025-10-15T07:59:02.507+0000] {processor.py:161} INFO - Started process (PID=2175) to work on /home/airflow/.local/lib/python3.8/site-packages/airflow/example_dags/example_latest_only_with_trigger.py
[2025-10-15T07:59:02.508+0000] {processor.py:830} INFO - Processing file /home/airflow/.local/lib/python3.8/site-packages/airflow/example_dags/example_latest_only_with_trigger.py for tasks to queue
[2025-10-15T07:59:02.509+0000] {logging_mixin.py:188} INFO - [2025-10-15T07:59:02.509+0000] {dagbag.py:540} INFO - Filling up the DagBag from /home/airflow/.local/lib/python3.8/site-packages/airflow/example_dags/example_latest_only_with_trigger.py
[2025-10-15T07:59:02.514+0000] {processor.py:840} INFO - DAG(s) 'latest_only_with_trigger' retrieved from /home/airflow/.local/lib/python3.8/site-packages/airflow/example_dags/example_latest_only_with_trigger.py
[2025-10-15T07:59:02.531+0000] {logging_mixin.py:188} INFO - [2025-10-15T07:59:02.531+0000] {dag.py:3047} INFO - Sync 1 DAGs
[2025-10-15T07:59:02.549+0000] {logging_mixin.py:188} INFO - [2025-10-15T07:59:02.549+0000] {dag.py:3834} INFO - Setting next_dagrun for latest_only_with_trigger to 2025-10-15 00:00:00+00:00, run_after=2025-10-15 04:00:00+00:00
[2025-10-15T07:59:02.565+0000] {processor.py:183} INFO - Processing /home/airflow/.local/lib/python3.8/site-packages/airflow/example_dags/example_latest_only_with_trigger.py took 0.061 seconds
[2025-10-15T07:59:33.723+0000] {processor.py:161} INFO - Started process (PID=2235) to work on /home/airflow/.local/lib/python3.8/site-packages/airflow/example_dags/example_latest_only_with_trigger.py
[2025-10-15T07:59:33.724+0000] {processor.py:830} INFO - Processing file /home/airflow/.local/lib/python3.8/site-packages/airflow/example_dags/example_latest_only_with_trigger.py for tasks to queue
[2025-10-15T07:59:33.726+0000] {logging_mixin.py:188} INFO - [2025-10-15T07:59:33.726+0000] {dagbag.py:540} INFO - Filling up the DagBag from /home/airflow/.local/lib/python3.8/site-packages/airflow/example_dags/example_latest_only_with_trigger.py
[2025-10-15T07:59:33.731+0000] {processor.py:840} INFO - DAG(s) 'latest_only_with_trigger' retrieved from /home/airflow/.local/lib/python3.8/site-packages/airflow/example_dags/example_latest_only_with_trigger.py
[2025-10-15T07:59:33.749+0000] {logging_mixin.py:188} INFO - [2025-10-15T07:59:33.748+0000] {dag.py:3047} INFO - Sync 1 DAGs
[2025-10-15T07:59:33.767+0000] {logging_mixin.py:188} INFO - [2025-10-15T07:59:33.767+0000] {dag.py:3834} INFO - Setting next_dagrun for latest_only_with_trigger to 2025-10-15 00:00:00+00:00, run_after=2025-10-15 04:00:00+00:00
[2025-10-15T07:59:33.783+0000] {processor.py:183} INFO - Processing /home/airflow/.local/lib/python3.8/site-packages/airflow/example_dags/example_latest_only_with_trigger.py took 0.062 seconds
[2025-10-15T08:00:04.137+0000] {processor.py:161} INFO - Started process (PID=2294) to work on /home/airflow/.local/lib/python3.8/site-packages/airflow/example_dags/example_latest_only_with_trigger.py
[2025-10-15T08:00:04.138+0000] {processor.py:830} INFO - Processing file /home/airflow/.local/lib/python3.8/site-packages/airflow/example_dags/example_latest_only_with_trigger.py for tasks to queue
[2025-10-15T08:00:04.139+0000] {logging_mixin.py:188} INFO - [2025-10-15T08:00:04.139+0000] {dagbag.py:540} INFO - Filling up the DagBag from /home/airflow/.local/lib/python3.8/site-packages/airflow/example_dags/example_latest_only_with_trigger.py
[2025-10-15T08:00:04.145+0000] {processor.py:840} INFO - DAG(s) 'latest_only_with_trigger' retrieved from /home/airflow/.local/lib/python3.8/site-packages/airflow/example_dags/example_latest_only_with_trigger.py
[2025-10-15T08:00:04.164+0000] {logging_mixin.py:188} INFO - [2025-10-15T08:00:04.164+0000] {dag.py:3047} INFO - Sync 1 DAGs
[2025-10-15T08:00:04.187+0000] {logging_mixin.py:188} INFO - [2025-10-15T08:00:04.187+0000] {dag.py:3834} INFO - Setting next_dagrun for latest_only_with_trigger to 2025-10-15 04:00:00+00:00, run_after=2025-10-15 08:00:00+00:00
[2025-10-15T08:00:04.205+0000] {processor.py:183} INFO - Processing /home/airflow/.local/lib/python3.8/site-packages/airflow/example_dags/example_latest_only_with_trigger.py took 0.070 seconds
[2025-10-15T08:00:34.325+0000] {processor.py:161} INFO - Started process (PID=2355) to work on /home/airflow/.local/lib/python3.8/site-packages/airflow/example_dags/example_latest_only_with_trigger.py
[2025-10-15T08:00:34.326+0000] {processor.py:830} INFO - Processing file /home/airflow/.local/lib/python3.8/site-packages/airflow/example_dags/example_latest_only_with_trigger.py for tasks to queue
[2025-10-15T08:00:34.327+0000] {logging_mixin.py:188} INFO - [2025-10-15T08:00:34.327+0000] {dagbag.py:540} INFO - Filling up the DagBag from /home/airflow/.local/lib/python3.8/site-packages/airflow/example_dags/example_latest_only_with_trigger.py
[2025-10-15T08:00:34.333+0000] {processor.py:840} INFO - DAG(s) 'latest_only_with_trigger' retrieved from /home/airflow/.local/lib/python3.8/site-packages/airflow/example_dags/example_latest_only_with_trigger.py
[2025-10-15T08:00:34.350+0000] {logging_mixin.py:188} INFO - [2025-10-15T08:00:34.350+0000] {dag.py:3047} INFO - Sync 1 DAGs
[2025-10-15T08:00:34.369+0000] {logging_mixin.py:188} INFO - [2025-10-15T08:00:34.368+0000] {dag.py:3834} INFO - Setting next_dagrun for latest_only_with_trigger to 2025-10-15 04:00:00+00:00, run_after=2025-10-15 08:00:00+00:00
[2025-10-15T08:00:34.386+0000] {processor.py:183} INFO - Processing /home/airflow/.local/lib/python3.8/site-packages/airflow/example_dags/example_latest_only_with_trigger.py took 0.063 seconds
[2025-10-15T08:01:04.657+0000] {processor.py:161} INFO - Started process (PID=2419) to work on /home/airflow/.local/lib/python3.8/site-packages/airflow/example_dags/example_latest_only_with_trigger.py
[2025-10-15T08:01:04.658+0000] {processor.py:830} INFO - Processing file /home/airflow/.local/lib/python3.8/site-packages/airflow/example_dags/example_latest_only_with_trigger.py for tasks to queue
[2025-10-15T08:01:04.659+0000] {logging_mixin.py:188} INFO - [2025-10-15T08:01:04.658+0000] {dagbag.py:540} INFO - Filling up the DagBag from /home/airflow/.local/lib/python3.8/site-packages/airflow/example_dags/example_latest_only_with_trigger.py
[2025-10-15T08:01:04.664+0000] {processor.py:840} INFO - DAG(s) 'latest_only_with_trigger' retrieved from /home/airflow/.local/lib/python3.8/site-packages/airflow/example_dags/example_latest_only_with_trigger.py
[2025-10-15T08:01:04.681+0000] {logging_mixin.py:188} INFO - [2025-10-15T08:01:04.681+0000] {dag.py:3047} INFO - Sync 1 DAGs
[2025-10-15T08:01:04.701+0000] {logging_mixin.py:188} INFO - [2025-10-15T08:01:04.701+0000] {dag.py:3834} INFO - Setting next_dagrun for latest_only_with_trigger to 2025-10-15 04:00:00+00:00, run_after=2025-10-15 08:00:00+00:00
[2025-10-15T08:01:04.719+0000] {processor.py:183} INFO - Processing /home/airflow/.local/lib/python3.8/site-packages/airflow/example_dags/example_latest_only_with_trigger.py took 0.065 seconds
[2025-10-15T08:01:34.930+0000] {processor.py:161} INFO - Started process (PID=2480) to work on /home/airflow/.local/lib/python3.8/site-packages/airflow/example_dags/example_latest_only_with_trigger.py
[2025-10-15T08:01:34.931+0000] {processor.py:830} INFO - Processing file /home/airflow/.local/lib/python3.8/site-packages/airflow/example_dags/example_latest_only_with_trigger.py for tasks to queue
[2025-10-15T08:01:34.932+0000] {logging_mixin.py:188} INFO - [2025-10-15T08:01:34.932+0000] {dagbag.py:540} INFO - Filling up the DagBag from /home/airflow/.local/lib/python3.8/site-packages/airflow/example_dags/example_latest_only_with_trigger.py
[2025-10-15T08:01:34.937+0000] {processor.py:840} INFO - DAG(s) 'latest_only_with_trigger' retrieved from /home/airflow/.local/lib/python3.8/site-packages/airflow/example_dags/example_latest_only_with_trigger.py
[2025-10-15T08:01:34.957+0000] {logging_mixin.py:188} INFO - [2025-10-15T08:01:34.956+0000] {dag.py:3047} INFO - Sync 1 DAGs
[2025-10-15T08:01:34.977+0000] {logging_mixin.py:188} INFO - [2025-10-15T08:01:34.977+0000] {dag.py:3834} INFO - Setting next_dagrun for latest_only_with_trigger to 2025-10-15 04:00:00+00:00, run_after=2025-10-15 08:00:00+00:00
[2025-10-15T08:01:34.997+0000] {processor.py:183} INFO - Processing /home/airflow/.local/lib/python3.8/site-packages/airflow/example_dags/example_latest_only_with_trigger.py took 0.070 seconds
[2025-10-15T08:02:05.191+0000] {processor.py:161} INFO - Started process (PID=2540) to work on /home/airflow/.local/lib/python3.8/site-packages/airflow/example_dags/example_latest_only_with_trigger.py
[2025-10-15T08:02:05.192+0000] {processor.py:830} INFO - Processing file /home/airflow/.local/lib/python3.8/site-packages/airflow/example_dags/example_latest_only_with_trigger.py for tasks to queue
[2025-10-15T08:02:05.193+0000] {logging_mixin.py:188} INFO - [2025-10-15T08:02:05.193+0000] {dagbag.py:540} INFO - Filling up the DagBag from /home/airflow/.local/lib/python3.8/site-packages/airflow/example_dags/example_latest_only_with_trigger.py
[2025-10-15T08:02:05.198+0000] {processor.py:840} INFO - DAG(s) 'latest_only_with_trigger' retrieved from /home/airflow/.local/lib/python3.8/site-packages/airflow/example_dags/example_latest_only_with_trigger.py
[2025-10-15T08:02:05.217+0000] {logging_mixin.py:188} INFO - [2025-10-15T08:02:05.217+0000] {dag.py:3047} INFO - Sync 1 DAGs
[2025-10-15T08:02:05.238+0000] {logging_mixin.py:188} INFO - [2025-10-15T08:02:05.238+0000] {dag.py:3834} INFO - Setting next_dagrun for latest_only_with_trigger to 2025-10-15 04:00:00+00:00, run_after=2025-10-15 08:00:00+00:00
[2025-10-15T08:02:05.256+0000] {processor.py:183} INFO - Processing /home/airflow/.local/lib/python3.8/site-packages/airflow/example_dags/example_latest_only_with_trigger.py took 0.067 seconds
[2025-10-15T08:02:35.420+0000] {processor.py:161} INFO - Started process (PID=2603) to work on /home/airflow/.local/lib/python3.8/site-packages/airflow/example_dags/example_latest_only_with_trigger.py
[2025-10-15T08:02:35.421+0000] {processor.py:830} INFO - Processing file /home/airflow/.local/lib/python3.8/site-packages/airflow/example_dags/example_latest_only_with_trigger.py for tasks to queue
[2025-10-15T08:02:35.421+0000] {logging_mixin.py:188} INFO - [2025-10-15T08:02:35.421+0000] {dagbag.py:540} INFO - Filling up the DagBag from /home/airflow/.local/lib/python3.8/site-packages/airflow/example_dags/example_latest_only_with_trigger.py
[2025-10-15T08:02:35.427+0000] {processor.py:840} INFO - DAG(s) 'latest_only_with_trigger' retrieved from /home/airflow/.local/lib/python3.8/site-packages/airflow/example_dags/example_latest_only_with_trigger.py
[2025-10-15T08:02:35.444+0000] {logging_mixin.py:188} INFO - [2025-10-15T08:02:35.444+0000] {dag.py:3047} INFO - Sync 1 DAGs
[2025-10-15T08:02:35.463+0000] {logging_mixin.py:188} INFO - [2025-10-15T08:02:35.463+0000] {dag.py:3834} INFO - Setting next_dagrun for latest_only_with_trigger to 2025-10-15 04:00:00+00:00, run_after=2025-10-15 08:00:00+00:00
[2025-10-15T08:02:35.480+0000] {processor.py:183} INFO - Processing /home/airflow/.local/lib/python3.8/site-packages/airflow/example_dags/example_latest_only_with_trigger.py took 0.063 seconds
[2025-10-15T08:03:05.642+0000] {processor.py:161} INFO - Started process (PID=2663) to work on /home/airflow/.local/lib/python3.8/site-packages/airflow/example_dags/example_latest_only_with_trigger.py
[2025-10-15T08:03:05.643+0000] {processor.py:830} INFO - Processing file /home/airflow/.local/lib/python3.8/site-packages/airflow/example_dags/example_latest_only_with_trigger.py for tasks to queue
[2025-10-15T08:03:05.644+0000] {logging_mixin.py:188} INFO - [2025-10-15T08:03:05.644+0000] {dagbag.py:540} INFO - Filling up the DagBag from /home/airflow/.local/lib/python3.8/site-packages/airflow/example_dags/example_latest_only_with_trigger.py
[2025-10-15T08:03:05.649+0000] {processor.py:840} INFO - DAG(s) 'latest_only_with_trigger' retrieved from /home/airflow/.local/lib/python3.8/site-packages/airflow/example_dags/example_latest_only_with_trigger.py
[2025-10-15T08:03:05.668+0000] {logging_mixin.py:188} INFO - [2025-10-15T08:03:05.668+0000] {dag.py:3047} INFO - Sync 1 DAGs
[2025-10-15T08:03:05.688+0000] {logging_mixin.py:188} INFO - [2025-10-15T08:03:05.688+0000] {dag.py:3834} INFO - Setting next_dagrun for latest_only_with_trigger to 2025-10-15 04:00:00+00:00, run_after=2025-10-15 08:00:00+00:00
[2025-10-15T08:03:05.720+0000] {processor.py:183} INFO - Processing /home/airflow/.local/lib/python3.8/site-packages/airflow/example_dags/example_latest_only_with_trigger.py took 0.080 seconds
