[2025-10-15T07:41:43.252+0000] {processor.py:161} INFO - Started process (PID=113) to work on /home/airflow/.local/lib/python3.8/site-packages/airflow/example_dags/example_python_decorator.py
[2025-10-15T07:41:43.253+0000] {processor.py:830} INFO - Processing file /home/airflow/.local/lib/python3.8/site-packages/airflow/example_dags/example_python_decorator.py for tasks to queue
[2025-10-15T07:41:43.254+0000] {logging_mixin.py:188} INFO - [2025-10-15T07:41:43.254+0000] {dagbag.py:540} INFO - Filling up the DagBag from /home/airflow/.local/lib/python3.8/site-packages/airflow/example_dags/example_python_decorator.py
[2025-10-15T07:41:43.268+0000] {processor.py:840} INFO - DAG(s) 'example_python_decorator' retrieved from /home/airflow/.local/lib/python3.8/site-packages/airflow/example_dags/example_python_decorator.py
[2025-10-15T07:41:43.374+0000] {logging_mixin.py:188} INFO - [2025-10-15T07:41:43.373+0000] {dag.py:3047} INFO - Sync 1 DAGs
[2025-10-15T07:41:43.385+0000] {logging_mixin.py:188} INFO - [2025-10-15T07:41:43.385+0000] {dag.py:3834} INFO - Setting next_dagrun for example_python_decorator to None, run_after=None
[2025-10-15T07:41:43.409+0000] {processor.py:183} INFO - Processing /home/airflow/.local/lib/python3.8/site-packages/airflow/example_dags/example_python_decorator.py took 0.161 seconds
[2025-10-15T07:42:14.061+0000] {processor.py:161} INFO - Started process (PID=174) to work on /home/airflow/.local/lib/python3.8/site-packages/airflow/example_dags/example_python_decorator.py
[2025-10-15T07:42:14.062+0000] {processor.py:830} INFO - Processing file /home/airflow/.local/lib/python3.8/site-packages/airflow/example_dags/example_python_decorator.py for tasks to queue
[2025-10-15T07:42:14.063+0000] {logging_mixin.py:188} INFO - [2025-10-15T07:42:14.063+0000] {dagbag.py:540} INFO - Filling up the DagBag from /home/airflow/.local/lib/python3.8/site-packages/airflow/example_dags/example_python_decorator.py
[2025-10-15T07:42:14.075+0000] {processor.py:840} INFO - DAG(s) 'example_python_decorator' retrieved from /home/airflow/.local/lib/python3.8/site-packages/airflow/example_dags/example_python_decorator.py
[2025-10-15T07:42:14.093+0000] {logging_mixin.py:188} INFO - [2025-10-15T07:42:14.093+0000] {dag.py:3047} INFO - Sync 1 DAGs
[2025-10-15T07:42:14.104+0000] {logging_mixin.py:188} INFO - [2025-10-15T07:42:14.104+0000] {dag.py:3834} INFO - Setting next_dagrun for example_python_decorator to None, run_after=None
[2025-10-15T07:42:14.122+0000] {processor.py:183} INFO - Processing /home/airflow/.local/lib/python3.8/site-packages/airflow/example_dags/example_python_decorator.py took 0.064 seconds
[2025-10-15T07:42:44.502+0000] {processor.py:161} INFO - Started process (PID=234) to work on /home/airflow/.local/lib/python3.8/site-packages/airflow/example_dags/example_python_decorator.py
[2025-10-15T07:42:44.503+0000] {processor.py:830} INFO - Processing file /home/airflow/.local/lib/python3.8/site-packages/airflow/example_dags/example_python_decorator.py for tasks to queue
[2025-10-15T07:42:44.504+0000] {logging_mixin.py:188} INFO - [2025-10-15T07:42:44.504+0000] {dagbag.py:540} INFO - Filling up the DagBag from /home/airflow/.local/lib/python3.8/site-packages/airflow/example_dags/example_python_decorator.py
[2025-10-15T07:42:44.517+0000] {processor.py:840} INFO - DAG(s) 'example_python_decorator' retrieved from /home/airflow/.local/lib/python3.8/site-packages/airflow/example_dags/example_python_decorator.py
[2025-10-15T07:42:44.544+0000] {logging_mixin.py:188} INFO - [2025-10-15T07:42:44.544+0000] {dag.py:3047} INFO - Sync 1 DAGs
[2025-10-15T07:42:44.555+0000] {logging_mixin.py:188} INFO - [2025-10-15T07:42:44.555+0000] {dag.py:3834} INFO - Setting next_dagrun for example_python_decorator to None, run_after=None
[2025-10-15T07:42:44.573+0000] {processor.py:183} INFO - Processing /home/airflow/.local/lib/python3.8/site-packages/airflow/example_dags/example_python_decorator.py took 0.074 seconds
[2025-10-15T07:43:14.943+0000] {processor.py:161} INFO - Started process (PID=294) to work on /home/airflow/.local/lib/python3.8/site-packages/airflow/example_dags/example_python_decorator.py
[2025-10-15T07:43:14.945+0000] {processor.py:830} INFO - Processing file /home/airflow/.local/lib/python3.8/site-packages/airflow/example_dags/example_python_decorator.py for tasks to queue
[2025-10-15T07:43:14.947+0000] {logging_mixin.py:188} INFO - [2025-10-15T07:43:14.946+0000] {dagbag.py:540} INFO - Filling up the DagBag from /home/airflow/.local/lib/python3.8/site-packages/airflow/example_dags/example_python_decorator.py
[2025-10-15T07:43:14.961+0000] {processor.py:840} INFO - DAG(s) 'example_python_decorator' retrieved from /home/airflow/.local/lib/python3.8/site-packages/airflow/example_dags/example_python_decorator.py
[2025-10-15T07:43:14.984+0000] {logging_mixin.py:188} INFO - [2025-10-15T07:43:14.984+0000] {dag.py:3047} INFO - Sync 1 DAGs
[2025-10-15T07:43:14.998+0000] {logging_mixin.py:188} INFO - [2025-10-15T07:43:14.997+0000] {dag.py:3834} INFO - Setting next_dagrun for example_python_decorator to None, run_after=None
[2025-10-15T07:43:15.020+0000] {processor.py:183} INFO - Processing /home/airflow/.local/lib/python3.8/site-packages/airflow/example_dags/example_python_decorator.py took 0.080 seconds
[2025-10-15T07:43:45.206+0000] {processor.py:161} INFO - Started process (PID=354) to work on /home/airflow/.local/lib/python3.8/site-packages/airflow/example_dags/example_python_decorator.py
[2025-10-15T07:43:45.207+0000] {processor.py:830} INFO - Processing file /home/airflow/.local/lib/python3.8/site-packages/airflow/example_dags/example_python_decorator.py for tasks to queue
[2025-10-15T07:43:45.209+0000] {logging_mixin.py:188} INFO - [2025-10-15T07:43:45.209+0000] {dagbag.py:540} INFO - Filling up the DagBag from /home/airflow/.local/lib/python3.8/site-packages/airflow/example_dags/example_python_decorator.py
[2025-10-15T07:43:45.221+0000] {processor.py:840} INFO - DAG(s) 'example_python_decorator' retrieved from /home/airflow/.local/lib/python3.8/site-packages/airflow/example_dags/example_python_decorator.py
[2025-10-15T07:43:45.240+0000] {logging_mixin.py:188} INFO - [2025-10-15T07:43:45.240+0000] {dag.py:3047} INFO - Sync 1 DAGs
[2025-10-15T07:43:45.251+0000] {logging_mixin.py:188} INFO - [2025-10-15T07:43:45.251+0000] {dag.py:3834} INFO - Setting next_dagrun for example_python_decorator to None, run_after=None
[2025-10-15T07:43:45.273+0000] {processor.py:183} INFO - Processing /home/airflow/.local/lib/python3.8/site-packages/airflow/example_dags/example_python_decorator.py took 0.069 seconds
[2025-10-15T07:44:15.779+0000] {processor.py:161} INFO - Started process (PID=414) to work on /home/airflow/.local/lib/python3.8/site-packages/airflow/example_dags/example_python_decorator.py
[2025-10-15T07:44:15.780+0000] {processor.py:830} INFO - Processing file /home/airflow/.local/lib/python3.8/site-packages/airflow/example_dags/example_python_decorator.py for tasks to queue
[2025-10-15T07:44:15.782+0000] {logging_mixin.py:188} INFO - [2025-10-15T07:44:15.781+0000] {dagbag.py:540} INFO - Filling up the DagBag from /home/airflow/.local/lib/python3.8/site-packages/airflow/example_dags/example_python_decorator.py
[2025-10-15T07:44:15.793+0000] {processor.py:840} INFO - DAG(s) 'example_python_decorator' retrieved from /home/airflow/.local/lib/python3.8/site-packages/airflow/example_dags/example_python_decorator.py
[2025-10-15T07:44:15.810+0000] {logging_mixin.py:188} INFO - [2025-10-15T07:44:15.810+0000] {dag.py:3047} INFO - Sync 1 DAGs
[2025-10-15T07:44:15.821+0000] {logging_mixin.py:188} INFO - [2025-10-15T07:44:15.820+0000] {dag.py:3834} INFO - Setting next_dagrun for example_python_decorator to None, run_after=None
[2025-10-15T07:44:15.838+0000] {processor.py:183} INFO - Processing /home/airflow/.local/lib/python3.8/site-packages/airflow/example_dags/example_python_decorator.py took 0.062 seconds
[2025-10-15T07:44:45.923+0000] {processor.py:161} INFO - Started process (PID=474) to work on /home/airflow/.local/lib/python3.8/site-packages/airflow/example_dags/example_python_decorator.py
[2025-10-15T07:44:45.924+0000] {processor.py:830} INFO - Processing file /home/airflow/.local/lib/python3.8/site-packages/airflow/example_dags/example_python_decorator.py for tasks to queue
[2025-10-15T07:44:45.926+0000] {logging_mixin.py:188} INFO - [2025-10-15T07:44:45.925+0000] {dagbag.py:540} INFO - Filling up the DagBag from /home/airflow/.local/lib/python3.8/site-packages/airflow/example_dags/example_python_decorator.py
[2025-10-15T07:44:45.937+0000] {processor.py:840} INFO - DAG(s) 'example_python_decorator' retrieved from /home/airflow/.local/lib/python3.8/site-packages/airflow/example_dags/example_python_decorator.py
[2025-10-15T07:44:45.954+0000] {logging_mixin.py:188} INFO - [2025-10-15T07:44:45.954+0000] {dag.py:3047} INFO - Sync 1 DAGs
[2025-10-15T07:44:45.965+0000] {logging_mixin.py:188} INFO - [2025-10-15T07:44:45.965+0000] {dag.py:3834} INFO - Setting next_dagrun for example_python_decorator to None, run_after=None
[2025-10-15T07:44:45.982+0000] {processor.py:183} INFO - Processing /home/airflow/.local/lib/python3.8/site-packages/airflow/example_dags/example_python_decorator.py took 0.061 seconds
[2025-10-15T07:45:16.273+0000] {processor.py:161} INFO - Started process (PID=535) to work on /home/airflow/.local/lib/python3.8/site-packages/airflow/example_dags/example_python_decorator.py
[2025-10-15T07:45:16.274+0000] {processor.py:830} INFO - Processing file /home/airflow/.local/lib/python3.8/site-packages/airflow/example_dags/example_python_decorator.py for tasks to queue
[2025-10-15T07:45:16.276+0000] {logging_mixin.py:188} INFO - [2025-10-15T07:45:16.276+0000] {dagbag.py:540} INFO - Filling up the DagBag from /home/airflow/.local/lib/python3.8/site-packages/airflow/example_dags/example_python_decorator.py
[2025-10-15T07:45:16.289+0000] {processor.py:840} INFO - DAG(s) 'example_python_decorator' retrieved from /home/airflow/.local/lib/python3.8/site-packages/airflow/example_dags/example_python_decorator.py
[2025-10-15T07:45:16.309+0000] {logging_mixin.py:188} INFO - [2025-10-15T07:45:16.308+0000] {dag.py:3047} INFO - Sync 1 DAGs
[2025-10-15T07:45:16.321+0000] {logging_mixin.py:188} INFO - [2025-10-15T07:45:16.320+0000] {dag.py:3834} INFO - Setting next_dagrun for example_python_decorator to None, run_after=None
[2025-10-15T07:45:16.338+0000] {processor.py:183} INFO - Processing /home/airflow/.local/lib/python3.8/site-packages/airflow/example_dags/example_python_decorator.py took 0.067 seconds
[2025-10-15T07:45:46.608+0000] {processor.py:161} INFO - Started process (PID=595) to work on /home/airflow/.local/lib/python3.8/site-packages/airflow/example_dags/example_python_decorator.py
[2025-10-15T07:45:46.609+0000] {processor.py:830} INFO - Processing file /home/airflow/.local/lib/python3.8/site-packages/airflow/example_dags/example_python_decorator.py for tasks to queue
[2025-10-15T07:45:46.611+0000] {logging_mixin.py:188} INFO - [2025-10-15T07:45:46.610+0000] {dagbag.py:540} INFO - Filling up the DagBag from /home/airflow/.local/lib/python3.8/site-packages/airflow/example_dags/example_python_decorator.py
[2025-10-15T07:45:46.623+0000] {processor.py:840} INFO - DAG(s) 'example_python_decorator' retrieved from /home/airflow/.local/lib/python3.8/site-packages/airflow/example_dags/example_python_decorator.py
[2025-10-15T07:45:46.640+0000] {logging_mixin.py:188} INFO - [2025-10-15T07:45:46.640+0000] {dag.py:3047} INFO - Sync 1 DAGs
[2025-10-15T07:45:46.651+0000] {logging_mixin.py:188} INFO - [2025-10-15T07:45:46.651+0000] {dag.py:3834} INFO - Setting next_dagrun for example_python_decorator to None, run_after=None
[2025-10-15T07:45:46.668+0000] {processor.py:183} INFO - Processing /home/airflow/.local/lib/python3.8/site-packages/airflow/example_dags/example_python_decorator.py took 0.063 seconds
[2025-10-15T07:46:17.360+0000] {processor.py:161} INFO - Started process (PID=655) to work on /home/airflow/.local/lib/python3.8/site-packages/airflow/example_dags/example_python_decorator.py
[2025-10-15T07:46:17.361+0000] {processor.py:830} INFO - Processing file /home/airflow/.local/lib/python3.8/site-packages/airflow/example_dags/example_python_decorator.py for tasks to queue
[2025-10-15T07:46:17.363+0000] {logging_mixin.py:188} INFO - [2025-10-15T07:46:17.363+0000] {dagbag.py:540} INFO - Filling up the DagBag from /home/airflow/.local/lib/python3.8/site-packages/airflow/example_dags/example_python_decorator.py
[2025-10-15T07:46:17.375+0000] {processor.py:840} INFO - DAG(s) 'example_python_decorator' retrieved from /home/airflow/.local/lib/python3.8/site-packages/airflow/example_dags/example_python_decorator.py
[2025-10-15T07:46:17.394+0000] {logging_mixin.py:188} INFO - [2025-10-15T07:46:17.394+0000] {dag.py:3047} INFO - Sync 1 DAGs
[2025-10-15T07:46:17.406+0000] {logging_mixin.py:188} INFO - [2025-10-15T07:46:17.406+0000] {dag.py:3834} INFO - Setting next_dagrun for example_python_decorator to None, run_after=None
[2025-10-15T07:46:17.426+0000] {processor.py:183} INFO - Processing /home/airflow/.local/lib/python3.8/site-packages/airflow/example_dags/example_python_decorator.py took 0.068 seconds
[2025-10-15T07:46:48.078+0000] {processor.py:161} INFO - Started process (PID=715) to work on /home/airflow/.local/lib/python3.8/site-packages/airflow/example_dags/example_python_decorator.py
[2025-10-15T07:46:48.079+0000] {processor.py:830} INFO - Processing file /home/airflow/.local/lib/python3.8/site-packages/airflow/example_dags/example_python_decorator.py for tasks to queue
[2025-10-15T07:46:48.080+0000] {logging_mixin.py:188} INFO - [2025-10-15T07:46:48.080+0000] {dagbag.py:540} INFO - Filling up the DagBag from /home/airflow/.local/lib/python3.8/site-packages/airflow/example_dags/example_python_decorator.py
[2025-10-15T07:46:48.091+0000] {processor.py:840} INFO - DAG(s) 'example_python_decorator' retrieved from /home/airflow/.local/lib/python3.8/site-packages/airflow/example_dags/example_python_decorator.py
[2025-10-15T07:46:48.110+0000] {logging_mixin.py:188} INFO - [2025-10-15T07:46:48.110+0000] {dag.py:3047} INFO - Sync 1 DAGs
[2025-10-15T07:46:48.120+0000] {logging_mixin.py:188} INFO - [2025-10-15T07:46:48.120+0000] {dag.py:3834} INFO - Setting next_dagrun for example_python_decorator to None, run_after=None
[2025-10-15T07:46:48.136+0000] {processor.py:183} INFO - Processing /home/airflow/.local/lib/python3.8/site-packages/airflow/example_dags/example_python_decorator.py took 0.061 seconds
[2025-10-15T07:47:18.938+0000] {processor.py:161} INFO - Started process (PID=775) to work on /home/airflow/.local/lib/python3.8/site-packages/airflow/example_dags/example_python_decorator.py
[2025-10-15T07:47:18.939+0000] {processor.py:830} INFO - Processing file /home/airflow/.local/lib/python3.8/site-packages/airflow/example_dags/example_python_decorator.py for tasks to queue
[2025-10-15T07:47:18.941+0000] {logging_mixin.py:188} INFO - [2025-10-15T07:47:18.941+0000] {dagbag.py:540} INFO - Filling up the DagBag from /home/airflow/.local/lib/python3.8/site-packages/airflow/example_dags/example_python_decorator.py
[2025-10-15T07:47:18.952+0000] {processor.py:840} INFO - DAG(s) 'example_python_decorator' retrieved from /home/airflow/.local/lib/python3.8/site-packages/airflow/example_dags/example_python_decorator.py
[2025-10-15T07:47:18.971+0000] {logging_mixin.py:188} INFO - [2025-10-15T07:47:18.970+0000] {dag.py:3047} INFO - Sync 1 DAGs
[2025-10-15T07:47:18.982+0000] {logging_mixin.py:188} INFO - [2025-10-15T07:47:18.981+0000] {dag.py:3834} INFO - Setting next_dagrun for example_python_decorator to None, run_after=None
[2025-10-15T07:47:18.998+0000] {processor.py:183} INFO - Processing /home/airflow/.local/lib/python3.8/site-packages/airflow/example_dags/example_python_decorator.py took 0.062 seconds
[2025-10-15T07:47:49.201+0000] {processor.py:161} INFO - Started process (PID=835) to work on /home/airflow/.local/lib/python3.8/site-packages/airflow/example_dags/example_python_decorator.py
[2025-10-15T07:47:49.202+0000] {processor.py:830} INFO - Processing file /home/airflow/.local/lib/python3.8/site-packages/airflow/example_dags/example_python_decorator.py for tasks to queue
[2025-10-15T07:47:49.203+0000] {logging_mixin.py:188} INFO - [2025-10-15T07:47:49.203+0000] {dagbag.py:540} INFO - Filling up the DagBag from /home/airflow/.local/lib/python3.8/site-packages/airflow/example_dags/example_python_decorator.py
[2025-10-15T07:47:49.215+0000] {processor.py:840} INFO - DAG(s) 'example_python_decorator' retrieved from /home/airflow/.local/lib/python3.8/site-packages/airflow/example_dags/example_python_decorator.py
[2025-10-15T07:47:49.233+0000] {logging_mixin.py:188} INFO - [2025-10-15T07:47:49.233+0000] {dag.py:3047} INFO - Sync 1 DAGs
[2025-10-15T07:47:49.244+0000] {logging_mixin.py:188} INFO - [2025-10-15T07:47:49.244+0000] {dag.py:3834} INFO - Setting next_dagrun for example_python_decorator to None, run_after=None
[2025-10-15T07:47:49.261+0000] {processor.py:183} INFO - Processing /home/airflow/.local/lib/python3.8/site-packages/airflow/example_dags/example_python_decorator.py took 0.062 seconds
[2025-10-15T07:48:19.603+0000] {processor.py:161} INFO - Started process (PID=895) to work on /home/airflow/.local/lib/python3.8/site-packages/airflow/example_dags/example_python_decorator.py
[2025-10-15T07:48:19.605+0000] {processor.py:830} INFO - Processing file /home/airflow/.local/lib/python3.8/site-packages/airflow/example_dags/example_python_decorator.py for tasks to queue
[2025-10-15T07:48:19.609+0000] {logging_mixin.py:188} INFO - [2025-10-15T07:48:19.609+0000] {dagbag.py:540} INFO - Filling up the DagBag from /home/airflow/.local/lib/python3.8/site-packages/airflow/example_dags/example_python_decorator.py
[2025-10-15T07:48:19.622+0000] {processor.py:840} INFO - DAG(s) 'example_python_decorator' retrieved from /home/airflow/.local/lib/python3.8/site-packages/airflow/example_dags/example_python_decorator.py
[2025-10-15T07:48:19.642+0000] {logging_mixin.py:188} INFO - [2025-10-15T07:48:19.641+0000] {dag.py:3047} INFO - Sync 1 DAGs
[2025-10-15T07:48:19.654+0000] {logging_mixin.py:188} INFO - [2025-10-15T07:48:19.654+0000] {dag.py:3834} INFO - Setting next_dagrun for example_python_decorator to None, run_after=None
[2025-10-15T07:48:19.673+0000] {processor.py:183} INFO - Processing /home/airflow/.local/lib/python3.8/site-packages/airflow/example_dags/example_python_decorator.py took 0.073 seconds
[2025-10-15T07:48:49.727+0000] {processor.py:161} INFO - Started process (PID=955) to work on /home/airflow/.local/lib/python3.8/site-packages/airflow/example_dags/example_python_decorator.py
[2025-10-15T07:48:49.728+0000] {processor.py:830} INFO - Processing file /home/airflow/.local/lib/python3.8/site-packages/airflow/example_dags/example_python_decorator.py for tasks to queue
[2025-10-15T07:48:49.729+0000] {logging_mixin.py:188} INFO - [2025-10-15T07:48:49.729+0000] {dagbag.py:540} INFO - Filling up the DagBag from /home/airflow/.local/lib/python3.8/site-packages/airflow/example_dags/example_python_decorator.py
[2025-10-15T07:48:49.741+0000] {processor.py:840} INFO - DAG(s) 'example_python_decorator' retrieved from /home/airflow/.local/lib/python3.8/site-packages/airflow/example_dags/example_python_decorator.py
[2025-10-15T07:48:49.762+0000] {logging_mixin.py:188} INFO - [2025-10-15T07:48:49.761+0000] {dag.py:3047} INFO - Sync 1 DAGs
[2025-10-15T07:48:49.773+0000] {logging_mixin.py:188} INFO - [2025-10-15T07:48:49.772+0000] {dag.py:3834} INFO - Setting next_dagrun for example_python_decorator to None, run_after=None
[2025-10-15T07:48:49.790+0000] {processor.py:183} INFO - Processing /home/airflow/.local/lib/python3.8/site-packages/airflow/example_dags/example_python_decorator.py took 0.065 seconds
[2025-10-15T07:49:20.272+0000] {processor.py:161} INFO - Started process (PID=1016) to work on /home/airflow/.local/lib/python3.8/site-packages/airflow/example_dags/example_python_decorator.py
[2025-10-15T07:49:20.273+0000] {processor.py:830} INFO - Processing file /home/airflow/.local/lib/python3.8/site-packages/airflow/example_dags/example_python_decorator.py for tasks to queue
[2025-10-15T07:49:20.275+0000] {logging_mixin.py:188} INFO - [2025-10-15T07:49:20.275+0000] {dagbag.py:540} INFO - Filling up the DagBag from /home/airflow/.local/lib/python3.8/site-packages/airflow/example_dags/example_python_decorator.py
[2025-10-15T07:49:20.304+0000] {processor.py:840} INFO - DAG(s) 'example_python_decorator' retrieved from /home/airflow/.local/lib/python3.8/site-packages/airflow/example_dags/example_python_decorator.py
[2025-10-15T07:49:20.336+0000] {logging_mixin.py:188} INFO - [2025-10-15T07:49:20.336+0000] {dag.py:3047} INFO - Sync 1 DAGs
[2025-10-15T07:49:20.364+0000] {logging_mixin.py:188} INFO - [2025-10-15T07:49:20.363+0000] {dag.py:3834} INFO - Setting next_dagrun for example_python_decorator to None, run_after=None
[2025-10-15T07:49:20.403+0000] {processor.py:183} INFO - Processing /home/airflow/.local/lib/python3.8/site-packages/airflow/example_dags/example_python_decorator.py took 0.135 seconds
[2025-10-15T07:49:51.331+0000] {processor.py:161} INFO - Started process (PID=1076) to work on /home/airflow/.local/lib/python3.8/site-packages/airflow/example_dags/example_python_decorator.py
[2025-10-15T07:49:51.332+0000] {processor.py:830} INFO - Processing file /home/airflow/.local/lib/python3.8/site-packages/airflow/example_dags/example_python_decorator.py for tasks to queue
[2025-10-15T07:49:51.333+0000] {logging_mixin.py:188} INFO - [2025-10-15T07:49:51.333+0000] {dagbag.py:540} INFO - Filling up the DagBag from /home/airflow/.local/lib/python3.8/site-packages/airflow/example_dags/example_python_decorator.py
[2025-10-15T07:49:51.344+0000] {processor.py:840} INFO - DAG(s) 'example_python_decorator' retrieved from /home/airflow/.local/lib/python3.8/site-packages/airflow/example_dags/example_python_decorator.py
[2025-10-15T07:49:51.362+0000] {logging_mixin.py:188} INFO - [2025-10-15T07:49:51.362+0000] {dag.py:3047} INFO - Sync 1 DAGs
[2025-10-15T07:49:51.372+0000] {logging_mixin.py:188} INFO - [2025-10-15T07:49:51.372+0000] {dag.py:3834} INFO - Setting next_dagrun for example_python_decorator to None, run_after=None
[2025-10-15T07:49:51.389+0000] {processor.py:183} INFO - Processing /home/airflow/.local/lib/python3.8/site-packages/airflow/example_dags/example_python_decorator.py took 0.061 seconds
[2025-10-15T07:50:22.059+0000] {processor.py:161} INFO - Started process (PID=1137) to work on /home/airflow/.local/lib/python3.8/site-packages/airflow/example_dags/example_python_decorator.py
[2025-10-15T07:50:22.059+0000] {processor.py:830} INFO - Processing file /home/airflow/.local/lib/python3.8/site-packages/airflow/example_dags/example_python_decorator.py for tasks to queue
[2025-10-15T07:50:22.061+0000] {logging_mixin.py:188} INFO - [2025-10-15T07:50:22.061+0000] {dagbag.py:540} INFO - Filling up the DagBag from /home/airflow/.local/lib/python3.8/site-packages/airflow/example_dags/example_python_decorator.py
[2025-10-15T07:50:22.073+0000] {processor.py:840} INFO - DAG(s) 'example_python_decorator' retrieved from /home/airflow/.local/lib/python3.8/site-packages/airflow/example_dags/example_python_decorator.py
[2025-10-15T07:50:22.094+0000] {logging_mixin.py:188} INFO - [2025-10-15T07:50:22.094+0000] {dag.py:3047} INFO - Sync 1 DAGs
[2025-10-15T07:50:22.109+0000] {logging_mixin.py:188} INFO - [2025-10-15T07:50:22.109+0000] {dag.py:3834} INFO - Setting next_dagrun for example_python_decorator to None, run_after=None
[2025-10-15T07:50:22.131+0000] {processor.py:183} INFO - Processing /home/airflow/.local/lib/python3.8/site-packages/airflow/example_dags/example_python_decorator.py took 0.075 seconds
[2025-10-15T07:50:52.978+0000] {processor.py:161} INFO - Started process (PID=1200) to work on /home/airflow/.local/lib/python3.8/site-packages/airflow/example_dags/example_python_decorator.py
[2025-10-15T07:50:52.978+0000] {processor.py:830} INFO - Processing file /home/airflow/.local/lib/python3.8/site-packages/airflow/example_dags/example_python_decorator.py for tasks to queue
[2025-10-15T07:50:52.980+0000] {logging_mixin.py:188} INFO - [2025-10-15T07:50:52.980+0000] {dagbag.py:540} INFO - Filling up the DagBag from /home/airflow/.local/lib/python3.8/site-packages/airflow/example_dags/example_python_decorator.py
[2025-10-15T07:50:52.996+0000] {processor.py:840} INFO - DAG(s) 'example_python_decorator' retrieved from /home/airflow/.local/lib/python3.8/site-packages/airflow/example_dags/example_python_decorator.py
[2025-10-15T07:50:53.019+0000] {logging_mixin.py:188} INFO - [2025-10-15T07:50:53.019+0000] {dag.py:3047} INFO - Sync 1 DAGs
[2025-10-15T07:50:53.032+0000] {logging_mixin.py:188} INFO - [2025-10-15T07:50:53.032+0000] {dag.py:3834} INFO - Setting next_dagrun for example_python_decorator to None, run_after=None
[2025-10-15T07:50:53.053+0000] {processor.py:183} INFO - Processing /home/airflow/.local/lib/python3.8/site-packages/airflow/example_dags/example_python_decorator.py took 0.078 seconds
[2025-10-15T07:51:23.334+0000] {processor.py:161} INFO - Started process (PID=1261) to work on /home/airflow/.local/lib/python3.8/site-packages/airflow/example_dags/example_python_decorator.py
[2025-10-15T07:51:23.335+0000] {processor.py:830} INFO - Processing file /home/airflow/.local/lib/python3.8/site-packages/airflow/example_dags/example_python_decorator.py for tasks to queue
[2025-10-15T07:51:23.336+0000] {logging_mixin.py:188} INFO - [2025-10-15T07:51:23.336+0000] {dagbag.py:540} INFO - Filling up the DagBag from /home/airflow/.local/lib/python3.8/site-packages/airflow/example_dags/example_python_decorator.py
[2025-10-15T07:51:23.348+0000] {processor.py:840} INFO - DAG(s) 'example_python_decorator' retrieved from /home/airflow/.local/lib/python3.8/site-packages/airflow/example_dags/example_python_decorator.py
[2025-10-15T07:51:23.366+0000] {logging_mixin.py:188} INFO - [2025-10-15T07:51:23.366+0000] {dag.py:3047} INFO - Sync 1 DAGs
[2025-10-15T07:51:23.377+0000] {logging_mixin.py:188} INFO - [2025-10-15T07:51:23.377+0000] {dag.py:3834} INFO - Setting next_dagrun for example_python_decorator to None, run_after=None
[2025-10-15T07:51:23.394+0000] {processor.py:183} INFO - Processing /home/airflow/.local/lib/python3.8/site-packages/airflow/example_dags/example_python_decorator.py took 0.063 seconds
[2025-10-15T07:51:53.813+0000] {processor.py:161} INFO - Started process (PID=1322) to work on /home/airflow/.local/lib/python3.8/site-packages/airflow/example_dags/example_python_decorator.py
[2025-10-15T07:51:53.814+0000] {processor.py:830} INFO - Processing file /home/airflow/.local/lib/python3.8/site-packages/airflow/example_dags/example_python_decorator.py for tasks to queue
[2025-10-15T07:51:53.816+0000] {logging_mixin.py:188} INFO - [2025-10-15T07:51:53.816+0000] {dagbag.py:540} INFO - Filling up the DagBag from /home/airflow/.local/lib/python3.8/site-packages/airflow/example_dags/example_python_decorator.py
[2025-10-15T07:51:53.827+0000] {processor.py:840} INFO - DAG(s) 'example_python_decorator' retrieved from /home/airflow/.local/lib/python3.8/site-packages/airflow/example_dags/example_python_decorator.py
[2025-10-15T07:51:53.847+0000] {logging_mixin.py:188} INFO - [2025-10-15T07:51:53.846+0000] {dag.py:3047} INFO - Sync 1 DAGs
[2025-10-15T07:51:53.858+0000] {logging_mixin.py:188} INFO - [2025-10-15T07:51:53.857+0000] {dag.py:3834} INFO - Setting next_dagrun for example_python_decorator to None, run_after=None
[2025-10-15T07:51:53.875+0000] {processor.py:183} INFO - Processing /home/airflow/.local/lib/python3.8/site-packages/airflow/example_dags/example_python_decorator.py took 0.064 seconds
[2025-10-15T07:52:24.015+0000] {processor.py:161} INFO - Started process (PID=1384) to work on /home/airflow/.local/lib/python3.8/site-packages/airflow/example_dags/example_python_decorator.py
[2025-10-15T07:52:24.016+0000] {processor.py:830} INFO - Processing file /home/airflow/.local/lib/python3.8/site-packages/airflow/example_dags/example_python_decorator.py for tasks to queue
[2025-10-15T07:52:24.018+0000] {logging_mixin.py:188} INFO - [2025-10-15T07:52:24.018+0000] {dagbag.py:540} INFO - Filling up the DagBag from /home/airflow/.local/lib/python3.8/site-packages/airflow/example_dags/example_python_decorator.py
[2025-10-15T07:52:24.031+0000] {processor.py:840} INFO - DAG(s) 'example_python_decorator' retrieved from /home/airflow/.local/lib/python3.8/site-packages/airflow/example_dags/example_python_decorator.py
[2025-10-15T07:52:24.050+0000] {logging_mixin.py:188} INFO - [2025-10-15T07:52:24.050+0000] {dag.py:3047} INFO - Sync 1 DAGs
[2025-10-15T07:52:24.061+0000] {logging_mixin.py:188} INFO - [2025-10-15T07:52:24.061+0000] {dag.py:3834} INFO - Setting next_dagrun for example_python_decorator to None, run_after=None
[2025-10-15T07:52:24.078+0000] {processor.py:183} INFO - Processing /home/airflow/.local/lib/python3.8/site-packages/airflow/example_dags/example_python_decorator.py took 0.066 seconds
[2025-10-15T07:52:55.078+0000] {processor.py:161} INFO - Started process (PID=1446) to work on /home/airflow/.local/lib/python3.8/site-packages/airflow/example_dags/example_python_decorator.py
[2025-10-15T07:52:55.079+0000] {processor.py:830} INFO - Processing file /home/airflow/.local/lib/python3.8/site-packages/airflow/example_dags/example_python_decorator.py for tasks to queue
[2025-10-15T07:52:55.081+0000] {logging_mixin.py:188} INFO - [2025-10-15T07:52:55.081+0000] {dagbag.py:540} INFO - Filling up the DagBag from /home/airflow/.local/lib/python3.8/site-packages/airflow/example_dags/example_python_decorator.py
[2025-10-15T07:52:55.094+0000] {processor.py:840} INFO - DAG(s) 'example_python_decorator' retrieved from /home/airflow/.local/lib/python3.8/site-packages/airflow/example_dags/example_python_decorator.py
[2025-10-15T07:52:55.113+0000] {logging_mixin.py:188} INFO - [2025-10-15T07:52:55.113+0000] {dag.py:3047} INFO - Sync 1 DAGs
[2025-10-15T07:52:55.126+0000] {logging_mixin.py:188} INFO - [2025-10-15T07:52:55.126+0000] {dag.py:3834} INFO - Setting next_dagrun for example_python_decorator to None, run_after=None
[2025-10-15T07:52:55.144+0000] {processor.py:183} INFO - Processing /home/airflow/.local/lib/python3.8/site-packages/airflow/example_dags/example_python_decorator.py took 0.068 seconds
[2025-10-15T07:53:25.170+0000] {processor.py:161} INFO - Started process (PID=1505) to work on /home/airflow/.local/lib/python3.8/site-packages/airflow/example_dags/example_python_decorator.py
[2025-10-15T07:53:25.171+0000] {processor.py:830} INFO - Processing file /home/airflow/.local/lib/python3.8/site-packages/airflow/example_dags/example_python_decorator.py for tasks to queue
[2025-10-15T07:53:25.173+0000] {logging_mixin.py:188} INFO - [2025-10-15T07:53:25.172+0000] {dagbag.py:540} INFO - Filling up the DagBag from /home/airflow/.local/lib/python3.8/site-packages/airflow/example_dags/example_python_decorator.py
[2025-10-15T07:53:25.184+0000] {processor.py:840} INFO - DAG(s) 'example_python_decorator' retrieved from /home/airflow/.local/lib/python3.8/site-packages/airflow/example_dags/example_python_decorator.py
[2025-10-15T07:53:25.201+0000] {logging_mixin.py:188} INFO - [2025-10-15T07:53:25.201+0000] {dag.py:3047} INFO - Sync 1 DAGs
[2025-10-15T07:53:25.211+0000] {logging_mixin.py:188} INFO - [2025-10-15T07:53:25.211+0000] {dag.py:3834} INFO - Setting next_dagrun for example_python_decorator to None, run_after=None
[2025-10-15T07:53:25.232+0000] {processor.py:183} INFO - Processing /home/airflow/.local/lib/python3.8/site-packages/airflow/example_dags/example_python_decorator.py took 0.064 seconds
[2025-10-15T07:53:55.779+0000] {processor.py:161} INFO - Started process (PID=1567) to work on /home/airflow/.local/lib/python3.8/site-packages/airflow/example_dags/example_python_decorator.py
[2025-10-15T07:53:55.780+0000] {processor.py:830} INFO - Processing file /home/airflow/.local/lib/python3.8/site-packages/airflow/example_dags/example_python_decorator.py for tasks to queue
[2025-10-15T07:53:55.781+0000] {logging_mixin.py:188} INFO - [2025-10-15T07:53:55.781+0000] {dagbag.py:540} INFO - Filling up the DagBag from /home/airflow/.local/lib/python3.8/site-packages/airflow/example_dags/example_python_decorator.py
[2025-10-15T07:53:55.793+0000] {processor.py:840} INFO - DAG(s) 'example_python_decorator' retrieved from /home/airflow/.local/lib/python3.8/site-packages/airflow/example_dags/example_python_decorator.py
[2025-10-15T07:53:55.811+0000] {logging_mixin.py:188} INFO - [2025-10-15T07:53:55.810+0000] {dag.py:3047} INFO - Sync 1 DAGs
[2025-10-15T07:53:55.821+0000] {logging_mixin.py:188} INFO - [2025-10-15T07:53:55.820+0000] {dag.py:3834} INFO - Setting next_dagrun for example_python_decorator to None, run_after=None
[2025-10-15T07:53:55.836+0000] {processor.py:183} INFO - Processing /home/airflow/.local/lib/python3.8/site-packages/airflow/example_dags/example_python_decorator.py took 0.060 seconds
[2025-10-15T07:54:25.911+0000] {processor.py:161} INFO - Started process (PID=1627) to work on /home/airflow/.local/lib/python3.8/site-packages/airflow/example_dags/example_python_decorator.py
[2025-10-15T07:54:25.911+0000] {processor.py:830} INFO - Processing file /home/airflow/.local/lib/python3.8/site-packages/airflow/example_dags/example_python_decorator.py for tasks to queue
[2025-10-15T07:54:25.913+0000] {logging_mixin.py:188} INFO - [2025-10-15T07:54:25.913+0000] {dagbag.py:540} INFO - Filling up the DagBag from /home/airflow/.local/lib/python3.8/site-packages/airflow/example_dags/example_python_decorator.py
[2025-10-15T07:54:25.927+0000] {processor.py:840} INFO - DAG(s) 'example_python_decorator' retrieved from /home/airflow/.local/lib/python3.8/site-packages/airflow/example_dags/example_python_decorator.py
[2025-10-15T07:54:25.946+0000] {logging_mixin.py:188} INFO - [2025-10-15T07:54:25.946+0000] {dag.py:3047} INFO - Sync 1 DAGs
[2025-10-15T07:54:25.958+0000] {logging_mixin.py:188} INFO - [2025-10-15T07:54:25.957+0000] {dag.py:3834} INFO - Setting next_dagrun for example_python_decorator to None, run_after=None
[2025-10-15T07:54:25.978+0000] {processor.py:183} INFO - Processing /home/airflow/.local/lib/python3.8/site-packages/airflow/example_dags/example_python_decorator.py took 0.070 seconds
[2025-10-15T07:54:56.358+0000] {processor.py:161} INFO - Started process (PID=1687) to work on /home/airflow/.local/lib/python3.8/site-packages/airflow/example_dags/example_python_decorator.py
[2025-10-15T07:54:56.359+0000] {processor.py:830} INFO - Processing file /home/airflow/.local/lib/python3.8/site-packages/airflow/example_dags/example_python_decorator.py for tasks to queue
[2025-10-15T07:54:56.360+0000] {logging_mixin.py:188} INFO - [2025-10-15T07:54:56.360+0000] {dagbag.py:540} INFO - Filling up the DagBag from /home/airflow/.local/lib/python3.8/site-packages/airflow/example_dags/example_python_decorator.py
[2025-10-15T07:54:56.371+0000] {processor.py:840} INFO - DAG(s) 'example_python_decorator' retrieved from /home/airflow/.local/lib/python3.8/site-packages/airflow/example_dags/example_python_decorator.py
[2025-10-15T07:54:56.389+0000] {logging_mixin.py:188} INFO - [2025-10-15T07:54:56.389+0000] {dag.py:3047} INFO - Sync 1 DAGs
[2025-10-15T07:54:56.399+0000] {logging_mixin.py:188} INFO - [2025-10-15T07:54:56.399+0000] {dag.py:3834} INFO - Setting next_dagrun for example_python_decorator to None, run_after=None
[2025-10-15T07:54:56.418+0000] {processor.py:183} INFO - Processing /home/airflow/.local/lib/python3.8/site-packages/airflow/example_dags/example_python_decorator.py took 0.062 seconds
[2025-10-15T07:55:26.508+0000] {processor.py:161} INFO - Started process (PID=1749) to work on /home/airflow/.local/lib/python3.8/site-packages/airflow/example_dags/example_python_decorator.py
[2025-10-15T07:55:26.509+0000] {processor.py:830} INFO - Processing file /home/airflow/.local/lib/python3.8/site-packages/airflow/example_dags/example_python_decorator.py for tasks to queue
[2025-10-15T07:55:26.511+0000] {logging_mixin.py:188} INFO - [2025-10-15T07:55:26.510+0000] {dagbag.py:540} INFO - Filling up the DagBag from /home/airflow/.local/lib/python3.8/site-packages/airflow/example_dags/example_python_decorator.py
[2025-10-15T07:55:26.524+0000] {processor.py:840} INFO - DAG(s) 'example_python_decorator' retrieved from /home/airflow/.local/lib/python3.8/site-packages/airflow/example_dags/example_python_decorator.py
[2025-10-15T07:55:26.544+0000] {logging_mixin.py:188} INFO - [2025-10-15T07:55:26.544+0000] {dag.py:3047} INFO - Sync 1 DAGs
[2025-10-15T07:55:26.556+0000] {logging_mixin.py:188} INFO - [2025-10-15T07:55:26.555+0000] {dag.py:3834} INFO - Setting next_dagrun for example_python_decorator to None, run_after=None
[2025-10-15T07:55:26.575+0000] {processor.py:183} INFO - Processing /home/airflow/.local/lib/python3.8/site-packages/airflow/example_dags/example_python_decorator.py took 0.070 seconds
[2025-10-15T07:55:57.081+0000] {processor.py:161} INFO - Started process (PID=1810) to work on /home/airflow/.local/lib/python3.8/site-packages/airflow/example_dags/example_python_decorator.py
[2025-10-15T07:55:57.081+0000] {processor.py:830} INFO - Processing file /home/airflow/.local/lib/python3.8/site-packages/airflow/example_dags/example_python_decorator.py for tasks to queue
[2025-10-15T07:55:57.083+0000] {logging_mixin.py:188} INFO - [2025-10-15T07:55:57.083+0000] {dagbag.py:540} INFO - Filling up the DagBag from /home/airflow/.local/lib/python3.8/site-packages/airflow/example_dags/example_python_decorator.py
[2025-10-15T07:55:57.093+0000] {processor.py:840} INFO - DAG(s) 'example_python_decorator' retrieved from /home/airflow/.local/lib/python3.8/site-packages/airflow/example_dags/example_python_decorator.py
[2025-10-15T07:55:57.111+0000] {logging_mixin.py:188} INFO - [2025-10-15T07:55:57.111+0000] {dag.py:3047} INFO - Sync 1 DAGs
[2025-10-15T07:55:57.121+0000] {logging_mixin.py:188} INFO - [2025-10-15T07:55:57.121+0000] {dag.py:3834} INFO - Setting next_dagrun for example_python_decorator to None, run_after=None
[2025-10-15T07:55:57.136+0000] {processor.py:183} INFO - Processing /home/airflow/.local/lib/python3.8/site-packages/airflow/example_dags/example_python_decorator.py took 0.058 seconds
[2025-10-15T07:56:27.368+0000] {processor.py:161} INFO - Started process (PID=1870) to work on /home/airflow/.local/lib/python3.8/site-packages/airflow/example_dags/example_python_decorator.py
[2025-10-15T07:56:27.369+0000] {processor.py:830} INFO - Processing file /home/airflow/.local/lib/python3.8/site-packages/airflow/example_dags/example_python_decorator.py for tasks to queue
[2025-10-15T07:56:27.371+0000] {logging_mixin.py:188} INFO - [2025-10-15T07:56:27.370+0000] {dagbag.py:540} INFO - Filling up the DagBag from /home/airflow/.local/lib/python3.8/site-packages/airflow/example_dags/example_python_decorator.py
[2025-10-15T07:56:27.383+0000] {processor.py:840} INFO - DAG(s) 'example_python_decorator' retrieved from /home/airflow/.local/lib/python3.8/site-packages/airflow/example_dags/example_python_decorator.py
[2025-10-15T07:56:27.404+0000] {logging_mixin.py:188} INFO - [2025-10-15T07:56:27.404+0000] {dag.py:3047} INFO - Sync 1 DAGs
[2025-10-15T07:56:27.416+0000] {logging_mixin.py:188} INFO - [2025-10-15T07:56:27.416+0000] {dag.py:3834} INFO - Setting next_dagrun for example_python_decorator to None, run_after=None
[2025-10-15T07:56:27.435+0000] {processor.py:183} INFO - Processing /home/airflow/.local/lib/python3.8/site-packages/airflow/example_dags/example_python_decorator.py took 0.071 seconds
[2025-10-15T07:56:57.624+0000] {processor.py:161} INFO - Started process (PID=1930) to work on /home/airflow/.local/lib/python3.8/site-packages/airflow/example_dags/example_python_decorator.py
[2025-10-15T07:56:57.625+0000] {processor.py:830} INFO - Processing file /home/airflow/.local/lib/python3.8/site-packages/airflow/example_dags/example_python_decorator.py for tasks to queue
[2025-10-15T07:56:57.627+0000] {logging_mixin.py:188} INFO - [2025-10-15T07:56:57.626+0000] {dagbag.py:540} INFO - Filling up the DagBag from /home/airflow/.local/lib/python3.8/site-packages/airflow/example_dags/example_python_decorator.py
[2025-10-15T07:56:57.637+0000] {processor.py:840} INFO - DAG(s) 'example_python_decorator' retrieved from /home/airflow/.local/lib/python3.8/site-packages/airflow/example_dags/example_python_decorator.py
[2025-10-15T07:56:57.655+0000] {logging_mixin.py:188} INFO - [2025-10-15T07:56:57.655+0000] {dag.py:3047} INFO - Sync 1 DAGs
[2025-10-15T07:56:57.665+0000] {logging_mixin.py:188} INFO - [2025-10-15T07:56:57.665+0000] {dag.py:3834} INFO - Setting next_dagrun for example_python_decorator to None, run_after=None
[2025-10-15T07:56:57.680+0000] {processor.py:183} INFO - Processing /home/airflow/.local/lib/python3.8/site-packages/airflow/example_dags/example_python_decorator.py took 0.059 seconds
[2025-10-15T07:57:27.864+0000] {processor.py:161} INFO - Started process (PID=1991) to work on /home/airflow/.local/lib/python3.8/site-packages/airflow/example_dags/example_python_decorator.py
[2025-10-15T07:57:27.865+0000] {processor.py:830} INFO - Processing file /home/airflow/.local/lib/python3.8/site-packages/airflow/example_dags/example_python_decorator.py for tasks to queue
[2025-10-15T07:57:27.867+0000] {logging_mixin.py:188} INFO - [2025-10-15T07:57:27.867+0000] {dagbag.py:540} INFO - Filling up the DagBag from /home/airflow/.local/lib/python3.8/site-packages/airflow/example_dags/example_python_decorator.py
[2025-10-15T07:57:27.880+0000] {processor.py:840} INFO - DAG(s) 'example_python_decorator' retrieved from /home/airflow/.local/lib/python3.8/site-packages/airflow/example_dags/example_python_decorator.py
[2025-10-15T07:57:27.898+0000] {logging_mixin.py:188} INFO - [2025-10-15T07:57:27.897+0000] {dag.py:3047} INFO - Sync 1 DAGs
[2025-10-15T07:57:27.909+0000] {logging_mixin.py:188} INFO - [2025-10-15T07:57:27.908+0000] {dag.py:3834} INFO - Setting next_dagrun for example_python_decorator to None, run_after=None
[2025-10-15T07:57:27.924+0000] {processor.py:183} INFO - Processing /home/airflow/.local/lib/python3.8/site-packages/airflow/example_dags/example_python_decorator.py took 0.062 seconds
[2025-10-15T07:57:58.758+0000] {processor.py:161} INFO - Started process (PID=2052) to work on /home/airflow/.local/lib/python3.8/site-packages/airflow/example_dags/example_python_decorator.py
[2025-10-15T07:57:58.759+0000] {processor.py:830} INFO - Processing file /home/airflow/.local/lib/python3.8/site-packages/airflow/example_dags/example_python_decorator.py for tasks to queue
[2025-10-15T07:57:58.760+0000] {logging_mixin.py:188} INFO - [2025-10-15T07:57:58.760+0000] {dagbag.py:540} INFO - Filling up the DagBag from /home/airflow/.local/lib/python3.8/site-packages/airflow/example_dags/example_python_decorator.py
[2025-10-15T07:57:58.772+0000] {processor.py:840} INFO - DAG(s) 'example_python_decorator' retrieved from /home/airflow/.local/lib/python3.8/site-packages/airflow/example_dags/example_python_decorator.py
[2025-10-15T07:57:58.791+0000] {logging_mixin.py:188} INFO - [2025-10-15T07:57:58.790+0000] {dag.py:3047} INFO - Sync 1 DAGs
[2025-10-15T07:57:58.801+0000] {logging_mixin.py:188} INFO - [2025-10-15T07:57:58.801+0000] {dag.py:3834} INFO - Setting next_dagrun for example_python_decorator to None, run_after=None
[2025-10-15T07:57:58.819+0000] {processor.py:183} INFO - Processing /home/airflow/.local/lib/python3.8/site-packages/airflow/example_dags/example_python_decorator.py took 0.065 seconds
[2025-10-15T07:58:28.962+0000] {processor.py:161} INFO - Started process (PID=2112) to work on /home/airflow/.local/lib/python3.8/site-packages/airflow/example_dags/example_python_decorator.py
[2025-10-15T07:58:28.963+0000] {processor.py:830} INFO - Processing file /home/airflow/.local/lib/python3.8/site-packages/airflow/example_dags/example_python_decorator.py for tasks to queue
[2025-10-15T07:58:28.965+0000] {logging_mixin.py:188} INFO - [2025-10-15T07:58:28.965+0000] {dagbag.py:540} INFO - Filling up the DagBag from /home/airflow/.local/lib/python3.8/site-packages/airflow/example_dags/example_python_decorator.py
[2025-10-15T07:58:28.977+0000] {processor.py:840} INFO - DAG(s) 'example_python_decorator' retrieved from /home/airflow/.local/lib/python3.8/site-packages/airflow/example_dags/example_python_decorator.py
[2025-10-15T07:58:28.999+0000] {logging_mixin.py:188} INFO - [2025-10-15T07:58:28.998+0000] {dag.py:3047} INFO - Sync 1 DAGs
[2025-10-15T07:58:29.012+0000] {logging_mixin.py:188} INFO - [2025-10-15T07:58:29.012+0000] {dag.py:3834} INFO - Setting next_dagrun for example_python_decorator to None, run_after=None
[2025-10-15T07:58:29.029+0000] {processor.py:183} INFO - Processing /home/airflow/.local/lib/python3.8/site-packages/airflow/example_dags/example_python_decorator.py took 0.070 seconds
[2025-10-15T07:58:59.104+0000] {processor.py:161} INFO - Started process (PID=2172) to work on /home/airflow/.local/lib/python3.8/site-packages/airflow/example_dags/example_python_decorator.py
[2025-10-15T07:58:59.105+0000] {processor.py:830} INFO - Processing file /home/airflow/.local/lib/python3.8/site-packages/airflow/example_dags/example_python_decorator.py for tasks to queue
[2025-10-15T07:58:59.107+0000] {logging_mixin.py:188} INFO - [2025-10-15T07:58:59.106+0000] {dagbag.py:540} INFO - Filling up the DagBag from /home/airflow/.local/lib/python3.8/site-packages/airflow/example_dags/example_python_decorator.py
[2025-10-15T07:58:59.118+0000] {processor.py:840} INFO - DAG(s) 'example_python_decorator' retrieved from /home/airflow/.local/lib/python3.8/site-packages/airflow/example_dags/example_python_decorator.py
[2025-10-15T07:58:59.137+0000] {logging_mixin.py:188} INFO - [2025-10-15T07:58:59.136+0000] {dag.py:3047} INFO - Sync 1 DAGs
[2025-10-15T07:58:59.147+0000] {logging_mixin.py:188} INFO - [2025-10-15T07:58:59.147+0000] {dag.py:3834} INFO - Setting next_dagrun for example_python_decorator to None, run_after=None
[2025-10-15T07:58:59.343+0000] {processor.py:183} INFO - Processing /home/airflow/.local/lib/python3.8/site-packages/airflow/example_dags/example_python_decorator.py took 0.242 seconds
[2025-10-15T07:59:29.372+0000] {processor.py:161} INFO - Started process (PID=2232) to work on /home/airflow/.local/lib/python3.8/site-packages/airflow/example_dags/example_python_decorator.py
[2025-10-15T07:59:29.373+0000] {processor.py:830} INFO - Processing file /home/airflow/.local/lib/python3.8/site-packages/airflow/example_dags/example_python_decorator.py for tasks to queue
[2025-10-15T07:59:29.375+0000] {logging_mixin.py:188} INFO - [2025-10-15T07:59:29.374+0000] {dagbag.py:540} INFO - Filling up the DagBag from /home/airflow/.local/lib/python3.8/site-packages/airflow/example_dags/example_python_decorator.py
[2025-10-15T07:59:29.385+0000] {processor.py:840} INFO - DAG(s) 'example_python_decorator' retrieved from /home/airflow/.local/lib/python3.8/site-packages/airflow/example_dags/example_python_decorator.py
[2025-10-15T07:59:29.403+0000] {logging_mixin.py:188} INFO - [2025-10-15T07:59:29.403+0000] {dag.py:3047} INFO - Sync 1 DAGs
[2025-10-15T07:59:29.415+0000] {logging_mixin.py:188} INFO - [2025-10-15T07:59:29.414+0000] {dag.py:3834} INFO - Setting next_dagrun for example_python_decorator to None, run_after=None
[2025-10-15T07:59:29.431+0000] {processor.py:183} INFO - Processing /home/airflow/.local/lib/python3.8/site-packages/airflow/example_dags/example_python_decorator.py took 0.062 seconds
[2025-10-15T08:00:00.015+0000] {processor.py:161} INFO - Started process (PID=2291) to work on /home/airflow/.local/lib/python3.8/site-packages/airflow/example_dags/example_python_decorator.py
[2025-10-15T08:00:00.016+0000] {processor.py:830} INFO - Processing file /home/airflow/.local/lib/python3.8/site-packages/airflow/example_dags/example_python_decorator.py for tasks to queue
[2025-10-15T08:00:00.017+0000] {logging_mixin.py:188} INFO - [2025-10-15T08:00:00.017+0000] {dagbag.py:540} INFO - Filling up the DagBag from /home/airflow/.local/lib/python3.8/site-packages/airflow/example_dags/example_python_decorator.py
[2025-10-15T08:00:00.030+0000] {processor.py:840} INFO - DAG(s) 'example_python_decorator' retrieved from /home/airflow/.local/lib/python3.8/site-packages/airflow/example_dags/example_python_decorator.py
[2025-10-15T08:00:00.049+0000] {logging_mixin.py:188} INFO - [2025-10-15T08:00:00.049+0000] {dag.py:3047} INFO - Sync 1 DAGs
[2025-10-15T08:00:00.061+0000] {logging_mixin.py:188} INFO - [2025-10-15T08:00:00.061+0000] {dag.py:3834} INFO - Setting next_dagrun for example_python_decorator to None, run_after=None
[2025-10-15T08:00:00.077+0000] {processor.py:183} INFO - Processing /home/airflow/.local/lib/python3.8/site-packages/airflow/example_dags/example_python_decorator.py took 0.064 seconds
[2025-10-15T08:00:30.196+0000] {processor.py:161} INFO - Started process (PID=2352) to work on /home/airflow/.local/lib/python3.8/site-packages/airflow/example_dags/example_python_decorator.py
[2025-10-15T08:00:30.197+0000] {processor.py:830} INFO - Processing file /home/airflow/.local/lib/python3.8/site-packages/airflow/example_dags/example_python_decorator.py for tasks to queue
[2025-10-15T08:00:30.199+0000] {logging_mixin.py:188} INFO - [2025-10-15T08:00:30.199+0000] {dagbag.py:540} INFO - Filling up the DagBag from /home/airflow/.local/lib/python3.8/site-packages/airflow/example_dags/example_python_decorator.py
[2025-10-15T08:00:30.212+0000] {processor.py:840} INFO - DAG(s) 'example_python_decorator' retrieved from /home/airflow/.local/lib/python3.8/site-packages/airflow/example_dags/example_python_decorator.py
[2025-10-15T08:00:30.233+0000] {logging_mixin.py:188} INFO - [2025-10-15T08:00:30.232+0000] {dag.py:3047} INFO - Sync 1 DAGs
[2025-10-15T08:00:30.244+0000] {logging_mixin.py:188} INFO - [2025-10-15T08:00:30.244+0000] {dag.py:3834} INFO - Setting next_dagrun for example_python_decorator to None, run_after=None
[2025-10-15T08:00:30.261+0000] {processor.py:183} INFO - Processing /home/airflow/.local/lib/python3.8/site-packages/airflow/example_dags/example_python_decorator.py took 0.068 seconds
[2025-10-15T08:01:00.450+0000] {processor.py:161} INFO - Started process (PID=2415) to work on /home/airflow/.local/lib/python3.8/site-packages/airflow/example_dags/example_python_decorator.py
[2025-10-15T08:01:00.451+0000] {processor.py:830} INFO - Processing file /home/airflow/.local/lib/python3.8/site-packages/airflow/example_dags/example_python_decorator.py for tasks to queue
[2025-10-15T08:01:00.452+0000] {logging_mixin.py:188} INFO - [2025-10-15T08:01:00.452+0000] {dagbag.py:540} INFO - Filling up the DagBag from /home/airflow/.local/lib/python3.8/site-packages/airflow/example_dags/example_python_decorator.py
[2025-10-15T08:01:00.465+0000] {processor.py:840} INFO - DAG(s) 'example_python_decorator' retrieved from /home/airflow/.local/lib/python3.8/site-packages/airflow/example_dags/example_python_decorator.py
[2025-10-15T08:01:00.485+0000] {logging_mixin.py:188} INFO - [2025-10-15T08:01:00.485+0000] {dag.py:3047} INFO - Sync 1 DAGs
[2025-10-15T08:01:00.496+0000] {logging_mixin.py:188} INFO - [2025-10-15T08:01:00.496+0000] {dag.py:3834} INFO - Setting next_dagrun for example_python_decorator to None, run_after=None
[2025-10-15T08:01:00.514+0000] {processor.py:183} INFO - Processing /home/airflow/.local/lib/python3.8/site-packages/airflow/example_dags/example_python_decorator.py took 0.067 seconds
[2025-10-15T08:01:30.814+0000] {processor.py:161} INFO - Started process (PID=2478) to work on /home/airflow/.local/lib/python3.8/site-packages/airflow/example_dags/example_python_decorator.py
[2025-10-15T08:01:30.815+0000] {processor.py:830} INFO - Processing file /home/airflow/.local/lib/python3.8/site-packages/airflow/example_dags/example_python_decorator.py for tasks to queue
[2025-10-15T08:01:30.816+0000] {logging_mixin.py:188} INFO - [2025-10-15T08:01:30.816+0000] {dagbag.py:540} INFO - Filling up the DagBag from /home/airflow/.local/lib/python3.8/site-packages/airflow/example_dags/example_python_decorator.py
[2025-10-15T08:01:30.828+0000] {processor.py:840} INFO - DAG(s) 'example_python_decorator' retrieved from /home/airflow/.local/lib/python3.8/site-packages/airflow/example_dags/example_python_decorator.py
[2025-10-15T08:01:30.846+0000] {logging_mixin.py:188} INFO - [2025-10-15T08:01:30.846+0000] {dag.py:3047} INFO - Sync 1 DAGs
[2025-10-15T08:01:30.857+0000] {logging_mixin.py:188} INFO - [2025-10-15T08:01:30.856+0000] {dag.py:3834} INFO - Setting next_dagrun for example_python_decorator to None, run_after=None
[2025-10-15T08:01:30.873+0000] {processor.py:183} INFO - Processing /home/airflow/.local/lib/python3.8/site-packages/airflow/example_dags/example_python_decorator.py took 0.061 seconds
[2025-10-15T08:02:01.069+0000] {processor.py:161} INFO - Started process (PID=2538) to work on /home/airflow/.local/lib/python3.8/site-packages/airflow/example_dags/example_python_decorator.py
[2025-10-15T08:02:01.070+0000] {processor.py:830} INFO - Processing file /home/airflow/.local/lib/python3.8/site-packages/airflow/example_dags/example_python_decorator.py for tasks to queue
[2025-10-15T08:02:01.070+0000] {logging_mixin.py:188} INFO - [2025-10-15T08:02:01.070+0000] {dagbag.py:540} INFO - Filling up the DagBag from /home/airflow/.local/lib/python3.8/site-packages/airflow/example_dags/example_python_decorator.py
[2025-10-15T08:02:01.081+0000] {processor.py:840} INFO - DAG(s) 'example_python_decorator' retrieved from /home/airflow/.local/lib/python3.8/site-packages/airflow/example_dags/example_python_decorator.py
[2025-10-15T08:02:01.102+0000] {logging_mixin.py:188} INFO - [2025-10-15T08:02:01.102+0000] {dag.py:3047} INFO - Sync 1 DAGs
[2025-10-15T08:02:01.113+0000] {logging_mixin.py:188} INFO - [2025-10-15T08:02:01.113+0000] {dag.py:3834} INFO - Setting next_dagrun for example_python_decorator to None, run_after=None
[2025-10-15T08:02:01.133+0000] {processor.py:183} INFO - Processing /home/airflow/.local/lib/python3.8/site-packages/airflow/example_dags/example_python_decorator.py took 0.067 seconds
[2025-10-15T08:02:31.306+0000] {processor.py:161} INFO - Started process (PID=2601) to work on /home/airflow/.local/lib/python3.8/site-packages/airflow/example_dags/example_python_decorator.py
[2025-10-15T08:02:31.307+0000] {processor.py:830} INFO - Processing file /home/airflow/.local/lib/python3.8/site-packages/airflow/example_dags/example_python_decorator.py for tasks to queue
[2025-10-15T08:02:31.308+0000] {logging_mixin.py:188} INFO - [2025-10-15T08:02:31.308+0000] {dagbag.py:540} INFO - Filling up the DagBag from /home/airflow/.local/lib/python3.8/site-packages/airflow/example_dags/example_python_decorator.py
[2025-10-15T08:02:31.319+0000] {processor.py:840} INFO - DAG(s) 'example_python_decorator' retrieved from /home/airflow/.local/lib/python3.8/site-packages/airflow/example_dags/example_python_decorator.py
[2025-10-15T08:02:31.338+0000] {logging_mixin.py:188} INFO - [2025-10-15T08:02:31.337+0000] {dag.py:3047} INFO - Sync 1 DAGs
[2025-10-15T08:02:31.348+0000] {logging_mixin.py:188} INFO - [2025-10-15T08:02:31.348+0000] {dag.py:3834} INFO - Setting next_dagrun for example_python_decorator to None, run_after=None
[2025-10-15T08:02:31.364+0000] {processor.py:183} INFO - Processing /home/airflow/.local/lib/python3.8/site-packages/airflow/example_dags/example_python_decorator.py took 0.061 seconds
[2025-10-15T08:03:01.528+0000] {processor.py:161} INFO - Started process (PID=2661) to work on /home/airflow/.local/lib/python3.8/site-packages/airflow/example_dags/example_python_decorator.py
[2025-10-15T08:03:01.529+0000] {processor.py:830} INFO - Processing file /home/airflow/.local/lib/python3.8/site-packages/airflow/example_dags/example_python_decorator.py for tasks to queue
[2025-10-15T08:03:01.530+0000] {logging_mixin.py:188} INFO - [2025-10-15T08:03:01.529+0000] {dagbag.py:540} INFO - Filling up the DagBag from /home/airflow/.local/lib/python3.8/site-packages/airflow/example_dags/example_python_decorator.py
[2025-10-15T08:03:01.541+0000] {processor.py:840} INFO - DAG(s) 'example_python_decorator' retrieved from /home/airflow/.local/lib/python3.8/site-packages/airflow/example_dags/example_python_decorator.py
[2025-10-15T08:03:01.559+0000] {logging_mixin.py:188} INFO - [2025-10-15T08:03:01.559+0000] {dag.py:3047} INFO - Sync 1 DAGs
[2025-10-15T08:03:01.571+0000] {logging_mixin.py:188} INFO - [2025-10-15T08:03:01.571+0000] {dag.py:3834} INFO - Setting next_dagrun for example_python_decorator to None, run_after=None
[2025-10-15T08:03:01.588+0000] {processor.py:183} INFO - Processing /home/airflow/.local/lib/python3.8/site-packages/airflow/example_dags/example_python_decorator.py took 0.063 seconds
