[2025-10-15T07:41:42.694+0000] {processor.py:161} INFO - Started process (PID=107) to work on /home/airflow/.local/lib/python3.8/site-packages/airflow/example_dags/example_branch_day_of_week_operator.py
[2025-10-15T07:41:42.695+0000] {processor.py:830} INFO - Processing file /home/airflow/.local/lib/python3.8/site-packages/airflow/example_dags/example_branch_day_of_week_operator.py for tasks to queue
[2025-10-15T07:41:42.696+0000] {logging_mixin.py:188} INFO - [2025-10-15T07:41:42.696+0000] {dagbag.py:540} INFO - Filling up the DagBag from /home/airflow/.local/lib/python3.8/site-packages/airflow/example_dags/example_branch_day_of_week_operator.py
[2025-10-15T07:41:42.705+0000] {processor.py:840} INFO - DAG(s) 'example_weekday_branch_operator' retrieved from /home/airflow/.local/lib/python3.8/site-packages/airflow/example_dags/example_branch_day_of_week_operator.py
[2025-10-15T07:41:42.800+0000] {logging_mixin.py:188} INFO - [2025-10-15T07:41:42.799+0000] {dag.py:3047} INFO - Sync 1 DAGs
[2025-10-15T07:41:42.826+0000] {logging_mixin.py:188} INFO - [2025-10-15T07:41:42.825+0000] {dag.py:3834} INFO - Setting next_dagrun for example_weekday_branch_operator to 2025-10-14 00:00:00+00:00, run_after=2025-10-15 00:00:00+00:00
[2025-10-15T07:41:42.841+0000] {processor.py:183} INFO - Processing /home/airflow/.local/lib/python3.8/site-packages/airflow/example_dags/example_branch_day_of_week_operator.py took 0.151 seconds
[2025-10-15T07:42:13.795+0000] {processor.py:161} INFO - Started process (PID=168) to work on /home/airflow/.local/lib/python3.8/site-packages/airflow/example_dags/example_branch_day_of_week_operator.py
[2025-10-15T07:42:13.796+0000] {processor.py:830} INFO - Processing file /home/airflow/.local/lib/python3.8/site-packages/airflow/example_dags/example_branch_day_of_week_operator.py for tasks to queue
[2025-10-15T07:42:13.798+0000] {logging_mixin.py:188} INFO - [2025-10-15T07:42:13.798+0000] {dagbag.py:540} INFO - Filling up the DagBag from /home/airflow/.local/lib/python3.8/site-packages/airflow/example_dags/example_branch_day_of_week_operator.py
[2025-10-15T07:42:13.806+0000] {processor.py:840} INFO - DAG(s) 'example_weekday_branch_operator' retrieved from /home/airflow/.local/lib/python3.8/site-packages/airflow/example_dags/example_branch_day_of_week_operator.py
[2025-10-15T07:42:13.824+0000] {logging_mixin.py:188} INFO - [2025-10-15T07:42:13.823+0000] {dag.py:3047} INFO - Sync 1 DAGs
[2025-10-15T07:42:13.843+0000] {logging_mixin.py:188} INFO - [2025-10-15T07:42:13.843+0000] {dag.py:3834} INFO - Setting next_dagrun for example_weekday_branch_operator to 2025-10-14 00:00:00+00:00, run_after=2025-10-15 00:00:00+00:00
[2025-10-15T07:42:13.860+0000] {processor.py:183} INFO - Processing /home/airflow/.local/lib/python3.8/site-packages/airflow/example_dags/example_branch_day_of_week_operator.py took 0.068 seconds
[2025-10-15T07:42:44.161+0000] {processor.py:161} INFO - Started process (PID=228) to work on /home/airflow/.local/lib/python3.8/site-packages/airflow/example_dags/example_branch_day_of_week_operator.py
[2025-10-15T07:42:44.162+0000] {processor.py:830} INFO - Processing file /home/airflow/.local/lib/python3.8/site-packages/airflow/example_dags/example_branch_day_of_week_operator.py for tasks to queue
[2025-10-15T07:42:44.164+0000] {logging_mixin.py:188} INFO - [2025-10-15T07:42:44.163+0000] {dagbag.py:540} INFO - Filling up the DagBag from /home/airflow/.local/lib/python3.8/site-packages/airflow/example_dags/example_branch_day_of_week_operator.py
[2025-10-15T07:42:44.170+0000] {processor.py:840} INFO - DAG(s) 'example_weekday_branch_operator' retrieved from /home/airflow/.local/lib/python3.8/site-packages/airflow/example_dags/example_branch_day_of_week_operator.py
[2025-10-15T07:42:44.188+0000] {logging_mixin.py:188} INFO - [2025-10-15T07:42:44.188+0000] {dag.py:3047} INFO - Sync 1 DAGs
[2025-10-15T07:42:44.207+0000] {logging_mixin.py:188} INFO - [2025-10-15T07:42:44.207+0000] {dag.py:3834} INFO - Setting next_dagrun for example_weekday_branch_operator to 2025-10-14 00:00:00+00:00, run_after=2025-10-15 00:00:00+00:00
[2025-10-15T07:42:44.225+0000] {processor.py:183} INFO - Processing /home/airflow/.local/lib/python3.8/site-packages/airflow/example_dags/example_branch_day_of_week_operator.py took 0.067 seconds
[2025-10-15T07:43:14.564+0000] {processor.py:161} INFO - Started process (PID=288) to work on /home/airflow/.local/lib/python3.8/site-packages/airflow/example_dags/example_branch_day_of_week_operator.py
[2025-10-15T07:43:14.565+0000] {processor.py:830} INFO - Processing file /home/airflow/.local/lib/python3.8/site-packages/airflow/example_dags/example_branch_day_of_week_operator.py for tasks to queue
[2025-10-15T07:43:14.567+0000] {logging_mixin.py:188} INFO - [2025-10-15T07:43:14.566+0000] {dagbag.py:540} INFO - Filling up the DagBag from /home/airflow/.local/lib/python3.8/site-packages/airflow/example_dags/example_branch_day_of_week_operator.py
[2025-10-15T07:43:14.574+0000] {processor.py:840} INFO - DAG(s) 'example_weekday_branch_operator' retrieved from /home/airflow/.local/lib/python3.8/site-packages/airflow/example_dags/example_branch_day_of_week_operator.py
[2025-10-15T07:43:14.593+0000] {logging_mixin.py:188} INFO - [2025-10-15T07:43:14.593+0000] {dag.py:3047} INFO - Sync 1 DAGs
[2025-10-15T07:43:14.626+0000] {logging_mixin.py:188} INFO - [2025-10-15T07:43:14.625+0000] {dag.py:3834} INFO - Setting next_dagrun for example_weekday_branch_operator to 2025-10-14 00:00:00+00:00, run_after=2025-10-15 00:00:00+00:00
[2025-10-15T07:43:14.653+0000] {processor.py:183} INFO - Processing /home/airflow/.local/lib/python3.8/site-packages/airflow/example_dags/example_branch_day_of_week_operator.py took 0.093 seconds
[2025-10-15T07:43:44.904+0000] {processor.py:161} INFO - Started process (PID=348) to work on /home/airflow/.local/lib/python3.8/site-packages/airflow/example_dags/example_branch_day_of_week_operator.py
[2025-10-15T07:43:44.905+0000] {processor.py:830} INFO - Processing file /home/airflow/.local/lib/python3.8/site-packages/airflow/example_dags/example_branch_day_of_week_operator.py for tasks to queue
[2025-10-15T07:43:44.907+0000] {logging_mixin.py:188} INFO - [2025-10-15T07:43:44.906+0000] {dagbag.py:540} INFO - Filling up the DagBag from /home/airflow/.local/lib/python3.8/site-packages/airflow/example_dags/example_branch_day_of_week_operator.py
[2025-10-15T07:43:44.914+0000] {processor.py:840} INFO - DAG(s) 'example_weekday_branch_operator' retrieved from /home/airflow/.local/lib/python3.8/site-packages/airflow/example_dags/example_branch_day_of_week_operator.py
[2025-10-15T07:43:44.936+0000] {logging_mixin.py:188} INFO - [2025-10-15T07:43:44.936+0000] {dag.py:3047} INFO - Sync 1 DAGs
[2025-10-15T07:43:44.959+0000] {logging_mixin.py:188} INFO - [2025-10-15T07:43:44.959+0000] {dag.py:3834} INFO - Setting next_dagrun for example_weekday_branch_operator to 2025-10-14 00:00:00+00:00, run_after=2025-10-15 00:00:00+00:00
[2025-10-15T07:43:44.980+0000] {processor.py:183} INFO - Processing /home/airflow/.local/lib/python3.8/site-packages/airflow/example_dags/example_branch_day_of_week_operator.py took 0.079 seconds
[2025-10-15T07:44:15.340+0000] {processor.py:161} INFO - Started process (PID=408) to work on /home/airflow/.local/lib/python3.8/site-packages/airflow/example_dags/example_branch_day_of_week_operator.py
[2025-10-15T07:44:15.341+0000] {processor.py:830} INFO - Processing file /home/airflow/.local/lib/python3.8/site-packages/airflow/example_dags/example_branch_day_of_week_operator.py for tasks to queue
[2025-10-15T07:44:15.342+0000] {logging_mixin.py:188} INFO - [2025-10-15T07:44:15.342+0000] {dagbag.py:540} INFO - Filling up the DagBag from /home/airflow/.local/lib/python3.8/site-packages/airflow/example_dags/example_branch_day_of_week_operator.py
[2025-10-15T07:44:15.349+0000] {processor.py:840} INFO - DAG(s) 'example_weekday_branch_operator' retrieved from /home/airflow/.local/lib/python3.8/site-packages/airflow/example_dags/example_branch_day_of_week_operator.py
[2025-10-15T07:44:15.366+0000] {logging_mixin.py:188} INFO - [2025-10-15T07:44:15.366+0000] {dag.py:3047} INFO - Sync 1 DAGs
[2025-10-15T07:44:15.385+0000] {logging_mixin.py:188} INFO - [2025-10-15T07:44:15.385+0000] {dag.py:3834} INFO - Setting next_dagrun for example_weekday_branch_operator to 2025-10-14 00:00:00+00:00, run_after=2025-10-15 00:00:00+00:00
[2025-10-15T07:44:15.403+0000] {processor.py:183} INFO - Processing /home/airflow/.local/lib/python3.8/site-packages/airflow/example_dags/example_branch_day_of_week_operator.py took 0.066 seconds
[2025-10-15T07:44:45.641+0000] {processor.py:161} INFO - Started process (PID=468) to work on /home/airflow/.local/lib/python3.8/site-packages/airflow/example_dags/example_branch_day_of_week_operator.py
[2025-10-15T07:44:45.642+0000] {processor.py:830} INFO - Processing file /home/airflow/.local/lib/python3.8/site-packages/airflow/example_dags/example_branch_day_of_week_operator.py for tasks to queue
[2025-10-15T07:44:45.644+0000] {logging_mixin.py:188} INFO - [2025-10-15T07:44:45.644+0000] {dagbag.py:540} INFO - Filling up the DagBag from /home/airflow/.local/lib/python3.8/site-packages/airflow/example_dags/example_branch_day_of_week_operator.py
[2025-10-15T07:44:45.651+0000] {processor.py:840} INFO - DAG(s) 'example_weekday_branch_operator' retrieved from /home/airflow/.local/lib/python3.8/site-packages/airflow/example_dags/example_branch_day_of_week_operator.py
[2025-10-15T07:44:45.670+0000] {logging_mixin.py:188} INFO - [2025-10-15T07:44:45.670+0000] {dag.py:3047} INFO - Sync 1 DAGs
[2025-10-15T07:44:45.691+0000] {logging_mixin.py:188} INFO - [2025-10-15T07:44:45.691+0000] {dag.py:3834} INFO - Setting next_dagrun for example_weekday_branch_operator to 2025-10-14 00:00:00+00:00, run_after=2025-10-15 00:00:00+00:00
[2025-10-15T07:44:45.707+0000] {processor.py:183} INFO - Processing /home/airflow/.local/lib/python3.8/site-packages/airflow/example_dags/example_branch_day_of_week_operator.py took 0.068 seconds
[2025-10-15T07:45:15.992+0000] {processor.py:161} INFO - Started process (PID=529) to work on /home/airflow/.local/lib/python3.8/site-packages/airflow/example_dags/example_branch_day_of_week_operator.py
[2025-10-15T07:45:15.993+0000] {processor.py:830} INFO - Processing file /home/airflow/.local/lib/python3.8/site-packages/airflow/example_dags/example_branch_day_of_week_operator.py for tasks to queue
[2025-10-15T07:45:15.995+0000] {logging_mixin.py:188} INFO - [2025-10-15T07:45:15.994+0000] {dagbag.py:540} INFO - Filling up the DagBag from /home/airflow/.local/lib/python3.8/site-packages/airflow/example_dags/example_branch_day_of_week_operator.py
[2025-10-15T07:45:16.002+0000] {processor.py:840} INFO - DAG(s) 'example_weekday_branch_operator' retrieved from /home/airflow/.local/lib/python3.8/site-packages/airflow/example_dags/example_branch_day_of_week_operator.py
[2025-10-15T07:45:16.020+0000] {logging_mixin.py:188} INFO - [2025-10-15T07:45:16.020+0000] {dag.py:3047} INFO - Sync 1 DAGs
[2025-10-15T07:45:16.043+0000] {logging_mixin.py:188} INFO - [2025-10-15T07:45:16.042+0000] {dag.py:3834} INFO - Setting next_dagrun for example_weekday_branch_operator to 2025-10-14 00:00:00+00:00, run_after=2025-10-15 00:00:00+00:00
[2025-10-15T07:45:16.060+0000] {processor.py:183} INFO - Processing /home/airflow/.local/lib/python3.8/site-packages/airflow/example_dags/example_branch_day_of_week_operator.py took 0.071 seconds
[2025-10-15T07:45:46.265+0000] {processor.py:161} INFO - Started process (PID=589) to work on /home/airflow/.local/lib/python3.8/site-packages/airflow/example_dags/example_branch_day_of_week_operator.py
[2025-10-15T07:45:46.266+0000] {processor.py:830} INFO - Processing file /home/airflow/.local/lib/python3.8/site-packages/airflow/example_dags/example_branch_day_of_week_operator.py for tasks to queue
[2025-10-15T07:45:46.268+0000] {logging_mixin.py:188} INFO - [2025-10-15T07:45:46.267+0000] {dagbag.py:540} INFO - Filling up the DagBag from /home/airflow/.local/lib/python3.8/site-packages/airflow/example_dags/example_branch_day_of_week_operator.py
[2025-10-15T07:45:46.274+0000] {processor.py:840} INFO - DAG(s) 'example_weekday_branch_operator' retrieved from /home/airflow/.local/lib/python3.8/site-packages/airflow/example_dags/example_branch_day_of_week_operator.py
[2025-10-15T07:45:46.293+0000] {logging_mixin.py:188} INFO - [2025-10-15T07:45:46.293+0000] {dag.py:3047} INFO - Sync 1 DAGs
[2025-10-15T07:45:46.313+0000] {logging_mixin.py:188} INFO - [2025-10-15T07:45:46.313+0000] {dag.py:3834} INFO - Setting next_dagrun for example_weekday_branch_operator to 2025-10-14 00:00:00+00:00, run_after=2025-10-15 00:00:00+00:00
[2025-10-15T07:45:46.333+0000] {processor.py:183} INFO - Processing /home/airflow/.local/lib/python3.8/site-packages/airflow/example_dags/example_branch_day_of_week_operator.py took 0.070 seconds
[2025-10-15T07:46:17.070+0000] {processor.py:161} INFO - Started process (PID=649) to work on /home/airflow/.local/lib/python3.8/site-packages/airflow/example_dags/example_branch_day_of_week_operator.py
[2025-10-15T07:46:17.071+0000] {processor.py:830} INFO - Processing file /home/airflow/.local/lib/python3.8/site-packages/airflow/example_dags/example_branch_day_of_week_operator.py for tasks to queue
[2025-10-15T07:46:17.073+0000] {logging_mixin.py:188} INFO - [2025-10-15T07:46:17.072+0000] {dagbag.py:540} INFO - Filling up the DagBag from /home/airflow/.local/lib/python3.8/site-packages/airflow/example_dags/example_branch_day_of_week_operator.py
[2025-10-15T07:46:17.079+0000] {processor.py:840} INFO - DAG(s) 'example_weekday_branch_operator' retrieved from /home/airflow/.local/lib/python3.8/site-packages/airflow/example_dags/example_branch_day_of_week_operator.py
[2025-10-15T07:46:17.098+0000] {logging_mixin.py:188} INFO - [2025-10-15T07:46:17.097+0000] {dag.py:3047} INFO - Sync 1 DAGs
[2025-10-15T07:46:17.118+0000] {logging_mixin.py:188} INFO - [2025-10-15T07:46:17.118+0000] {dag.py:3834} INFO - Setting next_dagrun for example_weekday_branch_operator to 2025-10-14 00:00:00+00:00, run_after=2025-10-15 00:00:00+00:00
[2025-10-15T07:46:17.135+0000] {processor.py:183} INFO - Processing /home/airflow/.local/lib/python3.8/site-packages/airflow/example_dags/example_branch_day_of_week_operator.py took 0.069 seconds
[2025-10-15T07:46:47.831+0000] {processor.py:161} INFO - Started process (PID=709) to work on /home/airflow/.local/lib/python3.8/site-packages/airflow/example_dags/example_branch_day_of_week_operator.py
[2025-10-15T07:46:47.832+0000] {processor.py:830} INFO - Processing file /home/airflow/.local/lib/python3.8/site-packages/airflow/example_dags/example_branch_day_of_week_operator.py for tasks to queue
[2025-10-15T07:46:47.834+0000] {logging_mixin.py:188} INFO - [2025-10-15T07:46:47.833+0000] {dagbag.py:540} INFO - Filling up the DagBag from /home/airflow/.local/lib/python3.8/site-packages/airflow/example_dags/example_branch_day_of_week_operator.py
[2025-10-15T07:46:47.840+0000] {processor.py:840} INFO - DAG(s) 'example_weekday_branch_operator' retrieved from /home/airflow/.local/lib/python3.8/site-packages/airflow/example_dags/example_branch_day_of_week_operator.py
[2025-10-15T07:46:47.857+0000] {logging_mixin.py:188} INFO - [2025-10-15T07:46:47.857+0000] {dag.py:3047} INFO - Sync 1 DAGs
[2025-10-15T07:46:47.877+0000] {logging_mixin.py:188} INFO - [2025-10-15T07:46:47.877+0000] {dag.py:3834} INFO - Setting next_dagrun for example_weekday_branch_operator to 2025-10-14 00:00:00+00:00, run_after=2025-10-15 00:00:00+00:00
[2025-10-15T07:46:47.896+0000] {processor.py:183} INFO - Processing /home/airflow/.local/lib/python3.8/site-packages/airflow/example_dags/example_branch_day_of_week_operator.py took 0.067 seconds
[2025-10-15T07:47:18.687+0000] {processor.py:161} INFO - Started process (PID=769) to work on /home/airflow/.local/lib/python3.8/site-packages/airflow/example_dags/example_branch_day_of_week_operator.py
[2025-10-15T07:47:18.687+0000] {processor.py:830} INFO - Processing file /home/airflow/.local/lib/python3.8/site-packages/airflow/example_dags/example_branch_day_of_week_operator.py for tasks to queue
[2025-10-15T07:47:18.689+0000] {logging_mixin.py:188} INFO - [2025-10-15T07:47:18.688+0000] {dagbag.py:540} INFO - Filling up the DagBag from /home/airflow/.local/lib/python3.8/site-packages/airflow/example_dags/example_branch_day_of_week_operator.py
[2025-10-15T07:47:18.695+0000] {processor.py:840} INFO - DAG(s) 'example_weekday_branch_operator' retrieved from /home/airflow/.local/lib/python3.8/site-packages/airflow/example_dags/example_branch_day_of_week_operator.py
[2025-10-15T07:47:18.712+0000] {logging_mixin.py:188} INFO - [2025-10-15T07:47:18.712+0000] {dag.py:3047} INFO - Sync 1 DAGs
[2025-10-15T07:47:18.732+0000] {logging_mixin.py:188} INFO - [2025-10-15T07:47:18.732+0000] {dag.py:3834} INFO - Setting next_dagrun for example_weekday_branch_operator to 2025-10-14 00:00:00+00:00, run_after=2025-10-15 00:00:00+00:00
[2025-10-15T07:47:18.750+0000] {processor.py:183} INFO - Processing /home/airflow/.local/lib/python3.8/site-packages/airflow/example_dags/example_branch_day_of_week_operator.py took 0.066 seconds
[2025-10-15T07:47:48.814+0000] {processor.py:161} INFO - Started process (PID=829) to work on /home/airflow/.local/lib/python3.8/site-packages/airflow/example_dags/example_branch_day_of_week_operator.py
[2025-10-15T07:47:48.815+0000] {processor.py:830} INFO - Processing file /home/airflow/.local/lib/python3.8/site-packages/airflow/example_dags/example_branch_day_of_week_operator.py for tasks to queue
[2025-10-15T07:47:48.817+0000] {logging_mixin.py:188} INFO - [2025-10-15T07:47:48.816+0000] {dagbag.py:540} INFO - Filling up the DagBag from /home/airflow/.local/lib/python3.8/site-packages/airflow/example_dags/example_branch_day_of_week_operator.py
[2025-10-15T07:47:48.823+0000] {processor.py:840} INFO - DAG(s) 'example_weekday_branch_operator' retrieved from /home/airflow/.local/lib/python3.8/site-packages/airflow/example_dags/example_branch_day_of_week_operator.py
[2025-10-15T07:47:48.839+0000] {logging_mixin.py:188} INFO - [2025-10-15T07:47:48.839+0000] {dag.py:3047} INFO - Sync 1 DAGs
[2025-10-15T07:47:48.858+0000] {logging_mixin.py:188} INFO - [2025-10-15T07:47:48.858+0000] {dag.py:3834} INFO - Setting next_dagrun for example_weekday_branch_operator to 2025-10-14 00:00:00+00:00, run_after=2025-10-15 00:00:00+00:00
[2025-10-15T07:47:48.874+0000] {processor.py:183} INFO - Processing /home/airflow/.local/lib/python3.8/site-packages/airflow/example_dags/example_branch_day_of_week_operator.py took 0.063 seconds
[2025-10-15T07:48:19.089+0000] {processor.py:161} INFO - Started process (PID=887) to work on /home/airflow/.local/lib/python3.8/site-packages/airflow/example_dags/example_branch_day_of_week_operator.py
[2025-10-15T07:48:19.090+0000] {processor.py:830} INFO - Processing file /home/airflow/.local/lib/python3.8/site-packages/airflow/example_dags/example_branch_day_of_week_operator.py for tasks to queue
[2025-10-15T07:48:19.092+0000] {logging_mixin.py:188} INFO - [2025-10-15T07:48:19.092+0000] {dagbag.py:540} INFO - Filling up the DagBag from /home/airflow/.local/lib/python3.8/site-packages/airflow/example_dags/example_branch_day_of_week_operator.py
[2025-10-15T07:48:19.099+0000] {processor.py:840} INFO - DAG(s) 'example_weekday_branch_operator' retrieved from /home/airflow/.local/lib/python3.8/site-packages/airflow/example_dags/example_branch_day_of_week_operator.py
[2025-10-15T07:48:19.121+0000] {logging_mixin.py:188} INFO - [2025-10-15T07:48:19.121+0000] {dag.py:3047} INFO - Sync 1 DAGs
[2025-10-15T07:48:19.144+0000] {logging_mixin.py:188} INFO - [2025-10-15T07:48:19.144+0000] {dag.py:3834} INFO - Setting next_dagrun for example_weekday_branch_operator to 2025-10-14 00:00:00+00:00, run_after=2025-10-15 00:00:00+00:00
[2025-10-15T07:48:19.162+0000] {processor.py:183} INFO - Processing /home/airflow/.local/lib/python3.8/site-packages/airflow/example_dags/example_branch_day_of_week_operator.py took 0.076 seconds
[2025-10-15T07:48:49.352+0000] {processor.py:161} INFO - Started process (PID=948) to work on /home/airflow/.local/lib/python3.8/site-packages/airflow/example_dags/example_branch_day_of_week_operator.py
[2025-10-15T07:48:49.353+0000] {processor.py:830} INFO - Processing file /home/airflow/.local/lib/python3.8/site-packages/airflow/example_dags/example_branch_day_of_week_operator.py for tasks to queue
[2025-10-15T07:48:49.354+0000] {logging_mixin.py:188} INFO - [2025-10-15T07:48:49.354+0000] {dagbag.py:540} INFO - Filling up the DagBag from /home/airflow/.local/lib/python3.8/site-packages/airflow/example_dags/example_branch_day_of_week_operator.py
[2025-10-15T07:48:49.361+0000] {processor.py:840} INFO - DAG(s) 'example_weekday_branch_operator' retrieved from /home/airflow/.local/lib/python3.8/site-packages/airflow/example_dags/example_branch_day_of_week_operator.py
[2025-10-15T07:48:49.378+0000] {logging_mixin.py:188} INFO - [2025-10-15T07:48:49.378+0000] {dag.py:3047} INFO - Sync 1 DAGs
[2025-10-15T07:48:49.399+0000] {logging_mixin.py:188} INFO - [2025-10-15T07:48:49.399+0000] {dag.py:3834} INFO - Setting next_dagrun for example_weekday_branch_operator to 2025-10-14 00:00:00+00:00, run_after=2025-10-15 00:00:00+00:00
[2025-10-15T07:48:49.416+0000] {processor.py:183} INFO - Processing /home/airflow/.local/lib/python3.8/site-packages/airflow/example_dags/example_branch_day_of_week_operator.py took 0.067 seconds
[2025-10-15T07:49:19.822+0000] {processor.py:161} INFO - Started process (PID=1009) to work on /home/airflow/.local/lib/python3.8/site-packages/airflow/example_dags/example_branch_day_of_week_operator.py
[2025-10-15T07:49:19.823+0000] {processor.py:830} INFO - Processing file /home/airflow/.local/lib/python3.8/site-packages/airflow/example_dags/example_branch_day_of_week_operator.py for tasks to queue
[2025-10-15T07:49:19.825+0000] {logging_mixin.py:188} INFO - [2025-10-15T07:49:19.824+0000] {dagbag.py:540} INFO - Filling up the DagBag from /home/airflow/.local/lib/python3.8/site-packages/airflow/example_dags/example_branch_day_of_week_operator.py
[2025-10-15T07:49:19.835+0000] {processor.py:840} INFO - DAG(s) 'example_weekday_branch_operator' retrieved from /home/airflow/.local/lib/python3.8/site-packages/airflow/example_dags/example_branch_day_of_week_operator.py
[2025-10-15T07:49:19.854+0000] {logging_mixin.py:188} INFO - [2025-10-15T07:49:19.854+0000] {dag.py:3047} INFO - Sync 1 DAGs
[2025-10-15T07:49:19.876+0000] {logging_mixin.py:188} INFO - [2025-10-15T07:49:19.875+0000] {dag.py:3834} INFO - Setting next_dagrun for example_weekday_branch_operator to 2025-10-14 00:00:00+00:00, run_after=2025-10-15 00:00:00+00:00
[2025-10-15T07:49:19.893+0000] {processor.py:183} INFO - Processing /home/airflow/.local/lib/python3.8/site-packages/airflow/example_dags/example_branch_day_of_week_operator.py took 0.074 seconds
[2025-10-15T07:49:50.037+0000] {processor.py:161} INFO - Started process (PID=1069) to work on /home/airflow/.local/lib/python3.8/site-packages/airflow/example_dags/example_branch_day_of_week_operator.py
[2025-10-15T07:49:50.038+0000] {processor.py:830} INFO - Processing file /home/airflow/.local/lib/python3.8/site-packages/airflow/example_dags/example_branch_day_of_week_operator.py for tasks to queue
[2025-10-15T07:49:50.039+0000] {logging_mixin.py:188} INFO - [2025-10-15T07:49:50.039+0000] {dagbag.py:540} INFO - Filling up the DagBag from /home/airflow/.local/lib/python3.8/site-packages/airflow/example_dags/example_branch_day_of_week_operator.py
[2025-10-15T07:49:50.047+0000] {processor.py:840} INFO - DAG(s) 'example_weekday_branch_operator' retrieved from /home/airflow/.local/lib/python3.8/site-packages/airflow/example_dags/example_branch_day_of_week_operator.py
[2025-10-15T07:49:50.063+0000] {logging_mixin.py:188} INFO - [2025-10-15T07:49:50.063+0000] {dag.py:3047} INFO - Sync 1 DAGs
[2025-10-15T07:49:50.083+0000] {logging_mixin.py:188} INFO - [2025-10-15T07:49:50.083+0000] {dag.py:3834} INFO - Setting next_dagrun for example_weekday_branch_operator to 2025-10-14 00:00:00+00:00, run_after=2025-10-15 00:00:00+00:00
[2025-10-15T07:49:50.117+0000] {processor.py:183} INFO - Processing /home/airflow/.local/lib/python3.8/site-packages/airflow/example_dags/example_branch_day_of_week_operator.py took 0.084 seconds
[2025-10-15T07:50:20.773+0000] {processor.py:161} INFO - Started process (PID=1130) to work on /home/airflow/.local/lib/python3.8/site-packages/airflow/example_dags/example_branch_day_of_week_operator.py
[2025-10-15T07:50:20.774+0000] {processor.py:830} INFO - Processing file /home/airflow/.local/lib/python3.8/site-packages/airflow/example_dags/example_branch_day_of_week_operator.py for tasks to queue
[2025-10-15T07:50:20.776+0000] {logging_mixin.py:188} INFO - [2025-10-15T07:50:20.775+0000] {dagbag.py:540} INFO - Filling up the DagBag from /home/airflow/.local/lib/python3.8/site-packages/airflow/example_dags/example_branch_day_of_week_operator.py
[2025-10-15T07:50:20.783+0000] {processor.py:840} INFO - DAG(s) 'example_weekday_branch_operator' retrieved from /home/airflow/.local/lib/python3.8/site-packages/airflow/example_dags/example_branch_day_of_week_operator.py
[2025-10-15T07:50:20.801+0000] {logging_mixin.py:188} INFO - [2025-10-15T07:50:20.801+0000] {dag.py:3047} INFO - Sync 1 DAGs
[2025-10-15T07:50:20.822+0000] {logging_mixin.py:188} INFO - [2025-10-15T07:50:20.822+0000] {dag.py:3834} INFO - Setting next_dagrun for example_weekday_branch_operator to 2025-10-14 00:00:00+00:00, run_after=2025-10-15 00:00:00+00:00
[2025-10-15T07:50:20.837+0000] {processor.py:183} INFO - Processing /home/airflow/.local/lib/python3.8/site-packages/airflow/example_dags/example_branch_day_of_week_operator.py took 0.067 seconds
[2025-10-15T07:50:51.693+0000] {processor.py:161} INFO - Started process (PID=1193) to work on /home/airflow/.local/lib/python3.8/site-packages/airflow/example_dags/example_branch_day_of_week_operator.py
[2025-10-15T07:50:51.694+0000] {processor.py:830} INFO - Processing file /home/airflow/.local/lib/python3.8/site-packages/airflow/example_dags/example_branch_day_of_week_operator.py for tasks to queue
[2025-10-15T07:50:51.697+0000] {logging_mixin.py:188} INFO - [2025-10-15T07:50:51.697+0000] {dagbag.py:540} INFO - Filling up the DagBag from /home/airflow/.local/lib/python3.8/site-packages/airflow/example_dags/example_branch_day_of_week_operator.py
[2025-10-15T07:50:51.705+0000] {processor.py:840} INFO - DAG(s) 'example_weekday_branch_operator' retrieved from /home/airflow/.local/lib/python3.8/site-packages/airflow/example_dags/example_branch_day_of_week_operator.py
[2025-10-15T07:50:51.722+0000] {logging_mixin.py:188} INFO - [2025-10-15T07:50:51.722+0000] {dag.py:3047} INFO - Sync 1 DAGs
[2025-10-15T07:50:51.743+0000] {logging_mixin.py:188} INFO - [2025-10-15T07:50:51.743+0000] {dag.py:3834} INFO - Setting next_dagrun for example_weekday_branch_operator to 2025-10-14 00:00:00+00:00, run_after=2025-10-15 00:00:00+00:00
[2025-10-15T07:50:51.759+0000] {processor.py:183} INFO - Processing /home/airflow/.local/lib/python3.8/site-packages/airflow/example_dags/example_branch_day_of_week_operator.py took 0.069 seconds
[2025-10-15T07:51:22.016+0000] {processor.py:161} INFO - Started process (PID=1255) to work on /home/airflow/.local/lib/python3.8/site-packages/airflow/example_dags/example_branch_day_of_week_operator.py
[2025-10-15T07:51:22.020+0000] {processor.py:830} INFO - Processing file /home/airflow/.local/lib/python3.8/site-packages/airflow/example_dags/example_branch_day_of_week_operator.py for tasks to queue
[2025-10-15T07:51:22.031+0000] {logging_mixin.py:188} INFO - [2025-10-15T07:51:22.031+0000] {dagbag.py:540} INFO - Filling up the DagBag from /home/airflow/.local/lib/python3.8/site-packages/airflow/example_dags/example_branch_day_of_week_operator.py
[2025-10-15T07:51:22.044+0000] {processor.py:840} INFO - DAG(s) 'example_weekday_branch_operator' retrieved from /home/airflow/.local/lib/python3.8/site-packages/airflow/example_dags/example_branch_day_of_week_operator.py
[2025-10-15T07:51:22.065+0000] {logging_mixin.py:188} INFO - [2025-10-15T07:51:22.064+0000] {dag.py:3047} INFO - Sync 1 DAGs
[2025-10-15T07:51:22.085+0000] {logging_mixin.py:188} INFO - [2025-10-15T07:51:22.085+0000] {dag.py:3834} INFO - Setting next_dagrun for example_weekday_branch_operator to 2025-10-14 00:00:00+00:00, run_after=2025-10-15 00:00:00+00:00
[2025-10-15T07:51:22.103+0000] {processor.py:183} INFO - Processing /home/airflow/.local/lib/python3.8/site-packages/airflow/example_dags/example_branch_day_of_week_operator.py took 0.090 seconds
[2025-10-15T07:51:52.524+0000] {processor.py:161} INFO - Started process (PID=1316) to work on /home/airflow/.local/lib/python3.8/site-packages/airflow/example_dags/example_branch_day_of_week_operator.py
[2025-10-15T07:51:52.524+0000] {processor.py:830} INFO - Processing file /home/airflow/.local/lib/python3.8/site-packages/airflow/example_dags/example_branch_day_of_week_operator.py for tasks to queue
[2025-10-15T07:51:52.526+0000] {logging_mixin.py:188} INFO - [2025-10-15T07:51:52.526+0000] {dagbag.py:540} INFO - Filling up the DagBag from /home/airflow/.local/lib/python3.8/site-packages/airflow/example_dags/example_branch_day_of_week_operator.py
[2025-10-15T07:51:52.532+0000] {processor.py:840} INFO - DAG(s) 'example_weekday_branch_operator' retrieved from /home/airflow/.local/lib/python3.8/site-packages/airflow/example_dags/example_branch_day_of_week_operator.py
[2025-10-15T07:51:52.551+0000] {logging_mixin.py:188} INFO - [2025-10-15T07:51:52.550+0000] {dag.py:3047} INFO - Sync 1 DAGs
[2025-10-15T07:51:52.572+0000] {logging_mixin.py:188} INFO - [2025-10-15T07:51:52.572+0000] {dag.py:3834} INFO - Setting next_dagrun for example_weekday_branch_operator to 2025-10-14 00:00:00+00:00, run_after=2025-10-15 00:00:00+00:00
[2025-10-15T07:51:52.589+0000] {processor.py:183} INFO - Processing /home/airflow/.local/lib/python3.8/site-packages/airflow/example_dags/example_branch_day_of_week_operator.py took 0.068 seconds
[2025-10-15T07:52:22.744+0000] {processor.py:161} INFO - Started process (PID=1378) to work on /home/airflow/.local/lib/python3.8/site-packages/airflow/example_dags/example_branch_day_of_week_operator.py
[2025-10-15T07:52:22.745+0000] {processor.py:830} INFO - Processing file /home/airflow/.local/lib/python3.8/site-packages/airflow/example_dags/example_branch_day_of_week_operator.py for tasks to queue
[2025-10-15T07:52:22.747+0000] {logging_mixin.py:188} INFO - [2025-10-15T07:52:22.747+0000] {dagbag.py:540} INFO - Filling up the DagBag from /home/airflow/.local/lib/python3.8/site-packages/airflow/example_dags/example_branch_day_of_week_operator.py
[2025-10-15T07:52:22.754+0000] {processor.py:840} INFO - DAG(s) 'example_weekday_branch_operator' retrieved from /home/airflow/.local/lib/python3.8/site-packages/airflow/example_dags/example_branch_day_of_week_operator.py
[2025-10-15T07:52:22.771+0000] {logging_mixin.py:188} INFO - [2025-10-15T07:52:22.771+0000] {dag.py:3047} INFO - Sync 1 DAGs
[2025-10-15T07:52:22.791+0000] {logging_mixin.py:188} INFO - [2025-10-15T07:52:22.791+0000] {dag.py:3834} INFO - Setting next_dagrun for example_weekday_branch_operator to 2025-10-14 00:00:00+00:00, run_after=2025-10-15 00:00:00+00:00
[2025-10-15T07:52:22.812+0000] {processor.py:183} INFO - Processing /home/airflow/.local/lib/python3.8/site-packages/airflow/example_dags/example_branch_day_of_week_operator.py took 0.071 seconds
[2025-10-15T07:52:53.607+0000] {processor.py:161} INFO - Started process (PID=1438) to work on /home/airflow/.local/lib/python3.8/site-packages/airflow/example_dags/example_branch_day_of_week_operator.py
[2025-10-15T07:52:53.608+0000] {processor.py:830} INFO - Processing file /home/airflow/.local/lib/python3.8/site-packages/airflow/example_dags/example_branch_day_of_week_operator.py for tasks to queue
[2025-10-15T07:52:53.610+0000] {logging_mixin.py:188} INFO - [2025-10-15T07:52:53.610+0000] {dagbag.py:540} INFO - Filling up the DagBag from /home/airflow/.local/lib/python3.8/site-packages/airflow/example_dags/example_branch_day_of_week_operator.py
[2025-10-15T07:52:53.616+0000] {processor.py:840} INFO - DAG(s) 'example_weekday_branch_operator' retrieved from /home/airflow/.local/lib/python3.8/site-packages/airflow/example_dags/example_branch_day_of_week_operator.py
[2025-10-15T07:52:53.634+0000] {logging_mixin.py:188} INFO - [2025-10-15T07:52:53.633+0000] {dag.py:3047} INFO - Sync 1 DAGs
[2025-10-15T07:52:53.655+0000] {logging_mixin.py:188} INFO - [2025-10-15T07:52:53.655+0000] {dag.py:3834} INFO - Setting next_dagrun for example_weekday_branch_operator to 2025-10-14 00:00:00+00:00, run_after=2025-10-15 00:00:00+00:00
[2025-10-15T07:52:53.698+0000] {processor.py:183} INFO - Processing /home/airflow/.local/lib/python3.8/site-packages/airflow/example_dags/example_branch_day_of_week_operator.py took 0.093 seconds
[2025-10-15T07:53:23.772+0000] {processor.py:161} INFO - Started process (PID=1499) to work on /home/airflow/.local/lib/python3.8/site-packages/airflow/example_dags/example_branch_day_of_week_operator.py
[2025-10-15T07:53:23.773+0000] {processor.py:830} INFO - Processing file /home/airflow/.local/lib/python3.8/site-packages/airflow/example_dags/example_branch_day_of_week_operator.py for tasks to queue
[2025-10-15T07:53:23.774+0000] {logging_mixin.py:188} INFO - [2025-10-15T07:53:23.774+0000] {dagbag.py:540} INFO - Filling up the DagBag from /home/airflow/.local/lib/python3.8/site-packages/airflow/example_dags/example_branch_day_of_week_operator.py
[2025-10-15T07:53:23.781+0000] {processor.py:840} INFO - DAG(s) 'example_weekday_branch_operator' retrieved from /home/airflow/.local/lib/python3.8/site-packages/airflow/example_dags/example_branch_day_of_week_operator.py
[2025-10-15T07:53:23.798+0000] {logging_mixin.py:188} INFO - [2025-10-15T07:53:23.798+0000] {dag.py:3047} INFO - Sync 1 DAGs
[2025-10-15T07:53:23.816+0000] {logging_mixin.py:188} INFO - [2025-10-15T07:53:23.816+0000] {dag.py:3834} INFO - Setting next_dagrun for example_weekday_branch_operator to 2025-10-14 00:00:00+00:00, run_after=2025-10-15 00:00:00+00:00
[2025-10-15T07:53:23.833+0000] {processor.py:183} INFO - Processing /home/airflow/.local/lib/python3.8/site-packages/airflow/example_dags/example_branch_day_of_week_operator.py took 0.064 seconds
[2025-10-15T07:53:54.516+0000] {processor.py:161} INFO - Started process (PID=1561) to work on /home/airflow/.local/lib/python3.8/site-packages/airflow/example_dags/example_branch_day_of_week_operator.py
[2025-10-15T07:53:54.517+0000] {processor.py:830} INFO - Processing file /home/airflow/.local/lib/python3.8/site-packages/airflow/example_dags/example_branch_day_of_week_operator.py for tasks to queue
[2025-10-15T07:53:54.518+0000] {logging_mixin.py:188} INFO - [2025-10-15T07:53:54.518+0000] {dagbag.py:540} INFO - Filling up the DagBag from /home/airflow/.local/lib/python3.8/site-packages/airflow/example_dags/example_branch_day_of_week_operator.py
[2025-10-15T07:53:54.525+0000] {processor.py:840} INFO - DAG(s) 'example_weekday_branch_operator' retrieved from /home/airflow/.local/lib/python3.8/site-packages/airflow/example_dags/example_branch_day_of_week_operator.py
[2025-10-15T07:53:54.543+0000] {logging_mixin.py:188} INFO - [2025-10-15T07:53:54.542+0000] {dag.py:3047} INFO - Sync 1 DAGs
[2025-10-15T07:53:54.562+0000] {logging_mixin.py:188} INFO - [2025-10-15T07:53:54.562+0000] {dag.py:3834} INFO - Setting next_dagrun for example_weekday_branch_operator to 2025-10-14 00:00:00+00:00, run_after=2025-10-15 00:00:00+00:00
[2025-10-15T07:53:54.581+0000] {processor.py:183} INFO - Processing /home/airflow/.local/lib/python3.8/site-packages/airflow/example_dags/example_branch_day_of_week_operator.py took 0.067 seconds
[2025-10-15T07:54:24.624+0000] {processor.py:161} INFO - Started process (PID=1621) to work on /home/airflow/.local/lib/python3.8/site-packages/airflow/example_dags/example_branch_day_of_week_operator.py
[2025-10-15T07:54:24.625+0000] {processor.py:830} INFO - Processing file /home/airflow/.local/lib/python3.8/site-packages/airflow/example_dags/example_branch_day_of_week_operator.py for tasks to queue
[2025-10-15T07:54:24.627+0000] {logging_mixin.py:188} INFO - [2025-10-15T07:54:24.626+0000] {dagbag.py:540} INFO - Filling up the DagBag from /home/airflow/.local/lib/python3.8/site-packages/airflow/example_dags/example_branch_day_of_week_operator.py
[2025-10-15T07:54:24.635+0000] {processor.py:840} INFO - DAG(s) 'example_weekday_branch_operator' retrieved from /home/airflow/.local/lib/python3.8/site-packages/airflow/example_dags/example_branch_day_of_week_operator.py
[2025-10-15T07:54:24.654+0000] {logging_mixin.py:188} INFO - [2025-10-15T07:54:24.654+0000] {dag.py:3047} INFO - Sync 1 DAGs
[2025-10-15T07:54:24.675+0000] {logging_mixin.py:188} INFO - [2025-10-15T07:54:24.675+0000] {dag.py:3834} INFO - Setting next_dagrun for example_weekday_branch_operator to 2025-10-14 00:00:00+00:00, run_after=2025-10-15 00:00:00+00:00
[2025-10-15T07:54:24.701+0000] {processor.py:183} INFO - Processing /home/airflow/.local/lib/python3.8/site-packages/airflow/example_dags/example_branch_day_of_week_operator.py took 0.080 seconds
[2025-10-15T07:54:55.065+0000] {processor.py:161} INFO - Started process (PID=1681) to work on /home/airflow/.local/lib/python3.8/site-packages/airflow/example_dags/example_branch_day_of_week_operator.py
[2025-10-15T07:54:55.066+0000] {processor.py:830} INFO - Processing file /home/airflow/.local/lib/python3.8/site-packages/airflow/example_dags/example_branch_day_of_week_operator.py for tasks to queue
[2025-10-15T07:54:55.068+0000] {logging_mixin.py:188} INFO - [2025-10-15T07:54:55.067+0000] {dagbag.py:540} INFO - Filling up the DagBag from /home/airflow/.local/lib/python3.8/site-packages/airflow/example_dags/example_branch_day_of_week_operator.py
[2025-10-15T07:54:55.083+0000] {processor.py:840} INFO - DAG(s) 'example_weekday_branch_operator' retrieved from /home/airflow/.local/lib/python3.8/site-packages/airflow/example_dags/example_branch_day_of_week_operator.py
[2025-10-15T07:54:55.114+0000] {logging_mixin.py:188} INFO - [2025-10-15T07:54:55.114+0000] {dag.py:3047} INFO - Sync 1 DAGs
[2025-10-15T07:54:55.135+0000] {logging_mixin.py:188} INFO - [2025-10-15T07:54:55.135+0000] {dag.py:3834} INFO - Setting next_dagrun for example_weekday_branch_operator to 2025-10-14 00:00:00+00:00, run_after=2025-10-15 00:00:00+00:00
[2025-10-15T07:54:55.154+0000] {processor.py:183} INFO - Processing /home/airflow/.local/lib/python3.8/site-packages/airflow/example_dags/example_branch_day_of_week_operator.py took 0.092 seconds
[2025-10-15T07:55:25.216+0000] {processor.py:161} INFO - Started process (PID=1743) to work on /home/airflow/.local/lib/python3.8/site-packages/airflow/example_dags/example_branch_day_of_week_operator.py
[2025-10-15T07:55:25.217+0000] {processor.py:830} INFO - Processing file /home/airflow/.local/lib/python3.8/site-packages/airflow/example_dags/example_branch_day_of_week_operator.py for tasks to queue
[2025-10-15T07:55:25.218+0000] {logging_mixin.py:188} INFO - [2025-10-15T07:55:25.218+0000] {dagbag.py:540} INFO - Filling up the DagBag from /home/airflow/.local/lib/python3.8/site-packages/airflow/example_dags/example_branch_day_of_week_operator.py
[2025-10-15T07:55:25.225+0000] {processor.py:840} INFO - DAG(s) 'example_weekday_branch_operator' retrieved from /home/airflow/.local/lib/python3.8/site-packages/airflow/example_dags/example_branch_day_of_week_operator.py
[2025-10-15T07:55:25.242+0000] {logging_mixin.py:188} INFO - [2025-10-15T07:55:25.242+0000] {dag.py:3047} INFO - Sync 1 DAGs
[2025-10-15T07:55:25.262+0000] {logging_mixin.py:188} INFO - [2025-10-15T07:55:25.262+0000] {dag.py:3834} INFO - Setting next_dagrun for example_weekday_branch_operator to 2025-10-14 00:00:00+00:00, run_after=2025-10-15 00:00:00+00:00
[2025-10-15T07:55:25.280+0000] {processor.py:183} INFO - Processing /home/airflow/.local/lib/python3.8/site-packages/airflow/example_dags/example_branch_day_of_week_operator.py took 0.066 seconds
[2025-10-15T07:55:55.816+0000] {processor.py:161} INFO - Started process (PID=1804) to work on /home/airflow/.local/lib/python3.8/site-packages/airflow/example_dags/example_branch_day_of_week_operator.py
[2025-10-15T07:55:55.816+0000] {processor.py:830} INFO - Processing file /home/airflow/.local/lib/python3.8/site-packages/airflow/example_dags/example_branch_day_of_week_operator.py for tasks to queue
[2025-10-15T07:55:55.818+0000] {logging_mixin.py:188} INFO - [2025-10-15T07:55:55.818+0000] {dagbag.py:540} INFO - Filling up the DagBag from /home/airflow/.local/lib/python3.8/site-packages/airflow/example_dags/example_branch_day_of_week_operator.py
[2025-10-15T07:55:55.824+0000] {processor.py:840} INFO - DAG(s) 'example_weekday_branch_operator' retrieved from /home/airflow/.local/lib/python3.8/site-packages/airflow/example_dags/example_branch_day_of_week_operator.py
[2025-10-15T07:55:55.840+0000] {logging_mixin.py:188} INFO - [2025-10-15T07:55:55.839+0000] {dag.py:3047} INFO - Sync 1 DAGs
[2025-10-15T07:55:55.859+0000] {logging_mixin.py:188} INFO - [2025-10-15T07:55:55.859+0000] {dag.py:3834} INFO - Setting next_dagrun for example_weekday_branch_operator to 2025-10-14 00:00:00+00:00, run_after=2025-10-15 00:00:00+00:00
[2025-10-15T07:55:55.876+0000] {processor.py:183} INFO - Processing /home/airflow/.local/lib/python3.8/site-packages/airflow/example_dags/example_branch_day_of_week_operator.py took 0.063 seconds
[2025-10-15T07:56:26.099+0000] {processor.py:161} INFO - Started process (PID=1864) to work on /home/airflow/.local/lib/python3.8/site-packages/airflow/example_dags/example_branch_day_of_week_operator.py
[2025-10-15T07:56:26.100+0000] {processor.py:830} INFO - Processing file /home/airflow/.local/lib/python3.8/site-packages/airflow/example_dags/example_branch_day_of_week_operator.py for tasks to queue
[2025-10-15T07:56:26.102+0000] {logging_mixin.py:188} INFO - [2025-10-15T07:56:26.101+0000] {dagbag.py:540} INFO - Filling up the DagBag from /home/airflow/.local/lib/python3.8/site-packages/airflow/example_dags/example_branch_day_of_week_operator.py
[2025-10-15T07:56:26.108+0000] {processor.py:840} INFO - DAG(s) 'example_weekday_branch_operator' retrieved from /home/airflow/.local/lib/python3.8/site-packages/airflow/example_dags/example_branch_day_of_week_operator.py
[2025-10-15T07:56:26.126+0000] {logging_mixin.py:188} INFO - [2025-10-15T07:56:26.126+0000] {dag.py:3047} INFO - Sync 1 DAGs
[2025-10-15T07:56:26.145+0000] {logging_mixin.py:188} INFO - [2025-10-15T07:56:26.145+0000] {dag.py:3834} INFO - Setting next_dagrun for example_weekday_branch_operator to 2025-10-14 00:00:00+00:00, run_after=2025-10-15 00:00:00+00:00
[2025-10-15T07:56:26.162+0000] {processor.py:183} INFO - Processing /home/airflow/.local/lib/python3.8/site-packages/airflow/example_dags/example_branch_day_of_week_operator.py took 0.066 seconds
[2025-10-15T07:56:56.324+0000] {processor.py:161} INFO - Started process (PID=1924) to work on /home/airflow/.local/lib/python3.8/site-packages/airflow/example_dags/example_branch_day_of_week_operator.py
[2025-10-15T07:56:56.325+0000] {processor.py:830} INFO - Processing file /home/airflow/.local/lib/python3.8/site-packages/airflow/example_dags/example_branch_day_of_week_operator.py for tasks to queue
[2025-10-15T07:56:56.327+0000] {logging_mixin.py:188} INFO - [2025-10-15T07:56:56.327+0000] {dagbag.py:540} INFO - Filling up the DagBag from /home/airflow/.local/lib/python3.8/site-packages/airflow/example_dags/example_branch_day_of_week_operator.py
[2025-10-15T07:56:56.334+0000] {processor.py:840} INFO - DAG(s) 'example_weekday_branch_operator' retrieved from /home/airflow/.local/lib/python3.8/site-packages/airflow/example_dags/example_branch_day_of_week_operator.py
[2025-10-15T07:56:56.350+0000] {logging_mixin.py:188} INFO - [2025-10-15T07:56:56.349+0000] {dag.py:3047} INFO - Sync 1 DAGs
[2025-10-15T07:56:56.368+0000] {logging_mixin.py:188} INFO - [2025-10-15T07:56:56.368+0000] {dag.py:3834} INFO - Setting next_dagrun for example_weekday_branch_operator to 2025-10-14 00:00:00+00:00, run_after=2025-10-15 00:00:00+00:00
[2025-10-15T07:56:56.386+0000] {processor.py:183} INFO - Processing /home/airflow/.local/lib/python3.8/site-packages/airflow/example_dags/example_branch_day_of_week_operator.py took 0.064 seconds
[2025-10-15T07:57:26.584+0000] {processor.py:161} INFO - Started process (PID=1985) to work on /home/airflow/.local/lib/python3.8/site-packages/airflow/example_dags/example_branch_day_of_week_operator.py
[2025-10-15T07:57:26.585+0000] {processor.py:830} INFO - Processing file /home/airflow/.local/lib/python3.8/site-packages/airflow/example_dags/example_branch_day_of_week_operator.py for tasks to queue
[2025-10-15T07:57:26.587+0000] {logging_mixin.py:188} INFO - [2025-10-15T07:57:26.587+0000] {dagbag.py:540} INFO - Filling up the DagBag from /home/airflow/.local/lib/python3.8/site-packages/airflow/example_dags/example_branch_day_of_week_operator.py
[2025-10-15T07:57:26.594+0000] {processor.py:840} INFO - DAG(s) 'example_weekday_branch_operator' retrieved from /home/airflow/.local/lib/python3.8/site-packages/airflow/example_dags/example_branch_day_of_week_operator.py
[2025-10-15T07:57:26.615+0000] {logging_mixin.py:188} INFO - [2025-10-15T07:57:26.615+0000] {dag.py:3047} INFO - Sync 1 DAGs
[2025-10-15T07:57:26.636+0000] {logging_mixin.py:188} INFO - [2025-10-15T07:57:26.635+0000] {dag.py:3834} INFO - Setting next_dagrun for example_weekday_branch_operator to 2025-10-14 00:00:00+00:00, run_after=2025-10-15 00:00:00+00:00
[2025-10-15T07:57:26.652+0000] {processor.py:183} INFO - Processing /home/airflow/.local/lib/python3.8/site-packages/airflow/example_dags/example_branch_day_of_week_operator.py took 0.071 seconds
[2025-10-15T07:57:57.309+0000] {processor.py:161} INFO - Started process (PID=2046) to work on /home/airflow/.local/lib/python3.8/site-packages/airflow/example_dags/example_branch_day_of_week_operator.py
[2025-10-15T07:57:57.310+0000] {processor.py:830} INFO - Processing file /home/airflow/.local/lib/python3.8/site-packages/airflow/example_dags/example_branch_day_of_week_operator.py for tasks to queue
[2025-10-15T07:57:57.312+0000] {logging_mixin.py:188} INFO - [2025-10-15T07:57:57.312+0000] {dagbag.py:540} INFO - Filling up the DagBag from /home/airflow/.local/lib/python3.8/site-packages/airflow/example_dags/example_branch_day_of_week_operator.py
[2025-10-15T07:57:57.320+0000] {processor.py:840} INFO - DAG(s) 'example_weekday_branch_operator' retrieved from /home/airflow/.local/lib/python3.8/site-packages/airflow/example_dags/example_branch_day_of_week_operator.py
[2025-10-15T07:57:57.338+0000] {logging_mixin.py:188} INFO - [2025-10-15T07:57:57.337+0000] {dag.py:3047} INFO - Sync 1 DAGs
[2025-10-15T07:57:57.358+0000] {logging_mixin.py:188} INFO - [2025-10-15T07:57:57.358+0000] {dag.py:3834} INFO - Setting next_dagrun for example_weekday_branch_operator to 2025-10-14 00:00:00+00:00, run_after=2025-10-15 00:00:00+00:00
[2025-10-15T07:57:57.374+0000] {processor.py:183} INFO - Processing /home/airflow/.local/lib/python3.8/site-packages/airflow/example_dags/example_branch_day_of_week_operator.py took 0.067 seconds
[2025-10-15T07:58:27.465+0000] {processor.py:161} INFO - Started process (PID=2105) to work on /home/airflow/.local/lib/python3.8/site-packages/airflow/example_dags/example_branch_day_of_week_operator.py
[2025-10-15T07:58:27.466+0000] {processor.py:830} INFO - Processing file /home/airflow/.local/lib/python3.8/site-packages/airflow/example_dags/example_branch_day_of_week_operator.py for tasks to queue
[2025-10-15T07:58:27.468+0000] {logging_mixin.py:188} INFO - [2025-10-15T07:58:27.468+0000] {dagbag.py:540} INFO - Filling up the DagBag from /home/airflow/.local/lib/python3.8/site-packages/airflow/example_dags/example_branch_day_of_week_operator.py
[2025-10-15T07:58:27.476+0000] {processor.py:840} INFO - DAG(s) 'example_weekday_branch_operator' retrieved from /home/airflow/.local/lib/python3.8/site-packages/airflow/example_dags/example_branch_day_of_week_operator.py
[2025-10-15T07:58:27.495+0000] {logging_mixin.py:188} INFO - [2025-10-15T07:58:27.495+0000] {dag.py:3047} INFO - Sync 1 DAGs
[2025-10-15T07:58:27.514+0000] {logging_mixin.py:188} INFO - [2025-10-15T07:58:27.513+0000] {dag.py:3834} INFO - Setting next_dagrun for example_weekday_branch_operator to 2025-10-14 00:00:00+00:00, run_after=2025-10-15 00:00:00+00:00
[2025-10-15T07:58:27.528+0000] {processor.py:183} INFO - Processing /home/airflow/.local/lib/python3.8/site-packages/airflow/example_dags/example_branch_day_of_week_operator.py took 0.066 seconds
[2025-10-15T07:58:57.636+0000] {processor.py:161} INFO - Started process (PID=2166) to work on /home/airflow/.local/lib/python3.8/site-packages/airflow/example_dags/example_branch_day_of_week_operator.py
[2025-10-15T07:58:57.637+0000] {processor.py:830} INFO - Processing file /home/airflow/.local/lib/python3.8/site-packages/airflow/example_dags/example_branch_day_of_week_operator.py for tasks to queue
[2025-10-15T07:58:57.638+0000] {logging_mixin.py:188} INFO - [2025-10-15T07:58:57.638+0000] {dagbag.py:540} INFO - Filling up the DagBag from /home/airflow/.local/lib/python3.8/site-packages/airflow/example_dags/example_branch_day_of_week_operator.py
[2025-10-15T07:58:57.645+0000] {processor.py:840} INFO - DAG(s) 'example_weekday_branch_operator' retrieved from /home/airflow/.local/lib/python3.8/site-packages/airflow/example_dags/example_branch_day_of_week_operator.py
[2025-10-15T07:58:57.662+0000] {logging_mixin.py:188} INFO - [2025-10-15T07:58:57.662+0000] {dag.py:3047} INFO - Sync 1 DAGs
[2025-10-15T07:58:57.681+0000] {logging_mixin.py:188} INFO - [2025-10-15T07:58:57.681+0000] {dag.py:3834} INFO - Setting next_dagrun for example_weekday_branch_operator to 2025-10-14 00:00:00+00:00, run_after=2025-10-15 00:00:00+00:00
[2025-10-15T07:58:57.697+0000] {processor.py:183} INFO - Processing /home/airflow/.local/lib/python3.8/site-packages/airflow/example_dags/example_branch_day_of_week_operator.py took 0.064 seconds
[2025-10-15T07:59:27.831+0000] {processor.py:161} INFO - Started process (PID=2226) to work on /home/airflow/.local/lib/python3.8/site-packages/airflow/example_dags/example_branch_day_of_week_operator.py
[2025-10-15T07:59:27.832+0000] {processor.py:830} INFO - Processing file /home/airflow/.local/lib/python3.8/site-packages/airflow/example_dags/example_branch_day_of_week_operator.py for tasks to queue
[2025-10-15T07:59:27.834+0000] {logging_mixin.py:188} INFO - [2025-10-15T07:59:27.834+0000] {dagbag.py:540} INFO - Filling up the DagBag from /home/airflow/.local/lib/python3.8/site-packages/airflow/example_dags/example_branch_day_of_week_operator.py
[2025-10-15T07:59:27.841+0000] {processor.py:840} INFO - DAG(s) 'example_weekday_branch_operator' retrieved from /home/airflow/.local/lib/python3.8/site-packages/airflow/example_dags/example_branch_day_of_week_operator.py
[2025-10-15T07:59:27.858+0000] {logging_mixin.py:188} INFO - [2025-10-15T07:59:27.857+0000] {dag.py:3047} INFO - Sync 1 DAGs
[2025-10-15T07:59:27.878+0000] {logging_mixin.py:188} INFO - [2025-10-15T07:59:27.878+0000] {dag.py:3834} INFO - Setting next_dagrun for example_weekday_branch_operator to 2025-10-14 00:00:00+00:00, run_after=2025-10-15 00:00:00+00:00
[2025-10-15T07:59:27.896+0000] {processor.py:183} INFO - Processing /home/airflow/.local/lib/python3.8/site-packages/airflow/example_dags/example_branch_day_of_week_operator.py took 0.067 seconds
[2025-10-15T07:59:58.717+0000] {processor.py:161} INFO - Started process (PID=2285) to work on /home/airflow/.local/lib/python3.8/site-packages/airflow/example_dags/example_branch_day_of_week_operator.py
[2025-10-15T07:59:58.718+0000] {processor.py:830} INFO - Processing file /home/airflow/.local/lib/python3.8/site-packages/airflow/example_dags/example_branch_day_of_week_operator.py for tasks to queue
[2025-10-15T07:59:58.719+0000] {logging_mixin.py:188} INFO - [2025-10-15T07:59:58.719+0000] {dagbag.py:540} INFO - Filling up the DagBag from /home/airflow/.local/lib/python3.8/site-packages/airflow/example_dags/example_branch_day_of_week_operator.py
[2025-10-15T07:59:58.725+0000] {processor.py:840} INFO - DAG(s) 'example_weekday_branch_operator' retrieved from /home/airflow/.local/lib/python3.8/site-packages/airflow/example_dags/example_branch_day_of_week_operator.py
[2025-10-15T07:59:58.743+0000] {logging_mixin.py:188} INFO - [2025-10-15T07:59:58.743+0000] {dag.py:3047} INFO - Sync 1 DAGs
[2025-10-15T07:59:58.765+0000] {logging_mixin.py:188} INFO - [2025-10-15T07:59:58.765+0000] {dag.py:3834} INFO - Setting next_dagrun for example_weekday_branch_operator to 2025-10-14 00:00:00+00:00, run_after=2025-10-15 00:00:00+00:00
[2025-10-15T07:59:58.786+0000] {processor.py:183} INFO - Processing /home/airflow/.local/lib/python3.8/site-packages/airflow/example_dags/example_branch_day_of_week_operator.py took 0.072 seconds
[2025-10-15T08:00:28.870+0000] {processor.py:161} INFO - Started process (PID=2346) to work on /home/airflow/.local/lib/python3.8/site-packages/airflow/example_dags/example_branch_day_of_week_operator.py
[2025-10-15T08:00:28.871+0000] {processor.py:830} INFO - Processing file /home/airflow/.local/lib/python3.8/site-packages/airflow/example_dags/example_branch_day_of_week_operator.py for tasks to queue
[2025-10-15T08:00:28.872+0000] {logging_mixin.py:188} INFO - [2025-10-15T08:00:28.871+0000] {dagbag.py:540} INFO - Filling up the DagBag from /home/airflow/.local/lib/python3.8/site-packages/airflow/example_dags/example_branch_day_of_week_operator.py
[2025-10-15T08:00:28.879+0000] {processor.py:840} INFO - DAG(s) 'example_weekday_branch_operator' retrieved from /home/airflow/.local/lib/python3.8/site-packages/airflow/example_dags/example_branch_day_of_week_operator.py
[2025-10-15T08:00:28.896+0000] {logging_mixin.py:188} INFO - [2025-10-15T08:00:28.896+0000] {dag.py:3047} INFO - Sync 1 DAGs
[2025-10-15T08:00:28.916+0000] {logging_mixin.py:188} INFO - [2025-10-15T08:00:28.916+0000] {dag.py:3834} INFO - Setting next_dagrun for example_weekday_branch_operator to 2025-10-14 00:00:00+00:00, run_after=2025-10-15 00:00:00+00:00
[2025-10-15T08:00:28.935+0000] {processor.py:183} INFO - Processing /home/airflow/.local/lib/python3.8/site-packages/airflow/example_dags/example_branch_day_of_week_operator.py took 0.068 seconds
[2025-10-15T08:00:59.174+0000] {processor.py:161} INFO - Started process (PID=2409) to work on /home/airflow/.local/lib/python3.8/site-packages/airflow/example_dags/example_branch_day_of_week_operator.py
[2025-10-15T08:00:59.175+0000] {processor.py:830} INFO - Processing file /home/airflow/.local/lib/python3.8/site-packages/airflow/example_dags/example_branch_day_of_week_operator.py for tasks to queue
[2025-10-15T08:00:59.175+0000] {logging_mixin.py:188} INFO - [2025-10-15T08:00:59.175+0000] {dagbag.py:540} INFO - Filling up the DagBag from /home/airflow/.local/lib/python3.8/site-packages/airflow/example_dags/example_branch_day_of_week_operator.py
[2025-10-15T08:00:59.182+0000] {processor.py:840} INFO - DAG(s) 'example_weekday_branch_operator' retrieved from /home/airflow/.local/lib/python3.8/site-packages/airflow/example_dags/example_branch_day_of_week_operator.py
[2025-10-15T08:00:59.200+0000] {logging_mixin.py:188} INFO - [2025-10-15T08:00:59.200+0000] {dag.py:3047} INFO - Sync 1 DAGs
[2025-10-15T08:00:59.222+0000] {logging_mixin.py:188} INFO - [2025-10-15T08:00:59.222+0000] {dag.py:3834} INFO - Setting next_dagrun for example_weekday_branch_operator to 2025-10-14 00:00:00+00:00, run_after=2025-10-15 00:00:00+00:00
[2025-10-15T08:00:59.238+0000] {processor.py:183} INFO - Processing /home/airflow/.local/lib/python3.8/site-packages/airflow/example_dags/example_branch_day_of_week_operator.py took 0.067 seconds
[2025-10-15T08:01:29.527+0000] {processor.py:161} INFO - Started process (PID=2472) to work on /home/airflow/.local/lib/python3.8/site-packages/airflow/example_dags/example_branch_day_of_week_operator.py
[2025-10-15T08:01:29.528+0000] {processor.py:830} INFO - Processing file /home/airflow/.local/lib/python3.8/site-packages/airflow/example_dags/example_branch_day_of_week_operator.py for tasks to queue
[2025-10-15T08:01:29.529+0000] {logging_mixin.py:188} INFO - [2025-10-15T08:01:29.528+0000] {dagbag.py:540} INFO - Filling up the DagBag from /home/airflow/.local/lib/python3.8/site-packages/airflow/example_dags/example_branch_day_of_week_operator.py
[2025-10-15T08:01:29.535+0000] {processor.py:840} INFO - DAG(s) 'example_weekday_branch_operator' retrieved from /home/airflow/.local/lib/python3.8/site-packages/airflow/example_dags/example_branch_day_of_week_operator.py
[2025-10-15T08:01:29.554+0000] {logging_mixin.py:188} INFO - [2025-10-15T08:01:29.553+0000] {dag.py:3047} INFO - Sync 1 DAGs
[2025-10-15T08:01:29.573+0000] {logging_mixin.py:188} INFO - [2025-10-15T08:01:29.573+0000] {dag.py:3834} INFO - Setting next_dagrun for example_weekday_branch_operator to 2025-10-14 00:00:00+00:00, run_after=2025-10-15 00:00:00+00:00
[2025-10-15T08:01:29.591+0000] {processor.py:183} INFO - Processing /home/airflow/.local/lib/python3.8/site-packages/airflow/example_dags/example_branch_day_of_week_operator.py took 0.066 seconds
[2025-10-15T08:01:59.775+0000] {processor.py:161} INFO - Started process (PID=2532) to work on /home/airflow/.local/lib/python3.8/site-packages/airflow/example_dags/example_branch_day_of_week_operator.py
[2025-10-15T08:01:59.776+0000] {processor.py:830} INFO - Processing file /home/airflow/.local/lib/python3.8/site-packages/airflow/example_dags/example_branch_day_of_week_operator.py for tasks to queue
[2025-10-15T08:01:59.777+0000] {logging_mixin.py:188} INFO - [2025-10-15T08:01:59.777+0000] {dagbag.py:540} INFO - Filling up the DagBag from /home/airflow/.local/lib/python3.8/site-packages/airflow/example_dags/example_branch_day_of_week_operator.py
[2025-10-15T08:01:59.783+0000] {processor.py:840} INFO - DAG(s) 'example_weekday_branch_operator' retrieved from /home/airflow/.local/lib/python3.8/site-packages/airflow/example_dags/example_branch_day_of_week_operator.py
[2025-10-15T08:01:59.802+0000] {logging_mixin.py:188} INFO - [2025-10-15T08:01:59.801+0000] {dag.py:3047} INFO - Sync 1 DAGs
[2025-10-15T08:01:59.821+0000] {logging_mixin.py:188} INFO - [2025-10-15T08:01:59.821+0000] {dag.py:3834} INFO - Setting next_dagrun for example_weekday_branch_operator to 2025-10-14 00:00:00+00:00, run_after=2025-10-15 00:00:00+00:00
[2025-10-15T08:01:59.839+0000] {processor.py:183} INFO - Processing /home/airflow/.local/lib/python3.8/site-packages/airflow/example_dags/example_branch_day_of_week_operator.py took 0.066 seconds
[2025-10-15T08:02:29.948+0000] {processor.py:161} INFO - Started process (PID=2595) to work on /home/airflow/.local/lib/python3.8/site-packages/airflow/example_dags/example_branch_day_of_week_operator.py
[2025-10-15T08:02:29.949+0000] {processor.py:830} INFO - Processing file /home/airflow/.local/lib/python3.8/site-packages/airflow/example_dags/example_branch_day_of_week_operator.py for tasks to queue
[2025-10-15T08:02:29.950+0000] {logging_mixin.py:188} INFO - [2025-10-15T08:02:29.950+0000] {dagbag.py:540} INFO - Filling up the DagBag from /home/airflow/.local/lib/python3.8/site-packages/airflow/example_dags/example_branch_day_of_week_operator.py
[2025-10-15T08:02:29.958+0000] {processor.py:840} INFO - DAG(s) 'example_weekday_branch_operator' retrieved from /home/airflow/.local/lib/python3.8/site-packages/airflow/example_dags/example_branch_day_of_week_operator.py
[2025-10-15T08:02:29.980+0000] {logging_mixin.py:188} INFO - [2025-10-15T08:02:29.980+0000] {dag.py:3047} INFO - Sync 1 DAGs
[2025-10-15T08:02:30.002+0000] {logging_mixin.py:188} INFO - [2025-10-15T08:02:30.002+0000] {dag.py:3834} INFO - Setting next_dagrun for example_weekday_branch_operator to 2025-10-14 00:00:00+00:00, run_after=2025-10-15 00:00:00+00:00
[2025-10-15T08:02:30.021+0000] {processor.py:183} INFO - Processing /home/airflow/.local/lib/python3.8/site-packages/airflow/example_dags/example_branch_day_of_week_operator.py took 0.076 seconds
[2025-10-15T08:03:00.241+0000] {processor.py:161} INFO - Started process (PID=2655) to work on /home/airflow/.local/lib/python3.8/site-packages/airflow/example_dags/example_branch_day_of_week_operator.py
[2025-10-15T08:03:00.242+0000] {processor.py:830} INFO - Processing file /home/airflow/.local/lib/python3.8/site-packages/airflow/example_dags/example_branch_day_of_week_operator.py for tasks to queue
[2025-10-15T08:03:00.243+0000] {logging_mixin.py:188} INFO - [2025-10-15T08:03:00.243+0000] {dagbag.py:540} INFO - Filling up the DagBag from /home/airflow/.local/lib/python3.8/site-packages/airflow/example_dags/example_branch_day_of_week_operator.py
[2025-10-15T08:03:00.252+0000] {processor.py:840} INFO - DAG(s) 'example_weekday_branch_operator' retrieved from /home/airflow/.local/lib/python3.8/site-packages/airflow/example_dags/example_branch_day_of_week_operator.py
[2025-10-15T08:03:00.270+0000] {logging_mixin.py:188} INFO - [2025-10-15T08:03:00.270+0000] {dag.py:3047} INFO - Sync 1 DAGs
[2025-10-15T08:03:00.292+0000] {logging_mixin.py:188} INFO - [2025-10-15T08:03:00.291+0000] {dag.py:3834} INFO - Setting next_dagrun for example_weekday_branch_operator to 2025-10-14 00:00:00+00:00, run_after=2025-10-15 00:00:00+00:00
[2025-10-15T08:03:00.308+0000] {processor.py:183} INFO - Processing /home/airflow/.local/lib/python3.8/site-packages/airflow/example_dags/example_branch_day_of_week_operator.py took 0.070 seconds
