[2025-10-15T07:41:40.907+0000] {processor.py:161} INFO - Started process (PID=90) to work on /home/airflow/.local/lib/python3.8/site-packages/airflow/example_dags/example_params_trigger_ui.py
[2025-10-15T07:41:40.909+0000] {processor.py:830} INFO - Processing file /home/airflow/.local/lib/python3.8/site-packages/airflow/example_dags/example_params_trigger_ui.py for tasks to queue
[2025-10-15T07:41:40.911+0000] {logging_mixin.py:188} INFO - [2025-10-15T07:41:40.910+0000] {dagbag.py:540} INFO - Filling up the DagBag from /home/airflow/.local/lib/python3.8/site-packages/airflow/example_dags/example_params_trigger_ui.py
[2025-10-15T07:41:40.933+0000] {processor.py:840} INFO - DAG(s) 'example_params_trigger_ui' retrieved from /home/airflow/.local/lib/python3.8/site-packages/airflow/example_dags/example_params_trigger_ui.py
[2025-10-15T07:41:41.067+0000] {logging_mixin.py:188} INFO - [2025-10-15T07:41:41.066+0000] {dag.py:3047} INFO - Sync 1 DAGs
[2025-10-15T07:41:41.077+0000] {logging_mixin.py:188} INFO - [2025-10-15T07:41:41.076+0000] {dag.py:3834} INFO - Setting next_dagrun for example_params_trigger_ui to None, run_after=None
[2025-10-15T07:41:41.101+0000] {processor.py:183} INFO - Processing /home/airflow/.local/lib/python3.8/site-packages/airflow/example_dags/example_params_trigger_ui.py took 0.197 seconds
[2025-10-15T07:42:11.821+0000] {processor.py:161} INFO - Started process (PID=151) to work on /home/airflow/.local/lib/python3.8/site-packages/airflow/example_dags/example_params_trigger_ui.py
[2025-10-15T07:42:11.822+0000] {processor.py:830} INFO - Processing file /home/airflow/.local/lib/python3.8/site-packages/airflow/example_dags/example_params_trigger_ui.py for tasks to queue
[2025-10-15T07:42:11.823+0000] {logging_mixin.py:188} INFO - [2025-10-15T07:42:11.823+0000] {dagbag.py:540} INFO - Filling up the DagBag from /home/airflow/.local/lib/python3.8/site-packages/airflow/example_dags/example_params_trigger_ui.py
[2025-10-15T07:42:11.835+0000] {processor.py:840} INFO - DAG(s) 'example_params_trigger_ui' retrieved from /home/airflow/.local/lib/python3.8/site-packages/airflow/example_dags/example_params_trigger_ui.py
[2025-10-15T07:42:11.885+0000] {logging_mixin.py:188} INFO - [2025-10-15T07:42:11.885+0000] {dag.py:3047} INFO - Sync 1 DAGs
[2025-10-15T07:42:11.900+0000] {logging_mixin.py:188} INFO - [2025-10-15T07:42:11.900+0000] {dag.py:3834} INFO - Setting next_dagrun for example_params_trigger_ui to None, run_after=None
[2025-10-15T07:42:11.916+0000] {processor.py:183} INFO - Processing /home/airflow/.local/lib/python3.8/site-packages/airflow/example_dags/example_params_trigger_ui.py took 0.098 seconds
[2025-10-15T07:42:42.258+0000] {processor.py:161} INFO - Started process (PID=211) to work on /home/airflow/.local/lib/python3.8/site-packages/airflow/example_dags/example_params_trigger_ui.py
[2025-10-15T07:42:42.259+0000] {processor.py:830} INFO - Processing file /home/airflow/.local/lib/python3.8/site-packages/airflow/example_dags/example_params_trigger_ui.py for tasks to queue
[2025-10-15T07:42:42.261+0000] {logging_mixin.py:188} INFO - [2025-10-15T07:42:42.260+0000] {dagbag.py:540} INFO - Filling up the DagBag from /home/airflow/.local/lib/python3.8/site-packages/airflow/example_dags/example_params_trigger_ui.py
[2025-10-15T07:42:42.271+0000] {processor.py:840} INFO - DAG(s) 'example_params_trigger_ui' retrieved from /home/airflow/.local/lib/python3.8/site-packages/airflow/example_dags/example_params_trigger_ui.py
[2025-10-15T07:42:42.320+0000] {logging_mixin.py:188} INFO - [2025-10-15T07:42:42.320+0000] {dag.py:3047} INFO - Sync 1 DAGs
[2025-10-15T07:42:42.331+0000] {logging_mixin.py:188} INFO - [2025-10-15T07:42:42.331+0000] {dag.py:3834} INFO - Setting next_dagrun for example_params_trigger_ui to None, run_after=None
[2025-10-15T07:42:42.349+0000] {processor.py:183} INFO - Processing /home/airflow/.local/lib/python3.8/site-packages/airflow/example_dags/example_params_trigger_ui.py took 0.094 seconds
[2025-10-15T07:43:13.360+0000] {processor.py:161} INFO - Started process (PID=271) to work on /home/airflow/.local/lib/python3.8/site-packages/airflow/example_dags/example_params_trigger_ui.py
[2025-10-15T07:43:13.361+0000] {processor.py:830} INFO - Processing file /home/airflow/.local/lib/python3.8/site-packages/airflow/example_dags/example_params_trigger_ui.py for tasks to queue
[2025-10-15T07:43:13.363+0000] {logging_mixin.py:188} INFO - [2025-10-15T07:43:13.363+0000] {dagbag.py:540} INFO - Filling up the DagBag from /home/airflow/.local/lib/python3.8/site-packages/airflow/example_dags/example_params_trigger_ui.py
[2025-10-15T07:43:13.379+0000] {processor.py:840} INFO - DAG(s) 'example_params_trigger_ui' retrieved from /home/airflow/.local/lib/python3.8/site-packages/airflow/example_dags/example_params_trigger_ui.py
[2025-10-15T07:43:13.434+0000] {logging_mixin.py:188} INFO - [2025-10-15T07:43:13.433+0000] {dag.py:3047} INFO - Sync 1 DAGs
[2025-10-15T07:43:13.449+0000] {logging_mixin.py:188} INFO - [2025-10-15T07:43:13.449+0000] {dag.py:3834} INFO - Setting next_dagrun for example_params_trigger_ui to None, run_after=None
[2025-10-15T07:43:13.471+0000] {processor.py:183} INFO - Processing /home/airflow/.local/lib/python3.8/site-packages/airflow/example_dags/example_params_trigger_ui.py took 0.114 seconds
[2025-10-15T07:43:43.761+0000] {processor.py:161} INFO - Started process (PID=329) to work on /home/airflow/.local/lib/python3.8/site-packages/airflow/example_dags/example_params_trigger_ui.py
[2025-10-15T07:43:43.762+0000] {processor.py:830} INFO - Processing file /home/airflow/.local/lib/python3.8/site-packages/airflow/example_dags/example_params_trigger_ui.py for tasks to queue
[2025-10-15T07:43:43.763+0000] {logging_mixin.py:188} INFO - [2025-10-15T07:43:43.763+0000] {dagbag.py:540} INFO - Filling up the DagBag from /home/airflow/.local/lib/python3.8/site-packages/airflow/example_dags/example_params_trigger_ui.py
[2025-10-15T07:43:43.775+0000] {processor.py:840} INFO - DAG(s) 'example_params_trigger_ui' retrieved from /home/airflow/.local/lib/python3.8/site-packages/airflow/example_dags/example_params_trigger_ui.py
[2025-10-15T07:43:43.823+0000] {logging_mixin.py:188} INFO - [2025-10-15T07:43:43.822+0000] {dag.py:3047} INFO - Sync 1 DAGs
[2025-10-15T07:43:43.834+0000] {logging_mixin.py:188} INFO - [2025-10-15T07:43:43.833+0000] {dag.py:3834} INFO - Setting next_dagrun for example_params_trigger_ui to None, run_after=None
[2025-10-15T07:43:43.856+0000] {processor.py:183} INFO - Processing /home/airflow/.local/lib/python3.8/site-packages/airflow/example_dags/example_params_trigger_ui.py took 0.098 seconds
[2025-10-15T07:44:14.203+0000] {processor.py:161} INFO - Started process (PID=389) to work on /home/airflow/.local/lib/python3.8/site-packages/airflow/example_dags/example_params_trigger_ui.py
[2025-10-15T07:44:14.204+0000] {processor.py:830} INFO - Processing file /home/airflow/.local/lib/python3.8/site-packages/airflow/example_dags/example_params_trigger_ui.py for tasks to queue
[2025-10-15T07:44:14.206+0000] {logging_mixin.py:188} INFO - [2025-10-15T07:44:14.206+0000] {dagbag.py:540} INFO - Filling up the DagBag from /home/airflow/.local/lib/python3.8/site-packages/airflow/example_dags/example_params_trigger_ui.py
[2025-10-15T07:44:14.219+0000] {processor.py:840} INFO - DAG(s) 'example_params_trigger_ui' retrieved from /home/airflow/.local/lib/python3.8/site-packages/airflow/example_dags/example_params_trigger_ui.py
[2025-10-15T07:44:14.266+0000] {logging_mixin.py:188} INFO - [2025-10-15T07:44:14.266+0000] {dag.py:3047} INFO - Sync 1 DAGs
[2025-10-15T07:44:14.277+0000] {logging_mixin.py:188} INFO - [2025-10-15T07:44:14.277+0000] {dag.py:3834} INFO - Setting next_dagrun for example_params_trigger_ui to None, run_after=None
[2025-10-15T07:44:14.295+0000] {processor.py:183} INFO - Processing /home/airflow/.local/lib/python3.8/site-packages/airflow/example_dags/example_params_trigger_ui.py took 0.094 seconds
[2025-10-15T07:44:44.344+0000] {processor.py:161} INFO - Started process (PID=449) to work on /home/airflow/.local/lib/python3.8/site-packages/airflow/example_dags/example_params_trigger_ui.py
[2025-10-15T07:44:44.345+0000] {processor.py:830} INFO - Processing file /home/airflow/.local/lib/python3.8/site-packages/airflow/example_dags/example_params_trigger_ui.py for tasks to queue
[2025-10-15T07:44:44.346+0000] {logging_mixin.py:188} INFO - [2025-10-15T07:44:44.346+0000] {dagbag.py:540} INFO - Filling up the DagBag from /home/airflow/.local/lib/python3.8/site-packages/airflow/example_dags/example_params_trigger_ui.py
[2025-10-15T07:44:44.357+0000] {processor.py:840} INFO - DAG(s) 'example_params_trigger_ui' retrieved from /home/airflow/.local/lib/python3.8/site-packages/airflow/example_dags/example_params_trigger_ui.py
[2025-10-15T07:44:44.403+0000] {logging_mixin.py:188} INFO - [2025-10-15T07:44:44.402+0000] {dag.py:3047} INFO - Sync 1 DAGs
[2025-10-15T07:44:44.414+0000] {logging_mixin.py:188} INFO - [2025-10-15T07:44:44.413+0000] {dag.py:3834} INFO - Setting next_dagrun for example_params_trigger_ui to None, run_after=None
[2025-10-15T07:44:44.430+0000] {processor.py:183} INFO - Processing /home/airflow/.local/lib/python3.8/site-packages/airflow/example_dags/example_params_trigger_ui.py took 0.088 seconds
[2025-10-15T07:45:14.701+0000] {processor.py:161} INFO - Started process (PID=510) to work on /home/airflow/.local/lib/python3.8/site-packages/airflow/example_dags/example_params_trigger_ui.py
[2025-10-15T07:45:14.702+0000] {processor.py:830} INFO - Processing file /home/airflow/.local/lib/python3.8/site-packages/airflow/example_dags/example_params_trigger_ui.py for tasks to queue
[2025-10-15T07:45:14.704+0000] {logging_mixin.py:188} INFO - [2025-10-15T07:45:14.703+0000] {dagbag.py:540} INFO - Filling up the DagBag from /home/airflow/.local/lib/python3.8/site-packages/airflow/example_dags/example_params_trigger_ui.py
[2025-10-15T07:45:14.716+0000] {processor.py:840} INFO - DAG(s) 'example_params_trigger_ui' retrieved from /home/airflow/.local/lib/python3.8/site-packages/airflow/example_dags/example_params_trigger_ui.py
[2025-10-15T07:45:14.762+0000] {logging_mixin.py:188} INFO - [2025-10-15T07:45:14.762+0000] {dag.py:3047} INFO - Sync 1 DAGs
[2025-10-15T07:45:14.774+0000] {logging_mixin.py:188} INFO - [2025-10-15T07:45:14.773+0000] {dag.py:3834} INFO - Setting next_dagrun for example_params_trigger_ui to None, run_after=None
[2025-10-15T07:45:14.794+0000] {processor.py:183} INFO - Processing /home/airflow/.local/lib/python3.8/site-packages/airflow/example_dags/example_params_trigger_ui.py took 0.095 seconds
[2025-10-15T07:45:45.267+0000] {processor.py:161} INFO - Started process (PID=570) to work on /home/airflow/.local/lib/python3.8/site-packages/airflow/example_dags/example_params_trigger_ui.py
[2025-10-15T07:45:45.268+0000] {processor.py:830} INFO - Processing file /home/airflow/.local/lib/python3.8/site-packages/airflow/example_dags/example_params_trigger_ui.py for tasks to queue
[2025-10-15T07:45:45.270+0000] {logging_mixin.py:188} INFO - [2025-10-15T07:45:45.270+0000] {dagbag.py:540} INFO - Filling up the DagBag from /home/airflow/.local/lib/python3.8/site-packages/airflow/example_dags/example_params_trigger_ui.py
[2025-10-15T07:45:45.281+0000] {processor.py:840} INFO - DAG(s) 'example_params_trigger_ui' retrieved from /home/airflow/.local/lib/python3.8/site-packages/airflow/example_dags/example_params_trigger_ui.py
[2025-10-15T07:45:45.330+0000] {logging_mixin.py:188} INFO - [2025-10-15T07:45:45.330+0000] {dag.py:3047} INFO - Sync 1 DAGs
[2025-10-15T07:45:45.341+0000] {logging_mixin.py:188} INFO - [2025-10-15T07:45:45.341+0000] {dag.py:3834} INFO - Setting next_dagrun for example_params_trigger_ui to None, run_after=None
[2025-10-15T07:45:45.357+0000] {processor.py:183} INFO - Processing /home/airflow/.local/lib/python3.8/site-packages/airflow/example_dags/example_params_trigger_ui.py took 0.092 seconds
[2025-10-15T07:46:16.024+0000] {processor.py:161} INFO - Started process (PID=630) to work on /home/airflow/.local/lib/python3.8/site-packages/airflow/example_dags/example_params_trigger_ui.py
[2025-10-15T07:46:16.025+0000] {processor.py:830} INFO - Processing file /home/airflow/.local/lib/python3.8/site-packages/airflow/example_dags/example_params_trigger_ui.py for tasks to queue
[2025-10-15T07:46:16.027+0000] {logging_mixin.py:188} INFO - [2025-10-15T07:46:16.026+0000] {dagbag.py:540} INFO - Filling up the DagBag from /home/airflow/.local/lib/python3.8/site-packages/airflow/example_dags/example_params_trigger_ui.py
[2025-10-15T07:46:16.038+0000] {processor.py:840} INFO - DAG(s) 'example_params_trigger_ui' retrieved from /home/airflow/.local/lib/python3.8/site-packages/airflow/example_dags/example_params_trigger_ui.py
[2025-10-15T07:46:16.083+0000] {logging_mixin.py:188} INFO - [2025-10-15T07:46:16.083+0000] {dag.py:3047} INFO - Sync 1 DAGs
[2025-10-15T07:46:16.094+0000] {logging_mixin.py:188} INFO - [2025-10-15T07:46:16.093+0000] {dag.py:3834} INFO - Setting next_dagrun for example_params_trigger_ui to None, run_after=None
[2025-10-15T07:46:16.108+0000] {processor.py:183} INFO - Processing /home/airflow/.local/lib/python3.8/site-packages/airflow/example_dags/example_params_trigger_ui.py took 0.087 seconds
[2025-10-15T07:46:46.772+0000] {processor.py:161} INFO - Started process (PID=690) to work on /home/airflow/.local/lib/python3.8/site-packages/airflow/example_dags/example_params_trigger_ui.py
[2025-10-15T07:46:46.773+0000] {processor.py:830} INFO - Processing file /home/airflow/.local/lib/python3.8/site-packages/airflow/example_dags/example_params_trigger_ui.py for tasks to queue
[2025-10-15T07:46:46.774+0000] {logging_mixin.py:188} INFO - [2025-10-15T07:46:46.774+0000] {dagbag.py:540} INFO - Filling up the DagBag from /home/airflow/.local/lib/python3.8/site-packages/airflow/example_dags/example_params_trigger_ui.py
[2025-10-15T07:46:46.786+0000] {processor.py:840} INFO - DAG(s) 'example_params_trigger_ui' retrieved from /home/airflow/.local/lib/python3.8/site-packages/airflow/example_dags/example_params_trigger_ui.py
[2025-10-15T07:46:46.831+0000] {logging_mixin.py:188} INFO - [2025-10-15T07:46:46.831+0000] {dag.py:3047} INFO - Sync 1 DAGs
[2025-10-15T07:46:46.842+0000] {logging_mixin.py:188} INFO - [2025-10-15T07:46:46.842+0000] {dag.py:3834} INFO - Setting next_dagrun for example_params_trigger_ui to None, run_after=None
[2025-10-15T07:46:46.858+0000] {processor.py:183} INFO - Processing /home/airflow/.local/lib/python3.8/site-packages/airflow/example_dags/example_params_trigger_ui.py took 0.089 seconds
[2025-10-15T07:47:17.581+0000] {processor.py:161} INFO - Started process (PID=750) to work on /home/airflow/.local/lib/python3.8/site-packages/airflow/example_dags/example_params_trigger_ui.py
[2025-10-15T07:47:17.582+0000] {processor.py:830} INFO - Processing file /home/airflow/.local/lib/python3.8/site-packages/airflow/example_dags/example_params_trigger_ui.py for tasks to queue
[2025-10-15T07:47:17.584+0000] {logging_mixin.py:188} INFO - [2025-10-15T07:47:17.584+0000] {dagbag.py:540} INFO - Filling up the DagBag from /home/airflow/.local/lib/python3.8/site-packages/airflow/example_dags/example_params_trigger_ui.py
[2025-10-15T07:47:17.597+0000] {processor.py:840} INFO - DAG(s) 'example_params_trigger_ui' retrieved from /home/airflow/.local/lib/python3.8/site-packages/airflow/example_dags/example_params_trigger_ui.py
[2025-10-15T07:47:17.646+0000] {logging_mixin.py:188} INFO - [2025-10-15T07:47:17.645+0000] {dag.py:3047} INFO - Sync 1 DAGs
[2025-10-15T07:47:17.657+0000] {logging_mixin.py:188} INFO - [2025-10-15T07:47:17.657+0000] {dag.py:3834} INFO - Setting next_dagrun for example_params_trigger_ui to None, run_after=None
[2025-10-15T07:47:17.674+0000] {processor.py:183} INFO - Processing /home/airflow/.local/lib/python3.8/site-packages/airflow/example_dags/example_params_trigger_ui.py took 0.096 seconds
[2025-10-15T07:47:47.807+0000] {processor.py:161} INFO - Started process (PID=810) to work on /home/airflow/.local/lib/python3.8/site-packages/airflow/example_dags/example_params_trigger_ui.py
[2025-10-15T07:47:47.808+0000] {processor.py:830} INFO - Processing file /home/airflow/.local/lib/python3.8/site-packages/airflow/example_dags/example_params_trigger_ui.py for tasks to queue
[2025-10-15T07:47:47.810+0000] {logging_mixin.py:188} INFO - [2025-10-15T07:47:47.810+0000] {dagbag.py:540} INFO - Filling up the DagBag from /home/airflow/.local/lib/python3.8/site-packages/airflow/example_dags/example_params_trigger_ui.py
[2025-10-15T07:47:47.822+0000] {processor.py:840} INFO - DAG(s) 'example_params_trigger_ui' retrieved from /home/airflow/.local/lib/python3.8/site-packages/airflow/example_dags/example_params_trigger_ui.py
[2025-10-15T07:47:47.871+0000] {logging_mixin.py:188} INFO - [2025-10-15T07:47:47.870+0000] {dag.py:3047} INFO - Sync 1 DAGs
[2025-10-15T07:47:47.881+0000] {logging_mixin.py:188} INFO - [2025-10-15T07:47:47.881+0000] {dag.py:3834} INFO - Setting next_dagrun for example_params_trigger_ui to None, run_after=None
[2025-10-15T07:47:47.897+0000] {processor.py:183} INFO - Processing /home/airflow/.local/lib/python3.8/site-packages/airflow/example_dags/example_params_trigger_ui.py took 0.092 seconds
[2025-10-15T07:48:18.161+0000] {processor.py:161} INFO - Started process (PID=870) to work on /home/airflow/.local/lib/python3.8/site-packages/airflow/example_dags/example_params_trigger_ui.py
[2025-10-15T07:48:18.162+0000] {processor.py:830} INFO - Processing file /home/airflow/.local/lib/python3.8/site-packages/airflow/example_dags/example_params_trigger_ui.py for tasks to queue
[2025-10-15T07:48:18.164+0000] {logging_mixin.py:188} INFO - [2025-10-15T07:48:18.164+0000] {dagbag.py:540} INFO - Filling up the DagBag from /home/airflow/.local/lib/python3.8/site-packages/airflow/example_dags/example_params_trigger_ui.py
[2025-10-15T07:48:18.175+0000] {processor.py:840} INFO - DAG(s) 'example_params_trigger_ui' retrieved from /home/airflow/.local/lib/python3.8/site-packages/airflow/example_dags/example_params_trigger_ui.py
[2025-10-15T07:48:18.220+0000] {logging_mixin.py:188} INFO - [2025-10-15T07:48:18.220+0000] {dag.py:3047} INFO - Sync 1 DAGs
[2025-10-15T07:48:18.230+0000] {logging_mixin.py:188} INFO - [2025-10-15T07:48:18.230+0000] {dag.py:3834} INFO - Setting next_dagrun for example_params_trigger_ui to None, run_after=None
[2025-10-15T07:48:18.246+0000] {processor.py:183} INFO - Processing /home/airflow/.local/lib/python3.8/site-packages/airflow/example_dags/example_params_trigger_ui.py took 0.088 seconds
[2025-10-15T07:48:48.286+0000] {processor.py:161} INFO - Started process (PID=930) to work on /home/airflow/.local/lib/python3.8/site-packages/airflow/example_dags/example_params_trigger_ui.py
[2025-10-15T07:48:48.287+0000] {processor.py:830} INFO - Processing file /home/airflow/.local/lib/python3.8/site-packages/airflow/example_dags/example_params_trigger_ui.py for tasks to queue
[2025-10-15T07:48:48.289+0000] {logging_mixin.py:188} INFO - [2025-10-15T07:48:48.288+0000] {dagbag.py:540} INFO - Filling up the DagBag from /home/airflow/.local/lib/python3.8/site-packages/airflow/example_dags/example_params_trigger_ui.py
[2025-10-15T07:48:48.299+0000] {processor.py:840} INFO - DAG(s) 'example_params_trigger_ui' retrieved from /home/airflow/.local/lib/python3.8/site-packages/airflow/example_dags/example_params_trigger_ui.py
[2025-10-15T07:48:48.345+0000] {logging_mixin.py:188} INFO - [2025-10-15T07:48:48.345+0000] {dag.py:3047} INFO - Sync 1 DAGs
[2025-10-15T07:48:48.356+0000] {logging_mixin.py:188} INFO - [2025-10-15T07:48:48.356+0000] {dag.py:3834} INFO - Setting next_dagrun for example_params_trigger_ui to None, run_after=None
[2025-10-15T07:48:48.372+0000] {processor.py:183} INFO - Processing /home/airflow/.local/lib/python3.8/site-packages/airflow/example_dags/example_params_trigger_ui.py took 0.089 seconds
[2025-10-15T07:49:18.633+0000] {processor.py:161} INFO - Started process (PID=991) to work on /home/airflow/.local/lib/python3.8/site-packages/airflow/example_dags/example_params_trigger_ui.py
[2025-10-15T07:49:18.634+0000] {processor.py:830} INFO - Processing file /home/airflow/.local/lib/python3.8/site-packages/airflow/example_dags/example_params_trigger_ui.py for tasks to queue
[2025-10-15T07:49:18.635+0000] {logging_mixin.py:188} INFO - [2025-10-15T07:49:18.635+0000] {dagbag.py:540} INFO - Filling up the DagBag from /home/airflow/.local/lib/python3.8/site-packages/airflow/example_dags/example_params_trigger_ui.py
[2025-10-15T07:49:18.646+0000] {processor.py:840} INFO - DAG(s) 'example_params_trigger_ui' retrieved from /home/airflow/.local/lib/python3.8/site-packages/airflow/example_dags/example_params_trigger_ui.py
[2025-10-15T07:49:18.692+0000] {logging_mixin.py:188} INFO - [2025-10-15T07:49:18.692+0000] {dag.py:3047} INFO - Sync 1 DAGs
[2025-10-15T07:49:18.703+0000] {logging_mixin.py:188} INFO - [2025-10-15T07:49:18.703+0000] {dag.py:3834} INFO - Setting next_dagrun for example_params_trigger_ui to None, run_after=None
[2025-10-15T07:49:18.719+0000] {processor.py:183} INFO - Processing /home/airflow/.local/lib/python3.8/site-packages/airflow/example_dags/example_params_trigger_ui.py took 0.089 seconds
[2025-10-15T07:49:49.049+0000] {processor.py:161} INFO - Started process (PID=1051) to work on /home/airflow/.local/lib/python3.8/site-packages/airflow/example_dags/example_params_trigger_ui.py
[2025-10-15T07:49:49.050+0000] {processor.py:830} INFO - Processing file /home/airflow/.local/lib/python3.8/site-packages/airflow/example_dags/example_params_trigger_ui.py for tasks to queue
[2025-10-15T07:49:49.051+0000] {logging_mixin.py:188} INFO - [2025-10-15T07:49:49.051+0000] {dagbag.py:540} INFO - Filling up the DagBag from /home/airflow/.local/lib/python3.8/site-packages/airflow/example_dags/example_params_trigger_ui.py
[2025-10-15T07:49:49.064+0000] {processor.py:840} INFO - DAG(s) 'example_params_trigger_ui' retrieved from /home/airflow/.local/lib/python3.8/site-packages/airflow/example_dags/example_params_trigger_ui.py
[2025-10-15T07:49:49.114+0000] {logging_mixin.py:188} INFO - [2025-10-15T07:49:49.114+0000] {dag.py:3047} INFO - Sync 1 DAGs
[2025-10-15T07:49:49.125+0000] {logging_mixin.py:188} INFO - [2025-10-15T07:49:49.125+0000] {dag.py:3834} INFO - Setting next_dagrun for example_params_trigger_ui to None, run_after=None
[2025-10-15T07:49:49.140+0000] {processor.py:183} INFO - Processing /home/airflow/.local/lib/python3.8/site-packages/airflow/example_dags/example_params_trigger_ui.py took 0.094 seconds
[2025-10-15T07:50:20.011+0000] {processor.py:161} INFO - Started process (PID=1113) to work on /home/airflow/.local/lib/python3.8/site-packages/airflow/example_dags/example_params_trigger_ui.py
[2025-10-15T07:50:20.012+0000] {processor.py:830} INFO - Processing file /home/airflow/.local/lib/python3.8/site-packages/airflow/example_dags/example_params_trigger_ui.py for tasks to queue
[2025-10-15T07:50:20.014+0000] {logging_mixin.py:188} INFO - [2025-10-15T07:50:20.014+0000] {dagbag.py:540} INFO - Filling up the DagBag from /home/airflow/.local/lib/python3.8/site-packages/airflow/example_dags/example_params_trigger_ui.py
[2025-10-15T07:50:20.026+0000] {processor.py:840} INFO - DAG(s) 'example_params_trigger_ui' retrieved from /home/airflow/.local/lib/python3.8/site-packages/airflow/example_dags/example_params_trigger_ui.py
[2025-10-15T07:50:20.072+0000] {logging_mixin.py:188} INFO - [2025-10-15T07:50:20.072+0000] {dag.py:3047} INFO - Sync 1 DAGs
[2025-10-15T07:50:20.082+0000] {logging_mixin.py:188} INFO - [2025-10-15T07:50:20.082+0000] {dag.py:3834} INFO - Setting next_dagrun for example_params_trigger_ui to None, run_after=None
[2025-10-15T07:50:20.099+0000] {processor.py:183} INFO - Processing /home/airflow/.local/lib/python3.8/site-packages/airflow/example_dags/example_params_trigger_ui.py took 0.091 seconds
[2025-10-15T07:50:50.897+0000] {processor.py:161} INFO - Started process (PID=1176) to work on /home/airflow/.local/lib/python3.8/site-packages/airflow/example_dags/example_params_trigger_ui.py
[2025-10-15T07:50:50.898+0000] {processor.py:830} INFO - Processing file /home/airflow/.local/lib/python3.8/site-packages/airflow/example_dags/example_params_trigger_ui.py for tasks to queue
[2025-10-15T07:50:50.900+0000] {logging_mixin.py:188} INFO - [2025-10-15T07:50:50.900+0000] {dagbag.py:540} INFO - Filling up the DagBag from /home/airflow/.local/lib/python3.8/site-packages/airflow/example_dags/example_params_trigger_ui.py
[2025-10-15T07:50:50.913+0000] {processor.py:840} INFO - DAG(s) 'example_params_trigger_ui' retrieved from /home/airflow/.local/lib/python3.8/site-packages/airflow/example_dags/example_params_trigger_ui.py
[2025-10-15T07:50:50.959+0000] {logging_mixin.py:188} INFO - [2025-10-15T07:50:50.959+0000] {dag.py:3047} INFO - Sync 1 DAGs
[2025-10-15T07:50:50.969+0000] {logging_mixin.py:188} INFO - [2025-10-15T07:50:50.969+0000] {dag.py:3834} INFO - Setting next_dagrun for example_params_trigger_ui to None, run_after=None
[2025-10-15T07:50:50.986+0000] {processor.py:183} INFO - Processing /home/airflow/.local/lib/python3.8/site-packages/airflow/example_dags/example_params_trigger_ui.py took 0.093 seconds
[2025-10-15T07:51:21.032+0000] {processor.py:161} INFO - Started process (PID=1238) to work on /home/airflow/.local/lib/python3.8/site-packages/airflow/example_dags/example_params_trigger_ui.py
[2025-10-15T07:51:21.033+0000] {processor.py:830} INFO - Processing file /home/airflow/.local/lib/python3.8/site-packages/airflow/example_dags/example_params_trigger_ui.py for tasks to queue
[2025-10-15T07:51:21.034+0000] {logging_mixin.py:188} INFO - [2025-10-15T07:51:21.034+0000] {dagbag.py:540} INFO - Filling up the DagBag from /home/airflow/.local/lib/python3.8/site-packages/airflow/example_dags/example_params_trigger_ui.py
[2025-10-15T07:51:21.045+0000] {processor.py:840} INFO - DAG(s) 'example_params_trigger_ui' retrieved from /home/airflow/.local/lib/python3.8/site-packages/airflow/example_dags/example_params_trigger_ui.py
[2025-10-15T07:51:21.091+0000] {logging_mixin.py:188} INFO - [2025-10-15T07:51:21.090+0000] {dag.py:3047} INFO - Sync 1 DAGs
[2025-10-15T07:51:21.101+0000] {logging_mixin.py:188} INFO - [2025-10-15T07:51:21.101+0000] {dag.py:3834} INFO - Setting next_dagrun for example_params_trigger_ui to None, run_after=None
[2025-10-15T07:51:21.118+0000] {processor.py:183} INFO - Processing /home/airflow/.local/lib/python3.8/site-packages/airflow/example_dags/example_params_trigger_ui.py took 0.089 seconds
[2025-10-15T07:51:51.150+0000] {processor.py:161} INFO - Started process (PID=1298) to work on /home/airflow/.local/lib/python3.8/site-packages/airflow/example_dags/example_params_trigger_ui.py
[2025-10-15T07:51:51.151+0000] {processor.py:830} INFO - Processing file /home/airflow/.local/lib/python3.8/site-packages/airflow/example_dags/example_params_trigger_ui.py for tasks to queue
[2025-10-15T07:51:51.153+0000] {logging_mixin.py:188} INFO - [2025-10-15T07:51:51.152+0000] {dagbag.py:540} INFO - Filling up the DagBag from /home/airflow/.local/lib/python3.8/site-packages/airflow/example_dags/example_params_trigger_ui.py
[2025-10-15T07:51:51.164+0000] {processor.py:840} INFO - DAG(s) 'example_params_trigger_ui' retrieved from /home/airflow/.local/lib/python3.8/site-packages/airflow/example_dags/example_params_trigger_ui.py
[2025-10-15T07:51:51.214+0000] {logging_mixin.py:188} INFO - [2025-10-15T07:51:51.213+0000] {dag.py:3047} INFO - Sync 1 DAGs
[2025-10-15T07:51:51.237+0000] {logging_mixin.py:188} INFO - [2025-10-15T07:51:51.236+0000] {dag.py:3834} INFO - Setting next_dagrun for example_params_trigger_ui to None, run_after=None
[2025-10-15T07:51:51.263+0000] {processor.py:183} INFO - Processing /home/airflow/.local/lib/python3.8/site-packages/airflow/example_dags/example_params_trigger_ui.py took 0.116 seconds
[2025-10-15T07:52:21.593+0000] {processor.py:161} INFO - Started process (PID=1360) to work on /home/airflow/.local/lib/python3.8/site-packages/airflow/example_dags/example_params_trigger_ui.py
[2025-10-15T07:52:21.594+0000] {processor.py:830} INFO - Processing file /home/airflow/.local/lib/python3.8/site-packages/airflow/example_dags/example_params_trigger_ui.py for tasks to queue
[2025-10-15T07:52:21.596+0000] {logging_mixin.py:188} INFO - [2025-10-15T07:52:21.595+0000] {dagbag.py:540} INFO - Filling up the DagBag from /home/airflow/.local/lib/python3.8/site-packages/airflow/example_dags/example_params_trigger_ui.py
[2025-10-15T07:52:21.608+0000] {processor.py:840} INFO - DAG(s) 'example_params_trigger_ui' retrieved from /home/airflow/.local/lib/python3.8/site-packages/airflow/example_dags/example_params_trigger_ui.py
[2025-10-15T07:52:21.656+0000] {logging_mixin.py:188} INFO - [2025-10-15T07:52:21.656+0000] {dag.py:3047} INFO - Sync 1 DAGs
[2025-10-15T07:52:21.668+0000] {logging_mixin.py:188} INFO - [2025-10-15T07:52:21.668+0000] {dag.py:3834} INFO - Setting next_dagrun for example_params_trigger_ui to None, run_after=None
[2025-10-15T07:52:21.684+0000] {processor.py:183} INFO - Processing /home/airflow/.local/lib/python3.8/site-packages/airflow/example_dags/example_params_trigger_ui.py took 0.094 seconds
[2025-10-15T07:52:51.773+0000] {processor.py:161} INFO - Started process (PID=1420) to work on /home/airflow/.local/lib/python3.8/site-packages/airflow/example_dags/example_params_trigger_ui.py
[2025-10-15T07:52:51.774+0000] {processor.py:830} INFO - Processing file /home/airflow/.local/lib/python3.8/site-packages/airflow/example_dags/example_params_trigger_ui.py for tasks to queue
[2025-10-15T07:52:51.776+0000] {logging_mixin.py:188} INFO - [2025-10-15T07:52:51.776+0000] {dagbag.py:540} INFO - Filling up the DagBag from /home/airflow/.local/lib/python3.8/site-packages/airflow/example_dags/example_params_trigger_ui.py
[2025-10-15T07:52:51.787+0000] {processor.py:840} INFO - DAG(s) 'example_params_trigger_ui' retrieved from /home/airflow/.local/lib/python3.8/site-packages/airflow/example_dags/example_params_trigger_ui.py
[2025-10-15T07:52:51.834+0000] {logging_mixin.py:188} INFO - [2025-10-15T07:52:51.833+0000] {dag.py:3047} INFO - Sync 1 DAGs
[2025-10-15T07:52:51.844+0000] {logging_mixin.py:188} INFO - [2025-10-15T07:52:51.844+0000] {dag.py:3834} INFO - Setting next_dagrun for example_params_trigger_ui to None, run_after=None
[2025-10-15T07:52:51.859+0000] {processor.py:183} INFO - Processing /home/airflow/.local/lib/python3.8/site-packages/airflow/example_dags/example_params_trigger_ui.py took 0.089 seconds
[2025-10-15T07:53:21.953+0000] {processor.py:161} INFO - Started process (PID=1482) to work on /home/airflow/.local/lib/python3.8/site-packages/airflow/example_dags/example_params_trigger_ui.py
[2025-10-15T07:53:21.954+0000] {processor.py:830} INFO - Processing file /home/airflow/.local/lib/python3.8/site-packages/airflow/example_dags/example_params_trigger_ui.py for tasks to queue
[2025-10-15T07:53:21.956+0000] {logging_mixin.py:188} INFO - [2025-10-15T07:53:21.955+0000] {dagbag.py:540} INFO - Filling up the DagBag from /home/airflow/.local/lib/python3.8/site-packages/airflow/example_dags/example_params_trigger_ui.py
[2025-10-15T07:53:21.967+0000] {processor.py:840} INFO - DAG(s) 'example_params_trigger_ui' retrieved from /home/airflow/.local/lib/python3.8/site-packages/airflow/example_dags/example_params_trigger_ui.py
[2025-10-15T07:53:22.013+0000] {logging_mixin.py:188} INFO - [2025-10-15T07:53:22.013+0000] {dag.py:3047} INFO - Sync 1 DAGs
[2025-10-15T07:53:22.023+0000] {logging_mixin.py:188} INFO - [2025-10-15T07:53:22.023+0000] {dag.py:3834} INFO - Setting next_dagrun for example_params_trigger_ui to None, run_after=None
[2025-10-15T07:53:22.039+0000] {processor.py:183} INFO - Processing /home/airflow/.local/lib/python3.8/site-packages/airflow/example_dags/example_params_trigger_ui.py took 0.089 seconds
[2025-10-15T07:53:52.383+0000] {processor.py:161} INFO - Started process (PID=1543) to work on /home/airflow/.local/lib/python3.8/site-packages/airflow/example_dags/example_params_trigger_ui.py
[2025-10-15T07:53:52.384+0000] {processor.py:830} INFO - Processing file /home/airflow/.local/lib/python3.8/site-packages/airflow/example_dags/example_params_trigger_ui.py for tasks to queue
[2025-10-15T07:53:52.386+0000] {logging_mixin.py:188} INFO - [2025-10-15T07:53:52.385+0000] {dagbag.py:540} INFO - Filling up the DagBag from /home/airflow/.local/lib/python3.8/site-packages/airflow/example_dags/example_params_trigger_ui.py
[2025-10-15T07:53:52.397+0000] {processor.py:840} INFO - DAG(s) 'example_params_trigger_ui' retrieved from /home/airflow/.local/lib/python3.8/site-packages/airflow/example_dags/example_params_trigger_ui.py
[2025-10-15T07:53:52.444+0000] {logging_mixin.py:188} INFO - [2025-10-15T07:53:52.444+0000] {dag.py:3047} INFO - Sync 1 DAGs
[2025-10-15T07:53:52.455+0000] {logging_mixin.py:188} INFO - [2025-10-15T07:53:52.454+0000] {dag.py:3834} INFO - Setting next_dagrun for example_params_trigger_ui to None, run_after=None
[2025-10-15T07:53:52.472+0000] {processor.py:183} INFO - Processing /home/airflow/.local/lib/python3.8/site-packages/airflow/example_dags/example_params_trigger_ui.py took 0.091 seconds
[2025-10-15T07:54:22.760+0000] {processor.py:161} INFO - Started process (PID=1604) to work on /home/airflow/.local/lib/python3.8/site-packages/airflow/example_dags/example_params_trigger_ui.py
[2025-10-15T07:54:22.761+0000] {processor.py:830} INFO - Processing file /home/airflow/.local/lib/python3.8/site-packages/airflow/example_dags/example_params_trigger_ui.py for tasks to queue
[2025-10-15T07:54:22.763+0000] {logging_mixin.py:188} INFO - [2025-10-15T07:54:22.763+0000] {dagbag.py:540} INFO - Filling up the DagBag from /home/airflow/.local/lib/python3.8/site-packages/airflow/example_dags/example_params_trigger_ui.py
[2025-10-15T07:54:22.775+0000] {processor.py:840} INFO - DAG(s) 'example_params_trigger_ui' retrieved from /home/airflow/.local/lib/python3.8/site-packages/airflow/example_dags/example_params_trigger_ui.py
[2025-10-15T07:54:22.822+0000] {logging_mixin.py:188} INFO - [2025-10-15T07:54:22.821+0000] {dag.py:3047} INFO - Sync 1 DAGs
[2025-10-15T07:54:22.834+0000] {logging_mixin.py:188} INFO - [2025-10-15T07:54:22.833+0000] {dag.py:3834} INFO - Setting next_dagrun for example_params_trigger_ui to None, run_after=None
[2025-10-15T07:54:22.852+0000] {processor.py:183} INFO - Processing /home/airflow/.local/lib/python3.8/site-packages/airflow/example_dags/example_params_trigger_ui.py took 0.094 seconds
[2025-10-15T07:54:53.134+0000] {processor.py:161} INFO - Started process (PID=1664) to work on /home/airflow/.local/lib/python3.8/site-packages/airflow/example_dags/example_params_trigger_ui.py
[2025-10-15T07:54:53.136+0000] {processor.py:830} INFO - Processing file /home/airflow/.local/lib/python3.8/site-packages/airflow/example_dags/example_params_trigger_ui.py for tasks to queue
[2025-10-15T07:54:53.137+0000] {logging_mixin.py:188} INFO - [2025-10-15T07:54:53.137+0000] {dagbag.py:540} INFO - Filling up the DagBag from /home/airflow/.local/lib/python3.8/site-packages/airflow/example_dags/example_params_trigger_ui.py
[2025-10-15T07:54:53.149+0000] {processor.py:840} INFO - DAG(s) 'example_params_trigger_ui' retrieved from /home/airflow/.local/lib/python3.8/site-packages/airflow/example_dags/example_params_trigger_ui.py
[2025-10-15T07:54:53.201+0000] {logging_mixin.py:188} INFO - [2025-10-15T07:54:53.201+0000] {dag.py:3047} INFO - Sync 1 DAGs
[2025-10-15T07:54:53.212+0000] {logging_mixin.py:188} INFO - [2025-10-15T07:54:53.212+0000] {dag.py:3834} INFO - Setting next_dagrun for example_params_trigger_ui to None, run_after=None
[2025-10-15T07:54:53.230+0000] {processor.py:183} INFO - Processing /home/airflow/.local/lib/python3.8/site-packages/airflow/example_dags/example_params_trigger_ui.py took 0.098 seconds
[2025-10-15T07:55:23.367+0000] {processor.py:161} INFO - Started process (PID=1726) to work on /home/airflow/.local/lib/python3.8/site-packages/airflow/example_dags/example_params_trigger_ui.py
[2025-10-15T07:55:23.368+0000] {processor.py:830} INFO - Processing file /home/airflow/.local/lib/python3.8/site-packages/airflow/example_dags/example_params_trigger_ui.py for tasks to queue
[2025-10-15T07:55:23.369+0000] {logging_mixin.py:188} INFO - [2025-10-15T07:55:23.369+0000] {dagbag.py:540} INFO - Filling up the DagBag from /home/airflow/.local/lib/python3.8/site-packages/airflow/example_dags/example_params_trigger_ui.py
[2025-10-15T07:55:23.380+0000] {processor.py:840} INFO - DAG(s) 'example_params_trigger_ui' retrieved from /home/airflow/.local/lib/python3.8/site-packages/airflow/example_dags/example_params_trigger_ui.py
[2025-10-15T07:55:23.426+0000] {logging_mixin.py:188} INFO - [2025-10-15T07:55:23.425+0000] {dag.py:3047} INFO - Sync 1 DAGs
[2025-10-15T07:55:23.436+0000] {logging_mixin.py:188} INFO - [2025-10-15T07:55:23.436+0000] {dag.py:3834} INFO - Setting next_dagrun for example_params_trigger_ui to None, run_after=None
[2025-10-15T07:55:23.452+0000] {processor.py:183} INFO - Processing /home/airflow/.local/lib/python3.8/site-packages/airflow/example_dags/example_params_trigger_ui.py took 0.088 seconds
[2025-10-15T07:55:53.943+0000] {processor.py:161} INFO - Started process (PID=1787) to work on /home/airflow/.local/lib/python3.8/site-packages/airflow/example_dags/example_params_trigger_ui.py
[2025-10-15T07:55:53.944+0000] {processor.py:830} INFO - Processing file /home/airflow/.local/lib/python3.8/site-packages/airflow/example_dags/example_params_trigger_ui.py for tasks to queue
[2025-10-15T07:55:53.946+0000] {logging_mixin.py:188} INFO - [2025-10-15T07:55:53.946+0000] {dagbag.py:540} INFO - Filling up the DagBag from /home/airflow/.local/lib/python3.8/site-packages/airflow/example_dags/example_params_trigger_ui.py
[2025-10-15T07:55:53.957+0000] {processor.py:840} INFO - DAG(s) 'example_params_trigger_ui' retrieved from /home/airflow/.local/lib/python3.8/site-packages/airflow/example_dags/example_params_trigger_ui.py
[2025-10-15T07:55:54.002+0000] {logging_mixin.py:188} INFO - [2025-10-15T07:55:54.002+0000] {dag.py:3047} INFO - Sync 1 DAGs
[2025-10-15T07:55:54.013+0000] {logging_mixin.py:188} INFO - [2025-10-15T07:55:54.013+0000] {dag.py:3834} INFO - Setting next_dagrun for example_params_trigger_ui to None, run_after=None
[2025-10-15T07:55:54.032+0000] {processor.py:183} INFO - Processing /home/airflow/.local/lib/python3.8/site-packages/airflow/example_dags/example_params_trigger_ui.py took 0.091 seconds
[2025-10-15T07:56:24.079+0000] {processor.py:161} INFO - Started process (PID=1847) to work on /home/airflow/.local/lib/python3.8/site-packages/airflow/example_dags/example_params_trigger_ui.py
[2025-10-15T07:56:24.080+0000] {processor.py:830} INFO - Processing file /home/airflow/.local/lib/python3.8/site-packages/airflow/example_dags/example_params_trigger_ui.py for tasks to queue
[2025-10-15T07:56:24.082+0000] {logging_mixin.py:188} INFO - [2025-10-15T07:56:24.081+0000] {dagbag.py:540} INFO - Filling up the DagBag from /home/airflow/.local/lib/python3.8/site-packages/airflow/example_dags/example_params_trigger_ui.py
[2025-10-15T07:56:24.092+0000] {processor.py:840} INFO - DAG(s) 'example_params_trigger_ui' retrieved from /home/airflow/.local/lib/python3.8/site-packages/airflow/example_dags/example_params_trigger_ui.py
[2025-10-15T07:56:24.137+0000] {logging_mixin.py:188} INFO - [2025-10-15T07:56:24.137+0000] {dag.py:3047} INFO - Sync 1 DAGs
[2025-10-15T07:56:24.147+0000] {logging_mixin.py:188} INFO - [2025-10-15T07:56:24.147+0000] {dag.py:3834} INFO - Setting next_dagrun for example_params_trigger_ui to None, run_after=None
[2025-10-15T07:56:24.161+0000] {processor.py:183} INFO - Processing /home/airflow/.local/lib/python3.8/site-packages/airflow/example_dags/example_params_trigger_ui.py took 0.085 seconds
[2025-10-15T07:56:54.433+0000] {processor.py:161} INFO - Started process (PID=1907) to work on /home/airflow/.local/lib/python3.8/site-packages/airflow/example_dags/example_params_trigger_ui.py
[2025-10-15T07:56:54.434+0000] {processor.py:830} INFO - Processing file /home/airflow/.local/lib/python3.8/site-packages/airflow/example_dags/example_params_trigger_ui.py for tasks to queue
[2025-10-15T07:56:54.436+0000] {logging_mixin.py:188} INFO - [2025-10-15T07:56:54.435+0000] {dagbag.py:540} INFO - Filling up the DagBag from /home/airflow/.local/lib/python3.8/site-packages/airflow/example_dags/example_params_trigger_ui.py
[2025-10-15T07:56:54.447+0000] {processor.py:840} INFO - DAG(s) 'example_params_trigger_ui' retrieved from /home/airflow/.local/lib/python3.8/site-packages/airflow/example_dags/example_params_trigger_ui.py
[2025-10-15T07:56:54.494+0000] {logging_mixin.py:188} INFO - [2025-10-15T07:56:54.494+0000] {dag.py:3047} INFO - Sync 1 DAGs
[2025-10-15T07:56:54.504+0000] {logging_mixin.py:188} INFO - [2025-10-15T07:56:54.504+0000] {dag.py:3834} INFO - Setting next_dagrun for example_params_trigger_ui to None, run_after=None
[2025-10-15T07:56:54.520+0000] {processor.py:183} INFO - Processing /home/airflow/.local/lib/python3.8/site-packages/airflow/example_dags/example_params_trigger_ui.py took 0.089 seconds
[2025-10-15T07:57:24.610+0000] {processor.py:161} INFO - Started process (PID=1968) to work on /home/airflow/.local/lib/python3.8/site-packages/airflow/example_dags/example_params_trigger_ui.py
[2025-10-15T07:57:24.611+0000] {processor.py:830} INFO - Processing file /home/airflow/.local/lib/python3.8/site-packages/airflow/example_dags/example_params_trigger_ui.py for tasks to queue
[2025-10-15T07:57:24.613+0000] {logging_mixin.py:188} INFO - [2025-10-15T07:57:24.613+0000] {dagbag.py:540} INFO - Filling up the DagBag from /home/airflow/.local/lib/python3.8/site-packages/airflow/example_dags/example_params_trigger_ui.py
[2025-10-15T07:57:24.625+0000] {processor.py:840} INFO - DAG(s) 'example_params_trigger_ui' retrieved from /home/airflow/.local/lib/python3.8/site-packages/airflow/example_dags/example_params_trigger_ui.py
[2025-10-15T07:57:24.671+0000] {logging_mixin.py:188} INFO - [2025-10-15T07:57:24.671+0000] {dag.py:3047} INFO - Sync 1 DAGs
[2025-10-15T07:57:24.681+0000] {logging_mixin.py:188} INFO - [2025-10-15T07:57:24.681+0000] {dag.py:3834} INFO - Setting next_dagrun for example_params_trigger_ui to None, run_after=None
[2025-10-15T07:57:24.696+0000] {processor.py:183} INFO - Processing /home/airflow/.local/lib/python3.8/site-packages/airflow/example_dags/example_params_trigger_ui.py took 0.088 seconds
[2025-10-15T07:57:54.864+0000] {processor.py:161} INFO - Started process (PID=2029) to work on /home/airflow/.local/lib/python3.8/site-packages/airflow/example_dags/example_params_trigger_ui.py
[2025-10-15T07:57:54.865+0000] {processor.py:830} INFO - Processing file /home/airflow/.local/lib/python3.8/site-packages/airflow/example_dags/example_params_trigger_ui.py for tasks to queue
[2025-10-15T07:57:54.866+0000] {logging_mixin.py:188} INFO - [2025-10-15T07:57:54.866+0000] {dagbag.py:540} INFO - Filling up the DagBag from /home/airflow/.local/lib/python3.8/site-packages/airflow/example_dags/example_params_trigger_ui.py
[2025-10-15T07:57:54.878+0000] {processor.py:840} INFO - DAG(s) 'example_params_trigger_ui' retrieved from /home/airflow/.local/lib/python3.8/site-packages/airflow/example_dags/example_params_trigger_ui.py
[2025-10-15T07:57:54.926+0000] {logging_mixin.py:188} INFO - [2025-10-15T07:57:54.926+0000] {dag.py:3047} INFO - Sync 1 DAGs
[2025-10-15T07:57:54.937+0000] {logging_mixin.py:188} INFO - [2025-10-15T07:57:54.937+0000] {dag.py:3834} INFO - Setting next_dagrun for example_params_trigger_ui to None, run_after=None
[2025-10-15T07:57:54.954+0000] {processor.py:183} INFO - Processing /home/airflow/.local/lib/python3.8/site-packages/airflow/example_dags/example_params_trigger_ui.py took 0.093 seconds
[2025-10-15T07:58:25.699+0000] {processor.py:161} INFO - Started process (PID=2088) to work on /home/airflow/.local/lib/python3.8/site-packages/airflow/example_dags/example_params_trigger_ui.py
[2025-10-15T07:58:25.700+0000] {processor.py:830} INFO - Processing file /home/airflow/.local/lib/python3.8/site-packages/airflow/example_dags/example_params_trigger_ui.py for tasks to queue
[2025-10-15T07:58:25.702+0000] {logging_mixin.py:188} INFO - [2025-10-15T07:58:25.701+0000] {dagbag.py:540} INFO - Filling up the DagBag from /home/airflow/.local/lib/python3.8/site-packages/airflow/example_dags/example_params_trigger_ui.py
[2025-10-15T07:58:25.713+0000] {processor.py:840} INFO - DAG(s) 'example_params_trigger_ui' retrieved from /home/airflow/.local/lib/python3.8/site-packages/airflow/example_dags/example_params_trigger_ui.py
[2025-10-15T07:58:25.759+0000] {logging_mixin.py:188} INFO - [2025-10-15T07:58:25.759+0000] {dag.py:3047} INFO - Sync 1 DAGs
[2025-10-15T07:58:25.770+0000] {logging_mixin.py:188} INFO - [2025-10-15T07:58:25.770+0000] {dag.py:3834} INFO - Setting next_dagrun for example_params_trigger_ui to None, run_after=None
[2025-10-15T07:58:25.788+0000] {processor.py:183} INFO - Processing /home/airflow/.local/lib/python3.8/site-packages/airflow/example_dags/example_params_trigger_ui.py took 0.091 seconds
[2025-10-15T07:58:56.159+0000] {processor.py:161} INFO - Started process (PID=2149) to work on /home/airflow/.local/lib/python3.8/site-packages/airflow/example_dags/example_params_trigger_ui.py
[2025-10-15T07:58:56.160+0000] {processor.py:830} INFO - Processing file /home/airflow/.local/lib/python3.8/site-packages/airflow/example_dags/example_params_trigger_ui.py for tasks to queue
[2025-10-15T07:58:56.162+0000] {logging_mixin.py:188} INFO - [2025-10-15T07:58:56.162+0000] {dagbag.py:540} INFO - Filling up the DagBag from /home/airflow/.local/lib/python3.8/site-packages/airflow/example_dags/example_params_trigger_ui.py
[2025-10-15T07:58:56.173+0000] {processor.py:840} INFO - DAG(s) 'example_params_trigger_ui' retrieved from /home/airflow/.local/lib/python3.8/site-packages/airflow/example_dags/example_params_trigger_ui.py
[2025-10-15T07:58:56.218+0000] {logging_mixin.py:188} INFO - [2025-10-15T07:58:56.218+0000] {dag.py:3047} INFO - Sync 1 DAGs
[2025-10-15T07:58:56.229+0000] {logging_mixin.py:188} INFO - [2025-10-15T07:58:56.229+0000] {dag.py:3834} INFO - Setting next_dagrun for example_params_trigger_ui to None, run_after=None
[2025-10-15T07:58:56.245+0000] {processor.py:183} INFO - Processing /home/airflow/.local/lib/python3.8/site-packages/airflow/example_dags/example_params_trigger_ui.py took 0.088 seconds
[2025-10-15T07:59:26.307+0000] {processor.py:161} INFO - Started process (PID=2209) to work on /home/airflow/.local/lib/python3.8/site-packages/airflow/example_dags/example_params_trigger_ui.py
[2025-10-15T07:59:26.308+0000] {processor.py:830} INFO - Processing file /home/airflow/.local/lib/python3.8/site-packages/airflow/example_dags/example_params_trigger_ui.py for tasks to queue
[2025-10-15T07:59:26.310+0000] {logging_mixin.py:188} INFO - [2025-10-15T07:59:26.309+0000] {dagbag.py:540} INFO - Filling up the DagBag from /home/airflow/.local/lib/python3.8/site-packages/airflow/example_dags/example_params_trigger_ui.py
[2025-10-15T07:59:26.322+0000] {processor.py:840} INFO - DAG(s) 'example_params_trigger_ui' retrieved from /home/airflow/.local/lib/python3.8/site-packages/airflow/example_dags/example_params_trigger_ui.py
[2025-10-15T07:59:26.369+0000] {logging_mixin.py:188} INFO - [2025-10-15T07:59:26.369+0000] {dag.py:3047} INFO - Sync 1 DAGs
[2025-10-15T07:59:26.379+0000] {logging_mixin.py:188} INFO - [2025-10-15T07:59:26.379+0000] {dag.py:3834} INFO - Setting next_dagrun for example_params_trigger_ui to None, run_after=None
[2025-10-15T07:59:26.395+0000] {processor.py:183} INFO - Processing /home/airflow/.local/lib/python3.8/site-packages/airflow/example_dags/example_params_trigger_ui.py took 0.091 seconds
[2025-10-15T07:59:56.512+0000] {processor.py:161} INFO - Started process (PID=2268) to work on /home/airflow/.local/lib/python3.8/site-packages/airflow/example_dags/example_params_trigger_ui.py
[2025-10-15T07:59:56.513+0000] {processor.py:830} INFO - Processing file /home/airflow/.local/lib/python3.8/site-packages/airflow/example_dags/example_params_trigger_ui.py for tasks to queue
[2025-10-15T07:59:56.514+0000] {logging_mixin.py:188} INFO - [2025-10-15T07:59:56.513+0000] {dagbag.py:540} INFO - Filling up the DagBag from /home/airflow/.local/lib/python3.8/site-packages/airflow/example_dags/example_params_trigger_ui.py
[2025-10-15T07:59:56.526+0000] {processor.py:840} INFO - DAG(s) 'example_params_trigger_ui' retrieved from /home/airflow/.local/lib/python3.8/site-packages/airflow/example_dags/example_params_trigger_ui.py
[2025-10-15T07:59:56.573+0000] {logging_mixin.py:188} INFO - [2025-10-15T07:59:56.573+0000] {dag.py:3047} INFO - Sync 1 DAGs
[2025-10-15T07:59:56.586+0000] {logging_mixin.py:188} INFO - [2025-10-15T07:59:56.586+0000] {dag.py:3834} INFO - Setting next_dagrun for example_params_trigger_ui to None, run_after=None
[2025-10-15T07:59:56.603+0000] {processor.py:183} INFO - Processing /home/airflow/.local/lib/python3.8/site-packages/airflow/example_dags/example_params_trigger_ui.py took 0.094 seconds
[2025-10-15T08:00:26.799+0000] {processor.py:161} INFO - Started process (PID=2329) to work on /home/airflow/.local/lib/python3.8/site-packages/airflow/example_dags/example_params_trigger_ui.py
[2025-10-15T08:00:26.800+0000] {processor.py:830} INFO - Processing file /home/airflow/.local/lib/python3.8/site-packages/airflow/example_dags/example_params_trigger_ui.py for tasks to queue
[2025-10-15T08:00:26.801+0000] {logging_mixin.py:188} INFO - [2025-10-15T08:00:26.801+0000] {dagbag.py:540} INFO - Filling up the DagBag from /home/airflow/.local/lib/python3.8/site-packages/airflow/example_dags/example_params_trigger_ui.py
[2025-10-15T08:00:26.813+0000] {processor.py:840} INFO - DAG(s) 'example_params_trigger_ui' retrieved from /home/airflow/.local/lib/python3.8/site-packages/airflow/example_dags/example_params_trigger_ui.py
[2025-10-15T08:00:26.859+0000] {logging_mixin.py:188} INFO - [2025-10-15T08:00:26.859+0000] {dag.py:3047} INFO - Sync 1 DAGs
[2025-10-15T08:00:26.869+0000] {logging_mixin.py:188} INFO - [2025-10-15T08:00:26.869+0000] {dag.py:3834} INFO - Setting next_dagrun for example_params_trigger_ui to None, run_after=None
[2025-10-15T08:00:26.890+0000] {processor.py:183} INFO - Processing /home/airflow/.local/lib/python3.8/site-packages/airflow/example_dags/example_params_trigger_ui.py took 0.093 seconds
[2025-10-15T08:00:57.406+0000] {processor.py:161} INFO - Started process (PID=2392) to work on /home/airflow/.local/lib/python3.8/site-packages/airflow/example_dags/example_params_trigger_ui.py
[2025-10-15T08:00:57.407+0000] {processor.py:830} INFO - Processing file /home/airflow/.local/lib/python3.8/site-packages/airflow/example_dags/example_params_trigger_ui.py for tasks to queue
[2025-10-15T08:00:57.408+0000] {logging_mixin.py:188} INFO - [2025-10-15T08:00:57.408+0000] {dagbag.py:540} INFO - Filling up the DagBag from /home/airflow/.local/lib/python3.8/site-packages/airflow/example_dags/example_params_trigger_ui.py
[2025-10-15T08:00:57.419+0000] {processor.py:840} INFO - DAG(s) 'example_params_trigger_ui' retrieved from /home/airflow/.local/lib/python3.8/site-packages/airflow/example_dags/example_params_trigger_ui.py
[2025-10-15T08:00:57.466+0000] {logging_mixin.py:188} INFO - [2025-10-15T08:00:57.466+0000] {dag.py:3047} INFO - Sync 1 DAGs
[2025-10-15T08:00:57.477+0000] {logging_mixin.py:188} INFO - [2025-10-15T08:00:57.477+0000] {dag.py:3834} INFO - Setting next_dagrun for example_params_trigger_ui to None, run_after=None
[2025-10-15T08:00:57.494+0000] {processor.py:183} INFO - Processing /home/airflow/.local/lib/python3.8/site-packages/airflow/example_dags/example_params_trigger_ui.py took 0.090 seconds
[2025-10-15T08:01:27.726+0000] {processor.py:161} INFO - Started process (PID=2455) to work on /home/airflow/.local/lib/python3.8/site-packages/airflow/example_dags/example_params_trigger_ui.py
[2025-10-15T08:01:27.727+0000] {processor.py:830} INFO - Processing file /home/airflow/.local/lib/python3.8/site-packages/airflow/example_dags/example_params_trigger_ui.py for tasks to queue
[2025-10-15T08:01:27.728+0000] {logging_mixin.py:188} INFO - [2025-10-15T08:01:27.728+0000] {dagbag.py:540} INFO - Filling up the DagBag from /home/airflow/.local/lib/python3.8/site-packages/airflow/example_dags/example_params_trigger_ui.py
[2025-10-15T08:01:27.740+0000] {processor.py:840} INFO - DAG(s) 'example_params_trigger_ui' retrieved from /home/airflow/.local/lib/python3.8/site-packages/airflow/example_dags/example_params_trigger_ui.py
[2025-10-15T08:01:27.785+0000] {logging_mixin.py:188} INFO - [2025-10-15T08:01:27.785+0000] {dag.py:3047} INFO - Sync 1 DAGs
[2025-10-15T08:01:27.795+0000] {logging_mixin.py:188} INFO - [2025-10-15T08:01:27.795+0000] {dag.py:3834} INFO - Setting next_dagrun for example_params_trigger_ui to None, run_after=None
[2025-10-15T08:01:27.811+0000] {processor.py:183} INFO - Processing /home/airflow/.local/lib/python3.8/site-packages/airflow/example_dags/example_params_trigger_ui.py took 0.088 seconds
[2025-10-15T08:01:58.001+0000] {processor.py:161} INFO - Started process (PID=2515) to work on /home/airflow/.local/lib/python3.8/site-packages/airflow/example_dags/example_params_trigger_ui.py
[2025-10-15T08:01:58.002+0000] {processor.py:830} INFO - Processing file /home/airflow/.local/lib/python3.8/site-packages/airflow/example_dags/example_params_trigger_ui.py for tasks to queue
[2025-10-15T08:01:58.003+0000] {logging_mixin.py:188} INFO - [2025-10-15T08:01:58.003+0000] {dagbag.py:540} INFO - Filling up the DagBag from /home/airflow/.local/lib/python3.8/site-packages/airflow/example_dags/example_params_trigger_ui.py
[2025-10-15T08:01:58.015+0000] {processor.py:840} INFO - DAG(s) 'example_params_trigger_ui' retrieved from /home/airflow/.local/lib/python3.8/site-packages/airflow/example_dags/example_params_trigger_ui.py
[2025-10-15T08:01:58.060+0000] {logging_mixin.py:188} INFO - [2025-10-15T08:01:58.060+0000] {dag.py:3047} INFO - Sync 1 DAGs
[2025-10-15T08:01:58.071+0000] {logging_mixin.py:188} INFO - [2025-10-15T08:01:58.070+0000] {dag.py:3834} INFO - Setting next_dagrun for example_params_trigger_ui to None, run_after=None
[2025-10-15T08:01:58.086+0000] {processor.py:183} INFO - Processing /home/airflow/.local/lib/python3.8/site-packages/airflow/example_dags/example_params_trigger_ui.py took 0.087 seconds
[2025-10-15T08:02:28.732+0000] {processor.py:161} INFO - Started process (PID=2577) to work on /home/airflow/.local/lib/python3.8/site-packages/airflow/example_dags/example_params_trigger_ui.py
[2025-10-15T08:02:28.733+0000] {processor.py:830} INFO - Processing file /home/airflow/.local/lib/python3.8/site-packages/airflow/example_dags/example_params_trigger_ui.py for tasks to queue
[2025-10-15T08:02:28.734+0000] {logging_mixin.py:188} INFO - [2025-10-15T08:02:28.733+0000] {dagbag.py:540} INFO - Filling up the DagBag from /home/airflow/.local/lib/python3.8/site-packages/airflow/example_dags/example_params_trigger_ui.py
[2025-10-15T08:02:28.745+0000] {processor.py:840} INFO - DAG(s) 'example_params_trigger_ui' retrieved from /home/airflow/.local/lib/python3.8/site-packages/airflow/example_dags/example_params_trigger_ui.py
[2025-10-15T08:02:28.793+0000] {logging_mixin.py:188} INFO - [2025-10-15T08:02:28.793+0000] {dag.py:3047} INFO - Sync 1 DAGs
[2025-10-15T08:02:28.804+0000] {logging_mixin.py:188} INFO - [2025-10-15T08:02:28.804+0000] {dag.py:3834} INFO - Setting next_dagrun for example_params_trigger_ui to None, run_after=None
[2025-10-15T08:02:28.823+0000] {processor.py:183} INFO - Processing /home/airflow/.local/lib/python3.8/site-packages/airflow/example_dags/example_params_trigger_ui.py took 0.094 seconds
[2025-10-15T08:02:59.293+0000] {processor.py:161} INFO - Started process (PID=2638) to work on /home/airflow/.local/lib/python3.8/site-packages/airflow/example_dags/example_params_trigger_ui.py
[2025-10-15T08:02:59.294+0000] {processor.py:830} INFO - Processing file /home/airflow/.local/lib/python3.8/site-packages/airflow/example_dags/example_params_trigger_ui.py for tasks to queue
[2025-10-15T08:02:59.295+0000] {logging_mixin.py:188} INFO - [2025-10-15T08:02:59.295+0000] {dagbag.py:540} INFO - Filling up the DagBag from /home/airflow/.local/lib/python3.8/site-packages/airflow/example_dags/example_params_trigger_ui.py
[2025-10-15T08:02:59.306+0000] {processor.py:840} INFO - DAG(s) 'example_params_trigger_ui' retrieved from /home/airflow/.local/lib/python3.8/site-packages/airflow/example_dags/example_params_trigger_ui.py
[2025-10-15T08:02:59.354+0000] {logging_mixin.py:188} INFO - [2025-10-15T08:02:59.353+0000] {dag.py:3047} INFO - Sync 1 DAGs
[2025-10-15T08:02:59.366+0000] {logging_mixin.py:188} INFO - [2025-10-15T08:02:59.366+0000] {dag.py:3834} INFO - Setting next_dagrun for example_params_trigger_ui to None, run_after=None
[2025-10-15T08:02:59.383+0000] {processor.py:183} INFO - Processing /home/airflow/.local/lib/python3.8/site-packages/airflow/example_dags/example_params_trigger_ui.py took 0.092 seconds
