[2025-10-15T07:41:45.107+0000] {processor.py:161} INFO - Started process (PID=132) to work on /home/airflow/.local/lib/python3.8/site-packages/airflow/example_dags/example_xcomargs.py
[2025-10-15T07:41:45.108+0000] {processor.py:830} INFO - Processing file /home/airflow/.local/lib/python3.8/site-packages/airflow/example_dags/example_xcomargs.py for tasks to queue
[2025-10-15T07:41:45.110+0000] {logging_mixin.py:188} INFO - [2025-10-15T07:41:45.110+0000] {dagbag.py:540} INFO - Filling up the DagBag from /home/airflow/.local/lib/python3.8/site-packages/airflow/example_dags/example_xcomargs.py
[2025-10-15T07:41:45.119+0000] {processor.py:840} INFO - DAG(s) 'example_xcom_args', 'example_xcom_args_with_operators' retrieved from /home/airflow/.local/lib/python3.8/site-packages/airflow/example_dags/example_xcomargs.py
[2025-10-15T07:41:45.212+0000] {logging_mixin.py:188} INFO - [2025-10-15T07:41:45.212+0000] {dag.py:3047} INFO - Sync 2 DAGs
[2025-10-15T07:41:45.222+0000] {logging_mixin.py:188} INFO - [2025-10-15T07:41:45.222+0000] {dag.py:3834} INFO - Setting next_dagrun for example_xcom_args to None, run_after=None
[2025-10-15T07:41:45.225+0000] {logging_mixin.py:188} INFO - [2025-10-15T07:41:45.225+0000] {dag.py:3834} INFO - Setting next_dagrun for example_xcom_args_with_operators to None, run_after=None
[2025-10-15T07:41:45.243+0000] {processor.py:183} INFO - Processing /home/airflow/.local/lib/python3.8/site-packages/airflow/example_dags/example_xcomargs.py took 0.138 seconds
[2025-10-15T07:42:15.537+0000] {processor.py:161} INFO - Started process (PID=193) to work on /home/airflow/.local/lib/python3.8/site-packages/airflow/example_dags/example_xcomargs.py
[2025-10-15T07:42:15.538+0000] {processor.py:830} INFO - Processing file /home/airflow/.local/lib/python3.8/site-packages/airflow/example_dags/example_xcomargs.py for tasks to queue
[2025-10-15T07:42:15.540+0000] {logging_mixin.py:188} INFO - [2025-10-15T07:42:15.539+0000] {dagbag.py:540} INFO - Filling up the DagBag from /home/airflow/.local/lib/python3.8/site-packages/airflow/example_dags/example_xcomargs.py
[2025-10-15T07:42:15.549+0000] {processor.py:840} INFO - DAG(s) 'example_xcom_args', 'example_xcom_args_with_operators' retrieved from /home/airflow/.local/lib/python3.8/site-packages/airflow/example_dags/example_xcomargs.py
[2025-10-15T07:42:15.575+0000] {logging_mixin.py:188} INFO - [2025-10-15T07:42:15.574+0000] {dag.py:3047} INFO - Sync 2 DAGs
[2025-10-15T07:42:15.589+0000] {logging_mixin.py:188} INFO - [2025-10-15T07:42:15.588+0000] {dag.py:3834} INFO - Setting next_dagrun for example_xcom_args to None, run_after=None
[2025-10-15T07:42:15.593+0000] {logging_mixin.py:188} INFO - [2025-10-15T07:42:15.592+0000] {dag.py:3834} INFO - Setting next_dagrun for example_xcom_args_with_operators to None, run_after=None
[2025-10-15T07:42:15.611+0000] {processor.py:183} INFO - Processing /home/airflow/.local/lib/python3.8/site-packages/airflow/example_dags/example_xcomargs.py took 0.078 seconds
[2025-10-15T07:42:46.525+0000] {processor.py:161} INFO - Started process (PID=253) to work on /home/airflow/.local/lib/python3.8/site-packages/airflow/example_dags/example_xcomargs.py
[2025-10-15T07:42:46.526+0000] {processor.py:830} INFO - Processing file /home/airflow/.local/lib/python3.8/site-packages/airflow/example_dags/example_xcomargs.py for tasks to queue
[2025-10-15T07:42:46.528+0000] {logging_mixin.py:188} INFO - [2025-10-15T07:42:46.527+0000] {dagbag.py:540} INFO - Filling up the DagBag from /home/airflow/.local/lib/python3.8/site-packages/airflow/example_dags/example_xcomargs.py
[2025-10-15T07:42:46.535+0000] {processor.py:840} INFO - DAG(s) 'example_xcom_args_with_operators', 'example_xcom_args' retrieved from /home/airflow/.local/lib/python3.8/site-packages/airflow/example_dags/example_xcomargs.py
[2025-10-15T07:42:46.558+0000] {logging_mixin.py:188} INFO - [2025-10-15T07:42:46.557+0000] {dag.py:3047} INFO - Sync 2 DAGs
[2025-10-15T07:42:46.570+0000] {logging_mixin.py:188} INFO - [2025-10-15T07:42:46.570+0000] {dag.py:3834} INFO - Setting next_dagrun for example_xcom_args to None, run_after=None
[2025-10-15T07:42:46.574+0000] {logging_mixin.py:188} INFO - [2025-10-15T07:42:46.574+0000] {dag.py:3834} INFO - Setting next_dagrun for example_xcom_args_with_operators to None, run_after=None
[2025-10-15T07:42:46.591+0000] {processor.py:183} INFO - Processing /home/airflow/.local/lib/python3.8/site-packages/airflow/example_dags/example_xcomargs.py took 0.069 seconds
[2025-10-15T07:43:17.153+0000] {processor.py:161} INFO - Started process (PID=313) to work on /home/airflow/.local/lib/python3.8/site-packages/airflow/example_dags/example_xcomargs.py
[2025-10-15T07:43:17.154+0000] {processor.py:830} INFO - Processing file /home/airflow/.local/lib/python3.8/site-packages/airflow/example_dags/example_xcomargs.py for tasks to queue
[2025-10-15T07:43:17.156+0000] {logging_mixin.py:188} INFO - [2025-10-15T07:43:17.156+0000] {dagbag.py:540} INFO - Filling up the DagBag from /home/airflow/.local/lib/python3.8/site-packages/airflow/example_dags/example_xcomargs.py
[2025-10-15T07:43:17.165+0000] {processor.py:840} INFO - DAG(s) 'example_xcom_args_with_operators', 'example_xcom_args' retrieved from /home/airflow/.local/lib/python3.8/site-packages/airflow/example_dags/example_xcomargs.py
[2025-10-15T07:43:17.187+0000] {logging_mixin.py:188} INFO - [2025-10-15T07:43:17.186+0000] {dag.py:3047} INFO - Sync 2 DAGs
[2025-10-15T07:43:17.197+0000] {logging_mixin.py:188} INFO - [2025-10-15T07:43:17.197+0000] {dag.py:3834} INFO - Setting next_dagrun for example_xcom_args to None, run_after=None
[2025-10-15T07:43:17.201+0000] {logging_mixin.py:188} INFO - [2025-10-15T07:43:17.201+0000] {dag.py:3834} INFO - Setting next_dagrun for example_xcom_args_with_operators to None, run_after=None
[2025-10-15T07:43:17.218+0000] {processor.py:183} INFO - Processing /home/airflow/.local/lib/python3.8/site-packages/airflow/example_dags/example_xcomargs.py took 0.067 seconds
[2025-10-15T07:43:48.181+0000] {processor.py:161} INFO - Started process (PID=373) to work on /home/airflow/.local/lib/python3.8/site-packages/airflow/example_dags/example_xcomargs.py
[2025-10-15T07:43:48.182+0000] {processor.py:830} INFO - Processing file /home/airflow/.local/lib/python3.8/site-packages/airflow/example_dags/example_xcomargs.py for tasks to queue
[2025-10-15T07:43:48.184+0000] {logging_mixin.py:188} INFO - [2025-10-15T07:43:48.184+0000] {dagbag.py:540} INFO - Filling up the DagBag from /home/airflow/.local/lib/python3.8/site-packages/airflow/example_dags/example_xcomargs.py
[2025-10-15T07:43:48.191+0000] {processor.py:840} INFO - DAG(s) 'example_xcom_args_with_operators', 'example_xcom_args' retrieved from /home/airflow/.local/lib/python3.8/site-packages/airflow/example_dags/example_xcomargs.py
[2025-10-15T07:43:48.214+0000] {logging_mixin.py:188} INFO - [2025-10-15T07:43:48.214+0000] {dag.py:3047} INFO - Sync 2 DAGs
[2025-10-15T07:43:48.226+0000] {logging_mixin.py:188} INFO - [2025-10-15T07:43:48.226+0000] {dag.py:3834} INFO - Setting next_dagrun for example_xcom_args to None, run_after=None
[2025-10-15T07:43:48.230+0000] {logging_mixin.py:188} INFO - [2025-10-15T07:43:48.230+0000] {dag.py:3834} INFO - Setting next_dagrun for example_xcom_args_with_operators to None, run_after=None
[2025-10-15T07:43:48.257+0000] {processor.py:183} INFO - Processing /home/airflow/.local/lib/python3.8/site-packages/airflow/example_dags/example_xcomargs.py took 0.079 seconds
[2025-10-15T07:44:18.668+0000] {processor.py:161} INFO - Started process (PID=433) to work on /home/airflow/.local/lib/python3.8/site-packages/airflow/example_dags/example_xcomargs.py
[2025-10-15T07:44:18.669+0000] {processor.py:830} INFO - Processing file /home/airflow/.local/lib/python3.8/site-packages/airflow/example_dags/example_xcomargs.py for tasks to queue
[2025-10-15T07:44:18.670+0000] {logging_mixin.py:188} INFO - [2025-10-15T07:44:18.670+0000] {dagbag.py:540} INFO - Filling up the DagBag from /home/airflow/.local/lib/python3.8/site-packages/airflow/example_dags/example_xcomargs.py
[2025-10-15T07:44:18.677+0000] {processor.py:840} INFO - DAG(s) 'example_xcom_args_with_operators', 'example_xcom_args' retrieved from /home/airflow/.local/lib/python3.8/site-packages/airflow/example_dags/example_xcomargs.py
[2025-10-15T07:44:18.697+0000] {logging_mixin.py:188} INFO - [2025-10-15T07:44:18.696+0000] {dag.py:3047} INFO - Sync 2 DAGs
[2025-10-15T07:44:18.707+0000] {logging_mixin.py:188} INFO - [2025-10-15T07:44:18.707+0000] {dag.py:3834} INFO - Setting next_dagrun for example_xcom_args to None, run_after=None
[2025-10-15T07:44:18.711+0000] {logging_mixin.py:188} INFO - [2025-10-15T07:44:18.710+0000] {dag.py:3834} INFO - Setting next_dagrun for example_xcom_args_with_operators to None, run_after=None
[2025-10-15T07:44:18.726+0000] {processor.py:183} INFO - Processing /home/airflow/.local/lib/python3.8/site-packages/airflow/example_dags/example_xcomargs.py took 0.061 seconds
[2025-10-15T07:44:49.278+0000] {processor.py:161} INFO - Started process (PID=495) to work on /home/airflow/.local/lib/python3.8/site-packages/airflow/example_dags/example_xcomargs.py
[2025-10-15T07:44:49.279+0000] {processor.py:830} INFO - Processing file /home/airflow/.local/lib/python3.8/site-packages/airflow/example_dags/example_xcomargs.py for tasks to queue
[2025-10-15T07:44:49.280+0000] {logging_mixin.py:188} INFO - [2025-10-15T07:44:49.280+0000] {dagbag.py:540} INFO - Filling up the DagBag from /home/airflow/.local/lib/python3.8/site-packages/airflow/example_dags/example_xcomargs.py
[2025-10-15T07:44:49.288+0000] {processor.py:840} INFO - DAG(s) 'example_xcom_args_with_operators', 'example_xcom_args' retrieved from /home/airflow/.local/lib/python3.8/site-packages/airflow/example_dags/example_xcomargs.py
[2025-10-15T07:44:49.311+0000] {logging_mixin.py:188} INFO - [2025-10-15T07:44:49.311+0000] {dag.py:3047} INFO - Sync 2 DAGs
[2025-10-15T07:44:49.322+0000] {logging_mixin.py:188} INFO - [2025-10-15T07:44:49.322+0000] {dag.py:3834} INFO - Setting next_dagrun for example_xcom_args to None, run_after=None
[2025-10-15T07:44:49.326+0000] {logging_mixin.py:188} INFO - [2025-10-15T07:44:49.325+0000] {dag.py:3834} INFO - Setting next_dagrun for example_xcom_args_with_operators to None, run_after=None
[2025-10-15T07:44:49.343+0000] {processor.py:183} INFO - Processing /home/airflow/.local/lib/python3.8/site-packages/airflow/example_dags/example_xcomargs.py took 0.069 seconds
[2025-10-15T07:45:19.388+0000] {processor.py:161} INFO - Started process (PID=555) to work on /home/airflow/.local/lib/python3.8/site-packages/airflow/example_dags/example_xcomargs.py
[2025-10-15T07:45:19.389+0000] {processor.py:830} INFO - Processing file /home/airflow/.local/lib/python3.8/site-packages/airflow/example_dags/example_xcomargs.py for tasks to queue
[2025-10-15T07:45:19.391+0000] {logging_mixin.py:188} INFO - [2025-10-15T07:45:19.391+0000] {dagbag.py:540} INFO - Filling up the DagBag from /home/airflow/.local/lib/python3.8/site-packages/airflow/example_dags/example_xcomargs.py
[2025-10-15T07:45:19.408+0000] {processor.py:840} INFO - DAG(s) 'example_xcom_args', 'example_xcom_args_with_operators' retrieved from /home/airflow/.local/lib/python3.8/site-packages/airflow/example_dags/example_xcomargs.py
[2025-10-15T07:45:19.438+0000] {logging_mixin.py:188} INFO - [2025-10-15T07:45:19.438+0000] {dag.py:3047} INFO - Sync 2 DAGs
[2025-10-15T07:45:19.449+0000] {logging_mixin.py:188} INFO - [2025-10-15T07:45:19.449+0000] {dag.py:3834} INFO - Setting next_dagrun for example_xcom_args to None, run_after=None
[2025-10-15T07:45:19.453+0000] {logging_mixin.py:188} INFO - [2025-10-15T07:45:19.452+0000] {dag.py:3834} INFO - Setting next_dagrun for example_xcom_args_with_operators to None, run_after=None
[2025-10-15T07:45:19.468+0000] {processor.py:183} INFO - Processing /home/airflow/.local/lib/python3.8/site-packages/airflow/example_dags/example_xcomargs.py took 0.084 seconds
[2025-10-15T07:45:49.607+0000] {processor.py:161} INFO - Started process (PID=616) to work on /home/airflow/.local/lib/python3.8/site-packages/airflow/example_dags/example_xcomargs.py
[2025-10-15T07:45:49.608+0000] {processor.py:830} INFO - Processing file /home/airflow/.local/lib/python3.8/site-packages/airflow/example_dags/example_xcomargs.py for tasks to queue
[2025-10-15T07:45:49.610+0000] {logging_mixin.py:188} INFO - [2025-10-15T07:45:49.609+0000] {dagbag.py:540} INFO - Filling up the DagBag from /home/airflow/.local/lib/python3.8/site-packages/airflow/example_dags/example_xcomargs.py
[2025-10-15T07:45:49.618+0000] {processor.py:840} INFO - DAG(s) 'example_xcom_args_with_operators', 'example_xcom_args' retrieved from /home/airflow/.local/lib/python3.8/site-packages/airflow/example_dags/example_xcomargs.py
[2025-10-15T07:45:49.637+0000] {logging_mixin.py:188} INFO - [2025-10-15T07:45:49.637+0000] {dag.py:3047} INFO - Sync 2 DAGs
[2025-10-15T07:45:49.649+0000] {logging_mixin.py:188} INFO - [2025-10-15T07:45:49.649+0000] {dag.py:3834} INFO - Setting next_dagrun for example_xcom_args to None, run_after=None
[2025-10-15T07:45:49.652+0000] {logging_mixin.py:188} INFO - [2025-10-15T07:45:49.652+0000] {dag.py:3834} INFO - Setting next_dagrun for example_xcom_args_with_operators to None, run_after=None
[2025-10-15T07:45:49.668+0000] {processor.py:183} INFO - Processing /home/airflow/.local/lib/python3.8/site-packages/airflow/example_dags/example_xcomargs.py took 0.064 seconds
[2025-10-15T07:46:20.304+0000] {processor.py:161} INFO - Started process (PID=675) to work on /home/airflow/.local/lib/python3.8/site-packages/airflow/example_dags/example_xcomargs.py
[2025-10-15T07:46:20.305+0000] {processor.py:830} INFO - Processing file /home/airflow/.local/lib/python3.8/site-packages/airflow/example_dags/example_xcomargs.py for tasks to queue
[2025-10-15T07:46:20.307+0000] {logging_mixin.py:188} INFO - [2025-10-15T07:46:20.307+0000] {dagbag.py:540} INFO - Filling up the DagBag from /home/airflow/.local/lib/python3.8/site-packages/airflow/example_dags/example_xcomargs.py
[2025-10-15T07:46:20.314+0000] {processor.py:840} INFO - DAG(s) 'example_xcom_args', 'example_xcom_args_with_operators' retrieved from /home/airflow/.local/lib/python3.8/site-packages/airflow/example_dags/example_xcomargs.py
[2025-10-15T07:46:20.334+0000] {logging_mixin.py:188} INFO - [2025-10-15T07:46:20.334+0000] {dag.py:3047} INFO - Sync 2 DAGs
[2025-10-15T07:46:20.346+0000] {logging_mixin.py:188} INFO - [2025-10-15T07:46:20.345+0000] {dag.py:3834} INFO - Setting next_dagrun for example_xcom_args to None, run_after=None
[2025-10-15T07:46:20.349+0000] {logging_mixin.py:188} INFO - [2025-10-15T07:46:20.349+0000] {dag.py:3834} INFO - Setting next_dagrun for example_xcom_args_with_operators to None, run_after=None
[2025-10-15T07:46:20.365+0000] {processor.py:183} INFO - Processing /home/airflow/.local/lib/python3.8/site-packages/airflow/example_dags/example_xcomargs.py took 0.064 seconds
[2025-10-15T07:46:51.010+0000] {processor.py:161} INFO - Started process (PID=735) to work on /home/airflow/.local/lib/python3.8/site-packages/airflow/example_dags/example_xcomargs.py
[2025-10-15T07:46:51.011+0000] {processor.py:830} INFO - Processing file /home/airflow/.local/lib/python3.8/site-packages/airflow/example_dags/example_xcomargs.py for tasks to queue
[2025-10-15T07:46:51.013+0000] {logging_mixin.py:188} INFO - [2025-10-15T07:46:51.013+0000] {dagbag.py:540} INFO - Filling up the DagBag from /home/airflow/.local/lib/python3.8/site-packages/airflow/example_dags/example_xcomargs.py
[2025-10-15T07:46:51.020+0000] {processor.py:840} INFO - DAG(s) 'example_xcom_args_with_operators', 'example_xcom_args' retrieved from /home/airflow/.local/lib/python3.8/site-packages/airflow/example_dags/example_xcomargs.py
[2025-10-15T07:46:51.040+0000] {logging_mixin.py:188} INFO - [2025-10-15T07:46:51.040+0000] {dag.py:3047} INFO - Sync 2 DAGs
[2025-10-15T07:46:51.051+0000] {logging_mixin.py:188} INFO - [2025-10-15T07:46:51.051+0000] {dag.py:3834} INFO - Setting next_dagrun for example_xcom_args to None, run_after=None
[2025-10-15T07:46:51.054+0000] {logging_mixin.py:188} INFO - [2025-10-15T07:46:51.054+0000] {dag.py:3834} INFO - Setting next_dagrun for example_xcom_args_with_operators to None, run_after=None
[2025-10-15T07:46:51.070+0000] {processor.py:183} INFO - Processing /home/airflow/.local/lib/python3.8/site-packages/airflow/example_dags/example_xcomargs.py took 0.063 seconds
[2025-10-15T07:47:22.018+0000] {processor.py:161} INFO - Started process (PID=795) to work on /home/airflow/.local/lib/python3.8/site-packages/airflow/example_dags/example_xcomargs.py
[2025-10-15T07:47:22.019+0000] {processor.py:830} INFO - Processing file /home/airflow/.local/lib/python3.8/site-packages/airflow/example_dags/example_xcomargs.py for tasks to queue
[2025-10-15T07:47:22.021+0000] {logging_mixin.py:188} INFO - [2025-10-15T07:47:22.021+0000] {dagbag.py:540} INFO - Filling up the DagBag from /home/airflow/.local/lib/python3.8/site-packages/airflow/example_dags/example_xcomargs.py
[2025-10-15T07:47:22.028+0000] {processor.py:840} INFO - DAG(s) 'example_xcom_args_with_operators', 'example_xcom_args' retrieved from /home/airflow/.local/lib/python3.8/site-packages/airflow/example_dags/example_xcomargs.py
[2025-10-15T07:47:22.048+0000] {logging_mixin.py:188} INFO - [2025-10-15T07:47:22.048+0000] {dag.py:3047} INFO - Sync 2 DAGs
[2025-10-15T07:47:22.059+0000] {logging_mixin.py:188} INFO - [2025-10-15T07:47:22.059+0000] {dag.py:3834} INFO - Setting next_dagrun for example_xcom_args to None, run_after=None
[2025-10-15T07:47:22.063+0000] {logging_mixin.py:188} INFO - [2025-10-15T07:47:22.063+0000] {dag.py:3834} INFO - Setting next_dagrun for example_xcom_args_with_operators to None, run_after=None
[2025-10-15T07:47:22.080+0000] {processor.py:183} INFO - Processing /home/airflow/.local/lib/python3.8/site-packages/airflow/example_dags/example_xcomargs.py took 0.064 seconds
[2025-10-15T07:47:52.356+0000] {processor.py:161} INFO - Started process (PID=855) to work on /home/airflow/.local/lib/python3.8/site-packages/airflow/example_dags/example_xcomargs.py
[2025-10-15T07:47:52.357+0000] {processor.py:830} INFO - Processing file /home/airflow/.local/lib/python3.8/site-packages/airflow/example_dags/example_xcomargs.py for tasks to queue
[2025-10-15T07:47:52.359+0000] {logging_mixin.py:188} INFO - [2025-10-15T07:47:52.358+0000] {dagbag.py:540} INFO - Filling up the DagBag from /home/airflow/.local/lib/python3.8/site-packages/airflow/example_dags/example_xcomargs.py
[2025-10-15T07:47:52.366+0000] {processor.py:840} INFO - DAG(s) 'example_xcom_args', 'example_xcom_args_with_operators' retrieved from /home/airflow/.local/lib/python3.8/site-packages/airflow/example_dags/example_xcomargs.py
[2025-10-15T07:47:52.386+0000] {logging_mixin.py:188} INFO - [2025-10-15T07:47:52.386+0000] {dag.py:3047} INFO - Sync 2 DAGs
[2025-10-15T07:47:52.397+0000] {logging_mixin.py:188} INFO - [2025-10-15T07:47:52.397+0000] {dag.py:3834} INFO - Setting next_dagrun for example_xcom_args to None, run_after=None
[2025-10-15T07:47:52.401+0000] {logging_mixin.py:188} INFO - [2025-10-15T07:47:52.401+0000] {dag.py:3834} INFO - Setting next_dagrun for example_xcom_args_with_operators to None, run_after=None
[2025-10-15T07:47:52.417+0000] {processor.py:183} INFO - Processing /home/airflow/.local/lib/python3.8/site-packages/airflow/example_dags/example_xcomargs.py took 0.064 seconds
[2025-10-15T07:48:22.548+0000] {processor.py:161} INFO - Started process (PID=915) to work on /home/airflow/.local/lib/python3.8/site-packages/airflow/example_dags/example_xcomargs.py
[2025-10-15T07:48:22.549+0000] {processor.py:830} INFO - Processing file /home/airflow/.local/lib/python3.8/site-packages/airflow/example_dags/example_xcomargs.py for tasks to queue
[2025-10-15T07:48:22.550+0000] {logging_mixin.py:188} INFO - [2025-10-15T07:48:22.550+0000] {dagbag.py:540} INFO - Filling up the DagBag from /home/airflow/.local/lib/python3.8/site-packages/airflow/example_dags/example_xcomargs.py
[2025-10-15T07:48:22.559+0000] {processor.py:840} INFO - DAG(s) 'example_xcom_args_with_operators', 'example_xcom_args' retrieved from /home/airflow/.local/lib/python3.8/site-packages/airflow/example_dags/example_xcomargs.py
[2025-10-15T07:48:22.597+0000] {logging_mixin.py:188} INFO - [2025-10-15T07:48:22.596+0000] {dag.py:3047} INFO - Sync 2 DAGs
[2025-10-15T07:48:22.611+0000] {logging_mixin.py:188} INFO - [2025-10-15T07:48:22.611+0000] {dag.py:3834} INFO - Setting next_dagrun for example_xcom_args to None, run_after=None
[2025-10-15T07:48:22.614+0000] {logging_mixin.py:188} INFO - [2025-10-15T07:48:22.614+0000] {dag.py:3834} INFO - Setting next_dagrun for example_xcom_args_with_operators to None, run_after=None
[2025-10-15T07:48:22.628+0000] {processor.py:183} INFO - Processing /home/airflow/.local/lib/python3.8/site-packages/airflow/example_dags/example_xcomargs.py took 0.083 seconds
[2025-10-15T07:48:52.821+0000] {processor.py:161} INFO - Started process (PID=976) to work on /home/airflow/.local/lib/python3.8/site-packages/airflow/example_dags/example_xcomargs.py
[2025-10-15T07:48:52.822+0000] {processor.py:830} INFO - Processing file /home/airflow/.local/lib/python3.8/site-packages/airflow/example_dags/example_xcomargs.py for tasks to queue
[2025-10-15T07:48:52.824+0000] {logging_mixin.py:188} INFO - [2025-10-15T07:48:52.824+0000] {dagbag.py:540} INFO - Filling up the DagBag from /home/airflow/.local/lib/python3.8/site-packages/airflow/example_dags/example_xcomargs.py
[2025-10-15T07:48:52.832+0000] {processor.py:840} INFO - DAG(s) 'example_xcom_args_with_operators', 'example_xcom_args' retrieved from /home/airflow/.local/lib/python3.8/site-packages/airflow/example_dags/example_xcomargs.py
[2025-10-15T07:48:52.862+0000] {logging_mixin.py:188} INFO - [2025-10-15T07:48:52.861+0000] {dag.py:3047} INFO - Sync 2 DAGs
[2025-10-15T07:48:52.874+0000] {logging_mixin.py:188} INFO - [2025-10-15T07:48:52.874+0000] {dag.py:3834} INFO - Setting next_dagrun for example_xcom_args to None, run_after=None
[2025-10-15T07:48:52.878+0000] {logging_mixin.py:188} INFO - [2025-10-15T07:48:52.878+0000] {dag.py:3834} INFO - Setting next_dagrun for example_xcom_args_with_operators to None, run_after=None
[2025-10-15T07:48:52.899+0000] {processor.py:183} INFO - Processing /home/airflow/.local/lib/python3.8/site-packages/airflow/example_dags/example_xcomargs.py took 0.081 seconds
[2025-10-15T07:49:23.547+0000] {processor.py:161} INFO - Started process (PID=1037) to work on /home/airflow/.local/lib/python3.8/site-packages/airflow/example_dags/example_xcomargs.py
[2025-10-15T07:49:23.548+0000] {processor.py:830} INFO - Processing file /home/airflow/.local/lib/python3.8/site-packages/airflow/example_dags/example_xcomargs.py for tasks to queue
[2025-10-15T07:49:23.549+0000] {logging_mixin.py:188} INFO - [2025-10-15T07:49:23.549+0000] {dagbag.py:540} INFO - Filling up the DagBag from /home/airflow/.local/lib/python3.8/site-packages/airflow/example_dags/example_xcomargs.py
[2025-10-15T07:49:23.556+0000] {processor.py:840} INFO - DAG(s) 'example_xcom_args_with_operators', 'example_xcom_args' retrieved from /home/airflow/.local/lib/python3.8/site-packages/airflow/example_dags/example_xcomargs.py
[2025-10-15T07:49:23.577+0000] {logging_mixin.py:188} INFO - [2025-10-15T07:49:23.577+0000] {dag.py:3047} INFO - Sync 2 DAGs
[2025-10-15T07:49:23.589+0000] {logging_mixin.py:188} INFO - [2025-10-15T07:49:23.589+0000] {dag.py:3834} INFO - Setting next_dagrun for example_xcom_args to None, run_after=None
[2025-10-15T07:49:23.592+0000] {logging_mixin.py:188} INFO - [2025-10-15T07:49:23.592+0000] {dag.py:3834} INFO - Setting next_dagrun for example_xcom_args_with_operators to None, run_after=None
[2025-10-15T07:49:23.609+0000] {processor.py:183} INFO - Processing /home/airflow/.local/lib/python3.8/site-packages/airflow/example_dags/example_xcomargs.py took 0.065 seconds
[2025-10-15T07:49:54.434+0000] {processor.py:161} INFO - Started process (PID=1097) to work on /home/airflow/.local/lib/python3.8/site-packages/airflow/example_dags/example_xcomargs.py
[2025-10-15T07:49:54.435+0000] {processor.py:830} INFO - Processing file /home/airflow/.local/lib/python3.8/site-packages/airflow/example_dags/example_xcomargs.py for tasks to queue
[2025-10-15T07:49:54.436+0000] {logging_mixin.py:188} INFO - [2025-10-15T07:49:54.436+0000] {dagbag.py:540} INFO - Filling up the DagBag from /home/airflow/.local/lib/python3.8/site-packages/airflow/example_dags/example_xcomargs.py
[2025-10-15T07:49:54.443+0000] {processor.py:840} INFO - DAG(s) 'example_xcom_args_with_operators', 'example_xcom_args' retrieved from /home/airflow/.local/lib/python3.8/site-packages/airflow/example_dags/example_xcomargs.py
[2025-10-15T07:49:54.463+0000] {logging_mixin.py:188} INFO - [2025-10-15T07:49:54.462+0000] {dag.py:3047} INFO - Sync 2 DAGs
[2025-10-15T07:49:54.474+0000] {logging_mixin.py:188} INFO - [2025-10-15T07:49:54.474+0000] {dag.py:3834} INFO - Setting next_dagrun for example_xcom_args to None, run_after=None
[2025-10-15T07:49:54.477+0000] {logging_mixin.py:188} INFO - [2025-10-15T07:49:54.477+0000] {dag.py:3834} INFO - Setting next_dagrun for example_xcom_args_with_operators to None, run_after=None
[2025-10-15T07:49:54.492+0000] {processor.py:183} INFO - Processing /home/airflow/.local/lib/python3.8/site-packages/airflow/example_dags/example_xcomargs.py took 0.061 seconds
[2025-10-15T07:50:25.143+0000] {processor.py:161} INFO - Started process (PID=1157) to work on /home/airflow/.local/lib/python3.8/site-packages/airflow/example_dags/example_xcomargs.py
[2025-10-15T07:50:25.144+0000] {processor.py:830} INFO - Processing file /home/airflow/.local/lib/python3.8/site-packages/airflow/example_dags/example_xcomargs.py for tasks to queue
[2025-10-15T07:50:25.146+0000] {logging_mixin.py:188} INFO - [2025-10-15T07:50:25.145+0000] {dagbag.py:540} INFO - Filling up the DagBag from /home/airflow/.local/lib/python3.8/site-packages/airflow/example_dags/example_xcomargs.py
[2025-10-15T07:50:25.152+0000] {processor.py:840} INFO - DAG(s) 'example_xcom_args_with_operators', 'example_xcom_args' retrieved from /home/airflow/.local/lib/python3.8/site-packages/airflow/example_dags/example_xcomargs.py
[2025-10-15T07:50:25.170+0000] {logging_mixin.py:188} INFO - [2025-10-15T07:50:25.170+0000] {dag.py:3047} INFO - Sync 2 DAGs
[2025-10-15T07:50:25.181+0000] {logging_mixin.py:188} INFO - [2025-10-15T07:50:25.181+0000] {dag.py:3834} INFO - Setting next_dagrun for example_xcom_args to None, run_after=None
[2025-10-15T07:50:25.184+0000] {logging_mixin.py:188} INFO - [2025-10-15T07:50:25.184+0000] {dag.py:3834} INFO - Setting next_dagrun for example_xcom_args_with_operators to None, run_after=None
[2025-10-15T07:50:25.202+0000] {processor.py:183} INFO - Processing /home/airflow/.local/lib/python3.8/site-packages/airflow/example_dags/example_xcomargs.py took 0.061 seconds
[2025-10-15T07:50:56.178+0000] {processor.py:161} INFO - Started process (PID=1220) to work on /home/airflow/.local/lib/python3.8/site-packages/airflow/example_dags/example_xcomargs.py
[2025-10-15T07:50:56.179+0000] {processor.py:830} INFO - Processing file /home/airflow/.local/lib/python3.8/site-packages/airflow/example_dags/example_xcomargs.py for tasks to queue
[2025-10-15T07:50:56.181+0000] {logging_mixin.py:188} INFO - [2025-10-15T07:50:56.181+0000] {dagbag.py:540} INFO - Filling up the DagBag from /home/airflow/.local/lib/python3.8/site-packages/airflow/example_dags/example_xcomargs.py
[2025-10-15T07:50:56.188+0000] {processor.py:840} INFO - DAG(s) 'example_xcom_args', 'example_xcom_args_with_operators' retrieved from /home/airflow/.local/lib/python3.8/site-packages/airflow/example_dags/example_xcomargs.py
[2025-10-15T07:50:56.209+0000] {logging_mixin.py:188} INFO - [2025-10-15T07:50:56.208+0000] {dag.py:3047} INFO - Sync 2 DAGs
[2025-10-15T07:50:56.222+0000] {logging_mixin.py:188} INFO - [2025-10-15T07:50:56.222+0000] {dag.py:3834} INFO - Setting next_dagrun for example_xcom_args to None, run_after=None
[2025-10-15T07:50:56.226+0000] {logging_mixin.py:188} INFO - [2025-10-15T07:50:56.226+0000] {dag.py:3834} INFO - Setting next_dagrun for example_xcom_args_with_operators to None, run_after=None
[2025-10-15T07:50:56.243+0000] {processor.py:183} INFO - Processing /home/airflow/.local/lib/python3.8/site-packages/airflow/example_dags/example_xcomargs.py took 0.067 seconds
[2025-10-15T07:51:26.512+0000] {processor.py:161} INFO - Started process (PID=1282) to work on /home/airflow/.local/lib/python3.8/site-packages/airflow/example_dags/example_xcomargs.py
[2025-10-15T07:51:26.513+0000] {processor.py:830} INFO - Processing file /home/airflow/.local/lib/python3.8/site-packages/airflow/example_dags/example_xcomargs.py for tasks to queue
[2025-10-15T07:51:26.515+0000] {logging_mixin.py:188} INFO - [2025-10-15T07:51:26.515+0000] {dagbag.py:540} INFO - Filling up the DagBag from /home/airflow/.local/lib/python3.8/site-packages/airflow/example_dags/example_xcomargs.py
[2025-10-15T07:51:26.522+0000] {processor.py:840} INFO - DAG(s) 'example_xcom_args', 'example_xcom_args_with_operators' retrieved from /home/airflow/.local/lib/python3.8/site-packages/airflow/example_dags/example_xcomargs.py
[2025-10-15T07:51:26.545+0000] {logging_mixin.py:188} INFO - [2025-10-15T07:51:26.545+0000] {dag.py:3047} INFO - Sync 2 DAGs
[2025-10-15T07:51:26.557+0000] {logging_mixin.py:188} INFO - [2025-10-15T07:51:26.556+0000] {dag.py:3834} INFO - Setting next_dagrun for example_xcom_args to None, run_after=None
[2025-10-15T07:51:26.560+0000] {logging_mixin.py:188} INFO - [2025-10-15T07:51:26.560+0000] {dag.py:3834} INFO - Setting next_dagrun for example_xcom_args_with_operators to None, run_after=None
[2025-10-15T07:51:26.577+0000] {processor.py:183} INFO - Processing /home/airflow/.local/lib/python3.8/site-packages/airflow/example_dags/example_xcomargs.py took 0.068 seconds
[2025-10-15T07:51:57.001+0000] {processor.py:161} INFO - Started process (PID=1344) to work on /home/airflow/.local/lib/python3.8/site-packages/airflow/example_dags/example_xcomargs.py
[2025-10-15T07:51:57.002+0000] {processor.py:830} INFO - Processing file /home/airflow/.local/lib/python3.8/site-packages/airflow/example_dags/example_xcomargs.py for tasks to queue
[2025-10-15T07:51:57.004+0000] {logging_mixin.py:188} INFO - [2025-10-15T07:51:57.004+0000] {dagbag.py:540} INFO - Filling up the DagBag from /home/airflow/.local/lib/python3.8/site-packages/airflow/example_dags/example_xcomargs.py
[2025-10-15T07:51:57.011+0000] {processor.py:840} INFO - DAG(s) 'example_xcom_args', 'example_xcom_args_with_operators' retrieved from /home/airflow/.local/lib/python3.8/site-packages/airflow/example_dags/example_xcomargs.py
[2025-10-15T07:51:57.032+0000] {logging_mixin.py:188} INFO - [2025-10-15T07:51:57.032+0000] {dag.py:3047} INFO - Sync 2 DAGs
[2025-10-15T07:51:57.044+0000] {logging_mixin.py:188} INFO - [2025-10-15T07:51:57.044+0000] {dag.py:3834} INFO - Setting next_dagrun for example_xcom_args to None, run_after=None
[2025-10-15T07:51:57.047+0000] {logging_mixin.py:188} INFO - [2025-10-15T07:51:57.047+0000] {dag.py:3834} INFO - Setting next_dagrun for example_xcom_args_with_operators to None, run_after=None
[2025-10-15T07:51:57.063+0000] {processor.py:183} INFO - Processing /home/airflow/.local/lib/python3.8/site-packages/airflow/example_dags/example_xcomargs.py took 0.064 seconds
[2025-10-15T07:52:27.260+0000] {processor.py:161} INFO - Started process (PID=1405) to work on /home/airflow/.local/lib/python3.8/site-packages/airflow/example_dags/example_xcomargs.py
[2025-10-15T07:52:27.260+0000] {processor.py:830} INFO - Processing file /home/airflow/.local/lib/python3.8/site-packages/airflow/example_dags/example_xcomargs.py for tasks to queue
[2025-10-15T07:52:27.262+0000] {logging_mixin.py:188} INFO - [2025-10-15T07:52:27.262+0000] {dagbag.py:540} INFO - Filling up the DagBag from /home/airflow/.local/lib/python3.8/site-packages/airflow/example_dags/example_xcomargs.py
[2025-10-15T07:52:27.269+0000] {processor.py:840} INFO - DAG(s) 'example_xcom_args', 'example_xcom_args_with_operators' retrieved from /home/airflow/.local/lib/python3.8/site-packages/airflow/example_dags/example_xcomargs.py
[2025-10-15T07:52:27.290+0000] {logging_mixin.py:188} INFO - [2025-10-15T07:52:27.290+0000] {dag.py:3047} INFO - Sync 2 DAGs
[2025-10-15T07:52:27.301+0000] {logging_mixin.py:188} INFO - [2025-10-15T07:52:27.301+0000] {dag.py:3834} INFO - Setting next_dagrun for example_xcom_args to None, run_after=None
[2025-10-15T07:52:27.305+0000] {logging_mixin.py:188} INFO - [2025-10-15T07:52:27.305+0000] {dag.py:3834} INFO - Setting next_dagrun for example_xcom_args_with_operators to None, run_after=None
[2025-10-15T07:52:27.319+0000] {processor.py:183} INFO - Processing /home/airflow/.local/lib/python3.8/site-packages/airflow/example_dags/example_xcomargs.py took 0.062 seconds
[2025-10-15T07:52:58.237+0000] {processor.py:161} INFO - Started process (PID=1466) to work on /home/airflow/.local/lib/python3.8/site-packages/airflow/example_dags/example_xcomargs.py
[2025-10-15T07:52:58.238+0000] {processor.py:830} INFO - Processing file /home/airflow/.local/lib/python3.8/site-packages/airflow/example_dags/example_xcomargs.py for tasks to queue
[2025-10-15T07:52:58.240+0000] {logging_mixin.py:188} INFO - [2025-10-15T07:52:58.240+0000] {dagbag.py:540} INFO - Filling up the DagBag from /home/airflow/.local/lib/python3.8/site-packages/airflow/example_dags/example_xcomargs.py
[2025-10-15T07:52:58.247+0000] {processor.py:840} INFO - DAG(s) 'example_xcom_args', 'example_xcom_args_with_operators' retrieved from /home/airflow/.local/lib/python3.8/site-packages/airflow/example_dags/example_xcomargs.py
[2025-10-15T07:52:58.270+0000] {logging_mixin.py:188} INFO - [2025-10-15T07:52:58.270+0000] {dag.py:3047} INFO - Sync 2 DAGs
[2025-10-15T07:52:58.285+0000] {logging_mixin.py:188} INFO - [2025-10-15T07:52:58.285+0000] {dag.py:3834} INFO - Setting next_dagrun for example_xcom_args to None, run_after=None
[2025-10-15T07:52:58.288+0000] {logging_mixin.py:188} INFO - [2025-10-15T07:52:58.288+0000] {dag.py:3834} INFO - Setting next_dagrun for example_xcom_args_with_operators to None, run_after=None
[2025-10-15T07:52:58.306+0000] {processor.py:183} INFO - Processing /home/airflow/.local/lib/python3.8/site-packages/airflow/example_dags/example_xcomargs.py took 0.071 seconds
[2025-10-15T07:53:28.486+0000] {processor.py:161} INFO - Started process (PID=1527) to work on /home/airflow/.local/lib/python3.8/site-packages/airflow/example_dags/example_xcomargs.py
[2025-10-15T07:53:28.487+0000] {processor.py:830} INFO - Processing file /home/airflow/.local/lib/python3.8/site-packages/airflow/example_dags/example_xcomargs.py for tasks to queue
[2025-10-15T07:53:28.488+0000] {logging_mixin.py:188} INFO - [2025-10-15T07:53:28.488+0000] {dagbag.py:540} INFO - Filling up the DagBag from /home/airflow/.local/lib/python3.8/site-packages/airflow/example_dags/example_xcomargs.py
[2025-10-15T07:53:28.495+0000] {processor.py:840} INFO - DAG(s) 'example_xcom_args_with_operators', 'example_xcom_args' retrieved from /home/airflow/.local/lib/python3.8/site-packages/airflow/example_dags/example_xcomargs.py
[2025-10-15T07:53:28.514+0000] {logging_mixin.py:188} INFO - [2025-10-15T07:53:28.513+0000] {dag.py:3047} INFO - Sync 2 DAGs
[2025-10-15T07:53:28.525+0000] {logging_mixin.py:188} INFO - [2025-10-15T07:53:28.524+0000] {dag.py:3834} INFO - Setting next_dagrun for example_xcom_args to None, run_after=None
[2025-10-15T07:53:28.528+0000] {logging_mixin.py:188} INFO - [2025-10-15T07:53:28.528+0000] {dag.py:3834} INFO - Setting next_dagrun for example_xcom_args_with_operators to None, run_after=None
[2025-10-15T07:53:28.542+0000] {processor.py:183} INFO - Processing /home/airflow/.local/lib/python3.8/site-packages/airflow/example_dags/example_xcomargs.py took 0.059 seconds
[2025-10-15T07:53:59.004+0000] {processor.py:161} INFO - Started process (PID=1588) to work on /home/airflow/.local/lib/python3.8/site-packages/airflow/example_dags/example_xcomargs.py
[2025-10-15T07:53:59.005+0000] {processor.py:830} INFO - Processing file /home/airflow/.local/lib/python3.8/site-packages/airflow/example_dags/example_xcomargs.py for tasks to queue
[2025-10-15T07:53:59.007+0000] {logging_mixin.py:188} INFO - [2025-10-15T07:53:59.006+0000] {dagbag.py:540} INFO - Filling up the DagBag from /home/airflow/.local/lib/python3.8/site-packages/airflow/example_dags/example_xcomargs.py
[2025-10-15T07:53:59.014+0000] {processor.py:840} INFO - DAG(s) 'example_xcom_args_with_operators', 'example_xcom_args' retrieved from /home/airflow/.local/lib/python3.8/site-packages/airflow/example_dags/example_xcomargs.py
[2025-10-15T07:53:59.038+0000] {logging_mixin.py:188} INFO - [2025-10-15T07:53:59.037+0000] {dag.py:3047} INFO - Sync 2 DAGs
[2025-10-15T07:53:59.049+0000] {logging_mixin.py:188} INFO - [2025-10-15T07:53:59.049+0000] {dag.py:3834} INFO - Setting next_dagrun for example_xcom_args to None, run_after=None
[2025-10-15T07:53:59.053+0000] {logging_mixin.py:188} INFO - [2025-10-15T07:53:59.053+0000] {dag.py:3834} INFO - Setting next_dagrun for example_xcom_args_with_operators to None, run_after=None
[2025-10-15T07:53:59.070+0000] {processor.py:183} INFO - Processing /home/airflow/.local/lib/python3.8/site-packages/airflow/example_dags/example_xcomargs.py took 0.069 seconds
[2025-10-15T07:54:30.072+0000] {processor.py:161} INFO - Started process (PID=1648) to work on /home/airflow/.local/lib/python3.8/site-packages/airflow/example_dags/example_xcomargs.py
[2025-10-15T07:54:30.073+0000] {processor.py:830} INFO - Processing file /home/airflow/.local/lib/python3.8/site-packages/airflow/example_dags/example_xcomargs.py for tasks to queue
[2025-10-15T07:54:30.075+0000] {logging_mixin.py:188} INFO - [2025-10-15T07:54:30.075+0000] {dagbag.py:540} INFO - Filling up the DagBag from /home/airflow/.local/lib/python3.8/site-packages/airflow/example_dags/example_xcomargs.py
[2025-10-15T07:54:30.082+0000] {processor.py:840} INFO - DAG(s) 'example_xcom_args_with_operators', 'example_xcom_args' retrieved from /home/airflow/.local/lib/python3.8/site-packages/airflow/example_dags/example_xcomargs.py
[2025-10-15T07:54:30.108+0000] {logging_mixin.py:188} INFO - [2025-10-15T07:54:30.108+0000] {dag.py:3047} INFO - Sync 2 DAGs
[2025-10-15T07:54:30.121+0000] {logging_mixin.py:188} INFO - [2025-10-15T07:54:30.121+0000] {dag.py:3834} INFO - Setting next_dagrun for example_xcom_args to None, run_after=None
[2025-10-15T07:54:30.125+0000] {logging_mixin.py:188} INFO - [2025-10-15T07:54:30.125+0000] {dag.py:3834} INFO - Setting next_dagrun for example_xcom_args_with_operators to None, run_after=None
[2025-10-15T07:54:30.143+0000] {processor.py:183} INFO - Processing /home/airflow/.local/lib/python3.8/site-packages/airflow/example_dags/example_xcomargs.py took 0.074 seconds
[2025-10-15T07:55:00.468+0000] {processor.py:161} INFO - Started process (PID=1708) to work on /home/airflow/.local/lib/python3.8/site-packages/airflow/example_dags/example_xcomargs.py
[2025-10-15T07:55:00.469+0000] {processor.py:830} INFO - Processing file /home/airflow/.local/lib/python3.8/site-packages/airflow/example_dags/example_xcomargs.py for tasks to queue
[2025-10-15T07:55:00.470+0000] {logging_mixin.py:188} INFO - [2025-10-15T07:55:00.470+0000] {dagbag.py:540} INFO - Filling up the DagBag from /home/airflow/.local/lib/python3.8/site-packages/airflow/example_dags/example_xcomargs.py
[2025-10-15T07:55:00.477+0000] {processor.py:840} INFO - DAG(s) 'example_xcom_args_with_operators', 'example_xcom_args' retrieved from /home/airflow/.local/lib/python3.8/site-packages/airflow/example_dags/example_xcomargs.py
[2025-10-15T07:55:00.497+0000] {logging_mixin.py:188} INFO - [2025-10-15T07:55:00.496+0000] {dag.py:3047} INFO - Sync 2 DAGs
[2025-10-15T07:55:00.508+0000] {logging_mixin.py:188} INFO - [2025-10-15T07:55:00.507+0000] {dag.py:3834} INFO - Setting next_dagrun for example_xcom_args to None, run_after=None
[2025-10-15T07:55:00.511+0000] {logging_mixin.py:188} INFO - [2025-10-15T07:55:00.510+0000] {dag.py:3834} INFO - Setting next_dagrun for example_xcom_args_with_operators to None, run_after=None
[2025-10-15T07:55:00.527+0000] {processor.py:183} INFO - Processing /home/airflow/.local/lib/python3.8/site-packages/airflow/example_dags/example_xcomargs.py took 0.062 seconds
[2025-10-15T07:55:30.848+0000] {processor.py:161} INFO - Started process (PID=1770) to work on /home/airflow/.local/lib/python3.8/site-packages/airflow/example_dags/example_xcomargs.py
[2025-10-15T07:55:30.849+0000] {processor.py:830} INFO - Processing file /home/airflow/.local/lib/python3.8/site-packages/airflow/example_dags/example_xcomargs.py for tasks to queue
[2025-10-15T07:55:30.850+0000] {logging_mixin.py:188} INFO - [2025-10-15T07:55:30.850+0000] {dagbag.py:540} INFO - Filling up the DagBag from /home/airflow/.local/lib/python3.8/site-packages/airflow/example_dags/example_xcomargs.py
[2025-10-15T07:55:30.861+0000] {processor.py:840} INFO - DAG(s) 'example_xcom_args_with_operators', 'example_xcom_args' retrieved from /home/airflow/.local/lib/python3.8/site-packages/airflow/example_dags/example_xcomargs.py
[2025-10-15T07:55:30.884+0000] {logging_mixin.py:188} INFO - [2025-10-15T07:55:30.884+0000] {dag.py:3047} INFO - Sync 2 DAGs
[2025-10-15T07:55:30.896+0000] {logging_mixin.py:188} INFO - [2025-10-15T07:55:30.896+0000] {dag.py:3834} INFO - Setting next_dagrun for example_xcom_args to None, run_after=None
[2025-10-15T07:55:30.900+0000] {logging_mixin.py:188} INFO - [2025-10-15T07:55:30.900+0000] {dag.py:3834} INFO - Setting next_dagrun for example_xcom_args_with_operators to None, run_after=None
[2025-10-15T07:55:30.917+0000] {processor.py:183} INFO - Processing /home/airflow/.local/lib/python3.8/site-packages/airflow/example_dags/example_xcomargs.py took 0.072 seconds
[2025-10-15T07:56:01.271+0000] {processor.py:161} INFO - Started process (PID=1831) to work on /home/airflow/.local/lib/python3.8/site-packages/airflow/example_dags/example_xcomargs.py
[2025-10-15T07:56:01.271+0000] {processor.py:830} INFO - Processing file /home/airflow/.local/lib/python3.8/site-packages/airflow/example_dags/example_xcomargs.py for tasks to queue
[2025-10-15T07:56:01.273+0000] {logging_mixin.py:188} INFO - [2025-10-15T07:56:01.273+0000] {dagbag.py:540} INFO - Filling up the DagBag from /home/airflow/.local/lib/python3.8/site-packages/airflow/example_dags/example_xcomargs.py
[2025-10-15T07:56:01.280+0000] {processor.py:840} INFO - DAG(s) 'example_xcom_args_with_operators', 'example_xcom_args' retrieved from /home/airflow/.local/lib/python3.8/site-packages/airflow/example_dags/example_xcomargs.py
[2025-10-15T07:56:01.300+0000] {logging_mixin.py:188} INFO - [2025-10-15T07:56:01.300+0000] {dag.py:3047} INFO - Sync 2 DAGs
[2025-10-15T07:56:01.311+0000] {logging_mixin.py:188} INFO - [2025-10-15T07:56:01.311+0000] {dag.py:3834} INFO - Setting next_dagrun for example_xcom_args to None, run_after=None
[2025-10-15T07:56:01.314+0000] {logging_mixin.py:188} INFO - [2025-10-15T07:56:01.314+0000] {dag.py:3834} INFO - Setting next_dagrun for example_xcom_args_with_operators to None, run_after=None
[2025-10-15T07:56:01.330+0000] {processor.py:183} INFO - Processing /home/airflow/.local/lib/python3.8/site-packages/airflow/example_dags/example_xcomargs.py took 0.062 seconds
[2025-10-15T07:56:31.598+0000] {processor.py:161} INFO - Started process (PID=1891) to work on /home/airflow/.local/lib/python3.8/site-packages/airflow/example_dags/example_xcomargs.py
[2025-10-15T07:56:31.599+0000] {processor.py:830} INFO - Processing file /home/airflow/.local/lib/python3.8/site-packages/airflow/example_dags/example_xcomargs.py for tasks to queue
[2025-10-15T07:56:31.601+0000] {logging_mixin.py:188} INFO - [2025-10-15T07:56:31.600+0000] {dagbag.py:540} INFO - Filling up the DagBag from /home/airflow/.local/lib/python3.8/site-packages/airflow/example_dags/example_xcomargs.py
[2025-10-15T07:56:31.607+0000] {processor.py:840} INFO - DAG(s) 'example_xcom_args', 'example_xcom_args_with_operators' retrieved from /home/airflow/.local/lib/python3.8/site-packages/airflow/example_dags/example_xcomargs.py
[2025-10-15T07:56:31.627+0000] {logging_mixin.py:188} INFO - [2025-10-15T07:56:31.627+0000] {dag.py:3047} INFO - Sync 2 DAGs
[2025-10-15T07:56:31.638+0000] {logging_mixin.py:188} INFO - [2025-10-15T07:56:31.638+0000] {dag.py:3834} INFO - Setting next_dagrun for example_xcom_args to None, run_after=None
[2025-10-15T07:56:31.642+0000] {logging_mixin.py:188} INFO - [2025-10-15T07:56:31.641+0000] {dag.py:3834} INFO - Setting next_dagrun for example_xcom_args_with_operators to None, run_after=None
[2025-10-15T07:56:31.655+0000] {processor.py:183} INFO - Processing /home/airflow/.local/lib/python3.8/site-packages/airflow/example_dags/example_xcomargs.py took 0.059 seconds
[2025-10-15T07:57:01.877+0000] {processor.py:161} INFO - Started process (PID=1951) to work on /home/airflow/.local/lib/python3.8/site-packages/airflow/example_dags/example_xcomargs.py
[2025-10-15T07:57:01.878+0000] {processor.py:830} INFO - Processing file /home/airflow/.local/lib/python3.8/site-packages/airflow/example_dags/example_xcomargs.py for tasks to queue
[2025-10-15T07:57:01.879+0000] {logging_mixin.py:188} INFO - [2025-10-15T07:57:01.879+0000] {dagbag.py:540} INFO - Filling up the DagBag from /home/airflow/.local/lib/python3.8/site-packages/airflow/example_dags/example_xcomargs.py
[2025-10-15T07:57:01.886+0000] {processor.py:840} INFO - DAG(s) 'example_xcom_args', 'example_xcom_args_with_operators' retrieved from /home/airflow/.local/lib/python3.8/site-packages/airflow/example_dags/example_xcomargs.py
[2025-10-15T07:57:01.908+0000] {logging_mixin.py:188} INFO - [2025-10-15T07:57:01.908+0000] {dag.py:3047} INFO - Sync 2 DAGs
[2025-10-15T07:57:01.919+0000] {logging_mixin.py:188} INFO - [2025-10-15T07:57:01.919+0000] {dag.py:3834} INFO - Setting next_dagrun for example_xcom_args to None, run_after=None
[2025-10-15T07:57:01.922+0000] {logging_mixin.py:188} INFO - [2025-10-15T07:57:01.922+0000] {dag.py:3834} INFO - Setting next_dagrun for example_xcom_args_with_operators to None, run_after=None
[2025-10-15T07:57:01.938+0000] {processor.py:183} INFO - Processing /home/airflow/.local/lib/python3.8/site-packages/airflow/example_dags/example_xcomargs.py took 0.063 seconds
[2025-10-15T07:57:32.084+0000] {processor.py:161} INFO - Started process (PID=2013) to work on /home/airflow/.local/lib/python3.8/site-packages/airflow/example_dags/example_xcomargs.py
[2025-10-15T07:57:32.085+0000] {processor.py:830} INFO - Processing file /home/airflow/.local/lib/python3.8/site-packages/airflow/example_dags/example_xcomargs.py for tasks to queue
[2025-10-15T07:57:32.086+0000] {logging_mixin.py:188} INFO - [2025-10-15T07:57:32.086+0000] {dagbag.py:540} INFO - Filling up the DagBag from /home/airflow/.local/lib/python3.8/site-packages/airflow/example_dags/example_xcomargs.py
[2025-10-15T07:57:32.093+0000] {processor.py:840} INFO - DAG(s) 'example_xcom_args_with_operators', 'example_xcom_args' retrieved from /home/airflow/.local/lib/python3.8/site-packages/airflow/example_dags/example_xcomargs.py
[2025-10-15T07:57:32.113+0000] {logging_mixin.py:188} INFO - [2025-10-15T07:57:32.113+0000] {dag.py:3047} INFO - Sync 2 DAGs
[2025-10-15T07:57:32.124+0000] {logging_mixin.py:188} INFO - [2025-10-15T07:57:32.124+0000] {dag.py:3834} INFO - Setting next_dagrun for example_xcom_args to None, run_after=None
[2025-10-15T07:57:32.128+0000] {logging_mixin.py:188} INFO - [2025-10-15T07:57:32.127+0000] {dag.py:3834} INFO - Setting next_dagrun for example_xcom_args_with_operators to None, run_after=None
[2025-10-15T07:57:32.143+0000] {processor.py:183} INFO - Processing /home/airflow/.local/lib/python3.8/site-packages/airflow/example_dags/example_xcomargs.py took 0.062 seconds
[2025-10-15T07:58:02.892+0000] {processor.py:161} INFO - Started process (PID=2073) to work on /home/airflow/.local/lib/python3.8/site-packages/airflow/example_dags/example_xcomargs.py
[2025-10-15T07:58:02.893+0000] {processor.py:830} INFO - Processing file /home/airflow/.local/lib/python3.8/site-packages/airflow/example_dags/example_xcomargs.py for tasks to queue
[2025-10-15T07:58:02.894+0000] {logging_mixin.py:188} INFO - [2025-10-15T07:58:02.894+0000] {dagbag.py:540} INFO - Filling up the DagBag from /home/airflow/.local/lib/python3.8/site-packages/airflow/example_dags/example_xcomargs.py
[2025-10-15T07:58:02.901+0000] {processor.py:840} INFO - DAG(s) 'example_xcom_args_with_operators', 'example_xcom_args' retrieved from /home/airflow/.local/lib/python3.8/site-packages/airflow/example_dags/example_xcomargs.py
[2025-10-15T07:58:02.920+0000] {logging_mixin.py:188} INFO - [2025-10-15T07:58:02.920+0000] {dag.py:3047} INFO - Sync 2 DAGs
[2025-10-15T07:58:02.931+0000] {logging_mixin.py:188} INFO - [2025-10-15T07:58:02.930+0000] {dag.py:3834} INFO - Setting next_dagrun for example_xcom_args to None, run_after=None
[2025-10-15T07:58:02.934+0000] {logging_mixin.py:188} INFO - [2025-10-15T07:58:02.934+0000] {dag.py:3834} INFO - Setting next_dagrun for example_xcom_args_with_operators to None, run_after=None
[2025-10-15T07:58:02.948+0000] {processor.py:183} INFO - Processing /home/airflow/.local/lib/python3.8/site-packages/airflow/example_dags/example_xcomargs.py took 0.059 seconds
[2025-10-15T07:58:33.565+0000] {processor.py:161} INFO - Started process (PID=2133) to work on /home/airflow/.local/lib/python3.8/site-packages/airflow/example_dags/example_xcomargs.py
[2025-10-15T07:58:33.565+0000] {processor.py:830} INFO - Processing file /home/airflow/.local/lib/python3.8/site-packages/airflow/example_dags/example_xcomargs.py for tasks to queue
[2025-10-15T07:58:33.567+0000] {logging_mixin.py:188} INFO - [2025-10-15T07:58:33.567+0000] {dagbag.py:540} INFO - Filling up the DagBag from /home/airflow/.local/lib/python3.8/site-packages/airflow/example_dags/example_xcomargs.py
[2025-10-15T07:58:33.574+0000] {processor.py:840} INFO - DAG(s) 'example_xcom_args_with_operators', 'example_xcom_args' retrieved from /home/airflow/.local/lib/python3.8/site-packages/airflow/example_dags/example_xcomargs.py
[2025-10-15T07:58:33.594+0000] {logging_mixin.py:188} INFO - [2025-10-15T07:58:33.594+0000] {dag.py:3047} INFO - Sync 2 DAGs
[2025-10-15T07:58:33.605+0000] {logging_mixin.py:188} INFO - [2025-10-15T07:58:33.605+0000] {dag.py:3834} INFO - Setting next_dagrun for example_xcom_args to None, run_after=None
[2025-10-15T07:58:33.609+0000] {logging_mixin.py:188} INFO - [2025-10-15T07:58:33.608+0000] {dag.py:3834} INFO - Setting next_dagrun for example_xcom_args_with_operators to None, run_after=None
[2025-10-15T07:58:33.624+0000] {processor.py:183} INFO - Processing /home/airflow/.local/lib/python3.8/site-packages/airflow/example_dags/example_xcomargs.py took 0.062 seconds
[2025-10-15T07:59:04.394+0000] {processor.py:161} INFO - Started process (PID=2193) to work on /home/airflow/.local/lib/python3.8/site-packages/airflow/example_dags/example_xcomargs.py
[2025-10-15T07:59:04.395+0000] {processor.py:830} INFO - Processing file /home/airflow/.local/lib/python3.8/site-packages/airflow/example_dags/example_xcomargs.py for tasks to queue
[2025-10-15T07:59:04.398+0000] {logging_mixin.py:188} INFO - [2025-10-15T07:59:04.398+0000] {dagbag.py:540} INFO - Filling up the DagBag from /home/airflow/.local/lib/python3.8/site-packages/airflow/example_dags/example_xcomargs.py
[2025-10-15T07:59:04.405+0000] {processor.py:840} INFO - DAG(s) 'example_xcom_args_with_operators', 'example_xcom_args' retrieved from /home/airflow/.local/lib/python3.8/site-packages/airflow/example_dags/example_xcomargs.py
[2025-10-15T07:59:04.425+0000] {logging_mixin.py:188} INFO - [2025-10-15T07:59:04.425+0000] {dag.py:3047} INFO - Sync 2 DAGs
[2025-10-15T07:59:04.436+0000] {logging_mixin.py:188} INFO - [2025-10-15T07:59:04.435+0000] {dag.py:3834} INFO - Setting next_dagrun for example_xcom_args to None, run_after=None
[2025-10-15T07:59:04.439+0000] {logging_mixin.py:188} INFO - [2025-10-15T07:59:04.439+0000] {dag.py:3834} INFO - Setting next_dagrun for example_xcom_args_with_operators to None, run_after=None
[2025-10-15T07:59:04.452+0000] {processor.py:183} INFO - Processing /home/airflow/.local/lib/python3.8/site-packages/airflow/example_dags/example_xcomargs.py took 0.061 seconds
[2025-10-15T07:59:35.596+0000] {processor.py:161} INFO - Started process (PID=2253) to work on /home/airflow/.local/lib/python3.8/site-packages/airflow/example_dags/example_xcomargs.py
[2025-10-15T07:59:35.597+0000] {processor.py:830} INFO - Processing file /home/airflow/.local/lib/python3.8/site-packages/airflow/example_dags/example_xcomargs.py for tasks to queue
[2025-10-15T07:59:35.599+0000] {logging_mixin.py:188} INFO - [2025-10-15T07:59:35.599+0000] {dagbag.py:540} INFO - Filling up the DagBag from /home/airflow/.local/lib/python3.8/site-packages/airflow/example_dags/example_xcomargs.py
[2025-10-15T07:59:35.605+0000] {processor.py:840} INFO - DAG(s) 'example_xcom_args_with_operators', 'example_xcom_args' retrieved from /home/airflow/.local/lib/python3.8/site-packages/airflow/example_dags/example_xcomargs.py
[2025-10-15T07:59:35.625+0000] {logging_mixin.py:188} INFO - [2025-10-15T07:59:35.624+0000] {dag.py:3047} INFO - Sync 2 DAGs
[2025-10-15T07:59:35.635+0000] {logging_mixin.py:188} INFO - [2025-10-15T07:59:35.635+0000] {dag.py:3834} INFO - Setting next_dagrun for example_xcom_args to None, run_after=None
[2025-10-15T07:59:35.639+0000] {logging_mixin.py:188} INFO - [2025-10-15T07:59:35.639+0000] {dag.py:3834} INFO - Setting next_dagrun for example_xcom_args_with_operators to None, run_after=None
[2025-10-15T07:59:35.653+0000] {processor.py:183} INFO - Processing /home/airflow/.local/lib/python3.8/site-packages/airflow/example_dags/example_xcomargs.py took 0.059 seconds
[2025-10-15T08:00:06.273+0000] {processor.py:161} INFO - Started process (PID=2312) to work on /home/airflow/.local/lib/python3.8/site-packages/airflow/example_dags/example_xcomargs.py
[2025-10-15T08:00:06.274+0000] {processor.py:830} INFO - Processing file /home/airflow/.local/lib/python3.8/site-packages/airflow/example_dags/example_xcomargs.py for tasks to queue
[2025-10-15T08:00:06.275+0000] {logging_mixin.py:188} INFO - [2025-10-15T08:00:06.275+0000] {dagbag.py:540} INFO - Filling up the DagBag from /home/airflow/.local/lib/python3.8/site-packages/airflow/example_dags/example_xcomargs.py
[2025-10-15T08:00:06.282+0000] {processor.py:840} INFO - DAG(s) 'example_xcom_args_with_operators', 'example_xcom_args' retrieved from /home/airflow/.local/lib/python3.8/site-packages/airflow/example_dags/example_xcomargs.py
[2025-10-15T08:00:06.303+0000] {logging_mixin.py:188} INFO - [2025-10-15T08:00:06.303+0000] {dag.py:3047} INFO - Sync 2 DAGs
[2025-10-15T08:00:06.314+0000] {logging_mixin.py:188} INFO - [2025-10-15T08:00:06.313+0000] {dag.py:3834} INFO - Setting next_dagrun for example_xcom_args to None, run_after=None
[2025-10-15T08:00:06.317+0000] {logging_mixin.py:188} INFO - [2025-10-15T08:00:06.317+0000] {dag.py:3834} INFO - Setting next_dagrun for example_xcom_args_with_operators to None, run_after=None
[2025-10-15T08:00:06.333+0000] {processor.py:183} INFO - Processing /home/airflow/.local/lib/python3.8/site-packages/airflow/example_dags/example_xcomargs.py took 0.062 seconds
[2025-10-15T08:00:36.643+0000] {processor.py:161} INFO - Started process (PID=2374) to work on /home/airflow/.local/lib/python3.8/site-packages/airflow/example_dags/example_xcomargs.py
[2025-10-15T08:00:36.644+0000] {processor.py:830} INFO - Processing file /home/airflow/.local/lib/python3.8/site-packages/airflow/example_dags/example_xcomargs.py for tasks to queue
[2025-10-15T08:00:36.645+0000] {logging_mixin.py:188} INFO - [2025-10-15T08:00:36.645+0000] {dagbag.py:540} INFO - Filling up the DagBag from /home/airflow/.local/lib/python3.8/site-packages/airflow/example_dags/example_xcomargs.py
[2025-10-15T08:00:36.652+0000] {processor.py:840} INFO - DAG(s) 'example_xcom_args_with_operators', 'example_xcom_args' retrieved from /home/airflow/.local/lib/python3.8/site-packages/airflow/example_dags/example_xcomargs.py
[2025-10-15T08:00:36.672+0000] {logging_mixin.py:188} INFO - [2025-10-15T08:00:36.672+0000] {dag.py:3047} INFO - Sync 2 DAGs
[2025-10-15T08:00:36.683+0000] {logging_mixin.py:188} INFO - [2025-10-15T08:00:36.683+0000] {dag.py:3834} INFO - Setting next_dagrun for example_xcom_args to None, run_after=None
[2025-10-15T08:00:36.687+0000] {logging_mixin.py:188} INFO - [2025-10-15T08:00:36.686+0000] {dag.py:3834} INFO - Setting next_dagrun for example_xcom_args_with_operators to None, run_after=None
[2025-10-15T08:00:36.703+0000] {processor.py:183} INFO - Processing /home/airflow/.local/lib/python3.8/site-packages/airflow/example_dags/example_xcomargs.py took 0.062 seconds
[2025-10-15T08:01:06.994+0000] {processor.py:161} INFO - Started process (PID=2439) to work on /home/airflow/.local/lib/python3.8/site-packages/airflow/example_dags/example_xcomargs.py
[2025-10-15T08:01:06.995+0000] {processor.py:830} INFO - Processing file /home/airflow/.local/lib/python3.8/site-packages/airflow/example_dags/example_xcomargs.py for tasks to queue
[2025-10-15T08:01:06.996+0000] {logging_mixin.py:188} INFO - [2025-10-15T08:01:06.996+0000] {dagbag.py:540} INFO - Filling up the DagBag from /home/airflow/.local/lib/python3.8/site-packages/airflow/example_dags/example_xcomargs.py
[2025-10-15T08:01:07.003+0000] {processor.py:840} INFO - DAG(s) 'example_xcom_args', 'example_xcom_args_with_operators' retrieved from /home/airflow/.local/lib/python3.8/site-packages/airflow/example_dags/example_xcomargs.py
[2025-10-15T08:01:07.023+0000] {logging_mixin.py:188} INFO - [2025-10-15T08:01:07.023+0000] {dag.py:3047} INFO - Sync 2 DAGs
[2025-10-15T08:01:07.036+0000] {logging_mixin.py:188} INFO - [2025-10-15T08:01:07.035+0000] {dag.py:3834} INFO - Setting next_dagrun for example_xcom_args to None, run_after=None
[2025-10-15T08:01:07.039+0000] {logging_mixin.py:188} INFO - [2025-10-15T08:01:07.039+0000] {dag.py:3834} INFO - Setting next_dagrun for example_xcom_args_with_operators to None, run_after=None
[2025-10-15T08:01:07.053+0000] {processor.py:183} INFO - Processing /home/airflow/.local/lib/python3.8/site-packages/airflow/example_dags/example_xcomargs.py took 0.062 seconds
[2025-10-15T08:01:37.157+0000] {processor.py:161} INFO - Started process (PID=2497) to work on /home/airflow/.local/lib/python3.8/site-packages/airflow/example_dags/example_xcomargs.py
[2025-10-15T08:01:37.158+0000] {processor.py:830} INFO - Processing file /home/airflow/.local/lib/python3.8/site-packages/airflow/example_dags/example_xcomargs.py for tasks to queue
[2025-10-15T08:01:37.159+0000] {logging_mixin.py:188} INFO - [2025-10-15T08:01:37.159+0000] {dagbag.py:540} INFO - Filling up the DagBag from /home/airflow/.local/lib/python3.8/site-packages/airflow/example_dags/example_xcomargs.py
[2025-10-15T08:01:37.166+0000] {processor.py:840} INFO - DAG(s) 'example_xcom_args_with_operators', 'example_xcom_args' retrieved from /home/airflow/.local/lib/python3.8/site-packages/airflow/example_dags/example_xcomargs.py
[2025-10-15T08:01:37.188+0000] {logging_mixin.py:188} INFO - [2025-10-15T08:01:37.187+0000] {dag.py:3047} INFO - Sync 2 DAGs
[2025-10-15T08:01:37.199+0000] {logging_mixin.py:188} INFO - [2025-10-15T08:01:37.199+0000] {dag.py:3834} INFO - Setting next_dagrun for example_xcom_args to None, run_after=None
[2025-10-15T08:01:37.202+0000] {logging_mixin.py:188} INFO - [2025-10-15T08:01:37.202+0000] {dag.py:3834} INFO - Setting next_dagrun for example_xcom_args_with_operators to None, run_after=None
[2025-10-15T08:01:37.217+0000] {processor.py:183} INFO - Processing /home/airflow/.local/lib/python3.8/site-packages/airflow/example_dags/example_xcomargs.py took 0.063 seconds
[2025-10-15T08:02:07.250+0000] {processor.py:161} INFO - Started process (PID=2558) to work on /home/airflow/.local/lib/python3.8/site-packages/airflow/example_dags/example_xcomargs.py
[2025-10-15T08:02:07.251+0000] {processor.py:830} INFO - Processing file /home/airflow/.local/lib/python3.8/site-packages/airflow/example_dags/example_xcomargs.py for tasks to queue
[2025-10-15T08:02:07.252+0000] {logging_mixin.py:188} INFO - [2025-10-15T08:02:07.252+0000] {dagbag.py:540} INFO - Filling up the DagBag from /home/airflow/.local/lib/python3.8/site-packages/airflow/example_dags/example_xcomargs.py
[2025-10-15T08:02:07.259+0000] {processor.py:840} INFO - DAG(s) 'example_xcom_args_with_operators', 'example_xcom_args' retrieved from /home/airflow/.local/lib/python3.8/site-packages/airflow/example_dags/example_xcomargs.py
[2025-10-15T08:02:07.281+0000] {logging_mixin.py:188} INFO - [2025-10-15T08:02:07.281+0000] {dag.py:3047} INFO - Sync 2 DAGs
[2025-10-15T08:02:07.293+0000] {logging_mixin.py:188} INFO - [2025-10-15T08:02:07.293+0000] {dag.py:3834} INFO - Setting next_dagrun for example_xcom_args to None, run_after=None
[2025-10-15T08:02:07.297+0000] {logging_mixin.py:188} INFO - [2025-10-15T08:02:07.297+0000] {dag.py:3834} INFO - Setting next_dagrun for example_xcom_args_with_operators to None, run_after=None
[2025-10-15T08:02:07.312+0000] {processor.py:183} INFO - Processing /home/airflow/.local/lib/python3.8/site-packages/airflow/example_dags/example_xcomargs.py took 0.065 seconds
[2025-10-15T08:02:38.246+0000] {processor.py:161} INFO - Started process (PID=2620) to work on /home/airflow/.local/lib/python3.8/site-packages/airflow/example_dags/example_xcomargs.py
[2025-10-15T08:02:38.246+0000] {processor.py:830} INFO - Processing file /home/airflow/.local/lib/python3.8/site-packages/airflow/example_dags/example_xcomargs.py for tasks to queue
[2025-10-15T08:02:38.247+0000] {logging_mixin.py:188} INFO - [2025-10-15T08:02:38.247+0000] {dagbag.py:540} INFO - Filling up the DagBag from /home/airflow/.local/lib/python3.8/site-packages/airflow/example_dags/example_xcomargs.py
[2025-10-15T08:02:38.254+0000] {processor.py:840} INFO - DAG(s) 'example_xcom_args', 'example_xcom_args_with_operators' retrieved from /home/airflow/.local/lib/python3.8/site-packages/airflow/example_dags/example_xcomargs.py
[2025-10-15T08:02:38.274+0000] {logging_mixin.py:188} INFO - [2025-10-15T08:02:38.274+0000] {dag.py:3047} INFO - Sync 2 DAGs
[2025-10-15T08:02:38.285+0000] {logging_mixin.py:188} INFO - [2025-10-15T08:02:38.284+0000] {dag.py:3834} INFO - Setting next_dagrun for example_xcom_args to None, run_after=None
[2025-10-15T08:02:38.288+0000] {logging_mixin.py:188} INFO - [2025-10-15T08:02:38.288+0000] {dag.py:3834} INFO - Setting next_dagrun for example_xcom_args_with_operators to None, run_after=None
[2025-10-15T08:02:38.302+0000] {processor.py:183} INFO - Processing /home/airflow/.local/lib/python3.8/site-packages/airflow/example_dags/example_xcomargs.py took 0.059 seconds
[2025-10-15T08:03:08.569+0000] {processor.py:161} INFO - Started process (PID=2680) to work on /home/airflow/.local/lib/python3.8/site-packages/airflow/example_dags/example_xcomargs.py
[2025-10-15T08:03:08.570+0000] {processor.py:830} INFO - Processing file /home/airflow/.local/lib/python3.8/site-packages/airflow/example_dags/example_xcomargs.py for tasks to queue
[2025-10-15T08:03:08.571+0000] {logging_mixin.py:188} INFO - [2025-10-15T08:03:08.570+0000] {dagbag.py:540} INFO - Filling up the DagBag from /home/airflow/.local/lib/python3.8/site-packages/airflow/example_dags/example_xcomargs.py
[2025-10-15T08:03:08.578+0000] {processor.py:840} INFO - DAG(s) 'example_xcom_args_with_operators', 'example_xcom_args' retrieved from /home/airflow/.local/lib/python3.8/site-packages/airflow/example_dags/example_xcomargs.py
[2025-10-15T08:03:08.599+0000] {logging_mixin.py:188} INFO - [2025-10-15T08:03:08.599+0000] {dag.py:3047} INFO - Sync 2 DAGs
[2025-10-15T08:03:08.610+0000] {logging_mixin.py:188} INFO - [2025-10-15T08:03:08.610+0000] {dag.py:3834} INFO - Setting next_dagrun for example_xcom_args to None, run_after=None
[2025-10-15T08:03:08.614+0000] {logging_mixin.py:188} INFO - [2025-10-15T08:03:08.614+0000] {dag.py:3834} INFO - Setting next_dagrun for example_xcom_args_with_operators to None, run_after=None
[2025-10-15T08:03:08.628+0000] {processor.py:183} INFO - Processing /home/airflow/.local/lib/python3.8/site-packages/airflow/example_dags/example_xcomargs.py took 0.062 seconds
