[2025-10-15T07:41:41.705+0000] {processor.py:161} INFO - Started process (PID=96) to work on /home/airflow/.local/lib/python3.8/site-packages/airflow/example_dags/example_local_kubernetes_executor.py
[2025-10-15T07:41:41.705+0000] {processor.py:830} INFO - Processing file /home/airflow/.local/lib/python3.8/site-packages/airflow/example_dags/example_local_kubernetes_executor.py for tasks to queue
[2025-10-15T07:41:41.707+0000] {logging_mixin.py:188} INFO - [2025-10-15T07:41:41.707+0000] {dagbag.py:540} INFO - Filling up the DagBag from /home/airflow/.local/lib/python3.8/site-packages/airflow/example_dags/example_local_kubernetes_executor.py
[2025-10-15T07:41:41.716+0000] {processor.py:840} INFO - DAG(s) 'example_local_kubernetes_executor' retrieved from /home/airflow/.local/lib/python3.8/site-packages/airflow/example_dags/example_local_kubernetes_executor.py
[2025-10-15T07:41:41.825+0000] {logging_mixin.py:188} INFO - [2025-10-15T07:41:41.825+0000] {dag.py:3047} INFO - Sync 1 DAGs
[2025-10-15T07:41:41.837+0000] {logging_mixin.py:188} INFO - [2025-10-15T07:41:41.836+0000] {dag.py:3834} INFO - Setting next_dagrun for example_local_kubernetes_executor to None, run_after=None
[2025-10-15T07:41:41.853+0000] {processor.py:183} INFO - Processing /home/airflow/.local/lib/python3.8/site-packages/airflow/example_dags/example_local_kubernetes_executor.py took 0.151 seconds
[2025-10-15T07:42:12.215+0000] {processor.py:161} INFO - Started process (PID=157) to work on /home/airflow/.local/lib/python3.8/site-packages/airflow/example_dags/example_local_kubernetes_executor.py
[2025-10-15T07:42:12.216+0000] {processor.py:830} INFO - Processing file /home/airflow/.local/lib/python3.8/site-packages/airflow/example_dags/example_local_kubernetes_executor.py for tasks to queue
[2025-10-15T07:42:12.218+0000] {logging_mixin.py:188} INFO - [2025-10-15T07:42:12.217+0000] {dagbag.py:540} INFO - Filling up the DagBag from /home/airflow/.local/lib/python3.8/site-packages/airflow/example_dags/example_local_kubernetes_executor.py
[2025-10-15T07:42:12.224+0000] {processor.py:840} INFO - DAG(s) 'example_local_kubernetes_executor' retrieved from /home/airflow/.local/lib/python3.8/site-packages/airflow/example_dags/example_local_kubernetes_executor.py
[2025-10-15T07:42:12.253+0000] {logging_mixin.py:188} INFO - [2025-10-15T07:42:12.253+0000] {dag.py:3047} INFO - Sync 1 DAGs
[2025-10-15T07:42:12.266+0000] {logging_mixin.py:188} INFO - [2025-10-15T07:42:12.266+0000] {dag.py:3834} INFO - Setting next_dagrun for example_local_kubernetes_executor to None, run_after=None
[2025-10-15T07:42:12.284+0000] {processor.py:183} INFO - Processing /home/airflow/.local/lib/python3.8/site-packages/airflow/example_dags/example_local_kubernetes_executor.py took 0.071 seconds
[2025-10-15T07:42:42.646+0000] {processor.py:161} INFO - Started process (PID=217) to work on /home/airflow/.local/lib/python3.8/site-packages/airflow/example_dags/example_local_kubernetes_executor.py
[2025-10-15T07:42:42.647+0000] {processor.py:830} INFO - Processing file /home/airflow/.local/lib/python3.8/site-packages/airflow/example_dags/example_local_kubernetes_executor.py for tasks to queue
[2025-10-15T07:42:42.648+0000] {logging_mixin.py:188} INFO - [2025-10-15T07:42:42.648+0000] {dagbag.py:540} INFO - Filling up the DagBag from /home/airflow/.local/lib/python3.8/site-packages/airflow/example_dags/example_local_kubernetes_executor.py
[2025-10-15T07:42:42.654+0000] {processor.py:840} INFO - DAG(s) 'example_local_kubernetes_executor' retrieved from /home/airflow/.local/lib/python3.8/site-packages/airflow/example_dags/example_local_kubernetes_executor.py
[2025-10-15T07:42:42.681+0000] {logging_mixin.py:188} INFO - [2025-10-15T07:42:42.681+0000] {dag.py:3047} INFO - Sync 1 DAGs
[2025-10-15T07:42:42.691+0000] {logging_mixin.py:188} INFO - [2025-10-15T07:42:42.691+0000] {dag.py:3834} INFO - Setting next_dagrun for example_local_kubernetes_executor to None, run_after=None
[2025-10-15T07:42:42.707+0000] {processor.py:183} INFO - Processing /home/airflow/.local/lib/python3.8/site-packages/airflow/example_dags/example_local_kubernetes_executor.py took 0.064 seconds
[2025-10-15T07:43:13.905+0000] {processor.py:161} INFO - Started process (PID=277) to work on /home/airflow/.local/lib/python3.8/site-packages/airflow/example_dags/example_local_kubernetes_executor.py
[2025-10-15T07:43:13.925+0000] {processor.py:830} INFO - Processing file /home/airflow/.local/lib/python3.8/site-packages/airflow/example_dags/example_local_kubernetes_executor.py for tasks to queue
[2025-10-15T07:43:13.938+0000] {logging_mixin.py:188} INFO - [2025-10-15T07:43:13.937+0000] {dagbag.py:540} INFO - Filling up the DagBag from /home/airflow/.local/lib/python3.8/site-packages/airflow/example_dags/example_local_kubernetes_executor.py
[2025-10-15T07:43:13.953+0000] {processor.py:840} INFO - DAG(s) 'example_local_kubernetes_executor' retrieved from /home/airflow/.local/lib/python3.8/site-packages/airflow/example_dags/example_local_kubernetes_executor.py
[2025-10-15T07:43:13.985+0000] {logging_mixin.py:188} INFO - [2025-10-15T07:43:13.985+0000] {dag.py:3047} INFO - Sync 1 DAGs
[2025-10-15T07:43:13.998+0000] {logging_mixin.py:188} INFO - [2025-10-15T07:43:13.998+0000] {dag.py:3834} INFO - Setting next_dagrun for example_local_kubernetes_executor to None, run_after=None
[2025-10-15T07:43:14.022+0000] {processor.py:183} INFO - Processing /home/airflow/.local/lib/python3.8/site-packages/airflow/example_dags/example_local_kubernetes_executor.py took 0.120 seconds
[2025-10-15T07:43:44.284+0000] {processor.py:161} INFO - Started process (PID=337) to work on /home/airflow/.local/lib/python3.8/site-packages/airflow/example_dags/example_local_kubernetes_executor.py
[2025-10-15T07:43:44.285+0000] {processor.py:830} INFO - Processing file /home/airflow/.local/lib/python3.8/site-packages/airflow/example_dags/example_local_kubernetes_executor.py for tasks to queue
[2025-10-15T07:43:44.286+0000] {logging_mixin.py:188} INFO - [2025-10-15T07:43:44.286+0000] {dagbag.py:540} INFO - Filling up the DagBag from /home/airflow/.local/lib/python3.8/site-packages/airflow/example_dags/example_local_kubernetes_executor.py
[2025-10-15T07:43:44.293+0000] {processor.py:840} INFO - DAG(s) 'example_local_kubernetes_executor' retrieved from /home/airflow/.local/lib/python3.8/site-packages/airflow/example_dags/example_local_kubernetes_executor.py
[2025-10-15T07:43:44.320+0000] {logging_mixin.py:188} INFO - [2025-10-15T07:43:44.320+0000] {dag.py:3047} INFO - Sync 1 DAGs
[2025-10-15T07:43:44.332+0000] {logging_mixin.py:188} INFO - [2025-10-15T07:43:44.332+0000] {dag.py:3834} INFO - Setting next_dagrun for example_local_kubernetes_executor to None, run_after=None
[2025-10-15T07:43:44.351+0000] {processor.py:183} INFO - Processing /home/airflow/.local/lib/python3.8/site-packages/airflow/example_dags/example_local_kubernetes_executor.py took 0.070 seconds
[2025-10-15T07:44:14.704+0000] {processor.py:161} INFO - Started process (PID=397) to work on /home/airflow/.local/lib/python3.8/site-packages/airflow/example_dags/example_local_kubernetes_executor.py
[2025-10-15T07:44:14.705+0000] {processor.py:830} INFO - Processing file /home/airflow/.local/lib/python3.8/site-packages/airflow/example_dags/example_local_kubernetes_executor.py for tasks to queue
[2025-10-15T07:44:14.707+0000] {logging_mixin.py:188} INFO - [2025-10-15T07:44:14.707+0000] {dagbag.py:540} INFO - Filling up the DagBag from /home/airflow/.local/lib/python3.8/site-packages/airflow/example_dags/example_local_kubernetes_executor.py
[2025-10-15T07:44:14.713+0000] {processor.py:840} INFO - DAG(s) 'example_local_kubernetes_executor' retrieved from /home/airflow/.local/lib/python3.8/site-packages/airflow/example_dags/example_local_kubernetes_executor.py
[2025-10-15T07:44:14.748+0000] {logging_mixin.py:188} INFO - [2025-10-15T07:44:14.748+0000] {dag.py:3047} INFO - Sync 1 DAGs
[2025-10-15T07:44:14.760+0000] {logging_mixin.py:188} INFO - [2025-10-15T07:44:14.760+0000] {dag.py:3834} INFO - Setting next_dagrun for example_local_kubernetes_executor to None, run_after=None
[2025-10-15T07:44:14.779+0000] {processor.py:183} INFO - Processing /home/airflow/.local/lib/python3.8/site-packages/airflow/example_dags/example_local_kubernetes_executor.py took 0.078 seconds
[2025-10-15T07:44:44.841+0000] {processor.py:161} INFO - Started process (PID=455) to work on /home/airflow/.local/lib/python3.8/site-packages/airflow/example_dags/example_local_kubernetes_executor.py
[2025-10-15T07:44:44.842+0000] {processor.py:830} INFO - Processing file /home/airflow/.local/lib/python3.8/site-packages/airflow/example_dags/example_local_kubernetes_executor.py for tasks to queue
[2025-10-15T07:44:44.844+0000] {logging_mixin.py:188} INFO - [2025-10-15T07:44:44.843+0000] {dagbag.py:540} INFO - Filling up the DagBag from /home/airflow/.local/lib/python3.8/site-packages/airflow/example_dags/example_local_kubernetes_executor.py
[2025-10-15T07:44:44.850+0000] {processor.py:840} INFO - DAG(s) 'example_local_kubernetes_executor' retrieved from /home/airflow/.local/lib/python3.8/site-packages/airflow/example_dags/example_local_kubernetes_executor.py
[2025-10-15T07:44:44.878+0000] {logging_mixin.py:188} INFO - [2025-10-15T07:44:44.878+0000] {dag.py:3047} INFO - Sync 1 DAGs
[2025-10-15T07:44:44.889+0000] {logging_mixin.py:188} INFO - [2025-10-15T07:44:44.889+0000] {dag.py:3834} INFO - Setting next_dagrun for example_local_kubernetes_executor to None, run_after=None
[2025-10-15T07:44:44.909+0000] {processor.py:183} INFO - Processing /home/airflow/.local/lib/python3.8/site-packages/airflow/example_dags/example_local_kubernetes_executor.py took 0.071 seconds
[2025-10-15T07:45:15.106+0000] {processor.py:161} INFO - Started process (PID=516) to work on /home/airflow/.local/lib/python3.8/site-packages/airflow/example_dags/example_local_kubernetes_executor.py
[2025-10-15T07:45:15.107+0000] {processor.py:830} INFO - Processing file /home/airflow/.local/lib/python3.8/site-packages/airflow/example_dags/example_local_kubernetes_executor.py for tasks to queue
[2025-10-15T07:45:15.109+0000] {logging_mixin.py:188} INFO - [2025-10-15T07:45:15.108+0000] {dagbag.py:540} INFO - Filling up the DagBag from /home/airflow/.local/lib/python3.8/site-packages/airflow/example_dags/example_local_kubernetes_executor.py
[2025-10-15T07:45:15.119+0000] {processor.py:840} INFO - DAG(s) 'example_local_kubernetes_executor' retrieved from /home/airflow/.local/lib/python3.8/site-packages/airflow/example_dags/example_local_kubernetes_executor.py
[2025-10-15T07:45:15.148+0000] {logging_mixin.py:188} INFO - [2025-10-15T07:45:15.148+0000] {dag.py:3047} INFO - Sync 1 DAGs
[2025-10-15T07:45:15.157+0000] {logging_mixin.py:188} INFO - [2025-10-15T07:45:15.157+0000] {dag.py:3834} INFO - Setting next_dagrun for example_local_kubernetes_executor to None, run_after=None
[2025-10-15T07:45:15.175+0000] {processor.py:183} INFO - Processing /home/airflow/.local/lib/python3.8/site-packages/airflow/example_dags/example_local_kubernetes_executor.py took 0.081 seconds
[2025-10-15T07:45:45.564+0000] {processor.py:161} INFO - Started process (PID=576) to work on /home/airflow/.local/lib/python3.8/site-packages/airflow/example_dags/example_local_kubernetes_executor.py
[2025-10-15T07:45:45.565+0000] {processor.py:830} INFO - Processing file /home/airflow/.local/lib/python3.8/site-packages/airflow/example_dags/example_local_kubernetes_executor.py for tasks to queue
[2025-10-15T07:45:45.566+0000] {logging_mixin.py:188} INFO - [2025-10-15T07:45:45.566+0000] {dagbag.py:540} INFO - Filling up the DagBag from /home/airflow/.local/lib/python3.8/site-packages/airflow/example_dags/example_local_kubernetes_executor.py
[2025-10-15T07:45:45.572+0000] {processor.py:840} INFO - DAG(s) 'example_local_kubernetes_executor' retrieved from /home/airflow/.local/lib/python3.8/site-packages/airflow/example_dags/example_local_kubernetes_executor.py
[2025-10-15T07:45:45.599+0000] {logging_mixin.py:188} INFO - [2025-10-15T07:45:45.599+0000] {dag.py:3047} INFO - Sync 1 DAGs
[2025-10-15T07:45:45.610+0000] {logging_mixin.py:188} INFO - [2025-10-15T07:45:45.610+0000] {dag.py:3834} INFO - Setting next_dagrun for example_local_kubernetes_executor to None, run_after=None
[2025-10-15T07:45:45.625+0000] {processor.py:183} INFO - Processing /home/airflow/.local/lib/python3.8/site-packages/airflow/example_dags/example_local_kubernetes_executor.py took 0.064 seconds
[2025-10-15T07:46:16.311+0000] {processor.py:161} INFO - Started process (PID=636) to work on /home/airflow/.local/lib/python3.8/site-packages/airflow/example_dags/example_local_kubernetes_executor.py
[2025-10-15T07:46:16.312+0000] {processor.py:830} INFO - Processing file /home/airflow/.local/lib/python3.8/site-packages/airflow/example_dags/example_local_kubernetes_executor.py for tasks to queue
[2025-10-15T07:46:16.314+0000] {logging_mixin.py:188} INFO - [2025-10-15T07:46:16.314+0000] {dagbag.py:540} INFO - Filling up the DagBag from /home/airflow/.local/lib/python3.8/site-packages/airflow/example_dags/example_local_kubernetes_executor.py
[2025-10-15T07:46:16.320+0000] {processor.py:840} INFO - DAG(s) 'example_local_kubernetes_executor' retrieved from /home/airflow/.local/lib/python3.8/site-packages/airflow/example_dags/example_local_kubernetes_executor.py
[2025-10-15T07:46:16.348+0000] {logging_mixin.py:188} INFO - [2025-10-15T07:46:16.348+0000] {dag.py:3047} INFO - Sync 1 DAGs
[2025-10-15T07:46:16.359+0000] {logging_mixin.py:188} INFO - [2025-10-15T07:46:16.359+0000] {dag.py:3834} INFO - Setting next_dagrun for example_local_kubernetes_executor to None, run_after=None
[2025-10-15T07:46:16.375+0000] {processor.py:183} INFO - Processing /home/airflow/.local/lib/python3.8/site-packages/airflow/example_dags/example_local_kubernetes_executor.py took 0.067 seconds
[2025-10-15T07:46:47.069+0000] {processor.py:161} INFO - Started process (PID=696) to work on /home/airflow/.local/lib/python3.8/site-packages/airflow/example_dags/example_local_kubernetes_executor.py
[2025-10-15T07:46:47.070+0000] {processor.py:830} INFO - Processing file /home/airflow/.local/lib/python3.8/site-packages/airflow/example_dags/example_local_kubernetes_executor.py for tasks to queue
[2025-10-15T07:46:47.071+0000] {logging_mixin.py:188} INFO - [2025-10-15T07:46:47.071+0000] {dagbag.py:540} INFO - Filling up the DagBag from /home/airflow/.local/lib/python3.8/site-packages/airflow/example_dags/example_local_kubernetes_executor.py
[2025-10-15T07:46:47.077+0000] {processor.py:840} INFO - DAG(s) 'example_local_kubernetes_executor' retrieved from /home/airflow/.local/lib/python3.8/site-packages/airflow/example_dags/example_local_kubernetes_executor.py
[2025-10-15T07:46:47.104+0000] {logging_mixin.py:188} INFO - [2025-10-15T07:46:47.104+0000] {dag.py:3047} INFO - Sync 1 DAGs
[2025-10-15T07:46:47.116+0000] {logging_mixin.py:188} INFO - [2025-10-15T07:46:47.115+0000] {dag.py:3834} INFO - Setting next_dagrun for example_local_kubernetes_executor to None, run_after=None
[2025-10-15T07:46:47.132+0000] {processor.py:183} INFO - Processing /home/airflow/.local/lib/python3.8/site-packages/airflow/example_dags/example_local_kubernetes_executor.py took 0.066 seconds
[2025-10-15T07:47:17.964+0000] {processor.py:161} INFO - Started process (PID=756) to work on /home/airflow/.local/lib/python3.8/site-packages/airflow/example_dags/example_local_kubernetes_executor.py
[2025-10-15T07:47:17.965+0000] {processor.py:830} INFO - Processing file /home/airflow/.local/lib/python3.8/site-packages/airflow/example_dags/example_local_kubernetes_executor.py for tasks to queue
[2025-10-15T07:47:17.967+0000] {logging_mixin.py:188} INFO - [2025-10-15T07:47:17.966+0000] {dagbag.py:540} INFO - Filling up the DagBag from /home/airflow/.local/lib/python3.8/site-packages/airflow/example_dags/example_local_kubernetes_executor.py
[2025-10-15T07:47:17.974+0000] {processor.py:840} INFO - DAG(s) 'example_local_kubernetes_executor' retrieved from /home/airflow/.local/lib/python3.8/site-packages/airflow/example_dags/example_local_kubernetes_executor.py
[2025-10-15T07:47:18.003+0000] {logging_mixin.py:188} INFO - [2025-10-15T07:47:18.003+0000] {dag.py:3047} INFO - Sync 1 DAGs
[2025-10-15T07:47:18.014+0000] {logging_mixin.py:188} INFO - [2025-10-15T07:47:18.014+0000] {dag.py:3834} INFO - Setting next_dagrun for example_local_kubernetes_executor to None, run_after=None
[2025-10-15T07:47:18.031+0000] {processor.py:183} INFO - Processing /home/airflow/.local/lib/python3.8/site-packages/airflow/example_dags/example_local_kubernetes_executor.py took 0.070 seconds
[2025-10-15T07:47:48.123+0000] {processor.py:161} INFO - Started process (PID=816) to work on /home/airflow/.local/lib/python3.8/site-packages/airflow/example_dags/example_local_kubernetes_executor.py
[2025-10-15T07:47:48.124+0000] {processor.py:830} INFO - Processing file /home/airflow/.local/lib/python3.8/site-packages/airflow/example_dags/example_local_kubernetes_executor.py for tasks to queue
[2025-10-15T07:47:48.125+0000] {logging_mixin.py:188} INFO - [2025-10-15T07:47:48.125+0000] {dagbag.py:540} INFO - Filling up the DagBag from /home/airflow/.local/lib/python3.8/site-packages/airflow/example_dags/example_local_kubernetes_executor.py
[2025-10-15T07:47:48.131+0000] {processor.py:840} INFO - DAG(s) 'example_local_kubernetes_executor' retrieved from /home/airflow/.local/lib/python3.8/site-packages/airflow/example_dags/example_local_kubernetes_executor.py
[2025-10-15T07:47:48.159+0000] {logging_mixin.py:188} INFO - [2025-10-15T07:47:48.159+0000] {dag.py:3047} INFO - Sync 1 DAGs
[2025-10-15T07:47:48.172+0000] {logging_mixin.py:188} INFO - [2025-10-15T07:47:48.171+0000] {dag.py:3834} INFO - Setting next_dagrun for example_local_kubernetes_executor to None, run_after=None
[2025-10-15T07:47:48.187+0000] {processor.py:183} INFO - Processing /home/airflow/.local/lib/python3.8/site-packages/airflow/example_dags/example_local_kubernetes_executor.py took 0.067 seconds
[2025-10-15T07:48:18.523+0000] {processor.py:161} INFO - Started process (PID=876) to work on /home/airflow/.local/lib/python3.8/site-packages/airflow/example_dags/example_local_kubernetes_executor.py
[2025-10-15T07:48:18.524+0000] {processor.py:830} INFO - Processing file /home/airflow/.local/lib/python3.8/site-packages/airflow/example_dags/example_local_kubernetes_executor.py for tasks to queue
[2025-10-15T07:48:18.525+0000] {logging_mixin.py:188} INFO - [2025-10-15T07:48:18.525+0000] {dagbag.py:540} INFO - Filling up the DagBag from /home/airflow/.local/lib/python3.8/site-packages/airflow/example_dags/example_local_kubernetes_executor.py
[2025-10-15T07:48:18.535+0000] {processor.py:840} INFO - DAG(s) 'example_local_kubernetes_executor' retrieved from /home/airflow/.local/lib/python3.8/site-packages/airflow/example_dags/example_local_kubernetes_executor.py
[2025-10-15T07:48:18.568+0000] {logging_mixin.py:188} INFO - [2025-10-15T07:48:18.567+0000] {dag.py:3047} INFO - Sync 1 DAGs
[2025-10-15T07:48:18.582+0000] {logging_mixin.py:188} INFO - [2025-10-15T07:48:18.581+0000] {dag.py:3834} INFO - Setting next_dagrun for example_local_kubernetes_executor to None, run_after=None
[2025-10-15T07:48:18.606+0000] {processor.py:183} INFO - Processing /home/airflow/.local/lib/python3.8/site-packages/airflow/example_dags/example_local_kubernetes_executor.py took 0.087 seconds
[2025-10-15T07:48:48.846+0000] {processor.py:161} INFO - Started process (PID=937) to work on /home/airflow/.local/lib/python3.8/site-packages/airflow/example_dags/example_local_kubernetes_executor.py
[2025-10-15T07:48:48.847+0000] {processor.py:830} INFO - Processing file /home/airflow/.local/lib/python3.8/site-packages/airflow/example_dags/example_local_kubernetes_executor.py for tasks to queue
[2025-10-15T07:48:48.849+0000] {logging_mixin.py:188} INFO - [2025-10-15T07:48:48.848+0000] {dagbag.py:540} INFO - Filling up the DagBag from /home/airflow/.local/lib/python3.8/site-packages/airflow/example_dags/example_local_kubernetes_executor.py
[2025-10-15T07:48:48.855+0000] {processor.py:840} INFO - DAG(s) 'example_local_kubernetes_executor' retrieved from /home/airflow/.local/lib/python3.8/site-packages/airflow/example_dags/example_local_kubernetes_executor.py
[2025-10-15T07:48:48.884+0000] {logging_mixin.py:188} INFO - [2025-10-15T07:48:48.884+0000] {dag.py:3047} INFO - Sync 1 DAGs
[2025-10-15T07:48:48.894+0000] {logging_mixin.py:188} INFO - [2025-10-15T07:48:48.894+0000] {dag.py:3834} INFO - Setting next_dagrun for example_local_kubernetes_executor to None, run_after=None
[2025-10-15T07:48:48.913+0000] {processor.py:183} INFO - Processing /home/airflow/.local/lib/python3.8/site-packages/airflow/example_dags/example_local_kubernetes_executor.py took 0.070 seconds
[2025-10-15T07:49:19.177+0000] {processor.py:161} INFO - Started process (PID=998) to work on /home/airflow/.local/lib/python3.8/site-packages/airflow/example_dags/example_local_kubernetes_executor.py
[2025-10-15T07:49:19.178+0000] {processor.py:830} INFO - Processing file /home/airflow/.local/lib/python3.8/site-packages/airflow/example_dags/example_local_kubernetes_executor.py for tasks to queue
[2025-10-15T07:49:19.180+0000] {logging_mixin.py:188} INFO - [2025-10-15T07:49:19.179+0000] {dagbag.py:540} INFO - Filling up the DagBag from /home/airflow/.local/lib/python3.8/site-packages/airflow/example_dags/example_local_kubernetes_executor.py
[2025-10-15T07:49:19.186+0000] {processor.py:840} INFO - DAG(s) 'example_local_kubernetes_executor' retrieved from /home/airflow/.local/lib/python3.8/site-packages/airflow/example_dags/example_local_kubernetes_executor.py
[2025-10-15T07:49:19.214+0000] {logging_mixin.py:188} INFO - [2025-10-15T07:49:19.214+0000] {dag.py:3047} INFO - Sync 1 DAGs
[2025-10-15T07:49:19.225+0000] {logging_mixin.py:188} INFO - [2025-10-15T07:49:19.225+0000] {dag.py:3834} INFO - Setting next_dagrun for example_local_kubernetes_executor to None, run_after=None
[2025-10-15T07:49:19.243+0000] {processor.py:183} INFO - Processing /home/airflow/.local/lib/python3.8/site-packages/airflow/example_dags/example_local_kubernetes_executor.py took 0.069 seconds
[2025-10-15T07:49:49.542+0000] {processor.py:161} INFO - Started process (PID=1058) to work on /home/airflow/.local/lib/python3.8/site-packages/airflow/example_dags/example_local_kubernetes_executor.py
[2025-10-15T07:49:49.543+0000] {processor.py:830} INFO - Processing file /home/airflow/.local/lib/python3.8/site-packages/airflow/example_dags/example_local_kubernetes_executor.py for tasks to queue
[2025-10-15T07:49:49.544+0000] {logging_mixin.py:188} INFO - [2025-10-15T07:49:49.544+0000] {dagbag.py:540} INFO - Filling up the DagBag from /home/airflow/.local/lib/python3.8/site-packages/airflow/example_dags/example_local_kubernetes_executor.py
[2025-10-15T07:49:49.550+0000] {processor.py:840} INFO - DAG(s) 'example_local_kubernetes_executor' retrieved from /home/airflow/.local/lib/python3.8/site-packages/airflow/example_dags/example_local_kubernetes_executor.py
[2025-10-15T07:49:49.576+0000] {logging_mixin.py:188} INFO - [2025-10-15T07:49:49.576+0000] {dag.py:3047} INFO - Sync 1 DAGs
[2025-10-15T07:49:49.588+0000] {logging_mixin.py:188} INFO - [2025-10-15T07:49:49.588+0000] {dag.py:3834} INFO - Setting next_dagrun for example_local_kubernetes_executor to None, run_after=None
[2025-10-15T07:49:49.604+0000] {processor.py:183} INFO - Processing /home/airflow/.local/lib/python3.8/site-packages/airflow/example_dags/example_local_kubernetes_executor.py took 0.065 seconds
[2025-10-15T07:50:20.293+0000] {processor.py:161} INFO - Started process (PID=1119) to work on /home/airflow/.local/lib/python3.8/site-packages/airflow/example_dags/example_local_kubernetes_executor.py
[2025-10-15T07:50:20.294+0000] {processor.py:830} INFO - Processing file /home/airflow/.local/lib/python3.8/site-packages/airflow/example_dags/example_local_kubernetes_executor.py for tasks to queue
[2025-10-15T07:50:20.295+0000] {logging_mixin.py:188} INFO - [2025-10-15T07:50:20.295+0000] {dagbag.py:540} INFO - Filling up the DagBag from /home/airflow/.local/lib/python3.8/site-packages/airflow/example_dags/example_local_kubernetes_executor.py
[2025-10-15T07:50:20.301+0000] {processor.py:840} INFO - DAG(s) 'example_local_kubernetes_executor' retrieved from /home/airflow/.local/lib/python3.8/site-packages/airflow/example_dags/example_local_kubernetes_executor.py
[2025-10-15T07:50:20.329+0000] {logging_mixin.py:188} INFO - [2025-10-15T07:50:20.329+0000] {dag.py:3047} INFO - Sync 1 DAGs
[2025-10-15T07:50:20.339+0000] {logging_mixin.py:188} INFO - [2025-10-15T07:50:20.339+0000] {dag.py:3834} INFO - Setting next_dagrun for example_local_kubernetes_executor to None, run_after=None
[2025-10-15T07:50:20.356+0000] {processor.py:183} INFO - Processing /home/airflow/.local/lib/python3.8/site-packages/airflow/example_dags/example_local_kubernetes_executor.py took 0.066 seconds
[2025-10-15T07:50:51.203+0000] {processor.py:161} INFO - Started process (PID=1182) to work on /home/airflow/.local/lib/python3.8/site-packages/airflow/example_dags/example_local_kubernetes_executor.py
[2025-10-15T07:50:51.204+0000] {processor.py:830} INFO - Processing file /home/airflow/.local/lib/python3.8/site-packages/airflow/example_dags/example_local_kubernetes_executor.py for tasks to queue
[2025-10-15T07:50:51.205+0000] {logging_mixin.py:188} INFO - [2025-10-15T07:50:51.205+0000] {dagbag.py:540} INFO - Filling up the DagBag from /home/airflow/.local/lib/python3.8/site-packages/airflow/example_dags/example_local_kubernetes_executor.py
[2025-10-15T07:50:51.212+0000] {processor.py:840} INFO - DAG(s) 'example_local_kubernetes_executor' retrieved from /home/airflow/.local/lib/python3.8/site-packages/airflow/example_dags/example_local_kubernetes_executor.py
[2025-10-15T07:50:51.240+0000] {logging_mixin.py:188} INFO - [2025-10-15T07:50:51.239+0000] {dag.py:3047} INFO - Sync 1 DAGs
[2025-10-15T07:50:51.250+0000] {logging_mixin.py:188} INFO - [2025-10-15T07:50:51.250+0000] {dag.py:3834} INFO - Setting next_dagrun for example_local_kubernetes_executor to None, run_after=None
[2025-10-15T07:50:51.267+0000] {processor.py:183} INFO - Processing /home/airflow/.local/lib/python3.8/site-packages/airflow/example_dags/example_local_kubernetes_executor.py took 0.067 seconds
[2025-10-15T07:51:21.366+0000] {processor.py:161} INFO - Started process (PID=1244) to work on /home/airflow/.local/lib/python3.8/site-packages/airflow/example_dags/example_local_kubernetes_executor.py
[2025-10-15T07:51:21.367+0000] {processor.py:830} INFO - Processing file /home/airflow/.local/lib/python3.8/site-packages/airflow/example_dags/example_local_kubernetes_executor.py for tasks to queue
[2025-10-15T07:51:21.368+0000] {logging_mixin.py:188} INFO - [2025-10-15T07:51:21.368+0000] {dagbag.py:540} INFO - Filling up the DagBag from /home/airflow/.local/lib/python3.8/site-packages/airflow/example_dags/example_local_kubernetes_executor.py
[2025-10-15T07:51:21.378+0000] {processor.py:840} INFO - DAG(s) 'example_local_kubernetes_executor' retrieved from /home/airflow/.local/lib/python3.8/site-packages/airflow/example_dags/example_local_kubernetes_executor.py
[2025-10-15T07:51:21.421+0000] {logging_mixin.py:188} INFO - [2025-10-15T07:51:21.420+0000] {dag.py:3047} INFO - Sync 1 DAGs
[2025-10-15T07:51:21.431+0000] {logging_mixin.py:188} INFO - [2025-10-15T07:51:21.431+0000] {dag.py:3834} INFO - Setting next_dagrun for example_local_kubernetes_executor to None, run_after=None
[2025-10-15T07:51:21.447+0000] {processor.py:183} INFO - Processing /home/airflow/.local/lib/python3.8/site-packages/airflow/example_dags/example_local_kubernetes_executor.py took 0.084 seconds
[2025-10-15T07:51:51.540+0000] {processor.py:161} INFO - Started process (PID=1304) to work on /home/airflow/.local/lib/python3.8/site-packages/airflow/example_dags/example_local_kubernetes_executor.py
[2025-10-15T07:51:51.541+0000] {processor.py:830} INFO - Processing file /home/airflow/.local/lib/python3.8/site-packages/airflow/example_dags/example_local_kubernetes_executor.py for tasks to queue
[2025-10-15T07:51:51.543+0000] {logging_mixin.py:188} INFO - [2025-10-15T07:51:51.542+0000] {dagbag.py:540} INFO - Filling up the DagBag from /home/airflow/.local/lib/python3.8/site-packages/airflow/example_dags/example_local_kubernetes_executor.py
[2025-10-15T07:51:51.549+0000] {processor.py:840} INFO - DAG(s) 'example_local_kubernetes_executor' retrieved from /home/airflow/.local/lib/python3.8/site-packages/airflow/example_dags/example_local_kubernetes_executor.py
[2025-10-15T07:51:51.578+0000] {logging_mixin.py:188} INFO - [2025-10-15T07:51:51.577+0000] {dag.py:3047} INFO - Sync 1 DAGs
[2025-10-15T07:51:51.588+0000] {logging_mixin.py:188} INFO - [2025-10-15T07:51:51.588+0000] {dag.py:3834} INFO - Setting next_dagrun for example_local_kubernetes_executor to None, run_after=None
[2025-10-15T07:51:51.604+0000] {processor.py:183} INFO - Processing /home/airflow/.local/lib/python3.8/site-packages/airflow/example_dags/example_local_kubernetes_executor.py took 0.066 seconds
[2025-10-15T07:52:21.900+0000] {processor.py:161} INFO - Started process (PID=1366) to work on /home/airflow/.local/lib/python3.8/site-packages/airflow/example_dags/example_local_kubernetes_executor.py
[2025-10-15T07:52:21.901+0000] {processor.py:830} INFO - Processing file /home/airflow/.local/lib/python3.8/site-packages/airflow/example_dags/example_local_kubernetes_executor.py for tasks to queue
[2025-10-15T07:52:21.903+0000] {logging_mixin.py:188} INFO - [2025-10-15T07:52:21.902+0000] {dagbag.py:540} INFO - Filling up the DagBag from /home/airflow/.local/lib/python3.8/site-packages/airflow/example_dags/example_local_kubernetes_executor.py
[2025-10-15T07:52:21.910+0000] {processor.py:840} INFO - DAG(s) 'example_local_kubernetes_executor' retrieved from /home/airflow/.local/lib/python3.8/site-packages/airflow/example_dags/example_local_kubernetes_executor.py
[2025-10-15T07:52:21.940+0000] {logging_mixin.py:188} INFO - [2025-10-15T07:52:21.939+0000] {dag.py:3047} INFO - Sync 1 DAGs
[2025-10-15T07:52:21.951+0000] {logging_mixin.py:188} INFO - [2025-10-15T07:52:21.951+0000] {dag.py:3834} INFO - Setting next_dagrun for example_local_kubernetes_executor to None, run_after=None
[2025-10-15T07:52:21.968+0000] {processor.py:183} INFO - Processing /home/airflow/.local/lib/python3.8/site-packages/airflow/example_dags/example_local_kubernetes_executor.py took 0.070 seconds
[2025-10-15T07:52:52.086+0000] {processor.py:161} INFO - Started process (PID=1426) to work on /home/airflow/.local/lib/python3.8/site-packages/airflow/example_dags/example_local_kubernetes_executor.py
[2025-10-15T07:52:52.087+0000] {processor.py:830} INFO - Processing file /home/airflow/.local/lib/python3.8/site-packages/airflow/example_dags/example_local_kubernetes_executor.py for tasks to queue
[2025-10-15T07:52:52.089+0000] {logging_mixin.py:188} INFO - [2025-10-15T07:52:52.089+0000] {dagbag.py:540} INFO - Filling up the DagBag from /home/airflow/.local/lib/python3.8/site-packages/airflow/example_dags/example_local_kubernetes_executor.py
[2025-10-15T07:52:52.096+0000] {processor.py:840} INFO - DAG(s) 'example_local_kubernetes_executor' retrieved from /home/airflow/.local/lib/python3.8/site-packages/airflow/example_dags/example_local_kubernetes_executor.py
[2025-10-15T07:52:52.130+0000] {logging_mixin.py:188} INFO - [2025-10-15T07:52:52.130+0000] {dag.py:3047} INFO - Sync 1 DAGs
[2025-10-15T07:52:52.142+0000] {logging_mixin.py:188} INFO - [2025-10-15T07:52:52.142+0000] {dag.py:3834} INFO - Setting next_dagrun for example_local_kubernetes_executor to None, run_after=None
[2025-10-15T07:52:52.158+0000] {processor.py:183} INFO - Processing /home/airflow/.local/lib/python3.8/site-packages/airflow/example_dags/example_local_kubernetes_executor.py took 0.076 seconds
[2025-10-15T07:53:22.255+0000] {processor.py:161} INFO - Started process (PID=1488) to work on /home/airflow/.local/lib/python3.8/site-packages/airflow/example_dags/example_local_kubernetes_executor.py
[2025-10-15T07:53:22.256+0000] {processor.py:830} INFO - Processing file /home/airflow/.local/lib/python3.8/site-packages/airflow/example_dags/example_local_kubernetes_executor.py for tasks to queue
[2025-10-15T07:53:22.258+0000] {logging_mixin.py:188} INFO - [2025-10-15T07:53:22.258+0000] {dagbag.py:540} INFO - Filling up the DagBag from /home/airflow/.local/lib/python3.8/site-packages/airflow/example_dags/example_local_kubernetes_executor.py
[2025-10-15T07:53:22.264+0000] {processor.py:840} INFO - DAG(s) 'example_local_kubernetes_executor' retrieved from /home/airflow/.local/lib/python3.8/site-packages/airflow/example_dags/example_local_kubernetes_executor.py
[2025-10-15T07:53:22.292+0000] {logging_mixin.py:188} INFO - [2025-10-15T07:53:22.292+0000] {dag.py:3047} INFO - Sync 1 DAGs
[2025-10-15T07:53:22.303+0000] {logging_mixin.py:188} INFO - [2025-10-15T07:53:22.303+0000] {dag.py:3834} INFO - Setting next_dagrun for example_local_kubernetes_executor to None, run_after=None
[2025-10-15T07:53:22.319+0000] {processor.py:183} INFO - Processing /home/airflow/.local/lib/python3.8/site-packages/airflow/example_dags/example_local_kubernetes_executor.py took 0.066 seconds
[2025-10-15T07:53:52.860+0000] {processor.py:161} INFO - Started process (PID=1550) to work on /home/airflow/.local/lib/python3.8/site-packages/airflow/example_dags/example_local_kubernetes_executor.py
[2025-10-15T07:53:52.860+0000] {processor.py:830} INFO - Processing file /home/airflow/.local/lib/python3.8/site-packages/airflow/example_dags/example_local_kubernetes_executor.py for tasks to queue
[2025-10-15T07:53:52.862+0000] {logging_mixin.py:188} INFO - [2025-10-15T07:53:52.862+0000] {dagbag.py:540} INFO - Filling up the DagBag from /home/airflow/.local/lib/python3.8/site-packages/airflow/example_dags/example_local_kubernetes_executor.py
[2025-10-15T07:53:52.868+0000] {processor.py:840} INFO - DAG(s) 'example_local_kubernetes_executor' retrieved from /home/airflow/.local/lib/python3.8/site-packages/airflow/example_dags/example_local_kubernetes_executor.py
[2025-10-15T07:53:52.898+0000] {logging_mixin.py:188} INFO - [2025-10-15T07:53:52.898+0000] {dag.py:3047} INFO - Sync 1 DAGs
[2025-10-15T07:53:52.910+0000] {logging_mixin.py:188} INFO - [2025-10-15T07:53:52.909+0000] {dag.py:3834} INFO - Setting next_dagrun for example_local_kubernetes_executor to None, run_after=None
[2025-10-15T07:53:52.930+0000] {processor.py:183} INFO - Processing /home/airflow/.local/lib/python3.8/site-packages/airflow/example_dags/example_local_kubernetes_executor.py took 0.073 seconds
[2025-10-15T07:54:23.038+0000] {processor.py:161} INFO - Started process (PID=1610) to work on /home/airflow/.local/lib/python3.8/site-packages/airflow/example_dags/example_local_kubernetes_executor.py
[2025-10-15T07:54:23.039+0000] {processor.py:830} INFO - Processing file /home/airflow/.local/lib/python3.8/site-packages/airflow/example_dags/example_local_kubernetes_executor.py for tasks to queue
[2025-10-15T07:54:23.041+0000] {logging_mixin.py:188} INFO - [2025-10-15T07:54:23.041+0000] {dagbag.py:540} INFO - Filling up the DagBag from /home/airflow/.local/lib/python3.8/site-packages/airflow/example_dags/example_local_kubernetes_executor.py
[2025-10-15T07:54:23.048+0000] {processor.py:840} INFO - DAG(s) 'example_local_kubernetes_executor' retrieved from /home/airflow/.local/lib/python3.8/site-packages/airflow/example_dags/example_local_kubernetes_executor.py
[2025-10-15T07:54:23.077+0000] {logging_mixin.py:188} INFO - [2025-10-15T07:54:23.076+0000] {dag.py:3047} INFO - Sync 1 DAGs
[2025-10-15T07:54:23.088+0000] {logging_mixin.py:188} INFO - [2025-10-15T07:54:23.088+0000] {dag.py:3834} INFO - Setting next_dagrun for example_local_kubernetes_executor to None, run_after=None
[2025-10-15T07:54:23.104+0000] {processor.py:183} INFO - Processing /home/airflow/.local/lib/python3.8/site-packages/airflow/example_dags/example_local_kubernetes_executor.py took 0.069 seconds
[2025-10-15T07:54:53.568+0000] {processor.py:161} INFO - Started process (PID=1670) to work on /home/airflow/.local/lib/python3.8/site-packages/airflow/example_dags/example_local_kubernetes_executor.py
[2025-10-15T07:54:53.569+0000] {processor.py:830} INFO - Processing file /home/airflow/.local/lib/python3.8/site-packages/airflow/example_dags/example_local_kubernetes_executor.py for tasks to queue
[2025-10-15T07:54:53.570+0000] {logging_mixin.py:188} INFO - [2025-10-15T07:54:53.570+0000] {dagbag.py:540} INFO - Filling up the DagBag from /home/airflow/.local/lib/python3.8/site-packages/airflow/example_dags/example_local_kubernetes_executor.py
[2025-10-15T07:54:53.577+0000] {processor.py:840} INFO - DAG(s) 'example_local_kubernetes_executor' retrieved from /home/airflow/.local/lib/python3.8/site-packages/airflow/example_dags/example_local_kubernetes_executor.py
[2025-10-15T07:54:53.606+0000] {logging_mixin.py:188} INFO - [2025-10-15T07:54:53.606+0000] {dag.py:3047} INFO - Sync 1 DAGs
[2025-10-15T07:54:53.617+0000] {logging_mixin.py:188} INFO - [2025-10-15T07:54:53.616+0000] {dag.py:3834} INFO - Setting next_dagrun for example_local_kubernetes_executor to None, run_after=None
[2025-10-15T07:54:53.631+0000] {processor.py:183} INFO - Processing /home/airflow/.local/lib/python3.8/site-packages/airflow/example_dags/example_local_kubernetes_executor.py took 0.066 seconds
[2025-10-15T07:55:23.739+0000] {processor.py:161} INFO - Started process (PID=1732) to work on /home/airflow/.local/lib/python3.8/site-packages/airflow/example_dags/example_local_kubernetes_executor.py
[2025-10-15T07:55:23.740+0000] {processor.py:830} INFO - Processing file /home/airflow/.local/lib/python3.8/site-packages/airflow/example_dags/example_local_kubernetes_executor.py for tasks to queue
[2025-10-15T07:55:23.742+0000] {logging_mixin.py:188} INFO - [2025-10-15T07:55:23.742+0000] {dagbag.py:540} INFO - Filling up the DagBag from /home/airflow/.local/lib/python3.8/site-packages/airflow/example_dags/example_local_kubernetes_executor.py
[2025-10-15T07:55:23.748+0000] {processor.py:840} INFO - DAG(s) 'example_local_kubernetes_executor' retrieved from /home/airflow/.local/lib/python3.8/site-packages/airflow/example_dags/example_local_kubernetes_executor.py
[2025-10-15T07:55:23.776+0000] {logging_mixin.py:188} INFO - [2025-10-15T07:55:23.776+0000] {dag.py:3047} INFO - Sync 1 DAGs
[2025-10-15T07:55:23.786+0000] {logging_mixin.py:188} INFO - [2025-10-15T07:55:23.786+0000] {dag.py:3834} INFO - Setting next_dagrun for example_local_kubernetes_executor to None, run_after=None
[2025-10-15T07:55:23.802+0000] {processor.py:183} INFO - Processing /home/airflow/.local/lib/python3.8/site-packages/airflow/example_dags/example_local_kubernetes_executor.py took 0.065 seconds
[2025-10-15T07:55:54.219+0000] {processor.py:161} INFO - Started process (PID=1793) to work on /home/airflow/.local/lib/python3.8/site-packages/airflow/example_dags/example_local_kubernetes_executor.py
[2025-10-15T07:55:54.220+0000] {processor.py:830} INFO - Processing file /home/airflow/.local/lib/python3.8/site-packages/airflow/example_dags/example_local_kubernetes_executor.py for tasks to queue
[2025-10-15T07:55:54.221+0000] {logging_mixin.py:188} INFO - [2025-10-15T07:55:54.221+0000] {dagbag.py:540} INFO - Filling up the DagBag from /home/airflow/.local/lib/python3.8/site-packages/airflow/example_dags/example_local_kubernetes_executor.py
[2025-10-15T07:55:54.227+0000] {processor.py:840} INFO - DAG(s) 'example_local_kubernetes_executor' retrieved from /home/airflow/.local/lib/python3.8/site-packages/airflow/example_dags/example_local_kubernetes_executor.py
[2025-10-15T07:55:54.254+0000] {logging_mixin.py:188} INFO - [2025-10-15T07:55:54.254+0000] {dag.py:3047} INFO - Sync 1 DAGs
[2025-10-15T07:55:54.264+0000] {logging_mixin.py:188} INFO - [2025-10-15T07:55:54.264+0000] {dag.py:3834} INFO - Setting next_dagrun for example_local_kubernetes_executor to None, run_after=None
[2025-10-15T07:55:54.282+0000] {processor.py:183} INFO - Processing /home/airflow/.local/lib/python3.8/site-packages/airflow/example_dags/example_local_kubernetes_executor.py took 0.066 seconds
[2025-10-15T07:56:24.537+0000] {processor.py:161} INFO - Started process (PID=1853) to work on /home/airflow/.local/lib/python3.8/site-packages/airflow/example_dags/example_local_kubernetes_executor.py
[2025-10-15T07:56:24.538+0000] {processor.py:830} INFO - Processing file /home/airflow/.local/lib/python3.8/site-packages/airflow/example_dags/example_local_kubernetes_executor.py for tasks to queue
[2025-10-15T07:56:24.540+0000] {logging_mixin.py:188} INFO - [2025-10-15T07:56:24.539+0000] {dagbag.py:540} INFO - Filling up the DagBag from /home/airflow/.local/lib/python3.8/site-packages/airflow/example_dags/example_local_kubernetes_executor.py
[2025-10-15T07:56:24.546+0000] {processor.py:840} INFO - DAG(s) 'example_local_kubernetes_executor' retrieved from /home/airflow/.local/lib/python3.8/site-packages/airflow/example_dags/example_local_kubernetes_executor.py
[2025-10-15T07:56:24.573+0000] {logging_mixin.py:188} INFO - [2025-10-15T07:56:24.573+0000] {dag.py:3047} INFO - Sync 1 DAGs
[2025-10-15T07:56:24.584+0000] {logging_mixin.py:188} INFO - [2025-10-15T07:56:24.583+0000] {dag.py:3834} INFO - Setting next_dagrun for example_local_kubernetes_executor to None, run_after=None
[2025-10-15T07:56:24.600+0000] {processor.py:183} INFO - Processing /home/airflow/.local/lib/python3.8/site-packages/airflow/example_dags/example_local_kubernetes_executor.py took 0.066 seconds
[2025-10-15T07:56:54.812+0000] {processor.py:161} INFO - Started process (PID=1913) to work on /home/airflow/.local/lib/python3.8/site-packages/airflow/example_dags/example_local_kubernetes_executor.py
[2025-10-15T07:56:54.813+0000] {processor.py:830} INFO - Processing file /home/airflow/.local/lib/python3.8/site-packages/airflow/example_dags/example_local_kubernetes_executor.py for tasks to queue
[2025-10-15T07:56:54.814+0000] {logging_mixin.py:188} INFO - [2025-10-15T07:56:54.814+0000] {dagbag.py:540} INFO - Filling up the DagBag from /home/airflow/.local/lib/python3.8/site-packages/airflow/example_dags/example_local_kubernetes_executor.py
[2025-10-15T07:56:54.821+0000] {processor.py:840} INFO - DAG(s) 'example_local_kubernetes_executor' retrieved from /home/airflow/.local/lib/python3.8/site-packages/airflow/example_dags/example_local_kubernetes_executor.py
[2025-10-15T07:56:54.848+0000] {logging_mixin.py:188} INFO - [2025-10-15T07:56:54.848+0000] {dag.py:3047} INFO - Sync 1 DAGs
[2025-10-15T07:56:54.858+0000] {logging_mixin.py:188} INFO - [2025-10-15T07:56:54.858+0000] {dag.py:3834} INFO - Setting next_dagrun for example_local_kubernetes_executor to None, run_after=None
[2025-10-15T07:56:54.877+0000] {processor.py:183} INFO - Processing /home/airflow/.local/lib/python3.8/site-packages/airflow/example_dags/example_local_kubernetes_executor.py took 0.067 seconds
[2025-10-15T07:57:24.914+0000] {processor.py:161} INFO - Started process (PID=1974) to work on /home/airflow/.local/lib/python3.8/site-packages/airflow/example_dags/example_local_kubernetes_executor.py
[2025-10-15T07:57:24.915+0000] {processor.py:830} INFO - Processing file /home/airflow/.local/lib/python3.8/site-packages/airflow/example_dags/example_local_kubernetes_executor.py for tasks to queue
[2025-10-15T07:57:24.918+0000] {logging_mixin.py:188} INFO - [2025-10-15T07:57:24.918+0000] {dagbag.py:540} INFO - Filling up the DagBag from /home/airflow/.local/lib/python3.8/site-packages/airflow/example_dags/example_local_kubernetes_executor.py
[2025-10-15T07:57:24.925+0000] {processor.py:840} INFO - DAG(s) 'example_local_kubernetes_executor' retrieved from /home/airflow/.local/lib/python3.8/site-packages/airflow/example_dags/example_local_kubernetes_executor.py
[2025-10-15T07:57:24.955+0000] {logging_mixin.py:188} INFO - [2025-10-15T07:57:24.955+0000] {dag.py:3047} INFO - Sync 1 DAGs
[2025-10-15T07:57:24.966+0000] {logging_mixin.py:188} INFO - [2025-10-15T07:57:24.966+0000] {dag.py:3834} INFO - Setting next_dagrun for example_local_kubernetes_executor to None, run_after=None
[2025-10-15T07:57:24.984+0000] {processor.py:183} INFO - Processing /home/airflow/.local/lib/python3.8/site-packages/airflow/example_dags/example_local_kubernetes_executor.py took 0.073 seconds
[2025-10-15T07:57:55.411+0000] {processor.py:161} INFO - Started process (PID=2035) to work on /home/airflow/.local/lib/python3.8/site-packages/airflow/example_dags/example_local_kubernetes_executor.py
[2025-10-15T07:57:55.412+0000] {processor.py:830} INFO - Processing file /home/airflow/.local/lib/python3.8/site-packages/airflow/example_dags/example_local_kubernetes_executor.py for tasks to queue
[2025-10-15T07:57:55.414+0000] {logging_mixin.py:188} INFO - [2025-10-15T07:57:55.413+0000] {dagbag.py:540} INFO - Filling up the DagBag from /home/airflow/.local/lib/python3.8/site-packages/airflow/example_dags/example_local_kubernetes_executor.py
[2025-10-15T07:57:55.420+0000] {processor.py:840} INFO - DAG(s) 'example_local_kubernetes_executor' retrieved from /home/airflow/.local/lib/python3.8/site-packages/airflow/example_dags/example_local_kubernetes_executor.py
[2025-10-15T07:57:55.448+0000] {logging_mixin.py:188} INFO - [2025-10-15T07:57:55.447+0000] {dag.py:3047} INFO - Sync 1 DAGs
[2025-10-15T07:57:55.464+0000] {logging_mixin.py:188} INFO - [2025-10-15T07:57:55.464+0000] {dag.py:3834} INFO - Setting next_dagrun for example_local_kubernetes_executor to None, run_after=None
[2025-10-15T07:57:55.480+0000] {processor.py:183} INFO - Processing /home/airflow/.local/lib/python3.8/site-packages/airflow/example_dags/example_local_kubernetes_executor.py took 0.072 seconds
[2025-10-15T07:58:25.954+0000] {processor.py:161} INFO - Started process (PID=2094) to work on /home/airflow/.local/lib/python3.8/site-packages/airflow/example_dags/example_local_kubernetes_executor.py
[2025-10-15T07:58:25.955+0000] {processor.py:830} INFO - Processing file /home/airflow/.local/lib/python3.8/site-packages/airflow/example_dags/example_local_kubernetes_executor.py for tasks to queue
[2025-10-15T07:58:25.957+0000] {logging_mixin.py:188} INFO - [2025-10-15T07:58:25.956+0000] {dagbag.py:540} INFO - Filling up the DagBag from /home/airflow/.local/lib/python3.8/site-packages/airflow/example_dags/example_local_kubernetes_executor.py
[2025-10-15T07:58:25.963+0000] {processor.py:840} INFO - DAG(s) 'example_local_kubernetes_executor' retrieved from /home/airflow/.local/lib/python3.8/site-packages/airflow/example_dags/example_local_kubernetes_executor.py
[2025-10-15T07:58:25.991+0000] {logging_mixin.py:188} INFO - [2025-10-15T07:58:25.991+0000] {dag.py:3047} INFO - Sync 1 DAGs
[2025-10-15T07:58:26.004+0000] {logging_mixin.py:188} INFO - [2025-10-15T07:58:26.004+0000] {dag.py:3834} INFO - Setting next_dagrun for example_local_kubernetes_executor to None, run_after=None
[2025-10-15T07:58:26.020+0000] {processor.py:183} INFO - Processing /home/airflow/.local/lib/python3.8/site-packages/airflow/example_dags/example_local_kubernetes_executor.py took 0.069 seconds
[2025-10-15T07:58:56.702+0000] {processor.py:161} INFO - Started process (PID=2155) to work on /home/airflow/.local/lib/python3.8/site-packages/airflow/example_dags/example_local_kubernetes_executor.py
[2025-10-15T07:58:56.703+0000] {processor.py:830} INFO - Processing file /home/airflow/.local/lib/python3.8/site-packages/airflow/example_dags/example_local_kubernetes_executor.py for tasks to queue
[2025-10-15T07:58:56.705+0000] {logging_mixin.py:188} INFO - [2025-10-15T07:58:56.704+0000] {dagbag.py:540} INFO - Filling up the DagBag from /home/airflow/.local/lib/python3.8/site-packages/airflow/example_dags/example_local_kubernetes_executor.py
[2025-10-15T07:58:56.711+0000] {processor.py:840} INFO - DAG(s) 'example_local_kubernetes_executor' retrieved from /home/airflow/.local/lib/python3.8/site-packages/airflow/example_dags/example_local_kubernetes_executor.py
[2025-10-15T07:58:56.739+0000] {logging_mixin.py:188} INFO - [2025-10-15T07:58:56.738+0000] {dag.py:3047} INFO - Sync 1 DAGs
[2025-10-15T07:58:56.749+0000] {logging_mixin.py:188} INFO - [2025-10-15T07:58:56.749+0000] {dag.py:3834} INFO - Setting next_dagrun for example_local_kubernetes_executor to None, run_after=None
[2025-10-15T07:58:56.764+0000] {processor.py:183} INFO - Processing /home/airflow/.local/lib/python3.8/site-packages/airflow/example_dags/example_local_kubernetes_executor.py took 0.065 seconds
[2025-10-15T07:59:26.858+0000] {processor.py:161} INFO - Started process (PID=2215) to work on /home/airflow/.local/lib/python3.8/site-packages/airflow/example_dags/example_local_kubernetes_executor.py
[2025-10-15T07:59:26.859+0000] {processor.py:830} INFO - Processing file /home/airflow/.local/lib/python3.8/site-packages/airflow/example_dags/example_local_kubernetes_executor.py for tasks to queue
[2025-10-15T07:59:26.861+0000] {logging_mixin.py:188} INFO - [2025-10-15T07:59:26.861+0000] {dagbag.py:540} INFO - Filling up the DagBag from /home/airflow/.local/lib/python3.8/site-packages/airflow/example_dags/example_local_kubernetes_executor.py
[2025-10-15T07:59:26.867+0000] {processor.py:840} INFO - DAG(s) 'example_local_kubernetes_executor' retrieved from /home/airflow/.local/lib/python3.8/site-packages/airflow/example_dags/example_local_kubernetes_executor.py
[2025-10-15T07:59:26.895+0000] {logging_mixin.py:188} INFO - [2025-10-15T07:59:26.895+0000] {dag.py:3047} INFO - Sync 1 DAGs
[2025-10-15T07:59:26.905+0000] {logging_mixin.py:188} INFO - [2025-10-15T07:59:26.905+0000] {dag.py:3834} INFO - Setting next_dagrun for example_local_kubernetes_executor to None, run_after=None
[2025-10-15T07:59:26.922+0000] {processor.py:183} INFO - Processing /home/airflow/.local/lib/python3.8/site-packages/airflow/example_dags/example_local_kubernetes_executor.py took 0.066 seconds
[2025-10-15T07:59:56.982+0000] {processor.py:161} INFO - Started process (PID=2274) to work on /home/airflow/.local/lib/python3.8/site-packages/airflow/example_dags/example_local_kubernetes_executor.py
[2025-10-15T07:59:56.983+0000] {processor.py:830} INFO - Processing file /home/airflow/.local/lib/python3.8/site-packages/airflow/example_dags/example_local_kubernetes_executor.py for tasks to queue
[2025-10-15T07:59:56.984+0000] {logging_mixin.py:188} INFO - [2025-10-15T07:59:56.984+0000] {dagbag.py:540} INFO - Filling up the DagBag from /home/airflow/.local/lib/python3.8/site-packages/airflow/example_dags/example_local_kubernetes_executor.py
[2025-10-15T07:59:56.990+0000] {processor.py:840} INFO - DAG(s) 'example_local_kubernetes_executor' retrieved from /home/airflow/.local/lib/python3.8/site-packages/airflow/example_dags/example_local_kubernetes_executor.py
[2025-10-15T07:59:57.019+0000] {logging_mixin.py:188} INFO - [2025-10-15T07:59:57.018+0000] {dag.py:3047} INFO - Sync 1 DAGs
[2025-10-15T07:59:57.030+0000] {logging_mixin.py:188} INFO - [2025-10-15T07:59:57.029+0000] {dag.py:3834} INFO - Setting next_dagrun for example_local_kubernetes_executor to None, run_after=None
[2025-10-15T07:59:57.045+0000] {processor.py:183} INFO - Processing /home/airflow/.local/lib/python3.8/site-packages/airflow/example_dags/example_local_kubernetes_executor.py took 0.066 seconds
[2025-10-15T08:00:27.299+0000] {processor.py:161} INFO - Started process (PID=2335) to work on /home/airflow/.local/lib/python3.8/site-packages/airflow/example_dags/example_local_kubernetes_executor.py
[2025-10-15T08:00:27.300+0000] {processor.py:830} INFO - Processing file /home/airflow/.local/lib/python3.8/site-packages/airflow/example_dags/example_local_kubernetes_executor.py for tasks to queue
[2025-10-15T08:00:27.301+0000] {logging_mixin.py:188} INFO - [2025-10-15T08:00:27.300+0000] {dagbag.py:540} INFO - Filling up the DagBag from /home/airflow/.local/lib/python3.8/site-packages/airflow/example_dags/example_local_kubernetes_executor.py
[2025-10-15T08:00:27.307+0000] {processor.py:840} INFO - DAG(s) 'example_local_kubernetes_executor' retrieved from /home/airflow/.local/lib/python3.8/site-packages/airflow/example_dags/example_local_kubernetes_executor.py
[2025-10-15T08:00:27.335+0000] {logging_mixin.py:188} INFO - [2025-10-15T08:00:27.335+0000] {dag.py:3047} INFO - Sync 1 DAGs
[2025-10-15T08:00:27.346+0000] {logging_mixin.py:188} INFO - [2025-10-15T08:00:27.345+0000] {dag.py:3834} INFO - Setting next_dagrun for example_local_kubernetes_executor to None, run_after=None
[2025-10-15T08:00:27.365+0000] {processor.py:183} INFO - Processing /home/airflow/.local/lib/python3.8/site-packages/airflow/example_dags/example_local_kubernetes_executor.py took 0.069 seconds
[2025-10-15T08:00:57.706+0000] {processor.py:161} INFO - Started process (PID=2398) to work on /home/airflow/.local/lib/python3.8/site-packages/airflow/example_dags/example_local_kubernetes_executor.py
[2025-10-15T08:00:57.707+0000] {processor.py:830} INFO - Processing file /home/airflow/.local/lib/python3.8/site-packages/airflow/example_dags/example_local_kubernetes_executor.py for tasks to queue
[2025-10-15T08:00:57.708+0000] {logging_mixin.py:188} INFO - [2025-10-15T08:00:57.707+0000] {dagbag.py:540} INFO - Filling up the DagBag from /home/airflow/.local/lib/python3.8/site-packages/airflow/example_dags/example_local_kubernetes_executor.py
[2025-10-15T08:00:57.714+0000] {processor.py:840} INFO - DAG(s) 'example_local_kubernetes_executor' retrieved from /home/airflow/.local/lib/python3.8/site-packages/airflow/example_dags/example_local_kubernetes_executor.py
[2025-10-15T08:00:57.743+0000] {logging_mixin.py:188} INFO - [2025-10-15T08:00:57.743+0000] {dag.py:3047} INFO - Sync 1 DAGs
[2025-10-15T08:00:57.754+0000] {logging_mixin.py:188} INFO - [2025-10-15T08:00:57.754+0000] {dag.py:3834} INFO - Setting next_dagrun for example_local_kubernetes_executor to None, run_after=None
[2025-10-15T08:00:57.770+0000] {processor.py:183} INFO - Processing /home/airflow/.local/lib/python3.8/site-packages/airflow/example_dags/example_local_kubernetes_executor.py took 0.067 seconds
[2025-10-15T08:01:28.080+0000] {processor.py:161} INFO - Started process (PID=2461) to work on /home/airflow/.local/lib/python3.8/site-packages/airflow/example_dags/example_local_kubernetes_executor.py
[2025-10-15T08:01:28.081+0000] {processor.py:830} INFO - Processing file /home/airflow/.local/lib/python3.8/site-packages/airflow/example_dags/example_local_kubernetes_executor.py for tasks to queue
[2025-10-15T08:01:28.082+0000] {logging_mixin.py:188} INFO - [2025-10-15T08:01:28.081+0000] {dagbag.py:540} INFO - Filling up the DagBag from /home/airflow/.local/lib/python3.8/site-packages/airflow/example_dags/example_local_kubernetes_executor.py
[2025-10-15T08:01:28.088+0000] {processor.py:840} INFO - DAG(s) 'example_local_kubernetes_executor' retrieved from /home/airflow/.local/lib/python3.8/site-packages/airflow/example_dags/example_local_kubernetes_executor.py
[2025-10-15T08:01:28.117+0000] {logging_mixin.py:188} INFO - [2025-10-15T08:01:28.116+0000] {dag.py:3047} INFO - Sync 1 DAGs
[2025-10-15T08:01:28.127+0000] {logging_mixin.py:188} INFO - [2025-10-15T08:01:28.126+0000] {dag.py:3834} INFO - Setting next_dagrun for example_local_kubernetes_executor to None, run_after=None
[2025-10-15T08:01:28.142+0000] {processor.py:183} INFO - Processing /home/airflow/.local/lib/python3.8/site-packages/airflow/example_dags/example_local_kubernetes_executor.py took 0.065 seconds
[2025-10-15T08:01:58.308+0000] {processor.py:161} INFO - Started process (PID=2521) to work on /home/airflow/.local/lib/python3.8/site-packages/airflow/example_dags/example_local_kubernetes_executor.py
[2025-10-15T08:01:58.309+0000] {processor.py:830} INFO - Processing file /home/airflow/.local/lib/python3.8/site-packages/airflow/example_dags/example_local_kubernetes_executor.py for tasks to queue
[2025-10-15T08:01:58.310+0000] {logging_mixin.py:188} INFO - [2025-10-15T08:01:58.310+0000] {dagbag.py:540} INFO - Filling up the DagBag from /home/airflow/.local/lib/python3.8/site-packages/airflow/example_dags/example_local_kubernetes_executor.py
[2025-10-15T08:01:58.317+0000] {processor.py:840} INFO - DAG(s) 'example_local_kubernetes_executor' retrieved from /home/airflow/.local/lib/python3.8/site-packages/airflow/example_dags/example_local_kubernetes_executor.py
[2025-10-15T08:01:58.347+0000] {logging_mixin.py:188} INFO - [2025-10-15T08:01:58.347+0000] {dag.py:3047} INFO - Sync 1 DAGs
[2025-10-15T08:01:58.357+0000] {logging_mixin.py:188} INFO - [2025-10-15T08:01:58.357+0000] {dag.py:3834} INFO - Setting next_dagrun for example_local_kubernetes_executor to None, run_after=None
[2025-10-15T08:01:58.375+0000] {processor.py:183} INFO - Processing /home/airflow/.local/lib/python3.8/site-packages/airflow/example_dags/example_local_kubernetes_executor.py took 0.069 seconds
[2025-10-15T08:02:29.099+0000] {processor.py:161} INFO - Started process (PID=2583) to work on /home/airflow/.local/lib/python3.8/site-packages/airflow/example_dags/example_local_kubernetes_executor.py
[2025-10-15T08:02:29.100+0000] {processor.py:830} INFO - Processing file /home/airflow/.local/lib/python3.8/site-packages/airflow/example_dags/example_local_kubernetes_executor.py for tasks to queue
[2025-10-15T08:02:29.101+0000] {logging_mixin.py:188} INFO - [2025-10-15T08:02:29.101+0000] {dagbag.py:540} INFO - Filling up the DagBag from /home/airflow/.local/lib/python3.8/site-packages/airflow/example_dags/example_local_kubernetes_executor.py
[2025-10-15T08:02:29.108+0000] {processor.py:840} INFO - DAG(s) 'example_local_kubernetes_executor' retrieved from /home/airflow/.local/lib/python3.8/site-packages/airflow/example_dags/example_local_kubernetes_executor.py
[2025-10-15T08:02:29.136+0000] {logging_mixin.py:188} INFO - [2025-10-15T08:02:29.135+0000] {dag.py:3047} INFO - Sync 1 DAGs
[2025-10-15T08:02:29.148+0000] {logging_mixin.py:188} INFO - [2025-10-15T08:02:29.148+0000] {dag.py:3834} INFO - Setting next_dagrun for example_local_kubernetes_executor to None, run_after=None
[2025-10-15T08:02:29.165+0000] {processor.py:183} INFO - Processing /home/airflow/.local/lib/python3.8/site-packages/airflow/example_dags/example_local_kubernetes_executor.py took 0.068 seconds
[2025-10-15T08:02:59.660+0000] {processor.py:161} INFO - Started process (PID=2644) to work on /home/airflow/.local/lib/python3.8/site-packages/airflow/example_dags/example_local_kubernetes_executor.py
[2025-10-15T08:02:59.662+0000] {processor.py:830} INFO - Processing file /home/airflow/.local/lib/python3.8/site-packages/airflow/example_dags/example_local_kubernetes_executor.py for tasks to queue
[2025-10-15T08:02:59.664+0000] {logging_mixin.py:188} INFO - [2025-10-15T08:02:59.664+0000] {dagbag.py:540} INFO - Filling up the DagBag from /home/airflow/.local/lib/python3.8/site-packages/airflow/example_dags/example_local_kubernetes_executor.py
[2025-10-15T08:02:59.676+0000] {processor.py:840} INFO - DAG(s) 'example_local_kubernetes_executor' retrieved from /home/airflow/.local/lib/python3.8/site-packages/airflow/example_dags/example_local_kubernetes_executor.py
[2025-10-15T08:02:59.725+0000] {logging_mixin.py:188} INFO - [2025-10-15T08:02:59.725+0000] {dag.py:3047} INFO - Sync 1 DAGs
[2025-10-15T08:02:59.740+0000] {logging_mixin.py:188} INFO - [2025-10-15T08:02:59.740+0000] {dag.py:3834} INFO - Setting next_dagrun for example_local_kubernetes_executor to None, run_after=None
[2025-10-15T08:02:59.762+0000] {processor.py:183} INFO - Processing /home/airflow/.local/lib/python3.8/site-packages/airflow/example_dags/example_local_kubernetes_executor.py took 0.108 seconds
