[2025-10-15T07:41:44.942+0000] {processor.py:161} INFO - Started process (PID=130) to work on /home/airflow/.local/lib/python3.8/site-packages/airflow/example_dags/example_short_circuit_decorator.py
[2025-10-15T07:41:44.943+0000] {processor.py:830} INFO - Processing file /home/airflow/.local/lib/python3.8/site-packages/airflow/example_dags/example_short_circuit_decorator.py for tasks to queue
[2025-10-15T07:41:44.945+0000] {logging_mixin.py:188} INFO - [2025-10-15T07:41:44.945+0000] {dagbag.py:540} INFO - Filling up the DagBag from /home/airflow/.local/lib/python3.8/site-packages/airflow/example_dags/example_short_circuit_decorator.py
[2025-10-15T07:41:44.955+0000] {processor.py:840} INFO - DAG(s) 'example_short_circuit_decorator' retrieved from /home/airflow/.local/lib/python3.8/site-packages/airflow/example_dags/example_short_circuit_decorator.py
[2025-10-15T07:41:45.045+0000] {logging_mixin.py:188} INFO - [2025-10-15T07:41:45.045+0000] {dag.py:3047} INFO - Sync 1 DAGs
[2025-10-15T07:41:45.063+0000] {logging_mixin.py:188} INFO - [2025-10-15T07:41:45.063+0000] {dag.py:3834} INFO - Setting next_dagrun for example_short_circuit_decorator to 2025-10-14 00:00:00+00:00, run_after=2025-10-15 00:00:00+00:00
[2025-10-15T07:41:45.084+0000] {processor.py:183} INFO - Processing /home/airflow/.local/lib/python3.8/site-packages/airflow/example_dags/example_short_circuit_decorator.py took 0.144 seconds
[2025-10-15T07:42:15.366+0000] {processor.py:161} INFO - Started process (PID=191) to work on /home/airflow/.local/lib/python3.8/site-packages/airflow/example_dags/example_short_circuit_decorator.py
[2025-10-15T07:42:15.370+0000] {processor.py:830} INFO - Processing file /home/airflow/.local/lib/python3.8/site-packages/airflow/example_dags/example_short_circuit_decorator.py for tasks to queue
[2025-10-15T07:42:15.373+0000] {logging_mixin.py:188} INFO - [2025-10-15T07:42:15.372+0000] {dagbag.py:540} INFO - Filling up the DagBag from /home/airflow/.local/lib/python3.8/site-packages/airflow/example_dags/example_short_circuit_decorator.py
[2025-10-15T07:42:15.387+0000] {processor.py:840} INFO - DAG(s) 'example_short_circuit_decorator' retrieved from /home/airflow/.local/lib/python3.8/site-packages/airflow/example_dags/example_short_circuit_decorator.py
[2025-10-15T07:42:15.439+0000] {logging_mixin.py:188} INFO - [2025-10-15T07:42:15.438+0000] {dag.py:3047} INFO - Sync 1 DAGs
[2025-10-15T07:42:15.464+0000] {logging_mixin.py:188} INFO - [2025-10-15T07:42:15.463+0000] {dag.py:3834} INFO - Setting next_dagrun for example_short_circuit_decorator to 2025-10-14 00:00:00+00:00, run_after=2025-10-15 00:00:00+00:00
[2025-10-15T07:42:15.501+0000] {processor.py:183} INFO - Processing /home/airflow/.local/lib/python3.8/site-packages/airflow/example_dags/example_short_circuit_decorator.py took 0.138 seconds
[2025-10-15T07:42:46.435+0000] {processor.py:161} INFO - Started process (PID=251) to work on /home/airflow/.local/lib/python3.8/site-packages/airflow/example_dags/example_short_circuit_decorator.py
[2025-10-15T07:42:46.436+0000] {processor.py:830} INFO - Processing file /home/airflow/.local/lib/python3.8/site-packages/airflow/example_dags/example_short_circuit_decorator.py for tasks to queue
[2025-10-15T07:42:46.438+0000] {logging_mixin.py:188} INFO - [2025-10-15T07:42:46.438+0000] {dagbag.py:540} INFO - Filling up the DagBag from /home/airflow/.local/lib/python3.8/site-packages/airflow/example_dags/example_short_circuit_decorator.py
[2025-10-15T07:42:46.445+0000] {processor.py:840} INFO - DAG(s) 'example_short_circuit_decorator' retrieved from /home/airflow/.local/lib/python3.8/site-packages/airflow/example_dags/example_short_circuit_decorator.py
[2025-10-15T07:42:46.464+0000] {logging_mixin.py:188} INFO - [2025-10-15T07:42:46.463+0000] {dag.py:3047} INFO - Sync 1 DAGs
[2025-10-15T07:42:46.482+0000] {logging_mixin.py:188} INFO - [2025-10-15T07:42:46.482+0000] {dag.py:3834} INFO - Setting next_dagrun for example_short_circuit_decorator to 2025-10-14 00:00:00+00:00, run_after=2025-10-15 00:00:00+00:00
[2025-10-15T07:42:46.499+0000] {processor.py:183} INFO - Processing /home/airflow/.local/lib/python3.8/site-packages/airflow/example_dags/example_short_circuit_decorator.py took 0.066 seconds
[2025-10-15T07:43:17.033+0000] {processor.py:161} INFO - Started process (PID=311) to work on /home/airflow/.local/lib/python3.8/site-packages/airflow/example_dags/example_short_circuit_decorator.py
[2025-10-15T07:43:17.034+0000] {processor.py:830} INFO - Processing file /home/airflow/.local/lib/python3.8/site-packages/airflow/example_dags/example_short_circuit_decorator.py for tasks to queue
[2025-10-15T07:43:17.035+0000] {logging_mixin.py:188} INFO - [2025-10-15T07:43:17.035+0000] {dagbag.py:540} INFO - Filling up the DagBag from /home/airflow/.local/lib/python3.8/site-packages/airflow/example_dags/example_short_circuit_decorator.py
[2025-10-15T07:43:17.044+0000] {processor.py:840} INFO - DAG(s) 'example_short_circuit_decorator' retrieved from /home/airflow/.local/lib/python3.8/site-packages/airflow/example_dags/example_short_circuit_decorator.py
[2025-10-15T07:43:17.081+0000] {logging_mixin.py:188} INFO - [2025-10-15T07:43:17.080+0000] {dag.py:3047} INFO - Sync 1 DAGs
[2025-10-15T07:43:17.112+0000] {logging_mixin.py:188} INFO - [2025-10-15T07:43:17.111+0000] {dag.py:3834} INFO - Setting next_dagrun for example_short_circuit_decorator to 2025-10-14 00:00:00+00:00, run_after=2025-10-15 00:00:00+00:00
[2025-10-15T07:43:17.132+0000] {processor.py:183} INFO - Processing /home/airflow/.local/lib/python3.8/site-packages/airflow/example_dags/example_short_circuit_decorator.py took 0.102 seconds
[2025-10-15T07:43:48.066+0000] {processor.py:161} INFO - Started process (PID=371) to work on /home/airflow/.local/lib/python3.8/site-packages/airflow/example_dags/example_short_circuit_decorator.py
[2025-10-15T07:43:48.067+0000] {processor.py:830} INFO - Processing file /home/airflow/.local/lib/python3.8/site-packages/airflow/example_dags/example_short_circuit_decorator.py for tasks to queue
[2025-10-15T07:43:48.069+0000] {logging_mixin.py:188} INFO - [2025-10-15T07:43:48.069+0000] {dagbag.py:540} INFO - Filling up the DagBag from /home/airflow/.local/lib/python3.8/site-packages/airflow/example_dags/example_short_circuit_decorator.py
[2025-10-15T07:43:48.085+0000] {processor.py:840} INFO - DAG(s) 'example_short_circuit_decorator' retrieved from /home/airflow/.local/lib/python3.8/site-packages/airflow/example_dags/example_short_circuit_decorator.py
[2025-10-15T07:43:48.109+0000] {logging_mixin.py:188} INFO - [2025-10-15T07:43:48.108+0000] {dag.py:3047} INFO - Sync 1 DAGs
[2025-10-15T07:43:48.129+0000] {logging_mixin.py:188} INFO - [2025-10-15T07:43:48.129+0000] {dag.py:3834} INFO - Setting next_dagrun for example_short_circuit_decorator to 2025-10-14 00:00:00+00:00, run_after=2025-10-15 00:00:00+00:00
[2025-10-15T07:43:48.153+0000] {processor.py:183} INFO - Processing /home/airflow/.local/lib/python3.8/site-packages/airflow/example_dags/example_short_circuit_decorator.py took 0.089 seconds
[2025-10-15T07:44:18.578+0000] {processor.py:161} INFO - Started process (PID=431) to work on /home/airflow/.local/lib/python3.8/site-packages/airflow/example_dags/example_short_circuit_decorator.py
[2025-10-15T07:44:18.579+0000] {processor.py:830} INFO - Processing file /home/airflow/.local/lib/python3.8/site-packages/airflow/example_dags/example_short_circuit_decorator.py for tasks to queue
[2025-10-15T07:44:18.581+0000] {logging_mixin.py:188} INFO - [2025-10-15T07:44:18.581+0000] {dagbag.py:540} INFO - Filling up the DagBag from /home/airflow/.local/lib/python3.8/site-packages/airflow/example_dags/example_short_circuit_decorator.py
[2025-10-15T07:44:18.588+0000] {processor.py:840} INFO - DAG(s) 'example_short_circuit_decorator' retrieved from /home/airflow/.local/lib/python3.8/site-packages/airflow/example_dags/example_short_circuit_decorator.py
[2025-10-15T07:44:18.608+0000] {logging_mixin.py:188} INFO - [2025-10-15T07:44:18.607+0000] {dag.py:3047} INFO - Sync 1 DAGs
[2025-10-15T07:44:18.626+0000] {logging_mixin.py:188} INFO - [2025-10-15T07:44:18.626+0000] {dag.py:3834} INFO - Setting next_dagrun for example_short_circuit_decorator to 2025-10-14 00:00:00+00:00, run_after=2025-10-15 00:00:00+00:00
[2025-10-15T07:44:18.645+0000] {processor.py:183} INFO - Processing /home/airflow/.local/lib/python3.8/site-packages/airflow/example_dags/example_short_circuit_decorator.py took 0.070 seconds
[2025-10-15T07:44:49.097+0000] {processor.py:161} INFO - Started process (PID=493) to work on /home/airflow/.local/lib/python3.8/site-packages/airflow/example_dags/example_short_circuit_decorator.py
[2025-10-15T07:44:49.098+0000] {processor.py:830} INFO - Processing file /home/airflow/.local/lib/python3.8/site-packages/airflow/example_dags/example_short_circuit_decorator.py for tasks to queue
[2025-10-15T07:44:49.099+0000] {logging_mixin.py:188} INFO - [2025-10-15T07:44:49.099+0000] {dagbag.py:540} INFO - Filling up the DagBag from /home/airflow/.local/lib/python3.8/site-packages/airflow/example_dags/example_short_circuit_decorator.py
[2025-10-15T07:44:49.107+0000] {processor.py:840} INFO - DAG(s) 'example_short_circuit_decorator' retrieved from /home/airflow/.local/lib/python3.8/site-packages/airflow/example_dags/example_short_circuit_decorator.py
[2025-10-15T07:44:49.127+0000] {logging_mixin.py:188} INFO - [2025-10-15T07:44:49.127+0000] {dag.py:3047} INFO - Sync 1 DAGs
[2025-10-15T07:44:49.147+0000] {logging_mixin.py:188} INFO - [2025-10-15T07:44:49.146+0000] {dag.py:3834} INFO - Setting next_dagrun for example_short_circuit_decorator to 2025-10-14 00:00:00+00:00, run_after=2025-10-15 00:00:00+00:00
[2025-10-15T07:44:49.166+0000] {processor.py:183} INFO - Processing /home/airflow/.local/lib/python3.8/site-packages/airflow/example_dags/example_short_circuit_decorator.py took 0.071 seconds
[2025-10-15T07:45:19.289+0000] {processor.py:161} INFO - Started process (PID=553) to work on /home/airflow/.local/lib/python3.8/site-packages/airflow/example_dags/example_short_circuit_decorator.py
[2025-10-15T07:45:19.290+0000] {processor.py:830} INFO - Processing file /home/airflow/.local/lib/python3.8/site-packages/airflow/example_dags/example_short_circuit_decorator.py for tasks to queue
[2025-10-15T07:45:19.292+0000] {logging_mixin.py:188} INFO - [2025-10-15T07:45:19.292+0000] {dagbag.py:540} INFO - Filling up the DagBag from /home/airflow/.local/lib/python3.8/site-packages/airflow/example_dags/example_short_circuit_decorator.py
[2025-10-15T07:45:19.300+0000] {processor.py:840} INFO - DAG(s) 'example_short_circuit_decorator' retrieved from /home/airflow/.local/lib/python3.8/site-packages/airflow/example_dags/example_short_circuit_decorator.py
[2025-10-15T07:45:19.319+0000] {logging_mixin.py:188} INFO - [2025-10-15T07:45:19.319+0000] {dag.py:3047} INFO - Sync 1 DAGs
[2025-10-15T07:45:19.339+0000] {logging_mixin.py:188} INFO - [2025-10-15T07:45:19.339+0000] {dag.py:3834} INFO - Setting next_dagrun for example_short_circuit_decorator to 2025-10-14 00:00:00+00:00, run_after=2025-10-15 00:00:00+00:00
[2025-10-15T07:45:19.356+0000] {processor.py:183} INFO - Processing /home/airflow/.local/lib/python3.8/site-packages/airflow/example_dags/example_short_circuit_decorator.py took 0.069 seconds
[2025-10-15T07:45:49.470+0000] {processor.py:161} INFO - Started process (PID=613) to work on /home/airflow/.local/lib/python3.8/site-packages/airflow/example_dags/example_short_circuit_decorator.py
[2025-10-15T07:45:49.471+0000] {processor.py:830} INFO - Processing file /home/airflow/.local/lib/python3.8/site-packages/airflow/example_dags/example_short_circuit_decorator.py for tasks to queue
[2025-10-15T07:45:49.473+0000] {logging_mixin.py:188} INFO - [2025-10-15T07:45:49.473+0000] {dagbag.py:540} INFO - Filling up the DagBag from /home/airflow/.local/lib/python3.8/site-packages/airflow/example_dags/example_short_circuit_decorator.py
[2025-10-15T07:45:49.480+0000] {processor.py:840} INFO - DAG(s) 'example_short_circuit_decorator' retrieved from /home/airflow/.local/lib/python3.8/site-packages/airflow/example_dags/example_short_circuit_decorator.py
[2025-10-15T07:45:49.500+0000] {logging_mixin.py:188} INFO - [2025-10-15T07:45:49.500+0000] {dag.py:3047} INFO - Sync 1 DAGs
[2025-10-15T07:45:49.521+0000] {logging_mixin.py:188} INFO - [2025-10-15T07:45:49.520+0000] {dag.py:3834} INFO - Setting next_dagrun for example_short_circuit_decorator to 2025-10-14 00:00:00+00:00, run_after=2025-10-15 00:00:00+00:00
[2025-10-15T07:45:49.539+0000] {processor.py:183} INFO - Processing /home/airflow/.local/lib/python3.8/site-packages/airflow/example_dags/example_short_circuit_decorator.py took 0.071 seconds
[2025-10-15T07:46:20.214+0000] {processor.py:161} INFO - Started process (PID=673) to work on /home/airflow/.local/lib/python3.8/site-packages/airflow/example_dags/example_short_circuit_decorator.py
[2025-10-15T07:46:20.215+0000] {processor.py:830} INFO - Processing file /home/airflow/.local/lib/python3.8/site-packages/airflow/example_dags/example_short_circuit_decorator.py for tasks to queue
[2025-10-15T07:46:20.216+0000] {logging_mixin.py:188} INFO - [2025-10-15T07:46:20.216+0000] {dagbag.py:540} INFO - Filling up the DagBag from /home/airflow/.local/lib/python3.8/site-packages/airflow/example_dags/example_short_circuit_decorator.py
[2025-10-15T07:46:20.224+0000] {processor.py:840} INFO - DAG(s) 'example_short_circuit_decorator' retrieved from /home/airflow/.local/lib/python3.8/site-packages/airflow/example_dags/example_short_circuit_decorator.py
[2025-10-15T07:46:20.244+0000] {logging_mixin.py:188} INFO - [2025-10-15T07:46:20.243+0000] {dag.py:3047} INFO - Sync 1 DAGs
[2025-10-15T07:46:20.263+0000] {logging_mixin.py:188} INFO - [2025-10-15T07:46:20.263+0000] {dag.py:3834} INFO - Setting next_dagrun for example_short_circuit_decorator to 2025-10-14 00:00:00+00:00, run_after=2025-10-15 00:00:00+00:00
[2025-10-15T07:46:20.281+0000] {processor.py:183} INFO - Processing /home/airflow/.local/lib/python3.8/site-packages/airflow/example_dags/example_short_circuit_decorator.py took 0.070 seconds
[2025-10-15T07:46:50.917+0000] {processor.py:161} INFO - Started process (PID=733) to work on /home/airflow/.local/lib/python3.8/site-packages/airflow/example_dags/example_short_circuit_decorator.py
[2025-10-15T07:46:50.918+0000] {processor.py:830} INFO - Processing file /home/airflow/.local/lib/python3.8/site-packages/airflow/example_dags/example_short_circuit_decorator.py for tasks to queue
[2025-10-15T07:46:50.919+0000] {logging_mixin.py:188} INFO - [2025-10-15T07:46:50.919+0000] {dagbag.py:540} INFO - Filling up the DagBag from /home/airflow/.local/lib/python3.8/site-packages/airflow/example_dags/example_short_circuit_decorator.py
[2025-10-15T07:46:50.927+0000] {processor.py:840} INFO - DAG(s) 'example_short_circuit_decorator' retrieved from /home/airflow/.local/lib/python3.8/site-packages/airflow/example_dags/example_short_circuit_decorator.py
[2025-10-15T07:46:50.947+0000] {logging_mixin.py:188} INFO - [2025-10-15T07:46:50.947+0000] {dag.py:3047} INFO - Sync 1 DAGs
[2025-10-15T07:46:50.968+0000] {logging_mixin.py:188} INFO - [2025-10-15T07:46:50.967+0000] {dag.py:3834} INFO - Setting next_dagrun for example_short_circuit_decorator to 2025-10-14 00:00:00+00:00, run_after=2025-10-15 00:00:00+00:00
[2025-10-15T07:46:50.986+0000] {processor.py:183} INFO - Processing /home/airflow/.local/lib/python3.8/site-packages/airflow/example_dags/example_short_circuit_decorator.py took 0.071 seconds
[2025-10-15T07:47:21.930+0000] {processor.py:161} INFO - Started process (PID=793) to work on /home/airflow/.local/lib/python3.8/site-packages/airflow/example_dags/example_short_circuit_decorator.py
[2025-10-15T07:47:21.931+0000] {processor.py:830} INFO - Processing file /home/airflow/.local/lib/python3.8/site-packages/airflow/example_dags/example_short_circuit_decorator.py for tasks to queue
[2025-10-15T07:47:21.933+0000] {logging_mixin.py:188} INFO - [2025-10-15T07:47:21.932+0000] {dagbag.py:540} INFO - Filling up the DagBag from /home/airflow/.local/lib/python3.8/site-packages/airflow/example_dags/example_short_circuit_decorator.py
[2025-10-15T07:47:21.941+0000] {processor.py:840} INFO - DAG(s) 'example_short_circuit_decorator' retrieved from /home/airflow/.local/lib/python3.8/site-packages/airflow/example_dags/example_short_circuit_decorator.py
[2025-10-15T07:47:21.960+0000] {logging_mixin.py:188} INFO - [2025-10-15T07:47:21.959+0000] {dag.py:3047} INFO - Sync 1 DAGs
[2025-10-15T07:47:21.978+0000] {logging_mixin.py:188} INFO - [2025-10-15T07:47:21.977+0000] {dag.py:3834} INFO - Setting next_dagrun for example_short_circuit_decorator to 2025-10-14 00:00:00+00:00, run_after=2025-10-15 00:00:00+00:00
[2025-10-15T07:47:21.995+0000] {processor.py:183} INFO - Processing /home/airflow/.local/lib/python3.8/site-packages/airflow/example_dags/example_short_circuit_decorator.py took 0.068 seconds
[2025-10-15T07:47:52.263+0000] {processor.py:161} INFO - Started process (PID=853) to work on /home/airflow/.local/lib/python3.8/site-packages/airflow/example_dags/example_short_circuit_decorator.py
[2025-10-15T07:47:52.264+0000] {processor.py:830} INFO - Processing file /home/airflow/.local/lib/python3.8/site-packages/airflow/example_dags/example_short_circuit_decorator.py for tasks to queue
[2025-10-15T07:47:52.266+0000] {logging_mixin.py:188} INFO - [2025-10-15T07:47:52.266+0000] {dagbag.py:540} INFO - Filling up the DagBag from /home/airflow/.local/lib/python3.8/site-packages/airflow/example_dags/example_short_circuit_decorator.py
[2025-10-15T07:47:52.275+0000] {processor.py:840} INFO - DAG(s) 'example_short_circuit_decorator' retrieved from /home/airflow/.local/lib/python3.8/site-packages/airflow/example_dags/example_short_circuit_decorator.py
[2025-10-15T07:47:52.295+0000] {logging_mixin.py:188} INFO - [2025-10-15T07:47:52.295+0000] {dag.py:3047} INFO - Sync 1 DAGs
[2025-10-15T07:47:52.315+0000] {logging_mixin.py:188} INFO - [2025-10-15T07:47:52.314+0000] {dag.py:3834} INFO - Setting next_dagrun for example_short_circuit_decorator to 2025-10-14 00:00:00+00:00, run_after=2025-10-15 00:00:00+00:00
[2025-10-15T07:47:52.332+0000] {processor.py:183} INFO - Processing /home/airflow/.local/lib/python3.8/site-packages/airflow/example_dags/example_short_circuit_decorator.py took 0.071 seconds
[2025-10-15T07:48:22.439+0000] {processor.py:161} INFO - Started process (PID=913) to work on /home/airflow/.local/lib/python3.8/site-packages/airflow/example_dags/example_short_circuit_decorator.py
[2025-10-15T07:48:22.440+0000] {processor.py:830} INFO - Processing file /home/airflow/.local/lib/python3.8/site-packages/airflow/example_dags/example_short_circuit_decorator.py for tasks to queue
[2025-10-15T07:48:22.442+0000] {logging_mixin.py:188} INFO - [2025-10-15T07:48:22.441+0000] {dagbag.py:540} INFO - Filling up the DagBag from /home/airflow/.local/lib/python3.8/site-packages/airflow/example_dags/example_short_circuit_decorator.py
[2025-10-15T07:48:22.453+0000] {processor.py:840} INFO - DAG(s) 'example_short_circuit_decorator' retrieved from /home/airflow/.local/lib/python3.8/site-packages/airflow/example_dags/example_short_circuit_decorator.py
[2025-10-15T07:48:22.476+0000] {logging_mixin.py:188} INFO - [2025-10-15T07:48:22.476+0000] {dag.py:3047} INFO - Sync 1 DAGs
[2025-10-15T07:48:22.501+0000] {logging_mixin.py:188} INFO - [2025-10-15T07:48:22.501+0000] {dag.py:3834} INFO - Setting next_dagrun for example_short_circuit_decorator to 2025-10-14 00:00:00+00:00, run_after=2025-10-15 00:00:00+00:00
[2025-10-15T07:48:22.521+0000] {processor.py:183} INFO - Processing /home/airflow/.local/lib/python3.8/site-packages/airflow/example_dags/example_short_circuit_decorator.py took 0.085 seconds
[2025-10-15T07:48:52.724+0000] {processor.py:161} INFO - Started process (PID=974) to work on /home/airflow/.local/lib/python3.8/site-packages/airflow/example_dags/example_short_circuit_decorator.py
[2025-10-15T07:48:52.725+0000] {processor.py:830} INFO - Processing file /home/airflow/.local/lib/python3.8/site-packages/airflow/example_dags/example_short_circuit_decorator.py for tasks to queue
[2025-10-15T07:48:52.727+0000] {logging_mixin.py:188} INFO - [2025-10-15T07:48:52.727+0000] {dagbag.py:540} INFO - Filling up the DagBag from /home/airflow/.local/lib/python3.8/site-packages/airflow/example_dags/example_short_circuit_decorator.py
[2025-10-15T07:48:52.736+0000] {processor.py:840} INFO - DAG(s) 'example_short_circuit_decorator' retrieved from /home/airflow/.local/lib/python3.8/site-packages/airflow/example_dags/example_short_circuit_decorator.py
[2025-10-15T07:48:52.756+0000] {logging_mixin.py:188} INFO - [2025-10-15T07:48:52.756+0000] {dag.py:3047} INFO - Sync 1 DAGs
[2025-10-15T07:48:52.776+0000] {logging_mixin.py:188} INFO - [2025-10-15T07:48:52.776+0000] {dag.py:3834} INFO - Setting next_dagrun for example_short_circuit_decorator to 2025-10-14 00:00:00+00:00, run_after=2025-10-15 00:00:00+00:00
[2025-10-15T07:48:52.794+0000] {processor.py:183} INFO - Processing /home/airflow/.local/lib/python3.8/site-packages/airflow/example_dags/example_short_circuit_decorator.py took 0.073 seconds
[2025-10-15T07:49:23.456+0000] {processor.py:161} INFO - Started process (PID=1035) to work on /home/airflow/.local/lib/python3.8/site-packages/airflow/example_dags/example_short_circuit_decorator.py
[2025-10-15T07:49:23.456+0000] {processor.py:830} INFO - Processing file /home/airflow/.local/lib/python3.8/site-packages/airflow/example_dags/example_short_circuit_decorator.py for tasks to queue
[2025-10-15T07:49:23.458+0000] {logging_mixin.py:188} INFO - [2025-10-15T07:49:23.458+0000] {dagbag.py:540} INFO - Filling up the DagBag from /home/airflow/.local/lib/python3.8/site-packages/airflow/example_dags/example_short_circuit_decorator.py
[2025-10-15T07:49:23.466+0000] {processor.py:840} INFO - DAG(s) 'example_short_circuit_decorator' retrieved from /home/airflow/.local/lib/python3.8/site-packages/airflow/example_dags/example_short_circuit_decorator.py
[2025-10-15T07:49:23.487+0000] {logging_mixin.py:188} INFO - [2025-10-15T07:49:23.486+0000] {dag.py:3047} INFO - Sync 1 DAGs
[2025-10-15T07:49:23.505+0000] {logging_mixin.py:188} INFO - [2025-10-15T07:49:23.505+0000] {dag.py:3834} INFO - Setting next_dagrun for example_short_circuit_decorator to 2025-10-14 00:00:00+00:00, run_after=2025-10-15 00:00:00+00:00
[2025-10-15T07:49:23.523+0000] {processor.py:183} INFO - Processing /home/airflow/.local/lib/python3.8/site-packages/airflow/example_dags/example_short_circuit_decorator.py took 0.070 seconds
[2025-10-15T07:49:54.343+0000] {processor.py:161} INFO - Started process (PID=1095) to work on /home/airflow/.local/lib/python3.8/site-packages/airflow/example_dags/example_short_circuit_decorator.py
[2025-10-15T07:49:54.344+0000] {processor.py:830} INFO - Processing file /home/airflow/.local/lib/python3.8/site-packages/airflow/example_dags/example_short_circuit_decorator.py for tasks to queue
[2025-10-15T07:49:54.346+0000] {logging_mixin.py:188} INFO - [2025-10-15T07:49:54.346+0000] {dagbag.py:540} INFO - Filling up the DagBag from /home/airflow/.local/lib/python3.8/site-packages/airflow/example_dags/example_short_circuit_decorator.py
[2025-10-15T07:49:54.354+0000] {processor.py:840} INFO - DAG(s) 'example_short_circuit_decorator' retrieved from /home/airflow/.local/lib/python3.8/site-packages/airflow/example_dags/example_short_circuit_decorator.py
[2025-10-15T07:49:54.375+0000] {logging_mixin.py:188} INFO - [2025-10-15T07:49:54.374+0000] {dag.py:3047} INFO - Sync 1 DAGs
[2025-10-15T07:49:54.395+0000] {logging_mixin.py:188} INFO - [2025-10-15T07:49:54.395+0000] {dag.py:3834} INFO - Setting next_dagrun for example_short_circuit_decorator to 2025-10-14 00:00:00+00:00, run_after=2025-10-15 00:00:00+00:00
[2025-10-15T07:49:54.412+0000] {processor.py:183} INFO - Processing /home/airflow/.local/lib/python3.8/site-packages/airflow/example_dags/example_short_circuit_decorator.py took 0.072 seconds
[2025-10-15T07:50:25.046+0000] {processor.py:161} INFO - Started process (PID=1155) to work on /home/airflow/.local/lib/python3.8/site-packages/airflow/example_dags/example_short_circuit_decorator.py
[2025-10-15T07:50:25.047+0000] {processor.py:830} INFO - Processing file /home/airflow/.local/lib/python3.8/site-packages/airflow/example_dags/example_short_circuit_decorator.py for tasks to queue
[2025-10-15T07:50:25.049+0000] {logging_mixin.py:188} INFO - [2025-10-15T07:50:25.049+0000] {dagbag.py:540} INFO - Filling up the DagBag from /home/airflow/.local/lib/python3.8/site-packages/airflow/example_dags/example_short_circuit_decorator.py
[2025-10-15T07:50:25.057+0000] {processor.py:840} INFO - DAG(s) 'example_short_circuit_decorator' retrieved from /home/airflow/.local/lib/python3.8/site-packages/airflow/example_dags/example_short_circuit_decorator.py
[2025-10-15T07:50:25.076+0000] {logging_mixin.py:188} INFO - [2025-10-15T07:50:25.076+0000] {dag.py:3047} INFO - Sync 1 DAGs
[2025-10-15T07:50:25.104+0000] {logging_mixin.py:188} INFO - [2025-10-15T07:50:25.104+0000] {dag.py:3834} INFO - Setting next_dagrun for example_short_circuit_decorator to 2025-10-14 00:00:00+00:00, run_after=2025-10-15 00:00:00+00:00
[2025-10-15T07:50:25.120+0000] {processor.py:183} INFO - Processing /home/airflow/.local/lib/python3.8/site-packages/airflow/example_dags/example_short_circuit_decorator.py took 0.077 seconds
[2025-10-15T07:50:56.089+0000] {processor.py:161} INFO - Started process (PID=1218) to work on /home/airflow/.local/lib/python3.8/site-packages/airflow/example_dags/example_short_circuit_decorator.py
[2025-10-15T07:50:56.090+0000] {processor.py:830} INFO - Processing file /home/airflow/.local/lib/python3.8/site-packages/airflow/example_dags/example_short_circuit_decorator.py for tasks to queue
[2025-10-15T07:50:56.092+0000] {logging_mixin.py:188} INFO - [2025-10-15T07:50:56.092+0000] {dagbag.py:540} INFO - Filling up the DagBag from /home/airflow/.local/lib/python3.8/site-packages/airflow/example_dags/example_short_circuit_decorator.py
[2025-10-15T07:50:56.100+0000] {processor.py:840} INFO - DAG(s) 'example_short_circuit_decorator' retrieved from /home/airflow/.local/lib/python3.8/site-packages/airflow/example_dags/example_short_circuit_decorator.py
[2025-10-15T07:50:56.119+0000] {logging_mixin.py:188} INFO - [2025-10-15T07:50:56.119+0000] {dag.py:3047} INFO - Sync 1 DAGs
[2025-10-15T07:50:56.137+0000] {logging_mixin.py:188} INFO - [2025-10-15T07:50:56.137+0000] {dag.py:3834} INFO - Setting next_dagrun for example_short_circuit_decorator to 2025-10-14 00:00:00+00:00, run_after=2025-10-15 00:00:00+00:00
[2025-10-15T07:50:56.153+0000] {processor.py:183} INFO - Processing /home/airflow/.local/lib/python3.8/site-packages/airflow/example_dags/example_short_circuit_decorator.py took 0.066 seconds
[2025-10-15T07:51:26.423+0000] {processor.py:161} INFO - Started process (PID=1280) to work on /home/airflow/.local/lib/python3.8/site-packages/airflow/example_dags/example_short_circuit_decorator.py
[2025-10-15T07:51:26.424+0000] {processor.py:830} INFO - Processing file /home/airflow/.local/lib/python3.8/site-packages/airflow/example_dags/example_short_circuit_decorator.py for tasks to queue
[2025-10-15T07:51:26.426+0000] {logging_mixin.py:188} INFO - [2025-10-15T07:51:26.426+0000] {dagbag.py:540} INFO - Filling up the DagBag from /home/airflow/.local/lib/python3.8/site-packages/airflow/example_dags/example_short_circuit_decorator.py
[2025-10-15T07:51:26.433+0000] {processor.py:840} INFO - DAG(s) 'example_short_circuit_decorator' retrieved from /home/airflow/.local/lib/python3.8/site-packages/airflow/example_dags/example_short_circuit_decorator.py
[2025-10-15T07:51:26.452+0000] {logging_mixin.py:188} INFO - [2025-10-15T07:51:26.452+0000] {dag.py:3047} INFO - Sync 1 DAGs
[2025-10-15T07:51:26.470+0000] {logging_mixin.py:188} INFO - [2025-10-15T07:51:26.470+0000] {dag.py:3834} INFO - Setting next_dagrun for example_short_circuit_decorator to 2025-10-14 00:00:00+00:00, run_after=2025-10-15 00:00:00+00:00
[2025-10-15T07:51:26.486+0000] {processor.py:183} INFO - Processing /home/airflow/.local/lib/python3.8/site-packages/airflow/example_dags/example_short_circuit_decorator.py took 0.066 seconds
[2025-10-15T07:51:56.910+0000] {processor.py:161} INFO - Started process (PID=1342) to work on /home/airflow/.local/lib/python3.8/site-packages/airflow/example_dags/example_short_circuit_decorator.py
[2025-10-15T07:51:56.911+0000] {processor.py:830} INFO - Processing file /home/airflow/.local/lib/python3.8/site-packages/airflow/example_dags/example_short_circuit_decorator.py for tasks to queue
[2025-10-15T07:51:56.912+0000] {logging_mixin.py:188} INFO - [2025-10-15T07:51:56.912+0000] {dagbag.py:540} INFO - Filling up the DagBag from /home/airflow/.local/lib/python3.8/site-packages/airflow/example_dags/example_short_circuit_decorator.py
[2025-10-15T07:51:56.920+0000] {processor.py:840} INFO - DAG(s) 'example_short_circuit_decorator' retrieved from /home/airflow/.local/lib/python3.8/site-packages/airflow/example_dags/example_short_circuit_decorator.py
[2025-10-15T07:51:56.938+0000] {logging_mixin.py:188} INFO - [2025-10-15T07:51:56.938+0000] {dag.py:3047} INFO - Sync 1 DAGs
[2025-10-15T07:51:56.958+0000] {logging_mixin.py:188} INFO - [2025-10-15T07:51:56.958+0000] {dag.py:3834} INFO - Setting next_dagrun for example_short_circuit_decorator to 2025-10-14 00:00:00+00:00, run_after=2025-10-15 00:00:00+00:00
[2025-10-15T07:51:56.975+0000] {processor.py:183} INFO - Processing /home/airflow/.local/lib/python3.8/site-packages/airflow/example_dags/example_short_circuit_decorator.py took 0.067 seconds
[2025-10-15T07:52:27.169+0000] {processor.py:161} INFO - Started process (PID=1403) to work on /home/airflow/.local/lib/python3.8/site-packages/airflow/example_dags/example_short_circuit_decorator.py
[2025-10-15T07:52:27.170+0000] {processor.py:830} INFO - Processing file /home/airflow/.local/lib/python3.8/site-packages/airflow/example_dags/example_short_circuit_decorator.py for tasks to queue
[2025-10-15T07:52:27.172+0000] {logging_mixin.py:188} INFO - [2025-10-15T07:52:27.171+0000] {dagbag.py:540} INFO - Filling up the DagBag from /home/airflow/.local/lib/python3.8/site-packages/airflow/example_dags/example_short_circuit_decorator.py
[2025-10-15T07:52:27.179+0000] {processor.py:840} INFO - DAG(s) 'example_short_circuit_decorator' retrieved from /home/airflow/.local/lib/python3.8/site-packages/airflow/example_dags/example_short_circuit_decorator.py
[2025-10-15T07:52:27.198+0000] {logging_mixin.py:188} INFO - [2025-10-15T07:52:27.198+0000] {dag.py:3047} INFO - Sync 1 DAGs
[2025-10-15T07:52:27.217+0000] {logging_mixin.py:188} INFO - [2025-10-15T07:52:27.216+0000] {dag.py:3834} INFO - Setting next_dagrun for example_short_circuit_decorator to 2025-10-14 00:00:00+00:00, run_after=2025-10-15 00:00:00+00:00
[2025-10-15T07:52:27.233+0000] {processor.py:183} INFO - Processing /home/airflow/.local/lib/python3.8/site-packages/airflow/example_dags/example_short_circuit_decorator.py took 0.067 seconds
[2025-10-15T07:52:58.147+0000] {processor.py:161} INFO - Started process (PID=1464) to work on /home/airflow/.local/lib/python3.8/site-packages/airflow/example_dags/example_short_circuit_decorator.py
[2025-10-15T07:52:58.148+0000] {processor.py:830} INFO - Processing file /home/airflow/.local/lib/python3.8/site-packages/airflow/example_dags/example_short_circuit_decorator.py for tasks to queue
[2025-10-15T07:52:58.150+0000] {logging_mixin.py:188} INFO - [2025-10-15T07:52:58.149+0000] {dagbag.py:540} INFO - Filling up the DagBag from /home/airflow/.local/lib/python3.8/site-packages/airflow/example_dags/example_short_circuit_decorator.py
[2025-10-15T07:52:58.157+0000] {processor.py:840} INFO - DAG(s) 'example_short_circuit_decorator' retrieved from /home/airflow/.local/lib/python3.8/site-packages/airflow/example_dags/example_short_circuit_decorator.py
[2025-10-15T07:52:58.176+0000] {logging_mixin.py:188} INFO - [2025-10-15T07:52:58.176+0000] {dag.py:3047} INFO - Sync 1 DAGs
[2025-10-15T07:52:58.195+0000] {logging_mixin.py:188} INFO - [2025-10-15T07:52:58.194+0000] {dag.py:3834} INFO - Setting next_dagrun for example_short_circuit_decorator to 2025-10-14 00:00:00+00:00, run_after=2025-10-15 00:00:00+00:00
[2025-10-15T07:52:58.211+0000] {processor.py:183} INFO - Processing /home/airflow/.local/lib/python3.8/site-packages/airflow/example_dags/example_short_circuit_decorator.py took 0.066 seconds
[2025-10-15T07:53:28.302+0000] {processor.py:161} INFO - Started process (PID=1525) to work on /home/airflow/.local/lib/python3.8/site-packages/airflow/example_dags/example_short_circuit_decorator.py
[2025-10-15T07:53:28.303+0000] {processor.py:830} INFO - Processing file /home/airflow/.local/lib/python3.8/site-packages/airflow/example_dags/example_short_circuit_decorator.py for tasks to queue
[2025-10-15T07:53:28.304+0000] {logging_mixin.py:188} INFO - [2025-10-15T07:53:28.304+0000] {dagbag.py:540} INFO - Filling up the DagBag from /home/airflow/.local/lib/python3.8/site-packages/airflow/example_dags/example_short_circuit_decorator.py
[2025-10-15T07:53:28.312+0000] {processor.py:840} INFO - DAG(s) 'example_short_circuit_decorator' retrieved from /home/airflow/.local/lib/python3.8/site-packages/airflow/example_dags/example_short_circuit_decorator.py
[2025-10-15T07:53:28.331+0000] {logging_mixin.py:188} INFO - [2025-10-15T07:53:28.331+0000] {dag.py:3047} INFO - Sync 1 DAGs
[2025-10-15T07:53:28.350+0000] {logging_mixin.py:188} INFO - [2025-10-15T07:53:28.350+0000] {dag.py:3834} INFO - Setting next_dagrun for example_short_circuit_decorator to 2025-10-14 00:00:00+00:00, run_after=2025-10-15 00:00:00+00:00
[2025-10-15T07:53:28.367+0000] {processor.py:183} INFO - Processing /home/airflow/.local/lib/python3.8/site-packages/airflow/example_dags/example_short_circuit_decorator.py took 0.068 seconds
[2025-10-15T07:53:58.909+0000] {processor.py:161} INFO - Started process (PID=1586) to work on /home/airflow/.local/lib/python3.8/site-packages/airflow/example_dags/example_short_circuit_decorator.py
[2025-10-15T07:53:58.910+0000] {processor.py:830} INFO - Processing file /home/airflow/.local/lib/python3.8/site-packages/airflow/example_dags/example_short_circuit_decorator.py for tasks to queue
[2025-10-15T07:53:58.912+0000] {logging_mixin.py:188} INFO - [2025-10-15T07:53:58.912+0000] {dagbag.py:540} INFO - Filling up the DagBag from /home/airflow/.local/lib/python3.8/site-packages/airflow/example_dags/example_short_circuit_decorator.py
[2025-10-15T07:53:58.919+0000] {processor.py:840} INFO - DAG(s) 'example_short_circuit_decorator' retrieved from /home/airflow/.local/lib/python3.8/site-packages/airflow/example_dags/example_short_circuit_decorator.py
[2025-10-15T07:53:58.939+0000] {logging_mixin.py:188} INFO - [2025-10-15T07:53:58.938+0000] {dag.py:3047} INFO - Sync 1 DAGs
[2025-10-15T07:53:58.958+0000] {logging_mixin.py:188} INFO - [2025-10-15T07:53:58.958+0000] {dag.py:3834} INFO - Setting next_dagrun for example_short_circuit_decorator to 2025-10-14 00:00:00+00:00, run_after=2025-10-15 00:00:00+00:00
[2025-10-15T07:53:58.976+0000] {processor.py:183} INFO - Processing /home/airflow/.local/lib/python3.8/site-packages/airflow/example_dags/example_short_circuit_decorator.py took 0.070 seconds
[2025-10-15T07:54:29.950+0000] {processor.py:161} INFO - Started process (PID=1646) to work on /home/airflow/.local/lib/python3.8/site-packages/airflow/example_dags/example_short_circuit_decorator.py
[2025-10-15T07:54:29.951+0000] {processor.py:830} INFO - Processing file /home/airflow/.local/lib/python3.8/site-packages/airflow/example_dags/example_short_circuit_decorator.py for tasks to queue
[2025-10-15T07:54:29.953+0000] {logging_mixin.py:188} INFO - [2025-10-15T07:54:29.953+0000] {dagbag.py:540} INFO - Filling up the DagBag from /home/airflow/.local/lib/python3.8/site-packages/airflow/example_dags/example_short_circuit_decorator.py
[2025-10-15T07:54:29.964+0000] {processor.py:840} INFO - DAG(s) 'example_short_circuit_decorator' retrieved from /home/airflow/.local/lib/python3.8/site-packages/airflow/example_dags/example_short_circuit_decorator.py
[2025-10-15T07:54:29.996+0000] {logging_mixin.py:188} INFO - [2025-10-15T07:54:29.995+0000] {dag.py:3047} INFO - Sync 1 DAGs
[2025-10-15T07:54:30.023+0000] {logging_mixin.py:188} INFO - [2025-10-15T07:54:30.023+0000] {dag.py:3834} INFO - Setting next_dagrun for example_short_circuit_decorator to 2025-10-14 00:00:00+00:00, run_after=2025-10-15 00:00:00+00:00
[2025-10-15T07:54:30.048+0000] {processor.py:183} INFO - Processing /home/airflow/.local/lib/python3.8/site-packages/airflow/example_dags/example_short_circuit_decorator.py took 0.101 seconds
[2025-10-15T07:55:00.375+0000] {processor.py:161} INFO - Started process (PID=1706) to work on /home/airflow/.local/lib/python3.8/site-packages/airflow/example_dags/example_short_circuit_decorator.py
[2025-10-15T07:55:00.376+0000] {processor.py:830} INFO - Processing file /home/airflow/.local/lib/python3.8/site-packages/airflow/example_dags/example_short_circuit_decorator.py for tasks to queue
[2025-10-15T07:55:00.378+0000] {logging_mixin.py:188} INFO - [2025-10-15T07:55:00.378+0000] {dagbag.py:540} INFO - Filling up the DagBag from /home/airflow/.local/lib/python3.8/site-packages/airflow/example_dags/example_short_circuit_decorator.py
[2025-10-15T07:55:00.385+0000] {processor.py:840} INFO - DAG(s) 'example_short_circuit_decorator' retrieved from /home/airflow/.local/lib/python3.8/site-packages/airflow/example_dags/example_short_circuit_decorator.py
[2025-10-15T07:55:00.405+0000] {logging_mixin.py:188} INFO - [2025-10-15T07:55:00.404+0000] {dag.py:3047} INFO - Sync 1 DAGs
[2025-10-15T07:55:00.423+0000] {logging_mixin.py:188} INFO - [2025-10-15T07:55:00.423+0000] {dag.py:3834} INFO - Setting next_dagrun for example_short_circuit_decorator to 2025-10-14 00:00:00+00:00, run_after=2025-10-15 00:00:00+00:00
[2025-10-15T07:55:00.441+0000] {processor.py:183} INFO - Processing /home/airflow/.local/lib/python3.8/site-packages/airflow/example_dags/example_short_circuit_decorator.py took 0.068 seconds
[2025-10-15T07:55:30.756+0000] {processor.py:161} INFO - Started process (PID=1768) to work on /home/airflow/.local/lib/python3.8/site-packages/airflow/example_dags/example_short_circuit_decorator.py
[2025-10-15T07:55:30.758+0000] {processor.py:830} INFO - Processing file /home/airflow/.local/lib/python3.8/site-packages/airflow/example_dags/example_short_circuit_decorator.py for tasks to queue
[2025-10-15T07:55:30.759+0000] {logging_mixin.py:188} INFO - [2025-10-15T07:55:30.759+0000] {dagbag.py:540} INFO - Filling up the DagBag from /home/airflow/.local/lib/python3.8/site-packages/airflow/example_dags/example_short_circuit_decorator.py
[2025-10-15T07:55:30.767+0000] {processor.py:840} INFO - DAG(s) 'example_short_circuit_decorator' retrieved from /home/airflow/.local/lib/python3.8/site-packages/airflow/example_dags/example_short_circuit_decorator.py
[2025-10-15T07:55:30.786+0000] {logging_mixin.py:188} INFO - [2025-10-15T07:55:30.786+0000] {dag.py:3047} INFO - Sync 1 DAGs
[2025-10-15T07:55:30.805+0000] {logging_mixin.py:188} INFO - [2025-10-15T07:55:30.805+0000] {dag.py:3834} INFO - Setting next_dagrun for example_short_circuit_decorator to 2025-10-14 00:00:00+00:00, run_after=2025-10-15 00:00:00+00:00
[2025-10-15T07:55:30.822+0000] {processor.py:183} INFO - Processing /home/airflow/.local/lib/python3.8/site-packages/airflow/example_dags/example_short_circuit_decorator.py took 0.068 seconds
[2025-10-15T07:56:01.182+0000] {processor.py:161} INFO - Started process (PID=1829) to work on /home/airflow/.local/lib/python3.8/site-packages/airflow/example_dags/example_short_circuit_decorator.py
[2025-10-15T07:56:01.183+0000] {processor.py:830} INFO - Processing file /home/airflow/.local/lib/python3.8/site-packages/airflow/example_dags/example_short_circuit_decorator.py for tasks to queue
[2025-10-15T07:56:01.184+0000] {logging_mixin.py:188} INFO - [2025-10-15T07:56:01.184+0000] {dagbag.py:540} INFO - Filling up the DagBag from /home/airflow/.local/lib/python3.8/site-packages/airflow/example_dags/example_short_circuit_decorator.py
[2025-10-15T07:56:01.192+0000] {processor.py:840} INFO - DAG(s) 'example_short_circuit_decorator' retrieved from /home/airflow/.local/lib/python3.8/site-packages/airflow/example_dags/example_short_circuit_decorator.py
[2025-10-15T07:56:01.211+0000] {logging_mixin.py:188} INFO - [2025-10-15T07:56:01.210+0000] {dag.py:3047} INFO - Sync 1 DAGs
[2025-10-15T07:56:01.229+0000] {logging_mixin.py:188} INFO - [2025-10-15T07:56:01.228+0000] {dag.py:3834} INFO - Setting next_dagrun for example_short_circuit_decorator to 2025-10-14 00:00:00+00:00, run_after=2025-10-15 00:00:00+00:00
[2025-10-15T07:56:01.245+0000] {processor.py:183} INFO - Processing /home/airflow/.local/lib/python3.8/site-packages/airflow/example_dags/example_short_circuit_decorator.py took 0.066 seconds
[2025-10-15T07:56:31.507+0000] {processor.py:161} INFO - Started process (PID=1889) to work on /home/airflow/.local/lib/python3.8/site-packages/airflow/example_dags/example_short_circuit_decorator.py
[2025-10-15T07:56:31.508+0000] {processor.py:830} INFO - Processing file /home/airflow/.local/lib/python3.8/site-packages/airflow/example_dags/example_short_circuit_decorator.py for tasks to queue
[2025-10-15T07:56:31.510+0000] {logging_mixin.py:188} INFO - [2025-10-15T07:56:31.509+0000] {dagbag.py:540} INFO - Filling up the DagBag from /home/airflow/.local/lib/python3.8/site-packages/airflow/example_dags/example_short_circuit_decorator.py
[2025-10-15T07:56:31.517+0000] {processor.py:840} INFO - DAG(s) 'example_short_circuit_decorator' retrieved from /home/airflow/.local/lib/python3.8/site-packages/airflow/example_dags/example_short_circuit_decorator.py
[2025-10-15T07:56:31.536+0000] {logging_mixin.py:188} INFO - [2025-10-15T07:56:31.536+0000] {dag.py:3047} INFO - Sync 1 DAGs
[2025-10-15T07:56:31.555+0000] {logging_mixin.py:188} INFO - [2025-10-15T07:56:31.555+0000] {dag.py:3834} INFO - Setting next_dagrun for example_short_circuit_decorator to 2025-10-14 00:00:00+00:00, run_after=2025-10-15 00:00:00+00:00
[2025-10-15T07:56:31.571+0000] {processor.py:183} INFO - Processing /home/airflow/.local/lib/python3.8/site-packages/airflow/example_dags/example_short_circuit_decorator.py took 0.066 seconds
[2025-10-15T07:57:01.787+0000] {processor.py:161} INFO - Started process (PID=1949) to work on /home/airflow/.local/lib/python3.8/site-packages/airflow/example_dags/example_short_circuit_decorator.py
[2025-10-15T07:57:01.788+0000] {processor.py:830} INFO - Processing file /home/airflow/.local/lib/python3.8/site-packages/airflow/example_dags/example_short_circuit_decorator.py for tasks to queue
[2025-10-15T07:57:01.790+0000] {logging_mixin.py:188} INFO - [2025-10-15T07:57:01.789+0000] {dagbag.py:540} INFO - Filling up the DagBag from /home/airflow/.local/lib/python3.8/site-packages/airflow/example_dags/example_short_circuit_decorator.py
[2025-10-15T07:57:01.797+0000] {processor.py:840} INFO - DAG(s) 'example_short_circuit_decorator' retrieved from /home/airflow/.local/lib/python3.8/site-packages/airflow/example_dags/example_short_circuit_decorator.py
[2025-10-15T07:57:01.816+0000] {logging_mixin.py:188} INFO - [2025-10-15T07:57:01.816+0000] {dag.py:3047} INFO - Sync 1 DAGs
[2025-10-15T07:57:01.834+0000] {logging_mixin.py:188} INFO - [2025-10-15T07:57:01.834+0000] {dag.py:3834} INFO - Setting next_dagrun for example_short_circuit_decorator to 2025-10-14 00:00:00+00:00, run_after=2025-10-15 00:00:00+00:00
[2025-10-15T07:57:01.850+0000] {processor.py:183} INFO - Processing /home/airflow/.local/lib/python3.8/site-packages/airflow/example_dags/example_short_circuit_decorator.py took 0.066 seconds
[2025-10-15T07:57:31.940+0000] {processor.py:161} INFO - Started process (PID=2010) to work on /home/airflow/.local/lib/python3.8/site-packages/airflow/example_dags/example_short_circuit_decorator.py
[2025-10-15T07:57:31.941+0000] {processor.py:830} INFO - Processing file /home/airflow/.local/lib/python3.8/site-packages/airflow/example_dags/example_short_circuit_decorator.py for tasks to queue
[2025-10-15T07:57:31.943+0000] {logging_mixin.py:188} INFO - [2025-10-15T07:57:31.942+0000] {dagbag.py:540} INFO - Filling up the DagBag from /home/airflow/.local/lib/python3.8/site-packages/airflow/example_dags/example_short_circuit_decorator.py
[2025-10-15T07:57:31.951+0000] {processor.py:840} INFO - DAG(s) 'example_short_circuit_decorator' retrieved from /home/airflow/.local/lib/python3.8/site-packages/airflow/example_dags/example_short_circuit_decorator.py
[2025-10-15T07:57:31.971+0000] {logging_mixin.py:188} INFO - [2025-10-15T07:57:31.971+0000] {dag.py:3047} INFO - Sync 1 DAGs
[2025-10-15T07:57:31.990+0000] {logging_mixin.py:188} INFO - [2025-10-15T07:57:31.990+0000] {dag.py:3834} INFO - Setting next_dagrun for example_short_circuit_decorator to 2025-10-14 00:00:00+00:00, run_after=2025-10-15 00:00:00+00:00
[2025-10-15T07:57:32.006+0000] {processor.py:183} INFO - Processing /home/airflow/.local/lib/python3.8/site-packages/airflow/example_dags/example_short_circuit_decorator.py took 0.069 seconds
[2025-10-15T07:58:02.715+0000] {processor.py:161} INFO - Started process (PID=2071) to work on /home/airflow/.local/lib/python3.8/site-packages/airflow/example_dags/example_short_circuit_decorator.py
[2025-10-15T07:58:02.715+0000] {processor.py:830} INFO - Processing file /home/airflow/.local/lib/python3.8/site-packages/airflow/example_dags/example_short_circuit_decorator.py for tasks to queue
[2025-10-15T07:58:02.717+0000] {logging_mixin.py:188} INFO - [2025-10-15T07:58:02.717+0000] {dagbag.py:540} INFO - Filling up the DagBag from /home/airflow/.local/lib/python3.8/site-packages/airflow/example_dags/example_short_circuit_decorator.py
[2025-10-15T07:58:02.724+0000] {processor.py:840} INFO - DAG(s) 'example_short_circuit_decorator' retrieved from /home/airflow/.local/lib/python3.8/site-packages/airflow/example_dags/example_short_circuit_decorator.py
[2025-10-15T07:58:02.743+0000] {logging_mixin.py:188} INFO - [2025-10-15T07:58:02.743+0000] {dag.py:3047} INFO - Sync 1 DAGs
[2025-10-15T07:58:02.761+0000] {logging_mixin.py:188} INFO - [2025-10-15T07:58:02.761+0000] {dag.py:3834} INFO - Setting next_dagrun for example_short_circuit_decorator to 2025-10-14 00:00:00+00:00, run_after=2025-10-15 00:00:00+00:00
[2025-10-15T07:58:02.776+0000] {processor.py:183} INFO - Processing /home/airflow/.local/lib/python3.8/site-packages/airflow/example_dags/example_short_circuit_decorator.py took 0.064 seconds
[2025-10-15T07:58:33.442+0000] {processor.py:161} INFO - Started process (PID=2131) to work on /home/airflow/.local/lib/python3.8/site-packages/airflow/example_dags/example_short_circuit_decorator.py
[2025-10-15T07:58:33.443+0000] {processor.py:830} INFO - Processing file /home/airflow/.local/lib/python3.8/site-packages/airflow/example_dags/example_short_circuit_decorator.py for tasks to queue
[2025-10-15T07:58:33.445+0000] {logging_mixin.py:188} INFO - [2025-10-15T07:58:33.445+0000] {dagbag.py:540} INFO - Filling up the DagBag from /home/airflow/.local/lib/python3.8/site-packages/airflow/example_dags/example_short_circuit_decorator.py
[2025-10-15T07:58:33.454+0000] {processor.py:840} INFO - DAG(s) 'example_short_circuit_decorator' retrieved from /home/airflow/.local/lib/python3.8/site-packages/airflow/example_dags/example_short_circuit_decorator.py
[2025-10-15T07:58:33.480+0000] {logging_mixin.py:188} INFO - [2025-10-15T07:58:33.480+0000] {dag.py:3047} INFO - Sync 1 DAGs
[2025-10-15T07:58:33.500+0000] {logging_mixin.py:188} INFO - [2025-10-15T07:58:33.500+0000] {dag.py:3834} INFO - Setting next_dagrun for example_short_circuit_decorator to 2025-10-14 00:00:00+00:00, run_after=2025-10-15 00:00:00+00:00
[2025-10-15T07:58:33.516+0000] {processor.py:183} INFO - Processing /home/airflow/.local/lib/python3.8/site-packages/airflow/example_dags/example_short_circuit_decorator.py took 0.076 seconds
[2025-10-15T07:59:04.221+0000] {processor.py:161} INFO - Started process (PID=2191) to work on /home/airflow/.local/lib/python3.8/site-packages/airflow/example_dags/example_short_circuit_decorator.py
[2025-10-15T07:59:04.222+0000] {processor.py:830} INFO - Processing file /home/airflow/.local/lib/python3.8/site-packages/airflow/example_dags/example_short_circuit_decorator.py for tasks to queue
[2025-10-15T07:59:04.224+0000] {logging_mixin.py:188} INFO - [2025-10-15T07:59:04.223+0000] {dagbag.py:540} INFO - Filling up the DagBag from /home/airflow/.local/lib/python3.8/site-packages/airflow/example_dags/example_short_circuit_decorator.py
[2025-10-15T07:59:04.232+0000] {processor.py:840} INFO - DAG(s) 'example_short_circuit_decorator' retrieved from /home/airflow/.local/lib/python3.8/site-packages/airflow/example_dags/example_short_circuit_decorator.py
[2025-10-15T07:59:04.251+0000] {logging_mixin.py:188} INFO - [2025-10-15T07:59:04.251+0000] {dag.py:3047} INFO - Sync 1 DAGs
[2025-10-15T07:59:04.269+0000] {logging_mixin.py:188} INFO - [2025-10-15T07:59:04.269+0000] {dag.py:3834} INFO - Setting next_dagrun for example_short_circuit_decorator to 2025-10-14 00:00:00+00:00, run_after=2025-10-15 00:00:00+00:00
[2025-10-15T07:59:04.284+0000] {processor.py:183} INFO - Processing /home/airflow/.local/lib/python3.8/site-packages/airflow/example_dags/example_short_circuit_decorator.py took 0.065 seconds
[2025-10-15T07:59:35.421+0000] {processor.py:161} INFO - Started process (PID=2251) to work on /home/airflow/.local/lib/python3.8/site-packages/airflow/example_dags/example_short_circuit_decorator.py
[2025-10-15T07:59:35.422+0000] {processor.py:830} INFO - Processing file /home/airflow/.local/lib/python3.8/site-packages/airflow/example_dags/example_short_circuit_decorator.py for tasks to queue
[2025-10-15T07:59:35.423+0000] {logging_mixin.py:188} INFO - [2025-10-15T07:59:35.423+0000] {dagbag.py:540} INFO - Filling up the DagBag from /home/airflow/.local/lib/python3.8/site-packages/airflow/example_dags/example_short_circuit_decorator.py
[2025-10-15T07:59:35.431+0000] {processor.py:840} INFO - DAG(s) 'example_short_circuit_decorator' retrieved from /home/airflow/.local/lib/python3.8/site-packages/airflow/example_dags/example_short_circuit_decorator.py
[2025-10-15T07:59:35.451+0000] {logging_mixin.py:188} INFO - [2025-10-15T07:59:35.450+0000] {dag.py:3047} INFO - Sync 1 DAGs
[2025-10-15T07:59:35.469+0000] {logging_mixin.py:188} INFO - [2025-10-15T07:59:35.469+0000] {dag.py:3834} INFO - Setting next_dagrun for example_short_circuit_decorator to 2025-10-14 00:00:00+00:00, run_after=2025-10-15 00:00:00+00:00
[2025-10-15T07:59:35.484+0000] {processor.py:183} INFO - Processing /home/airflow/.local/lib/python3.8/site-packages/airflow/example_dags/example_short_circuit_decorator.py took 0.066 seconds
[2025-10-15T08:00:06.183+0000] {processor.py:161} INFO - Started process (PID=2310) to work on /home/airflow/.local/lib/python3.8/site-packages/airflow/example_dags/example_short_circuit_decorator.py
[2025-10-15T08:00:06.184+0000] {processor.py:830} INFO - Processing file /home/airflow/.local/lib/python3.8/site-packages/airflow/example_dags/example_short_circuit_decorator.py for tasks to queue
[2025-10-15T08:00:06.185+0000] {logging_mixin.py:188} INFO - [2025-10-15T08:00:06.185+0000] {dagbag.py:540} INFO - Filling up the DagBag from /home/airflow/.local/lib/python3.8/site-packages/airflow/example_dags/example_short_circuit_decorator.py
[2025-10-15T08:00:06.194+0000] {processor.py:840} INFO - DAG(s) 'example_short_circuit_decorator' retrieved from /home/airflow/.local/lib/python3.8/site-packages/airflow/example_dags/example_short_circuit_decorator.py
[2025-10-15T08:00:06.213+0000] {logging_mixin.py:188} INFO - [2025-10-15T08:00:06.213+0000] {dag.py:3047} INFO - Sync 1 DAGs
[2025-10-15T08:00:06.234+0000] {logging_mixin.py:188} INFO - [2025-10-15T08:00:06.233+0000] {dag.py:3834} INFO - Setting next_dagrun for example_short_circuit_decorator to 2025-10-14 00:00:00+00:00, run_after=2025-10-15 00:00:00+00:00
[2025-10-15T08:00:06.251+0000] {processor.py:183} INFO - Processing /home/airflow/.local/lib/python3.8/site-packages/airflow/example_dags/example_short_circuit_decorator.py took 0.071 seconds
[2025-10-15T08:00:36.540+0000] {processor.py:161} INFO - Started process (PID=2372) to work on /home/airflow/.local/lib/python3.8/site-packages/airflow/example_dags/example_short_circuit_decorator.py
[2025-10-15T08:00:36.541+0000] {processor.py:830} INFO - Processing file /home/airflow/.local/lib/python3.8/site-packages/airflow/example_dags/example_short_circuit_decorator.py for tasks to queue
[2025-10-15T08:00:36.542+0000] {logging_mixin.py:188} INFO - [2025-10-15T08:00:36.541+0000] {dagbag.py:540} INFO - Filling up the DagBag from /home/airflow/.local/lib/python3.8/site-packages/airflow/example_dags/example_short_circuit_decorator.py
[2025-10-15T08:00:36.550+0000] {processor.py:840} INFO - DAG(s) 'example_short_circuit_decorator' retrieved from /home/airflow/.local/lib/python3.8/site-packages/airflow/example_dags/example_short_circuit_decorator.py
[2025-10-15T08:00:36.569+0000] {logging_mixin.py:188} INFO - [2025-10-15T08:00:36.568+0000] {dag.py:3047} INFO - Sync 1 DAGs
[2025-10-15T08:00:36.587+0000] {logging_mixin.py:188} INFO - [2025-10-15T08:00:36.586+0000] {dag.py:3834} INFO - Setting next_dagrun for example_short_circuit_decorator to 2025-10-14 00:00:00+00:00, run_after=2025-10-15 00:00:00+00:00
[2025-10-15T08:00:36.603+0000] {processor.py:183} INFO - Processing /home/airflow/.local/lib/python3.8/site-packages/airflow/example_dags/example_short_circuit_decorator.py took 0.066 seconds
[2025-10-15T08:01:06.799+0000] {processor.py:161} INFO - Started process (PID=2436) to work on /home/airflow/.local/lib/python3.8/site-packages/airflow/example_dags/example_short_circuit_decorator.py
[2025-10-15T08:01:06.800+0000] {processor.py:830} INFO - Processing file /home/airflow/.local/lib/python3.8/site-packages/airflow/example_dags/example_short_circuit_decorator.py for tasks to queue
[2025-10-15T08:01:06.801+0000] {logging_mixin.py:188} INFO - [2025-10-15T08:01:06.800+0000] {dagbag.py:540} INFO - Filling up the DagBag from /home/airflow/.local/lib/python3.8/site-packages/airflow/example_dags/example_short_circuit_decorator.py
[2025-10-15T08:01:06.809+0000] {processor.py:840} INFO - DAG(s) 'example_short_circuit_decorator' retrieved from /home/airflow/.local/lib/python3.8/site-packages/airflow/example_dags/example_short_circuit_decorator.py
[2025-10-15T08:01:06.829+0000] {logging_mixin.py:188} INFO - [2025-10-15T08:01:06.829+0000] {dag.py:3047} INFO - Sync 1 DAGs
[2025-10-15T08:01:06.849+0000] {logging_mixin.py:188} INFO - [2025-10-15T08:01:06.848+0000] {dag.py:3834} INFO - Setting next_dagrun for example_short_circuit_decorator to 2025-10-14 00:00:00+00:00, run_after=2025-10-15 00:00:00+00:00
[2025-10-15T08:01:06.869+0000] {processor.py:183} INFO - Processing /home/airflow/.local/lib/python3.8/site-packages/airflow/example_dags/example_short_circuit_decorator.py took 0.073 seconds
[2025-10-15T08:01:36.968+0000] {processor.py:161} INFO - Started process (PID=2495) to work on /home/airflow/.local/lib/python3.8/site-packages/airflow/example_dags/example_short_circuit_decorator.py
[2025-10-15T08:01:36.969+0000] {processor.py:830} INFO - Processing file /home/airflow/.local/lib/python3.8/site-packages/airflow/example_dags/example_short_circuit_decorator.py for tasks to queue
[2025-10-15T08:01:36.970+0000] {logging_mixin.py:188} INFO - [2025-10-15T08:01:36.970+0000] {dagbag.py:540} INFO - Filling up the DagBag from /home/airflow/.local/lib/python3.8/site-packages/airflow/example_dags/example_short_circuit_decorator.py
[2025-10-15T08:01:36.978+0000] {processor.py:840} INFO - DAG(s) 'example_short_circuit_decorator' retrieved from /home/airflow/.local/lib/python3.8/site-packages/airflow/example_dags/example_short_circuit_decorator.py
[2025-10-15T08:01:36.997+0000] {logging_mixin.py:188} INFO - [2025-10-15T08:01:36.997+0000] {dag.py:3047} INFO - Sync 1 DAGs
[2025-10-15T08:01:37.016+0000] {logging_mixin.py:188} INFO - [2025-10-15T08:01:37.016+0000] {dag.py:3834} INFO - Setting next_dagrun for example_short_circuit_decorator to 2025-10-14 00:00:00+00:00, run_after=2025-10-15 00:00:00+00:00
[2025-10-15T08:01:37.032+0000] {processor.py:183} INFO - Processing /home/airflow/.local/lib/python3.8/site-packages/airflow/example_dags/example_short_circuit_decorator.py took 0.067 seconds
[2025-10-15T08:02:07.116+0000] {processor.py:161} INFO - Started process (PID=2555) to work on /home/airflow/.local/lib/python3.8/site-packages/airflow/example_dags/example_short_circuit_decorator.py
[2025-10-15T08:02:07.117+0000] {processor.py:830} INFO - Processing file /home/airflow/.local/lib/python3.8/site-packages/airflow/example_dags/example_short_circuit_decorator.py for tasks to queue
[2025-10-15T08:02:07.118+0000] {logging_mixin.py:188} INFO - [2025-10-15T08:02:07.118+0000] {dagbag.py:540} INFO - Filling up the DagBag from /home/airflow/.local/lib/python3.8/site-packages/airflow/example_dags/example_short_circuit_decorator.py
[2025-10-15T08:02:07.126+0000] {processor.py:840} INFO - DAG(s) 'example_short_circuit_decorator' retrieved from /home/airflow/.local/lib/python3.8/site-packages/airflow/example_dags/example_short_circuit_decorator.py
[2025-10-15T08:02:07.145+0000] {logging_mixin.py:188} INFO - [2025-10-15T08:02:07.145+0000] {dag.py:3047} INFO - Sync 1 DAGs
[2025-10-15T08:02:07.163+0000] {logging_mixin.py:188} INFO - [2025-10-15T08:02:07.163+0000] {dag.py:3834} INFO - Setting next_dagrun for example_short_circuit_decorator to 2025-10-14 00:00:00+00:00, run_after=2025-10-15 00:00:00+00:00
[2025-10-15T08:02:07.178+0000] {processor.py:183} INFO - Processing /home/airflow/.local/lib/python3.8/site-packages/airflow/example_dags/example_short_circuit_decorator.py took 0.065 seconds
[2025-10-15T08:02:38.160+0000] {processor.py:161} INFO - Started process (PID=2618) to work on /home/airflow/.local/lib/python3.8/site-packages/airflow/example_dags/example_short_circuit_decorator.py
[2025-10-15T08:02:38.161+0000] {processor.py:830} INFO - Processing file /home/airflow/.local/lib/python3.8/site-packages/airflow/example_dags/example_short_circuit_decorator.py for tasks to queue
[2025-10-15T08:02:38.162+0000] {logging_mixin.py:188} INFO - [2025-10-15T08:02:38.161+0000] {dagbag.py:540} INFO - Filling up the DagBag from /home/airflow/.local/lib/python3.8/site-packages/airflow/example_dags/example_short_circuit_decorator.py
[2025-10-15T08:02:38.170+0000] {processor.py:840} INFO - DAG(s) 'example_short_circuit_decorator' retrieved from /home/airflow/.local/lib/python3.8/site-packages/airflow/example_dags/example_short_circuit_decorator.py
[2025-10-15T08:02:38.189+0000] {logging_mixin.py:188} INFO - [2025-10-15T08:02:38.188+0000] {dag.py:3047} INFO - Sync 1 DAGs
[2025-10-15T08:02:38.206+0000] {logging_mixin.py:188} INFO - [2025-10-15T08:02:38.206+0000] {dag.py:3834} INFO - Setting next_dagrun for example_short_circuit_decorator to 2025-10-14 00:00:00+00:00, run_after=2025-10-15 00:00:00+00:00
[2025-10-15T08:02:38.223+0000] {processor.py:183} INFO - Processing /home/airflow/.local/lib/python3.8/site-packages/airflow/example_dags/example_short_circuit_decorator.py took 0.066 seconds
[2025-10-15T08:03:08.474+0000] {processor.py:161} INFO - Started process (PID=2678) to work on /home/airflow/.local/lib/python3.8/site-packages/airflow/example_dags/example_short_circuit_decorator.py
[2025-10-15T08:03:08.475+0000] {processor.py:830} INFO - Processing file /home/airflow/.local/lib/python3.8/site-packages/airflow/example_dags/example_short_circuit_decorator.py for tasks to queue
[2025-10-15T08:03:08.476+0000] {logging_mixin.py:188} INFO - [2025-10-15T08:03:08.476+0000] {dagbag.py:540} INFO - Filling up the DagBag from /home/airflow/.local/lib/python3.8/site-packages/airflow/example_dags/example_short_circuit_decorator.py
[2025-10-15T08:03:08.484+0000] {processor.py:840} INFO - DAG(s) 'example_short_circuit_decorator' retrieved from /home/airflow/.local/lib/python3.8/site-packages/airflow/example_dags/example_short_circuit_decorator.py
[2025-10-15T08:03:08.503+0000] {logging_mixin.py:188} INFO - [2025-10-15T08:03:08.503+0000] {dag.py:3047} INFO - Sync 1 DAGs
[2025-10-15T08:03:08.522+0000] {logging_mixin.py:188} INFO - [2025-10-15T08:03:08.522+0000] {dag.py:3834} INFO - Setting next_dagrun for example_short_circuit_decorator to 2025-10-14 00:00:00+00:00, run_after=2025-10-15 00:00:00+00:00
[2025-10-15T08:03:08.539+0000] {processor.py:183} INFO - Processing /home/airflow/.local/lib/python3.8/site-packages/airflow/example_dags/example_short_circuit_decorator.py took 0.067 seconds
