[2025-10-15T07:41:42.281+0000] {processor.py:161} INFO - Started process (PID=103) to work on /home/airflow/.local/lib/python3.8/site-packages/airflow/example_dags/example_params_ui_tutorial.py
[2025-10-15T07:41:42.282+0000] {processor.py:830} INFO - Processing file /home/airflow/.local/lib/python3.8/site-packages/airflow/example_dags/example_params_ui_tutorial.py for tasks to queue
[2025-10-15T07:41:42.283+0000] {logging_mixin.py:188} INFO - [2025-10-15T07:41:42.283+0000] {dagbag.py:540} INFO - Filling up the DagBag from /home/airflow/.local/lib/python3.8/site-packages/airflow/example_dags/example_params_ui_tutorial.py
[2025-10-15T07:41:42.295+0000] {processor.py:840} INFO - DAG(s) 'example_params_ui_tutorial' retrieved from /home/airflow/.local/lib/python3.8/site-packages/airflow/example_dags/example_params_ui_tutorial.py
[2025-10-15T07:41:42.433+0000] {logging_mixin.py:188} INFO - [2025-10-15T07:41:42.432+0000] {dag.py:3047} INFO - Sync 1 DAGs
[2025-10-15T07:41:42.443+0000] {logging_mixin.py:188} INFO - [2025-10-15T07:41:42.442+0000] {dag.py:3834} INFO - Setting next_dagrun for example_params_ui_tutorial to None, run_after=None
[2025-10-15T07:41:42.471+0000] {processor.py:183} INFO - Processing /home/airflow/.local/lib/python3.8/site-packages/airflow/example_dags/example_params_ui_tutorial.py took 0.193 seconds
[2025-10-15T07:42:12.581+0000] {processor.py:161} INFO - Started process (PID=164) to work on /home/airflow/.local/lib/python3.8/site-packages/airflow/example_dags/example_params_ui_tutorial.py
[2025-10-15T07:42:12.582+0000] {processor.py:830} INFO - Processing file /home/airflow/.local/lib/python3.8/site-packages/airflow/example_dags/example_params_ui_tutorial.py for tasks to queue
[2025-10-15T07:42:12.585+0000] {logging_mixin.py:188} INFO - [2025-10-15T07:42:12.585+0000] {dagbag.py:540} INFO - Filling up the DagBag from /home/airflow/.local/lib/python3.8/site-packages/airflow/example_dags/example_params_ui_tutorial.py
[2025-10-15T07:42:12.597+0000] {processor.py:840} INFO - DAG(s) 'example_params_ui_tutorial' retrieved from /home/airflow/.local/lib/python3.8/site-packages/airflow/example_dags/example_params_ui_tutorial.py
[2025-10-15T07:42:12.653+0000] {logging_mixin.py:188} INFO - [2025-10-15T07:42:12.653+0000] {dag.py:3047} INFO - Sync 1 DAGs
[2025-10-15T07:42:12.664+0000] {logging_mixin.py:188} INFO - [2025-10-15T07:42:12.664+0000] {dag.py:3834} INFO - Setting next_dagrun for example_params_ui_tutorial to None, run_after=None
[2025-10-15T07:42:12.680+0000] {processor.py:183} INFO - Processing /home/airflow/.local/lib/python3.8/site-packages/airflow/example_dags/example_params_ui_tutorial.py took 0.102 seconds
[2025-10-15T07:42:43.032+0000] {processor.py:161} INFO - Started process (PID=224) to work on /home/airflow/.local/lib/python3.8/site-packages/airflow/example_dags/example_params_ui_tutorial.py
[2025-10-15T07:42:43.033+0000] {processor.py:830} INFO - Processing file /home/airflow/.local/lib/python3.8/site-packages/airflow/example_dags/example_params_ui_tutorial.py for tasks to queue
[2025-10-15T07:42:43.035+0000] {logging_mixin.py:188} INFO - [2025-10-15T07:42:43.034+0000] {dagbag.py:540} INFO - Filling up the DagBag from /home/airflow/.local/lib/python3.8/site-packages/airflow/example_dags/example_params_ui_tutorial.py
[2025-10-15T07:42:43.044+0000] {processor.py:840} INFO - DAG(s) 'example_params_ui_tutorial' retrieved from /home/airflow/.local/lib/python3.8/site-packages/airflow/example_dags/example_params_ui_tutorial.py
[2025-10-15T07:42:43.097+0000] {logging_mixin.py:188} INFO - [2025-10-15T07:42:43.097+0000] {dag.py:3047} INFO - Sync 1 DAGs
[2025-10-15T07:42:43.107+0000] {logging_mixin.py:188} INFO - [2025-10-15T07:42:43.107+0000] {dag.py:3834} INFO - Setting next_dagrun for example_params_ui_tutorial to None, run_after=None
[2025-10-15T07:42:43.125+0000] {processor.py:183} INFO - Processing /home/airflow/.local/lib/python3.8/site-packages/airflow/example_dags/example_params_ui_tutorial.py took 0.095 seconds
[2025-10-15T07:43:14.380+0000] {processor.py:161} INFO - Started process (PID=284) to work on /home/airflow/.local/lib/python3.8/site-packages/airflow/example_dags/example_params_ui_tutorial.py
[2025-10-15T07:43:14.381+0000] {processor.py:830} INFO - Processing file /home/airflow/.local/lib/python3.8/site-packages/airflow/example_dags/example_params_ui_tutorial.py for tasks to queue
[2025-10-15T07:43:14.382+0000] {logging_mixin.py:188} INFO - [2025-10-15T07:43:14.382+0000] {dagbag.py:540} INFO - Filling up the DagBag from /home/airflow/.local/lib/python3.8/site-packages/airflow/example_dags/example_params_ui_tutorial.py
[2025-10-15T07:43:14.396+0000] {processor.py:840} INFO - DAG(s) 'example_params_ui_tutorial' retrieved from /home/airflow/.local/lib/python3.8/site-packages/airflow/example_dags/example_params_ui_tutorial.py
[2025-10-15T07:43:14.458+0000] {logging_mixin.py:188} INFO - [2025-10-15T07:43:14.458+0000] {dag.py:3047} INFO - Sync 1 DAGs
[2025-10-15T07:43:14.469+0000] {logging_mixin.py:188} INFO - [2025-10-15T07:43:14.469+0000] {dag.py:3834} INFO - Setting next_dagrun for example_params_ui_tutorial to None, run_after=None
[2025-10-15T07:43:14.486+0000] {processor.py:183} INFO - Processing /home/airflow/.local/lib/python3.8/site-packages/airflow/example_dags/example_params_ui_tutorial.py took 0.110 seconds
[2025-10-15T07:43:44.727+0000] {processor.py:161} INFO - Started process (PID=344) to work on /home/airflow/.local/lib/python3.8/site-packages/airflow/example_dags/example_params_ui_tutorial.py
[2025-10-15T07:43:44.728+0000] {processor.py:830} INFO - Processing file /home/airflow/.local/lib/python3.8/site-packages/airflow/example_dags/example_params_ui_tutorial.py for tasks to queue
[2025-10-15T07:43:44.729+0000] {logging_mixin.py:188} INFO - [2025-10-15T07:43:44.729+0000] {dagbag.py:540} INFO - Filling up the DagBag from /home/airflow/.local/lib/python3.8/site-packages/airflow/example_dags/example_params_ui_tutorial.py
[2025-10-15T07:43:44.740+0000] {processor.py:840} INFO - DAG(s) 'example_params_ui_tutorial' retrieved from /home/airflow/.local/lib/python3.8/site-packages/airflow/example_dags/example_params_ui_tutorial.py
[2025-10-15T07:43:44.799+0000] {logging_mixin.py:188} INFO - [2025-10-15T07:43:44.799+0000] {dag.py:3047} INFO - Sync 1 DAGs
[2025-10-15T07:43:44.810+0000] {logging_mixin.py:188} INFO - [2025-10-15T07:43:44.810+0000] {dag.py:3834} INFO - Setting next_dagrun for example_params_ui_tutorial to None, run_after=None
[2025-10-15T07:43:44.828+0000] {processor.py:183} INFO - Processing /home/airflow/.local/lib/python3.8/site-packages/airflow/example_dags/example_params_ui_tutorial.py took 0.104 seconds
[2025-10-15T07:44:15.119+0000] {processor.py:161} INFO - Started process (PID=404) to work on /home/airflow/.local/lib/python3.8/site-packages/airflow/example_dags/example_params_ui_tutorial.py
[2025-10-15T07:44:15.120+0000] {processor.py:830} INFO - Processing file /home/airflow/.local/lib/python3.8/site-packages/airflow/example_dags/example_params_ui_tutorial.py for tasks to queue
[2025-10-15T07:44:15.121+0000] {logging_mixin.py:188} INFO - [2025-10-15T07:44:15.121+0000] {dagbag.py:540} INFO - Filling up the DagBag from /home/airflow/.local/lib/python3.8/site-packages/airflow/example_dags/example_params_ui_tutorial.py
[2025-10-15T07:44:15.132+0000] {processor.py:840} INFO - DAG(s) 'example_params_ui_tutorial' retrieved from /home/airflow/.local/lib/python3.8/site-packages/airflow/example_dags/example_params_ui_tutorial.py
[2025-10-15T07:44:15.188+0000] {logging_mixin.py:188} INFO - [2025-10-15T07:44:15.188+0000] {dag.py:3047} INFO - Sync 1 DAGs
[2025-10-15T07:44:15.198+0000] {logging_mixin.py:188} INFO - [2025-10-15T07:44:15.198+0000] {dag.py:3834} INFO - Setting next_dagrun for example_params_ui_tutorial to None, run_after=None
[2025-10-15T07:44:15.218+0000] {processor.py:183} INFO - Processing /home/airflow/.local/lib/python3.8/site-packages/airflow/example_dags/example_params_ui_tutorial.py took 0.102 seconds
[2025-10-15T07:44:45.451+0000] {processor.py:161} INFO - Started process (PID=464) to work on /home/airflow/.local/lib/python3.8/site-packages/airflow/example_dags/example_params_ui_tutorial.py
[2025-10-15T07:44:45.452+0000] {processor.py:830} INFO - Processing file /home/airflow/.local/lib/python3.8/site-packages/airflow/example_dags/example_params_ui_tutorial.py for tasks to queue
[2025-10-15T07:44:45.454+0000] {logging_mixin.py:188} INFO - [2025-10-15T07:44:45.454+0000] {dagbag.py:540} INFO - Filling up the DagBag from /home/airflow/.local/lib/python3.8/site-packages/airflow/example_dags/example_params_ui_tutorial.py
[2025-10-15T07:44:45.465+0000] {processor.py:840} INFO - DAG(s) 'example_params_ui_tutorial' retrieved from /home/airflow/.local/lib/python3.8/site-packages/airflow/example_dags/example_params_ui_tutorial.py
[2025-10-15T07:44:45.519+0000] {logging_mixin.py:188} INFO - [2025-10-15T07:44:45.518+0000] {dag.py:3047} INFO - Sync 1 DAGs
[2025-10-15T07:44:45.529+0000] {logging_mixin.py:188} INFO - [2025-10-15T07:44:45.529+0000] {dag.py:3834} INFO - Setting next_dagrun for example_params_ui_tutorial to None, run_after=None
[2025-10-15T07:44:45.548+0000] {processor.py:183} INFO - Processing /home/airflow/.local/lib/python3.8/site-packages/airflow/example_dags/example_params_ui_tutorial.py took 0.099 seconds
[2025-10-15T07:45:15.686+0000] {processor.py:161} INFO - Started process (PID=525) to work on /home/airflow/.local/lib/python3.8/site-packages/airflow/example_dags/example_params_ui_tutorial.py
[2025-10-15T07:45:15.687+0000] {processor.py:830} INFO - Processing file /home/airflow/.local/lib/python3.8/site-packages/airflow/example_dags/example_params_ui_tutorial.py for tasks to queue
[2025-10-15T07:45:15.689+0000] {logging_mixin.py:188} INFO - [2025-10-15T07:45:15.688+0000] {dagbag.py:540} INFO - Filling up the DagBag from /home/airflow/.local/lib/python3.8/site-packages/airflow/example_dags/example_params_ui_tutorial.py
[2025-10-15T07:45:15.699+0000] {processor.py:840} INFO - DAG(s) 'example_params_ui_tutorial' retrieved from /home/airflow/.local/lib/python3.8/site-packages/airflow/example_dags/example_params_ui_tutorial.py
[2025-10-15T07:45:15.760+0000] {logging_mixin.py:188} INFO - [2025-10-15T07:45:15.760+0000] {dag.py:3047} INFO - Sync 1 DAGs
[2025-10-15T07:45:15.772+0000] {logging_mixin.py:188} INFO - [2025-10-15T07:45:15.772+0000] {dag.py:3834} INFO - Setting next_dagrun for example_params_ui_tutorial to None, run_after=None
[2025-10-15T07:45:15.792+0000] {processor.py:183} INFO - Processing /home/airflow/.local/lib/python3.8/site-packages/airflow/example_dags/example_params_ui_tutorial.py took 0.109 seconds
[2025-10-15T07:45:45.870+0000] {processor.py:161} INFO - Started process (PID=583) to work on /home/airflow/.local/lib/python3.8/site-packages/airflow/example_dags/example_params_ui_tutorial.py
[2025-10-15T07:45:45.871+0000] {processor.py:830} INFO - Processing file /home/airflow/.local/lib/python3.8/site-packages/airflow/example_dags/example_params_ui_tutorial.py for tasks to queue
[2025-10-15T07:45:45.873+0000] {logging_mixin.py:188} INFO - [2025-10-15T07:45:45.873+0000] {dagbag.py:540} INFO - Filling up the DagBag from /home/airflow/.local/lib/python3.8/site-packages/airflow/example_dags/example_params_ui_tutorial.py
[2025-10-15T07:45:45.883+0000] {processor.py:840} INFO - DAG(s) 'example_params_ui_tutorial' retrieved from /home/airflow/.local/lib/python3.8/site-packages/airflow/example_dags/example_params_ui_tutorial.py
[2025-10-15T07:45:45.934+0000] {logging_mixin.py:188} INFO - [2025-10-15T07:45:45.934+0000] {dag.py:3047} INFO - Sync 1 DAGs
[2025-10-15T07:45:45.944+0000] {logging_mixin.py:188} INFO - [2025-10-15T07:45:45.944+0000] {dag.py:3834} INFO - Setting next_dagrun for example_params_ui_tutorial to None, run_after=None
[2025-10-15T07:45:45.959+0000] {processor.py:183} INFO - Processing /home/airflow/.local/lib/python3.8/site-packages/airflow/example_dags/example_params_ui_tutorial.py took 0.092 seconds
[2025-10-15T07:46:16.676+0000] {processor.py:161} INFO - Started process (PID=644) to work on /home/airflow/.local/lib/python3.8/site-packages/airflow/example_dags/example_params_ui_tutorial.py
[2025-10-15T07:46:16.677+0000] {processor.py:830} INFO - Processing file /home/airflow/.local/lib/python3.8/site-packages/airflow/example_dags/example_params_ui_tutorial.py for tasks to queue
[2025-10-15T07:46:16.679+0000] {logging_mixin.py:188} INFO - [2025-10-15T07:46:16.678+0000] {dagbag.py:540} INFO - Filling up the DagBag from /home/airflow/.local/lib/python3.8/site-packages/airflow/example_dags/example_params_ui_tutorial.py
[2025-10-15T07:46:16.689+0000] {processor.py:840} INFO - DAG(s) 'example_params_ui_tutorial' retrieved from /home/airflow/.local/lib/python3.8/site-packages/airflow/example_dags/example_params_ui_tutorial.py
[2025-10-15T07:46:16.745+0000] {logging_mixin.py:188} INFO - [2025-10-15T07:46:16.745+0000] {dag.py:3047} INFO - Sync 1 DAGs
[2025-10-15T07:46:16.756+0000] {logging_mixin.py:188} INFO - [2025-10-15T07:46:16.756+0000] {dag.py:3834} INFO - Setting next_dagrun for example_params_ui_tutorial to None, run_after=None
[2025-10-15T07:46:16.773+0000] {processor.py:183} INFO - Processing /home/airflow/.local/lib/python3.8/site-packages/airflow/example_dags/example_params_ui_tutorial.py took 0.100 seconds
[2025-10-15T07:46:47.462+0000] {processor.py:161} INFO - Started process (PID=705) to work on /home/airflow/.local/lib/python3.8/site-packages/airflow/example_dags/example_params_ui_tutorial.py
[2025-10-15T07:46:47.463+0000] {processor.py:830} INFO - Processing file /home/airflow/.local/lib/python3.8/site-packages/airflow/example_dags/example_params_ui_tutorial.py for tasks to queue
[2025-10-15T07:46:47.465+0000] {logging_mixin.py:188} INFO - [2025-10-15T07:46:47.464+0000] {dagbag.py:540} INFO - Filling up the DagBag from /home/airflow/.local/lib/python3.8/site-packages/airflow/example_dags/example_params_ui_tutorial.py
[2025-10-15T07:46:47.475+0000] {processor.py:840} INFO - DAG(s) 'example_params_ui_tutorial' retrieved from /home/airflow/.local/lib/python3.8/site-packages/airflow/example_dags/example_params_ui_tutorial.py
[2025-10-15T07:46:47.528+0000] {logging_mixin.py:188} INFO - [2025-10-15T07:46:47.528+0000] {dag.py:3047} INFO - Sync 1 DAGs
[2025-10-15T07:46:47.538+0000] {logging_mixin.py:188} INFO - [2025-10-15T07:46:47.538+0000] {dag.py:3834} INFO - Setting next_dagrun for example_params_ui_tutorial to None, run_after=None
[2025-10-15T07:46:47.554+0000] {processor.py:183} INFO - Processing /home/airflow/.local/lib/python3.8/site-packages/airflow/example_dags/example_params_ui_tutorial.py took 0.094 seconds
[2025-10-15T07:47:18.307+0000] {processor.py:161} INFO - Started process (PID=764) to work on /home/airflow/.local/lib/python3.8/site-packages/airflow/example_dags/example_params_ui_tutorial.py
[2025-10-15T07:47:18.309+0000] {processor.py:830} INFO - Processing file /home/airflow/.local/lib/python3.8/site-packages/airflow/example_dags/example_params_ui_tutorial.py for tasks to queue
[2025-10-15T07:47:18.310+0000] {logging_mixin.py:188} INFO - [2025-10-15T07:47:18.310+0000] {dagbag.py:540} INFO - Filling up the DagBag from /home/airflow/.local/lib/python3.8/site-packages/airflow/example_dags/example_params_ui_tutorial.py
[2025-10-15T07:47:18.321+0000] {processor.py:840} INFO - DAG(s) 'example_params_ui_tutorial' retrieved from /home/airflow/.local/lib/python3.8/site-packages/airflow/example_dags/example_params_ui_tutorial.py
[2025-10-15T07:47:18.376+0000] {logging_mixin.py:188} INFO - [2025-10-15T07:47:18.376+0000] {dag.py:3047} INFO - Sync 1 DAGs
[2025-10-15T07:47:18.386+0000] {logging_mixin.py:188} INFO - [2025-10-15T07:47:18.386+0000] {dag.py:3834} INFO - Setting next_dagrun for example_params_ui_tutorial to None, run_after=None
[2025-10-15T07:47:18.404+0000] {processor.py:183} INFO - Processing /home/airflow/.local/lib/python3.8/site-packages/airflow/example_dags/example_params_ui_tutorial.py took 0.099 seconds
[2025-10-15T07:47:48.433+0000] {processor.py:161} INFO - Started process (PID=823) to work on /home/airflow/.local/lib/python3.8/site-packages/airflow/example_dags/example_params_ui_tutorial.py
[2025-10-15T07:47:48.434+0000] {processor.py:830} INFO - Processing file /home/airflow/.local/lib/python3.8/site-packages/airflow/example_dags/example_params_ui_tutorial.py for tasks to queue
[2025-10-15T07:47:48.436+0000] {logging_mixin.py:188} INFO - [2025-10-15T07:47:48.436+0000] {dagbag.py:540} INFO - Filling up the DagBag from /home/airflow/.local/lib/python3.8/site-packages/airflow/example_dags/example_params_ui_tutorial.py
[2025-10-15T07:47:48.446+0000] {processor.py:840} INFO - DAG(s) 'example_params_ui_tutorial' retrieved from /home/airflow/.local/lib/python3.8/site-packages/airflow/example_dags/example_params_ui_tutorial.py
[2025-10-15T07:47:48.500+0000] {logging_mixin.py:188} INFO - [2025-10-15T07:47:48.500+0000] {dag.py:3047} INFO - Sync 1 DAGs
[2025-10-15T07:47:48.511+0000] {logging_mixin.py:188} INFO - [2025-10-15T07:47:48.510+0000] {dag.py:3834} INFO - Setting next_dagrun for example_params_ui_tutorial to None, run_after=None
[2025-10-15T07:47:48.526+0000] {processor.py:183} INFO - Processing /home/airflow/.local/lib/python3.8/site-packages/airflow/example_dags/example_params_ui_tutorial.py took 0.095 seconds
[2025-10-15T07:48:18.906+0000] {processor.py:161} INFO - Started process (PID=883) to work on /home/airflow/.local/lib/python3.8/site-packages/airflow/example_dags/example_params_ui_tutorial.py
[2025-10-15T07:48:18.907+0000] {processor.py:830} INFO - Processing file /home/airflow/.local/lib/python3.8/site-packages/airflow/example_dags/example_params_ui_tutorial.py for tasks to queue
[2025-10-15T07:48:18.908+0000] {logging_mixin.py:188} INFO - [2025-10-15T07:48:18.908+0000] {dagbag.py:540} INFO - Filling up the DagBag from /home/airflow/.local/lib/python3.8/site-packages/airflow/example_dags/example_params_ui_tutorial.py
[2025-10-15T07:48:18.919+0000] {processor.py:840} INFO - DAG(s) 'example_params_ui_tutorial' retrieved from /home/airflow/.local/lib/python3.8/site-packages/airflow/example_dags/example_params_ui_tutorial.py
[2025-10-15T07:48:18.974+0000] {logging_mixin.py:188} INFO - [2025-10-15T07:48:18.973+0000] {dag.py:3047} INFO - Sync 1 DAGs
[2025-10-15T07:48:18.986+0000] {logging_mixin.py:188} INFO - [2025-10-15T07:48:18.986+0000] {dag.py:3834} INFO - Setting next_dagrun for example_params_ui_tutorial to None, run_after=None
[2025-10-15T07:48:19.004+0000] {processor.py:183} INFO - Processing /home/airflow/.local/lib/python3.8/site-packages/airflow/example_dags/example_params_ui_tutorial.py took 0.101 seconds
[2025-10-15T07:48:49.205+0000] {processor.py:161} INFO - Started process (PID=945) to work on /home/airflow/.local/lib/python3.8/site-packages/airflow/example_dags/example_params_ui_tutorial.py
[2025-10-15T07:48:49.206+0000] {processor.py:830} INFO - Processing file /home/airflow/.local/lib/python3.8/site-packages/airflow/example_dags/example_params_ui_tutorial.py for tasks to queue
[2025-10-15T07:48:49.207+0000] {logging_mixin.py:188} INFO - [2025-10-15T07:48:49.207+0000] {dagbag.py:540} INFO - Filling up the DagBag from /home/airflow/.local/lib/python3.8/site-packages/airflow/example_dags/example_params_ui_tutorial.py
[2025-10-15T07:48:49.218+0000] {processor.py:840} INFO - DAG(s) 'example_params_ui_tutorial' retrieved from /home/airflow/.local/lib/python3.8/site-packages/airflow/example_dags/example_params_ui_tutorial.py
[2025-10-15T07:48:49.276+0000] {logging_mixin.py:188} INFO - [2025-10-15T07:48:49.275+0000] {dag.py:3047} INFO - Sync 1 DAGs
[2025-10-15T07:48:49.286+0000] {logging_mixin.py:188} INFO - [2025-10-15T07:48:49.286+0000] {dag.py:3834} INFO - Setting next_dagrun for example_params_ui_tutorial to None, run_after=None
[2025-10-15T07:48:49.303+0000] {processor.py:183} INFO - Processing /home/airflow/.local/lib/python3.8/site-packages/airflow/example_dags/example_params_ui_tutorial.py took 0.101 seconds
[2025-10-15T07:49:19.522+0000] {processor.py:161} INFO - Started process (PID=1005) to work on /home/airflow/.local/lib/python3.8/site-packages/airflow/example_dags/example_params_ui_tutorial.py
[2025-10-15T07:49:19.523+0000] {processor.py:830} INFO - Processing file /home/airflow/.local/lib/python3.8/site-packages/airflow/example_dags/example_params_ui_tutorial.py for tasks to queue
[2025-10-15T07:49:19.524+0000] {logging_mixin.py:188} INFO - [2025-10-15T07:49:19.524+0000] {dagbag.py:540} INFO - Filling up the DagBag from /home/airflow/.local/lib/python3.8/site-packages/airflow/example_dags/example_params_ui_tutorial.py
[2025-10-15T07:49:19.534+0000] {processor.py:840} INFO - DAG(s) 'example_params_ui_tutorial' retrieved from /home/airflow/.local/lib/python3.8/site-packages/airflow/example_dags/example_params_ui_tutorial.py
[2025-10-15T07:49:19.586+0000] {logging_mixin.py:188} INFO - [2025-10-15T07:49:19.586+0000] {dag.py:3047} INFO - Sync 1 DAGs
[2025-10-15T07:49:19.597+0000] {logging_mixin.py:188} INFO - [2025-10-15T07:49:19.597+0000] {dag.py:3834} INFO - Setting next_dagrun for example_params_ui_tutorial to None, run_after=None
[2025-10-15T07:49:19.615+0000] {processor.py:183} INFO - Processing /home/airflow/.local/lib/python3.8/site-packages/airflow/example_dags/example_params_ui_tutorial.py took 0.096 seconds
[2025-10-15T07:49:49.841+0000] {processor.py:161} INFO - Started process (PID=1065) to work on /home/airflow/.local/lib/python3.8/site-packages/airflow/example_dags/example_params_ui_tutorial.py
[2025-10-15T07:49:49.842+0000] {processor.py:830} INFO - Processing file /home/airflow/.local/lib/python3.8/site-packages/airflow/example_dags/example_params_ui_tutorial.py for tasks to queue
[2025-10-15T07:49:49.843+0000] {logging_mixin.py:188} INFO - [2025-10-15T07:49:49.843+0000] {dagbag.py:540} INFO - Filling up the DagBag from /home/airflow/.local/lib/python3.8/site-packages/airflow/example_dags/example_params_ui_tutorial.py
[2025-10-15T07:49:49.854+0000] {processor.py:840} INFO - DAG(s) 'example_params_ui_tutorial' retrieved from /home/airflow/.local/lib/python3.8/site-packages/airflow/example_dags/example_params_ui_tutorial.py
[2025-10-15T07:49:49.913+0000] {logging_mixin.py:188} INFO - [2025-10-15T07:49:49.912+0000] {dag.py:3047} INFO - Sync 1 DAGs
[2025-10-15T07:49:49.924+0000] {logging_mixin.py:188} INFO - [2025-10-15T07:49:49.924+0000] {dag.py:3834} INFO - Setting next_dagrun for example_params_ui_tutorial to None, run_after=None
[2025-10-15T07:49:49.943+0000] {processor.py:183} INFO - Processing /home/airflow/.local/lib/python3.8/site-packages/airflow/example_dags/example_params_ui_tutorial.py took 0.105 seconds
[2025-10-15T07:50:20.593+0000] {processor.py:161} INFO - Started process (PID=1126) to work on /home/airflow/.local/lib/python3.8/site-packages/airflow/example_dags/example_params_ui_tutorial.py
[2025-10-15T07:50:20.594+0000] {processor.py:830} INFO - Processing file /home/airflow/.local/lib/python3.8/site-packages/airflow/example_dags/example_params_ui_tutorial.py for tasks to queue
[2025-10-15T07:50:20.596+0000] {logging_mixin.py:188} INFO - [2025-10-15T07:50:20.595+0000] {dagbag.py:540} INFO - Filling up the DagBag from /home/airflow/.local/lib/python3.8/site-packages/airflow/example_dags/example_params_ui_tutorial.py
[2025-10-15T07:50:20.606+0000] {processor.py:840} INFO - DAG(s) 'example_params_ui_tutorial' retrieved from /home/airflow/.local/lib/python3.8/site-packages/airflow/example_dags/example_params_ui_tutorial.py
[2025-10-15T07:50:20.657+0000] {logging_mixin.py:188} INFO - [2025-10-15T07:50:20.657+0000] {dag.py:3047} INFO - Sync 1 DAGs
[2025-10-15T07:50:20.667+0000] {logging_mixin.py:188} INFO - [2025-10-15T07:50:20.667+0000] {dag.py:3834} INFO - Setting next_dagrun for example_params_ui_tutorial to None, run_after=None
[2025-10-15T07:50:20.685+0000] {processor.py:183} INFO - Processing /home/airflow/.local/lib/python3.8/site-packages/airflow/example_dags/example_params_ui_tutorial.py took 0.095 seconds
[2025-10-15T07:50:51.508+0000] {processor.py:161} INFO - Started process (PID=1189) to work on /home/airflow/.local/lib/python3.8/site-packages/airflow/example_dags/example_params_ui_tutorial.py
[2025-10-15T07:50:51.509+0000] {processor.py:830} INFO - Processing file /home/airflow/.local/lib/python3.8/site-packages/airflow/example_dags/example_params_ui_tutorial.py for tasks to queue
[2025-10-15T07:50:51.510+0000] {logging_mixin.py:188} INFO - [2025-10-15T07:50:51.510+0000] {dagbag.py:540} INFO - Filling up the DagBag from /home/airflow/.local/lib/python3.8/site-packages/airflow/example_dags/example_params_ui_tutorial.py
[2025-10-15T07:50:51.521+0000] {processor.py:840} INFO - DAG(s) 'example_params_ui_tutorial' retrieved from /home/airflow/.local/lib/python3.8/site-packages/airflow/example_dags/example_params_ui_tutorial.py
[2025-10-15T07:50:51.575+0000] {logging_mixin.py:188} INFO - [2025-10-15T07:50:51.575+0000] {dag.py:3047} INFO - Sync 1 DAGs
[2025-10-15T07:50:51.585+0000] {logging_mixin.py:188} INFO - [2025-10-15T07:50:51.585+0000] {dag.py:3834} INFO - Setting next_dagrun for example_params_ui_tutorial to None, run_after=None
[2025-10-15T07:50:51.602+0000] {processor.py:183} INFO - Processing /home/airflow/.local/lib/python3.8/site-packages/airflow/example_dags/example_params_ui_tutorial.py took 0.097 seconds
[2025-10-15T07:51:21.733+0000] {processor.py:161} INFO - Started process (PID=1251) to work on /home/airflow/.local/lib/python3.8/site-packages/airflow/example_dags/example_params_ui_tutorial.py
[2025-10-15T07:51:21.734+0000] {processor.py:830} INFO - Processing file /home/airflow/.local/lib/python3.8/site-packages/airflow/example_dags/example_params_ui_tutorial.py for tasks to queue
[2025-10-15T07:51:21.735+0000] {logging_mixin.py:188} INFO - [2025-10-15T07:51:21.735+0000] {dagbag.py:540} INFO - Filling up the DagBag from /home/airflow/.local/lib/python3.8/site-packages/airflow/example_dags/example_params_ui_tutorial.py
[2025-10-15T07:51:21.745+0000] {processor.py:840} INFO - DAG(s) 'example_params_ui_tutorial' retrieved from /home/airflow/.local/lib/python3.8/site-packages/airflow/example_dags/example_params_ui_tutorial.py
[2025-10-15T07:51:21.796+0000] {logging_mixin.py:188} INFO - [2025-10-15T07:51:21.795+0000] {dag.py:3047} INFO - Sync 1 DAGs
[2025-10-15T07:51:21.805+0000] {logging_mixin.py:188} INFO - [2025-10-15T07:51:21.805+0000] {dag.py:3834} INFO - Setting next_dagrun for example_params_ui_tutorial to None, run_after=None
[2025-10-15T07:51:21.821+0000] {processor.py:183} INFO - Processing /home/airflow/.local/lib/python3.8/site-packages/airflow/example_dags/example_params_ui_tutorial.py took 0.091 seconds
[2025-10-15T07:51:51.874+0000] {processor.py:161} INFO - Started process (PID=1311) to work on /home/airflow/.local/lib/python3.8/site-packages/airflow/example_dags/example_params_ui_tutorial.py
[2025-10-15T07:51:51.875+0000] {processor.py:830} INFO - Processing file /home/airflow/.local/lib/python3.8/site-packages/airflow/example_dags/example_params_ui_tutorial.py for tasks to queue
[2025-10-15T07:51:51.876+0000] {logging_mixin.py:188} INFO - [2025-10-15T07:51:51.876+0000] {dagbag.py:540} INFO - Filling up the DagBag from /home/airflow/.local/lib/python3.8/site-packages/airflow/example_dags/example_params_ui_tutorial.py
[2025-10-15T07:51:51.886+0000] {processor.py:840} INFO - DAG(s) 'example_params_ui_tutorial' retrieved from /home/airflow/.local/lib/python3.8/site-packages/airflow/example_dags/example_params_ui_tutorial.py
[2025-10-15T07:51:51.941+0000] {logging_mixin.py:188} INFO - [2025-10-15T07:51:51.941+0000] {dag.py:3047} INFO - Sync 1 DAGs
[2025-10-15T07:51:51.951+0000] {logging_mixin.py:188} INFO - [2025-10-15T07:51:51.951+0000] {dag.py:3834} INFO - Setting next_dagrun for example_params_ui_tutorial to None, run_after=None
[2025-10-15T07:51:51.966+0000] {processor.py:183} INFO - Processing /home/airflow/.local/lib/python3.8/site-packages/airflow/example_dags/example_params_ui_tutorial.py took 0.095 seconds
[2025-10-15T07:52:22.215+0000] {processor.py:161} INFO - Started process (PID=1373) to work on /home/airflow/.local/lib/python3.8/site-packages/airflow/example_dags/example_params_ui_tutorial.py
[2025-10-15T07:52:22.216+0000] {processor.py:830} INFO - Processing file /home/airflow/.local/lib/python3.8/site-packages/airflow/example_dags/example_params_ui_tutorial.py for tasks to queue
[2025-10-15T07:52:22.217+0000] {logging_mixin.py:188} INFO - [2025-10-15T07:52:22.217+0000] {dagbag.py:540} INFO - Filling up the DagBag from /home/airflow/.local/lib/python3.8/site-packages/airflow/example_dags/example_params_ui_tutorial.py
[2025-10-15T07:52:22.228+0000] {processor.py:840} INFO - DAG(s) 'example_params_ui_tutorial' retrieved from /home/airflow/.local/lib/python3.8/site-packages/airflow/example_dags/example_params_ui_tutorial.py
[2025-10-15T07:52:22.284+0000] {logging_mixin.py:188} INFO - [2025-10-15T07:52:22.284+0000] {dag.py:3047} INFO - Sync 1 DAGs
[2025-10-15T07:52:22.294+0000] {logging_mixin.py:188} INFO - [2025-10-15T07:52:22.294+0000] {dag.py:3834} INFO - Setting next_dagrun for example_params_ui_tutorial to None, run_after=None
[2025-10-15T07:52:22.311+0000] {processor.py:183} INFO - Processing /home/airflow/.local/lib/python3.8/site-packages/airflow/example_dags/example_params_ui_tutorial.py took 0.100 seconds
[2025-10-15T07:52:52.379+0000] {processor.py:161} INFO - Started process (PID=1433) to work on /home/airflow/.local/lib/python3.8/site-packages/airflow/example_dags/example_params_ui_tutorial.py
[2025-10-15T07:52:52.380+0000] {processor.py:830} INFO - Processing file /home/airflow/.local/lib/python3.8/site-packages/airflow/example_dags/example_params_ui_tutorial.py for tasks to queue
[2025-10-15T07:52:52.382+0000] {logging_mixin.py:188} INFO - [2025-10-15T07:52:52.382+0000] {dagbag.py:540} INFO - Filling up the DagBag from /home/airflow/.local/lib/python3.8/site-packages/airflow/example_dags/example_params_ui_tutorial.py
[2025-10-15T07:52:52.392+0000] {processor.py:840} INFO - DAG(s) 'example_params_ui_tutorial' retrieved from /home/airflow/.local/lib/python3.8/site-packages/airflow/example_dags/example_params_ui_tutorial.py
[2025-10-15T07:52:52.447+0000] {logging_mixin.py:188} INFO - [2025-10-15T07:52:52.446+0000] {dag.py:3047} INFO - Sync 1 DAGs
[2025-10-15T07:52:52.457+0000] {logging_mixin.py:188} INFO - [2025-10-15T07:52:52.456+0000] {dag.py:3834} INFO - Setting next_dagrun for example_params_ui_tutorial to None, run_after=None
[2025-10-15T07:52:52.473+0000] {processor.py:183} INFO - Processing /home/airflow/.local/lib/python3.8/site-packages/airflow/example_dags/example_params_ui_tutorial.py took 0.097 seconds
[2025-10-15T07:53:22.556+0000] {processor.py:161} INFO - Started process (PID=1495) to work on /home/airflow/.local/lib/python3.8/site-packages/airflow/example_dags/example_params_ui_tutorial.py
[2025-10-15T07:53:22.557+0000] {processor.py:830} INFO - Processing file /home/airflow/.local/lib/python3.8/site-packages/airflow/example_dags/example_params_ui_tutorial.py for tasks to queue
[2025-10-15T07:53:22.559+0000] {logging_mixin.py:188} INFO - [2025-10-15T07:53:22.558+0000] {dagbag.py:540} INFO - Filling up the DagBag from /home/airflow/.local/lib/python3.8/site-packages/airflow/example_dags/example_params_ui_tutorial.py
[2025-10-15T07:53:22.568+0000] {processor.py:840} INFO - DAG(s) 'example_params_ui_tutorial' retrieved from /home/airflow/.local/lib/python3.8/site-packages/airflow/example_dags/example_params_ui_tutorial.py
[2025-10-15T07:53:22.621+0000] {logging_mixin.py:188} INFO - [2025-10-15T07:53:22.621+0000] {dag.py:3047} INFO - Sync 1 DAGs
[2025-10-15T07:53:22.632+0000] {logging_mixin.py:188} INFO - [2025-10-15T07:53:22.632+0000] {dag.py:3834} INFO - Setting next_dagrun for example_params_ui_tutorial to None, run_after=None
[2025-10-15T07:53:22.649+0000] {processor.py:183} INFO - Processing /home/airflow/.local/lib/python3.8/site-packages/airflow/example_dags/example_params_ui_tutorial.py took 0.096 seconds
[2025-10-15T07:53:53.240+0000] {processor.py:161} INFO - Started process (PID=1557) to work on /home/airflow/.local/lib/python3.8/site-packages/airflow/example_dags/example_params_ui_tutorial.py
[2025-10-15T07:53:53.241+0000] {processor.py:830} INFO - Processing file /home/airflow/.local/lib/python3.8/site-packages/airflow/example_dags/example_params_ui_tutorial.py for tasks to queue
[2025-10-15T07:53:53.243+0000] {logging_mixin.py:188} INFO - [2025-10-15T07:53:53.243+0000] {dagbag.py:540} INFO - Filling up the DagBag from /home/airflow/.local/lib/python3.8/site-packages/airflow/example_dags/example_params_ui_tutorial.py
[2025-10-15T07:53:53.256+0000] {processor.py:840} INFO - DAG(s) 'example_params_ui_tutorial' retrieved from /home/airflow/.local/lib/python3.8/site-packages/airflow/example_dags/example_params_ui_tutorial.py
[2025-10-15T07:53:53.328+0000] {logging_mixin.py:188} INFO - [2025-10-15T07:53:53.328+0000] {dag.py:3047} INFO - Sync 1 DAGs
[2025-10-15T07:53:53.342+0000] {logging_mixin.py:188} INFO - [2025-10-15T07:53:53.342+0000] {dag.py:3834} INFO - Setting next_dagrun for example_params_ui_tutorial to None, run_after=None
[2025-10-15T07:53:53.366+0000] {processor.py:183} INFO - Processing /home/airflow/.local/lib/python3.8/site-packages/airflow/example_dags/example_params_ui_tutorial.py took 0.128 seconds
[2025-10-15T07:54:23.424+0000] {processor.py:161} INFO - Started process (PID=1617) to work on /home/airflow/.local/lib/python3.8/site-packages/airflow/example_dags/example_params_ui_tutorial.py
[2025-10-15T07:54:23.425+0000] {processor.py:830} INFO - Processing file /home/airflow/.local/lib/python3.8/site-packages/airflow/example_dags/example_params_ui_tutorial.py for tasks to queue
[2025-10-15T07:54:23.427+0000] {logging_mixin.py:188} INFO - [2025-10-15T07:54:23.427+0000] {dagbag.py:540} INFO - Filling up the DagBag from /home/airflow/.local/lib/python3.8/site-packages/airflow/example_dags/example_params_ui_tutorial.py
[2025-10-15T07:54:23.437+0000] {processor.py:840} INFO - DAG(s) 'example_params_ui_tutorial' retrieved from /home/airflow/.local/lib/python3.8/site-packages/airflow/example_dags/example_params_ui_tutorial.py
[2025-10-15T07:54:23.494+0000] {logging_mixin.py:188} INFO - [2025-10-15T07:54:23.493+0000] {dag.py:3047} INFO - Sync 1 DAGs
[2025-10-15T07:54:23.505+0000] {logging_mixin.py:188} INFO - [2025-10-15T07:54:23.504+0000] {dag.py:3834} INFO - Setting next_dagrun for example_params_ui_tutorial to None, run_after=None
[2025-10-15T07:54:23.522+0000] {processor.py:183} INFO - Processing /home/airflow/.local/lib/python3.8/site-packages/airflow/example_dags/example_params_ui_tutorial.py took 0.100 seconds
[2025-10-15T07:54:53.870+0000] {processor.py:161} INFO - Started process (PID=1677) to work on /home/airflow/.local/lib/python3.8/site-packages/airflow/example_dags/example_params_ui_tutorial.py
[2025-10-15T07:54:53.870+0000] {processor.py:830} INFO - Processing file /home/airflow/.local/lib/python3.8/site-packages/airflow/example_dags/example_params_ui_tutorial.py for tasks to queue
[2025-10-15T07:54:53.872+0000] {logging_mixin.py:188} INFO - [2025-10-15T07:54:53.872+0000] {dagbag.py:540} INFO - Filling up the DagBag from /home/airflow/.local/lib/python3.8/site-packages/airflow/example_dags/example_params_ui_tutorial.py
[2025-10-15T07:54:53.884+0000] {processor.py:840} INFO - DAG(s) 'example_params_ui_tutorial' retrieved from /home/airflow/.local/lib/python3.8/site-packages/airflow/example_dags/example_params_ui_tutorial.py
[2025-10-15T07:54:53.939+0000] {logging_mixin.py:188} INFO - [2025-10-15T07:54:53.938+0000] {dag.py:3047} INFO - Sync 1 DAGs
[2025-10-15T07:54:53.950+0000] {logging_mixin.py:188} INFO - [2025-10-15T07:54:53.949+0000] {dag.py:3834} INFO - Setting next_dagrun for example_params_ui_tutorial to None, run_after=None
[2025-10-15T07:54:53.968+0000] {processor.py:183} INFO - Processing /home/airflow/.local/lib/python3.8/site-packages/airflow/example_dags/example_params_ui_tutorial.py took 0.101 seconds
[2025-10-15T07:55:24.000+0000] {processor.py:161} INFO - Started process (PID=1739) to work on /home/airflow/.local/lib/python3.8/site-packages/airflow/example_dags/example_params_ui_tutorial.py
[2025-10-15T07:55:24.001+0000] {processor.py:830} INFO - Processing file /home/airflow/.local/lib/python3.8/site-packages/airflow/example_dags/example_params_ui_tutorial.py for tasks to queue
[2025-10-15T07:55:24.003+0000] {logging_mixin.py:188} INFO - [2025-10-15T07:55:24.003+0000] {dagbag.py:540} INFO - Filling up the DagBag from /home/airflow/.local/lib/python3.8/site-packages/airflow/example_dags/example_params_ui_tutorial.py
[2025-10-15T07:55:24.012+0000] {processor.py:840} INFO - DAG(s) 'example_params_ui_tutorial' retrieved from /home/airflow/.local/lib/python3.8/site-packages/airflow/example_dags/example_params_ui_tutorial.py
[2025-10-15T07:55:24.068+0000] {logging_mixin.py:188} INFO - [2025-10-15T07:55:24.067+0000] {dag.py:3047} INFO - Sync 1 DAGs
[2025-10-15T07:55:24.078+0000] {logging_mixin.py:188} INFO - [2025-10-15T07:55:24.077+0000] {dag.py:3834} INFO - Setting next_dagrun for example_params_ui_tutorial to None, run_after=None
[2025-10-15T07:55:24.093+0000] {processor.py:183} INFO - Processing /home/airflow/.local/lib/python3.8/site-packages/airflow/example_dags/example_params_ui_tutorial.py took 0.096 seconds
[2025-10-15T07:55:54.556+0000] {processor.py:161} INFO - Started process (PID=1800) to work on /home/airflow/.local/lib/python3.8/site-packages/airflow/example_dags/example_params_ui_tutorial.py
[2025-10-15T07:55:54.557+0000] {processor.py:830} INFO - Processing file /home/airflow/.local/lib/python3.8/site-packages/airflow/example_dags/example_params_ui_tutorial.py for tasks to queue
[2025-10-15T07:55:54.558+0000] {logging_mixin.py:188} INFO - [2025-10-15T07:55:54.558+0000] {dagbag.py:540} INFO - Filling up the DagBag from /home/airflow/.local/lib/python3.8/site-packages/airflow/example_dags/example_params_ui_tutorial.py
[2025-10-15T07:55:54.569+0000] {processor.py:840} INFO - DAG(s) 'example_params_ui_tutorial' retrieved from /home/airflow/.local/lib/python3.8/site-packages/airflow/example_dags/example_params_ui_tutorial.py
[2025-10-15T07:55:54.626+0000] {logging_mixin.py:188} INFO - [2025-10-15T07:55:54.626+0000] {dag.py:3047} INFO - Sync 1 DAGs
[2025-10-15T07:55:54.643+0000] {logging_mixin.py:188} INFO - [2025-10-15T07:55:54.642+0000] {dag.py:3834} INFO - Setting next_dagrun for example_params_ui_tutorial to None, run_after=None
[2025-10-15T07:55:54.679+0000] {processor.py:183} INFO - Processing /home/airflow/.local/lib/python3.8/site-packages/airflow/example_dags/example_params_ui_tutorial.py took 0.126 seconds
[2025-10-15T07:56:24.886+0000] {processor.py:161} INFO - Started process (PID=1860) to work on /home/airflow/.local/lib/python3.8/site-packages/airflow/example_dags/example_params_ui_tutorial.py
[2025-10-15T07:56:24.887+0000] {processor.py:830} INFO - Processing file /home/airflow/.local/lib/python3.8/site-packages/airflow/example_dags/example_params_ui_tutorial.py for tasks to queue
[2025-10-15T07:56:24.889+0000] {logging_mixin.py:188} INFO - [2025-10-15T07:56:24.888+0000] {dagbag.py:540} INFO - Filling up the DagBag from /home/airflow/.local/lib/python3.8/site-packages/airflow/example_dags/example_params_ui_tutorial.py
[2025-10-15T07:56:24.898+0000] {processor.py:840} INFO - DAG(s) 'example_params_ui_tutorial' retrieved from /home/airflow/.local/lib/python3.8/site-packages/airflow/example_dags/example_params_ui_tutorial.py
[2025-10-15T07:56:24.952+0000] {logging_mixin.py:188} INFO - [2025-10-15T07:56:24.952+0000] {dag.py:3047} INFO - Sync 1 DAGs
[2025-10-15T07:56:24.963+0000] {logging_mixin.py:188} INFO - [2025-10-15T07:56:24.962+0000] {dag.py:3834} INFO - Setting next_dagrun for example_params_ui_tutorial to None, run_after=None
[2025-10-15T07:56:24.979+0000] {processor.py:183} INFO - Processing /home/airflow/.local/lib/python3.8/site-packages/airflow/example_dags/example_params_ui_tutorial.py took 0.095 seconds
[2025-10-15T07:56:55.134+0000] {processor.py:161} INFO - Started process (PID=1920) to work on /home/airflow/.local/lib/python3.8/site-packages/airflow/example_dags/example_params_ui_tutorial.py
[2025-10-15T07:56:55.135+0000] {processor.py:830} INFO - Processing file /home/airflow/.local/lib/python3.8/site-packages/airflow/example_dags/example_params_ui_tutorial.py for tasks to queue
[2025-10-15T07:56:55.137+0000] {logging_mixin.py:188} INFO - [2025-10-15T07:56:55.137+0000] {dagbag.py:540} INFO - Filling up the DagBag from /home/airflow/.local/lib/python3.8/site-packages/airflow/example_dags/example_params_ui_tutorial.py
[2025-10-15T07:56:55.148+0000] {processor.py:840} INFO - DAG(s) 'example_params_ui_tutorial' retrieved from /home/airflow/.local/lib/python3.8/site-packages/airflow/example_dags/example_params_ui_tutorial.py
[2025-10-15T07:56:55.201+0000] {logging_mixin.py:188} INFO - [2025-10-15T07:56:55.201+0000] {dag.py:3047} INFO - Sync 1 DAGs
[2025-10-15T07:56:55.212+0000] {logging_mixin.py:188} INFO - [2025-10-15T07:56:55.212+0000] {dag.py:3834} INFO - Setting next_dagrun for example_params_ui_tutorial to None, run_after=None
[2025-10-15T07:56:55.228+0000] {processor.py:183} INFO - Processing /home/airflow/.local/lib/python3.8/site-packages/airflow/example_dags/example_params_ui_tutorial.py took 0.097 seconds
[2025-10-15T07:57:25.353+0000] {processor.py:161} INFO - Started process (PID=1981) to work on /home/airflow/.local/lib/python3.8/site-packages/airflow/example_dags/example_params_ui_tutorial.py
[2025-10-15T07:57:25.354+0000] {processor.py:830} INFO - Processing file /home/airflow/.local/lib/python3.8/site-packages/airflow/example_dags/example_params_ui_tutorial.py for tasks to queue
[2025-10-15T07:57:25.356+0000] {logging_mixin.py:188} INFO - [2025-10-15T07:57:25.356+0000] {dagbag.py:540} INFO - Filling up the DagBag from /home/airflow/.local/lib/python3.8/site-packages/airflow/example_dags/example_params_ui_tutorial.py
[2025-10-15T07:57:25.366+0000] {processor.py:840} INFO - DAG(s) 'example_params_ui_tutorial' retrieved from /home/airflow/.local/lib/python3.8/site-packages/airflow/example_dags/example_params_ui_tutorial.py
[2025-10-15T07:57:25.424+0000] {logging_mixin.py:188} INFO - [2025-10-15T07:57:25.424+0000] {dag.py:3047} INFO - Sync 1 DAGs
[2025-10-15T07:57:25.434+0000] {logging_mixin.py:188} INFO - [2025-10-15T07:57:25.434+0000] {dag.py:3834} INFO - Setting next_dagrun for example_params_ui_tutorial to None, run_after=None
[2025-10-15T07:57:25.450+0000] {processor.py:183} INFO - Processing /home/airflow/.local/lib/python3.8/site-packages/airflow/example_dags/example_params_ui_tutorial.py took 0.100 seconds
[2025-10-15T07:57:56.003+0000] {processor.py:161} INFO - Started process (PID=2042) to work on /home/airflow/.local/lib/python3.8/site-packages/airflow/example_dags/example_params_ui_tutorial.py
[2025-10-15T07:57:56.004+0000] {processor.py:830} INFO - Processing file /home/airflow/.local/lib/python3.8/site-packages/airflow/example_dags/example_params_ui_tutorial.py for tasks to queue
[2025-10-15T07:57:56.005+0000] {logging_mixin.py:188} INFO - [2025-10-15T07:57:56.005+0000] {dagbag.py:540} INFO - Filling up the DagBag from /home/airflow/.local/lib/python3.8/site-packages/airflow/example_dags/example_params_ui_tutorial.py
[2025-10-15T07:57:56.016+0000] {processor.py:840} INFO - DAG(s) 'example_params_ui_tutorial' retrieved from /home/airflow/.local/lib/python3.8/site-packages/airflow/example_dags/example_params_ui_tutorial.py
[2025-10-15T07:57:56.068+0000] {logging_mixin.py:188} INFO - [2025-10-15T07:57:56.067+0000] {dag.py:3047} INFO - Sync 1 DAGs
[2025-10-15T07:57:56.078+0000] {logging_mixin.py:188} INFO - [2025-10-15T07:57:56.078+0000] {dag.py:3834} INFO - Setting next_dagrun for example_params_ui_tutorial to None, run_after=None
[2025-10-15T07:57:56.094+0000] {processor.py:183} INFO - Processing /home/airflow/.local/lib/python3.8/site-packages/airflow/example_dags/example_params_ui_tutorial.py took 0.093 seconds
[2025-10-15T07:58:26.241+0000] {processor.py:161} INFO - Started process (PID=2101) to work on /home/airflow/.local/lib/python3.8/site-packages/airflow/example_dags/example_params_ui_tutorial.py
[2025-10-15T07:58:26.242+0000] {processor.py:830} INFO - Processing file /home/airflow/.local/lib/python3.8/site-packages/airflow/example_dags/example_params_ui_tutorial.py for tasks to queue
[2025-10-15T07:58:26.243+0000] {logging_mixin.py:188} INFO - [2025-10-15T07:58:26.243+0000] {dagbag.py:540} INFO - Filling up the DagBag from /home/airflow/.local/lib/python3.8/site-packages/airflow/example_dags/example_params_ui_tutorial.py
[2025-10-15T07:58:26.254+0000] {processor.py:840} INFO - DAG(s) 'example_params_ui_tutorial' retrieved from /home/airflow/.local/lib/python3.8/site-packages/airflow/example_dags/example_params_ui_tutorial.py
[2025-10-15T07:58:26.312+0000] {logging_mixin.py:188} INFO - [2025-10-15T07:58:26.311+0000] {dag.py:3047} INFO - Sync 1 DAGs
[2025-10-15T07:58:26.323+0000] {logging_mixin.py:188} INFO - [2025-10-15T07:58:26.323+0000] {dag.py:3834} INFO - Setting next_dagrun for example_params_ui_tutorial to None, run_after=None
[2025-10-15T07:58:26.337+0000] {processor.py:183} INFO - Processing /home/airflow/.local/lib/python3.8/site-packages/airflow/example_dags/example_params_ui_tutorial.py took 0.100 seconds
[2025-10-15T07:58:57.272+0000] {processor.py:161} INFO - Started process (PID=2162) to work on /home/airflow/.local/lib/python3.8/site-packages/airflow/example_dags/example_params_ui_tutorial.py
[2025-10-15T07:58:57.273+0000] {processor.py:830} INFO - Processing file /home/airflow/.local/lib/python3.8/site-packages/airflow/example_dags/example_params_ui_tutorial.py for tasks to queue
[2025-10-15T07:58:57.274+0000] {logging_mixin.py:188} INFO - [2025-10-15T07:58:57.274+0000] {dagbag.py:540} INFO - Filling up the DagBag from /home/airflow/.local/lib/python3.8/site-packages/airflow/example_dags/example_params_ui_tutorial.py
[2025-10-15T07:58:57.284+0000] {processor.py:840} INFO - DAG(s) 'example_params_ui_tutorial' retrieved from /home/airflow/.local/lib/python3.8/site-packages/airflow/example_dags/example_params_ui_tutorial.py
[2025-10-15T07:58:57.336+0000] {logging_mixin.py:188} INFO - [2025-10-15T07:58:57.336+0000] {dag.py:3047} INFO - Sync 1 DAGs
[2025-10-15T07:58:57.346+0000] {logging_mixin.py:188} INFO - [2025-10-15T07:58:57.346+0000] {dag.py:3834} INFO - Setting next_dagrun for example_params_ui_tutorial to None, run_after=None
[2025-10-15T07:58:57.361+0000] {processor.py:183} INFO - Processing /home/airflow/.local/lib/python3.8/site-packages/airflow/example_dags/example_params_ui_tutorial.py took 0.092 seconds
[2025-10-15T07:59:27.460+0000] {processor.py:161} INFO - Started process (PID=2222) to work on /home/airflow/.local/lib/python3.8/site-packages/airflow/example_dags/example_params_ui_tutorial.py
[2025-10-15T07:59:27.461+0000] {processor.py:830} INFO - Processing file /home/airflow/.local/lib/python3.8/site-packages/airflow/example_dags/example_params_ui_tutorial.py for tasks to queue
[2025-10-15T07:59:27.462+0000] {logging_mixin.py:188} INFO - [2025-10-15T07:59:27.462+0000] {dagbag.py:540} INFO - Filling up the DagBag from /home/airflow/.local/lib/python3.8/site-packages/airflow/example_dags/example_params_ui_tutorial.py
[2025-10-15T07:59:27.472+0000] {processor.py:840} INFO - DAG(s) 'example_params_ui_tutorial' retrieved from /home/airflow/.local/lib/python3.8/site-packages/airflow/example_dags/example_params_ui_tutorial.py
[2025-10-15T07:59:27.524+0000] {logging_mixin.py:188} INFO - [2025-10-15T07:59:27.524+0000] {dag.py:3047} INFO - Sync 1 DAGs
[2025-10-15T07:59:27.535+0000] {logging_mixin.py:188} INFO - [2025-10-15T07:59:27.534+0000] {dag.py:3834} INFO - Setting next_dagrun for example_params_ui_tutorial to None, run_after=None
[2025-10-15T07:59:27.551+0000] {processor.py:183} INFO - Processing /home/airflow/.local/lib/python3.8/site-packages/airflow/example_dags/example_params_ui_tutorial.py took 0.093 seconds
[2025-10-15T07:59:58.556+0000] {processor.py:161} INFO - Started process (PID=2281) to work on /home/airflow/.local/lib/python3.8/site-packages/airflow/example_dags/example_params_ui_tutorial.py
[2025-10-15T07:59:58.557+0000] {processor.py:830} INFO - Processing file /home/airflow/.local/lib/python3.8/site-packages/airflow/example_dags/example_params_ui_tutorial.py for tasks to queue
[2025-10-15T07:59:58.558+0000] {logging_mixin.py:188} INFO - [2025-10-15T07:59:58.557+0000] {dagbag.py:540} INFO - Filling up the DagBag from /home/airflow/.local/lib/python3.8/site-packages/airflow/example_dags/example_params_ui_tutorial.py
[2025-10-15T07:59:58.567+0000] {processor.py:840} INFO - DAG(s) 'example_params_ui_tutorial' retrieved from /home/airflow/.local/lib/python3.8/site-packages/airflow/example_dags/example_params_ui_tutorial.py
[2025-10-15T07:59:58.619+0000] {logging_mixin.py:188} INFO - [2025-10-15T07:59:58.619+0000] {dag.py:3047} INFO - Sync 1 DAGs
[2025-10-15T07:59:58.630+0000] {logging_mixin.py:188} INFO - [2025-10-15T07:59:58.630+0000] {dag.py:3834} INFO - Setting next_dagrun for example_params_ui_tutorial to None, run_after=None
[2025-10-15T07:59:58.647+0000] {processor.py:183} INFO - Processing /home/airflow/.local/lib/python3.8/site-packages/airflow/example_dags/example_params_ui_tutorial.py took 0.094 seconds
[2025-10-15T08:00:28.751+0000] {processor.py:161} INFO - Started process (PID=2343) to work on /home/airflow/.local/lib/python3.8/site-packages/airflow/example_dags/example_params_ui_tutorial.py
[2025-10-15T08:00:28.751+0000] {processor.py:830} INFO - Processing file /home/airflow/.local/lib/python3.8/site-packages/airflow/example_dags/example_params_ui_tutorial.py for tasks to queue
[2025-10-15T08:00:28.752+0000] {logging_mixin.py:188} INFO - [2025-10-15T08:00:28.752+0000] {dagbag.py:540} INFO - Filling up the DagBag from /home/airflow/.local/lib/python3.8/site-packages/airflow/example_dags/example_params_ui_tutorial.py
[2025-10-15T08:00:28.763+0000] {processor.py:840} INFO - DAG(s) 'example_params_ui_tutorial' retrieved from /home/airflow/.local/lib/python3.8/site-packages/airflow/example_dags/example_params_ui_tutorial.py
[2025-10-15T08:00:28.817+0000] {logging_mixin.py:188} INFO - [2025-10-15T08:00:28.817+0000] {dag.py:3047} INFO - Sync 1 DAGs
[2025-10-15T08:00:28.829+0000] {logging_mixin.py:188} INFO - [2025-10-15T08:00:28.829+0000] {dag.py:3834} INFO - Setting next_dagrun for example_params_ui_tutorial to None, run_after=None
[2025-10-15T08:00:28.848+0000] {processor.py:183} INFO - Processing /home/airflow/.local/lib/python3.8/site-packages/airflow/example_dags/example_params_ui_tutorial.py took 0.100 seconds
[2025-10-15T08:00:59.013+0000] {processor.py:161} INFO - Started process (PID=2405) to work on /home/airflow/.local/lib/python3.8/site-packages/airflow/example_dags/example_params_ui_tutorial.py
[2025-10-15T08:00:59.014+0000] {processor.py:830} INFO - Processing file /home/airflow/.local/lib/python3.8/site-packages/airflow/example_dags/example_params_ui_tutorial.py for tasks to queue
[2025-10-15T08:00:59.015+0000] {logging_mixin.py:188} INFO - [2025-10-15T08:00:59.014+0000] {dagbag.py:540} INFO - Filling up the DagBag from /home/airflow/.local/lib/python3.8/site-packages/airflow/example_dags/example_params_ui_tutorial.py
[2025-10-15T08:00:59.024+0000] {processor.py:840} INFO - DAG(s) 'example_params_ui_tutorial' retrieved from /home/airflow/.local/lib/python3.8/site-packages/airflow/example_dags/example_params_ui_tutorial.py
[2025-10-15T08:00:59.078+0000] {logging_mixin.py:188} INFO - [2025-10-15T08:00:59.078+0000] {dag.py:3047} INFO - Sync 1 DAGs
[2025-10-15T08:00:59.089+0000] {logging_mixin.py:188} INFO - [2025-10-15T08:00:59.089+0000] {dag.py:3834} INFO - Setting next_dagrun for example_params_ui_tutorial to None, run_after=None
[2025-10-15T08:00:59.107+0000] {processor.py:183} INFO - Processing /home/airflow/.local/lib/python3.8/site-packages/airflow/example_dags/example_params_ui_tutorial.py took 0.097 seconds
[2025-10-15T08:01:29.360+0000] {processor.py:161} INFO - Started process (PID=2468) to work on /home/airflow/.local/lib/python3.8/site-packages/airflow/example_dags/example_params_ui_tutorial.py
[2025-10-15T08:01:29.361+0000] {processor.py:830} INFO - Processing file /home/airflow/.local/lib/python3.8/site-packages/airflow/example_dags/example_params_ui_tutorial.py for tasks to queue
[2025-10-15T08:01:29.362+0000] {logging_mixin.py:188} INFO - [2025-10-15T08:01:29.362+0000] {dagbag.py:540} INFO - Filling up the DagBag from /home/airflow/.local/lib/python3.8/site-packages/airflow/example_dags/example_params_ui_tutorial.py
[2025-10-15T08:01:29.373+0000] {processor.py:840} INFO - DAG(s) 'example_params_ui_tutorial' retrieved from /home/airflow/.local/lib/python3.8/site-packages/airflow/example_dags/example_params_ui_tutorial.py
[2025-10-15T08:01:29.427+0000] {logging_mixin.py:188} INFO - [2025-10-15T08:01:29.427+0000] {dag.py:3047} INFO - Sync 1 DAGs
[2025-10-15T08:01:29.439+0000] {logging_mixin.py:188} INFO - [2025-10-15T08:01:29.438+0000] {dag.py:3834} INFO - Setting next_dagrun for example_params_ui_tutorial to None, run_after=None
[2025-10-15T08:01:29.456+0000] {processor.py:183} INFO - Processing /home/airflow/.local/lib/python3.8/site-packages/airflow/example_dags/example_params_ui_tutorial.py took 0.098 seconds
[2025-10-15T08:01:59.608+0000] {processor.py:161} INFO - Started process (PID=2528) to work on /home/airflow/.local/lib/python3.8/site-packages/airflow/example_dags/example_params_ui_tutorial.py
[2025-10-15T08:01:59.609+0000] {processor.py:830} INFO - Processing file /home/airflow/.local/lib/python3.8/site-packages/airflow/example_dags/example_params_ui_tutorial.py for tasks to queue
[2025-10-15T08:01:59.610+0000] {logging_mixin.py:188} INFO - [2025-10-15T08:01:59.610+0000] {dagbag.py:540} INFO - Filling up the DagBag from /home/airflow/.local/lib/python3.8/site-packages/airflow/example_dags/example_params_ui_tutorial.py
[2025-10-15T08:01:59.622+0000] {processor.py:840} INFO - DAG(s) 'example_params_ui_tutorial' retrieved from /home/airflow/.local/lib/python3.8/site-packages/airflow/example_dags/example_params_ui_tutorial.py
[2025-10-15T08:01:59.676+0000] {logging_mixin.py:188} INFO - [2025-10-15T08:01:59.676+0000] {dag.py:3047} INFO - Sync 1 DAGs
[2025-10-15T08:01:59.686+0000] {logging_mixin.py:188} INFO - [2025-10-15T08:01:59.686+0000] {dag.py:3834} INFO - Setting next_dagrun for example_params_ui_tutorial to None, run_after=None
[2025-10-15T08:01:59.704+0000] {processor.py:183} INFO - Processing /home/airflow/.local/lib/python3.8/site-packages/airflow/example_dags/example_params_ui_tutorial.py took 0.099 seconds
[2025-10-15T08:02:29.773+0000] {processor.py:161} INFO - Started process (PID=2591) to work on /home/airflow/.local/lib/python3.8/site-packages/airflow/example_dags/example_params_ui_tutorial.py
[2025-10-15T08:02:29.774+0000] {processor.py:830} INFO - Processing file /home/airflow/.local/lib/python3.8/site-packages/airflow/example_dags/example_params_ui_tutorial.py for tasks to queue
[2025-10-15T08:02:29.775+0000] {logging_mixin.py:188} INFO - [2025-10-15T08:02:29.775+0000] {dagbag.py:540} INFO - Filling up the DagBag from /home/airflow/.local/lib/python3.8/site-packages/airflow/example_dags/example_params_ui_tutorial.py
[2025-10-15T08:02:29.785+0000] {processor.py:840} INFO - DAG(s) 'example_params_ui_tutorial' retrieved from /home/airflow/.local/lib/python3.8/site-packages/airflow/example_dags/example_params_ui_tutorial.py
[2025-10-15T08:02:29.839+0000] {logging_mixin.py:188} INFO - [2025-10-15T08:02:29.838+0000] {dag.py:3047} INFO - Sync 1 DAGs
[2025-10-15T08:02:29.849+0000] {logging_mixin.py:188} INFO - [2025-10-15T08:02:29.849+0000] {dag.py:3834} INFO - Setting next_dagrun for example_params_ui_tutorial to None, run_after=None
[2025-10-15T08:02:29.865+0000] {processor.py:183} INFO - Processing /home/airflow/.local/lib/python3.8/site-packages/airflow/example_dags/example_params_ui_tutorial.py took 0.095 seconds
[2025-10-15T08:03:00.022+0000] {processor.py:161} INFO - Started process (PID=2651) to work on /home/airflow/.local/lib/python3.8/site-packages/airflow/example_dags/example_params_ui_tutorial.py
[2025-10-15T08:03:00.023+0000] {processor.py:830} INFO - Processing file /home/airflow/.local/lib/python3.8/site-packages/airflow/example_dags/example_params_ui_tutorial.py for tasks to queue
[2025-10-15T08:03:00.024+0000] {logging_mixin.py:188} INFO - [2025-10-15T08:03:00.024+0000] {dagbag.py:540} INFO - Filling up the DagBag from /home/airflow/.local/lib/python3.8/site-packages/airflow/example_dags/example_params_ui_tutorial.py
[2025-10-15T08:03:00.035+0000] {processor.py:840} INFO - DAG(s) 'example_params_ui_tutorial' retrieved from /home/airflow/.local/lib/python3.8/site-packages/airflow/example_dags/example_params_ui_tutorial.py
[2025-10-15T08:03:00.093+0000] {logging_mixin.py:188} INFO - [2025-10-15T08:03:00.093+0000] {dag.py:3047} INFO - Sync 1 DAGs
[2025-10-15T08:03:00.106+0000] {logging_mixin.py:188} INFO - [2025-10-15T08:03:00.106+0000] {dag.py:3834} INFO - Setting next_dagrun for example_params_ui_tutorial to None, run_after=None
[2025-10-15T08:03:00.125+0000] {processor.py:183} INFO - Processing /home/airflow/.local/lib/python3.8/site-packages/airflow/example_dags/example_params_ui_tutorial.py took 0.107 seconds
