[2025-10-15T07:41:44.214+0000] {processor.py:161} INFO - Started process (PID=123) to work on /home/airflow/.local/lib/python3.8/site-packages/airflow/example_dags/example_time_delta_sensor_async.py
[2025-10-15T07:41:44.215+0000] {processor.py:830} INFO - Processing file /home/airflow/.local/lib/python3.8/site-packages/airflow/example_dags/example_time_delta_sensor_async.py for tasks to queue
[2025-10-15T07:41:44.216+0000] {logging_mixin.py:188} INFO - [2025-10-15T07:41:44.216+0000] {dagbag.py:540} INFO - Filling up the DagBag from /home/airflow/.local/lib/python3.8/site-packages/airflow/example_dags/example_time_delta_sensor_async.py
[2025-10-15T07:41:44.220+0000] {processor.py:840} INFO - DAG(s) 'example_time_delta_sensor_async' retrieved from /home/airflow/.local/lib/python3.8/site-packages/airflow/example_dags/example_time_delta_sensor_async.py
[2025-10-15T07:41:44.315+0000] {logging_mixin.py:188} INFO - [2025-10-15T07:41:44.315+0000] {dag.py:3047} INFO - Sync 1 DAGs
[2025-10-15T07:41:44.330+0000] {logging_mixin.py:188} INFO - [2025-10-15T07:41:44.330+0000] {dag.py:3834} INFO - Setting next_dagrun for example_time_delta_sensor_async to None, run_after=None
[2025-10-15T07:41:44.370+0000] {processor.py:183} INFO - Processing /home/airflow/.local/lib/python3.8/site-packages/airflow/example_dags/example_time_delta_sensor_async.py took 0.159 seconds
[2025-10-15T07:42:14.687+0000] {processor.py:161} INFO - Started process (PID=184) to work on /home/airflow/.local/lib/python3.8/site-packages/airflow/example_dags/example_time_delta_sensor_async.py
[2025-10-15T07:42:14.688+0000] {processor.py:830} INFO - Processing file /home/airflow/.local/lib/python3.8/site-packages/airflow/example_dags/example_time_delta_sensor_async.py for tasks to queue
[2025-10-15T07:42:14.690+0000] {logging_mixin.py:188} INFO - [2025-10-15T07:42:14.689+0000] {dagbag.py:540} INFO - Filling up the DagBag from /home/airflow/.local/lib/python3.8/site-packages/airflow/example_dags/example_time_delta_sensor_async.py
[2025-10-15T07:42:14.694+0000] {processor.py:840} INFO - DAG(s) 'example_time_delta_sensor_async' retrieved from /home/airflow/.local/lib/python3.8/site-packages/airflow/example_dags/example_time_delta_sensor_async.py
[2025-10-15T07:42:14.711+0000] {logging_mixin.py:188} INFO - [2025-10-15T07:42:14.711+0000] {dag.py:3047} INFO - Sync 1 DAGs
[2025-10-15T07:42:14.724+0000] {logging_mixin.py:188} INFO - [2025-10-15T07:42:14.723+0000] {dag.py:3834} INFO - Setting next_dagrun for example_time_delta_sensor_async to None, run_after=None
[2025-10-15T07:42:14.743+0000] {processor.py:183} INFO - Processing /home/airflow/.local/lib/python3.8/site-packages/airflow/example_dags/example_time_delta_sensor_async.py took 0.058 seconds
[2025-10-15T07:42:45.132+0000] {processor.py:161} INFO - Started process (PID=244) to work on /home/airflow/.local/lib/python3.8/site-packages/airflow/example_dags/example_time_delta_sensor_async.py
[2025-10-15T07:42:45.133+0000] {processor.py:830} INFO - Processing file /home/airflow/.local/lib/python3.8/site-packages/airflow/example_dags/example_time_delta_sensor_async.py for tasks to queue
[2025-10-15T07:42:45.134+0000] {logging_mixin.py:188} INFO - [2025-10-15T07:42:45.134+0000] {dagbag.py:540} INFO - Filling up the DagBag from /home/airflow/.local/lib/python3.8/site-packages/airflow/example_dags/example_time_delta_sensor_async.py
[2025-10-15T07:42:45.138+0000] {processor.py:840} INFO - DAG(s) 'example_time_delta_sensor_async' retrieved from /home/airflow/.local/lib/python3.8/site-packages/airflow/example_dags/example_time_delta_sensor_async.py
[2025-10-15T07:42:45.154+0000] {logging_mixin.py:188} INFO - [2025-10-15T07:42:45.154+0000] {dag.py:3047} INFO - Sync 1 DAGs
[2025-10-15T07:42:45.166+0000] {logging_mixin.py:188} INFO - [2025-10-15T07:42:45.166+0000] {dag.py:3834} INFO - Setting next_dagrun for example_time_delta_sensor_async to None, run_after=None
[2025-10-15T07:42:45.197+0000] {processor.py:183} INFO - Processing /home/airflow/.local/lib/python3.8/site-packages/airflow/example_dags/example_time_delta_sensor_async.py took 0.068 seconds
[2025-10-15T07:43:15.710+0000] {processor.py:161} INFO - Started process (PID=304) to work on /home/airflow/.local/lib/python3.8/site-packages/airflow/example_dags/example_time_delta_sensor_async.py
[2025-10-15T07:43:15.711+0000] {processor.py:830} INFO - Processing file /home/airflow/.local/lib/python3.8/site-packages/airflow/example_dags/example_time_delta_sensor_async.py for tasks to queue
[2025-10-15T07:43:15.713+0000] {logging_mixin.py:188} INFO - [2025-10-15T07:43:15.712+0000] {dagbag.py:540} INFO - Filling up the DagBag from /home/airflow/.local/lib/python3.8/site-packages/airflow/example_dags/example_time_delta_sensor_async.py
[2025-10-15T07:43:15.717+0000] {processor.py:840} INFO - DAG(s) 'example_time_delta_sensor_async' retrieved from /home/airflow/.local/lib/python3.8/site-packages/airflow/example_dags/example_time_delta_sensor_async.py
[2025-10-15T07:43:15.737+0000] {logging_mixin.py:188} INFO - [2025-10-15T07:43:15.737+0000] {dag.py:3047} INFO - Sync 1 DAGs
[2025-10-15T07:43:15.749+0000] {logging_mixin.py:188} INFO - [2025-10-15T07:43:15.749+0000] {dag.py:3834} INFO - Setting next_dagrun for example_time_delta_sensor_async to None, run_after=None
[2025-10-15T07:43:15.768+0000] {processor.py:183} INFO - Processing /home/airflow/.local/lib/python3.8/site-packages/airflow/example_dags/example_time_delta_sensor_async.py took 0.060 seconds
[2025-10-15T07:43:45.853+0000] {processor.py:161} INFO - Started process (PID=364) to work on /home/airflow/.local/lib/python3.8/site-packages/airflow/example_dags/example_time_delta_sensor_async.py
[2025-10-15T07:43:45.855+0000] {processor.py:830} INFO - Processing file /home/airflow/.local/lib/python3.8/site-packages/airflow/example_dags/example_time_delta_sensor_async.py for tasks to queue
[2025-10-15T07:43:45.856+0000] {logging_mixin.py:188} INFO - [2025-10-15T07:43:45.856+0000] {dagbag.py:540} INFO - Filling up the DagBag from /home/airflow/.local/lib/python3.8/site-packages/airflow/example_dags/example_time_delta_sensor_async.py
[2025-10-15T07:43:45.860+0000] {processor.py:840} INFO - DAG(s) 'example_time_delta_sensor_async' retrieved from /home/airflow/.local/lib/python3.8/site-packages/airflow/example_dags/example_time_delta_sensor_async.py
[2025-10-15T07:43:45.878+0000] {logging_mixin.py:188} INFO - [2025-10-15T07:43:45.878+0000] {dag.py:3047} INFO - Sync 1 DAGs
[2025-10-15T07:43:45.889+0000] {logging_mixin.py:188} INFO - [2025-10-15T07:43:45.889+0000] {dag.py:3834} INFO - Setting next_dagrun for example_time_delta_sensor_async to None, run_after=None
[2025-10-15T07:43:45.907+0000] {processor.py:183} INFO - Processing /home/airflow/.local/lib/python3.8/site-packages/airflow/example_dags/example_time_delta_sensor_async.py took 0.057 seconds
[2025-10-15T07:44:16.280+0000] {processor.py:161} INFO - Started process (PID=424) to work on /home/airflow/.local/lib/python3.8/site-packages/airflow/example_dags/example_time_delta_sensor_async.py
[2025-10-15T07:44:16.281+0000] {processor.py:830} INFO - Processing file /home/airflow/.local/lib/python3.8/site-packages/airflow/example_dags/example_time_delta_sensor_async.py for tasks to queue
[2025-10-15T07:44:16.283+0000] {logging_mixin.py:188} INFO - [2025-10-15T07:44:16.283+0000] {dagbag.py:540} INFO - Filling up the DagBag from /home/airflow/.local/lib/python3.8/site-packages/airflow/example_dags/example_time_delta_sensor_async.py
[2025-10-15T07:44:16.287+0000] {processor.py:840} INFO - DAG(s) 'example_time_delta_sensor_async' retrieved from /home/airflow/.local/lib/python3.8/site-packages/airflow/example_dags/example_time_delta_sensor_async.py
[2025-10-15T07:44:16.304+0000] {logging_mixin.py:188} INFO - [2025-10-15T07:44:16.304+0000] {dag.py:3047} INFO - Sync 1 DAGs
[2025-10-15T07:44:16.315+0000] {logging_mixin.py:188} INFO - [2025-10-15T07:44:16.315+0000] {dag.py:3834} INFO - Setting next_dagrun for example_time_delta_sensor_async to None, run_after=None
[2025-10-15T07:44:16.333+0000] {processor.py:183} INFO - Processing /home/airflow/.local/lib/python3.8/site-packages/airflow/example_dags/example_time_delta_sensor_async.py took 0.055 seconds
[2025-10-15T07:44:46.691+0000] {processor.py:161} INFO - Started process (PID=484) to work on /home/airflow/.local/lib/python3.8/site-packages/airflow/example_dags/example_time_delta_sensor_async.py
[2025-10-15T07:44:46.692+0000] {processor.py:830} INFO - Processing file /home/airflow/.local/lib/python3.8/site-packages/airflow/example_dags/example_time_delta_sensor_async.py for tasks to queue
[2025-10-15T07:44:46.694+0000] {logging_mixin.py:188} INFO - [2025-10-15T07:44:46.694+0000] {dagbag.py:540} INFO - Filling up the DagBag from /home/airflow/.local/lib/python3.8/site-packages/airflow/example_dags/example_time_delta_sensor_async.py
[2025-10-15T07:44:46.698+0000] {processor.py:840} INFO - DAG(s) 'example_time_delta_sensor_async' retrieved from /home/airflow/.local/lib/python3.8/site-packages/airflow/example_dags/example_time_delta_sensor_async.py
[2025-10-15T07:44:46.715+0000] {logging_mixin.py:188} INFO - [2025-10-15T07:44:46.715+0000] {dag.py:3047} INFO - Sync 1 DAGs
[2025-10-15T07:44:46.726+0000] {logging_mixin.py:188} INFO - [2025-10-15T07:44:46.725+0000] {dag.py:3834} INFO - Setting next_dagrun for example_time_delta_sensor_async to None, run_after=None
[2025-10-15T07:44:46.742+0000] {processor.py:183} INFO - Processing /home/airflow/.local/lib/python3.8/site-packages/airflow/example_dags/example_time_delta_sensor_async.py took 0.053 seconds
[2025-10-15T07:45:16.842+0000] {processor.py:161} INFO - Started process (PID=545) to work on /home/airflow/.local/lib/python3.8/site-packages/airflow/example_dags/example_time_delta_sensor_async.py
[2025-10-15T07:45:16.843+0000] {processor.py:830} INFO - Processing file /home/airflow/.local/lib/python3.8/site-packages/airflow/example_dags/example_time_delta_sensor_async.py for tasks to queue
[2025-10-15T07:45:16.844+0000] {logging_mixin.py:188} INFO - [2025-10-15T07:45:16.844+0000] {dagbag.py:540} INFO - Filling up the DagBag from /home/airflow/.local/lib/python3.8/site-packages/airflow/example_dags/example_time_delta_sensor_async.py
[2025-10-15T07:45:16.848+0000] {processor.py:840} INFO - DAG(s) 'example_time_delta_sensor_async' retrieved from /home/airflow/.local/lib/python3.8/site-packages/airflow/example_dags/example_time_delta_sensor_async.py
[2025-10-15T07:45:16.866+0000] {logging_mixin.py:188} INFO - [2025-10-15T07:45:16.866+0000] {dag.py:3047} INFO - Sync 1 DAGs
[2025-10-15T07:45:16.878+0000] {logging_mixin.py:188} INFO - [2025-10-15T07:45:16.877+0000] {dag.py:3834} INFO - Setting next_dagrun for example_time_delta_sensor_async to None, run_after=None
[2025-10-15T07:45:16.893+0000] {processor.py:183} INFO - Processing /home/airflow/.local/lib/python3.8/site-packages/airflow/example_dags/example_time_delta_sensor_async.py took 0.054 seconds
[2025-10-15T07:45:47.254+0000] {processor.py:161} INFO - Started process (PID=605) to work on /home/airflow/.local/lib/python3.8/site-packages/airflow/example_dags/example_time_delta_sensor_async.py
[2025-10-15T07:45:47.255+0000] {processor.py:830} INFO - Processing file /home/airflow/.local/lib/python3.8/site-packages/airflow/example_dags/example_time_delta_sensor_async.py for tasks to queue
[2025-10-15T07:45:47.256+0000] {logging_mixin.py:188} INFO - [2025-10-15T07:45:47.256+0000] {dagbag.py:540} INFO - Filling up the DagBag from /home/airflow/.local/lib/python3.8/site-packages/airflow/example_dags/example_time_delta_sensor_async.py
[2025-10-15T07:45:47.260+0000] {processor.py:840} INFO - DAG(s) 'example_time_delta_sensor_async' retrieved from /home/airflow/.local/lib/python3.8/site-packages/airflow/example_dags/example_time_delta_sensor_async.py
[2025-10-15T07:45:47.278+0000] {logging_mixin.py:188} INFO - [2025-10-15T07:45:47.277+0000] {dag.py:3047} INFO - Sync 1 DAGs
[2025-10-15T07:45:47.288+0000] {logging_mixin.py:188} INFO - [2025-10-15T07:45:47.288+0000] {dag.py:3834} INFO - Setting next_dagrun for example_time_delta_sensor_async to None, run_after=None
[2025-10-15T07:45:47.305+0000] {processor.py:183} INFO - Processing /home/airflow/.local/lib/python3.8/site-packages/airflow/example_dags/example_time_delta_sensor_async.py took 0.054 seconds
[2025-10-15T07:46:17.994+0000] {processor.py:161} INFO - Started process (PID=665) to work on /home/airflow/.local/lib/python3.8/site-packages/airflow/example_dags/example_time_delta_sensor_async.py
[2025-10-15T07:46:17.994+0000] {processor.py:830} INFO - Processing file /home/airflow/.local/lib/python3.8/site-packages/airflow/example_dags/example_time_delta_sensor_async.py for tasks to queue
[2025-10-15T07:46:17.996+0000] {logging_mixin.py:188} INFO - [2025-10-15T07:46:17.996+0000] {dagbag.py:540} INFO - Filling up the DagBag from /home/airflow/.local/lib/python3.8/site-packages/airflow/example_dags/example_time_delta_sensor_async.py
[2025-10-15T07:46:17.999+0000] {processor.py:840} INFO - DAG(s) 'example_time_delta_sensor_async' retrieved from /home/airflow/.local/lib/python3.8/site-packages/airflow/example_dags/example_time_delta_sensor_async.py
[2025-10-15T07:46:18.015+0000] {logging_mixin.py:188} INFO - [2025-10-15T07:46:18.015+0000] {dag.py:3047} INFO - Sync 1 DAGs
[2025-10-15T07:46:18.026+0000] {logging_mixin.py:188} INFO - [2025-10-15T07:46:18.026+0000] {dag.py:3834} INFO - Setting next_dagrun for example_time_delta_sensor_async to None, run_after=None
[2025-10-15T07:46:18.041+0000] {processor.py:183} INFO - Processing /home/airflow/.local/lib/python3.8/site-packages/airflow/example_dags/example_time_delta_sensor_async.py took 0.050 seconds
[2025-10-15T07:46:48.711+0000] {processor.py:161} INFO - Started process (PID=725) to work on /home/airflow/.local/lib/python3.8/site-packages/airflow/example_dags/example_time_delta_sensor_async.py
[2025-10-15T07:46:48.711+0000] {processor.py:830} INFO - Processing file /home/airflow/.local/lib/python3.8/site-packages/airflow/example_dags/example_time_delta_sensor_async.py for tasks to queue
[2025-10-15T07:46:48.713+0000] {logging_mixin.py:188} INFO - [2025-10-15T07:46:48.713+0000] {dagbag.py:540} INFO - Filling up the DagBag from /home/airflow/.local/lib/python3.8/site-packages/airflow/example_dags/example_time_delta_sensor_async.py
[2025-10-15T07:46:48.717+0000] {processor.py:840} INFO - DAG(s) 'example_time_delta_sensor_async' retrieved from /home/airflow/.local/lib/python3.8/site-packages/airflow/example_dags/example_time_delta_sensor_async.py
[2025-10-15T07:46:48.734+0000] {logging_mixin.py:188} INFO - [2025-10-15T07:46:48.733+0000] {dag.py:3047} INFO - Sync 1 DAGs
[2025-10-15T07:46:48.744+0000] {logging_mixin.py:188} INFO - [2025-10-15T07:46:48.744+0000] {dag.py:3834} INFO - Setting next_dagrun for example_time_delta_sensor_async to None, run_after=None
[2025-10-15T07:46:48.760+0000] {processor.py:183} INFO - Processing /home/airflow/.local/lib/python3.8/site-packages/airflow/example_dags/example_time_delta_sensor_async.py took 0.052 seconds
[2025-10-15T07:47:19.595+0000] {processor.py:161} INFO - Started process (PID=785) to work on /home/airflow/.local/lib/python3.8/site-packages/airflow/example_dags/example_time_delta_sensor_async.py
[2025-10-15T07:47:19.596+0000] {processor.py:830} INFO - Processing file /home/airflow/.local/lib/python3.8/site-packages/airflow/example_dags/example_time_delta_sensor_async.py for tasks to queue
[2025-10-15T07:47:19.598+0000] {logging_mixin.py:188} INFO - [2025-10-15T07:47:19.598+0000] {dagbag.py:540} INFO - Filling up the DagBag from /home/airflow/.local/lib/python3.8/site-packages/airflow/example_dags/example_time_delta_sensor_async.py
[2025-10-15T07:47:19.602+0000] {processor.py:840} INFO - DAG(s) 'example_time_delta_sensor_async' retrieved from /home/airflow/.local/lib/python3.8/site-packages/airflow/example_dags/example_time_delta_sensor_async.py
[2025-10-15T07:47:19.618+0000] {logging_mixin.py:188} INFO - [2025-10-15T07:47:19.618+0000] {dag.py:3047} INFO - Sync 1 DAGs
[2025-10-15T07:47:19.629+0000] {logging_mixin.py:188} INFO - [2025-10-15T07:47:19.629+0000] {dag.py:3834} INFO - Setting next_dagrun for example_time_delta_sensor_async to None, run_after=None
[2025-10-15T07:47:19.647+0000] {processor.py:183} INFO - Processing /home/airflow/.local/lib/python3.8/site-packages/airflow/example_dags/example_time_delta_sensor_async.py took 0.054 seconds
[2025-10-15T07:47:49.832+0000] {processor.py:161} INFO - Started process (PID=845) to work on /home/airflow/.local/lib/python3.8/site-packages/airflow/example_dags/example_time_delta_sensor_async.py
[2025-10-15T07:47:49.833+0000] {processor.py:830} INFO - Processing file /home/airflow/.local/lib/python3.8/site-packages/airflow/example_dags/example_time_delta_sensor_async.py for tasks to queue
[2025-10-15T07:47:49.834+0000] {logging_mixin.py:188} INFO - [2025-10-15T07:47:49.834+0000] {dagbag.py:540} INFO - Filling up the DagBag from /home/airflow/.local/lib/python3.8/site-packages/airflow/example_dags/example_time_delta_sensor_async.py
[2025-10-15T07:47:49.838+0000] {processor.py:840} INFO - DAG(s) 'example_time_delta_sensor_async' retrieved from /home/airflow/.local/lib/python3.8/site-packages/airflow/example_dags/example_time_delta_sensor_async.py
[2025-10-15T07:47:49.855+0000] {logging_mixin.py:188} INFO - [2025-10-15T07:47:49.855+0000] {dag.py:3047} INFO - Sync 1 DAGs
[2025-10-15T07:47:49.865+0000] {logging_mixin.py:188} INFO - [2025-10-15T07:47:49.865+0000] {dag.py:3834} INFO - Setting next_dagrun for example_time_delta_sensor_async to None, run_after=None
[2025-10-15T07:47:49.884+0000] {processor.py:183} INFO - Processing /home/airflow/.local/lib/python3.8/site-packages/airflow/example_dags/example_time_delta_sensor_async.py took 0.055 seconds
[2025-10-15T07:48:20.116+0000] {processor.py:161} INFO - Started process (PID=905) to work on /home/airflow/.local/lib/python3.8/site-packages/airflow/example_dags/example_time_delta_sensor_async.py
[2025-10-15T07:48:20.117+0000] {processor.py:830} INFO - Processing file /home/airflow/.local/lib/python3.8/site-packages/airflow/example_dags/example_time_delta_sensor_async.py for tasks to queue
[2025-10-15T07:48:20.118+0000] {logging_mixin.py:188} INFO - [2025-10-15T07:48:20.118+0000] {dagbag.py:540} INFO - Filling up the DagBag from /home/airflow/.local/lib/python3.8/site-packages/airflow/example_dags/example_time_delta_sensor_async.py
[2025-10-15T07:48:20.122+0000] {processor.py:840} INFO - DAG(s) 'example_time_delta_sensor_async' retrieved from /home/airflow/.local/lib/python3.8/site-packages/airflow/example_dags/example_time_delta_sensor_async.py
[2025-10-15T07:48:20.138+0000] {logging_mixin.py:188} INFO - [2025-10-15T07:48:20.137+0000] {dag.py:3047} INFO - Sync 1 DAGs
[2025-10-15T07:48:20.148+0000] {logging_mixin.py:188} INFO - [2025-10-15T07:48:20.148+0000] {dag.py:3834} INFO - Setting next_dagrun for example_time_delta_sensor_async to None, run_after=None
[2025-10-15T07:48:20.163+0000] {processor.py:183} INFO - Processing /home/airflow/.local/lib/python3.8/site-packages/airflow/example_dags/example_time_delta_sensor_async.py took 0.049 seconds
[2025-10-15T07:48:50.507+0000] {processor.py:161} INFO - Started process (PID=966) to work on /home/airflow/.local/lib/python3.8/site-packages/airflow/example_dags/example_time_delta_sensor_async.py
[2025-10-15T07:48:50.509+0000] {processor.py:830} INFO - Processing file /home/airflow/.local/lib/python3.8/site-packages/airflow/example_dags/example_time_delta_sensor_async.py for tasks to queue
[2025-10-15T07:48:50.511+0000] {logging_mixin.py:188} INFO - [2025-10-15T07:48:50.510+0000] {dagbag.py:540} INFO - Filling up the DagBag from /home/airflow/.local/lib/python3.8/site-packages/airflow/example_dags/example_time_delta_sensor_async.py
[2025-10-15T07:48:50.515+0000] {processor.py:840} INFO - DAG(s) 'example_time_delta_sensor_async' retrieved from /home/airflow/.local/lib/python3.8/site-packages/airflow/example_dags/example_time_delta_sensor_async.py
[2025-10-15T07:48:50.533+0000] {logging_mixin.py:188} INFO - [2025-10-15T07:48:50.533+0000] {dag.py:3047} INFO - Sync 1 DAGs
[2025-10-15T07:48:50.545+0000] {logging_mixin.py:188} INFO - [2025-10-15T07:48:50.545+0000] {dag.py:3834} INFO - Setting next_dagrun for example_time_delta_sensor_async to None, run_after=None
[2025-10-15T07:48:50.562+0000] {processor.py:183} INFO - Processing /home/airflow/.local/lib/python3.8/site-packages/airflow/example_dags/example_time_delta_sensor_async.py took 0.058 seconds
[2025-10-15T07:49:21.123+0000] {processor.py:161} INFO - Started process (PID=1027) to work on /home/airflow/.local/lib/python3.8/site-packages/airflow/example_dags/example_time_delta_sensor_async.py
[2025-10-15T07:49:21.124+0000] {processor.py:830} INFO - Processing file /home/airflow/.local/lib/python3.8/site-packages/airflow/example_dags/example_time_delta_sensor_async.py for tasks to queue
[2025-10-15T07:49:21.126+0000] {logging_mixin.py:188} INFO - [2025-10-15T07:49:21.125+0000] {dagbag.py:540} INFO - Filling up the DagBag from /home/airflow/.local/lib/python3.8/site-packages/airflow/example_dags/example_time_delta_sensor_async.py
[2025-10-15T07:49:21.129+0000] {processor.py:840} INFO - DAG(s) 'example_time_delta_sensor_async' retrieved from /home/airflow/.local/lib/python3.8/site-packages/airflow/example_dags/example_time_delta_sensor_async.py
[2025-10-15T07:49:21.147+0000] {logging_mixin.py:188} INFO - [2025-10-15T07:49:21.146+0000] {dag.py:3047} INFO - Sync 1 DAGs
[2025-10-15T07:49:21.158+0000] {logging_mixin.py:188} INFO - [2025-10-15T07:49:21.158+0000] {dag.py:3834} INFO - Setting next_dagrun for example_time_delta_sensor_async to None, run_after=None
[2025-10-15T07:49:21.174+0000] {processor.py:183} INFO - Processing /home/airflow/.local/lib/python3.8/site-packages/airflow/example_dags/example_time_delta_sensor_async.py took 0.053 seconds
[2025-10-15T07:49:52.013+0000] {processor.py:161} INFO - Started process (PID=1087) to work on /home/airflow/.local/lib/python3.8/site-packages/airflow/example_dags/example_time_delta_sensor_async.py
[2025-10-15T07:49:52.014+0000] {processor.py:830} INFO - Processing file /home/airflow/.local/lib/python3.8/site-packages/airflow/example_dags/example_time_delta_sensor_async.py for tasks to queue
[2025-10-15T07:49:52.016+0000] {logging_mixin.py:188} INFO - [2025-10-15T07:49:52.016+0000] {dagbag.py:540} INFO - Filling up the DagBag from /home/airflow/.local/lib/python3.8/site-packages/airflow/example_dags/example_time_delta_sensor_async.py
[2025-10-15T07:49:52.020+0000] {processor.py:840} INFO - DAG(s) 'example_time_delta_sensor_async' retrieved from /home/airflow/.local/lib/python3.8/site-packages/airflow/example_dags/example_time_delta_sensor_async.py
[2025-10-15T07:49:52.037+0000] {logging_mixin.py:188} INFO - [2025-10-15T07:49:52.037+0000] {dag.py:3047} INFO - Sync 1 DAGs
[2025-10-15T07:49:52.048+0000] {logging_mixin.py:188} INFO - [2025-10-15T07:49:52.047+0000] {dag.py:3834} INFO - Setting next_dagrun for example_time_delta_sensor_async to None, run_after=None
[2025-10-15T07:49:52.069+0000] {processor.py:183} INFO - Processing /home/airflow/.local/lib/python3.8/site-packages/airflow/example_dags/example_time_delta_sensor_async.py took 0.058 seconds
[2025-10-15T07:50:22.760+0000] {processor.py:161} INFO - Started process (PID=1148) to work on /home/airflow/.local/lib/python3.8/site-packages/airflow/example_dags/example_time_delta_sensor_async.py
[2025-10-15T07:50:22.761+0000] {processor.py:830} INFO - Processing file /home/airflow/.local/lib/python3.8/site-packages/airflow/example_dags/example_time_delta_sensor_async.py for tasks to queue
[2025-10-15T07:50:22.763+0000] {logging_mixin.py:188} INFO - [2025-10-15T07:50:22.762+0000] {dagbag.py:540} INFO - Filling up the DagBag from /home/airflow/.local/lib/python3.8/site-packages/airflow/example_dags/example_time_delta_sensor_async.py
[2025-10-15T07:50:22.766+0000] {processor.py:840} INFO - DAG(s) 'example_time_delta_sensor_async' retrieved from /home/airflow/.local/lib/python3.8/site-packages/airflow/example_dags/example_time_delta_sensor_async.py
[2025-10-15T07:50:22.783+0000] {logging_mixin.py:188} INFO - [2025-10-15T07:50:22.783+0000] {dag.py:3047} INFO - Sync 1 DAGs
[2025-10-15T07:50:22.793+0000] {logging_mixin.py:188} INFO - [2025-10-15T07:50:22.793+0000] {dag.py:3834} INFO - Setting next_dagrun for example_time_delta_sensor_async to None, run_after=None
[2025-10-15T07:50:22.810+0000] {processor.py:183} INFO - Processing /home/airflow/.local/lib/python3.8/site-packages/airflow/example_dags/example_time_delta_sensor_async.py took 0.053 seconds
[2025-10-15T07:50:53.794+0000] {processor.py:161} INFO - Started process (PID=1211) to work on /home/airflow/.local/lib/python3.8/site-packages/airflow/example_dags/example_time_delta_sensor_async.py
[2025-10-15T07:50:53.795+0000] {processor.py:830} INFO - Processing file /home/airflow/.local/lib/python3.8/site-packages/airflow/example_dags/example_time_delta_sensor_async.py for tasks to queue
[2025-10-15T07:50:53.797+0000] {logging_mixin.py:188} INFO - [2025-10-15T07:50:53.797+0000] {dagbag.py:540} INFO - Filling up the DagBag from /home/airflow/.local/lib/python3.8/site-packages/airflow/example_dags/example_time_delta_sensor_async.py
[2025-10-15T07:50:53.801+0000] {processor.py:840} INFO - DAG(s) 'example_time_delta_sensor_async' retrieved from /home/airflow/.local/lib/python3.8/site-packages/airflow/example_dags/example_time_delta_sensor_async.py
[2025-10-15T07:50:53.817+0000] {logging_mixin.py:188} INFO - [2025-10-15T07:50:53.817+0000] {dag.py:3047} INFO - Sync 1 DAGs
[2025-10-15T07:50:53.827+0000] {logging_mixin.py:188} INFO - [2025-10-15T07:50:53.827+0000] {dag.py:3834} INFO - Setting next_dagrun for example_time_delta_sensor_async to None, run_after=None
[2025-10-15T07:50:53.843+0000] {processor.py:183} INFO - Processing /home/airflow/.local/lib/python3.8/site-packages/airflow/example_dags/example_time_delta_sensor_async.py took 0.052 seconds
[2025-10-15T07:51:24.115+0000] {processor.py:161} INFO - Started process (PID=1273) to work on /home/airflow/.local/lib/python3.8/site-packages/airflow/example_dags/example_time_delta_sensor_async.py
[2025-10-15T07:51:24.116+0000] {processor.py:830} INFO - Processing file /home/airflow/.local/lib/python3.8/site-packages/airflow/example_dags/example_time_delta_sensor_async.py for tasks to queue
[2025-10-15T07:51:24.118+0000] {logging_mixin.py:188} INFO - [2025-10-15T07:51:24.117+0000] {dagbag.py:540} INFO - Filling up the DagBag from /home/airflow/.local/lib/python3.8/site-packages/airflow/example_dags/example_time_delta_sensor_async.py
[2025-10-15T07:51:24.121+0000] {processor.py:840} INFO - DAG(s) 'example_time_delta_sensor_async' retrieved from /home/airflow/.local/lib/python3.8/site-packages/airflow/example_dags/example_time_delta_sensor_async.py
[2025-10-15T07:51:24.138+0000] {logging_mixin.py:188} INFO - [2025-10-15T07:51:24.138+0000] {dag.py:3047} INFO - Sync 1 DAGs
[2025-10-15T07:51:24.149+0000] {logging_mixin.py:188} INFO - [2025-10-15T07:51:24.148+0000] {dag.py:3834} INFO - Setting next_dagrun for example_time_delta_sensor_async to None, run_after=None
[2025-10-15T07:51:24.164+0000] {processor.py:183} INFO - Processing /home/airflow/.local/lib/python3.8/site-packages/airflow/example_dags/example_time_delta_sensor_async.py took 0.052 seconds
[2025-10-15T07:51:54.546+0000] {processor.py:161} INFO - Started process (PID=1334) to work on /home/airflow/.local/lib/python3.8/site-packages/airflow/example_dags/example_time_delta_sensor_async.py
[2025-10-15T07:51:54.547+0000] {processor.py:830} INFO - Processing file /home/airflow/.local/lib/python3.8/site-packages/airflow/example_dags/example_time_delta_sensor_async.py for tasks to queue
[2025-10-15T07:51:54.549+0000] {logging_mixin.py:188} INFO - [2025-10-15T07:51:54.548+0000] {dagbag.py:540} INFO - Filling up the DagBag from /home/airflow/.local/lib/python3.8/site-packages/airflow/example_dags/example_time_delta_sensor_async.py
[2025-10-15T07:51:54.552+0000] {processor.py:840} INFO - DAG(s) 'example_time_delta_sensor_async' retrieved from /home/airflow/.local/lib/python3.8/site-packages/airflow/example_dags/example_time_delta_sensor_async.py
[2025-10-15T07:51:54.570+0000] {logging_mixin.py:188} INFO - [2025-10-15T07:51:54.570+0000] {dag.py:3047} INFO - Sync 1 DAGs
[2025-10-15T07:51:54.581+0000] {logging_mixin.py:188} INFO - [2025-10-15T07:51:54.581+0000] {dag.py:3834} INFO - Setting next_dagrun for example_time_delta_sensor_async to None, run_after=None
[2025-10-15T07:51:54.597+0000] {processor.py:183} INFO - Processing /home/airflow/.local/lib/python3.8/site-packages/airflow/example_dags/example_time_delta_sensor_async.py took 0.054 seconds
[2025-10-15T07:52:24.947+0000] {processor.py:161} INFO - Started process (PID=1396) to work on /home/airflow/.local/lib/python3.8/site-packages/airflow/example_dags/example_time_delta_sensor_async.py
[2025-10-15T07:52:24.948+0000] {processor.py:830} INFO - Processing file /home/airflow/.local/lib/python3.8/site-packages/airflow/example_dags/example_time_delta_sensor_async.py for tasks to queue
[2025-10-15T07:52:24.950+0000] {logging_mixin.py:188} INFO - [2025-10-15T07:52:24.950+0000] {dagbag.py:540} INFO - Filling up the DagBag from /home/airflow/.local/lib/python3.8/site-packages/airflow/example_dags/example_time_delta_sensor_async.py
[2025-10-15T07:52:24.955+0000] {processor.py:840} INFO - DAG(s) 'example_time_delta_sensor_async' retrieved from /home/airflow/.local/lib/python3.8/site-packages/airflow/example_dags/example_time_delta_sensor_async.py
[2025-10-15T07:52:24.972+0000] {logging_mixin.py:188} INFO - [2025-10-15T07:52:24.972+0000] {dag.py:3047} INFO - Sync 1 DAGs
[2025-10-15T07:52:24.984+0000] {logging_mixin.py:188} INFO - [2025-10-15T07:52:24.984+0000] {dag.py:3834} INFO - Setting next_dagrun for example_time_delta_sensor_async to None, run_after=None
[2025-10-15T07:52:25.001+0000] {processor.py:183} INFO - Processing /home/airflow/.local/lib/python3.8/site-packages/airflow/example_dags/example_time_delta_sensor_async.py took 0.057 seconds
[2025-10-15T07:52:55.848+0000] {processor.py:161} INFO - Started process (PID=1457) to work on /home/airflow/.local/lib/python3.8/site-packages/airflow/example_dags/example_time_delta_sensor_async.py
[2025-10-15T07:52:55.849+0000] {processor.py:830} INFO - Processing file /home/airflow/.local/lib/python3.8/site-packages/airflow/example_dags/example_time_delta_sensor_async.py for tasks to queue
[2025-10-15T07:52:55.850+0000] {logging_mixin.py:188} INFO - [2025-10-15T07:52:55.850+0000] {dagbag.py:540} INFO - Filling up the DagBag from /home/airflow/.local/lib/python3.8/site-packages/airflow/example_dags/example_time_delta_sensor_async.py
[2025-10-15T07:52:55.854+0000] {processor.py:840} INFO - DAG(s) 'example_time_delta_sensor_async' retrieved from /home/airflow/.local/lib/python3.8/site-packages/airflow/example_dags/example_time_delta_sensor_async.py
[2025-10-15T07:52:55.870+0000] {logging_mixin.py:188} INFO - [2025-10-15T07:52:55.870+0000] {dag.py:3047} INFO - Sync 1 DAGs
[2025-10-15T07:52:55.881+0000] {logging_mixin.py:188} INFO - [2025-10-15T07:52:55.881+0000] {dag.py:3834} INFO - Setting next_dagrun for example_time_delta_sensor_async to None, run_after=None
[2025-10-15T07:52:55.897+0000] {processor.py:183} INFO - Processing /home/airflow/.local/lib/python3.8/site-packages/airflow/example_dags/example_time_delta_sensor_async.py took 0.052 seconds
[2025-10-15T07:53:26.862+0000] {processor.py:161} INFO - Started process (PID=1517) to work on /home/airflow/.local/lib/python3.8/site-packages/airflow/example_dags/example_time_delta_sensor_async.py
[2025-10-15T07:53:26.863+0000] {processor.py:830} INFO - Processing file /home/airflow/.local/lib/python3.8/site-packages/airflow/example_dags/example_time_delta_sensor_async.py for tasks to queue
[2025-10-15T07:53:26.865+0000] {logging_mixin.py:188} INFO - [2025-10-15T07:53:26.865+0000] {dagbag.py:540} INFO - Filling up the DagBag from /home/airflow/.local/lib/python3.8/site-packages/airflow/example_dags/example_time_delta_sensor_async.py
[2025-10-15T07:53:26.870+0000] {processor.py:840} INFO - DAG(s) 'example_time_delta_sensor_async' retrieved from /home/airflow/.local/lib/python3.8/site-packages/airflow/example_dags/example_time_delta_sensor_async.py
[2025-10-15T07:53:26.899+0000] {logging_mixin.py:188} INFO - [2025-10-15T07:53:26.899+0000] {dag.py:3047} INFO - Sync 1 DAGs
[2025-10-15T07:53:26.928+0000] {logging_mixin.py:188} INFO - [2025-10-15T07:53:26.928+0000] {dag.py:3834} INFO - Setting next_dagrun for example_time_delta_sensor_async to None, run_after=None
[2025-10-15T07:53:26.946+0000] {processor.py:183} INFO - Processing /home/airflow/.local/lib/python3.8/site-packages/airflow/example_dags/example_time_delta_sensor_async.py took 0.087 seconds
[2025-10-15T07:53:57.572+0000] {processor.py:161} INFO - Started process (PID=1579) to work on /home/airflow/.local/lib/python3.8/site-packages/airflow/example_dags/example_time_delta_sensor_async.py
[2025-10-15T07:53:57.573+0000] {processor.py:830} INFO - Processing file /home/airflow/.local/lib/python3.8/site-packages/airflow/example_dags/example_time_delta_sensor_async.py for tasks to queue
[2025-10-15T07:53:57.574+0000] {logging_mixin.py:188} INFO - [2025-10-15T07:53:57.574+0000] {dagbag.py:540} INFO - Filling up the DagBag from /home/airflow/.local/lib/python3.8/site-packages/airflow/example_dags/example_time_delta_sensor_async.py
[2025-10-15T07:53:57.578+0000] {processor.py:840} INFO - DAG(s) 'example_time_delta_sensor_async' retrieved from /home/airflow/.local/lib/python3.8/site-packages/airflow/example_dags/example_time_delta_sensor_async.py
[2025-10-15T07:53:57.594+0000] {logging_mixin.py:188} INFO - [2025-10-15T07:53:57.594+0000] {dag.py:3047} INFO - Sync 1 DAGs
[2025-10-15T07:53:57.606+0000] {logging_mixin.py:188} INFO - [2025-10-15T07:53:57.605+0000] {dag.py:3834} INFO - Setting next_dagrun for example_time_delta_sensor_async to None, run_after=None
[2025-10-15T07:53:57.622+0000] {processor.py:183} INFO - Processing /home/airflow/.local/lib/python3.8/site-packages/airflow/example_dags/example_time_delta_sensor_async.py took 0.053 seconds
[2025-10-15T07:54:28.598+0000] {processor.py:161} INFO - Started process (PID=1639) to work on /home/airflow/.local/lib/python3.8/site-packages/airflow/example_dags/example_time_delta_sensor_async.py
[2025-10-15T07:54:28.599+0000] {processor.py:830} INFO - Processing file /home/airflow/.local/lib/python3.8/site-packages/airflow/example_dags/example_time_delta_sensor_async.py for tasks to queue
[2025-10-15T07:54:28.601+0000] {logging_mixin.py:188} INFO - [2025-10-15T07:54:28.600+0000] {dagbag.py:540} INFO - Filling up the DagBag from /home/airflow/.local/lib/python3.8/site-packages/airflow/example_dags/example_time_delta_sensor_async.py
[2025-10-15T07:54:28.605+0000] {processor.py:840} INFO - DAG(s) 'example_time_delta_sensor_async' retrieved from /home/airflow/.local/lib/python3.8/site-packages/airflow/example_dags/example_time_delta_sensor_async.py
[2025-10-15T07:54:28.624+0000] {logging_mixin.py:188} INFO - [2025-10-15T07:54:28.623+0000] {dag.py:3047} INFO - Sync 1 DAGs
[2025-10-15T07:54:28.635+0000] {logging_mixin.py:188} INFO - [2025-10-15T07:54:28.635+0000] {dag.py:3834} INFO - Setting next_dagrun for example_time_delta_sensor_async to None, run_after=None
[2025-10-15T07:54:28.656+0000] {processor.py:183} INFO - Processing /home/airflow/.local/lib/python3.8/site-packages/airflow/example_dags/example_time_delta_sensor_async.py took 0.061 seconds
[2025-10-15T07:54:59.034+0000] {processor.py:161} INFO - Started process (PID=1699) to work on /home/airflow/.local/lib/python3.8/site-packages/airflow/example_dags/example_time_delta_sensor_async.py
[2025-10-15T07:54:59.035+0000] {processor.py:830} INFO - Processing file /home/airflow/.local/lib/python3.8/site-packages/airflow/example_dags/example_time_delta_sensor_async.py for tasks to queue
[2025-10-15T07:54:59.037+0000] {logging_mixin.py:188} INFO - [2025-10-15T07:54:59.036+0000] {dagbag.py:540} INFO - Filling up the DagBag from /home/airflow/.local/lib/python3.8/site-packages/airflow/example_dags/example_time_delta_sensor_async.py
[2025-10-15T07:54:59.040+0000] {processor.py:840} INFO - DAG(s) 'example_time_delta_sensor_async' retrieved from /home/airflow/.local/lib/python3.8/site-packages/airflow/example_dags/example_time_delta_sensor_async.py
[2025-10-15T07:54:59.057+0000] {logging_mixin.py:188} INFO - [2025-10-15T07:54:59.057+0000] {dag.py:3047} INFO - Sync 1 DAGs
[2025-10-15T07:54:59.068+0000] {logging_mixin.py:188} INFO - [2025-10-15T07:54:59.068+0000] {dag.py:3834} INFO - Setting next_dagrun for example_time_delta_sensor_async to None, run_after=None
[2025-10-15T07:54:59.084+0000] {processor.py:183} INFO - Processing /home/airflow/.local/lib/python3.8/site-packages/airflow/example_dags/example_time_delta_sensor_async.py took 0.052 seconds
[2025-10-15T07:55:29.422+0000] {processor.py:161} INFO - Started process (PID=1761) to work on /home/airflow/.local/lib/python3.8/site-packages/airflow/example_dags/example_time_delta_sensor_async.py
[2025-10-15T07:55:29.423+0000] {processor.py:830} INFO - Processing file /home/airflow/.local/lib/python3.8/site-packages/airflow/example_dags/example_time_delta_sensor_async.py for tasks to queue
[2025-10-15T07:55:29.425+0000] {logging_mixin.py:188} INFO - [2025-10-15T07:55:29.425+0000] {dagbag.py:540} INFO - Filling up the DagBag from /home/airflow/.local/lib/python3.8/site-packages/airflow/example_dags/example_time_delta_sensor_async.py
[2025-10-15T07:55:29.429+0000] {processor.py:840} INFO - DAG(s) 'example_time_delta_sensor_async' retrieved from /home/airflow/.local/lib/python3.8/site-packages/airflow/example_dags/example_time_delta_sensor_async.py
[2025-10-15T07:55:29.445+0000] {logging_mixin.py:188} INFO - [2025-10-15T07:55:29.445+0000] {dag.py:3047} INFO - Sync 1 DAGs
[2025-10-15T07:55:29.455+0000] {logging_mixin.py:188} INFO - [2025-10-15T07:55:29.455+0000] {dag.py:3834} INFO - Setting next_dagrun for example_time_delta_sensor_async to None, run_after=None
[2025-10-15T07:55:29.470+0000] {processor.py:183} INFO - Processing /home/airflow/.local/lib/python3.8/site-packages/airflow/example_dags/example_time_delta_sensor_async.py took 0.051 seconds
[2025-10-15T07:55:59.843+0000] {processor.py:161} INFO - Started process (PID=1822) to work on /home/airflow/.local/lib/python3.8/site-packages/airflow/example_dags/example_time_delta_sensor_async.py
[2025-10-15T07:55:59.844+0000] {processor.py:830} INFO - Processing file /home/airflow/.local/lib/python3.8/site-packages/airflow/example_dags/example_time_delta_sensor_async.py for tasks to queue
[2025-10-15T07:55:59.846+0000] {logging_mixin.py:188} INFO - [2025-10-15T07:55:59.846+0000] {dagbag.py:540} INFO - Filling up the DagBag from /home/airflow/.local/lib/python3.8/site-packages/airflow/example_dags/example_time_delta_sensor_async.py
[2025-10-15T07:55:59.849+0000] {processor.py:840} INFO - DAG(s) 'example_time_delta_sensor_async' retrieved from /home/airflow/.local/lib/python3.8/site-packages/airflow/example_dags/example_time_delta_sensor_async.py
[2025-10-15T07:55:59.866+0000] {logging_mixin.py:188} INFO - [2025-10-15T07:55:59.865+0000] {dag.py:3047} INFO - Sync 1 DAGs
[2025-10-15T07:55:59.876+0000] {logging_mixin.py:188} INFO - [2025-10-15T07:55:59.876+0000] {dag.py:3834} INFO - Setting next_dagrun for example_time_delta_sensor_async to None, run_after=None
[2025-10-15T07:55:59.891+0000] {processor.py:183} INFO - Processing /home/airflow/.local/lib/python3.8/site-packages/airflow/example_dags/example_time_delta_sensor_async.py took 0.051 seconds
[2025-10-15T07:56:30.136+0000] {processor.py:161} INFO - Started process (PID=1882) to work on /home/airflow/.local/lib/python3.8/site-packages/airflow/example_dags/example_time_delta_sensor_async.py
[2025-10-15T07:56:30.137+0000] {processor.py:830} INFO - Processing file /home/airflow/.local/lib/python3.8/site-packages/airflow/example_dags/example_time_delta_sensor_async.py for tasks to queue
[2025-10-15T07:56:30.138+0000] {logging_mixin.py:188} INFO - [2025-10-15T07:56:30.138+0000] {dagbag.py:540} INFO - Filling up the DagBag from /home/airflow/.local/lib/python3.8/site-packages/airflow/example_dags/example_time_delta_sensor_async.py
[2025-10-15T07:56:30.142+0000] {processor.py:840} INFO - DAG(s) 'example_time_delta_sensor_async' retrieved from /home/airflow/.local/lib/python3.8/site-packages/airflow/example_dags/example_time_delta_sensor_async.py
[2025-10-15T07:56:30.159+0000] {logging_mixin.py:188} INFO - [2025-10-15T07:56:30.158+0000] {dag.py:3047} INFO - Sync 1 DAGs
[2025-10-15T07:56:30.169+0000] {logging_mixin.py:188} INFO - [2025-10-15T07:56:30.169+0000] {dag.py:3834} INFO - Setting next_dagrun for example_time_delta_sensor_async to None, run_after=None
[2025-10-15T07:56:30.185+0000] {processor.py:183} INFO - Processing /home/airflow/.local/lib/python3.8/site-packages/airflow/example_dags/example_time_delta_sensor_async.py took 0.052 seconds
[2025-10-15T07:57:00.305+0000] {processor.py:161} INFO - Started process (PID=1940) to work on /home/airflow/.local/lib/python3.8/site-packages/airflow/example_dags/example_time_delta_sensor_async.py
[2025-10-15T07:57:00.306+0000] {processor.py:830} INFO - Processing file /home/airflow/.local/lib/python3.8/site-packages/airflow/example_dags/example_time_delta_sensor_async.py for tasks to queue
[2025-10-15T07:57:00.307+0000] {logging_mixin.py:188} INFO - [2025-10-15T07:57:00.307+0000] {dagbag.py:540} INFO - Filling up the DagBag from /home/airflow/.local/lib/python3.8/site-packages/airflow/example_dags/example_time_delta_sensor_async.py
[2025-10-15T07:57:00.311+0000] {processor.py:840} INFO - DAG(s) 'example_time_delta_sensor_async' retrieved from /home/airflow/.local/lib/python3.8/site-packages/airflow/example_dags/example_time_delta_sensor_async.py
[2025-10-15T07:57:00.327+0000] {logging_mixin.py:188} INFO - [2025-10-15T07:57:00.327+0000] {dag.py:3047} INFO - Sync 1 DAGs
[2025-10-15T07:57:00.337+0000] {logging_mixin.py:188} INFO - [2025-10-15T07:57:00.337+0000] {dag.py:3834} INFO - Setting next_dagrun for example_time_delta_sensor_async to None, run_after=None
[2025-10-15T07:57:00.352+0000] {processor.py:183} INFO - Processing /home/airflow/.local/lib/python3.8/site-packages/airflow/example_dags/example_time_delta_sensor_async.py took 0.050 seconds
[2025-10-15T07:57:30.434+0000] {processor.py:161} INFO - Started process (PID=2001) to work on /home/airflow/.local/lib/python3.8/site-packages/airflow/example_dags/example_time_delta_sensor_async.py
[2025-10-15T07:57:30.435+0000] {processor.py:830} INFO - Processing file /home/airflow/.local/lib/python3.8/site-packages/airflow/example_dags/example_time_delta_sensor_async.py for tasks to queue
[2025-10-15T07:57:30.437+0000] {logging_mixin.py:188} INFO - [2025-10-15T07:57:30.436+0000] {dagbag.py:540} INFO - Filling up the DagBag from /home/airflow/.local/lib/python3.8/site-packages/airflow/example_dags/example_time_delta_sensor_async.py
[2025-10-15T07:57:30.440+0000] {processor.py:840} INFO - DAG(s) 'example_time_delta_sensor_async' retrieved from /home/airflow/.local/lib/python3.8/site-packages/airflow/example_dags/example_time_delta_sensor_async.py
[2025-10-15T07:57:30.456+0000] {logging_mixin.py:188} INFO - [2025-10-15T07:57:30.456+0000] {dag.py:3047} INFO - Sync 1 DAGs
[2025-10-15T07:57:30.467+0000] {logging_mixin.py:188} INFO - [2025-10-15T07:57:30.466+0000] {dag.py:3834} INFO - Setting next_dagrun for example_time_delta_sensor_async to None, run_after=None
[2025-10-15T07:57:30.482+0000] {processor.py:183} INFO - Processing /home/airflow/.local/lib/python3.8/site-packages/airflow/example_dags/example_time_delta_sensor_async.py took 0.051 seconds
[2025-10-15T07:58:01.730+0000] {processor.py:161} INFO - Started process (PID=2062) to work on /home/airflow/.local/lib/python3.8/site-packages/airflow/example_dags/example_time_delta_sensor_async.py
[2025-10-15T07:58:01.731+0000] {processor.py:830} INFO - Processing file /home/airflow/.local/lib/python3.8/site-packages/airflow/example_dags/example_time_delta_sensor_async.py for tasks to queue
[2025-10-15T07:58:01.733+0000] {logging_mixin.py:188} INFO - [2025-10-15T07:58:01.732+0000] {dagbag.py:540} INFO - Filling up the DagBag from /home/airflow/.local/lib/python3.8/site-packages/airflow/example_dags/example_time_delta_sensor_async.py
[2025-10-15T07:58:01.737+0000] {processor.py:840} INFO - DAG(s) 'example_time_delta_sensor_async' retrieved from /home/airflow/.local/lib/python3.8/site-packages/airflow/example_dags/example_time_delta_sensor_async.py
[2025-10-15T07:58:01.754+0000] {logging_mixin.py:188} INFO - [2025-10-15T07:58:01.753+0000] {dag.py:3047} INFO - Sync 1 DAGs
[2025-10-15T07:58:01.765+0000] {logging_mixin.py:188} INFO - [2025-10-15T07:58:01.764+0000] {dag.py:3834} INFO - Setting next_dagrun for example_time_delta_sensor_async to None, run_after=None
[2025-10-15T07:58:01.781+0000] {processor.py:183} INFO - Processing /home/airflow/.local/lib/python3.8/site-packages/airflow/example_dags/example_time_delta_sensor_async.py took 0.053 seconds
[2025-10-15T07:58:31.861+0000] {processor.py:161} INFO - Started process (PID=2122) to work on /home/airflow/.local/lib/python3.8/site-packages/airflow/example_dags/example_time_delta_sensor_async.py
[2025-10-15T07:58:31.862+0000] {processor.py:830} INFO - Processing file /home/airflow/.local/lib/python3.8/site-packages/airflow/example_dags/example_time_delta_sensor_async.py for tasks to queue
[2025-10-15T07:58:31.863+0000] {logging_mixin.py:188} INFO - [2025-10-15T07:58:31.863+0000] {dagbag.py:540} INFO - Filling up the DagBag from /home/airflow/.local/lib/python3.8/site-packages/airflow/example_dags/example_time_delta_sensor_async.py
[2025-10-15T07:58:31.867+0000] {processor.py:840} INFO - DAG(s) 'example_time_delta_sensor_async' retrieved from /home/airflow/.local/lib/python3.8/site-packages/airflow/example_dags/example_time_delta_sensor_async.py
[2025-10-15T07:58:31.883+0000] {logging_mixin.py:188} INFO - [2025-10-15T07:58:31.883+0000] {dag.py:3047} INFO - Sync 1 DAGs
[2025-10-15T07:58:31.894+0000] {logging_mixin.py:188} INFO - [2025-10-15T07:58:31.894+0000] {dag.py:3834} INFO - Setting next_dagrun for example_time_delta_sensor_async to None, run_after=None
[2025-10-15T07:58:31.909+0000] {processor.py:183} INFO - Processing /home/airflow/.local/lib/python3.8/site-packages/airflow/example_dags/example_time_delta_sensor_async.py took 0.051 seconds
[2025-10-15T07:59:03.207+0000] {processor.py:161} INFO - Started process (PID=2182) to work on /home/airflow/.local/lib/python3.8/site-packages/airflow/example_dags/example_time_delta_sensor_async.py
[2025-10-15T07:59:03.208+0000] {processor.py:830} INFO - Processing file /home/airflow/.local/lib/python3.8/site-packages/airflow/example_dags/example_time_delta_sensor_async.py for tasks to queue
[2025-10-15T07:59:03.209+0000] {logging_mixin.py:188} INFO - [2025-10-15T07:59:03.209+0000] {dagbag.py:540} INFO - Filling up the DagBag from /home/airflow/.local/lib/python3.8/site-packages/airflow/example_dags/example_time_delta_sensor_async.py
[2025-10-15T07:59:03.213+0000] {processor.py:840} INFO - DAG(s) 'example_time_delta_sensor_async' retrieved from /home/airflow/.local/lib/python3.8/site-packages/airflow/example_dags/example_time_delta_sensor_async.py
[2025-10-15T07:59:03.229+0000] {logging_mixin.py:188} INFO - [2025-10-15T07:59:03.229+0000] {dag.py:3047} INFO - Sync 1 DAGs
[2025-10-15T07:59:03.239+0000] {logging_mixin.py:188} INFO - [2025-10-15T07:59:03.239+0000] {dag.py:3834} INFO - Setting next_dagrun for example_time_delta_sensor_async to None, run_after=None
[2025-10-15T07:59:03.255+0000] {processor.py:183} INFO - Processing /home/airflow/.local/lib/python3.8/site-packages/airflow/example_dags/example_time_delta_sensor_async.py took 0.051 seconds
[2025-10-15T07:59:34.403+0000] {processor.py:161} INFO - Started process (PID=2242) to work on /home/airflow/.local/lib/python3.8/site-packages/airflow/example_dags/example_time_delta_sensor_async.py
[2025-10-15T07:59:34.404+0000] {processor.py:830} INFO - Processing file /home/airflow/.local/lib/python3.8/site-packages/airflow/example_dags/example_time_delta_sensor_async.py for tasks to queue
[2025-10-15T07:59:34.405+0000] {logging_mixin.py:188} INFO - [2025-10-15T07:59:34.405+0000] {dagbag.py:540} INFO - Filling up the DagBag from /home/airflow/.local/lib/python3.8/site-packages/airflow/example_dags/example_time_delta_sensor_async.py
[2025-10-15T07:59:34.409+0000] {processor.py:840} INFO - DAG(s) 'example_time_delta_sensor_async' retrieved from /home/airflow/.local/lib/python3.8/site-packages/airflow/example_dags/example_time_delta_sensor_async.py
[2025-10-15T07:59:34.426+0000] {logging_mixin.py:188} INFO - [2025-10-15T07:59:34.426+0000] {dag.py:3047} INFO - Sync 1 DAGs
[2025-10-15T07:59:34.436+0000] {logging_mixin.py:188} INFO - [2025-10-15T07:59:34.436+0000] {dag.py:3834} INFO - Setting next_dagrun for example_time_delta_sensor_async to None, run_after=None
[2025-10-15T07:59:34.452+0000] {processor.py:183} INFO - Processing /home/airflow/.local/lib/python3.8/site-packages/airflow/example_dags/example_time_delta_sensor_async.py took 0.052 seconds
[2025-10-15T08:00:04.691+0000] {processor.py:161} INFO - Started process (PID=2301) to work on /home/airflow/.local/lib/python3.8/site-packages/airflow/example_dags/example_time_delta_sensor_async.py
[2025-10-15T08:00:04.692+0000] {processor.py:830} INFO - Processing file /home/airflow/.local/lib/python3.8/site-packages/airflow/example_dags/example_time_delta_sensor_async.py for tasks to queue
[2025-10-15T08:00:04.694+0000] {logging_mixin.py:188} INFO - [2025-10-15T08:00:04.693+0000] {dagbag.py:540} INFO - Filling up the DagBag from /home/airflow/.local/lib/python3.8/site-packages/airflow/example_dags/example_time_delta_sensor_async.py
[2025-10-15T08:00:04.698+0000] {processor.py:840} INFO - DAG(s) 'example_time_delta_sensor_async' retrieved from /home/airflow/.local/lib/python3.8/site-packages/airflow/example_dags/example_time_delta_sensor_async.py
[2025-10-15T08:00:04.716+0000] {logging_mixin.py:188} INFO - [2025-10-15T08:00:04.716+0000] {dag.py:3047} INFO - Sync 1 DAGs
[2025-10-15T08:00:04.728+0000] {logging_mixin.py:188} INFO - [2025-10-15T08:00:04.728+0000] {dag.py:3834} INFO - Setting next_dagrun for example_time_delta_sensor_async to None, run_after=None
[2025-10-15T08:00:04.746+0000] {processor.py:183} INFO - Processing /home/airflow/.local/lib/python3.8/site-packages/airflow/example_dags/example_time_delta_sensor_async.py took 0.057 seconds
[2025-10-15T08:00:34.948+0000] {processor.py:161} INFO - Started process (PID=2363) to work on /home/airflow/.local/lib/python3.8/site-packages/airflow/example_dags/example_time_delta_sensor_async.py
[2025-10-15T08:00:34.949+0000] {processor.py:830} INFO - Processing file /home/airflow/.local/lib/python3.8/site-packages/airflow/example_dags/example_time_delta_sensor_async.py for tasks to queue
[2025-10-15T08:00:34.950+0000] {logging_mixin.py:188} INFO - [2025-10-15T08:00:34.950+0000] {dagbag.py:540} INFO - Filling up the DagBag from /home/airflow/.local/lib/python3.8/site-packages/airflow/example_dags/example_time_delta_sensor_async.py
[2025-10-15T08:00:34.954+0000] {processor.py:840} INFO - DAG(s) 'example_time_delta_sensor_async' retrieved from /home/airflow/.local/lib/python3.8/site-packages/airflow/example_dags/example_time_delta_sensor_async.py
[2025-10-15T08:00:34.974+0000] {logging_mixin.py:188} INFO - [2025-10-15T08:00:34.974+0000] {dag.py:3047} INFO - Sync 1 DAGs
[2025-10-15T08:00:34.987+0000] {logging_mixin.py:188} INFO - [2025-10-15T08:00:34.986+0000] {dag.py:3834} INFO - Setting next_dagrun for example_time_delta_sensor_async to None, run_after=None
[2025-10-15T08:00:35.008+0000] {processor.py:183} INFO - Processing /home/airflow/.local/lib/python3.8/site-packages/airflow/example_dags/example_time_delta_sensor_async.py took 0.063 seconds
[2025-10-15T08:01:05.255+0000] {processor.py:161} INFO - Started process (PID=2427) to work on /home/airflow/.local/lib/python3.8/site-packages/airflow/example_dags/example_time_delta_sensor_async.py
[2025-10-15T08:01:05.256+0000] {processor.py:830} INFO - Processing file /home/airflow/.local/lib/python3.8/site-packages/airflow/example_dags/example_time_delta_sensor_async.py for tasks to queue
[2025-10-15T08:01:05.257+0000] {logging_mixin.py:188} INFO - [2025-10-15T08:01:05.256+0000] {dagbag.py:540} INFO - Filling up the DagBag from /home/airflow/.local/lib/python3.8/site-packages/airflow/example_dags/example_time_delta_sensor_async.py
[2025-10-15T08:01:05.261+0000] {processor.py:840} INFO - DAG(s) 'example_time_delta_sensor_async' retrieved from /home/airflow/.local/lib/python3.8/site-packages/airflow/example_dags/example_time_delta_sensor_async.py
[2025-10-15T08:01:05.277+0000] {logging_mixin.py:188} INFO - [2025-10-15T08:01:05.277+0000] {dag.py:3047} INFO - Sync 1 DAGs
[2025-10-15T08:01:05.287+0000] {logging_mixin.py:188} INFO - [2025-10-15T08:01:05.287+0000] {dag.py:3834} INFO - Setting next_dagrun for example_time_delta_sensor_async to None, run_after=None
[2025-10-15T08:01:05.302+0000] {processor.py:183} INFO - Processing /home/airflow/.local/lib/python3.8/site-packages/airflow/example_dags/example_time_delta_sensor_async.py took 0.050 seconds
[2025-10-15T08:01:35.430+0000] {processor.py:161} INFO - Started process (PID=2488) to work on /home/airflow/.local/lib/python3.8/site-packages/airflow/example_dags/example_time_delta_sensor_async.py
[2025-10-15T08:01:35.431+0000] {processor.py:830} INFO - Processing file /home/airflow/.local/lib/python3.8/site-packages/airflow/example_dags/example_time_delta_sensor_async.py for tasks to queue
[2025-10-15T08:01:35.432+0000] {logging_mixin.py:188} INFO - [2025-10-15T08:01:35.432+0000] {dagbag.py:540} INFO - Filling up the DagBag from /home/airflow/.local/lib/python3.8/site-packages/airflow/example_dags/example_time_delta_sensor_async.py
[2025-10-15T08:01:35.436+0000] {processor.py:840} INFO - DAG(s) 'example_time_delta_sensor_async' retrieved from /home/airflow/.local/lib/python3.8/site-packages/airflow/example_dags/example_time_delta_sensor_async.py
[2025-10-15T08:01:35.453+0000] {logging_mixin.py:188} INFO - [2025-10-15T08:01:35.453+0000] {dag.py:3047} INFO - Sync 1 DAGs
[2025-10-15T08:01:35.465+0000] {logging_mixin.py:188} INFO - [2025-10-15T08:01:35.465+0000] {dag.py:3834} INFO - Setting next_dagrun for example_time_delta_sensor_async to None, run_after=None
[2025-10-15T08:01:35.482+0000] {processor.py:183} INFO - Processing /home/airflow/.local/lib/python3.8/site-packages/airflow/example_dags/example_time_delta_sensor_async.py took 0.055 seconds
[2025-10-15T08:02:05.667+0000] {processor.py:161} INFO - Started process (PID=2548) to work on /home/airflow/.local/lib/python3.8/site-packages/airflow/example_dags/example_time_delta_sensor_async.py
[2025-10-15T08:02:05.668+0000] {processor.py:830} INFO - Processing file /home/airflow/.local/lib/python3.8/site-packages/airflow/example_dags/example_time_delta_sensor_async.py for tasks to queue
[2025-10-15T08:02:05.669+0000] {logging_mixin.py:188} INFO - [2025-10-15T08:02:05.668+0000] {dagbag.py:540} INFO - Filling up the DagBag from /home/airflow/.local/lib/python3.8/site-packages/airflow/example_dags/example_time_delta_sensor_async.py
[2025-10-15T08:02:05.672+0000] {processor.py:840} INFO - DAG(s) 'example_time_delta_sensor_async' retrieved from /home/airflow/.local/lib/python3.8/site-packages/airflow/example_dags/example_time_delta_sensor_async.py
[2025-10-15T08:02:05.689+0000] {logging_mixin.py:188} INFO - [2025-10-15T08:02:05.688+0000] {dag.py:3047} INFO - Sync 1 DAGs
[2025-10-15T08:02:05.699+0000] {logging_mixin.py:188} INFO - [2025-10-15T08:02:05.699+0000] {dag.py:3834} INFO - Setting next_dagrun for example_time_delta_sensor_async to None, run_after=None
[2025-10-15T08:02:05.715+0000] {processor.py:183} INFO - Processing /home/airflow/.local/lib/python3.8/site-packages/airflow/example_dags/example_time_delta_sensor_async.py took 0.051 seconds
[2025-10-15T08:02:35.799+0000] {processor.py:161} INFO - Started process (PID=2610) to work on /home/airflow/.local/lib/python3.8/site-packages/airflow/example_dags/example_time_delta_sensor_async.py
[2025-10-15T08:02:35.800+0000] {processor.py:830} INFO - Processing file /home/airflow/.local/lib/python3.8/site-packages/airflow/example_dags/example_time_delta_sensor_async.py for tasks to queue
[2025-10-15T08:02:35.801+0000] {logging_mixin.py:188} INFO - [2025-10-15T08:02:35.800+0000] {dagbag.py:540} INFO - Filling up the DagBag from /home/airflow/.local/lib/python3.8/site-packages/airflow/example_dags/example_time_delta_sensor_async.py
[2025-10-15T08:02:35.805+0000] {processor.py:840} INFO - DAG(s) 'example_time_delta_sensor_async' retrieved from /home/airflow/.local/lib/python3.8/site-packages/airflow/example_dags/example_time_delta_sensor_async.py
[2025-10-15T08:02:35.823+0000] {logging_mixin.py:188} INFO - [2025-10-15T08:02:35.822+0000] {dag.py:3047} INFO - Sync 1 DAGs
[2025-10-15T08:02:35.834+0000] {logging_mixin.py:188} INFO - [2025-10-15T08:02:35.834+0000] {dag.py:3834} INFO - Setting next_dagrun for example_time_delta_sensor_async to None, run_after=None
[2025-10-15T08:02:35.850+0000] {processor.py:183} INFO - Processing /home/airflow/.local/lib/python3.8/site-packages/airflow/example_dags/example_time_delta_sensor_async.py took 0.054 seconds
[2025-10-15T08:03:05.966+0000] {processor.py:161} INFO - Started process (PID=2670) to work on /home/airflow/.local/lib/python3.8/site-packages/airflow/example_dags/example_time_delta_sensor_async.py
[2025-10-15T08:03:05.967+0000] {processor.py:830} INFO - Processing file /home/airflow/.local/lib/python3.8/site-packages/airflow/example_dags/example_time_delta_sensor_async.py for tasks to queue
[2025-10-15T08:03:05.967+0000] {logging_mixin.py:188} INFO - [2025-10-15T08:03:05.967+0000] {dagbag.py:540} INFO - Filling up the DagBag from /home/airflow/.local/lib/python3.8/site-packages/airflow/example_dags/example_time_delta_sensor_async.py
[2025-10-15T08:03:05.972+0000] {processor.py:840} INFO - DAG(s) 'example_time_delta_sensor_async' retrieved from /home/airflow/.local/lib/python3.8/site-packages/airflow/example_dags/example_time_delta_sensor_async.py
[2025-10-15T08:03:05.990+0000] {logging_mixin.py:188} INFO - [2025-10-15T08:03:05.989+0000] {dag.py:3047} INFO - Sync 1 DAGs
[2025-10-15T08:03:06.001+0000] {logging_mixin.py:188} INFO - [2025-10-15T08:03:06.001+0000] {dag.py:3834} INFO - Setting next_dagrun for example_time_delta_sensor_async to None, run_after=None
[2025-10-15T08:03:06.018+0000] {processor.py:183} INFO - Processing /home/airflow/.local/lib/python3.8/site-packages/airflow/example_dags/example_time_delta_sensor_async.py took 0.055 seconds
