[2025-10-15T07:41:42.043+0000] {processor.py:161} INFO - Started process (PID=100) to work on /home/airflow/.local/lib/python3.8/site-packages/airflow/example_dags/example_sla_dag.py
[2025-10-15T07:41:42.044+0000] {processor.py:830} INFO - Processing file /home/airflow/.local/lib/python3.8/site-packages/airflow/example_dags/example_sla_dag.py for tasks to queue
[2025-10-15T07:41:42.046+0000] {logging_mixin.py:188} INFO - [2025-10-15T07:41:42.046+0000] {dagbag.py:540} INFO - Filling up the DagBag from /home/airflow/.local/lib/python3.8/site-packages/airflow/example_dags/example_sla_dag.py
[2025-10-15T07:41:42.055+0000] {processor.py:840} INFO - DAG(s) 'example_sla_dag' retrieved from /home/airflow/.local/lib/python3.8/site-packages/airflow/example_dags/example_sla_dag.py
[2025-10-15T07:41:42.140+0000] {logging_mixin.py:188} INFO - [2025-10-15T07:41:42.140+0000] {dag.py:3047} INFO - Sync 1 DAGs
[2025-10-15T07:41:42.160+0000] {logging_mixin.py:188} INFO - [2025-10-15T07:41:42.160+0000] {dag.py:3834} INFO - Setting next_dagrun for example_sla_dag to 2025-10-15 07:38:00+00:00, run_after=2025-10-15 07:40:00+00:00
[2025-10-15T07:41:42.176+0000] {processor.py:183} INFO - Processing /home/airflow/.local/lib/python3.8/site-packages/airflow/example_dags/example_sla_dag.py took 0.135 seconds
[2025-10-15T07:42:12.396+0000] {processor.py:161} INFO - Started process (PID=161) to work on /home/airflow/.local/lib/python3.8/site-packages/airflow/example_dags/example_sla_dag.py
[2025-10-15T07:42:12.397+0000] {processor.py:830} INFO - Processing file /home/airflow/.local/lib/python3.8/site-packages/airflow/example_dags/example_sla_dag.py for tasks to queue
[2025-10-15T07:42:12.399+0000] {logging_mixin.py:188} INFO - [2025-10-15T07:42:12.399+0000] {dagbag.py:540} INFO - Filling up the DagBag from /home/airflow/.local/lib/python3.8/site-packages/airflow/example_dags/example_sla_dag.py
[2025-10-15T07:42:12.406+0000] {processor.py:840} INFO - DAG(s) 'example_sla_dag' retrieved from /home/airflow/.local/lib/python3.8/site-packages/airflow/example_dags/example_sla_dag.py
[2025-10-15T07:42:12.423+0000] {logging_mixin.py:188} INFO - [2025-10-15T07:42:12.423+0000] {dag.py:3047} INFO - Sync 1 DAGs
[2025-10-15T07:42:12.447+0000] {logging_mixin.py:188} INFO - [2025-10-15T07:42:12.447+0000] {dag.py:3834} INFO - Setting next_dagrun for example_sla_dag to 2025-10-15 07:40:00+00:00, run_after=2025-10-15 07:42:00+00:00
[2025-10-15T07:42:12.466+0000] {processor.py:183} INFO - Processing /home/airflow/.local/lib/python3.8/site-packages/airflow/example_dags/example_sla_dag.py took 0.072 seconds
[2025-10-15T07:42:42.876+0000] {processor.py:161} INFO - Started process (PID=221) to work on /home/airflow/.local/lib/python3.8/site-packages/airflow/example_dags/example_sla_dag.py
[2025-10-15T07:42:42.877+0000] {processor.py:830} INFO - Processing file /home/airflow/.local/lib/python3.8/site-packages/airflow/example_dags/example_sla_dag.py for tasks to queue
[2025-10-15T07:42:42.878+0000] {logging_mixin.py:188} INFO - [2025-10-15T07:42:42.878+0000] {dagbag.py:540} INFO - Filling up the DagBag from /home/airflow/.local/lib/python3.8/site-packages/airflow/example_dags/example_sla_dag.py
[2025-10-15T07:42:42.885+0000] {processor.py:840} INFO - DAG(s) 'example_sla_dag' retrieved from /home/airflow/.local/lib/python3.8/site-packages/airflow/example_dags/example_sla_dag.py
[2025-10-15T07:42:42.900+0000] {logging_mixin.py:188} INFO - [2025-10-15T07:42:42.900+0000] {dag.py:3047} INFO - Sync 1 DAGs
[2025-10-15T07:42:42.921+0000] {logging_mixin.py:188} INFO - [2025-10-15T07:42:42.921+0000] {dag.py:3834} INFO - Setting next_dagrun for example_sla_dag to 2025-10-15 07:40:00+00:00, run_after=2025-10-15 07:42:00+00:00
[2025-10-15T07:42:42.937+0000] {processor.py:183} INFO - Processing /home/airflow/.local/lib/python3.8/site-packages/airflow/example_dags/example_sla_dag.py took 0.063 seconds
[2025-10-15T07:43:14.146+0000] {processor.py:161} INFO - Started process (PID=281) to work on /home/airflow/.local/lib/python3.8/site-packages/airflow/example_dags/example_sla_dag.py
[2025-10-15T07:43:14.147+0000] {processor.py:830} INFO - Processing file /home/airflow/.local/lib/python3.8/site-packages/airflow/example_dags/example_sla_dag.py for tasks to queue
[2025-10-15T07:43:14.149+0000] {logging_mixin.py:188} INFO - [2025-10-15T07:43:14.149+0000] {dagbag.py:540} INFO - Filling up the DagBag from /home/airflow/.local/lib/python3.8/site-packages/airflow/example_dags/example_sla_dag.py
[2025-10-15T07:43:14.157+0000] {processor.py:840} INFO - DAG(s) 'example_sla_dag' retrieved from /home/airflow/.local/lib/python3.8/site-packages/airflow/example_dags/example_sla_dag.py
[2025-10-15T07:43:14.182+0000] {logging_mixin.py:188} INFO - [2025-10-15T07:43:14.182+0000] {dag.py:3047} INFO - Sync 1 DAGs
[2025-10-15T07:43:14.237+0000] {logging_mixin.py:188} INFO - [2025-10-15T07:43:14.237+0000] {dag.py:3834} INFO - Setting next_dagrun for example_sla_dag to 2025-10-15 07:40:00+00:00, run_after=2025-10-15 07:42:00+00:00
[2025-10-15T07:43:14.261+0000] {processor.py:183} INFO - Processing /home/airflow/.local/lib/python3.8/site-packages/airflow/example_dags/example_sla_dag.py took 0.117 seconds
[2025-10-15T07:43:44.549+0000] {processor.py:161} INFO - Started process (PID=341) to work on /home/airflow/.local/lib/python3.8/site-packages/airflow/example_dags/example_sla_dag.py
[2025-10-15T07:43:44.550+0000] {processor.py:830} INFO - Processing file /home/airflow/.local/lib/python3.8/site-packages/airflow/example_dags/example_sla_dag.py for tasks to queue
[2025-10-15T07:43:44.551+0000] {logging_mixin.py:188} INFO - [2025-10-15T07:43:44.551+0000] {dagbag.py:540} INFO - Filling up the DagBag from /home/airflow/.local/lib/python3.8/site-packages/airflow/example_dags/example_sla_dag.py
[2025-10-15T07:43:44.559+0000] {processor.py:840} INFO - DAG(s) 'example_sla_dag' retrieved from /home/airflow/.local/lib/python3.8/site-packages/airflow/example_dags/example_sla_dag.py
[2025-10-15T07:43:44.576+0000] {logging_mixin.py:188} INFO - [2025-10-15T07:43:44.576+0000] {dag.py:3047} INFO - Sync 1 DAGs
[2025-10-15T07:43:44.603+0000] {logging_mixin.py:188} INFO - [2025-10-15T07:43:44.603+0000] {dag.py:3834} INFO - Setting next_dagrun for example_sla_dag to 2025-10-15 07:40:00+00:00, run_after=2025-10-15 07:42:00+00:00
[2025-10-15T07:43:44.622+0000] {processor.py:183} INFO - Processing /home/airflow/.local/lib/python3.8/site-packages/airflow/example_dags/example_sla_dag.py took 0.076 seconds
[2025-10-15T07:44:14.992+0000] {processor.py:161} INFO - Started process (PID=401) to work on /home/airflow/.local/lib/python3.8/site-packages/airflow/example_dags/example_sla_dag.py
[2025-10-15T07:44:14.993+0000] {processor.py:830} INFO - Processing file /home/airflow/.local/lib/python3.8/site-packages/airflow/example_dags/example_sla_dag.py for tasks to queue
[2025-10-15T07:44:14.995+0000] {logging_mixin.py:188} INFO - [2025-10-15T07:44:14.995+0000] {dagbag.py:540} INFO - Filling up the DagBag from /home/airflow/.local/lib/python3.8/site-packages/airflow/example_dags/example_sla_dag.py
[2025-10-15T07:44:15.004+0000] {processor.py:840} INFO - DAG(s) 'example_sla_dag' retrieved from /home/airflow/.local/lib/python3.8/site-packages/airflow/example_dags/example_sla_dag.py
[2025-10-15T07:44:15.023+0000] {logging_mixin.py:188} INFO - [2025-10-15T07:44:15.023+0000] {dag.py:3047} INFO - Sync 1 DAGs
[2025-10-15T07:44:15.046+0000] {logging_mixin.py:188} INFO - [2025-10-15T07:44:15.046+0000] {dag.py:3834} INFO - Setting next_dagrun for example_sla_dag to 2025-10-15 07:42:00+00:00, run_after=2025-10-15 07:44:00+00:00
[2025-10-15T07:44:15.065+0000] {processor.py:183} INFO - Processing /home/airflow/.local/lib/python3.8/site-packages/airflow/example_dags/example_sla_dag.py took 0.076 seconds
[2025-10-15T07:44:45.211+0000] {processor.py:161} INFO - Started process (PID=461) to work on /home/airflow/.local/lib/python3.8/site-packages/airflow/example_dags/example_sla_dag.py
[2025-10-15T07:44:45.212+0000] {processor.py:830} INFO - Processing file /home/airflow/.local/lib/python3.8/site-packages/airflow/example_dags/example_sla_dag.py for tasks to queue
[2025-10-15T07:44:45.214+0000] {logging_mixin.py:188} INFO - [2025-10-15T07:44:45.214+0000] {dagbag.py:540} INFO - Filling up the DagBag from /home/airflow/.local/lib/python3.8/site-packages/airflow/example_dags/example_sla_dag.py
[2025-10-15T07:44:45.221+0000] {processor.py:840} INFO - DAG(s) 'example_sla_dag' retrieved from /home/airflow/.local/lib/python3.8/site-packages/airflow/example_dags/example_sla_dag.py
[2025-10-15T07:44:45.237+0000] {logging_mixin.py:188} INFO - [2025-10-15T07:44:45.237+0000] {dag.py:3047} INFO - Sync 1 DAGs
[2025-10-15T07:44:45.260+0000] {logging_mixin.py:188} INFO - [2025-10-15T07:44:45.259+0000] {dag.py:3834} INFO - Setting next_dagrun for example_sla_dag to 2025-10-15 07:42:00+00:00, run_after=2025-10-15 07:44:00+00:00
[2025-10-15T07:44:45.278+0000] {processor.py:183} INFO - Processing /home/airflow/.local/lib/python3.8/site-packages/airflow/example_dags/example_sla_dag.py took 0.069 seconds
[2025-10-15T07:45:15.375+0000] {processor.py:161} INFO - Started process (PID=520) to work on /home/airflow/.local/lib/python3.8/site-packages/airflow/example_dags/example_sla_dag.py
[2025-10-15T07:45:15.376+0000] {processor.py:830} INFO - Processing file /home/airflow/.local/lib/python3.8/site-packages/airflow/example_dags/example_sla_dag.py for tasks to queue
[2025-10-15T07:45:15.378+0000] {logging_mixin.py:188} INFO - [2025-10-15T07:45:15.378+0000] {dagbag.py:540} INFO - Filling up the DagBag from /home/airflow/.local/lib/python3.8/site-packages/airflow/example_dags/example_sla_dag.py
[2025-10-15T07:45:15.386+0000] {processor.py:840} INFO - DAG(s) 'example_sla_dag' retrieved from /home/airflow/.local/lib/python3.8/site-packages/airflow/example_dags/example_sla_dag.py
[2025-10-15T07:45:15.404+0000] {logging_mixin.py:188} INFO - [2025-10-15T07:45:15.403+0000] {dag.py:3047} INFO - Sync 1 DAGs
[2025-10-15T07:45:15.427+0000] {logging_mixin.py:188} INFO - [2025-10-15T07:45:15.427+0000] {dag.py:3834} INFO - Setting next_dagrun for example_sla_dag to 2025-10-15 07:42:00+00:00, run_after=2025-10-15 07:44:00+00:00
[2025-10-15T07:45:15.446+0000] {processor.py:183} INFO - Processing /home/airflow/.local/lib/python3.8/site-packages/airflow/example_dags/example_sla_dag.py took 0.073 seconds
[2025-10-15T07:45:45.726+0000] {processor.py:161} INFO - Started process (PID=580) to work on /home/airflow/.local/lib/python3.8/site-packages/airflow/example_dags/example_sla_dag.py
[2025-10-15T07:45:45.727+0000] {processor.py:830} INFO - Processing file /home/airflow/.local/lib/python3.8/site-packages/airflow/example_dags/example_sla_dag.py for tasks to queue
[2025-10-15T07:45:45.728+0000] {logging_mixin.py:188} INFO - [2025-10-15T07:45:45.728+0000] {dagbag.py:540} INFO - Filling up the DagBag from /home/airflow/.local/lib/python3.8/site-packages/airflow/example_dags/example_sla_dag.py
[2025-10-15T07:45:45.736+0000] {processor.py:840} INFO - DAG(s) 'example_sla_dag' retrieved from /home/airflow/.local/lib/python3.8/site-packages/airflow/example_dags/example_sla_dag.py
[2025-10-15T07:45:45.752+0000] {logging_mixin.py:188} INFO - [2025-10-15T07:45:45.752+0000] {dag.py:3047} INFO - Sync 1 DAGs
[2025-10-15T07:45:45.775+0000] {logging_mixin.py:188} INFO - [2025-10-15T07:45:45.775+0000] {dag.py:3834} INFO - Setting next_dagrun for example_sla_dag to 2025-10-15 07:42:00+00:00, run_after=2025-10-15 07:44:00+00:00
[2025-10-15T07:45:45.791+0000] {processor.py:183} INFO - Processing /home/airflow/.local/lib/python3.8/site-packages/airflow/example_dags/example_sla_dag.py took 0.068 seconds
[2025-10-15T07:46:16.490+0000] {processor.py:161} INFO - Started process (PID=640) to work on /home/airflow/.local/lib/python3.8/site-packages/airflow/example_dags/example_sla_dag.py
[2025-10-15T07:46:16.491+0000] {processor.py:830} INFO - Processing file /home/airflow/.local/lib/python3.8/site-packages/airflow/example_dags/example_sla_dag.py for tasks to queue
[2025-10-15T07:46:16.493+0000] {logging_mixin.py:188} INFO - [2025-10-15T07:46:16.493+0000] {dagbag.py:540} INFO - Filling up the DagBag from /home/airflow/.local/lib/python3.8/site-packages/airflow/example_dags/example_sla_dag.py
[2025-10-15T07:46:16.501+0000] {processor.py:840} INFO - DAG(s) 'example_sla_dag' retrieved from /home/airflow/.local/lib/python3.8/site-packages/airflow/example_dags/example_sla_dag.py
[2025-10-15T07:46:16.525+0000] {logging_mixin.py:188} INFO - [2025-10-15T07:46:16.525+0000] {dag.py:3047} INFO - Sync 1 DAGs
[2025-10-15T07:46:16.549+0000] {logging_mixin.py:188} INFO - [2025-10-15T07:46:16.549+0000] {dag.py:3834} INFO - Setting next_dagrun for example_sla_dag to 2025-10-15 07:44:00+00:00, run_after=2025-10-15 07:46:00+00:00
[2025-10-15T07:46:16.568+0000] {processor.py:183} INFO - Processing /home/airflow/.local/lib/python3.8/site-packages/airflow/example_dags/example_sla_dag.py took 0.082 seconds
[2025-10-15T07:46:47.237+0000] {processor.py:161} INFO - Started process (PID=700) to work on /home/airflow/.local/lib/python3.8/site-packages/airflow/example_dags/example_sla_dag.py
[2025-10-15T07:46:47.239+0000] {processor.py:830} INFO - Processing file /home/airflow/.local/lib/python3.8/site-packages/airflow/example_dags/example_sla_dag.py for tasks to queue
[2025-10-15T07:46:47.250+0000] {logging_mixin.py:188} INFO - [2025-10-15T07:46:47.250+0000] {dagbag.py:540} INFO - Filling up the DagBag from /home/airflow/.local/lib/python3.8/site-packages/airflow/example_dags/example_sla_dag.py
[2025-10-15T07:46:47.258+0000] {processor.py:840} INFO - DAG(s) 'example_sla_dag' retrieved from /home/airflow/.local/lib/python3.8/site-packages/airflow/example_dags/example_sla_dag.py
[2025-10-15T07:46:47.274+0000] {logging_mixin.py:188} INFO - [2025-10-15T07:46:47.274+0000] {dag.py:3047} INFO - Sync 1 DAGs
[2025-10-15T07:46:47.296+0000] {logging_mixin.py:188} INFO - [2025-10-15T07:46:47.296+0000] {dag.py:3834} INFO - Setting next_dagrun for example_sla_dag to 2025-10-15 07:44:00+00:00, run_after=2025-10-15 07:46:00+00:00
[2025-10-15T07:46:47.311+0000] {processor.py:183} INFO - Processing /home/airflow/.local/lib/python3.8/site-packages/airflow/example_dags/example_sla_dag.py took 0.078 seconds
[2025-10-15T07:47:18.141+0000] {processor.py:161} INFO - Started process (PID=760) to work on /home/airflow/.local/lib/python3.8/site-packages/airflow/example_dags/example_sla_dag.py
[2025-10-15T07:47:18.142+0000] {processor.py:830} INFO - Processing file /home/airflow/.local/lib/python3.8/site-packages/airflow/example_dags/example_sla_dag.py for tasks to queue
[2025-10-15T07:47:18.144+0000] {logging_mixin.py:188} INFO - [2025-10-15T07:47:18.144+0000] {dagbag.py:540} INFO - Filling up the DagBag from /home/airflow/.local/lib/python3.8/site-packages/airflow/example_dags/example_sla_dag.py
[2025-10-15T07:47:18.152+0000] {processor.py:840} INFO - DAG(s) 'example_sla_dag' retrieved from /home/airflow/.local/lib/python3.8/site-packages/airflow/example_dags/example_sla_dag.py
[2025-10-15T07:47:18.168+0000] {logging_mixin.py:188} INFO - [2025-10-15T07:47:18.167+0000] {dag.py:3047} INFO - Sync 1 DAGs
[2025-10-15T07:47:18.191+0000] {logging_mixin.py:188} INFO - [2025-10-15T07:47:18.190+0000] {dag.py:3834} INFO - Setting next_dagrun for example_sla_dag to 2025-10-15 07:44:00+00:00, run_after=2025-10-15 07:46:00+00:00
[2025-10-15T07:47:18.206+0000] {processor.py:183} INFO - Processing /home/airflow/.local/lib/python3.8/site-packages/airflow/example_dags/example_sla_dag.py took 0.068 seconds
[2025-10-15T07:47:48.302+0000] {processor.py:161} INFO - Started process (PID=820) to work on /home/airflow/.local/lib/python3.8/site-packages/airflow/example_dags/example_sla_dag.py
[2025-10-15T07:47:48.303+0000] {processor.py:830} INFO - Processing file /home/airflow/.local/lib/python3.8/site-packages/airflow/example_dags/example_sla_dag.py for tasks to queue
[2025-10-15T07:47:48.305+0000] {logging_mixin.py:188} INFO - [2025-10-15T07:47:48.305+0000] {dagbag.py:540} INFO - Filling up the DagBag from /home/airflow/.local/lib/python3.8/site-packages/airflow/example_dags/example_sla_dag.py
[2025-10-15T07:47:48.312+0000] {processor.py:840} INFO - DAG(s) 'example_sla_dag' retrieved from /home/airflow/.local/lib/python3.8/site-packages/airflow/example_dags/example_sla_dag.py
[2025-10-15T07:47:48.331+0000] {logging_mixin.py:188} INFO - [2025-10-15T07:47:48.330+0000] {dag.py:3047} INFO - Sync 1 DAGs
[2025-10-15T07:47:48.355+0000] {logging_mixin.py:188} INFO - [2025-10-15T07:47:48.354+0000] {dag.py:3834} INFO - Setting next_dagrun for example_sla_dag to 2025-10-15 07:44:00+00:00, run_after=2025-10-15 07:46:00+00:00
[2025-10-15T07:47:48.373+0000] {processor.py:183} INFO - Processing /home/airflow/.local/lib/python3.8/site-packages/airflow/example_dags/example_sla_dag.py took 0.074 seconds
[2025-10-15T07:48:18.732+0000] {processor.py:161} INFO - Started process (PID=880) to work on /home/airflow/.local/lib/python3.8/site-packages/airflow/example_dags/example_sla_dag.py
[2025-10-15T07:48:18.733+0000] {processor.py:830} INFO - Processing file /home/airflow/.local/lib/python3.8/site-packages/airflow/example_dags/example_sla_dag.py for tasks to queue
[2025-10-15T07:48:18.735+0000] {logging_mixin.py:188} INFO - [2025-10-15T07:48:18.734+0000] {dagbag.py:540} INFO - Filling up the DagBag from /home/airflow/.local/lib/python3.8/site-packages/airflow/example_dags/example_sla_dag.py
[2025-10-15T07:48:18.742+0000] {processor.py:840} INFO - DAG(s) 'example_sla_dag' retrieved from /home/airflow/.local/lib/python3.8/site-packages/airflow/example_dags/example_sla_dag.py
[2025-10-15T07:48:18.759+0000] {logging_mixin.py:188} INFO - [2025-10-15T07:48:18.759+0000] {dag.py:3047} INFO - Sync 1 DAGs
[2025-10-15T07:48:18.782+0000] {logging_mixin.py:188} INFO - [2025-10-15T07:48:18.781+0000] {dag.py:3834} INFO - Setting next_dagrun for example_sla_dag to 2025-10-15 07:46:00+00:00, run_after=2025-10-15 07:48:00+00:00
[2025-10-15T07:48:18.800+0000] {processor.py:183} INFO - Processing /home/airflow/.local/lib/python3.8/site-packages/airflow/example_dags/example_sla_dag.py took 0.071 seconds
[2025-10-15T07:48:49.026+0000] {processor.py:161} INFO - Started process (PID=941) to work on /home/airflow/.local/lib/python3.8/site-packages/airflow/example_dags/example_sla_dag.py
[2025-10-15T07:48:49.027+0000] {processor.py:830} INFO - Processing file /home/airflow/.local/lib/python3.8/site-packages/airflow/example_dags/example_sla_dag.py for tasks to queue
[2025-10-15T07:48:49.029+0000] {logging_mixin.py:188} INFO - [2025-10-15T07:48:49.028+0000] {dagbag.py:540} INFO - Filling up the DagBag from /home/airflow/.local/lib/python3.8/site-packages/airflow/example_dags/example_sla_dag.py
[2025-10-15T07:48:49.035+0000] {processor.py:840} INFO - DAG(s) 'example_sla_dag' retrieved from /home/airflow/.local/lib/python3.8/site-packages/airflow/example_dags/example_sla_dag.py
[2025-10-15T07:48:49.052+0000] {logging_mixin.py:188} INFO - [2025-10-15T07:48:49.051+0000] {dag.py:3047} INFO - Sync 1 DAGs
[2025-10-15T07:48:49.073+0000] {logging_mixin.py:188} INFO - [2025-10-15T07:48:49.073+0000] {dag.py:3834} INFO - Setting next_dagrun for example_sla_dag to 2025-10-15 07:46:00+00:00, run_after=2025-10-15 07:48:00+00:00
[2025-10-15T07:48:49.089+0000] {processor.py:183} INFO - Processing /home/airflow/.local/lib/python3.8/site-packages/airflow/example_dags/example_sla_dag.py took 0.066 seconds
[2025-10-15T07:49:19.358+0000] {processor.py:161} INFO - Started process (PID=1002) to work on /home/airflow/.local/lib/python3.8/site-packages/airflow/example_dags/example_sla_dag.py
[2025-10-15T07:49:19.359+0000] {processor.py:830} INFO - Processing file /home/airflow/.local/lib/python3.8/site-packages/airflow/example_dags/example_sla_dag.py for tasks to queue
[2025-10-15T07:49:19.360+0000] {logging_mixin.py:188} INFO - [2025-10-15T07:49:19.360+0000] {dagbag.py:540} INFO - Filling up the DagBag from /home/airflow/.local/lib/python3.8/site-packages/airflow/example_dags/example_sla_dag.py
[2025-10-15T07:49:19.367+0000] {processor.py:840} INFO - DAG(s) 'example_sla_dag' retrieved from /home/airflow/.local/lib/python3.8/site-packages/airflow/example_dags/example_sla_dag.py
[2025-10-15T07:49:19.382+0000] {logging_mixin.py:188} INFO - [2025-10-15T07:49:19.382+0000] {dag.py:3047} INFO - Sync 1 DAGs
[2025-10-15T07:49:19.402+0000] {logging_mixin.py:188} INFO - [2025-10-15T07:49:19.402+0000] {dag.py:3834} INFO - Setting next_dagrun for example_sla_dag to 2025-10-15 07:46:00+00:00, run_after=2025-10-15 07:48:00+00:00
[2025-10-15T07:49:19.417+0000] {processor.py:183} INFO - Processing /home/airflow/.local/lib/python3.8/site-packages/airflow/example_dags/example_sla_dag.py took 0.063 seconds
[2025-10-15T07:49:49.706+0000] {processor.py:161} INFO - Started process (PID=1062) to work on /home/airflow/.local/lib/python3.8/site-packages/airflow/example_dags/example_sla_dag.py
[2025-10-15T07:49:49.707+0000] {processor.py:830} INFO - Processing file /home/airflow/.local/lib/python3.8/site-packages/airflow/example_dags/example_sla_dag.py for tasks to queue
[2025-10-15T07:49:49.709+0000] {logging_mixin.py:188} INFO - [2025-10-15T07:49:49.708+0000] {dagbag.py:540} INFO - Filling up the DagBag from /home/airflow/.local/lib/python3.8/site-packages/airflow/example_dags/example_sla_dag.py
[2025-10-15T07:49:49.715+0000] {processor.py:840} INFO - DAG(s) 'example_sla_dag' retrieved from /home/airflow/.local/lib/python3.8/site-packages/airflow/example_dags/example_sla_dag.py
[2025-10-15T07:49:49.731+0000] {logging_mixin.py:188} INFO - [2025-10-15T07:49:49.731+0000] {dag.py:3047} INFO - Sync 1 DAGs
[2025-10-15T07:49:49.754+0000] {logging_mixin.py:188} INFO - [2025-10-15T07:49:49.754+0000] {dag.py:3834} INFO - Setting next_dagrun for example_sla_dag to 2025-10-15 07:46:00+00:00, run_after=2025-10-15 07:48:00+00:00
[2025-10-15T07:49:49.769+0000] {processor.py:183} INFO - Processing /home/airflow/.local/lib/python3.8/site-packages/airflow/example_dags/example_sla_dag.py took 0.066 seconds
[2025-10-15T07:50:20.456+0000] {processor.py:161} INFO - Started process (PID=1123) to work on /home/airflow/.local/lib/python3.8/site-packages/airflow/example_dags/example_sla_dag.py
[2025-10-15T07:50:20.457+0000] {processor.py:830} INFO - Processing file /home/airflow/.local/lib/python3.8/site-packages/airflow/example_dags/example_sla_dag.py for tasks to queue
[2025-10-15T07:50:20.459+0000] {logging_mixin.py:188} INFO - [2025-10-15T07:50:20.459+0000] {dagbag.py:540} INFO - Filling up the DagBag from /home/airflow/.local/lib/python3.8/site-packages/airflow/example_dags/example_sla_dag.py
[2025-10-15T07:50:20.466+0000] {processor.py:840} INFO - DAG(s) 'example_sla_dag' retrieved from /home/airflow/.local/lib/python3.8/site-packages/airflow/example_dags/example_sla_dag.py
[2025-10-15T07:50:20.482+0000] {logging_mixin.py:188} INFO - [2025-10-15T07:50:20.482+0000] {dag.py:3047} INFO - Sync 1 DAGs
[2025-10-15T07:50:20.504+0000] {logging_mixin.py:188} INFO - [2025-10-15T07:50:20.504+0000] {dag.py:3834} INFO - Setting next_dagrun for example_sla_dag to 2025-10-15 07:48:00+00:00, run_after=2025-10-15 07:50:00+00:00
[2025-10-15T07:50:20.519+0000] {processor.py:183} INFO - Processing /home/airflow/.local/lib/python3.8/site-packages/airflow/example_dags/example_sla_dag.py took 0.066 seconds
[2025-10-15T07:50:51.371+0000] {processor.py:161} INFO - Started process (PID=1186) to work on /home/airflow/.local/lib/python3.8/site-packages/airflow/example_dags/example_sla_dag.py
[2025-10-15T07:50:51.372+0000] {processor.py:830} INFO - Processing file /home/airflow/.local/lib/python3.8/site-packages/airflow/example_dags/example_sla_dag.py for tasks to queue
[2025-10-15T07:50:51.374+0000] {logging_mixin.py:188} INFO - [2025-10-15T07:50:51.373+0000] {dagbag.py:540} INFO - Filling up the DagBag from /home/airflow/.local/lib/python3.8/site-packages/airflow/example_dags/example_sla_dag.py
[2025-10-15T07:50:51.381+0000] {processor.py:840} INFO - DAG(s) 'example_sla_dag' retrieved from /home/airflow/.local/lib/python3.8/site-packages/airflow/example_dags/example_sla_dag.py
[2025-10-15T07:50:51.398+0000] {logging_mixin.py:188} INFO - [2025-10-15T07:50:51.398+0000] {dag.py:3047} INFO - Sync 1 DAGs
[2025-10-15T07:50:51.422+0000] {logging_mixin.py:188} INFO - [2025-10-15T07:50:51.422+0000] {dag.py:3834} INFO - Setting next_dagrun for example_sla_dag to 2025-10-15 07:48:00+00:00, run_after=2025-10-15 07:50:00+00:00
[2025-10-15T07:50:51.438+0000] {processor.py:183} INFO - Processing /home/airflow/.local/lib/python3.8/site-packages/airflow/example_dags/example_sla_dag.py took 0.069 seconds
[2025-10-15T07:51:21.553+0000] {processor.py:161} INFO - Started process (PID=1248) to work on /home/airflow/.local/lib/python3.8/site-packages/airflow/example_dags/example_sla_dag.py
[2025-10-15T07:51:21.554+0000] {processor.py:830} INFO - Processing file /home/airflow/.local/lib/python3.8/site-packages/airflow/example_dags/example_sla_dag.py for tasks to queue
[2025-10-15T07:51:21.556+0000] {logging_mixin.py:188} INFO - [2025-10-15T07:51:21.556+0000] {dagbag.py:540} INFO - Filling up the DagBag from /home/airflow/.local/lib/python3.8/site-packages/airflow/example_dags/example_sla_dag.py
[2025-10-15T07:51:21.564+0000] {processor.py:840} INFO - DAG(s) 'example_sla_dag' retrieved from /home/airflow/.local/lib/python3.8/site-packages/airflow/example_dags/example_sla_dag.py
[2025-10-15T07:51:21.580+0000] {logging_mixin.py:188} INFO - [2025-10-15T07:51:21.580+0000] {dag.py:3047} INFO - Sync 1 DAGs
[2025-10-15T07:51:21.600+0000] {logging_mixin.py:188} INFO - [2025-10-15T07:51:21.600+0000] {dag.py:3834} INFO - Setting next_dagrun for example_sla_dag to 2025-10-15 07:48:00+00:00, run_after=2025-10-15 07:50:00+00:00
[2025-10-15T07:51:21.615+0000] {processor.py:183} INFO - Processing /home/airflow/.local/lib/python3.8/site-packages/airflow/example_dags/example_sla_dag.py took 0.064 seconds
[2025-10-15T07:51:51.718+0000] {processor.py:161} INFO - Started process (PID=1308) to work on /home/airflow/.local/lib/python3.8/site-packages/airflow/example_dags/example_sla_dag.py
[2025-10-15T07:51:51.719+0000] {processor.py:830} INFO - Processing file /home/airflow/.local/lib/python3.8/site-packages/airflow/example_dags/example_sla_dag.py for tasks to queue
[2025-10-15T07:51:51.721+0000] {logging_mixin.py:188} INFO - [2025-10-15T07:51:51.721+0000] {dagbag.py:540} INFO - Filling up the DagBag from /home/airflow/.local/lib/python3.8/site-packages/airflow/example_dags/example_sla_dag.py
[2025-10-15T07:51:51.728+0000] {processor.py:840} INFO - DAG(s) 'example_sla_dag' retrieved from /home/airflow/.local/lib/python3.8/site-packages/airflow/example_dags/example_sla_dag.py
[2025-10-15T07:51:51.744+0000] {logging_mixin.py:188} INFO - [2025-10-15T07:51:51.744+0000] {dag.py:3047} INFO - Sync 1 DAGs
[2025-10-15T07:51:51.765+0000] {logging_mixin.py:188} INFO - [2025-10-15T07:51:51.765+0000] {dag.py:3834} INFO - Setting next_dagrun for example_sla_dag to 2025-10-15 07:48:00+00:00, run_after=2025-10-15 07:50:00+00:00
[2025-10-15T07:51:51.781+0000] {processor.py:183} INFO - Processing /home/airflow/.local/lib/python3.8/site-packages/airflow/example_dags/example_sla_dag.py took 0.065 seconds
[2025-10-15T07:52:22.083+0000] {processor.py:161} INFO - Started process (PID=1370) to work on /home/airflow/.local/lib/python3.8/site-packages/airflow/example_dags/example_sla_dag.py
[2025-10-15T07:52:22.084+0000] {processor.py:830} INFO - Processing file /home/airflow/.local/lib/python3.8/site-packages/airflow/example_dags/example_sla_dag.py for tasks to queue
[2025-10-15T07:52:22.086+0000] {logging_mixin.py:188} INFO - [2025-10-15T07:52:22.085+0000] {dagbag.py:540} INFO - Filling up the DagBag from /home/airflow/.local/lib/python3.8/site-packages/airflow/example_dags/example_sla_dag.py
[2025-10-15T07:52:22.094+0000] {processor.py:840} INFO - DAG(s) 'example_sla_dag' retrieved from /home/airflow/.local/lib/python3.8/site-packages/airflow/example_dags/example_sla_dag.py
[2025-10-15T07:52:22.112+0000] {logging_mixin.py:188} INFO - [2025-10-15T07:52:22.112+0000] {dag.py:3047} INFO - Sync 1 DAGs
[2025-10-15T07:52:22.138+0000] {logging_mixin.py:188} INFO - [2025-10-15T07:52:22.138+0000] {dag.py:3834} INFO - Setting next_dagrun for example_sla_dag to 2025-10-15 07:50:00+00:00, run_after=2025-10-15 07:52:00+00:00
[2025-10-15T07:52:22.156+0000] {processor.py:183} INFO - Processing /home/airflow/.local/lib/python3.8/site-packages/airflow/example_dags/example_sla_dag.py took 0.077 seconds
[2025-10-15T07:52:52.257+0000] {processor.py:161} INFO - Started process (PID=1430) to work on /home/airflow/.local/lib/python3.8/site-packages/airflow/example_dags/example_sla_dag.py
[2025-10-15T07:52:52.258+0000] {processor.py:830} INFO - Processing file /home/airflow/.local/lib/python3.8/site-packages/airflow/example_dags/example_sla_dag.py for tasks to queue
[2025-10-15T07:52:52.260+0000] {logging_mixin.py:188} INFO - [2025-10-15T07:52:52.259+0000] {dagbag.py:540} INFO - Filling up the DagBag from /home/airflow/.local/lib/python3.8/site-packages/airflow/example_dags/example_sla_dag.py
[2025-10-15T07:52:52.267+0000] {processor.py:840} INFO - DAG(s) 'example_sla_dag' retrieved from /home/airflow/.local/lib/python3.8/site-packages/airflow/example_dags/example_sla_dag.py
[2025-10-15T07:52:52.284+0000] {logging_mixin.py:188} INFO - [2025-10-15T07:52:52.284+0000] {dag.py:3047} INFO - Sync 1 DAGs
[2025-10-15T07:52:52.306+0000] {logging_mixin.py:188} INFO - [2025-10-15T07:52:52.306+0000] {dag.py:3834} INFO - Setting next_dagrun for example_sla_dag to 2025-10-15 07:50:00+00:00, run_after=2025-10-15 07:52:00+00:00
[2025-10-15T07:52:52.322+0000] {processor.py:183} INFO - Processing /home/airflow/.local/lib/python3.8/site-packages/airflow/example_dags/example_sla_dag.py took 0.068 seconds
[2025-10-15T07:53:22.425+0000] {processor.py:161} INFO - Started process (PID=1492) to work on /home/airflow/.local/lib/python3.8/site-packages/airflow/example_dags/example_sla_dag.py
[2025-10-15T07:53:22.426+0000] {processor.py:830} INFO - Processing file /home/airflow/.local/lib/python3.8/site-packages/airflow/example_dags/example_sla_dag.py for tasks to queue
[2025-10-15T07:53:22.428+0000] {logging_mixin.py:188} INFO - [2025-10-15T07:53:22.428+0000] {dagbag.py:540} INFO - Filling up the DagBag from /home/airflow/.local/lib/python3.8/site-packages/airflow/example_dags/example_sla_dag.py
[2025-10-15T07:53:22.435+0000] {processor.py:840} INFO - DAG(s) 'example_sla_dag' retrieved from /home/airflow/.local/lib/python3.8/site-packages/airflow/example_dags/example_sla_dag.py
[2025-10-15T07:53:22.452+0000] {logging_mixin.py:188} INFO - [2025-10-15T07:53:22.452+0000] {dag.py:3047} INFO - Sync 1 DAGs
[2025-10-15T07:53:22.477+0000] {logging_mixin.py:188} INFO - [2025-10-15T07:53:22.476+0000] {dag.py:3834} INFO - Setting next_dagrun for example_sla_dag to 2025-10-15 07:50:00+00:00, run_after=2025-10-15 07:52:00+00:00
[2025-10-15T07:53:22.493+0000] {processor.py:183} INFO - Processing /home/airflow/.local/lib/python3.8/site-packages/airflow/example_dags/example_sla_dag.py took 0.070 seconds
[2025-10-15T07:53:53.129+0000] {processor.py:161} INFO - Started process (PID=1554) to work on /home/airflow/.local/lib/python3.8/site-packages/airflow/example_dags/example_sla_dag.py
[2025-10-15T07:53:53.130+0000] {processor.py:830} INFO - Processing file /home/airflow/.local/lib/python3.8/site-packages/airflow/example_dags/example_sla_dag.py for tasks to queue
[2025-10-15T07:53:53.131+0000] {logging_mixin.py:188} INFO - [2025-10-15T07:53:53.131+0000] {dagbag.py:540} INFO - Filling up the DagBag from /home/airflow/.local/lib/python3.8/site-packages/airflow/example_dags/example_sla_dag.py
[2025-10-15T07:53:53.138+0000] {processor.py:840} INFO - DAG(s) 'example_sla_dag' retrieved from /home/airflow/.local/lib/python3.8/site-packages/airflow/example_dags/example_sla_dag.py
[2025-10-15T07:53:53.154+0000] {logging_mixin.py:188} INFO - [2025-10-15T07:53:53.154+0000] {dag.py:3047} INFO - Sync 1 DAGs
[2025-10-15T07:53:53.179+0000] {logging_mixin.py:188} INFO - [2025-10-15T07:53:53.179+0000] {dag.py:3834} INFO - Setting next_dagrun for example_sla_dag to 2025-10-15 07:50:00+00:00, run_after=2025-10-15 07:52:00+00:00
[2025-10-15T07:53:53.199+0000] {processor.py:183} INFO - Processing /home/airflow/.local/lib/python3.8/site-packages/airflow/example_dags/example_sla_dag.py took 0.073 seconds
[2025-10-15T07:54:23.226+0000] {processor.py:161} INFO - Started process (PID=1614) to work on /home/airflow/.local/lib/python3.8/site-packages/airflow/example_dags/example_sla_dag.py
[2025-10-15T07:54:23.228+0000] {processor.py:830} INFO - Processing file /home/airflow/.local/lib/python3.8/site-packages/airflow/example_dags/example_sla_dag.py for tasks to queue
[2025-10-15T07:54:23.230+0000] {logging_mixin.py:188} INFO - [2025-10-15T07:54:23.230+0000] {dagbag.py:540} INFO - Filling up the DagBag from /home/airflow/.local/lib/python3.8/site-packages/airflow/example_dags/example_sla_dag.py
[2025-10-15T07:54:23.241+0000] {processor.py:840} INFO - DAG(s) 'example_sla_dag' retrieved from /home/airflow/.local/lib/python3.8/site-packages/airflow/example_dags/example_sla_dag.py
[2025-10-15T07:54:23.264+0000] {logging_mixin.py:188} INFO - [2025-10-15T07:54:23.264+0000] {dag.py:3047} INFO - Sync 1 DAGs
[2025-10-15T07:54:23.299+0000] {logging_mixin.py:188} INFO - [2025-10-15T07:54:23.299+0000] {dag.py:3834} INFO - Setting next_dagrun for example_sla_dag to 2025-10-15 07:52:00+00:00, run_after=2025-10-15 07:54:00+00:00
[2025-10-15T07:54:23.324+0000] {processor.py:183} INFO - Processing /home/airflow/.local/lib/python3.8/site-packages/airflow/example_dags/example_sla_dag.py took 0.102 seconds
[2025-10-15T07:54:53.729+0000] {processor.py:161} INFO - Started process (PID=1674) to work on /home/airflow/.local/lib/python3.8/site-packages/airflow/example_dags/example_sla_dag.py
[2025-10-15T07:54:53.730+0000] {processor.py:830} INFO - Processing file /home/airflow/.local/lib/python3.8/site-packages/airflow/example_dags/example_sla_dag.py for tasks to queue
[2025-10-15T07:54:53.732+0000] {logging_mixin.py:188} INFO - [2025-10-15T07:54:53.732+0000] {dagbag.py:540} INFO - Filling up the DagBag from /home/airflow/.local/lib/python3.8/site-packages/airflow/example_dags/example_sla_dag.py
[2025-10-15T07:54:53.742+0000] {processor.py:840} INFO - DAG(s) 'example_sla_dag' retrieved from /home/airflow/.local/lib/python3.8/site-packages/airflow/example_dags/example_sla_dag.py
[2025-10-15T07:54:53.760+0000] {logging_mixin.py:188} INFO - [2025-10-15T07:54:53.760+0000] {dag.py:3047} INFO - Sync 1 DAGs
[2025-10-15T07:54:53.785+0000] {logging_mixin.py:188} INFO - [2025-10-15T07:54:53.784+0000] {dag.py:3834} INFO - Setting next_dagrun for example_sla_dag to 2025-10-15 07:52:00+00:00, run_after=2025-10-15 07:54:00+00:00
[2025-10-15T07:54:53.800+0000] {processor.py:183} INFO - Processing /home/airflow/.local/lib/python3.8/site-packages/airflow/example_dags/example_sla_dag.py took 0.074 seconds
[2025-10-15T07:55:23.899+0000] {processor.py:161} INFO - Started process (PID=1736) to work on /home/airflow/.local/lib/python3.8/site-packages/airflow/example_dags/example_sla_dag.py
[2025-10-15T07:55:23.900+0000] {processor.py:830} INFO - Processing file /home/airflow/.local/lib/python3.8/site-packages/airflow/example_dags/example_sla_dag.py for tasks to queue
[2025-10-15T07:55:23.901+0000] {logging_mixin.py:188} INFO - [2025-10-15T07:55:23.901+0000] {dagbag.py:540} INFO - Filling up the DagBag from /home/airflow/.local/lib/python3.8/site-packages/airflow/example_dags/example_sla_dag.py
[2025-10-15T07:55:23.909+0000] {processor.py:840} INFO - DAG(s) 'example_sla_dag' retrieved from /home/airflow/.local/lib/python3.8/site-packages/airflow/example_dags/example_sla_dag.py
[2025-10-15T07:55:23.925+0000] {logging_mixin.py:188} INFO - [2025-10-15T07:55:23.925+0000] {dag.py:3047} INFO - Sync 1 DAGs
[2025-10-15T07:55:23.948+0000] {logging_mixin.py:188} INFO - [2025-10-15T07:55:23.948+0000] {dag.py:3834} INFO - Setting next_dagrun for example_sla_dag to 2025-10-15 07:52:00+00:00, run_after=2025-10-15 07:54:00+00:00
[2025-10-15T07:55:23.964+0000] {processor.py:183} INFO - Processing /home/airflow/.local/lib/python3.8/site-packages/airflow/example_dags/example_sla_dag.py took 0.068 seconds
[2025-10-15T07:55:54.393+0000] {processor.py:161} INFO - Started process (PID=1797) to work on /home/airflow/.local/lib/python3.8/site-packages/airflow/example_dags/example_sla_dag.py
[2025-10-15T07:55:54.394+0000] {processor.py:830} INFO - Processing file /home/airflow/.local/lib/python3.8/site-packages/airflow/example_dags/example_sla_dag.py for tasks to queue
[2025-10-15T07:55:54.395+0000] {logging_mixin.py:188} INFO - [2025-10-15T07:55:54.395+0000] {dagbag.py:540} INFO - Filling up the DagBag from /home/airflow/.local/lib/python3.8/site-packages/airflow/example_dags/example_sla_dag.py
[2025-10-15T07:55:54.402+0000] {processor.py:840} INFO - DAG(s) 'example_sla_dag' retrieved from /home/airflow/.local/lib/python3.8/site-packages/airflow/example_dags/example_sla_dag.py
[2025-10-15T07:55:54.417+0000] {logging_mixin.py:188} INFO - [2025-10-15T07:55:54.417+0000] {dag.py:3047} INFO - Sync 1 DAGs
[2025-10-15T07:55:54.440+0000] {logging_mixin.py:188} INFO - [2025-10-15T07:55:54.440+0000] {dag.py:3834} INFO - Setting next_dagrun for example_sla_dag to 2025-10-15 07:52:00+00:00, run_after=2025-10-15 07:54:00+00:00
[2025-10-15T07:55:54.460+0000] {processor.py:183} INFO - Processing /home/airflow/.local/lib/python3.8/site-packages/airflow/example_dags/example_sla_dag.py took 0.069 seconds
[2025-10-15T07:56:24.703+0000] {processor.py:161} INFO - Started process (PID=1857) to work on /home/airflow/.local/lib/python3.8/site-packages/airflow/example_dags/example_sla_dag.py
[2025-10-15T07:56:24.703+0000] {processor.py:830} INFO - Processing file /home/airflow/.local/lib/python3.8/site-packages/airflow/example_dags/example_sla_dag.py for tasks to queue
[2025-10-15T07:56:24.705+0000] {logging_mixin.py:188} INFO - [2025-10-15T07:56:24.705+0000] {dagbag.py:540} INFO - Filling up the DagBag from /home/airflow/.local/lib/python3.8/site-packages/airflow/example_dags/example_sla_dag.py
[2025-10-15T07:56:24.712+0000] {processor.py:840} INFO - DAG(s) 'example_sla_dag' retrieved from /home/airflow/.local/lib/python3.8/site-packages/airflow/example_dags/example_sla_dag.py
[2025-10-15T07:56:24.729+0000] {logging_mixin.py:188} INFO - [2025-10-15T07:56:24.729+0000] {dag.py:3047} INFO - Sync 1 DAGs
[2025-10-15T07:56:24.760+0000] {logging_mixin.py:188} INFO - [2025-10-15T07:56:24.759+0000] {dag.py:3834} INFO - Setting next_dagrun for example_sla_dag to 2025-10-15 07:54:00+00:00, run_after=2025-10-15 07:56:00+00:00
[2025-10-15T07:56:24.790+0000] {processor.py:183} INFO - Processing /home/airflow/.local/lib/python3.8/site-packages/airflow/example_dags/example_sla_dag.py took 0.090 seconds
[2025-10-15T07:56:54.987+0000] {processor.py:161} INFO - Started process (PID=1917) to work on /home/airflow/.local/lib/python3.8/site-packages/airflow/example_dags/example_sla_dag.py
[2025-10-15T07:56:54.988+0000] {processor.py:830} INFO - Processing file /home/airflow/.local/lib/python3.8/site-packages/airflow/example_dags/example_sla_dag.py for tasks to queue
[2025-10-15T07:56:54.990+0000] {logging_mixin.py:188} INFO - [2025-10-15T07:56:54.989+0000] {dagbag.py:540} INFO - Filling up the DagBag from /home/airflow/.local/lib/python3.8/site-packages/airflow/example_dags/example_sla_dag.py
[2025-10-15T07:56:54.997+0000] {processor.py:840} INFO - DAG(s) 'example_sla_dag' retrieved from /home/airflow/.local/lib/python3.8/site-packages/airflow/example_dags/example_sla_dag.py
[2025-10-15T07:56:55.014+0000] {logging_mixin.py:188} INFO - [2025-10-15T07:56:55.013+0000] {dag.py:3047} INFO - Sync 1 DAGs
[2025-10-15T07:56:55.035+0000] {logging_mixin.py:188} INFO - [2025-10-15T07:56:55.035+0000] {dag.py:3834} INFO - Setting next_dagrun for example_sla_dag to 2025-10-15 07:54:00+00:00, run_after=2025-10-15 07:56:00+00:00
[2025-10-15T07:56:55.052+0000] {processor.py:183} INFO - Processing /home/airflow/.local/lib/python3.8/site-packages/airflow/example_dags/example_sla_dag.py took 0.068 seconds
[2025-10-15T07:57:25.181+0000] {processor.py:161} INFO - Started process (PID=1978) to work on /home/airflow/.local/lib/python3.8/site-packages/airflow/example_dags/example_sla_dag.py
[2025-10-15T07:57:25.182+0000] {processor.py:830} INFO - Processing file /home/airflow/.local/lib/python3.8/site-packages/airflow/example_dags/example_sla_dag.py for tasks to queue
[2025-10-15T07:57:25.184+0000] {logging_mixin.py:188} INFO - [2025-10-15T07:57:25.183+0000] {dagbag.py:540} INFO - Filling up the DagBag from /home/airflow/.local/lib/python3.8/site-packages/airflow/example_dags/example_sla_dag.py
[2025-10-15T07:57:25.191+0000] {processor.py:840} INFO - DAG(s) 'example_sla_dag' retrieved from /home/airflow/.local/lib/python3.8/site-packages/airflow/example_dags/example_sla_dag.py
[2025-10-15T07:57:25.208+0000] {logging_mixin.py:188} INFO - [2025-10-15T07:57:25.208+0000] {dag.py:3047} INFO - Sync 1 DAGs
[2025-10-15T07:57:25.229+0000] {logging_mixin.py:188} INFO - [2025-10-15T07:57:25.229+0000] {dag.py:3834} INFO - Setting next_dagrun for example_sla_dag to 2025-10-15 07:54:00+00:00, run_after=2025-10-15 07:56:00+00:00
[2025-10-15T07:57:25.246+0000] {processor.py:183} INFO - Processing /home/airflow/.local/lib/python3.8/site-packages/airflow/example_dags/example_sla_dag.py took 0.067 seconds
[2025-10-15T07:57:55.741+0000] {processor.py:161} INFO - Started process (PID=2039) to work on /home/airflow/.local/lib/python3.8/site-packages/airflow/example_dags/example_sla_dag.py
[2025-10-15T07:57:55.742+0000] {processor.py:830} INFO - Processing file /home/airflow/.local/lib/python3.8/site-packages/airflow/example_dags/example_sla_dag.py for tasks to queue
[2025-10-15T07:57:55.744+0000] {logging_mixin.py:188} INFO - [2025-10-15T07:57:55.744+0000] {dagbag.py:540} INFO - Filling up the DagBag from /home/airflow/.local/lib/python3.8/site-packages/airflow/example_dags/example_sla_dag.py
[2025-10-15T07:57:55.751+0000] {processor.py:840} INFO - DAG(s) 'example_sla_dag' retrieved from /home/airflow/.local/lib/python3.8/site-packages/airflow/example_dags/example_sla_dag.py
[2025-10-15T07:57:55.767+0000] {logging_mixin.py:188} INFO - [2025-10-15T07:57:55.767+0000] {dag.py:3047} INFO - Sync 1 DAGs
[2025-10-15T07:57:55.789+0000] {logging_mixin.py:188} INFO - [2025-10-15T07:57:55.789+0000] {dag.py:3834} INFO - Setting next_dagrun for example_sla_dag to 2025-10-15 07:54:00+00:00, run_after=2025-10-15 07:56:00+00:00
[2025-10-15T07:57:55.806+0000] {processor.py:183} INFO - Processing /home/airflow/.local/lib/python3.8/site-packages/airflow/example_dags/example_sla_dag.py took 0.067 seconds
[2025-10-15T07:58:26.131+0000] {processor.py:161} INFO - Started process (PID=2098) to work on /home/airflow/.local/lib/python3.8/site-packages/airflow/example_dags/example_sla_dag.py
[2025-10-15T07:58:26.132+0000] {processor.py:830} INFO - Processing file /home/airflow/.local/lib/python3.8/site-packages/airflow/example_dags/example_sla_dag.py for tasks to queue
[2025-10-15T07:58:26.134+0000] {logging_mixin.py:188} INFO - [2025-10-15T07:58:26.133+0000] {dagbag.py:540} INFO - Filling up the DagBag from /home/airflow/.local/lib/python3.8/site-packages/airflow/example_dags/example_sla_dag.py
[2025-10-15T07:58:26.141+0000] {processor.py:840} INFO - DAG(s) 'example_sla_dag' retrieved from /home/airflow/.local/lib/python3.8/site-packages/airflow/example_dags/example_sla_dag.py
[2025-10-15T07:58:26.159+0000] {logging_mixin.py:188} INFO - [2025-10-15T07:58:26.159+0000] {dag.py:3047} INFO - Sync 1 DAGs
[2025-10-15T07:58:26.186+0000] {logging_mixin.py:188} INFO - [2025-10-15T07:58:26.186+0000] {dag.py:3834} INFO - Setting next_dagrun for example_sla_dag to 2025-10-15 07:56:00+00:00, run_after=2025-10-15 07:58:00+00:00
[2025-10-15T07:58:26.203+0000] {processor.py:183} INFO - Processing /home/airflow/.local/lib/python3.8/site-packages/airflow/example_dags/example_sla_dag.py took 0.074 seconds
[2025-10-15T07:58:57.029+0000] {processor.py:161} INFO - Started process (PID=2159) to work on /home/airflow/.local/lib/python3.8/site-packages/airflow/example_dags/example_sla_dag.py
[2025-10-15T07:58:57.030+0000] {processor.py:830} INFO - Processing file /home/airflow/.local/lib/python3.8/site-packages/airflow/example_dags/example_sla_dag.py for tasks to queue
[2025-10-15T07:58:57.031+0000] {logging_mixin.py:188} INFO - [2025-10-15T07:58:57.031+0000] {dagbag.py:540} INFO - Filling up the DagBag from /home/airflow/.local/lib/python3.8/site-packages/airflow/example_dags/example_sla_dag.py
[2025-10-15T07:58:57.038+0000] {processor.py:840} INFO - DAG(s) 'example_sla_dag' retrieved from /home/airflow/.local/lib/python3.8/site-packages/airflow/example_dags/example_sla_dag.py
[2025-10-15T07:58:57.053+0000] {logging_mixin.py:188} INFO - [2025-10-15T07:58:57.053+0000] {dag.py:3047} INFO - Sync 1 DAGs
[2025-10-15T07:58:57.074+0000] {logging_mixin.py:188} INFO - [2025-10-15T07:58:57.074+0000] {dag.py:3834} INFO - Setting next_dagrun for example_sla_dag to 2025-10-15 07:56:00+00:00, run_after=2025-10-15 07:58:00+00:00
[2025-10-15T07:58:57.089+0000] {processor.py:183} INFO - Processing /home/airflow/.local/lib/python3.8/site-packages/airflow/example_dags/example_sla_dag.py took 0.063 seconds
[2025-10-15T07:59:27.191+0000] {processor.py:161} INFO - Started process (PID=2219) to work on /home/airflow/.local/lib/python3.8/site-packages/airflow/example_dags/example_sla_dag.py
[2025-10-15T07:59:27.192+0000] {processor.py:830} INFO - Processing file /home/airflow/.local/lib/python3.8/site-packages/airflow/example_dags/example_sla_dag.py for tasks to queue
[2025-10-15T07:59:27.193+0000] {logging_mixin.py:188} INFO - [2025-10-15T07:59:27.193+0000] {dagbag.py:540} INFO - Filling up the DagBag from /home/airflow/.local/lib/python3.8/site-packages/airflow/example_dags/example_sla_dag.py
[2025-10-15T07:59:27.200+0000] {processor.py:840} INFO - DAG(s) 'example_sla_dag' retrieved from /home/airflow/.local/lib/python3.8/site-packages/airflow/example_dags/example_sla_dag.py
[2025-10-15T07:59:27.217+0000] {logging_mixin.py:188} INFO - [2025-10-15T07:59:27.217+0000] {dag.py:3047} INFO - Sync 1 DAGs
[2025-10-15T07:59:27.242+0000] {logging_mixin.py:188} INFO - [2025-10-15T07:59:27.242+0000] {dag.py:3834} INFO - Setting next_dagrun for example_sla_dag to 2025-10-15 07:56:00+00:00, run_after=2025-10-15 07:58:00+00:00
[2025-10-15T07:59:27.260+0000] {processor.py:183} INFO - Processing /home/airflow/.local/lib/python3.8/site-packages/airflow/example_dags/example_sla_dag.py took 0.072 seconds
[2025-10-15T07:59:57.341+0000] {processor.py:161} INFO - Started process (PID=2278) to work on /home/airflow/.local/lib/python3.8/site-packages/airflow/example_dags/example_sla_dag.py
[2025-10-15T07:59:57.342+0000] {processor.py:830} INFO - Processing file /home/airflow/.local/lib/python3.8/site-packages/airflow/example_dags/example_sla_dag.py for tasks to queue
[2025-10-15T07:59:57.344+0000] {logging_mixin.py:188} INFO - [2025-10-15T07:59:57.343+0000] {dagbag.py:540} INFO - Filling up the DagBag from /home/airflow/.local/lib/python3.8/site-packages/airflow/example_dags/example_sla_dag.py
[2025-10-15T07:59:57.352+0000] {processor.py:840} INFO - DAG(s) 'example_sla_dag' retrieved from /home/airflow/.local/lib/python3.8/site-packages/airflow/example_dags/example_sla_dag.py
[2025-10-15T07:59:57.377+0000] {logging_mixin.py:188} INFO - [2025-10-15T07:59:57.376+0000] {dag.py:3047} INFO - Sync 1 DAGs
[2025-10-15T07:59:57.406+0000] {logging_mixin.py:188} INFO - [2025-10-15T07:59:57.405+0000] {dag.py:3834} INFO - Setting next_dagrun for example_sla_dag to 2025-10-15 07:56:00+00:00, run_after=2025-10-15 07:58:00+00:00
[2025-10-15T07:59:57.426+0000] {processor.py:183} INFO - Processing /home/airflow/.local/lib/python3.8/site-packages/airflow/example_dags/example_sla_dag.py took 0.088 seconds
[2025-10-15T08:00:27.480+0000] {processor.py:161} INFO - Started process (PID=2339) to work on /home/airflow/.local/lib/python3.8/site-packages/airflow/example_dags/example_sla_dag.py
[2025-10-15T08:00:27.482+0000] {processor.py:830} INFO - Processing file /home/airflow/.local/lib/python3.8/site-packages/airflow/example_dags/example_sla_dag.py for tasks to queue
[2025-10-15T08:00:27.482+0000] {logging_mixin.py:188} INFO - [2025-10-15T08:00:27.482+0000] {dagbag.py:540} INFO - Filling up the DagBag from /home/airflow/.local/lib/python3.8/site-packages/airflow/example_dags/example_sla_dag.py
[2025-10-15T08:00:27.490+0000] {processor.py:840} INFO - DAG(s) 'example_sla_dag' retrieved from /home/airflow/.local/lib/python3.8/site-packages/airflow/example_dags/example_sla_dag.py
[2025-10-15T08:00:27.507+0000] {logging_mixin.py:188} INFO - [2025-10-15T08:00:27.506+0000] {dag.py:3047} INFO - Sync 1 DAGs
[2025-10-15T08:00:27.527+0000] {logging_mixin.py:188} INFO - [2025-10-15T08:00:27.527+0000] {dag.py:3834} INFO - Setting next_dagrun for example_sla_dag to 2025-10-15 07:58:00+00:00, run_after=2025-10-15 08:00:00+00:00
[2025-10-15T08:00:27.549+0000] {processor.py:183} INFO - Processing /home/airflow/.local/lib/python3.8/site-packages/airflow/example_dags/example_sla_dag.py took 0.071 seconds
[2025-10-15T08:00:57.875+0000] {processor.py:161} INFO - Started process (PID=2402) to work on /home/airflow/.local/lib/python3.8/site-packages/airflow/example_dags/example_sla_dag.py
[2025-10-15T08:00:57.876+0000] {processor.py:830} INFO - Processing file /home/airflow/.local/lib/python3.8/site-packages/airflow/example_dags/example_sla_dag.py for tasks to queue
[2025-10-15T08:00:57.877+0000] {logging_mixin.py:188} INFO - [2025-10-15T08:00:57.877+0000] {dagbag.py:540} INFO - Filling up the DagBag from /home/airflow/.local/lib/python3.8/site-packages/airflow/example_dags/example_sla_dag.py
[2025-10-15T08:00:57.885+0000] {processor.py:840} INFO - DAG(s) 'example_sla_dag' retrieved from /home/airflow/.local/lib/python3.8/site-packages/airflow/example_dags/example_sla_dag.py
[2025-10-15T08:00:57.902+0000] {logging_mixin.py:188} INFO - [2025-10-15T08:00:57.902+0000] {dag.py:3047} INFO - Sync 1 DAGs
[2025-10-15T08:00:57.925+0000] {logging_mixin.py:188} INFO - [2025-10-15T08:00:57.925+0000] {dag.py:3834} INFO - Setting next_dagrun for example_sla_dag to 2025-10-15 07:58:00+00:00, run_after=2025-10-15 08:00:00+00:00
[2025-10-15T08:00:57.940+0000] {processor.py:183} INFO - Processing /home/airflow/.local/lib/python3.8/site-packages/airflow/example_dags/example_sla_dag.py took 0.067 seconds
[2025-10-15T08:01:28.241+0000] {processor.py:161} INFO - Started process (PID=2465) to work on /home/airflow/.local/lib/python3.8/site-packages/airflow/example_dags/example_sla_dag.py
[2025-10-15T08:01:28.242+0000] {processor.py:830} INFO - Processing file /home/airflow/.local/lib/python3.8/site-packages/airflow/example_dags/example_sla_dag.py for tasks to queue
[2025-10-15T08:01:28.243+0000] {logging_mixin.py:188} INFO - [2025-10-15T08:01:28.243+0000] {dagbag.py:540} INFO - Filling up the DagBag from /home/airflow/.local/lib/python3.8/site-packages/airflow/example_dags/example_sla_dag.py
[2025-10-15T08:01:28.251+0000] {processor.py:840} INFO - DAG(s) 'example_sla_dag' retrieved from /home/airflow/.local/lib/python3.8/site-packages/airflow/example_dags/example_sla_dag.py
[2025-10-15T08:01:28.268+0000] {logging_mixin.py:188} INFO - [2025-10-15T08:01:28.268+0000] {dag.py:3047} INFO - Sync 1 DAGs
[2025-10-15T08:01:28.290+0000] {logging_mixin.py:188} INFO - [2025-10-15T08:01:28.290+0000] {dag.py:3834} INFO - Setting next_dagrun for example_sla_dag to 2025-10-15 07:58:00+00:00, run_after=2025-10-15 08:00:00+00:00
[2025-10-15T08:01:28.306+0000] {processor.py:183} INFO - Processing /home/airflow/.local/lib/python3.8/site-packages/airflow/example_dags/example_sla_dag.py took 0.068 seconds
[2025-10-15T08:01:58.479+0000] {processor.py:161} INFO - Started process (PID=2525) to work on /home/airflow/.local/lib/python3.8/site-packages/airflow/example_dags/example_sla_dag.py
[2025-10-15T08:01:58.480+0000] {processor.py:830} INFO - Processing file /home/airflow/.local/lib/python3.8/site-packages/airflow/example_dags/example_sla_dag.py for tasks to queue
[2025-10-15T08:01:58.481+0000] {logging_mixin.py:188} INFO - [2025-10-15T08:01:58.480+0000] {dagbag.py:540} INFO - Filling up the DagBag from /home/airflow/.local/lib/python3.8/site-packages/airflow/example_dags/example_sla_dag.py
[2025-10-15T08:01:58.488+0000] {processor.py:840} INFO - DAG(s) 'example_sla_dag' retrieved from /home/airflow/.local/lib/python3.8/site-packages/airflow/example_dags/example_sla_dag.py
[2025-10-15T08:01:58.505+0000] {logging_mixin.py:188} INFO - [2025-10-15T08:01:58.505+0000] {dag.py:3047} INFO - Sync 1 DAGs
[2025-10-15T08:01:58.527+0000] {logging_mixin.py:188} INFO - [2025-10-15T08:01:58.526+0000] {dag.py:3834} INFO - Setting next_dagrun for example_sla_dag to 2025-10-15 07:58:00+00:00, run_after=2025-10-15 08:00:00+00:00
[2025-10-15T08:01:58.542+0000] {processor.py:183} INFO - Processing /home/airflow/.local/lib/python3.8/site-packages/airflow/example_dags/example_sla_dag.py took 0.066 seconds
[2025-10-15T08:02:29.272+0000] {processor.py:161} INFO - Started process (PID=2587) to work on /home/airflow/.local/lib/python3.8/site-packages/airflow/example_dags/example_sla_dag.py
[2025-10-15T08:02:29.273+0000] {processor.py:830} INFO - Processing file /home/airflow/.local/lib/python3.8/site-packages/airflow/example_dags/example_sla_dag.py for tasks to queue
[2025-10-15T08:02:29.274+0000] {logging_mixin.py:188} INFO - [2025-10-15T08:02:29.274+0000] {dagbag.py:540} INFO - Filling up the DagBag from /home/airflow/.local/lib/python3.8/site-packages/airflow/example_dags/example_sla_dag.py
[2025-10-15T08:02:29.283+0000] {processor.py:840} INFO - DAG(s) 'example_sla_dag' retrieved from /home/airflow/.local/lib/python3.8/site-packages/airflow/example_dags/example_sla_dag.py
[2025-10-15T08:02:29.301+0000] {logging_mixin.py:188} INFO - [2025-10-15T08:02:29.301+0000] {dag.py:3047} INFO - Sync 1 DAGs
[2025-10-15T08:02:29.324+0000] {logging_mixin.py:188} INFO - [2025-10-15T08:02:29.324+0000] {dag.py:3834} INFO - Setting next_dagrun for example_sla_dag to 2025-10-15 08:00:00+00:00, run_after=2025-10-15 08:02:00+00:00
[2025-10-15T08:02:29.340+0000] {processor.py:183} INFO - Processing /home/airflow/.local/lib/python3.8/site-packages/airflow/example_dags/example_sla_dag.py took 0.071 seconds
[2025-10-15T08:02:59.896+0000] {processor.py:161} INFO - Started process (PID=2648) to work on /home/airflow/.local/lib/python3.8/site-packages/airflow/example_dags/example_sla_dag.py
[2025-10-15T08:02:59.897+0000] {processor.py:830} INFO - Processing file /home/airflow/.local/lib/python3.8/site-packages/airflow/example_dags/example_sla_dag.py for tasks to queue
[2025-10-15T08:02:59.898+0000] {logging_mixin.py:188} INFO - [2025-10-15T08:02:59.898+0000] {dagbag.py:540} INFO - Filling up the DagBag from /home/airflow/.local/lib/python3.8/site-packages/airflow/example_dags/example_sla_dag.py
[2025-10-15T08:02:59.909+0000] {processor.py:840} INFO - DAG(s) 'example_sla_dag' retrieved from /home/airflow/.local/lib/python3.8/site-packages/airflow/example_dags/example_sla_dag.py
[2025-10-15T08:02:59.930+0000] {logging_mixin.py:188} INFO - [2025-10-15T08:02:59.930+0000] {dag.py:3047} INFO - Sync 1 DAGs
[2025-10-15T08:02:59.956+0000] {logging_mixin.py:188} INFO - [2025-10-15T08:02:59.956+0000] {dag.py:3834} INFO - Setting next_dagrun for example_sla_dag to 2025-10-15 08:00:00+00:00, run_after=2025-10-15 08:02:00+00:00
[2025-10-15T08:02:59.975+0000] {processor.py:183} INFO - Processing /home/airflow/.local/lib/python3.8/site-packages/airflow/example_dags/example_sla_dag.py took 0.082 seconds
