[2025-10-15T07:41:42.820+0000] {processor.py:161} INFO - Started process (PID=108) to work on /home/airflow/.local/lib/python3.8/site-packages/airflow/example_dags/example_trigger_target_dag.py
[2025-10-15T07:41:42.821+0000] {processor.py:830} INFO - Processing file /home/airflow/.local/lib/python3.8/site-packages/airflow/example_dags/example_trigger_target_dag.py for tasks to queue
[2025-10-15T07:41:42.823+0000] {logging_mixin.py:188} INFO - [2025-10-15T07:41:42.823+0000] {dagbag.py:540} INFO - Filling up the DagBag from /home/airflow/.local/lib/python3.8/site-packages/airflow/example_dags/example_trigger_target_dag.py
[2025-10-15T07:41:42.831+0000] {processor.py:840} INFO - DAG(s) 'example_trigger_target_dag' retrieved from /home/airflow/.local/lib/python3.8/site-packages/airflow/example_dags/example_trigger_target_dag.py
[2025-10-15T07:41:42.920+0000] {logging_mixin.py:188} INFO - [2025-10-15T07:41:42.920+0000] {dag.py:3047} INFO - Sync 1 DAGs
[2025-10-15T07:41:42.931+0000] {logging_mixin.py:188} INFO - [2025-10-15T07:41:42.931+0000] {dag.py:3834} INFO - Setting next_dagrun for example_trigger_target_dag to None, run_after=None
[2025-10-15T07:41:42.950+0000] {processor.py:183} INFO - Processing /home/airflow/.local/lib/python3.8/site-packages/airflow/example_dags/example_trigger_target_dag.py took 0.133 seconds
[2025-10-15T07:42:13.884+0000] {processor.py:161} INFO - Started process (PID=169) to work on /home/airflow/.local/lib/python3.8/site-packages/airflow/example_dags/example_trigger_target_dag.py
[2025-10-15T07:42:13.885+0000] {processor.py:830} INFO - Processing file /home/airflow/.local/lib/python3.8/site-packages/airflow/example_dags/example_trigger_target_dag.py for tasks to queue
[2025-10-15T07:42:13.886+0000] {logging_mixin.py:188} INFO - [2025-10-15T07:42:13.886+0000] {dagbag.py:540} INFO - Filling up the DagBag from /home/airflow/.local/lib/python3.8/site-packages/airflow/example_dags/example_trigger_target_dag.py
[2025-10-15T07:42:13.891+0000] {processor.py:840} INFO - DAG(s) 'example_trigger_target_dag' retrieved from /home/airflow/.local/lib/python3.8/site-packages/airflow/example_dags/example_trigger_target_dag.py
[2025-10-15T07:42:13.907+0000] {logging_mixin.py:188} INFO - [2025-10-15T07:42:13.907+0000] {dag.py:3047} INFO - Sync 1 DAGs
[2025-10-15T07:42:13.918+0000] {logging_mixin.py:188} INFO - [2025-10-15T07:42:13.918+0000] {dag.py:3834} INFO - Setting next_dagrun for example_trigger_target_dag to None, run_after=None
[2025-10-15T07:42:13.939+0000] {processor.py:183} INFO - Processing /home/airflow/.local/lib/python3.8/site-packages/airflow/example_dags/example_trigger_target_dag.py took 0.057 seconds
[2025-10-15T07:42:44.249+0000] {processor.py:161} INFO - Started process (PID=229) to work on /home/airflow/.local/lib/python3.8/site-packages/airflow/example_dags/example_trigger_target_dag.py
[2025-10-15T07:42:44.250+0000] {processor.py:830} INFO - Processing file /home/airflow/.local/lib/python3.8/site-packages/airflow/example_dags/example_trigger_target_dag.py for tasks to queue
[2025-10-15T07:42:44.252+0000] {logging_mixin.py:188} INFO - [2025-10-15T07:42:44.252+0000] {dagbag.py:540} INFO - Filling up the DagBag from /home/airflow/.local/lib/python3.8/site-packages/airflow/example_dags/example_trigger_target_dag.py
[2025-10-15T07:42:44.257+0000] {processor.py:840} INFO - DAG(s) 'example_trigger_target_dag' retrieved from /home/airflow/.local/lib/python3.8/site-packages/airflow/example_dags/example_trigger_target_dag.py
[2025-10-15T07:42:44.273+0000] {logging_mixin.py:188} INFO - [2025-10-15T07:42:44.273+0000] {dag.py:3047} INFO - Sync 1 DAGs
[2025-10-15T07:42:44.283+0000] {logging_mixin.py:188} INFO - [2025-10-15T07:42:44.283+0000] {dag.py:3834} INFO - Setting next_dagrun for example_trigger_target_dag to None, run_after=None
[2025-10-15T07:42:44.299+0000] {processor.py:183} INFO - Processing /home/airflow/.local/lib/python3.8/site-packages/airflow/example_dags/example_trigger_target_dag.py took 0.052 seconds
[2025-10-15T07:43:14.608+0000] {processor.py:161} INFO - Started process (PID=289) to work on /home/airflow/.local/lib/python3.8/site-packages/airflow/example_dags/example_trigger_target_dag.py
[2025-10-15T07:43:14.609+0000] {processor.py:830} INFO - Processing file /home/airflow/.local/lib/python3.8/site-packages/airflow/example_dags/example_trigger_target_dag.py for tasks to queue
[2025-10-15T07:43:14.611+0000] {logging_mixin.py:188} INFO - [2025-10-15T07:43:14.611+0000] {dagbag.py:540} INFO - Filling up the DagBag from /home/airflow/.local/lib/python3.8/site-packages/airflow/example_dags/example_trigger_target_dag.py
[2025-10-15T07:43:14.617+0000] {processor.py:840} INFO - DAG(s) 'example_trigger_target_dag' retrieved from /home/airflow/.local/lib/python3.8/site-packages/airflow/example_dags/example_trigger_target_dag.py
[2025-10-15T07:43:14.648+0000] {logging_mixin.py:188} INFO - [2025-10-15T07:43:14.647+0000] {dag.py:3047} INFO - Sync 1 DAGs
[2025-10-15T07:43:14.678+0000] {logging_mixin.py:188} INFO - [2025-10-15T07:43:14.677+0000] {dag.py:3834} INFO - Setting next_dagrun for example_trigger_target_dag to None, run_after=None
[2025-10-15T07:43:14.718+0000] {processor.py:183} INFO - Processing /home/airflow/.local/lib/python3.8/site-packages/airflow/example_dags/example_trigger_target_dag.py took 0.113 seconds
[2025-10-15T07:43:44.949+0000] {processor.py:161} INFO - Started process (PID=349) to work on /home/airflow/.local/lib/python3.8/site-packages/airflow/example_dags/example_trigger_target_dag.py
[2025-10-15T07:43:44.950+0000] {processor.py:830} INFO - Processing file /home/airflow/.local/lib/python3.8/site-packages/airflow/example_dags/example_trigger_target_dag.py for tasks to queue
[2025-10-15T07:43:44.952+0000] {logging_mixin.py:188} INFO - [2025-10-15T07:43:44.951+0000] {dagbag.py:540} INFO - Filling up the DagBag from /home/airflow/.local/lib/python3.8/site-packages/airflow/example_dags/example_trigger_target_dag.py
[2025-10-15T07:43:44.958+0000] {processor.py:840} INFO - DAG(s) 'example_trigger_target_dag' retrieved from /home/airflow/.local/lib/python3.8/site-packages/airflow/example_dags/example_trigger_target_dag.py
[2025-10-15T07:43:44.976+0000] {logging_mixin.py:188} INFO - [2025-10-15T07:43:44.976+0000] {dag.py:3047} INFO - Sync 1 DAGs
[2025-10-15T07:43:44.988+0000] {logging_mixin.py:188} INFO - [2025-10-15T07:43:44.988+0000] {dag.py:3834} INFO - Setting next_dagrun for example_trigger_target_dag to None, run_after=None
[2025-10-15T07:43:45.013+0000] {processor.py:183} INFO - Processing /home/airflow/.local/lib/python3.8/site-packages/airflow/example_dags/example_trigger_target_dag.py took 0.067 seconds
[2025-10-15T07:44:15.428+0000] {processor.py:161} INFO - Started process (PID=409) to work on /home/airflow/.local/lib/python3.8/site-packages/airflow/example_dags/example_trigger_target_dag.py
[2025-10-15T07:44:15.428+0000] {processor.py:830} INFO - Processing file /home/airflow/.local/lib/python3.8/site-packages/airflow/example_dags/example_trigger_target_dag.py for tasks to queue
[2025-10-15T07:44:15.430+0000] {logging_mixin.py:188} INFO - [2025-10-15T07:44:15.430+0000] {dagbag.py:540} INFO - Filling up the DagBag from /home/airflow/.local/lib/python3.8/site-packages/airflow/example_dags/example_trigger_target_dag.py
[2025-10-15T07:44:15.434+0000] {processor.py:840} INFO - DAG(s) 'example_trigger_target_dag' retrieved from /home/airflow/.local/lib/python3.8/site-packages/airflow/example_dags/example_trigger_target_dag.py
[2025-10-15T07:44:15.450+0000] {logging_mixin.py:188} INFO - [2025-10-15T07:44:15.450+0000] {dag.py:3047} INFO - Sync 1 DAGs
[2025-10-15T07:44:15.461+0000] {logging_mixin.py:188} INFO - [2025-10-15T07:44:15.461+0000] {dag.py:3834} INFO - Setting next_dagrun for example_trigger_target_dag to None, run_after=None
[2025-10-15T07:44:15.477+0000] {processor.py:183} INFO - Processing /home/airflow/.local/lib/python3.8/site-packages/airflow/example_dags/example_trigger_target_dag.py took 0.052 seconds
[2025-10-15T07:44:45.665+0000] {processor.py:161} INFO - Started process (PID=469) to work on /home/airflow/.local/lib/python3.8/site-packages/airflow/example_dags/example_trigger_target_dag.py
[2025-10-15T07:44:45.667+0000] {processor.py:830} INFO - Processing file /home/airflow/.local/lib/python3.8/site-packages/airflow/example_dags/example_trigger_target_dag.py for tasks to queue
[2025-10-15T07:44:45.668+0000] {logging_mixin.py:188} INFO - [2025-10-15T07:44:45.668+0000] {dagbag.py:540} INFO - Filling up the DagBag from /home/airflow/.local/lib/python3.8/site-packages/airflow/example_dags/example_trigger_target_dag.py
[2025-10-15T07:44:45.674+0000] {processor.py:840} INFO - DAG(s) 'example_trigger_target_dag' retrieved from /home/airflow/.local/lib/python3.8/site-packages/airflow/example_dags/example_trigger_target_dag.py
[2025-10-15T07:44:45.690+0000] {logging_mixin.py:188} INFO - [2025-10-15T07:44:45.690+0000] {dag.py:3047} INFO - Sync 1 DAGs
[2025-10-15T07:44:45.701+0000] {logging_mixin.py:188} INFO - [2025-10-15T07:44:45.701+0000] {dag.py:3834} INFO - Setting next_dagrun for example_trigger_target_dag to None, run_after=None
[2025-10-15T07:44:45.722+0000] {processor.py:183} INFO - Processing /home/airflow/.local/lib/python3.8/site-packages/airflow/example_dags/example_trigger_target_dag.py took 0.059 seconds
[2025-10-15T07:45:16.034+0000] {processor.py:161} INFO - Started process (PID=530) to work on /home/airflow/.local/lib/python3.8/site-packages/airflow/example_dags/example_trigger_target_dag.py
[2025-10-15T07:45:16.036+0000] {processor.py:830} INFO - Processing file /home/airflow/.local/lib/python3.8/site-packages/airflow/example_dags/example_trigger_target_dag.py for tasks to queue
[2025-10-15T07:45:16.037+0000] {logging_mixin.py:188} INFO - [2025-10-15T07:45:16.037+0000] {dagbag.py:540} INFO - Filling up the DagBag from /home/airflow/.local/lib/python3.8/site-packages/airflow/example_dags/example_trigger_target_dag.py
[2025-10-15T07:45:16.042+0000] {processor.py:840} INFO - DAG(s) 'example_trigger_target_dag' retrieved from /home/airflow/.local/lib/python3.8/site-packages/airflow/example_dags/example_trigger_target_dag.py
[2025-10-15T07:45:16.059+0000] {logging_mixin.py:188} INFO - [2025-10-15T07:45:16.059+0000] {dag.py:3047} INFO - Sync 1 DAGs
[2025-10-15T07:45:16.071+0000] {logging_mixin.py:188} INFO - [2025-10-15T07:45:16.071+0000] {dag.py:3834} INFO - Setting next_dagrun for example_trigger_target_dag to None, run_after=None
[2025-10-15T07:45:16.090+0000] {processor.py:183} INFO - Processing /home/airflow/.local/lib/python3.8/site-packages/airflow/example_dags/example_trigger_target_dag.py took 0.058 seconds
[2025-10-15T07:45:46.360+0000] {processor.py:161} INFO - Started process (PID=590) to work on /home/airflow/.local/lib/python3.8/site-packages/airflow/example_dags/example_trigger_target_dag.py
[2025-10-15T07:45:46.361+0000] {processor.py:830} INFO - Processing file /home/airflow/.local/lib/python3.8/site-packages/airflow/example_dags/example_trigger_target_dag.py for tasks to queue
[2025-10-15T07:45:46.363+0000] {logging_mixin.py:188} INFO - [2025-10-15T07:45:46.363+0000] {dagbag.py:540} INFO - Filling up the DagBag from /home/airflow/.local/lib/python3.8/site-packages/airflow/example_dags/example_trigger_target_dag.py
[2025-10-15T07:45:46.369+0000] {processor.py:840} INFO - DAG(s) 'example_trigger_target_dag' retrieved from /home/airflow/.local/lib/python3.8/site-packages/airflow/example_dags/example_trigger_target_dag.py
[2025-10-15T07:45:46.387+0000] {logging_mixin.py:188} INFO - [2025-10-15T07:45:46.387+0000] {dag.py:3047} INFO - Sync 1 DAGs
[2025-10-15T07:45:46.399+0000] {logging_mixin.py:188} INFO - [2025-10-15T07:45:46.398+0000] {dag.py:3834} INFO - Setting next_dagrun for example_trigger_target_dag to None, run_after=None
[2025-10-15T07:45:46.416+0000] {processor.py:183} INFO - Processing /home/airflow/.local/lib/python3.8/site-packages/airflow/example_dags/example_trigger_target_dag.py took 0.059 seconds
[2025-10-15T07:46:17.162+0000] {processor.py:161} INFO - Started process (PID=650) to work on /home/airflow/.local/lib/python3.8/site-packages/airflow/example_dags/example_trigger_target_dag.py
[2025-10-15T07:46:17.162+0000] {processor.py:830} INFO - Processing file /home/airflow/.local/lib/python3.8/site-packages/airflow/example_dags/example_trigger_target_dag.py for tasks to queue
[2025-10-15T07:46:17.164+0000] {logging_mixin.py:188} INFO - [2025-10-15T07:46:17.164+0000] {dagbag.py:540} INFO - Filling up the DagBag from /home/airflow/.local/lib/python3.8/site-packages/airflow/example_dags/example_trigger_target_dag.py
[2025-10-15T07:46:17.169+0000] {processor.py:840} INFO - DAG(s) 'example_trigger_target_dag' retrieved from /home/airflow/.local/lib/python3.8/site-packages/airflow/example_dags/example_trigger_target_dag.py
[2025-10-15T07:46:17.187+0000] {logging_mixin.py:188} INFO - [2025-10-15T07:46:17.187+0000] {dag.py:3047} INFO - Sync 1 DAGs
[2025-10-15T07:46:17.200+0000] {logging_mixin.py:188} INFO - [2025-10-15T07:46:17.199+0000] {dag.py:3834} INFO - Setting next_dagrun for example_trigger_target_dag to None, run_after=None
[2025-10-15T07:46:17.218+0000] {processor.py:183} INFO - Processing /home/airflow/.local/lib/python3.8/site-packages/airflow/example_dags/example_trigger_target_dag.py took 0.059 seconds
[2025-10-15T07:46:47.832+0000] {processor.py:161} INFO - Started process (PID=710) to work on /home/airflow/.local/lib/python3.8/site-packages/airflow/example_dags/example_trigger_target_dag.py
[2025-10-15T07:46:47.833+0000] {processor.py:830} INFO - Processing file /home/airflow/.local/lib/python3.8/site-packages/airflow/example_dags/example_trigger_target_dag.py for tasks to queue
[2025-10-15T07:46:47.834+0000] {logging_mixin.py:188} INFO - [2025-10-15T07:46:47.834+0000] {dagbag.py:540} INFO - Filling up the DagBag from /home/airflow/.local/lib/python3.8/site-packages/airflow/example_dags/example_trigger_target_dag.py
[2025-10-15T07:46:47.839+0000] {processor.py:840} INFO - DAG(s) 'example_trigger_target_dag' retrieved from /home/airflow/.local/lib/python3.8/site-packages/airflow/example_dags/example_trigger_target_dag.py
[2025-10-15T07:46:47.856+0000] {logging_mixin.py:188} INFO - [2025-10-15T07:46:47.855+0000] {dag.py:3047} INFO - Sync 1 DAGs
[2025-10-15T07:46:47.866+0000] {logging_mixin.py:188} INFO - [2025-10-15T07:46:47.866+0000] {dag.py:3834} INFO - Setting next_dagrun for example_trigger_target_dag to None, run_after=None
[2025-10-15T07:46:47.883+0000] {processor.py:183} INFO - Processing /home/airflow/.local/lib/python3.8/site-packages/airflow/example_dags/example_trigger_target_dag.py took 0.054 seconds
[2025-10-15T07:47:18.689+0000] {processor.py:161} INFO - Started process (PID=770) to work on /home/airflow/.local/lib/python3.8/site-packages/airflow/example_dags/example_trigger_target_dag.py
[2025-10-15T07:47:18.690+0000] {processor.py:830} INFO - Processing file /home/airflow/.local/lib/python3.8/site-packages/airflow/example_dags/example_trigger_target_dag.py for tasks to queue
[2025-10-15T07:47:18.692+0000] {logging_mixin.py:188} INFO - [2025-10-15T07:47:18.691+0000] {dagbag.py:540} INFO - Filling up the DagBag from /home/airflow/.local/lib/python3.8/site-packages/airflow/example_dags/example_trigger_target_dag.py
[2025-10-15T07:47:18.697+0000] {processor.py:840} INFO - DAG(s) 'example_trigger_target_dag' retrieved from /home/airflow/.local/lib/python3.8/site-packages/airflow/example_dags/example_trigger_target_dag.py
[2025-10-15T07:47:18.712+0000] {logging_mixin.py:188} INFO - [2025-10-15T07:47:18.712+0000] {dag.py:3047} INFO - Sync 1 DAGs
[2025-10-15T07:47:18.723+0000] {logging_mixin.py:188} INFO - [2025-10-15T07:47:18.722+0000] {dag.py:3834} INFO - Setting next_dagrun for example_trigger_target_dag to None, run_after=None
[2025-10-15T07:47:18.738+0000] {processor.py:183} INFO - Processing /home/airflow/.local/lib/python3.8/site-packages/airflow/example_dags/example_trigger_target_dag.py took 0.052 seconds
[2025-10-15T07:47:48.900+0000] {processor.py:161} INFO - Started process (PID=830) to work on /home/airflow/.local/lib/python3.8/site-packages/airflow/example_dags/example_trigger_target_dag.py
[2025-10-15T07:47:48.901+0000] {processor.py:830} INFO - Processing file /home/airflow/.local/lib/python3.8/site-packages/airflow/example_dags/example_trigger_target_dag.py for tasks to queue
[2025-10-15T07:47:48.902+0000] {logging_mixin.py:188} INFO - [2025-10-15T07:47:48.902+0000] {dagbag.py:540} INFO - Filling up the DagBag from /home/airflow/.local/lib/python3.8/site-packages/airflow/example_dags/example_trigger_target_dag.py
[2025-10-15T07:47:48.907+0000] {processor.py:840} INFO - DAG(s) 'example_trigger_target_dag' retrieved from /home/airflow/.local/lib/python3.8/site-packages/airflow/example_dags/example_trigger_target_dag.py
[2025-10-15T07:47:48.924+0000] {logging_mixin.py:188} INFO - [2025-10-15T07:47:48.923+0000] {dag.py:3047} INFO - Sync 1 DAGs
[2025-10-15T07:47:48.935+0000] {logging_mixin.py:188} INFO - [2025-10-15T07:47:48.934+0000] {dag.py:3834} INFO - Setting next_dagrun for example_trigger_target_dag to None, run_after=None
[2025-10-15T07:47:48.951+0000] {processor.py:183} INFO - Processing /home/airflow/.local/lib/python3.8/site-packages/airflow/example_dags/example_trigger_target_dag.py took 0.054 seconds
[2025-10-15T07:48:19.125+0000] {processor.py:161} INFO - Started process (PID=888) to work on /home/airflow/.local/lib/python3.8/site-packages/airflow/example_dags/example_trigger_target_dag.py
[2025-10-15T07:48:19.126+0000] {processor.py:830} INFO - Processing file /home/airflow/.local/lib/python3.8/site-packages/airflow/example_dags/example_trigger_target_dag.py for tasks to queue
[2025-10-15T07:48:19.128+0000] {logging_mixin.py:188} INFO - [2025-10-15T07:48:19.127+0000] {dagbag.py:540} INFO - Filling up the DagBag from /home/airflow/.local/lib/python3.8/site-packages/airflow/example_dags/example_trigger_target_dag.py
[2025-10-15T07:48:19.133+0000] {processor.py:840} INFO - DAG(s) 'example_trigger_target_dag' retrieved from /home/airflow/.local/lib/python3.8/site-packages/airflow/example_dags/example_trigger_target_dag.py
[2025-10-15T07:48:19.151+0000] {logging_mixin.py:188} INFO - [2025-10-15T07:48:19.151+0000] {dag.py:3047} INFO - Sync 1 DAGs
[2025-10-15T07:48:19.162+0000] {logging_mixin.py:188} INFO - [2025-10-15T07:48:19.162+0000] {dag.py:3834} INFO - Setting next_dagrun for example_trigger_target_dag to None, run_after=None
[2025-10-15T07:48:19.182+0000] {processor.py:183} INFO - Processing /home/airflow/.local/lib/python3.8/site-packages/airflow/example_dags/example_trigger_target_dag.py took 0.061 seconds
[2025-10-15T07:48:49.411+0000] {processor.py:161} INFO - Started process (PID=949) to work on /home/airflow/.local/lib/python3.8/site-packages/airflow/example_dags/example_trigger_target_dag.py
[2025-10-15T07:48:49.412+0000] {processor.py:830} INFO - Processing file /home/airflow/.local/lib/python3.8/site-packages/airflow/example_dags/example_trigger_target_dag.py for tasks to queue
[2025-10-15T07:48:49.414+0000] {logging_mixin.py:188} INFO - [2025-10-15T07:48:49.414+0000] {dagbag.py:540} INFO - Filling up the DagBag from /home/airflow/.local/lib/python3.8/site-packages/airflow/example_dags/example_trigger_target_dag.py
[2025-10-15T07:48:49.419+0000] {processor.py:840} INFO - DAG(s) 'example_trigger_target_dag' retrieved from /home/airflow/.local/lib/python3.8/site-packages/airflow/example_dags/example_trigger_target_dag.py
[2025-10-15T07:48:49.436+0000] {logging_mixin.py:188} INFO - [2025-10-15T07:48:49.435+0000] {dag.py:3047} INFO - Sync 1 DAGs
[2025-10-15T07:48:49.447+0000] {logging_mixin.py:188} INFO - [2025-10-15T07:48:49.446+0000] {dag.py:3834} INFO - Setting next_dagrun for example_trigger_target_dag to None, run_after=None
[2025-10-15T07:48:49.463+0000] {processor.py:183} INFO - Processing /home/airflow/.local/lib/python3.8/site-packages/airflow/example_dags/example_trigger_target_dag.py took 0.055 seconds
[2025-10-15T07:49:19.918+0000] {processor.py:161} INFO - Started process (PID=1010) to work on /home/airflow/.local/lib/python3.8/site-packages/airflow/example_dags/example_trigger_target_dag.py
[2025-10-15T07:49:19.919+0000] {processor.py:830} INFO - Processing file /home/airflow/.local/lib/python3.8/site-packages/airflow/example_dags/example_trigger_target_dag.py for tasks to queue
[2025-10-15T07:49:19.922+0000] {logging_mixin.py:188} INFO - [2025-10-15T07:49:19.921+0000] {dagbag.py:540} INFO - Filling up the DagBag from /home/airflow/.local/lib/python3.8/site-packages/airflow/example_dags/example_trigger_target_dag.py
[2025-10-15T07:49:19.927+0000] {processor.py:840} INFO - DAG(s) 'example_trigger_target_dag' retrieved from /home/airflow/.local/lib/python3.8/site-packages/airflow/example_dags/example_trigger_target_dag.py
[2025-10-15T07:49:19.946+0000] {logging_mixin.py:188} INFO - [2025-10-15T07:49:19.946+0000] {dag.py:3047} INFO - Sync 1 DAGs
[2025-10-15T07:49:19.958+0000] {logging_mixin.py:188} INFO - [2025-10-15T07:49:19.958+0000] {dag.py:3834} INFO - Setting next_dagrun for example_trigger_target_dag to None, run_after=None
[2025-10-15T07:49:19.978+0000] {processor.py:183} INFO - Processing /home/airflow/.local/lib/python3.8/site-packages/airflow/example_dags/example_trigger_target_dag.py took 0.063 seconds
[2025-10-15T07:49:50.053+0000] {processor.py:161} INFO - Started process (PID=1070) to work on /home/airflow/.local/lib/python3.8/site-packages/airflow/example_dags/example_trigger_target_dag.py
[2025-10-15T07:49:50.054+0000] {processor.py:830} INFO - Processing file /home/airflow/.local/lib/python3.8/site-packages/airflow/example_dags/example_trigger_target_dag.py for tasks to queue
[2025-10-15T07:49:50.056+0000] {logging_mixin.py:188} INFO - [2025-10-15T07:49:50.055+0000] {dagbag.py:540} INFO - Filling up the DagBag from /home/airflow/.local/lib/python3.8/site-packages/airflow/example_dags/example_trigger_target_dag.py
[2025-10-15T07:49:50.061+0000] {processor.py:840} INFO - DAG(s) 'example_trigger_target_dag' retrieved from /home/airflow/.local/lib/python3.8/site-packages/airflow/example_dags/example_trigger_target_dag.py
[2025-10-15T07:49:50.077+0000] {logging_mixin.py:188} INFO - [2025-10-15T07:49:50.076+0000] {dag.py:3047} INFO - Sync 1 DAGs
[2025-10-15T07:49:50.093+0000] {logging_mixin.py:188} INFO - [2025-10-15T07:49:50.092+0000] {dag.py:3834} INFO - Setting next_dagrun for example_trigger_target_dag to None, run_after=None
[2025-10-15T07:49:50.127+0000] {processor.py:183} INFO - Processing /home/airflow/.local/lib/python3.8/site-packages/airflow/example_dags/example_trigger_target_dag.py took 0.077 seconds
[2025-10-15T07:50:20.795+0000] {processor.py:161} INFO - Started process (PID=1131) to work on /home/airflow/.local/lib/python3.8/site-packages/airflow/example_dags/example_trigger_target_dag.py
[2025-10-15T07:50:20.796+0000] {processor.py:830} INFO - Processing file /home/airflow/.local/lib/python3.8/site-packages/airflow/example_dags/example_trigger_target_dag.py for tasks to queue
[2025-10-15T07:50:20.798+0000] {logging_mixin.py:188} INFO - [2025-10-15T07:50:20.798+0000] {dagbag.py:540} INFO - Filling up the DagBag from /home/airflow/.local/lib/python3.8/site-packages/airflow/example_dags/example_trigger_target_dag.py
[2025-10-15T07:50:20.803+0000] {processor.py:840} INFO - DAG(s) 'example_trigger_target_dag' retrieved from /home/airflow/.local/lib/python3.8/site-packages/airflow/example_dags/example_trigger_target_dag.py
[2025-10-15T07:50:20.820+0000] {logging_mixin.py:188} INFO - [2025-10-15T07:50:20.820+0000] {dag.py:3047} INFO - Sync 1 DAGs
[2025-10-15T07:50:20.831+0000] {logging_mixin.py:188} INFO - [2025-10-15T07:50:20.831+0000] {dag.py:3834} INFO - Setting next_dagrun for example_trigger_target_dag to None, run_after=None
[2025-10-15T07:50:20.848+0000] {processor.py:183} INFO - Processing /home/airflow/.local/lib/python3.8/site-packages/airflow/example_dags/example_trigger_target_dag.py took 0.055 seconds
[2025-10-15T07:50:51.711+0000] {processor.py:161} INFO - Started process (PID=1194) to work on /home/airflow/.local/lib/python3.8/site-packages/airflow/example_dags/example_trigger_target_dag.py
[2025-10-15T07:50:51.712+0000] {processor.py:830} INFO - Processing file /home/airflow/.local/lib/python3.8/site-packages/airflow/example_dags/example_trigger_target_dag.py for tasks to queue
[2025-10-15T07:50:51.713+0000] {logging_mixin.py:188} INFO - [2025-10-15T07:50:51.713+0000] {dagbag.py:540} INFO - Filling up the DagBag from /home/airflow/.local/lib/python3.8/site-packages/airflow/example_dags/example_trigger_target_dag.py
[2025-10-15T07:50:51.718+0000] {processor.py:840} INFO - DAG(s) 'example_trigger_target_dag' retrieved from /home/airflow/.local/lib/python3.8/site-packages/airflow/example_dags/example_trigger_target_dag.py
[2025-10-15T07:50:51.734+0000] {logging_mixin.py:188} INFO - [2025-10-15T07:50:51.733+0000] {dag.py:3047} INFO - Sync 1 DAGs
[2025-10-15T07:50:51.744+0000] {logging_mixin.py:188} INFO - [2025-10-15T07:50:51.744+0000] {dag.py:3834} INFO - Setting next_dagrun for example_trigger_target_dag to None, run_after=None
[2025-10-15T07:50:51.760+0000] {processor.py:183} INFO - Processing /home/airflow/.local/lib/python3.8/site-packages/airflow/example_dags/example_trigger_target_dag.py took 0.052 seconds
[2025-10-15T07:51:22.127+0000] {processor.py:161} INFO - Started process (PID=1256) to work on /home/airflow/.local/lib/python3.8/site-packages/airflow/example_dags/example_trigger_target_dag.py
[2025-10-15T07:51:22.128+0000] {processor.py:830} INFO - Processing file /home/airflow/.local/lib/python3.8/site-packages/airflow/example_dags/example_trigger_target_dag.py for tasks to queue
[2025-10-15T07:51:22.130+0000] {logging_mixin.py:188} INFO - [2025-10-15T07:51:22.130+0000] {dagbag.py:540} INFO - Filling up the DagBag from /home/airflow/.local/lib/python3.8/site-packages/airflow/example_dags/example_trigger_target_dag.py
[2025-10-15T07:51:22.135+0000] {processor.py:840} INFO - DAG(s) 'example_trigger_target_dag' retrieved from /home/airflow/.local/lib/python3.8/site-packages/airflow/example_dags/example_trigger_target_dag.py
[2025-10-15T07:51:22.152+0000] {logging_mixin.py:188} INFO - [2025-10-15T07:51:22.152+0000] {dag.py:3047} INFO - Sync 1 DAGs
[2025-10-15T07:51:22.164+0000] {logging_mixin.py:188} INFO - [2025-10-15T07:51:22.164+0000] {dag.py:3834} INFO - Setting next_dagrun for example_trigger_target_dag to None, run_after=None
[2025-10-15T07:51:22.182+0000] {processor.py:183} INFO - Processing /home/airflow/.local/lib/python3.8/site-packages/airflow/example_dags/example_trigger_target_dag.py took 0.058 seconds
[2025-10-15T07:51:52.619+0000] {processor.py:161} INFO - Started process (PID=1317) to work on /home/airflow/.local/lib/python3.8/site-packages/airflow/example_dags/example_trigger_target_dag.py
[2025-10-15T07:51:52.620+0000] {processor.py:830} INFO - Processing file /home/airflow/.local/lib/python3.8/site-packages/airflow/example_dags/example_trigger_target_dag.py for tasks to queue
[2025-10-15T07:51:52.622+0000] {logging_mixin.py:188} INFO - [2025-10-15T07:51:52.621+0000] {dagbag.py:540} INFO - Filling up the DagBag from /home/airflow/.local/lib/python3.8/site-packages/airflow/example_dags/example_trigger_target_dag.py
[2025-10-15T07:51:52.627+0000] {processor.py:840} INFO - DAG(s) 'example_trigger_target_dag' retrieved from /home/airflow/.local/lib/python3.8/site-packages/airflow/example_dags/example_trigger_target_dag.py
[2025-10-15T07:51:52.646+0000] {logging_mixin.py:188} INFO - [2025-10-15T07:51:52.646+0000] {dag.py:3047} INFO - Sync 1 DAGs
[2025-10-15T07:51:52.659+0000] {logging_mixin.py:188} INFO - [2025-10-15T07:51:52.658+0000] {dag.py:3834} INFO - Setting next_dagrun for example_trigger_target_dag to None, run_after=None
[2025-10-15T07:51:52.676+0000] {processor.py:183} INFO - Processing /home/airflow/.local/lib/python3.8/site-packages/airflow/example_dags/example_trigger_target_dag.py took 0.060 seconds
[2025-10-15T07:52:22.744+0000] {processor.py:161} INFO - Started process (PID=1379) to work on /home/airflow/.local/lib/python3.8/site-packages/airflow/example_dags/example_trigger_target_dag.py
[2025-10-15T07:52:22.745+0000] {processor.py:830} INFO - Processing file /home/airflow/.local/lib/python3.8/site-packages/airflow/example_dags/example_trigger_target_dag.py for tasks to queue
[2025-10-15T07:52:22.747+0000] {logging_mixin.py:188} INFO - [2025-10-15T07:52:22.747+0000] {dagbag.py:540} INFO - Filling up the DagBag from /home/airflow/.local/lib/python3.8/site-packages/airflow/example_dags/example_trigger_target_dag.py
[2025-10-15T07:52:22.752+0000] {processor.py:840} INFO - DAG(s) 'example_trigger_target_dag' retrieved from /home/airflow/.local/lib/python3.8/site-packages/airflow/example_dags/example_trigger_target_dag.py
[2025-10-15T07:52:22.768+0000] {logging_mixin.py:188} INFO - [2025-10-15T07:52:22.768+0000] {dag.py:3047} INFO - Sync 1 DAGs
[2025-10-15T07:52:22.779+0000] {logging_mixin.py:188} INFO - [2025-10-15T07:52:22.779+0000] {dag.py:3834} INFO - Setting next_dagrun for example_trigger_target_dag to None, run_after=None
[2025-10-15T07:52:22.798+0000] {processor.py:183} INFO - Processing /home/airflow/.local/lib/python3.8/site-packages/airflow/example_dags/example_trigger_target_dag.py took 0.056 seconds
[2025-10-15T07:52:53.736+0000] {processor.py:161} INFO - Started process (PID=1439) to work on /home/airflow/.local/lib/python3.8/site-packages/airflow/example_dags/example_trigger_target_dag.py
[2025-10-15T07:52:53.738+0000] {processor.py:830} INFO - Processing file /home/airflow/.local/lib/python3.8/site-packages/airflow/example_dags/example_trigger_target_dag.py for tasks to queue
[2025-10-15T07:52:53.739+0000] {logging_mixin.py:188} INFO - [2025-10-15T07:52:53.739+0000] {dagbag.py:540} INFO - Filling up the DagBag from /home/airflow/.local/lib/python3.8/site-packages/airflow/example_dags/example_trigger_target_dag.py
[2025-10-15T07:52:53.744+0000] {processor.py:840} INFO - DAG(s) 'example_trigger_target_dag' retrieved from /home/airflow/.local/lib/python3.8/site-packages/airflow/example_dags/example_trigger_target_dag.py
[2025-10-15T07:52:53.760+0000] {logging_mixin.py:188} INFO - [2025-10-15T07:52:53.760+0000] {dag.py:3047} INFO - Sync 1 DAGs
[2025-10-15T07:52:53.771+0000] {logging_mixin.py:188} INFO - [2025-10-15T07:52:53.771+0000] {dag.py:3834} INFO - Setting next_dagrun for example_trigger_target_dag to None, run_after=None
[2025-10-15T07:52:53.789+0000] {processor.py:183} INFO - Processing /home/airflow/.local/lib/python3.8/site-packages/airflow/example_dags/example_trigger_target_dag.py took 0.055 seconds
[2025-10-15T07:53:23.861+0000] {processor.py:161} INFO - Started process (PID=1500) to work on /home/airflow/.local/lib/python3.8/site-packages/airflow/example_dags/example_trigger_target_dag.py
[2025-10-15T07:53:23.862+0000] {processor.py:830} INFO - Processing file /home/airflow/.local/lib/python3.8/site-packages/airflow/example_dags/example_trigger_target_dag.py for tasks to queue
[2025-10-15T07:53:23.864+0000] {logging_mixin.py:188} INFO - [2025-10-15T07:53:23.863+0000] {dagbag.py:540} INFO - Filling up the DagBag from /home/airflow/.local/lib/python3.8/site-packages/airflow/example_dags/example_trigger_target_dag.py
[2025-10-15T07:53:23.869+0000] {processor.py:840} INFO - DAG(s) 'example_trigger_target_dag' retrieved from /home/airflow/.local/lib/python3.8/site-packages/airflow/example_dags/example_trigger_target_dag.py
[2025-10-15T07:53:23.885+0000] {logging_mixin.py:188} INFO - [2025-10-15T07:53:23.884+0000] {dag.py:3047} INFO - Sync 1 DAGs
[2025-10-15T07:53:23.895+0000] {logging_mixin.py:188} INFO - [2025-10-15T07:53:23.895+0000] {dag.py:3834} INFO - Setting next_dagrun for example_trigger_target_dag to None, run_after=None
[2025-10-15T07:53:23.912+0000] {processor.py:183} INFO - Processing /home/airflow/.local/lib/python3.8/site-packages/airflow/example_dags/example_trigger_target_dag.py took 0.053 seconds
[2025-10-15T07:53:54.516+0000] {processor.py:161} INFO - Started process (PID=1562) to work on /home/airflow/.local/lib/python3.8/site-packages/airflow/example_dags/example_trigger_target_dag.py
[2025-10-15T07:53:54.517+0000] {processor.py:830} INFO - Processing file /home/airflow/.local/lib/python3.8/site-packages/airflow/example_dags/example_trigger_target_dag.py for tasks to queue
[2025-10-15T07:53:54.519+0000] {logging_mixin.py:188} INFO - [2025-10-15T07:53:54.518+0000] {dagbag.py:540} INFO - Filling up the DagBag from /home/airflow/.local/lib/python3.8/site-packages/airflow/example_dags/example_trigger_target_dag.py
[2025-10-15T07:53:54.523+0000] {processor.py:840} INFO - DAG(s) 'example_trigger_target_dag' retrieved from /home/airflow/.local/lib/python3.8/site-packages/airflow/example_dags/example_trigger_target_dag.py
[2025-10-15T07:53:54.540+0000] {logging_mixin.py:188} INFO - [2025-10-15T07:53:54.540+0000] {dag.py:3047} INFO - Sync 1 DAGs
[2025-10-15T07:53:54.551+0000] {logging_mixin.py:188} INFO - [2025-10-15T07:53:54.550+0000] {dag.py:3834} INFO - Setting next_dagrun for example_trigger_target_dag to None, run_after=None
[2025-10-15T07:53:54.567+0000] {processor.py:183} INFO - Processing /home/airflow/.local/lib/python3.8/site-packages/airflow/example_dags/example_trigger_target_dag.py took 0.053 seconds
[2025-10-15T07:54:24.624+0000] {processor.py:161} INFO - Started process (PID=1622) to work on /home/airflow/.local/lib/python3.8/site-packages/airflow/example_dags/example_trigger_target_dag.py
[2025-10-15T07:54:24.625+0000] {processor.py:830} INFO - Processing file /home/airflow/.local/lib/python3.8/site-packages/airflow/example_dags/example_trigger_target_dag.py for tasks to queue
[2025-10-15T07:54:24.627+0000] {logging_mixin.py:188} INFO - [2025-10-15T07:54:24.626+0000] {dagbag.py:540} INFO - Filling up the DagBag from /home/airflow/.local/lib/python3.8/site-packages/airflow/example_dags/example_trigger_target_dag.py
[2025-10-15T07:54:24.633+0000] {processor.py:840} INFO - DAG(s) 'example_trigger_target_dag' retrieved from /home/airflow/.local/lib/python3.8/site-packages/airflow/example_dags/example_trigger_target_dag.py
[2025-10-15T07:54:24.650+0000] {logging_mixin.py:188} INFO - [2025-10-15T07:54:24.650+0000] {dag.py:3047} INFO - Sync 1 DAGs
[2025-10-15T07:54:24.663+0000] {logging_mixin.py:188} INFO - [2025-10-15T07:54:24.662+0000] {dag.py:3834} INFO - Setting next_dagrun for example_trigger_target_dag to None, run_after=None
[2025-10-15T07:54:24.681+0000] {processor.py:183} INFO - Processing /home/airflow/.local/lib/python3.8/site-packages/airflow/example_dags/example_trigger_target_dag.py took 0.060 seconds
[2025-10-15T07:54:55.065+0000] {processor.py:161} INFO - Started process (PID=1682) to work on /home/airflow/.local/lib/python3.8/site-packages/airflow/example_dags/example_trigger_target_dag.py
[2025-10-15T07:54:55.066+0000] {processor.py:830} INFO - Processing file /home/airflow/.local/lib/python3.8/site-packages/airflow/example_dags/example_trigger_target_dag.py for tasks to queue
[2025-10-15T07:54:55.068+0000] {logging_mixin.py:188} INFO - [2025-10-15T07:54:55.067+0000] {dagbag.py:540} INFO - Filling up the DagBag from /home/airflow/.local/lib/python3.8/site-packages/airflow/example_dags/example_trigger_target_dag.py
[2025-10-15T07:54:55.081+0000] {processor.py:840} INFO - DAG(s) 'example_trigger_target_dag' retrieved from /home/airflow/.local/lib/python3.8/site-packages/airflow/example_dags/example_trigger_target_dag.py
[2025-10-15T07:54:55.112+0000] {logging_mixin.py:188} INFO - [2025-10-15T07:54:55.112+0000] {dag.py:3047} INFO - Sync 1 DAGs
[2025-10-15T07:54:55.124+0000] {logging_mixin.py:188} INFO - [2025-10-15T07:54:55.124+0000] {dag.py:3834} INFO - Setting next_dagrun for example_trigger_target_dag to None, run_after=None
[2025-10-15T07:54:55.144+0000] {processor.py:183} INFO - Processing /home/airflow/.local/lib/python3.8/site-packages/airflow/example_dags/example_trigger_target_dag.py took 0.082 seconds
[2025-10-15T07:55:25.216+0000] {processor.py:161} INFO - Started process (PID=1744) to work on /home/airflow/.local/lib/python3.8/site-packages/airflow/example_dags/example_trigger_target_dag.py
[2025-10-15T07:55:25.217+0000] {processor.py:830} INFO - Processing file /home/airflow/.local/lib/python3.8/site-packages/airflow/example_dags/example_trigger_target_dag.py for tasks to queue
[2025-10-15T07:55:25.218+0000] {logging_mixin.py:188} INFO - [2025-10-15T07:55:25.218+0000] {dagbag.py:540} INFO - Filling up the DagBag from /home/airflow/.local/lib/python3.8/site-packages/airflow/example_dags/example_trigger_target_dag.py
[2025-10-15T07:55:25.223+0000] {processor.py:840} INFO - DAG(s) 'example_trigger_target_dag' retrieved from /home/airflow/.local/lib/python3.8/site-packages/airflow/example_dags/example_trigger_target_dag.py
[2025-10-15T07:55:25.241+0000] {logging_mixin.py:188} INFO - [2025-10-15T07:55:25.240+0000] {dag.py:3047} INFO - Sync 1 DAGs
[2025-10-15T07:55:25.251+0000] {logging_mixin.py:188} INFO - [2025-10-15T07:55:25.251+0000] {dag.py:3834} INFO - Setting next_dagrun for example_trigger_target_dag to None, run_after=None
[2025-10-15T07:55:25.269+0000] {processor.py:183} INFO - Processing /home/airflow/.local/lib/python3.8/site-packages/airflow/example_dags/example_trigger_target_dag.py took 0.055 seconds
[2025-10-15T07:55:55.815+0000] {processor.py:161} INFO - Started process (PID=1805) to work on /home/airflow/.local/lib/python3.8/site-packages/airflow/example_dags/example_trigger_target_dag.py
[2025-10-15T07:55:55.816+0000] {processor.py:830} INFO - Processing file /home/airflow/.local/lib/python3.8/site-packages/airflow/example_dags/example_trigger_target_dag.py for tasks to queue
[2025-10-15T07:55:55.818+0000] {logging_mixin.py:188} INFO - [2025-10-15T07:55:55.818+0000] {dagbag.py:540} INFO - Filling up the DagBag from /home/airflow/.local/lib/python3.8/site-packages/airflow/example_dags/example_trigger_target_dag.py
[2025-10-15T07:55:55.822+0000] {processor.py:840} INFO - DAG(s) 'example_trigger_target_dag' retrieved from /home/airflow/.local/lib/python3.8/site-packages/airflow/example_dags/example_trigger_target_dag.py
[2025-10-15T07:55:55.837+0000] {logging_mixin.py:188} INFO - [2025-10-15T07:55:55.837+0000] {dag.py:3047} INFO - Sync 1 DAGs
[2025-10-15T07:55:55.848+0000] {logging_mixin.py:188} INFO - [2025-10-15T07:55:55.847+0000] {dag.py:3834} INFO - Setting next_dagrun for example_trigger_target_dag to None, run_after=None
[2025-10-15T07:55:55.864+0000] {processor.py:183} INFO - Processing /home/airflow/.local/lib/python3.8/site-packages/airflow/example_dags/example_trigger_target_dag.py took 0.051 seconds
[2025-10-15T07:56:26.099+0000] {processor.py:161} INFO - Started process (PID=1865) to work on /home/airflow/.local/lib/python3.8/site-packages/airflow/example_dags/example_trigger_target_dag.py
[2025-10-15T07:56:26.100+0000] {processor.py:830} INFO - Processing file /home/airflow/.local/lib/python3.8/site-packages/airflow/example_dags/example_trigger_target_dag.py for tasks to queue
[2025-10-15T07:56:26.102+0000] {logging_mixin.py:188} INFO - [2025-10-15T07:56:26.101+0000] {dagbag.py:540} INFO - Filling up the DagBag from /home/airflow/.local/lib/python3.8/site-packages/airflow/example_dags/example_trigger_target_dag.py
[2025-10-15T07:56:26.106+0000] {processor.py:840} INFO - DAG(s) 'example_trigger_target_dag' retrieved from /home/airflow/.local/lib/python3.8/site-packages/airflow/example_dags/example_trigger_target_dag.py
[2025-10-15T07:56:26.124+0000] {logging_mixin.py:188} INFO - [2025-10-15T07:56:26.123+0000] {dag.py:3047} INFO - Sync 1 DAGs
[2025-10-15T07:56:26.134+0000] {logging_mixin.py:188} INFO - [2025-10-15T07:56:26.133+0000] {dag.py:3834} INFO - Setting next_dagrun for example_trigger_target_dag to None, run_after=None
[2025-10-15T07:56:26.150+0000] {processor.py:183} INFO - Processing /home/airflow/.local/lib/python3.8/site-packages/airflow/example_dags/example_trigger_target_dag.py took 0.054 seconds
[2025-10-15T07:56:56.324+0000] {processor.py:161} INFO - Started process (PID=1925) to work on /home/airflow/.local/lib/python3.8/site-packages/airflow/example_dags/example_trigger_target_dag.py
[2025-10-15T07:56:56.325+0000] {processor.py:830} INFO - Processing file /home/airflow/.local/lib/python3.8/site-packages/airflow/example_dags/example_trigger_target_dag.py for tasks to queue
[2025-10-15T07:56:56.327+0000] {logging_mixin.py:188} INFO - [2025-10-15T07:56:56.327+0000] {dagbag.py:540} INFO - Filling up the DagBag from /home/airflow/.local/lib/python3.8/site-packages/airflow/example_dags/example_trigger_target_dag.py
[2025-10-15T07:56:56.332+0000] {processor.py:840} INFO - DAG(s) 'example_trigger_target_dag' retrieved from /home/airflow/.local/lib/python3.8/site-packages/airflow/example_dags/example_trigger_target_dag.py
[2025-10-15T07:56:56.348+0000] {logging_mixin.py:188} INFO - [2025-10-15T07:56:56.348+0000] {dag.py:3047} INFO - Sync 1 DAGs
[2025-10-15T07:56:56.359+0000] {logging_mixin.py:188} INFO - [2025-10-15T07:56:56.359+0000] {dag.py:3834} INFO - Setting next_dagrun for example_trigger_target_dag to None, run_after=None
[2025-10-15T07:56:56.376+0000] {processor.py:183} INFO - Processing /home/airflow/.local/lib/python3.8/site-packages/airflow/example_dags/example_trigger_target_dag.py took 0.054 seconds
[2025-10-15T07:57:26.584+0000] {processor.py:161} INFO - Started process (PID=1986) to work on /home/airflow/.local/lib/python3.8/site-packages/airflow/example_dags/example_trigger_target_dag.py
[2025-10-15T07:57:26.585+0000] {processor.py:830} INFO - Processing file /home/airflow/.local/lib/python3.8/site-packages/airflow/example_dags/example_trigger_target_dag.py for tasks to queue
[2025-10-15T07:57:26.587+0000] {logging_mixin.py:188} INFO - [2025-10-15T07:57:26.587+0000] {dagbag.py:540} INFO - Filling up the DagBag from /home/airflow/.local/lib/python3.8/site-packages/airflow/example_dags/example_trigger_target_dag.py
[2025-10-15T07:57:26.592+0000] {processor.py:840} INFO - DAG(s) 'example_trigger_target_dag' retrieved from /home/airflow/.local/lib/python3.8/site-packages/airflow/example_dags/example_trigger_target_dag.py
[2025-10-15T07:57:26.612+0000] {logging_mixin.py:188} INFO - [2025-10-15T07:57:26.612+0000] {dag.py:3047} INFO - Sync 1 DAGs
[2025-10-15T07:57:26.624+0000] {logging_mixin.py:188} INFO - [2025-10-15T07:57:26.624+0000] {dag.py:3834} INFO - Setting next_dagrun for example_trigger_target_dag to None, run_after=None
[2025-10-15T07:57:26.643+0000] {processor.py:183} INFO - Processing /home/airflow/.local/lib/python3.8/site-packages/airflow/example_dags/example_trigger_target_dag.py took 0.062 seconds
[2025-10-15T07:57:57.399+0000] {processor.py:161} INFO - Started process (PID=2047) to work on /home/airflow/.local/lib/python3.8/site-packages/airflow/example_dags/example_trigger_target_dag.py
[2025-10-15T07:57:57.400+0000] {processor.py:830} INFO - Processing file /home/airflow/.local/lib/python3.8/site-packages/airflow/example_dags/example_trigger_target_dag.py for tasks to queue
[2025-10-15T07:57:57.401+0000] {logging_mixin.py:188} INFO - [2025-10-15T07:57:57.401+0000] {dagbag.py:540} INFO - Filling up the DagBag from /home/airflow/.local/lib/python3.8/site-packages/airflow/example_dags/example_trigger_target_dag.py
[2025-10-15T07:57:57.407+0000] {processor.py:840} INFO - DAG(s) 'example_trigger_target_dag' retrieved from /home/airflow/.local/lib/python3.8/site-packages/airflow/example_dags/example_trigger_target_dag.py
[2025-10-15T07:57:57.425+0000] {logging_mixin.py:188} INFO - [2025-10-15T07:57:57.425+0000] {dag.py:3047} INFO - Sync 1 DAGs
[2025-10-15T07:57:57.436+0000] {logging_mixin.py:188} INFO - [2025-10-15T07:57:57.436+0000] {dag.py:3834} INFO - Setting next_dagrun for example_trigger_target_dag to None, run_after=None
[2025-10-15T07:57:57.452+0000] {processor.py:183} INFO - Processing /home/airflow/.local/lib/python3.8/site-packages/airflow/example_dags/example_trigger_target_dag.py took 0.055 seconds
[2025-10-15T07:58:27.551+0000] {processor.py:161} INFO - Started process (PID=2106) to work on /home/airflow/.local/lib/python3.8/site-packages/airflow/example_dags/example_trigger_target_dag.py
[2025-10-15T07:58:27.552+0000] {processor.py:830} INFO - Processing file /home/airflow/.local/lib/python3.8/site-packages/airflow/example_dags/example_trigger_target_dag.py for tasks to queue
[2025-10-15T07:58:27.554+0000] {logging_mixin.py:188} INFO - [2025-10-15T07:58:27.553+0000] {dagbag.py:540} INFO - Filling up the DagBag from /home/airflow/.local/lib/python3.8/site-packages/airflow/example_dags/example_trigger_target_dag.py
[2025-10-15T07:58:27.559+0000] {processor.py:840} INFO - DAG(s) 'example_trigger_target_dag' retrieved from /home/airflow/.local/lib/python3.8/site-packages/airflow/example_dags/example_trigger_target_dag.py
[2025-10-15T07:58:27.576+0000] {logging_mixin.py:188} INFO - [2025-10-15T07:58:27.576+0000] {dag.py:3047} INFO - Sync 1 DAGs
[2025-10-15T07:58:27.587+0000] {logging_mixin.py:188} INFO - [2025-10-15T07:58:27.587+0000] {dag.py:3834} INFO - Setting next_dagrun for example_trigger_target_dag to None, run_after=None
[2025-10-15T07:58:27.604+0000] {processor.py:183} INFO - Processing /home/airflow/.local/lib/python3.8/site-packages/airflow/example_dags/example_trigger_target_dag.py took 0.056 seconds
[2025-10-15T07:58:57.723+0000] {processor.py:161} INFO - Started process (PID=2167) to work on /home/airflow/.local/lib/python3.8/site-packages/airflow/example_dags/example_trigger_target_dag.py
[2025-10-15T07:58:57.724+0000] {processor.py:830} INFO - Processing file /home/airflow/.local/lib/python3.8/site-packages/airflow/example_dags/example_trigger_target_dag.py for tasks to queue
[2025-10-15T07:58:57.726+0000] {logging_mixin.py:188} INFO - [2025-10-15T07:58:57.725+0000] {dagbag.py:540} INFO - Filling up the DagBag from /home/airflow/.local/lib/python3.8/site-packages/airflow/example_dags/example_trigger_target_dag.py
[2025-10-15T07:58:57.730+0000] {processor.py:840} INFO - DAG(s) 'example_trigger_target_dag' retrieved from /home/airflow/.local/lib/python3.8/site-packages/airflow/example_dags/example_trigger_target_dag.py
[2025-10-15T07:58:57.748+0000] {logging_mixin.py:188} INFO - [2025-10-15T07:58:57.747+0000] {dag.py:3047} INFO - Sync 1 DAGs
[2025-10-15T07:58:57.759+0000] {logging_mixin.py:188} INFO - [2025-10-15T07:58:57.759+0000] {dag.py:3834} INFO - Setting next_dagrun for example_trigger_target_dag to None, run_after=None
[2025-10-15T07:58:57.776+0000] {processor.py:183} INFO - Processing /home/airflow/.local/lib/python3.8/site-packages/airflow/example_dags/example_trigger_target_dag.py took 0.056 seconds
[2025-10-15T07:59:27.921+0000] {processor.py:161} INFO - Started process (PID=2227) to work on /home/airflow/.local/lib/python3.8/site-packages/airflow/example_dags/example_trigger_target_dag.py
[2025-10-15T07:59:27.922+0000] {processor.py:830} INFO - Processing file /home/airflow/.local/lib/python3.8/site-packages/airflow/example_dags/example_trigger_target_dag.py for tasks to queue
[2025-10-15T07:59:27.923+0000] {logging_mixin.py:188} INFO - [2025-10-15T07:59:27.923+0000] {dagbag.py:540} INFO - Filling up the DagBag from /home/airflow/.local/lib/python3.8/site-packages/airflow/example_dags/example_trigger_target_dag.py
[2025-10-15T07:59:27.928+0000] {processor.py:840} INFO - DAG(s) 'example_trigger_target_dag' retrieved from /home/airflow/.local/lib/python3.8/site-packages/airflow/example_dags/example_trigger_target_dag.py
[2025-10-15T07:59:27.945+0000] {logging_mixin.py:188} INFO - [2025-10-15T07:59:27.945+0000] {dag.py:3047} INFO - Sync 1 DAGs
[2025-10-15T07:59:27.956+0000] {logging_mixin.py:188} INFO - [2025-10-15T07:59:27.955+0000] {dag.py:3834} INFO - Setting next_dagrun for example_trigger_target_dag to None, run_after=None
[2025-10-15T07:59:27.972+0000] {processor.py:183} INFO - Processing /home/airflow/.local/lib/python3.8/site-packages/airflow/example_dags/example_trigger_target_dag.py took 0.054 seconds
[2025-10-15T07:59:58.758+0000] {processor.py:161} INFO - Started process (PID=2286) to work on /home/airflow/.local/lib/python3.8/site-packages/airflow/example_dags/example_trigger_target_dag.py
[2025-10-15T07:59:58.759+0000] {processor.py:830} INFO - Processing file /home/airflow/.local/lib/python3.8/site-packages/airflow/example_dags/example_trigger_target_dag.py for tasks to queue
[2025-10-15T07:59:58.760+0000] {logging_mixin.py:188} INFO - [2025-10-15T07:59:58.760+0000] {dagbag.py:540} INFO - Filling up the DagBag from /home/airflow/.local/lib/python3.8/site-packages/airflow/example_dags/example_trigger_target_dag.py
[2025-10-15T07:59:58.765+0000] {processor.py:840} INFO - DAG(s) 'example_trigger_target_dag' retrieved from /home/airflow/.local/lib/python3.8/site-packages/airflow/example_dags/example_trigger_target_dag.py
[2025-10-15T07:59:58.784+0000] {logging_mixin.py:188} INFO - [2025-10-15T07:59:58.784+0000] {dag.py:3047} INFO - Sync 1 DAGs
[2025-10-15T07:59:58.798+0000] {logging_mixin.py:188} INFO - [2025-10-15T07:59:58.798+0000] {dag.py:3834} INFO - Setting next_dagrun for example_trigger_target_dag to None, run_after=None
[2025-10-15T07:59:58.818+0000] {processor.py:183} INFO - Processing /home/airflow/.local/lib/python3.8/site-packages/airflow/example_dags/example_trigger_target_dag.py took 0.062 seconds
[2025-10-15T08:00:28.940+0000] {processor.py:161} INFO - Started process (PID=2347) to work on /home/airflow/.local/lib/python3.8/site-packages/airflow/example_dags/example_trigger_target_dag.py
[2025-10-15T08:00:28.941+0000] {processor.py:830} INFO - Processing file /home/airflow/.local/lib/python3.8/site-packages/airflow/example_dags/example_trigger_target_dag.py for tasks to queue
[2025-10-15T08:00:28.942+0000] {logging_mixin.py:188} INFO - [2025-10-15T08:00:28.941+0000] {dagbag.py:540} INFO - Filling up the DagBag from /home/airflow/.local/lib/python3.8/site-packages/airflow/example_dags/example_trigger_target_dag.py
[2025-10-15T08:00:28.946+0000] {processor.py:840} INFO - DAG(s) 'example_trigger_target_dag' retrieved from /home/airflow/.local/lib/python3.8/site-packages/airflow/example_dags/example_trigger_target_dag.py
[2025-10-15T08:00:28.963+0000] {logging_mixin.py:188} INFO - [2025-10-15T08:00:28.963+0000] {dag.py:3047} INFO - Sync 1 DAGs
[2025-10-15T08:00:28.973+0000] {logging_mixin.py:188} INFO - [2025-10-15T08:00:28.973+0000] {dag.py:3834} INFO - Setting next_dagrun for example_trigger_target_dag to None, run_after=None
[2025-10-15T08:00:28.995+0000] {processor.py:183} INFO - Processing /home/airflow/.local/lib/python3.8/site-packages/airflow/example_dags/example_trigger_target_dag.py took 0.058 seconds
[2025-10-15T08:00:59.220+0000] {processor.py:161} INFO - Started process (PID=2410) to work on /home/airflow/.local/lib/python3.8/site-packages/airflow/example_dags/example_trigger_target_dag.py
[2025-10-15T08:00:59.221+0000] {processor.py:830} INFO - Processing file /home/airflow/.local/lib/python3.8/site-packages/airflow/example_dags/example_trigger_target_dag.py for tasks to queue
[2025-10-15T08:00:59.222+0000] {logging_mixin.py:188} INFO - [2025-10-15T08:00:59.221+0000] {dagbag.py:540} INFO - Filling up the DagBag from /home/airflow/.local/lib/python3.8/site-packages/airflow/example_dags/example_trigger_target_dag.py
[2025-10-15T08:00:59.227+0000] {processor.py:840} INFO - DAG(s) 'example_trigger_target_dag' retrieved from /home/airflow/.local/lib/python3.8/site-packages/airflow/example_dags/example_trigger_target_dag.py
[2025-10-15T08:00:59.244+0000] {logging_mixin.py:188} INFO - [2025-10-15T08:00:59.244+0000] {dag.py:3047} INFO - Sync 1 DAGs
[2025-10-15T08:00:59.255+0000] {logging_mixin.py:188} INFO - [2025-10-15T08:00:59.255+0000] {dag.py:3834} INFO - Setting next_dagrun for example_trigger_target_dag to None, run_after=None
[2025-10-15T08:00:59.272+0000] {processor.py:183} INFO - Processing /home/airflow/.local/lib/python3.8/site-packages/airflow/example_dags/example_trigger_target_dag.py took 0.054 seconds
[2025-10-15T08:01:29.568+0000] {processor.py:161} INFO - Started process (PID=2473) to work on /home/airflow/.local/lib/python3.8/site-packages/airflow/example_dags/example_trigger_target_dag.py
[2025-10-15T08:01:29.569+0000] {processor.py:830} INFO - Processing file /home/airflow/.local/lib/python3.8/site-packages/airflow/example_dags/example_trigger_target_dag.py for tasks to queue
[2025-10-15T08:01:29.570+0000] {logging_mixin.py:188} INFO - [2025-10-15T08:01:29.570+0000] {dagbag.py:540} INFO - Filling up the DagBag from /home/airflow/.local/lib/python3.8/site-packages/airflow/example_dags/example_trigger_target_dag.py
[2025-10-15T08:01:29.575+0000] {processor.py:840} INFO - DAG(s) 'example_trigger_target_dag' retrieved from /home/airflow/.local/lib/python3.8/site-packages/airflow/example_dags/example_trigger_target_dag.py
[2025-10-15T08:01:29.593+0000] {logging_mixin.py:188} INFO - [2025-10-15T08:01:29.593+0000] {dag.py:3047} INFO - Sync 1 DAGs
[2025-10-15T08:01:29.605+0000] {logging_mixin.py:188} INFO - [2025-10-15T08:01:29.604+0000] {dag.py:3834} INFO - Setting next_dagrun for example_trigger_target_dag to None, run_after=None
[2025-10-15T08:01:29.622+0000] {processor.py:183} INFO - Processing /home/airflow/.local/lib/python3.8/site-packages/airflow/example_dags/example_trigger_target_dag.py took 0.057 seconds
[2025-10-15T08:01:59.812+0000] {processor.py:161} INFO - Started process (PID=2533) to work on /home/airflow/.local/lib/python3.8/site-packages/airflow/example_dags/example_trigger_target_dag.py
[2025-10-15T08:01:59.813+0000] {processor.py:830} INFO - Processing file /home/airflow/.local/lib/python3.8/site-packages/airflow/example_dags/example_trigger_target_dag.py for tasks to queue
[2025-10-15T08:01:59.814+0000] {logging_mixin.py:188} INFO - [2025-10-15T08:01:59.814+0000] {dagbag.py:540} INFO - Filling up the DagBag from /home/airflow/.local/lib/python3.8/site-packages/airflow/example_dags/example_trigger_target_dag.py
[2025-10-15T08:01:59.819+0000] {processor.py:840} INFO - DAG(s) 'example_trigger_target_dag' retrieved from /home/airflow/.local/lib/python3.8/site-packages/airflow/example_dags/example_trigger_target_dag.py
[2025-10-15T08:01:59.836+0000] {logging_mixin.py:188} INFO - [2025-10-15T08:01:59.836+0000] {dag.py:3047} INFO - Sync 1 DAGs
[2025-10-15T08:01:59.848+0000] {logging_mixin.py:188} INFO - [2025-10-15T08:01:59.848+0000] {dag.py:3834} INFO - Setting next_dagrun for example_trigger_target_dag to None, run_after=None
[2025-10-15T08:01:59.868+0000] {processor.py:183} INFO - Processing /home/airflow/.local/lib/python3.8/site-packages/airflow/example_dags/example_trigger_target_dag.py took 0.058 seconds
[2025-10-15T08:02:29.980+0000] {processor.py:161} INFO - Started process (PID=2596) to work on /home/airflow/.local/lib/python3.8/site-packages/airflow/example_dags/example_trigger_target_dag.py
[2025-10-15T08:02:29.981+0000] {processor.py:830} INFO - Processing file /home/airflow/.local/lib/python3.8/site-packages/airflow/example_dags/example_trigger_target_dag.py for tasks to queue
[2025-10-15T08:02:29.981+0000] {logging_mixin.py:188} INFO - [2025-10-15T08:02:29.981+0000] {dagbag.py:540} INFO - Filling up the DagBag from /home/airflow/.local/lib/python3.8/site-packages/airflow/example_dags/example_trigger_target_dag.py
[2025-10-15T08:02:29.987+0000] {processor.py:840} INFO - DAG(s) 'example_trigger_target_dag' retrieved from /home/airflow/.local/lib/python3.8/site-packages/airflow/example_dags/example_trigger_target_dag.py
[2025-10-15T08:02:30.007+0000] {logging_mixin.py:188} INFO - [2025-10-15T08:02:30.007+0000] {dag.py:3047} INFO - Sync 1 DAGs
[2025-10-15T08:02:30.019+0000] {logging_mixin.py:188} INFO - [2025-10-15T08:02:30.019+0000] {dag.py:3834} INFO - Setting next_dagrun for example_trigger_target_dag to None, run_after=None
[2025-10-15T08:02:30.038+0000] {processor.py:183} INFO - Processing /home/airflow/.local/lib/python3.8/site-packages/airflow/example_dags/example_trigger_target_dag.py took 0.061 seconds
[2025-10-15T08:03:00.256+0000] {processor.py:161} INFO - Started process (PID=2656) to work on /home/airflow/.local/lib/python3.8/site-packages/airflow/example_dags/example_trigger_target_dag.py
[2025-10-15T08:03:00.257+0000] {processor.py:830} INFO - Processing file /home/airflow/.local/lib/python3.8/site-packages/airflow/example_dags/example_trigger_target_dag.py for tasks to queue
[2025-10-15T08:03:00.258+0000] {logging_mixin.py:188} INFO - [2025-10-15T08:03:00.258+0000] {dagbag.py:540} INFO - Filling up the DagBag from /home/airflow/.local/lib/python3.8/site-packages/airflow/example_dags/example_trigger_target_dag.py
[2025-10-15T08:03:00.263+0000] {processor.py:840} INFO - DAG(s) 'example_trigger_target_dag' retrieved from /home/airflow/.local/lib/python3.8/site-packages/airflow/example_dags/example_trigger_target_dag.py
[2025-10-15T08:03:00.280+0000] {logging_mixin.py:188} INFO - [2025-10-15T08:03:00.280+0000] {dag.py:3047} INFO - Sync 1 DAGs
[2025-10-15T08:03:00.292+0000] {logging_mixin.py:188} INFO - [2025-10-15T08:03:00.292+0000] {dag.py:3834} INFO - Setting next_dagrun for example_trigger_target_dag to None, run_after=None
[2025-10-15T08:03:00.309+0000] {processor.py:183} INFO - Processing /home/airflow/.local/lib/python3.8/site-packages/airflow/example_dags/example_trigger_target_dag.py took 0.056 seconds
