[2025-10-15T07:41:42.977+0000] {processor.py:161} INFO - Started process (PID=110) to work on /home/airflow/.local/lib/python3.8/site-packages/airflow/example_dags/example_branch_python_dop_operator_3.py
[2025-10-15T07:41:42.978+0000] {processor.py:830} INFO - Processing file /home/airflow/.local/lib/python3.8/site-packages/airflow/example_dags/example_branch_python_dop_operator_3.py for tasks to queue
[2025-10-15T07:41:42.980+0000] {logging_mixin.py:188} INFO - [2025-10-15T07:41:42.980+0000] {dagbag.py:540} INFO - Filling up the DagBag from /home/airflow/.local/lib/python3.8/site-packages/airflow/example_dags/example_branch_python_dop_operator_3.py
[2025-10-15T07:41:42.990+0000] {processor.py:840} INFO - DAG(s) 'example_branch_dop_operator_v3' retrieved from /home/airflow/.local/lib/python3.8/site-packages/airflow/example_dags/example_branch_python_dop_operator_3.py
[2025-10-15T07:41:43.120+0000] {logging_mixin.py:188} INFO - [2025-10-15T07:41:43.120+0000] {dag.py:3047} INFO - Sync 1 DAGs
[2025-10-15T07:41:43.144+0000] {logging_mixin.py:188} INFO - [2025-10-15T07:41:43.143+0000] {dag.py:3834} INFO - Setting next_dagrun for example_branch_dop_operator_v3 to 2025-10-15 07:40:00+00:00, run_after=2025-10-15 07:41:00+00:00
[2025-10-15T07:41:43.165+0000] {processor.py:183} INFO - Processing /home/airflow/.local/lib/python3.8/site-packages/airflow/example_dags/example_branch_python_dop_operator_3.py took 0.190 seconds
[2025-10-15T07:42:13.959+0000] {processor.py:161} INFO - Started process (PID=171) to work on /home/airflow/.local/lib/python3.8/site-packages/airflow/example_dags/example_branch_python_dop_operator_3.py
[2025-10-15T07:42:13.960+0000] {processor.py:830} INFO - Processing file /home/airflow/.local/lib/python3.8/site-packages/airflow/example_dags/example_branch_python_dop_operator_3.py for tasks to queue
[2025-10-15T07:42:13.961+0000] {logging_mixin.py:188} INFO - [2025-10-15T07:42:13.961+0000] {dagbag.py:540} INFO - Filling up the DagBag from /home/airflow/.local/lib/python3.8/site-packages/airflow/example_dags/example_branch_python_dop_operator_3.py
[2025-10-15T07:42:13.969+0000] {processor.py:840} INFO - DAG(s) 'example_branch_dop_operator_v3' retrieved from /home/airflow/.local/lib/python3.8/site-packages/airflow/example_dags/example_branch_python_dop_operator_3.py
[2025-10-15T07:42:13.985+0000] {logging_mixin.py:188} INFO - [2025-10-15T07:42:13.985+0000] {dag.py:3047} INFO - Sync 1 DAGs
[2025-10-15T07:42:14.008+0000] {logging_mixin.py:188} INFO - [2025-10-15T07:42:14.008+0000] {dag.py:3834} INFO - Setting next_dagrun for example_branch_dop_operator_v3 to 2025-10-15 07:41:00+00:00, run_after=2025-10-15 07:42:00+00:00
[2025-10-15T07:42:14.024+0000] {processor.py:183} INFO - Processing /home/airflow/.local/lib/python3.8/site-packages/airflow/example_dags/example_branch_python_dop_operator_3.py took 0.068 seconds
[2025-10-15T07:42:44.324+0000] {processor.py:161} INFO - Started process (PID=231) to work on /home/airflow/.local/lib/python3.8/site-packages/airflow/example_dags/example_branch_python_dop_operator_3.py
[2025-10-15T07:42:44.325+0000] {processor.py:830} INFO - Processing file /home/airflow/.local/lib/python3.8/site-packages/airflow/example_dags/example_branch_python_dop_operator_3.py for tasks to queue
[2025-10-15T07:42:44.326+0000] {logging_mixin.py:188} INFO - [2025-10-15T07:42:44.326+0000] {dagbag.py:540} INFO - Filling up the DagBag from /home/airflow/.local/lib/python3.8/site-packages/airflow/example_dags/example_branch_python_dop_operator_3.py
[2025-10-15T07:42:44.334+0000] {processor.py:840} INFO - DAG(s) 'example_branch_dop_operator_v3' retrieved from /home/airflow/.local/lib/python3.8/site-packages/airflow/example_dags/example_branch_python_dop_operator_3.py
[2025-10-15T07:42:44.350+0000] {logging_mixin.py:188} INFO - [2025-10-15T07:42:44.350+0000] {dag.py:3047} INFO - Sync 1 DAGs
[2025-10-15T07:42:44.371+0000] {logging_mixin.py:188} INFO - [2025-10-15T07:42:44.371+0000] {dag.py:3834} INFO - Setting next_dagrun for example_branch_dop_operator_v3 to 2025-10-15 07:41:00+00:00, run_after=2025-10-15 07:42:00+00:00
[2025-10-15T07:42:44.387+0000] {processor.py:183} INFO - Processing /home/airflow/.local/lib/python3.8/site-packages/airflow/example_dags/example_branch_python_dop_operator_3.py took 0.066 seconds
[2025-10-15T07:43:14.752+0000] {processor.py:161} INFO - Started process (PID=291) to work on /home/airflow/.local/lib/python3.8/site-packages/airflow/example_dags/example_branch_python_dop_operator_3.py
[2025-10-15T07:43:14.753+0000] {processor.py:830} INFO - Processing file /home/airflow/.local/lib/python3.8/site-packages/airflow/example_dags/example_branch_python_dop_operator_3.py for tasks to queue
[2025-10-15T07:43:14.754+0000] {logging_mixin.py:188} INFO - [2025-10-15T07:43:14.754+0000] {dagbag.py:540} INFO - Filling up the DagBag from /home/airflow/.local/lib/python3.8/site-packages/airflow/example_dags/example_branch_python_dop_operator_3.py
[2025-10-15T07:43:14.766+0000] {processor.py:840} INFO - DAG(s) 'example_branch_dop_operator_v3' retrieved from /home/airflow/.local/lib/python3.8/site-packages/airflow/example_dags/example_branch_python_dop_operator_3.py
[2025-10-15T07:43:14.787+0000] {logging_mixin.py:188} INFO - [2025-10-15T07:43:14.786+0000] {dag.py:3047} INFO - Sync 1 DAGs
[2025-10-15T07:43:14.821+0000] {logging_mixin.py:188} INFO - [2025-10-15T07:43:14.821+0000] {dag.py:3834} INFO - Setting next_dagrun for example_branch_dop_operator_v3 to 2025-10-15 07:42:00+00:00, run_after=2025-10-15 07:43:00+00:00
[2025-10-15T07:43:14.841+0000] {processor.py:183} INFO - Processing /home/airflow/.local/lib/python3.8/site-packages/airflow/example_dags/example_branch_python_dop_operator_3.py took 0.092 seconds
[2025-10-15T07:43:45.034+0000] {processor.py:161} INFO - Started process (PID=351) to work on /home/airflow/.local/lib/python3.8/site-packages/airflow/example_dags/example_branch_python_dop_operator_3.py
[2025-10-15T07:43:45.034+0000] {processor.py:830} INFO - Processing file /home/airflow/.local/lib/python3.8/site-packages/airflow/example_dags/example_branch_python_dop_operator_3.py for tasks to queue
[2025-10-15T07:43:45.036+0000] {logging_mixin.py:188} INFO - [2025-10-15T07:43:45.036+0000] {dagbag.py:540} INFO - Filling up the DagBag from /home/airflow/.local/lib/python3.8/site-packages/airflow/example_dags/example_branch_python_dop_operator_3.py
[2025-10-15T07:43:45.045+0000] {processor.py:840} INFO - DAG(s) 'example_branch_dop_operator_v3' retrieved from /home/airflow/.local/lib/python3.8/site-packages/airflow/example_dags/example_branch_python_dop_operator_3.py
[2025-10-15T07:43:45.065+0000] {logging_mixin.py:188} INFO - [2025-10-15T07:43:45.065+0000] {dag.py:3047} INFO - Sync 1 DAGs
[2025-10-15T07:43:45.090+0000] {logging_mixin.py:188} INFO - [2025-10-15T07:43:45.090+0000] {dag.py:3834} INFO - Setting next_dagrun for example_branch_dop_operator_v3 to 2025-10-15 07:42:00+00:00, run_after=2025-10-15 07:43:00+00:00
[2025-10-15T07:43:45.114+0000] {processor.py:183} INFO - Processing /home/airflow/.local/lib/python3.8/site-packages/airflow/example_dags/example_branch_python_dop_operator_3.py took 0.083 seconds
[2025-10-15T07:44:15.503+0000] {processor.py:161} INFO - Started process (PID=411) to work on /home/airflow/.local/lib/python3.8/site-packages/airflow/example_dags/example_branch_python_dop_operator_3.py
[2025-10-15T07:44:15.504+0000] {processor.py:830} INFO - Processing file /home/airflow/.local/lib/python3.8/site-packages/airflow/example_dags/example_branch_python_dop_operator_3.py for tasks to queue
[2025-10-15T07:44:15.505+0000] {logging_mixin.py:188} INFO - [2025-10-15T07:44:15.505+0000] {dagbag.py:540} INFO - Filling up the DagBag from /home/airflow/.local/lib/python3.8/site-packages/airflow/example_dags/example_branch_python_dop_operator_3.py
[2025-10-15T07:44:15.512+0000] {processor.py:840} INFO - DAG(s) 'example_branch_dop_operator_v3' retrieved from /home/airflow/.local/lib/python3.8/site-packages/airflow/example_dags/example_branch_python_dop_operator_3.py
[2025-10-15T07:44:15.529+0000] {logging_mixin.py:188} INFO - [2025-10-15T07:44:15.528+0000] {dag.py:3047} INFO - Sync 1 DAGs
[2025-10-15T07:44:15.551+0000] {logging_mixin.py:188} INFO - [2025-10-15T07:44:15.551+0000] {dag.py:3834} INFO - Setting next_dagrun for example_branch_dop_operator_v3 to 2025-10-15 07:43:00+00:00, run_after=2025-10-15 07:44:00+00:00
[2025-10-15T07:44:15.567+0000] {processor.py:183} INFO - Processing /home/airflow/.local/lib/python3.8/site-packages/airflow/example_dags/example_branch_python_dop_operator_3.py took 0.067 seconds
[2025-10-15T07:44:45.744+0000] {processor.py:161} INFO - Started process (PID=471) to work on /home/airflow/.local/lib/python3.8/site-packages/airflow/example_dags/example_branch_python_dop_operator_3.py
[2025-10-15T07:44:45.745+0000] {processor.py:830} INFO - Processing file /home/airflow/.local/lib/python3.8/site-packages/airflow/example_dags/example_branch_python_dop_operator_3.py for tasks to queue
[2025-10-15T07:44:45.747+0000] {logging_mixin.py:188} INFO - [2025-10-15T07:44:45.746+0000] {dagbag.py:540} INFO - Filling up the DagBag from /home/airflow/.local/lib/python3.8/site-packages/airflow/example_dags/example_branch_python_dop_operator_3.py
[2025-10-15T07:44:45.755+0000] {processor.py:840} INFO - DAG(s) 'example_branch_dop_operator_v3' retrieved from /home/airflow/.local/lib/python3.8/site-packages/airflow/example_dags/example_branch_python_dop_operator_3.py
[2025-10-15T07:44:45.772+0000] {logging_mixin.py:188} INFO - [2025-10-15T07:44:45.772+0000] {dag.py:3047} INFO - Sync 1 DAGs
[2025-10-15T07:44:45.794+0000] {logging_mixin.py:188} INFO - [2025-10-15T07:44:45.794+0000] {dag.py:3834} INFO - Setting next_dagrun for example_branch_dop_operator_v3 to 2025-10-15 07:43:00+00:00, run_after=2025-10-15 07:44:00+00:00
[2025-10-15T07:44:45.813+0000] {processor.py:183} INFO - Processing /home/airflow/.local/lib/python3.8/site-packages/airflow/example_dags/example_branch_python_dop_operator_3.py took 0.071 seconds
[2025-10-15T07:45:16.112+0000] {processor.py:161} INFO - Started process (PID=532) to work on /home/airflow/.local/lib/python3.8/site-packages/airflow/example_dags/example_branch_python_dop_operator_3.py
[2025-10-15T07:45:16.113+0000] {processor.py:830} INFO - Processing file /home/airflow/.local/lib/python3.8/site-packages/airflow/example_dags/example_branch_python_dop_operator_3.py for tasks to queue
[2025-10-15T07:45:16.115+0000] {logging_mixin.py:188} INFO - [2025-10-15T07:45:16.114+0000] {dagbag.py:540} INFO - Filling up the DagBag from /home/airflow/.local/lib/python3.8/site-packages/airflow/example_dags/example_branch_python_dop_operator_3.py
[2025-10-15T07:45:16.123+0000] {processor.py:840} INFO - DAG(s) 'example_branch_dop_operator_v3' retrieved from /home/airflow/.local/lib/python3.8/site-packages/airflow/example_dags/example_branch_python_dop_operator_3.py
[2025-10-15T07:45:16.140+0000] {logging_mixin.py:188} INFO - [2025-10-15T07:45:16.140+0000] {dag.py:3047} INFO - Sync 1 DAGs
[2025-10-15T07:45:16.164+0000] {logging_mixin.py:188} INFO - [2025-10-15T07:45:16.164+0000] {dag.py:3834} INFO - Setting next_dagrun for example_branch_dop_operator_v3 to 2025-10-15 07:44:00+00:00, run_after=2025-10-15 07:45:00+00:00
[2025-10-15T07:45:16.182+0000] {processor.py:183} INFO - Processing /home/airflow/.local/lib/python3.8/site-packages/airflow/example_dags/example_branch_python_dop_operator_3.py took 0.073 seconds
[2025-10-15T07:45:46.457+0000] {processor.py:161} INFO - Started process (PID=592) to work on /home/airflow/.local/lib/python3.8/site-packages/airflow/example_dags/example_branch_python_dop_operator_3.py
[2025-10-15T07:45:46.458+0000] {processor.py:830} INFO - Processing file /home/airflow/.local/lib/python3.8/site-packages/airflow/example_dags/example_branch_python_dop_operator_3.py for tasks to queue
[2025-10-15T07:45:46.460+0000] {logging_mixin.py:188} INFO - [2025-10-15T07:45:46.459+0000] {dagbag.py:540} INFO - Filling up the DagBag from /home/airflow/.local/lib/python3.8/site-packages/airflow/example_dags/example_branch_python_dop_operator_3.py
[2025-10-15T07:45:46.468+0000] {processor.py:840} INFO - DAG(s) 'example_branch_dop_operator_v3' retrieved from /home/airflow/.local/lib/python3.8/site-packages/airflow/example_dags/example_branch_python_dop_operator_3.py
[2025-10-15T07:45:46.483+0000] {logging_mixin.py:188} INFO - [2025-10-15T07:45:46.483+0000] {dag.py:3047} INFO - Sync 1 DAGs
[2025-10-15T07:45:46.506+0000] {logging_mixin.py:188} INFO - [2025-10-15T07:45:46.506+0000] {dag.py:3834} INFO - Setting next_dagrun for example_branch_dop_operator_v3 to 2025-10-15 07:44:00+00:00, run_after=2025-10-15 07:45:00+00:00
[2025-10-15T07:45:46.524+0000] {processor.py:183} INFO - Processing /home/airflow/.local/lib/python3.8/site-packages/airflow/example_dags/example_branch_python_dop_operator_3.py took 0.073 seconds
[2025-10-15T07:46:17.240+0000] {processor.py:161} INFO - Started process (PID=652) to work on /home/airflow/.local/lib/python3.8/site-packages/airflow/example_dags/example_branch_python_dop_operator_3.py
[2025-10-15T07:46:17.241+0000] {processor.py:830} INFO - Processing file /home/airflow/.local/lib/python3.8/site-packages/airflow/example_dags/example_branch_python_dop_operator_3.py for tasks to queue
[2025-10-15T07:46:17.243+0000] {logging_mixin.py:188} INFO - [2025-10-15T07:46:17.242+0000] {dagbag.py:540} INFO - Filling up the DagBag from /home/airflow/.local/lib/python3.8/site-packages/airflow/example_dags/example_branch_python_dop_operator_3.py
[2025-10-15T07:46:17.251+0000] {processor.py:840} INFO - DAG(s) 'example_branch_dop_operator_v3' retrieved from /home/airflow/.local/lib/python3.8/site-packages/airflow/example_dags/example_branch_python_dop_operator_3.py
[2025-10-15T07:46:17.268+0000] {logging_mixin.py:188} INFO - [2025-10-15T07:46:17.268+0000] {dag.py:3047} INFO - Sync 1 DAGs
[2025-10-15T07:46:17.293+0000] {logging_mixin.py:188} INFO - [2025-10-15T07:46:17.292+0000] {dag.py:3834} INFO - Setting next_dagrun for example_branch_dop_operator_v3 to 2025-10-15 07:45:00+00:00, run_after=2025-10-15 07:46:00+00:00
[2025-10-15T07:46:17.312+0000] {processor.py:183} INFO - Processing /home/airflow/.local/lib/python3.8/site-packages/airflow/example_dags/example_branch_python_dop_operator_3.py took 0.075 seconds
[2025-10-15T07:46:47.919+0000] {processor.py:161} INFO - Started process (PID=712) to work on /home/airflow/.local/lib/python3.8/site-packages/airflow/example_dags/example_branch_python_dop_operator_3.py
[2025-10-15T07:46:47.920+0000] {processor.py:830} INFO - Processing file /home/airflow/.local/lib/python3.8/site-packages/airflow/example_dags/example_branch_python_dop_operator_3.py for tasks to queue
[2025-10-15T07:46:47.921+0000] {logging_mixin.py:188} INFO - [2025-10-15T07:46:47.921+0000] {dagbag.py:540} INFO - Filling up the DagBag from /home/airflow/.local/lib/python3.8/site-packages/airflow/example_dags/example_branch_python_dop_operator_3.py
[2025-10-15T07:46:47.929+0000] {processor.py:840} INFO - DAG(s) 'example_branch_dop_operator_v3' retrieved from /home/airflow/.local/lib/python3.8/site-packages/airflow/example_dags/example_branch_python_dop_operator_3.py
[2025-10-15T07:46:47.946+0000] {logging_mixin.py:188} INFO - [2025-10-15T07:46:47.945+0000] {dag.py:3047} INFO - Sync 1 DAGs
[2025-10-15T07:46:47.968+0000] {logging_mixin.py:188} INFO - [2025-10-15T07:46:47.967+0000] {dag.py:3834} INFO - Setting next_dagrun for example_branch_dop_operator_v3 to 2025-10-15 07:45:00+00:00, run_after=2025-10-15 07:46:00+00:00
[2025-10-15T07:46:47.985+0000] {processor.py:183} INFO - Processing /home/airflow/.local/lib/python3.8/site-packages/airflow/example_dags/example_branch_python_dop_operator_3.py took 0.069 seconds
[2025-10-15T07:47:18.773+0000] {processor.py:161} INFO - Started process (PID=772) to work on /home/airflow/.local/lib/python3.8/site-packages/airflow/example_dags/example_branch_python_dop_operator_3.py
[2025-10-15T07:47:18.774+0000] {processor.py:830} INFO - Processing file /home/airflow/.local/lib/python3.8/site-packages/airflow/example_dags/example_branch_python_dop_operator_3.py for tasks to queue
[2025-10-15T07:47:18.775+0000] {logging_mixin.py:188} INFO - [2025-10-15T07:47:18.775+0000] {dagbag.py:540} INFO - Filling up the DagBag from /home/airflow/.local/lib/python3.8/site-packages/airflow/example_dags/example_branch_python_dop_operator_3.py
[2025-10-15T07:47:18.783+0000] {processor.py:840} INFO - DAG(s) 'example_branch_dop_operator_v3' retrieved from /home/airflow/.local/lib/python3.8/site-packages/airflow/example_dags/example_branch_python_dop_operator_3.py
[2025-10-15T07:47:18.799+0000] {logging_mixin.py:188} INFO - [2025-10-15T07:47:18.799+0000] {dag.py:3047} INFO - Sync 1 DAGs
[2025-10-15T07:47:18.820+0000] {logging_mixin.py:188} INFO - [2025-10-15T07:47:18.820+0000] {dag.py:3834} INFO - Setting next_dagrun for example_branch_dop_operator_v3 to 2025-10-15 07:46:00+00:00, run_after=2025-10-15 07:47:00+00:00
[2025-10-15T07:47:18.836+0000] {processor.py:183} INFO - Processing /home/airflow/.local/lib/python3.8/site-packages/airflow/example_dags/example_branch_python_dop_operator_3.py took 0.066 seconds
[2025-10-15T07:47:49.079+0000] {processor.py:161} INFO - Started process (PID=832) to work on /home/airflow/.local/lib/python3.8/site-packages/airflow/example_dags/example_branch_python_dop_operator_3.py
[2025-10-15T07:47:49.080+0000] {processor.py:830} INFO - Processing file /home/airflow/.local/lib/python3.8/site-packages/airflow/example_dags/example_branch_python_dop_operator_3.py for tasks to queue
[2025-10-15T07:47:49.082+0000] {logging_mixin.py:188} INFO - [2025-10-15T07:47:49.082+0000] {dagbag.py:540} INFO - Filling up the DagBag from /home/airflow/.local/lib/python3.8/site-packages/airflow/example_dags/example_branch_python_dop_operator_3.py
[2025-10-15T07:47:49.090+0000] {processor.py:840} INFO - DAG(s) 'example_branch_dop_operator_v3' retrieved from /home/airflow/.local/lib/python3.8/site-packages/airflow/example_dags/example_branch_python_dop_operator_3.py
[2025-10-15T07:47:49.107+0000] {logging_mixin.py:188} INFO - [2025-10-15T07:47:49.107+0000] {dag.py:3047} INFO - Sync 1 DAGs
[2025-10-15T07:47:49.130+0000] {logging_mixin.py:188} INFO - [2025-10-15T07:47:49.130+0000] {dag.py:3834} INFO - Setting next_dagrun for example_branch_dop_operator_v3 to 2025-10-15 07:46:00+00:00, run_after=2025-10-15 07:47:00+00:00
[2025-10-15T07:47:49.147+0000] {processor.py:183} INFO - Processing /home/airflow/.local/lib/python3.8/site-packages/airflow/example_dags/example_branch_python_dop_operator_3.py took 0.070 seconds
[2025-10-15T07:48:19.314+0000] {processor.py:161} INFO - Started process (PID=892) to work on /home/airflow/.local/lib/python3.8/site-packages/airflow/example_dags/example_branch_python_dop_operator_3.py
[2025-10-15T07:48:19.315+0000] {processor.py:830} INFO - Processing file /home/airflow/.local/lib/python3.8/site-packages/airflow/example_dags/example_branch_python_dop_operator_3.py for tasks to queue
[2025-10-15T07:48:19.317+0000] {logging_mixin.py:188} INFO - [2025-10-15T07:48:19.317+0000] {dagbag.py:540} INFO - Filling up the DagBag from /home/airflow/.local/lib/python3.8/site-packages/airflow/example_dags/example_branch_python_dop_operator_3.py
[2025-10-15T07:48:19.325+0000] {processor.py:840} INFO - DAG(s) 'example_branch_dop_operator_v3' retrieved from /home/airflow/.local/lib/python3.8/site-packages/airflow/example_dags/example_branch_python_dop_operator_3.py
[2025-10-15T07:48:19.342+0000] {logging_mixin.py:188} INFO - [2025-10-15T07:48:19.342+0000] {dag.py:3047} INFO - Sync 1 DAGs
[2025-10-15T07:48:19.367+0000] {logging_mixin.py:188} INFO - [2025-10-15T07:48:19.367+0000] {dag.py:3834} INFO - Setting next_dagrun for example_branch_dop_operator_v3 to 2025-10-15 07:47:00+00:00, run_after=2025-10-15 07:48:00+00:00
[2025-10-15T07:48:19.385+0000] {processor.py:183} INFO - Processing /home/airflow/.local/lib/python3.8/site-packages/airflow/example_dags/example_branch_python_dop_operator_3.py took 0.074 seconds
[2025-10-15T07:48:49.486+0000] {processor.py:161} INFO - Started process (PID=951) to work on /home/airflow/.local/lib/python3.8/site-packages/airflow/example_dags/example_branch_python_dop_operator_3.py
[2025-10-15T07:48:49.487+0000] {processor.py:830} INFO - Processing file /home/airflow/.local/lib/python3.8/site-packages/airflow/example_dags/example_branch_python_dop_operator_3.py for tasks to queue
[2025-10-15T07:48:49.488+0000] {logging_mixin.py:188} INFO - [2025-10-15T07:48:49.488+0000] {dagbag.py:540} INFO - Filling up the DagBag from /home/airflow/.local/lib/python3.8/site-packages/airflow/example_dags/example_branch_python_dop_operator_3.py
[2025-10-15T07:48:49.496+0000] {processor.py:840} INFO - DAG(s) 'example_branch_dop_operator_v3' retrieved from /home/airflow/.local/lib/python3.8/site-packages/airflow/example_dags/example_branch_python_dop_operator_3.py
[2025-10-15T07:48:49.514+0000] {logging_mixin.py:188} INFO - [2025-10-15T07:48:49.513+0000] {dag.py:3047} INFO - Sync 1 DAGs
[2025-10-15T07:48:49.537+0000] {logging_mixin.py:188} INFO - [2025-10-15T07:48:49.537+0000] {dag.py:3834} INFO - Setting next_dagrun for example_branch_dop_operator_v3 to 2025-10-15 07:47:00+00:00, run_after=2025-10-15 07:48:00+00:00
[2025-10-15T07:48:49.555+0000] {processor.py:183} INFO - Processing /home/airflow/.local/lib/python3.8/site-packages/airflow/example_dags/example_branch_python_dop_operator_3.py took 0.072 seconds
[2025-10-15T07:49:20.002+0000] {processor.py:161} INFO - Started process (PID=1012) to work on /home/airflow/.local/lib/python3.8/site-packages/airflow/example_dags/example_branch_python_dop_operator_3.py
[2025-10-15T07:49:20.003+0000] {processor.py:830} INFO - Processing file /home/airflow/.local/lib/python3.8/site-packages/airflow/example_dags/example_branch_python_dop_operator_3.py for tasks to queue
[2025-10-15T07:49:20.005+0000] {logging_mixin.py:188} INFO - [2025-10-15T07:49:20.005+0000] {dagbag.py:540} INFO - Filling up the DagBag from /home/airflow/.local/lib/python3.8/site-packages/airflow/example_dags/example_branch_python_dop_operator_3.py
[2025-10-15T07:49:20.015+0000] {processor.py:840} INFO - DAG(s) 'example_branch_dop_operator_v3' retrieved from /home/airflow/.local/lib/python3.8/site-packages/airflow/example_dags/example_branch_python_dop_operator_3.py
[2025-10-15T07:49:20.034+0000] {logging_mixin.py:188} INFO - [2025-10-15T07:49:20.034+0000] {dag.py:3047} INFO - Sync 1 DAGs
[2025-10-15T07:49:20.063+0000] {logging_mixin.py:188} INFO - [2025-10-15T07:49:20.063+0000] {dag.py:3834} INFO - Setting next_dagrun for example_branch_dop_operator_v3 to 2025-10-15 07:48:00+00:00, run_after=2025-10-15 07:49:00+00:00
[2025-10-15T07:49:20.082+0000] {processor.py:183} INFO - Processing /home/airflow/.local/lib/python3.8/site-packages/airflow/example_dags/example_branch_python_dop_operator_3.py took 0.083 seconds
[2025-10-15T07:49:50.149+0000] {processor.py:161} INFO - Started process (PID=1072) to work on /home/airflow/.local/lib/python3.8/site-packages/airflow/example_dags/example_branch_python_dop_operator_3.py
[2025-10-15T07:49:50.150+0000] {processor.py:830} INFO - Processing file /home/airflow/.local/lib/python3.8/site-packages/airflow/example_dags/example_branch_python_dop_operator_3.py for tasks to queue
[2025-10-15T07:49:50.152+0000] {logging_mixin.py:188} INFO - [2025-10-15T07:49:50.152+0000] {dagbag.py:540} INFO - Filling up the DagBag from /home/airflow/.local/lib/python3.8/site-packages/airflow/example_dags/example_branch_python_dop_operator_3.py
[2025-10-15T07:49:50.160+0000] {processor.py:840} INFO - DAG(s) 'example_branch_dop_operator_v3' retrieved from /home/airflow/.local/lib/python3.8/site-packages/airflow/example_dags/example_branch_python_dop_operator_3.py
[2025-10-15T07:49:50.176+0000] {logging_mixin.py:188} INFO - [2025-10-15T07:49:50.176+0000] {dag.py:3047} INFO - Sync 1 DAGs
[2025-10-15T07:49:50.198+0000] {logging_mixin.py:188} INFO - [2025-10-15T07:49:50.198+0000] {dag.py:3834} INFO - Setting next_dagrun for example_branch_dop_operator_v3 to 2025-10-15 07:48:00+00:00, run_after=2025-10-15 07:49:00+00:00
[2025-10-15T07:49:50.214+0000] {processor.py:183} INFO - Processing /home/airflow/.local/lib/python3.8/site-packages/airflow/example_dags/example_branch_python_dop_operator_3.py took 0.067 seconds
[2025-10-15T07:50:20.870+0000] {processor.py:161} INFO - Started process (PID=1133) to work on /home/airflow/.local/lib/python3.8/site-packages/airflow/example_dags/example_branch_python_dop_operator_3.py
[2025-10-15T07:50:20.871+0000] {processor.py:830} INFO - Processing file /home/airflow/.local/lib/python3.8/site-packages/airflow/example_dags/example_branch_python_dop_operator_3.py for tasks to queue
[2025-10-15T07:50:20.873+0000] {logging_mixin.py:188} INFO - [2025-10-15T07:50:20.873+0000] {dagbag.py:540} INFO - Filling up the DagBag from /home/airflow/.local/lib/python3.8/site-packages/airflow/example_dags/example_branch_python_dop_operator_3.py
[2025-10-15T07:50:20.880+0000] {processor.py:840} INFO - DAG(s) 'example_branch_dop_operator_v3' retrieved from /home/airflow/.local/lib/python3.8/site-packages/airflow/example_dags/example_branch_python_dop_operator_3.py
[2025-10-15T07:50:20.896+0000] {logging_mixin.py:188} INFO - [2025-10-15T07:50:20.896+0000] {dag.py:3047} INFO - Sync 1 DAGs
[2025-10-15T07:50:20.917+0000] {logging_mixin.py:188} INFO - [2025-10-15T07:50:20.917+0000] {dag.py:3834} INFO - Setting next_dagrun for example_branch_dop_operator_v3 to 2025-10-15 07:49:00+00:00, run_after=2025-10-15 07:50:00+00:00
[2025-10-15T07:50:20.933+0000] {processor.py:183} INFO - Processing /home/airflow/.local/lib/python3.8/site-packages/airflow/example_dags/example_branch_python_dop_operator_3.py took 0.065 seconds
[2025-10-15T07:50:51.785+0000] {processor.py:161} INFO - Started process (PID=1196) to work on /home/airflow/.local/lib/python3.8/site-packages/airflow/example_dags/example_branch_python_dop_operator_3.py
[2025-10-15T07:50:51.785+0000] {processor.py:830} INFO - Processing file /home/airflow/.local/lib/python3.8/site-packages/airflow/example_dags/example_branch_python_dop_operator_3.py for tasks to queue
[2025-10-15T07:50:51.787+0000] {logging_mixin.py:188} INFO - [2025-10-15T07:50:51.787+0000] {dagbag.py:540} INFO - Filling up the DagBag from /home/airflow/.local/lib/python3.8/site-packages/airflow/example_dags/example_branch_python_dop_operator_3.py
[2025-10-15T07:50:51.795+0000] {processor.py:840} INFO - DAG(s) 'example_branch_dop_operator_v3' retrieved from /home/airflow/.local/lib/python3.8/site-packages/airflow/example_dags/example_branch_python_dop_operator_3.py
[2025-10-15T07:50:51.810+0000] {logging_mixin.py:188} INFO - [2025-10-15T07:50:51.810+0000] {dag.py:3047} INFO - Sync 1 DAGs
[2025-10-15T07:50:51.832+0000] {logging_mixin.py:188} INFO - [2025-10-15T07:50:51.832+0000] {dag.py:3834} INFO - Setting next_dagrun for example_branch_dop_operator_v3 to 2025-10-15 07:49:00+00:00, run_after=2025-10-15 07:50:00+00:00
[2025-10-15T07:50:51.848+0000] {processor.py:183} INFO - Processing /home/airflow/.local/lib/python3.8/site-packages/airflow/example_dags/example_branch_python_dop_operator_3.py took 0.066 seconds
[2025-10-15T07:51:22.205+0000] {processor.py:161} INFO - Started process (PID=1258) to work on /home/airflow/.local/lib/python3.8/site-packages/airflow/example_dags/example_branch_python_dop_operator_3.py
[2025-10-15T07:51:22.206+0000] {processor.py:830} INFO - Processing file /home/airflow/.local/lib/python3.8/site-packages/airflow/example_dags/example_branch_python_dop_operator_3.py for tasks to queue
[2025-10-15T07:51:22.207+0000] {logging_mixin.py:188} INFO - [2025-10-15T07:51:22.207+0000] {dagbag.py:540} INFO - Filling up the DagBag from /home/airflow/.local/lib/python3.8/site-packages/airflow/example_dags/example_branch_python_dop_operator_3.py
[2025-10-15T07:51:22.216+0000] {processor.py:840} INFO - DAG(s) 'example_branch_dop_operator_v3' retrieved from /home/airflow/.local/lib/python3.8/site-packages/airflow/example_dags/example_branch_python_dop_operator_3.py
[2025-10-15T07:51:22.234+0000] {logging_mixin.py:188} INFO - [2025-10-15T07:51:22.233+0000] {dag.py:3047} INFO - Sync 1 DAGs
[2025-10-15T07:51:22.257+0000] {logging_mixin.py:188} INFO - [2025-10-15T07:51:22.257+0000] {dag.py:3834} INFO - Setting next_dagrun for example_branch_dop_operator_v3 to 2025-10-15 07:50:00+00:00, run_after=2025-10-15 07:51:00+00:00
[2025-10-15T07:51:22.273+0000] {processor.py:183} INFO - Processing /home/airflow/.local/lib/python3.8/site-packages/airflow/example_dags/example_branch_python_dop_operator_3.py took 0.072 seconds
[2025-10-15T07:51:52.696+0000] {processor.py:161} INFO - Started process (PID=1319) to work on /home/airflow/.local/lib/python3.8/site-packages/airflow/example_dags/example_branch_python_dop_operator_3.py
[2025-10-15T07:51:52.697+0000] {processor.py:830} INFO - Processing file /home/airflow/.local/lib/python3.8/site-packages/airflow/example_dags/example_branch_python_dop_operator_3.py for tasks to queue
[2025-10-15T07:51:52.699+0000] {logging_mixin.py:188} INFO - [2025-10-15T07:51:52.698+0000] {dagbag.py:540} INFO - Filling up the DagBag from /home/airflow/.local/lib/python3.8/site-packages/airflow/example_dags/example_branch_python_dop_operator_3.py
[2025-10-15T07:51:52.707+0000] {processor.py:840} INFO - DAG(s) 'example_branch_dop_operator_v3' retrieved from /home/airflow/.local/lib/python3.8/site-packages/airflow/example_dags/example_branch_python_dop_operator_3.py
[2025-10-15T07:51:52.723+0000] {logging_mixin.py:188} INFO - [2025-10-15T07:51:52.723+0000] {dag.py:3047} INFO - Sync 1 DAGs
[2025-10-15T07:51:52.745+0000] {logging_mixin.py:188} INFO - [2025-10-15T07:51:52.745+0000] {dag.py:3834} INFO - Setting next_dagrun for example_branch_dop_operator_v3 to 2025-10-15 07:50:00+00:00, run_after=2025-10-15 07:51:00+00:00
[2025-10-15T07:51:52.760+0000] {processor.py:183} INFO - Processing /home/airflow/.local/lib/python3.8/site-packages/airflow/example_dags/example_branch_python_dop_operator_3.py took 0.067 seconds
[2025-10-15T07:52:22.839+0000] {processor.py:161} INFO - Started process (PID=1381) to work on /home/airflow/.local/lib/python3.8/site-packages/airflow/example_dags/example_branch_python_dop_operator_3.py
[2025-10-15T07:52:22.840+0000] {processor.py:830} INFO - Processing file /home/airflow/.local/lib/python3.8/site-packages/airflow/example_dags/example_branch_python_dop_operator_3.py for tasks to queue
[2025-10-15T07:52:22.842+0000] {logging_mixin.py:188} INFO - [2025-10-15T07:52:22.842+0000] {dagbag.py:540} INFO - Filling up the DagBag from /home/airflow/.local/lib/python3.8/site-packages/airflow/example_dags/example_branch_python_dop_operator_3.py
[2025-10-15T07:52:22.851+0000] {processor.py:840} INFO - DAG(s) 'example_branch_dop_operator_v3' retrieved from /home/airflow/.local/lib/python3.8/site-packages/airflow/example_dags/example_branch_python_dop_operator_3.py
[2025-10-15T07:52:22.868+0000] {logging_mixin.py:188} INFO - [2025-10-15T07:52:22.868+0000] {dag.py:3047} INFO - Sync 1 DAGs
[2025-10-15T07:52:22.891+0000] {logging_mixin.py:188} INFO - [2025-10-15T07:52:22.891+0000] {dag.py:3834} INFO - Setting next_dagrun for example_branch_dop_operator_v3 to 2025-10-15 07:51:00+00:00, run_after=2025-10-15 07:52:00+00:00
[2025-10-15T07:52:22.907+0000] {processor.py:183} INFO - Processing /home/airflow/.local/lib/python3.8/site-packages/airflow/example_dags/example_branch_python_dop_operator_3.py took 0.071 seconds
[2025-10-15T07:52:53.905+0000] {processor.py:161} INFO - Started process (PID=1441) to work on /home/airflow/.local/lib/python3.8/site-packages/airflow/example_dags/example_branch_python_dop_operator_3.py
[2025-10-15T07:52:53.906+0000] {processor.py:830} INFO - Processing file /home/airflow/.local/lib/python3.8/site-packages/airflow/example_dags/example_branch_python_dop_operator_3.py for tasks to queue
[2025-10-15T07:52:53.908+0000] {logging_mixin.py:188} INFO - [2025-10-15T07:52:53.908+0000] {dagbag.py:540} INFO - Filling up the DagBag from /home/airflow/.local/lib/python3.8/site-packages/airflow/example_dags/example_branch_python_dop_operator_3.py
[2025-10-15T07:52:53.916+0000] {processor.py:840} INFO - DAG(s) 'example_branch_dop_operator_v3' retrieved from /home/airflow/.local/lib/python3.8/site-packages/airflow/example_dags/example_branch_python_dop_operator_3.py
[2025-10-15T07:52:53.932+0000] {logging_mixin.py:188} INFO - [2025-10-15T07:52:53.932+0000] {dag.py:3047} INFO - Sync 1 DAGs
[2025-10-15T07:52:53.955+0000] {logging_mixin.py:188} INFO - [2025-10-15T07:52:53.955+0000] {dag.py:3834} INFO - Setting next_dagrun for example_branch_dop_operator_v3 to 2025-10-15 07:51:00+00:00, run_after=2025-10-15 07:52:00+00:00
[2025-10-15T07:52:53.971+0000] {processor.py:183} INFO - Processing /home/airflow/.local/lib/python3.8/site-packages/airflow/example_dags/example_branch_python_dop_operator_3.py took 0.069 seconds
[2025-10-15T07:53:24.048+0000] {processor.py:161} INFO - Started process (PID=1502) to work on /home/airflow/.local/lib/python3.8/site-packages/airflow/example_dags/example_branch_python_dop_operator_3.py
[2025-10-15T07:53:24.049+0000] {processor.py:830} INFO - Processing file /home/airflow/.local/lib/python3.8/site-packages/airflow/example_dags/example_branch_python_dop_operator_3.py for tasks to queue
[2025-10-15T07:53:24.051+0000] {logging_mixin.py:188} INFO - [2025-10-15T07:53:24.051+0000] {dagbag.py:540} INFO - Filling up the DagBag from /home/airflow/.local/lib/python3.8/site-packages/airflow/example_dags/example_branch_python_dop_operator_3.py
[2025-10-15T07:53:24.059+0000] {processor.py:840} INFO - DAG(s) 'example_branch_dop_operator_v3' retrieved from /home/airflow/.local/lib/python3.8/site-packages/airflow/example_dags/example_branch_python_dop_operator_3.py
[2025-10-15T07:53:24.078+0000] {logging_mixin.py:188} INFO - [2025-10-15T07:53:24.078+0000] {dag.py:3047} INFO - Sync 1 DAGs
[2025-10-15T07:53:24.107+0000] {logging_mixin.py:188} INFO - [2025-10-15T07:53:24.106+0000] {dag.py:3834} INFO - Setting next_dagrun for example_branch_dop_operator_v3 to 2025-10-15 07:52:00+00:00, run_after=2025-10-15 07:53:00+00:00
[2025-10-15T07:53:24.127+0000] {processor.py:183} INFO - Processing /home/airflow/.local/lib/python3.8/site-packages/airflow/example_dags/example_branch_python_dop_operator_3.py took 0.082 seconds
[2025-10-15T07:53:54.604+0000] {processor.py:161} INFO - Started process (PID=1564) to work on /home/airflow/.local/lib/python3.8/site-packages/airflow/example_dags/example_branch_python_dop_operator_3.py
[2025-10-15T07:53:54.605+0000] {processor.py:830} INFO - Processing file /home/airflow/.local/lib/python3.8/site-packages/airflow/example_dags/example_branch_python_dop_operator_3.py for tasks to queue
[2025-10-15T07:53:54.606+0000] {logging_mixin.py:188} INFO - [2025-10-15T07:53:54.606+0000] {dagbag.py:540} INFO - Filling up the DagBag from /home/airflow/.local/lib/python3.8/site-packages/airflow/example_dags/example_branch_python_dop_operator_3.py
[2025-10-15T07:53:54.614+0000] {processor.py:840} INFO - DAG(s) 'example_branch_dop_operator_v3' retrieved from /home/airflow/.local/lib/python3.8/site-packages/airflow/example_dags/example_branch_python_dop_operator_3.py
[2025-10-15T07:53:54.631+0000] {logging_mixin.py:188} INFO - [2025-10-15T07:53:54.631+0000] {dag.py:3047} INFO - Sync 1 DAGs
[2025-10-15T07:53:54.653+0000] {logging_mixin.py:188} INFO - [2025-10-15T07:53:54.653+0000] {dag.py:3834} INFO - Setting next_dagrun for example_branch_dop_operator_v3 to 2025-10-15 07:52:00+00:00, run_after=2025-10-15 07:53:00+00:00
[2025-10-15T07:53:54.671+0000] {processor.py:183} INFO - Processing /home/airflow/.local/lib/python3.8/site-packages/airflow/example_dags/example_branch_python_dop_operator_3.py took 0.070 seconds
[2025-10-15T07:54:24.722+0000] {processor.py:161} INFO - Started process (PID=1624) to work on /home/airflow/.local/lib/python3.8/site-packages/airflow/example_dags/example_branch_python_dop_operator_3.py
[2025-10-15T07:54:24.723+0000] {processor.py:830} INFO - Processing file /home/airflow/.local/lib/python3.8/site-packages/airflow/example_dags/example_branch_python_dop_operator_3.py for tasks to queue
[2025-10-15T07:54:24.725+0000] {logging_mixin.py:188} INFO - [2025-10-15T07:54:24.725+0000] {dagbag.py:540} INFO - Filling up the DagBag from /home/airflow/.local/lib/python3.8/site-packages/airflow/example_dags/example_branch_python_dop_operator_3.py
[2025-10-15T07:54:24.733+0000] {processor.py:840} INFO - DAG(s) 'example_branch_dop_operator_v3' retrieved from /home/airflow/.local/lib/python3.8/site-packages/airflow/example_dags/example_branch_python_dop_operator_3.py
[2025-10-15T07:54:24.750+0000] {logging_mixin.py:188} INFO - [2025-10-15T07:54:24.749+0000] {dag.py:3047} INFO - Sync 1 DAGs
[2025-10-15T07:54:24.774+0000] {logging_mixin.py:188} INFO - [2025-10-15T07:54:24.773+0000] {dag.py:3834} INFO - Setting next_dagrun for example_branch_dop_operator_v3 to 2025-10-15 07:53:00+00:00, run_after=2025-10-15 07:54:00+00:00
[2025-10-15T07:54:24.792+0000] {processor.py:183} INFO - Processing /home/airflow/.local/lib/python3.8/site-packages/airflow/example_dags/example_branch_python_dop_operator_3.py took 0.072 seconds
[2025-10-15T07:54:55.177+0000] {processor.py:161} INFO - Started process (PID=1684) to work on /home/airflow/.local/lib/python3.8/site-packages/airflow/example_dags/example_branch_python_dop_operator_3.py
[2025-10-15T07:54:55.178+0000] {processor.py:830} INFO - Processing file /home/airflow/.local/lib/python3.8/site-packages/airflow/example_dags/example_branch_python_dop_operator_3.py for tasks to queue
[2025-10-15T07:54:55.180+0000] {logging_mixin.py:188} INFO - [2025-10-15T07:54:55.179+0000] {dagbag.py:540} INFO - Filling up the DagBag from /home/airflow/.local/lib/python3.8/site-packages/airflow/example_dags/example_branch_python_dop_operator_3.py
[2025-10-15T07:54:55.188+0000] {processor.py:840} INFO - DAG(s) 'example_branch_dop_operator_v3' retrieved from /home/airflow/.local/lib/python3.8/site-packages/airflow/example_dags/example_branch_python_dop_operator_3.py
[2025-10-15T07:54:55.205+0000] {logging_mixin.py:188} INFO - [2025-10-15T07:54:55.205+0000] {dag.py:3047} INFO - Sync 1 DAGs
[2025-10-15T07:54:55.229+0000] {logging_mixin.py:188} INFO - [2025-10-15T07:54:55.228+0000] {dag.py:3834} INFO - Setting next_dagrun for example_branch_dop_operator_v3 to 2025-10-15 07:53:00+00:00, run_after=2025-10-15 07:54:00+00:00
[2025-10-15T07:54:55.244+0000] {processor.py:183} INFO - Processing /home/airflow/.local/lib/python3.8/site-packages/airflow/example_dags/example_branch_python_dop_operator_3.py took 0.070 seconds
[2025-10-15T07:55:25.302+0000] {processor.py:161} INFO - Started process (PID=1746) to work on /home/airflow/.local/lib/python3.8/site-packages/airflow/example_dags/example_branch_python_dop_operator_3.py
[2025-10-15T07:55:25.303+0000] {processor.py:830} INFO - Processing file /home/airflow/.local/lib/python3.8/site-packages/airflow/example_dags/example_branch_python_dop_operator_3.py for tasks to queue
[2025-10-15T07:55:25.305+0000] {logging_mixin.py:188} INFO - [2025-10-15T07:55:25.304+0000] {dagbag.py:540} INFO - Filling up the DagBag from /home/airflow/.local/lib/python3.8/site-packages/airflow/example_dags/example_branch_python_dop_operator_3.py
[2025-10-15T07:55:25.312+0000] {processor.py:840} INFO - DAG(s) 'example_branch_dop_operator_v3' retrieved from /home/airflow/.local/lib/python3.8/site-packages/airflow/example_dags/example_branch_python_dop_operator_3.py
[2025-10-15T07:55:25.329+0000] {logging_mixin.py:188} INFO - [2025-10-15T07:55:25.329+0000] {dag.py:3047} INFO - Sync 1 DAGs
[2025-10-15T07:55:25.358+0000] {logging_mixin.py:188} INFO - [2025-10-15T07:55:25.358+0000] {dag.py:3834} INFO - Setting next_dagrun for example_branch_dop_operator_v3 to 2025-10-15 07:54:00+00:00, run_after=2025-10-15 07:55:00+00:00
[2025-10-15T07:55:25.376+0000] {processor.py:183} INFO - Processing /home/airflow/.local/lib/python3.8/site-packages/airflow/example_dags/example_branch_python_dop_operator_3.py took 0.076 seconds
[2025-10-15T07:55:55.899+0000] {processor.py:161} INFO - Started process (PID=1807) to work on /home/airflow/.local/lib/python3.8/site-packages/airflow/example_dags/example_branch_python_dop_operator_3.py
[2025-10-15T07:55:55.900+0000] {processor.py:830} INFO - Processing file /home/airflow/.local/lib/python3.8/site-packages/airflow/example_dags/example_branch_python_dop_operator_3.py for tasks to queue
[2025-10-15T07:55:55.902+0000] {logging_mixin.py:188} INFO - [2025-10-15T07:55:55.902+0000] {dagbag.py:540} INFO - Filling up the DagBag from /home/airflow/.local/lib/python3.8/site-packages/airflow/example_dags/example_branch_python_dop_operator_3.py
[2025-10-15T07:55:55.910+0000] {processor.py:840} INFO - DAG(s) 'example_branch_dop_operator_v3' retrieved from /home/airflow/.local/lib/python3.8/site-packages/airflow/example_dags/example_branch_python_dop_operator_3.py
[2025-10-15T07:55:55.927+0000] {logging_mixin.py:188} INFO - [2025-10-15T07:55:55.927+0000] {dag.py:3047} INFO - Sync 1 DAGs
[2025-10-15T07:55:55.949+0000] {logging_mixin.py:188} INFO - [2025-10-15T07:55:55.949+0000] {dag.py:3834} INFO - Setting next_dagrun for example_branch_dop_operator_v3 to 2025-10-15 07:54:00+00:00, run_after=2025-10-15 07:55:00+00:00
[2025-10-15T07:55:55.966+0000] {processor.py:183} INFO - Processing /home/airflow/.local/lib/python3.8/site-packages/airflow/example_dags/example_branch_python_dop_operator_3.py took 0.069 seconds
[2025-10-15T07:56:26.184+0000] {processor.py:161} INFO - Started process (PID=1867) to work on /home/airflow/.local/lib/python3.8/site-packages/airflow/example_dags/example_branch_python_dop_operator_3.py
[2025-10-15T07:56:26.185+0000] {processor.py:830} INFO - Processing file /home/airflow/.local/lib/python3.8/site-packages/airflow/example_dags/example_branch_python_dop_operator_3.py for tasks to queue
[2025-10-15T07:56:26.187+0000] {logging_mixin.py:188} INFO - [2025-10-15T07:56:26.186+0000] {dagbag.py:540} INFO - Filling up the DagBag from /home/airflow/.local/lib/python3.8/site-packages/airflow/example_dags/example_branch_python_dop_operator_3.py
[2025-10-15T07:56:26.194+0000] {processor.py:840} INFO - DAG(s) 'example_branch_dop_operator_v3' retrieved from /home/airflow/.local/lib/python3.8/site-packages/airflow/example_dags/example_branch_python_dop_operator_3.py
[2025-10-15T07:56:26.210+0000] {logging_mixin.py:188} INFO - [2025-10-15T07:56:26.210+0000] {dag.py:3047} INFO - Sync 1 DAGs
[2025-10-15T07:56:26.232+0000] {logging_mixin.py:188} INFO - [2025-10-15T07:56:26.232+0000] {dag.py:3834} INFO - Setting next_dagrun for example_branch_dop_operator_v3 to 2025-10-15 07:55:00+00:00, run_after=2025-10-15 07:56:00+00:00
[2025-10-15T07:56:26.249+0000] {processor.py:183} INFO - Processing /home/airflow/.local/lib/python3.8/site-packages/airflow/example_dags/example_branch_python_dop_operator_3.py took 0.067 seconds
[2025-10-15T07:56:56.407+0000] {processor.py:161} INFO - Started process (PID=1927) to work on /home/airflow/.local/lib/python3.8/site-packages/airflow/example_dags/example_branch_python_dop_operator_3.py
[2025-10-15T07:56:56.408+0000] {processor.py:830} INFO - Processing file /home/airflow/.local/lib/python3.8/site-packages/airflow/example_dags/example_branch_python_dop_operator_3.py for tasks to queue
[2025-10-15T07:56:56.410+0000] {logging_mixin.py:188} INFO - [2025-10-15T07:56:56.410+0000] {dagbag.py:540} INFO - Filling up the DagBag from /home/airflow/.local/lib/python3.8/site-packages/airflow/example_dags/example_branch_python_dop_operator_3.py
[2025-10-15T07:56:56.417+0000] {processor.py:840} INFO - DAG(s) 'example_branch_dop_operator_v3' retrieved from /home/airflow/.local/lib/python3.8/site-packages/airflow/example_dags/example_branch_python_dop_operator_3.py
[2025-10-15T07:56:56.433+0000] {logging_mixin.py:188} INFO - [2025-10-15T07:56:56.433+0000] {dag.py:3047} INFO - Sync 1 DAGs
[2025-10-15T07:56:56.453+0000] {logging_mixin.py:188} INFO - [2025-10-15T07:56:56.453+0000] {dag.py:3834} INFO - Setting next_dagrun for example_branch_dop_operator_v3 to 2025-10-15 07:55:00+00:00, run_after=2025-10-15 07:56:00+00:00
[2025-10-15T07:56:56.468+0000] {processor.py:183} INFO - Processing /home/airflow/.local/lib/python3.8/site-packages/airflow/example_dags/example_branch_python_dop_operator_3.py took 0.063 seconds
[2025-10-15T07:57:26.674+0000] {processor.py:161} INFO - Started process (PID=1988) to work on /home/airflow/.local/lib/python3.8/site-packages/airflow/example_dags/example_branch_python_dop_operator_3.py
[2025-10-15T07:57:26.675+0000] {processor.py:830} INFO - Processing file /home/airflow/.local/lib/python3.8/site-packages/airflow/example_dags/example_branch_python_dop_operator_3.py for tasks to queue
[2025-10-15T07:57:26.677+0000] {logging_mixin.py:188} INFO - [2025-10-15T07:57:26.677+0000] {dagbag.py:540} INFO - Filling up the DagBag from /home/airflow/.local/lib/python3.8/site-packages/airflow/example_dags/example_branch_python_dop_operator_3.py
[2025-10-15T07:57:26.684+0000] {processor.py:840} INFO - DAG(s) 'example_branch_dop_operator_v3' retrieved from /home/airflow/.local/lib/python3.8/site-packages/airflow/example_dags/example_branch_python_dop_operator_3.py
[2025-10-15T07:57:26.701+0000] {logging_mixin.py:188} INFO - [2025-10-15T07:57:26.700+0000] {dag.py:3047} INFO - Sync 1 DAGs
[2025-10-15T07:57:26.721+0000] {logging_mixin.py:188} INFO - [2025-10-15T07:57:26.721+0000] {dag.py:3834} INFO - Setting next_dagrun for example_branch_dop_operator_v3 to 2025-10-15 07:56:00+00:00, run_after=2025-10-15 07:57:00+00:00
[2025-10-15T07:57:26.738+0000] {processor.py:183} INFO - Processing /home/airflow/.local/lib/python3.8/site-packages/airflow/example_dags/example_branch_python_dop_operator_3.py took 0.067 seconds
[2025-10-15T07:57:57.568+0000] {processor.py:161} INFO - Started process (PID=2049) to work on /home/airflow/.local/lib/python3.8/site-packages/airflow/example_dags/example_branch_python_dop_operator_3.py
[2025-10-15T07:57:57.569+0000] {processor.py:830} INFO - Processing file /home/airflow/.local/lib/python3.8/site-packages/airflow/example_dags/example_branch_python_dop_operator_3.py for tasks to queue
[2025-10-15T07:57:57.571+0000] {logging_mixin.py:188} INFO - [2025-10-15T07:57:57.570+0000] {dagbag.py:540} INFO - Filling up the DagBag from /home/airflow/.local/lib/python3.8/site-packages/airflow/example_dags/example_branch_python_dop_operator_3.py
[2025-10-15T07:57:57.578+0000] {processor.py:840} INFO - DAG(s) 'example_branch_dop_operator_v3' retrieved from /home/airflow/.local/lib/python3.8/site-packages/airflow/example_dags/example_branch_python_dop_operator_3.py
[2025-10-15T07:57:57.594+0000] {logging_mixin.py:188} INFO - [2025-10-15T07:57:57.594+0000] {dag.py:3047} INFO - Sync 1 DAGs
[2025-10-15T07:57:57.616+0000] {logging_mixin.py:188} INFO - [2025-10-15T07:57:57.616+0000] {dag.py:3834} INFO - Setting next_dagrun for example_branch_dop_operator_v3 to 2025-10-15 07:56:00+00:00, run_after=2025-10-15 07:57:00+00:00
[2025-10-15T07:57:57.632+0000] {processor.py:183} INFO - Processing /home/airflow/.local/lib/python3.8/site-packages/airflow/example_dags/example_branch_python_dop_operator_3.py took 0.067 seconds
[2025-10-15T07:58:27.742+0000] {processor.py:161} INFO - Started process (PID=2108) to work on /home/airflow/.local/lib/python3.8/site-packages/airflow/example_dags/example_branch_python_dop_operator_3.py
[2025-10-15T07:58:27.743+0000] {processor.py:830} INFO - Processing file /home/airflow/.local/lib/python3.8/site-packages/airflow/example_dags/example_branch_python_dop_operator_3.py for tasks to queue
[2025-10-15T07:58:27.745+0000] {logging_mixin.py:188} INFO - [2025-10-15T07:58:27.744+0000] {dagbag.py:540} INFO - Filling up the DagBag from /home/airflow/.local/lib/python3.8/site-packages/airflow/example_dags/example_branch_python_dop_operator_3.py
[2025-10-15T07:58:27.752+0000] {processor.py:840} INFO - DAG(s) 'example_branch_dop_operator_v3' retrieved from /home/airflow/.local/lib/python3.8/site-packages/airflow/example_dags/example_branch_python_dop_operator_3.py
[2025-10-15T07:58:27.768+0000] {logging_mixin.py:188} INFO - [2025-10-15T07:58:27.768+0000] {dag.py:3047} INFO - Sync 1 DAGs
[2025-10-15T07:58:27.791+0000] {logging_mixin.py:188} INFO - [2025-10-15T07:58:27.791+0000] {dag.py:3834} INFO - Setting next_dagrun for example_branch_dop_operator_v3 to 2025-10-15 07:57:00+00:00, run_after=2025-10-15 07:58:00+00:00
[2025-10-15T07:58:27.807+0000] {processor.py:183} INFO - Processing /home/airflow/.local/lib/python3.8/site-packages/airflow/example_dags/example_branch_python_dop_operator_3.py took 0.068 seconds
[2025-10-15T07:58:57.904+0000] {processor.py:161} INFO - Started process (PID=2169) to work on /home/airflow/.local/lib/python3.8/site-packages/airflow/example_dags/example_branch_python_dop_operator_3.py
[2025-10-15T07:58:57.905+0000] {processor.py:830} INFO - Processing file /home/airflow/.local/lib/python3.8/site-packages/airflow/example_dags/example_branch_python_dop_operator_3.py for tasks to queue
[2025-10-15T07:58:57.907+0000] {logging_mixin.py:188} INFO - [2025-10-15T07:58:57.907+0000] {dagbag.py:540} INFO - Filling up the DagBag from /home/airflow/.local/lib/python3.8/site-packages/airflow/example_dags/example_branch_python_dop_operator_3.py
[2025-10-15T07:58:57.915+0000] {processor.py:840} INFO - DAG(s) 'example_branch_dop_operator_v3' retrieved from /home/airflow/.local/lib/python3.8/site-packages/airflow/example_dags/example_branch_python_dop_operator_3.py
[2025-10-15T07:58:57.931+0000] {logging_mixin.py:188} INFO - [2025-10-15T07:58:57.930+0000] {dag.py:3047} INFO - Sync 1 DAGs
[2025-10-15T07:58:57.952+0000] {logging_mixin.py:188} INFO - [2025-10-15T07:58:57.951+0000] {dag.py:3834} INFO - Setting next_dagrun for example_branch_dop_operator_v3 to 2025-10-15 07:57:00+00:00, run_after=2025-10-15 07:58:00+00:00
[2025-10-15T07:58:57.967+0000] {processor.py:183} INFO - Processing /home/airflow/.local/lib/python3.8/site-packages/airflow/example_dags/example_branch_python_dop_operator_3.py took 0.066 seconds
[2025-10-15T07:59:28.095+0000] {processor.py:161} INFO - Started process (PID=2229) to work on /home/airflow/.local/lib/python3.8/site-packages/airflow/example_dags/example_branch_python_dop_operator_3.py
[2025-10-15T07:59:28.096+0000] {processor.py:830} INFO - Processing file /home/airflow/.local/lib/python3.8/site-packages/airflow/example_dags/example_branch_python_dop_operator_3.py for tasks to queue
[2025-10-15T07:59:28.098+0000] {logging_mixin.py:188} INFO - [2025-10-15T07:59:28.098+0000] {dagbag.py:540} INFO - Filling up the DagBag from /home/airflow/.local/lib/python3.8/site-packages/airflow/example_dags/example_branch_python_dop_operator_3.py
[2025-10-15T07:59:28.106+0000] {processor.py:840} INFO - DAG(s) 'example_branch_dop_operator_v3' retrieved from /home/airflow/.local/lib/python3.8/site-packages/airflow/example_dags/example_branch_python_dop_operator_3.py
[2025-10-15T07:59:28.122+0000] {logging_mixin.py:188} INFO - [2025-10-15T07:59:28.122+0000] {dag.py:3047} INFO - Sync 1 DAGs
[2025-10-15T07:59:28.143+0000] {logging_mixin.py:188} INFO - [2025-10-15T07:59:28.143+0000] {dag.py:3834} INFO - Setting next_dagrun for example_branch_dop_operator_v3 to 2025-10-15 07:58:00+00:00, run_after=2025-10-15 07:59:00+00:00
[2025-10-15T07:59:28.159+0000] {processor.py:183} INFO - Processing /home/airflow/.local/lib/python3.8/site-packages/airflow/example_dags/example_branch_python_dop_operator_3.py took 0.067 seconds
[2025-10-15T07:59:58.841+0000] {processor.py:161} INFO - Started process (PID=2288) to work on /home/airflow/.local/lib/python3.8/site-packages/airflow/example_dags/example_branch_python_dop_operator_3.py
[2025-10-15T07:59:58.843+0000] {processor.py:830} INFO - Processing file /home/airflow/.local/lib/python3.8/site-packages/airflow/example_dags/example_branch_python_dop_operator_3.py for tasks to queue
[2025-10-15T07:59:58.844+0000] {logging_mixin.py:188} INFO - [2025-10-15T07:59:58.843+0000] {dagbag.py:540} INFO - Filling up the DagBag from /home/airflow/.local/lib/python3.8/site-packages/airflow/example_dags/example_branch_python_dop_operator_3.py
[2025-10-15T07:59:58.852+0000] {processor.py:840} INFO - DAG(s) 'example_branch_dop_operator_v3' retrieved from /home/airflow/.local/lib/python3.8/site-packages/airflow/example_dags/example_branch_python_dop_operator_3.py
[2025-10-15T07:59:58.870+0000] {logging_mixin.py:188} INFO - [2025-10-15T07:59:58.870+0000] {dag.py:3047} INFO - Sync 1 DAGs
[2025-10-15T07:59:58.898+0000] {logging_mixin.py:188} INFO - [2025-10-15T07:59:58.898+0000] {dag.py:3834} INFO - Setting next_dagrun for example_branch_dop_operator_v3 to 2025-10-15 07:58:00+00:00, run_after=2025-10-15 07:59:00+00:00
[2025-10-15T07:59:58.917+0000] {processor.py:183} INFO - Processing /home/airflow/.local/lib/python3.8/site-packages/airflow/example_dags/example_branch_python_dop_operator_3.py took 0.079 seconds
[2025-10-15T08:00:29.016+0000] {processor.py:161} INFO - Started process (PID=2349) to work on /home/airflow/.local/lib/python3.8/site-packages/airflow/example_dags/example_branch_python_dop_operator_3.py
[2025-10-15T08:00:29.018+0000] {processor.py:830} INFO - Processing file /home/airflow/.local/lib/python3.8/site-packages/airflow/example_dags/example_branch_python_dop_operator_3.py for tasks to queue
[2025-10-15T08:00:29.018+0000] {logging_mixin.py:188} INFO - [2025-10-15T08:00:29.018+0000] {dagbag.py:540} INFO - Filling up the DagBag from /home/airflow/.local/lib/python3.8/site-packages/airflow/example_dags/example_branch_python_dop_operator_3.py
[2025-10-15T08:00:29.026+0000] {processor.py:840} INFO - DAG(s) 'example_branch_dop_operator_v3' retrieved from /home/airflow/.local/lib/python3.8/site-packages/airflow/example_dags/example_branch_python_dop_operator_3.py
[2025-10-15T08:00:29.044+0000] {logging_mixin.py:188} INFO - [2025-10-15T08:00:29.044+0000] {dag.py:3047} INFO - Sync 1 DAGs
[2025-10-15T08:00:29.067+0000] {logging_mixin.py:188} INFO - [2025-10-15T08:00:29.067+0000] {dag.py:3834} INFO - Setting next_dagrun for example_branch_dop_operator_v3 to 2025-10-15 07:59:00+00:00, run_after=2025-10-15 08:00:00+00:00
[2025-10-15T08:00:29.090+0000] {processor.py:183} INFO - Processing /home/airflow/.local/lib/python3.8/site-packages/airflow/example_dags/example_branch_python_dop_operator_3.py took 0.076 seconds
[2025-10-15T08:00:59.293+0000] {processor.py:161} INFO - Started process (PID=2412) to work on /home/airflow/.local/lib/python3.8/site-packages/airflow/example_dags/example_branch_python_dop_operator_3.py
[2025-10-15T08:00:59.294+0000] {processor.py:830} INFO - Processing file /home/airflow/.local/lib/python3.8/site-packages/airflow/example_dags/example_branch_python_dop_operator_3.py for tasks to queue
[2025-10-15T08:00:59.295+0000] {logging_mixin.py:188} INFO - [2025-10-15T08:00:59.294+0000] {dagbag.py:540} INFO - Filling up the DagBag from /home/airflow/.local/lib/python3.8/site-packages/airflow/example_dags/example_branch_python_dop_operator_3.py
[2025-10-15T08:00:59.303+0000] {processor.py:840} INFO - DAG(s) 'example_branch_dop_operator_v3' retrieved from /home/airflow/.local/lib/python3.8/site-packages/airflow/example_dags/example_branch_python_dop_operator_3.py
[2025-10-15T08:00:59.320+0000] {logging_mixin.py:188} INFO - [2025-10-15T08:00:59.320+0000] {dag.py:3047} INFO - Sync 1 DAGs
[2025-10-15T08:00:59.342+0000] {logging_mixin.py:188} INFO - [2025-10-15T08:00:59.342+0000] {dag.py:3834} INFO - Setting next_dagrun for example_branch_dop_operator_v3 to 2025-10-15 07:59:00+00:00, run_after=2025-10-15 08:00:00+00:00
[2025-10-15T08:00:59.359+0000] {processor.py:183} INFO - Processing /home/airflow/.local/lib/python3.8/site-packages/airflow/example_dags/example_branch_python_dop_operator_3.py took 0.069 seconds
[2025-10-15T08:01:29.647+0000] {processor.py:161} INFO - Started process (PID=2475) to work on /home/airflow/.local/lib/python3.8/site-packages/airflow/example_dags/example_branch_python_dop_operator_3.py
[2025-10-15T08:01:29.648+0000] {processor.py:830} INFO - Processing file /home/airflow/.local/lib/python3.8/site-packages/airflow/example_dags/example_branch_python_dop_operator_3.py for tasks to queue
[2025-10-15T08:01:29.650+0000] {logging_mixin.py:188} INFO - [2025-10-15T08:01:29.650+0000] {dagbag.py:540} INFO - Filling up the DagBag from /home/airflow/.local/lib/python3.8/site-packages/airflow/example_dags/example_branch_python_dop_operator_3.py
[2025-10-15T08:01:29.658+0000] {processor.py:840} INFO - DAG(s) 'example_branch_dop_operator_v3' retrieved from /home/airflow/.local/lib/python3.8/site-packages/airflow/example_dags/example_branch_python_dop_operator_3.py
[2025-10-15T08:01:29.677+0000] {logging_mixin.py:188} INFO - [2025-10-15T08:01:29.677+0000] {dag.py:3047} INFO - Sync 1 DAGs
[2025-10-15T08:01:29.701+0000] {logging_mixin.py:188} INFO - [2025-10-15T08:01:29.701+0000] {dag.py:3834} INFO - Setting next_dagrun for example_branch_dop_operator_v3 to 2025-10-15 08:00:00+00:00, run_after=2025-10-15 08:01:00+00:00
[2025-10-15T08:01:29.721+0000] {processor.py:183} INFO - Processing /home/airflow/.local/lib/python3.8/site-packages/airflow/example_dags/example_branch_python_dop_operator_3.py took 0.077 seconds
[2025-10-15T08:01:59.891+0000] {processor.py:161} INFO - Started process (PID=2535) to work on /home/airflow/.local/lib/python3.8/site-packages/airflow/example_dags/example_branch_python_dop_operator_3.py
[2025-10-15T08:01:59.892+0000] {processor.py:830} INFO - Processing file /home/airflow/.local/lib/python3.8/site-packages/airflow/example_dags/example_branch_python_dop_operator_3.py for tasks to queue
[2025-10-15T08:01:59.893+0000] {logging_mixin.py:188} INFO - [2025-10-15T08:01:59.893+0000] {dagbag.py:540} INFO - Filling up the DagBag from /home/airflow/.local/lib/python3.8/site-packages/airflow/example_dags/example_branch_python_dop_operator_3.py
[2025-10-15T08:01:59.901+0000] {processor.py:840} INFO - DAG(s) 'example_branch_dop_operator_v3' retrieved from /home/airflow/.local/lib/python3.8/site-packages/airflow/example_dags/example_branch_python_dop_operator_3.py
[2025-10-15T08:01:59.918+0000] {logging_mixin.py:188} INFO - [2025-10-15T08:01:59.917+0000] {dag.py:3047} INFO - Sync 1 DAGs
[2025-10-15T08:01:59.942+0000] {logging_mixin.py:188} INFO - [2025-10-15T08:01:59.941+0000] {dag.py:3834} INFO - Setting next_dagrun for example_branch_dop_operator_v3 to 2025-10-15 08:00:00+00:00, run_after=2025-10-15 08:01:00+00:00
[2025-10-15T08:01:59.960+0000] {processor.py:183} INFO - Processing /home/airflow/.local/lib/python3.8/site-packages/airflow/example_dags/example_branch_python_dop_operator_3.py took 0.071 seconds
[2025-10-15T08:02:30.075+0000] {processor.py:161} INFO - Started process (PID=2598) to work on /home/airflow/.local/lib/python3.8/site-packages/airflow/example_dags/example_branch_python_dop_operator_3.py
[2025-10-15T08:02:30.077+0000] {processor.py:830} INFO - Processing file /home/airflow/.local/lib/python3.8/site-packages/airflow/example_dags/example_branch_python_dop_operator_3.py for tasks to queue
[2025-10-15T08:02:30.079+0000] {logging_mixin.py:188} INFO - [2025-10-15T08:02:30.079+0000] {dagbag.py:540} INFO - Filling up the DagBag from /home/airflow/.local/lib/python3.8/site-packages/airflow/example_dags/example_branch_python_dop_operator_3.py
[2025-10-15T08:02:30.099+0000] {processor.py:840} INFO - DAG(s) 'example_branch_dop_operator_v3' retrieved from /home/airflow/.local/lib/python3.8/site-packages/airflow/example_dags/example_branch_python_dop_operator_3.py
[2025-10-15T08:02:30.136+0000] {logging_mixin.py:188} INFO - [2025-10-15T08:02:30.135+0000] {dag.py:3047} INFO - Sync 1 DAGs
[2025-10-15T08:02:30.167+0000] {logging_mixin.py:188} INFO - [2025-10-15T08:02:30.167+0000] {dag.py:3834} INFO - Setting next_dagrun for example_branch_dop_operator_v3 to 2025-10-15 08:01:00+00:00, run_after=2025-10-15 08:02:00+00:00
[2025-10-15T08:02:30.186+0000] {processor.py:183} INFO - Processing /home/airflow/.local/lib/python3.8/site-packages/airflow/example_dags/example_branch_python_dop_operator_3.py took 0.115 seconds
[2025-10-15T08:03:00.335+0000] {processor.py:161} INFO - Started process (PID=2658) to work on /home/airflow/.local/lib/python3.8/site-packages/airflow/example_dags/example_branch_python_dop_operator_3.py
[2025-10-15T08:03:00.336+0000] {processor.py:830} INFO - Processing file /home/airflow/.local/lib/python3.8/site-packages/airflow/example_dags/example_branch_python_dop_operator_3.py for tasks to queue
[2025-10-15T08:03:00.337+0000] {logging_mixin.py:188} INFO - [2025-10-15T08:03:00.336+0000] {dagbag.py:540} INFO - Filling up the DagBag from /home/airflow/.local/lib/python3.8/site-packages/airflow/example_dags/example_branch_python_dop_operator_3.py
[2025-10-15T08:03:00.344+0000] {processor.py:840} INFO - DAG(s) 'example_branch_dop_operator_v3' retrieved from /home/airflow/.local/lib/python3.8/site-packages/airflow/example_dags/example_branch_python_dop_operator_3.py
[2025-10-15T08:03:00.362+0000] {logging_mixin.py:188} INFO - [2025-10-15T08:03:00.362+0000] {dag.py:3047} INFO - Sync 1 DAGs
[2025-10-15T08:03:00.386+0000] {logging_mixin.py:188} INFO - [2025-10-15T08:03:00.386+0000] {dag.py:3834} INFO - Setting next_dagrun for example_branch_dop_operator_v3 to 2025-10-15 08:02:00+00:00, run_after=2025-10-15 08:03:00+00:00
[2025-10-15T08:03:00.402+0000] {processor.py:183} INFO - Processing /home/airflow/.local/lib/python3.8/site-packages/airflow/example_dags/example_branch_python_dop_operator_3.py took 0.070 seconds
