[2025-10-15T07:41:43.082+0000] {processor.py:161} INFO - Started process (PID=111) to work on /home/airflow/.local/lib/python3.8/site-packages/airflow/example_dags/example_task_group.py
[2025-10-15T07:41:43.083+0000] {processor.py:830} INFO - Processing file /home/airflow/.local/lib/python3.8/site-packages/airflow/example_dags/example_task_group.py for tasks to queue
[2025-10-15T07:41:43.085+0000] {logging_mixin.py:188} INFO - [2025-10-15T07:41:43.085+0000] {dagbag.py:540} INFO - Filling up the DagBag from /home/airflow/.local/lib/python3.8/site-packages/airflow/example_dags/example_task_group.py
[2025-10-15T07:41:43.095+0000] {processor.py:840} INFO - DAG(s) 'example_task_group' retrieved from /home/airflow/.local/lib/python3.8/site-packages/airflow/example_dags/example_task_group.py
[2025-10-15T07:41:43.193+0000] {logging_mixin.py:188} INFO - [2025-10-15T07:41:43.192+0000] {dag.py:3047} INFO - Sync 1 DAGs
[2025-10-15T07:41:43.210+0000] {logging_mixin.py:188} INFO - [2025-10-15T07:41:43.210+0000] {dag.py:3834} INFO - Setting next_dagrun for example_task_group to 2025-10-14 00:00:00+00:00, run_after=2025-10-15 00:00:00+00:00
[2025-10-15T07:41:43.227+0000] {processor.py:183} INFO - Processing /home/airflow/.local/lib/python3.8/site-packages/airflow/example_dags/example_task_group.py took 0.148 seconds
[2025-10-15T07:42:13.978+0000] {processor.py:161} INFO - Started process (PID=172) to work on /home/airflow/.local/lib/python3.8/site-packages/airflow/example_dags/example_task_group.py
[2025-10-15T07:42:13.979+0000] {processor.py:830} INFO - Processing file /home/airflow/.local/lib/python3.8/site-packages/airflow/example_dags/example_task_group.py for tasks to queue
[2025-10-15T07:42:13.980+0000] {logging_mixin.py:188} INFO - [2025-10-15T07:42:13.980+0000] {dagbag.py:540} INFO - Filling up the DagBag from /home/airflow/.local/lib/python3.8/site-packages/airflow/example_dags/example_task_group.py
[2025-10-15T07:42:13.986+0000] {processor.py:840} INFO - DAG(s) 'example_task_group' retrieved from /home/airflow/.local/lib/python3.8/site-packages/airflow/example_dags/example_task_group.py
[2025-10-15T07:42:14.004+0000] {logging_mixin.py:188} INFO - [2025-10-15T07:42:14.004+0000] {dag.py:3047} INFO - Sync 1 DAGs
[2025-10-15T07:42:14.023+0000] {logging_mixin.py:188} INFO - [2025-10-15T07:42:14.023+0000] {dag.py:3834} INFO - Setting next_dagrun for example_task_group to 2025-10-14 00:00:00+00:00, run_after=2025-10-15 00:00:00+00:00
[2025-10-15T07:42:14.040+0000] {processor.py:183} INFO - Processing /home/airflow/.local/lib/python3.8/site-packages/airflow/example_dags/example_task_group.py took 0.065 seconds
[2025-10-15T07:42:44.416+0000] {processor.py:161} INFO - Started process (PID=232) to work on /home/airflow/.local/lib/python3.8/site-packages/airflow/example_dags/example_task_group.py
[2025-10-15T07:42:44.417+0000] {processor.py:830} INFO - Processing file /home/airflow/.local/lib/python3.8/site-packages/airflow/example_dags/example_task_group.py for tasks to queue
[2025-10-15T07:42:44.418+0000] {logging_mixin.py:188} INFO - [2025-10-15T07:42:44.418+0000] {dagbag.py:540} INFO - Filling up the DagBag from /home/airflow/.local/lib/python3.8/site-packages/airflow/example_dags/example_task_group.py
[2025-10-15T07:42:44.424+0000] {processor.py:840} INFO - DAG(s) 'example_task_group' retrieved from /home/airflow/.local/lib/python3.8/site-packages/airflow/example_dags/example_task_group.py
[2025-10-15T07:42:44.443+0000] {logging_mixin.py:188} INFO - [2025-10-15T07:42:44.443+0000] {dag.py:3047} INFO - Sync 1 DAGs
[2025-10-15T07:42:44.463+0000] {logging_mixin.py:188} INFO - [2025-10-15T07:42:44.463+0000] {dag.py:3834} INFO - Setting next_dagrun for example_task_group to 2025-10-14 00:00:00+00:00, run_after=2025-10-15 00:00:00+00:00
[2025-10-15T07:42:44.481+0000] {processor.py:183} INFO - Processing /home/airflow/.local/lib/python3.8/site-packages/airflow/example_dags/example_task_group.py took 0.068 seconds
[2025-10-15T07:43:14.832+0000] {processor.py:161} INFO - Started process (PID=292) to work on /home/airflow/.local/lib/python3.8/site-packages/airflow/example_dags/example_task_group.py
[2025-10-15T07:43:14.834+0000] {processor.py:830} INFO - Processing file /home/airflow/.local/lib/python3.8/site-packages/airflow/example_dags/example_task_group.py for tasks to queue
[2025-10-15T07:43:14.836+0000] {logging_mixin.py:188} INFO - [2025-10-15T07:43:14.835+0000] {dagbag.py:540} INFO - Filling up the DagBag from /home/airflow/.local/lib/python3.8/site-packages/airflow/example_dags/example_task_group.py
[2025-10-15T07:43:14.843+0000] {processor.py:840} INFO - DAG(s) 'example_task_group' retrieved from /home/airflow/.local/lib/python3.8/site-packages/airflow/example_dags/example_task_group.py
[2025-10-15T07:43:14.866+0000] {logging_mixin.py:188} INFO - [2025-10-15T07:43:14.866+0000] {dag.py:3047} INFO - Sync 1 DAGs
[2025-10-15T07:43:14.893+0000] {logging_mixin.py:188} INFO - [2025-10-15T07:43:14.892+0000] {dag.py:3834} INFO - Setting next_dagrun for example_task_group to 2025-10-14 00:00:00+00:00, run_after=2025-10-15 00:00:00+00:00
[2025-10-15T07:43:14.915+0000] {processor.py:183} INFO - Processing /home/airflow/.local/lib/python3.8/site-packages/airflow/example_dags/example_task_group.py took 0.085 seconds
[2025-10-15T07:43:45.111+0000] {processor.py:161} INFO - Started process (PID=352) to work on /home/airflow/.local/lib/python3.8/site-packages/airflow/example_dags/example_task_group.py
[2025-10-15T07:43:45.112+0000] {processor.py:830} INFO - Processing file /home/airflow/.local/lib/python3.8/site-packages/airflow/example_dags/example_task_group.py for tasks to queue
[2025-10-15T07:43:45.114+0000] {logging_mixin.py:188} INFO - [2025-10-15T07:43:45.114+0000] {dagbag.py:540} INFO - Filling up the DagBag from /home/airflow/.local/lib/python3.8/site-packages/airflow/example_dags/example_task_group.py
[2025-10-15T07:43:45.123+0000] {processor.py:840} INFO - DAG(s) 'example_task_group' retrieved from /home/airflow/.local/lib/python3.8/site-packages/airflow/example_dags/example_task_group.py
[2025-10-15T07:43:45.143+0000] {logging_mixin.py:188} INFO - [2025-10-15T07:43:45.143+0000] {dag.py:3047} INFO - Sync 1 DAGs
[2025-10-15T07:43:45.164+0000] {logging_mixin.py:188} INFO - [2025-10-15T07:43:45.163+0000] {dag.py:3834} INFO - Setting next_dagrun for example_task_group to 2025-10-14 00:00:00+00:00, run_after=2025-10-15 00:00:00+00:00
[2025-10-15T07:43:45.184+0000] {processor.py:183} INFO - Processing /home/airflow/.local/lib/python3.8/site-packages/airflow/example_dags/example_task_group.py took 0.076 seconds
[2025-10-15T07:44:15.594+0000] {processor.py:161} INFO - Started process (PID=412) to work on /home/airflow/.local/lib/python3.8/site-packages/airflow/example_dags/example_task_group.py
[2025-10-15T07:44:15.595+0000] {processor.py:830} INFO - Processing file /home/airflow/.local/lib/python3.8/site-packages/airflow/example_dags/example_task_group.py for tasks to queue
[2025-10-15T07:44:15.597+0000] {logging_mixin.py:188} INFO - [2025-10-15T07:44:15.597+0000] {dagbag.py:540} INFO - Filling up the DagBag from /home/airflow/.local/lib/python3.8/site-packages/airflow/example_dags/example_task_group.py
[2025-10-15T07:44:15.603+0000] {processor.py:840} INFO - DAG(s) 'example_task_group' retrieved from /home/airflow/.local/lib/python3.8/site-packages/airflow/example_dags/example_task_group.py
[2025-10-15T07:44:15.621+0000] {logging_mixin.py:188} INFO - [2025-10-15T07:44:15.620+0000] {dag.py:3047} INFO - Sync 1 DAGs
[2025-10-15T07:44:15.639+0000] {logging_mixin.py:188} INFO - [2025-10-15T07:44:15.638+0000] {dag.py:3834} INFO - Setting next_dagrun for example_task_group to 2025-10-14 00:00:00+00:00, run_after=2025-10-15 00:00:00+00:00
[2025-10-15T07:44:15.654+0000] {processor.py:183} INFO - Processing /home/airflow/.local/lib/python3.8/site-packages/airflow/example_dags/example_task_group.py took 0.062 seconds
[2025-10-15T07:44:45.832+0000] {processor.py:161} INFO - Started process (PID=472) to work on /home/airflow/.local/lib/python3.8/site-packages/airflow/example_dags/example_task_group.py
[2025-10-15T07:44:45.832+0000] {processor.py:830} INFO - Processing file /home/airflow/.local/lib/python3.8/site-packages/airflow/example_dags/example_task_group.py for tasks to queue
[2025-10-15T07:44:45.834+0000] {logging_mixin.py:188} INFO - [2025-10-15T07:44:45.834+0000] {dagbag.py:540} INFO - Filling up the DagBag from /home/airflow/.local/lib/python3.8/site-packages/airflow/example_dags/example_task_group.py
[2025-10-15T07:44:45.840+0000] {processor.py:840} INFO - DAG(s) 'example_task_group' retrieved from /home/airflow/.local/lib/python3.8/site-packages/airflow/example_dags/example_task_group.py
[2025-10-15T07:44:45.857+0000] {logging_mixin.py:188} INFO - [2025-10-15T07:44:45.857+0000] {dag.py:3047} INFO - Sync 1 DAGs
[2025-10-15T07:44:45.876+0000] {logging_mixin.py:188} INFO - [2025-10-15T07:44:45.876+0000] {dag.py:3834} INFO - Setting next_dagrun for example_task_group to 2025-10-14 00:00:00+00:00, run_after=2025-10-15 00:00:00+00:00
[2025-10-15T07:44:45.895+0000] {processor.py:183} INFO - Processing /home/airflow/.local/lib/python3.8/site-packages/airflow/example_dags/example_task_group.py took 0.066 seconds
[2025-10-15T07:45:16.184+0000] {processor.py:161} INFO - Started process (PID=533) to work on /home/airflow/.local/lib/python3.8/site-packages/airflow/example_dags/example_task_group.py
[2025-10-15T07:45:16.185+0000] {processor.py:830} INFO - Processing file /home/airflow/.local/lib/python3.8/site-packages/airflow/example_dags/example_task_group.py for tasks to queue
[2025-10-15T07:45:16.187+0000] {logging_mixin.py:188} INFO - [2025-10-15T07:45:16.187+0000] {dagbag.py:540} INFO - Filling up the DagBag from /home/airflow/.local/lib/python3.8/site-packages/airflow/example_dags/example_task_group.py
[2025-10-15T07:45:16.196+0000] {processor.py:840} INFO - DAG(s) 'example_task_group' retrieved from /home/airflow/.local/lib/python3.8/site-packages/airflow/example_dags/example_task_group.py
[2025-10-15T07:45:16.216+0000] {logging_mixin.py:188} INFO - [2025-10-15T07:45:16.216+0000] {dag.py:3047} INFO - Sync 1 DAGs
[2025-10-15T07:45:16.236+0000] {logging_mixin.py:188} INFO - [2025-10-15T07:45:16.236+0000] {dag.py:3834} INFO - Setting next_dagrun for example_task_group to 2025-10-14 00:00:00+00:00, run_after=2025-10-15 00:00:00+00:00
[2025-10-15T07:45:16.253+0000] {processor.py:183} INFO - Processing /home/airflow/.local/lib/python3.8/site-packages/airflow/example_dags/example_task_group.py took 0.072 seconds
[2025-10-15T07:45:46.526+0000] {processor.py:161} INFO - Started process (PID=593) to work on /home/airflow/.local/lib/python3.8/site-packages/airflow/example_dags/example_task_group.py
[2025-10-15T07:45:46.526+0000] {processor.py:830} INFO - Processing file /home/airflow/.local/lib/python3.8/site-packages/airflow/example_dags/example_task_group.py for tasks to queue
[2025-10-15T07:45:46.528+0000] {logging_mixin.py:188} INFO - [2025-10-15T07:45:46.528+0000] {dagbag.py:540} INFO - Filling up the DagBag from /home/airflow/.local/lib/python3.8/site-packages/airflow/example_dags/example_task_group.py
[2025-10-15T07:45:46.535+0000] {processor.py:840} INFO - DAG(s) 'example_task_group' retrieved from /home/airflow/.local/lib/python3.8/site-packages/airflow/example_dags/example_task_group.py
[2025-10-15T07:45:46.552+0000] {logging_mixin.py:188} INFO - [2025-10-15T07:45:46.552+0000] {dag.py:3047} INFO - Sync 1 DAGs
[2025-10-15T07:45:46.571+0000] {logging_mixin.py:188} INFO - [2025-10-15T07:45:46.571+0000] {dag.py:3834} INFO - Setting next_dagrun for example_task_group to 2025-10-14 00:00:00+00:00, run_after=2025-10-15 00:00:00+00:00
[2025-10-15T07:45:46.587+0000] {processor.py:183} INFO - Processing /home/airflow/.local/lib/python3.8/site-packages/airflow/example_dags/example_task_group.py took 0.064 seconds
[2025-10-15T07:46:17.263+0000] {processor.py:161} INFO - Started process (PID=653) to work on /home/airflow/.local/lib/python3.8/site-packages/airflow/example_dags/example_task_group.py
[2025-10-15T07:46:17.264+0000] {processor.py:830} INFO - Processing file /home/airflow/.local/lib/python3.8/site-packages/airflow/example_dags/example_task_group.py for tasks to queue
[2025-10-15T07:46:17.266+0000] {logging_mixin.py:188} INFO - [2025-10-15T07:46:17.266+0000] {dagbag.py:540} INFO - Filling up the DagBag from /home/airflow/.local/lib/python3.8/site-packages/airflow/example_dags/example_task_group.py
[2025-10-15T07:46:17.273+0000] {processor.py:840} INFO - DAG(s) 'example_task_group' retrieved from /home/airflow/.local/lib/python3.8/site-packages/airflow/example_dags/example_task_group.py
[2025-10-15T07:46:17.293+0000] {logging_mixin.py:188} INFO - [2025-10-15T07:46:17.293+0000] {dag.py:3047} INFO - Sync 1 DAGs
[2025-10-15T07:46:17.313+0000] {logging_mixin.py:188} INFO - [2025-10-15T07:46:17.313+0000] {dag.py:3834} INFO - Setting next_dagrun for example_task_group to 2025-10-14 00:00:00+00:00, run_after=2025-10-15 00:00:00+00:00
[2025-10-15T07:46:17.334+0000] {processor.py:183} INFO - Processing /home/airflow/.local/lib/python3.8/site-packages/airflow/example_dags/example_task_group.py took 0.073 seconds
[2025-10-15T07:46:47.996+0000] {processor.py:161} INFO - Started process (PID=713) to work on /home/airflow/.local/lib/python3.8/site-packages/airflow/example_dags/example_task_group.py
[2025-10-15T07:46:47.997+0000] {processor.py:830} INFO - Processing file /home/airflow/.local/lib/python3.8/site-packages/airflow/example_dags/example_task_group.py for tasks to queue
[2025-10-15T07:46:47.999+0000] {logging_mixin.py:188} INFO - [2025-10-15T07:46:47.999+0000] {dagbag.py:540} INFO - Filling up the DagBag from /home/airflow/.local/lib/python3.8/site-packages/airflow/example_dags/example_task_group.py
[2025-10-15T07:46:48.005+0000] {processor.py:840} INFO - DAG(s) 'example_task_group' retrieved from /home/airflow/.local/lib/python3.8/site-packages/airflow/example_dags/example_task_group.py
[2025-10-15T07:46:48.022+0000] {logging_mixin.py:188} INFO - [2025-10-15T07:46:48.021+0000] {dag.py:3047} INFO - Sync 1 DAGs
[2025-10-15T07:46:48.040+0000] {logging_mixin.py:188} INFO - [2025-10-15T07:46:48.039+0000] {dag.py:3834} INFO - Setting next_dagrun for example_task_group to 2025-10-14 00:00:00+00:00, run_after=2025-10-15 00:00:00+00:00
[2025-10-15T07:46:48.055+0000] {processor.py:183} INFO - Processing /home/airflow/.local/lib/python3.8/site-packages/airflow/example_dags/example_task_group.py took 0.061 seconds
[2025-10-15T07:47:18.854+0000] {processor.py:161} INFO - Started process (PID=773) to work on /home/airflow/.local/lib/python3.8/site-packages/airflow/example_dags/example_task_group.py
[2025-10-15T07:47:18.855+0000] {processor.py:830} INFO - Processing file /home/airflow/.local/lib/python3.8/site-packages/airflow/example_dags/example_task_group.py for tasks to queue
[2025-10-15T07:47:18.856+0000] {logging_mixin.py:188} INFO - [2025-10-15T07:47:18.856+0000] {dagbag.py:540} INFO - Filling up the DagBag from /home/airflow/.local/lib/python3.8/site-packages/airflow/example_dags/example_task_group.py
[2025-10-15T07:47:18.862+0000] {processor.py:840} INFO - DAG(s) 'example_task_group' retrieved from /home/airflow/.local/lib/python3.8/site-packages/airflow/example_dags/example_task_group.py
[2025-10-15T07:47:18.880+0000] {logging_mixin.py:188} INFO - [2025-10-15T07:47:18.879+0000] {dag.py:3047} INFO - Sync 1 DAGs
[2025-10-15T07:47:18.898+0000] {logging_mixin.py:188} INFO - [2025-10-15T07:47:18.898+0000] {dag.py:3834} INFO - Setting next_dagrun for example_task_group to 2025-10-14 00:00:00+00:00, run_after=2025-10-15 00:00:00+00:00
[2025-10-15T07:47:18.916+0000] {processor.py:183} INFO - Processing /home/airflow/.local/lib/python3.8/site-packages/airflow/example_dags/example_task_group.py took 0.064 seconds
[2025-10-15T07:47:49.111+0000] {processor.py:161} INFO - Started process (PID=833) to work on /home/airflow/.local/lib/python3.8/site-packages/airflow/example_dags/example_task_group.py
[2025-10-15T07:47:49.112+0000] {processor.py:830} INFO - Processing file /home/airflow/.local/lib/python3.8/site-packages/airflow/example_dags/example_task_group.py for tasks to queue
[2025-10-15T07:47:49.114+0000] {logging_mixin.py:188} INFO - [2025-10-15T07:47:49.114+0000] {dagbag.py:540} INFO - Filling up the DagBag from /home/airflow/.local/lib/python3.8/site-packages/airflow/example_dags/example_task_group.py
[2025-10-15T07:47:49.120+0000] {processor.py:840} INFO - DAG(s) 'example_task_group' retrieved from /home/airflow/.local/lib/python3.8/site-packages/airflow/example_dags/example_task_group.py
[2025-10-15T07:47:49.139+0000] {logging_mixin.py:188} INFO - [2025-10-15T07:47:49.139+0000] {dag.py:3047} INFO - Sync 1 DAGs
[2025-10-15T07:47:49.159+0000] {logging_mixin.py:188} INFO - [2025-10-15T07:47:49.158+0000] {dag.py:3834} INFO - Setting next_dagrun for example_task_group to 2025-10-14 00:00:00+00:00, run_after=2025-10-15 00:00:00+00:00
[2025-10-15T07:47:49.174+0000] {processor.py:183} INFO - Processing /home/airflow/.local/lib/python3.8/site-packages/airflow/example_dags/example_task_group.py took 0.066 seconds
[2025-10-15T07:48:19.412+0000] {processor.py:161} INFO - Started process (PID=893) to work on /home/airflow/.local/lib/python3.8/site-packages/airflow/example_dags/example_task_group.py
[2025-10-15T07:48:19.413+0000] {processor.py:830} INFO - Processing file /home/airflow/.local/lib/python3.8/site-packages/airflow/example_dags/example_task_group.py for tasks to queue
[2025-10-15T07:48:19.415+0000] {logging_mixin.py:188} INFO - [2025-10-15T07:48:19.415+0000] {dagbag.py:540} INFO - Filling up the DagBag from /home/airflow/.local/lib/python3.8/site-packages/airflow/example_dags/example_task_group.py
[2025-10-15T07:48:19.422+0000] {processor.py:840} INFO - DAG(s) 'example_task_group' retrieved from /home/airflow/.local/lib/python3.8/site-packages/airflow/example_dags/example_task_group.py
[2025-10-15T07:48:19.442+0000] {logging_mixin.py:188} INFO - [2025-10-15T07:48:19.441+0000] {dag.py:3047} INFO - Sync 1 DAGs
[2025-10-15T07:48:19.462+0000] {logging_mixin.py:188} INFO - [2025-10-15T07:48:19.462+0000] {dag.py:3834} INFO - Setting next_dagrun for example_task_group to 2025-10-14 00:00:00+00:00, run_after=2025-10-15 00:00:00+00:00
[2025-10-15T07:48:19.480+0000] {processor.py:183} INFO - Processing /home/airflow/.local/lib/python3.8/site-packages/airflow/example_dags/example_task_group.py took 0.070 seconds
[2025-10-15T07:48:49.531+0000] {processor.py:161} INFO - Started process (PID=952) to work on /home/airflow/.local/lib/python3.8/site-packages/airflow/example_dags/example_task_group.py
[2025-10-15T07:48:49.532+0000] {processor.py:830} INFO - Processing file /home/airflow/.local/lib/python3.8/site-packages/airflow/example_dags/example_task_group.py for tasks to queue
[2025-10-15T07:48:49.534+0000] {logging_mixin.py:188} INFO - [2025-10-15T07:48:49.534+0000] {dagbag.py:540} INFO - Filling up the DagBag from /home/airflow/.local/lib/python3.8/site-packages/airflow/example_dags/example_task_group.py
[2025-10-15T07:48:49.540+0000] {processor.py:840} INFO - DAG(s) 'example_task_group' retrieved from /home/airflow/.local/lib/python3.8/site-packages/airflow/example_dags/example_task_group.py
[2025-10-15T07:48:49.558+0000] {logging_mixin.py:188} INFO - [2025-10-15T07:48:49.558+0000] {dag.py:3047} INFO - Sync 1 DAGs
[2025-10-15T07:48:49.578+0000] {logging_mixin.py:188} INFO - [2025-10-15T07:48:49.578+0000] {dag.py:3834} INFO - Setting next_dagrun for example_task_group to 2025-10-14 00:00:00+00:00, run_after=2025-10-15 00:00:00+00:00
[2025-10-15T07:48:49.592+0000] {processor.py:183} INFO - Processing /home/airflow/.local/lib/python3.8/site-packages/airflow/example_dags/example_task_group.py took 0.064 seconds
[2025-10-15T07:49:20.032+0000] {processor.py:161} INFO - Started process (PID=1013) to work on /home/airflow/.local/lib/python3.8/site-packages/airflow/example_dags/example_task_group.py
[2025-10-15T07:49:20.033+0000] {processor.py:830} INFO - Processing file /home/airflow/.local/lib/python3.8/site-packages/airflow/example_dags/example_task_group.py for tasks to queue
[2025-10-15T07:49:20.035+0000] {logging_mixin.py:188} INFO - [2025-10-15T07:49:20.034+0000] {dagbag.py:540} INFO - Filling up the DagBag from /home/airflow/.local/lib/python3.8/site-packages/airflow/example_dags/example_task_group.py
[2025-10-15T07:49:20.044+0000] {processor.py:840} INFO - DAG(s) 'example_task_group' retrieved from /home/airflow/.local/lib/python3.8/site-packages/airflow/example_dags/example_task_group.py
[2025-10-15T07:49:20.065+0000] {logging_mixin.py:188} INFO - [2025-10-15T07:49:20.065+0000] {dag.py:3047} INFO - Sync 1 DAGs
[2025-10-15T07:49:20.086+0000] {logging_mixin.py:188} INFO - [2025-10-15T07:49:20.086+0000] {dag.py:3834} INFO - Setting next_dagrun for example_task_group to 2025-10-14 00:00:00+00:00, run_after=2025-10-15 00:00:00+00:00
[2025-10-15T07:49:20.106+0000] {processor.py:183} INFO - Processing /home/airflow/.local/lib/python3.8/site-packages/airflow/example_dags/example_task_group.py took 0.077 seconds
[2025-10-15T07:49:50.227+0000] {processor.py:161} INFO - Started process (PID=1073) to work on /home/airflow/.local/lib/python3.8/site-packages/airflow/example_dags/example_task_group.py
[2025-10-15T07:49:50.228+0000] {processor.py:830} INFO - Processing file /home/airflow/.local/lib/python3.8/site-packages/airflow/example_dags/example_task_group.py for tasks to queue
[2025-10-15T07:49:50.229+0000] {logging_mixin.py:188} INFO - [2025-10-15T07:49:50.229+0000] {dagbag.py:540} INFO - Filling up the DagBag from /home/airflow/.local/lib/python3.8/site-packages/airflow/example_dags/example_task_group.py
[2025-10-15T07:49:50.235+0000] {processor.py:840} INFO - DAG(s) 'example_task_group' retrieved from /home/airflow/.local/lib/python3.8/site-packages/airflow/example_dags/example_task_group.py
[2025-10-15T07:49:50.252+0000] {logging_mixin.py:188} INFO - [2025-10-15T07:49:50.251+0000] {dag.py:3047} INFO - Sync 1 DAGs
[2025-10-15T07:49:50.269+0000] {logging_mixin.py:188} INFO - [2025-10-15T07:49:50.269+0000] {dag.py:3834} INFO - Setting next_dagrun for example_task_group to 2025-10-14 00:00:00+00:00, run_after=2025-10-15 00:00:00+00:00
[2025-10-15T07:49:50.284+0000] {processor.py:183} INFO - Processing /home/airflow/.local/lib/python3.8/site-packages/airflow/example_dags/example_task_group.py took 0.059 seconds
[2025-10-15T07:50:20.952+0000] {processor.py:161} INFO - Started process (PID=1134) to work on /home/airflow/.local/lib/python3.8/site-packages/airflow/example_dags/example_task_group.py
[2025-10-15T07:50:20.952+0000] {processor.py:830} INFO - Processing file /home/airflow/.local/lib/python3.8/site-packages/airflow/example_dags/example_task_group.py for tasks to queue
[2025-10-15T07:50:20.954+0000] {logging_mixin.py:188} INFO - [2025-10-15T07:50:20.954+0000] {dagbag.py:540} INFO - Filling up the DagBag from /home/airflow/.local/lib/python3.8/site-packages/airflow/example_dags/example_task_group.py
[2025-10-15T07:50:20.960+0000] {processor.py:840} INFO - DAG(s) 'example_task_group' retrieved from /home/airflow/.local/lib/python3.8/site-packages/airflow/example_dags/example_task_group.py
[2025-10-15T07:50:20.978+0000] {logging_mixin.py:188} INFO - [2025-10-15T07:50:20.977+0000] {dag.py:3047} INFO - Sync 1 DAGs
[2025-10-15T07:50:20.995+0000] {logging_mixin.py:188} INFO - [2025-10-15T07:50:20.995+0000] {dag.py:3834} INFO - Setting next_dagrun for example_task_group to 2025-10-14 00:00:00+00:00, run_after=2025-10-15 00:00:00+00:00
[2025-10-15T07:50:21.010+0000] {processor.py:183} INFO - Processing /home/airflow/.local/lib/python3.8/site-packages/airflow/example_dags/example_task_group.py took 0.061 seconds
[2025-10-15T07:50:51.870+0000] {processor.py:161} INFO - Started process (PID=1197) to work on /home/airflow/.local/lib/python3.8/site-packages/airflow/example_dags/example_task_group.py
[2025-10-15T07:50:51.871+0000] {processor.py:830} INFO - Processing file /home/airflow/.local/lib/python3.8/site-packages/airflow/example_dags/example_task_group.py for tasks to queue
[2025-10-15T07:50:51.872+0000] {logging_mixin.py:188} INFO - [2025-10-15T07:50:51.872+0000] {dagbag.py:540} INFO - Filling up the DagBag from /home/airflow/.local/lib/python3.8/site-packages/airflow/example_dags/example_task_group.py
[2025-10-15T07:50:51.878+0000] {processor.py:840} INFO - DAG(s) 'example_task_group' retrieved from /home/airflow/.local/lib/python3.8/site-packages/airflow/example_dags/example_task_group.py
[2025-10-15T07:50:51.896+0000] {logging_mixin.py:188} INFO - [2025-10-15T07:50:51.896+0000] {dag.py:3047} INFO - Sync 1 DAGs
[2025-10-15T07:50:51.915+0000] {logging_mixin.py:188} INFO - [2025-10-15T07:50:51.915+0000] {dag.py:3834} INFO - Setting next_dagrun for example_task_group to 2025-10-14 00:00:00+00:00, run_after=2025-10-15 00:00:00+00:00
[2025-10-15T07:50:51.930+0000] {processor.py:183} INFO - Processing /home/airflow/.local/lib/python3.8/site-packages/airflow/example_dags/example_task_group.py took 0.063 seconds
[2025-10-15T07:51:22.232+0000] {processor.py:161} INFO - Started process (PID=1259) to work on /home/airflow/.local/lib/python3.8/site-packages/airflow/example_dags/example_task_group.py
[2025-10-15T07:51:22.233+0000] {processor.py:830} INFO - Processing file /home/airflow/.local/lib/python3.8/site-packages/airflow/example_dags/example_task_group.py for tasks to queue
[2025-10-15T07:51:22.235+0000] {logging_mixin.py:188} INFO - [2025-10-15T07:51:22.235+0000] {dagbag.py:540} INFO - Filling up the DagBag from /home/airflow/.local/lib/python3.8/site-packages/airflow/example_dags/example_task_group.py
[2025-10-15T07:51:22.241+0000] {processor.py:840} INFO - DAG(s) 'example_task_group' retrieved from /home/airflow/.local/lib/python3.8/site-packages/airflow/example_dags/example_task_group.py
[2025-10-15T07:51:22.260+0000] {logging_mixin.py:188} INFO - [2025-10-15T07:51:22.259+0000] {dag.py:3047} INFO - Sync 1 DAGs
[2025-10-15T07:51:22.279+0000] {logging_mixin.py:188} INFO - [2025-10-15T07:51:22.279+0000] {dag.py:3834} INFO - Setting next_dagrun for example_task_group to 2025-10-14 00:00:00+00:00, run_after=2025-10-15 00:00:00+00:00
[2025-10-15T07:51:22.297+0000] {processor.py:183} INFO - Processing /home/airflow/.local/lib/python3.8/site-packages/airflow/example_dags/example_task_group.py took 0.067 seconds
[2025-10-15T07:51:52.716+0000] {processor.py:161} INFO - Started process (PID=1320) to work on /home/airflow/.local/lib/python3.8/site-packages/airflow/example_dags/example_task_group.py
[2025-10-15T07:51:52.717+0000] {processor.py:830} INFO - Processing file /home/airflow/.local/lib/python3.8/site-packages/airflow/example_dags/example_task_group.py for tasks to queue
[2025-10-15T07:51:52.718+0000] {logging_mixin.py:188} INFO - [2025-10-15T07:51:52.718+0000] {dagbag.py:540} INFO - Filling up the DagBag from /home/airflow/.local/lib/python3.8/site-packages/airflow/example_dags/example_task_group.py
[2025-10-15T07:51:52.724+0000] {processor.py:840} INFO - DAG(s) 'example_task_group' retrieved from /home/airflow/.local/lib/python3.8/site-packages/airflow/example_dags/example_task_group.py
[2025-10-15T07:51:52.742+0000] {logging_mixin.py:188} INFO - [2025-10-15T07:51:52.741+0000] {dag.py:3047} INFO - Sync 1 DAGs
[2025-10-15T07:51:52.760+0000] {logging_mixin.py:188} INFO - [2025-10-15T07:51:52.759+0000] {dag.py:3834} INFO - Setting next_dagrun for example_task_group to 2025-10-14 00:00:00+00:00, run_after=2025-10-15 00:00:00+00:00
[2025-10-15T07:51:52.776+0000] {processor.py:183} INFO - Processing /home/airflow/.local/lib/python3.8/site-packages/airflow/example_dags/example_task_group.py took 0.063 seconds
[2025-10-15T07:52:22.918+0000] {processor.py:161} INFO - Started process (PID=1382) to work on /home/airflow/.local/lib/python3.8/site-packages/airflow/example_dags/example_task_group.py
[2025-10-15T07:52:22.919+0000] {processor.py:830} INFO - Processing file /home/airflow/.local/lib/python3.8/site-packages/airflow/example_dags/example_task_group.py for tasks to queue
[2025-10-15T07:52:22.920+0000] {logging_mixin.py:188} INFO - [2025-10-15T07:52:22.920+0000] {dagbag.py:540} INFO - Filling up the DagBag from /home/airflow/.local/lib/python3.8/site-packages/airflow/example_dags/example_task_group.py
[2025-10-15T07:52:22.926+0000] {processor.py:840} INFO - DAG(s) 'example_task_group' retrieved from /home/airflow/.local/lib/python3.8/site-packages/airflow/example_dags/example_task_group.py
[2025-10-15T07:52:22.944+0000] {logging_mixin.py:188} INFO - [2025-10-15T07:52:22.944+0000] {dag.py:3047} INFO - Sync 1 DAGs
[2025-10-15T07:52:22.963+0000] {logging_mixin.py:188} INFO - [2025-10-15T07:52:22.963+0000] {dag.py:3834} INFO - Setting next_dagrun for example_task_group to 2025-10-14 00:00:00+00:00, run_after=2025-10-15 00:00:00+00:00
[2025-10-15T07:52:22.980+0000] {processor.py:183} INFO - Processing /home/airflow/.local/lib/python3.8/site-packages/airflow/example_dags/example_task_group.py took 0.064 seconds
[2025-10-15T07:52:53.905+0000] {processor.py:161} INFO - Started process (PID=1442) to work on /home/airflow/.local/lib/python3.8/site-packages/airflow/example_dags/example_task_group.py
[2025-10-15T07:52:53.906+0000] {processor.py:830} INFO - Processing file /home/airflow/.local/lib/python3.8/site-packages/airflow/example_dags/example_task_group.py for tasks to queue
[2025-10-15T07:52:53.908+0000] {logging_mixin.py:188} INFO - [2025-10-15T07:52:53.908+0000] {dagbag.py:540} INFO - Filling up the DagBag from /home/airflow/.local/lib/python3.8/site-packages/airflow/example_dags/example_task_group.py
[2025-10-15T07:52:53.914+0000] {processor.py:840} INFO - DAG(s) 'example_task_group' retrieved from /home/airflow/.local/lib/python3.8/site-packages/airflow/example_dags/example_task_group.py
[2025-10-15T07:52:53.932+0000] {logging_mixin.py:188} INFO - [2025-10-15T07:52:53.932+0000] {dag.py:3047} INFO - Sync 1 DAGs
[2025-10-15T07:52:53.952+0000] {logging_mixin.py:188} INFO - [2025-10-15T07:52:53.952+0000] {dag.py:3834} INFO - Setting next_dagrun for example_task_group to 2025-10-14 00:00:00+00:00, run_after=2025-10-15 00:00:00+00:00
[2025-10-15T07:52:53.967+0000] {processor.py:183} INFO - Processing /home/airflow/.local/lib/python3.8/site-packages/airflow/example_dags/example_task_group.py took 0.065 seconds
[2025-10-15T07:53:24.048+0000] {processor.py:161} INFO - Started process (PID=1503) to work on /home/airflow/.local/lib/python3.8/site-packages/airflow/example_dags/example_task_group.py
[2025-10-15T07:53:24.049+0000] {processor.py:830} INFO - Processing file /home/airflow/.local/lib/python3.8/site-packages/airflow/example_dags/example_task_group.py for tasks to queue
[2025-10-15T07:53:24.051+0000] {logging_mixin.py:188} INFO - [2025-10-15T07:53:24.051+0000] {dagbag.py:540} INFO - Filling up the DagBag from /home/airflow/.local/lib/python3.8/site-packages/airflow/example_dags/example_task_group.py
[2025-10-15T07:53:24.058+0000] {processor.py:840} INFO - DAG(s) 'example_task_group' retrieved from /home/airflow/.local/lib/python3.8/site-packages/airflow/example_dags/example_task_group.py
[2025-10-15T07:53:24.080+0000] {logging_mixin.py:188} INFO - [2025-10-15T07:53:24.080+0000] {dag.py:3047} INFO - Sync 1 DAGs
[2025-10-15T07:53:24.102+0000] {logging_mixin.py:188} INFO - [2025-10-15T07:53:24.102+0000] {dag.py:3834} INFO - Setting next_dagrun for example_task_group to 2025-10-14 00:00:00+00:00, run_after=2025-10-15 00:00:00+00:00
[2025-10-15T07:53:24.127+0000] {processor.py:183} INFO - Processing /home/airflow/.local/lib/python3.8/site-packages/airflow/example_dags/example_task_group.py took 0.081 seconds
[2025-10-15T07:53:54.680+0000] {processor.py:161} INFO - Started process (PID=1565) to work on /home/airflow/.local/lib/python3.8/site-packages/airflow/example_dags/example_task_group.py
[2025-10-15T07:53:54.681+0000] {processor.py:830} INFO - Processing file /home/airflow/.local/lib/python3.8/site-packages/airflow/example_dags/example_task_group.py for tasks to queue
[2025-10-15T07:53:54.683+0000] {logging_mixin.py:188} INFO - [2025-10-15T07:53:54.683+0000] {dagbag.py:540} INFO - Filling up the DagBag from /home/airflow/.local/lib/python3.8/site-packages/airflow/example_dags/example_task_group.py
[2025-10-15T07:53:54.689+0000] {processor.py:840} INFO - DAG(s) 'example_task_group' retrieved from /home/airflow/.local/lib/python3.8/site-packages/airflow/example_dags/example_task_group.py
[2025-10-15T07:53:54.706+0000] {logging_mixin.py:188} INFO - [2025-10-15T07:53:54.706+0000] {dag.py:3047} INFO - Sync 1 DAGs
[2025-10-15T07:53:54.724+0000] {logging_mixin.py:188} INFO - [2025-10-15T07:53:54.724+0000] {dag.py:3834} INFO - Setting next_dagrun for example_task_group to 2025-10-14 00:00:00+00:00, run_after=2025-10-15 00:00:00+00:00
[2025-10-15T07:53:54.741+0000] {processor.py:183} INFO - Processing /home/airflow/.local/lib/python3.8/site-packages/airflow/example_dags/example_task_group.py took 0.062 seconds
[2025-10-15T07:54:24.809+0000] {processor.py:161} INFO - Started process (PID=1625) to work on /home/airflow/.local/lib/python3.8/site-packages/airflow/example_dags/example_task_group.py
[2025-10-15T07:54:24.810+0000] {processor.py:830} INFO - Processing file /home/airflow/.local/lib/python3.8/site-packages/airflow/example_dags/example_task_group.py for tasks to queue
[2025-10-15T07:54:24.812+0000] {logging_mixin.py:188} INFO - [2025-10-15T07:54:24.812+0000] {dagbag.py:540} INFO - Filling up the DagBag from /home/airflow/.local/lib/python3.8/site-packages/airflow/example_dags/example_task_group.py
[2025-10-15T07:54:24.818+0000] {processor.py:840} INFO - DAG(s) 'example_task_group' retrieved from /home/airflow/.local/lib/python3.8/site-packages/airflow/example_dags/example_task_group.py
[2025-10-15T07:54:24.836+0000] {logging_mixin.py:188} INFO - [2025-10-15T07:54:24.836+0000] {dag.py:3047} INFO - Sync 1 DAGs
[2025-10-15T07:54:24.855+0000] {logging_mixin.py:188} INFO - [2025-10-15T07:54:24.854+0000] {dag.py:3834} INFO - Setting next_dagrun for example_task_group to 2025-10-14 00:00:00+00:00, run_after=2025-10-15 00:00:00+00:00
[2025-10-15T07:54:24.874+0000] {processor.py:183} INFO - Processing /home/airflow/.local/lib/python3.8/site-packages/airflow/example_dags/example_task_group.py took 0.067 seconds
[2025-10-15T07:54:55.261+0000] {processor.py:161} INFO - Started process (PID=1685) to work on /home/airflow/.local/lib/python3.8/site-packages/airflow/example_dags/example_task_group.py
[2025-10-15T07:54:55.262+0000] {processor.py:830} INFO - Processing file /home/airflow/.local/lib/python3.8/site-packages/airflow/example_dags/example_task_group.py for tasks to queue
[2025-10-15T07:54:55.263+0000] {logging_mixin.py:188} INFO - [2025-10-15T07:54:55.263+0000] {dagbag.py:540} INFO - Filling up the DagBag from /home/airflow/.local/lib/python3.8/site-packages/airflow/example_dags/example_task_group.py
[2025-10-15T07:54:55.269+0000] {processor.py:840} INFO - DAG(s) 'example_task_group' retrieved from /home/airflow/.local/lib/python3.8/site-packages/airflow/example_dags/example_task_group.py
[2025-10-15T07:54:55.286+0000] {logging_mixin.py:188} INFO - [2025-10-15T07:54:55.285+0000] {dag.py:3047} INFO - Sync 1 DAGs
[2025-10-15T07:54:55.304+0000] {logging_mixin.py:188} INFO - [2025-10-15T07:54:55.304+0000] {dag.py:3834} INFO - Setting next_dagrun for example_task_group to 2025-10-14 00:00:00+00:00, run_after=2025-10-15 00:00:00+00:00
[2025-10-15T07:54:55.319+0000] {processor.py:183} INFO - Processing /home/airflow/.local/lib/python3.8/site-packages/airflow/example_dags/example_task_group.py took 0.060 seconds
[2025-10-15T07:55:25.406+0000] {processor.py:161} INFO - Started process (PID=1747) to work on /home/airflow/.local/lib/python3.8/site-packages/airflow/example_dags/example_task_group.py
[2025-10-15T07:55:25.407+0000] {processor.py:830} INFO - Processing file /home/airflow/.local/lib/python3.8/site-packages/airflow/example_dags/example_task_group.py for tasks to queue
[2025-10-15T07:55:25.409+0000] {logging_mixin.py:188} INFO - [2025-10-15T07:55:25.409+0000] {dagbag.py:540} INFO - Filling up the DagBag from /home/airflow/.local/lib/python3.8/site-packages/airflow/example_dags/example_task_group.py
[2025-10-15T07:55:25.415+0000] {processor.py:840} INFO - DAG(s) 'example_task_group' retrieved from /home/airflow/.local/lib/python3.8/site-packages/airflow/example_dags/example_task_group.py
[2025-10-15T07:55:25.434+0000] {logging_mixin.py:188} INFO - [2025-10-15T07:55:25.433+0000] {dag.py:3047} INFO - Sync 1 DAGs
[2025-10-15T07:55:25.452+0000] {logging_mixin.py:188} INFO - [2025-10-15T07:55:25.452+0000] {dag.py:3834} INFO - Setting next_dagrun for example_task_group to 2025-10-14 00:00:00+00:00, run_after=2025-10-15 00:00:00+00:00
[2025-10-15T07:55:25.467+0000] {processor.py:183} INFO - Processing /home/airflow/.local/lib/python3.8/site-packages/airflow/example_dags/example_task_group.py took 0.063 seconds
[2025-10-15T07:55:55.978+0000] {processor.py:161} INFO - Started process (PID=1808) to work on /home/airflow/.local/lib/python3.8/site-packages/airflow/example_dags/example_task_group.py
[2025-10-15T07:55:55.979+0000] {processor.py:830} INFO - Processing file /home/airflow/.local/lib/python3.8/site-packages/airflow/example_dags/example_task_group.py for tasks to queue
[2025-10-15T07:55:55.981+0000] {logging_mixin.py:188} INFO - [2025-10-15T07:55:55.980+0000] {dagbag.py:540} INFO - Filling up the DagBag from /home/airflow/.local/lib/python3.8/site-packages/airflow/example_dags/example_task_group.py
[2025-10-15T07:55:55.987+0000] {processor.py:840} INFO - DAG(s) 'example_task_group' retrieved from /home/airflow/.local/lib/python3.8/site-packages/airflow/example_dags/example_task_group.py
[2025-10-15T07:55:56.004+0000] {logging_mixin.py:188} INFO - [2025-10-15T07:55:56.004+0000] {dag.py:3047} INFO - Sync 1 DAGs
[2025-10-15T07:55:56.022+0000] {logging_mixin.py:188} INFO - [2025-10-15T07:55:56.022+0000] {dag.py:3834} INFO - Setting next_dagrun for example_task_group to 2025-10-14 00:00:00+00:00, run_after=2025-10-15 00:00:00+00:00
[2025-10-15T07:55:56.038+0000] {processor.py:183} INFO - Processing /home/airflow/.local/lib/python3.8/site-packages/airflow/example_dags/example_task_group.py took 0.063 seconds
[2025-10-15T07:56:26.268+0000] {processor.py:161} INFO - Started process (PID=1868) to work on /home/airflow/.local/lib/python3.8/site-packages/airflow/example_dags/example_task_group.py
[2025-10-15T07:56:26.269+0000] {processor.py:830} INFO - Processing file /home/airflow/.local/lib/python3.8/site-packages/airflow/example_dags/example_task_group.py for tasks to queue
[2025-10-15T07:56:26.271+0000] {logging_mixin.py:188} INFO - [2025-10-15T07:56:26.270+0000] {dagbag.py:540} INFO - Filling up the DagBag from /home/airflow/.local/lib/python3.8/site-packages/airflow/example_dags/example_task_group.py
[2025-10-15T07:56:26.276+0000] {processor.py:840} INFO - DAG(s) 'example_task_group' retrieved from /home/airflow/.local/lib/python3.8/site-packages/airflow/example_dags/example_task_group.py
[2025-10-15T07:56:26.293+0000] {logging_mixin.py:188} INFO - [2025-10-15T07:56:26.293+0000] {dag.py:3047} INFO - Sync 1 DAGs
[2025-10-15T07:56:26.311+0000] {logging_mixin.py:188} INFO - [2025-10-15T07:56:26.311+0000] {dag.py:3834} INFO - Setting next_dagrun for example_task_group to 2025-10-14 00:00:00+00:00, run_after=2025-10-15 00:00:00+00:00
[2025-10-15T07:56:26.326+0000] {processor.py:183} INFO - Processing /home/airflow/.local/lib/python3.8/site-packages/airflow/example_dags/example_task_group.py took 0.060 seconds
[2025-10-15T07:56:56.495+0000] {processor.py:161} INFO - Started process (PID=1928) to work on /home/airflow/.local/lib/python3.8/site-packages/airflow/example_dags/example_task_group.py
[2025-10-15T07:56:56.496+0000] {processor.py:830} INFO - Processing file /home/airflow/.local/lib/python3.8/site-packages/airflow/example_dags/example_task_group.py for tasks to queue
[2025-10-15T07:56:56.498+0000] {logging_mixin.py:188} INFO - [2025-10-15T07:56:56.497+0000] {dagbag.py:540} INFO - Filling up the DagBag from /home/airflow/.local/lib/python3.8/site-packages/airflow/example_dags/example_task_group.py
[2025-10-15T07:56:56.504+0000] {processor.py:840} INFO - DAG(s) 'example_task_group' retrieved from /home/airflow/.local/lib/python3.8/site-packages/airflow/example_dags/example_task_group.py
[2025-10-15T07:56:56.521+0000] {logging_mixin.py:188} INFO - [2025-10-15T07:56:56.521+0000] {dag.py:3047} INFO - Sync 1 DAGs
[2025-10-15T07:56:56.539+0000] {logging_mixin.py:188} INFO - [2025-10-15T07:56:56.539+0000] {dag.py:3834} INFO - Setting next_dagrun for example_task_group to 2025-10-14 00:00:00+00:00, run_after=2025-10-15 00:00:00+00:00
[2025-10-15T07:56:56.554+0000] {processor.py:183} INFO - Processing /home/airflow/.local/lib/python3.8/site-packages/airflow/example_dags/example_task_group.py took 0.061 seconds
[2025-10-15T07:57:26.757+0000] {processor.py:161} INFO - Started process (PID=1989) to work on /home/airflow/.local/lib/python3.8/site-packages/airflow/example_dags/example_task_group.py
[2025-10-15T07:57:26.758+0000] {processor.py:830} INFO - Processing file /home/airflow/.local/lib/python3.8/site-packages/airflow/example_dags/example_task_group.py for tasks to queue
[2025-10-15T07:57:26.760+0000] {logging_mixin.py:188} INFO - [2025-10-15T07:57:26.759+0000] {dagbag.py:540} INFO - Filling up the DagBag from /home/airflow/.local/lib/python3.8/site-packages/airflow/example_dags/example_task_group.py
[2025-10-15T07:57:26.765+0000] {processor.py:840} INFO - DAG(s) 'example_task_group' retrieved from /home/airflow/.local/lib/python3.8/site-packages/airflow/example_dags/example_task_group.py
[2025-10-15T07:57:26.782+0000] {logging_mixin.py:188} INFO - [2025-10-15T07:57:26.782+0000] {dag.py:3047} INFO - Sync 1 DAGs
[2025-10-15T07:57:26.800+0000] {logging_mixin.py:188} INFO - [2025-10-15T07:57:26.800+0000] {dag.py:3834} INFO - Setting next_dagrun for example_task_group to 2025-10-14 00:00:00+00:00, run_after=2025-10-15 00:00:00+00:00
[2025-10-15T07:57:26.815+0000] {processor.py:183} INFO - Processing /home/airflow/.local/lib/python3.8/site-packages/airflow/example_dags/example_task_group.py took 0.060 seconds
[2025-10-15T07:57:57.660+0000] {processor.py:161} INFO - Started process (PID=2050) to work on /home/airflow/.local/lib/python3.8/site-packages/airflow/example_dags/example_task_group.py
[2025-10-15T07:57:57.661+0000] {processor.py:830} INFO - Processing file /home/airflow/.local/lib/python3.8/site-packages/airflow/example_dags/example_task_group.py for tasks to queue
[2025-10-15T07:57:57.662+0000] {logging_mixin.py:188} INFO - [2025-10-15T07:57:57.662+0000] {dagbag.py:540} INFO - Filling up the DagBag from /home/airflow/.local/lib/python3.8/site-packages/airflow/example_dags/example_task_group.py
[2025-10-15T07:57:57.668+0000] {processor.py:840} INFO - DAG(s) 'example_task_group' retrieved from /home/airflow/.local/lib/python3.8/site-packages/airflow/example_dags/example_task_group.py
[2025-10-15T07:57:57.686+0000] {logging_mixin.py:188} INFO - [2025-10-15T07:57:57.686+0000] {dag.py:3047} INFO - Sync 1 DAGs
[2025-10-15T07:57:57.704+0000] {logging_mixin.py:188} INFO - [2025-10-15T07:57:57.704+0000] {dag.py:3834} INFO - Setting next_dagrun for example_task_group to 2025-10-14 00:00:00+00:00, run_after=2025-10-15 00:00:00+00:00
[2025-10-15T07:57:57.719+0000] {processor.py:183} INFO - Processing /home/airflow/.local/lib/python3.8/site-packages/airflow/example_dags/example_task_group.py took 0.062 seconds
[2025-10-15T07:58:27.839+0000] {processor.py:161} INFO - Started process (PID=2109) to work on /home/airflow/.local/lib/python3.8/site-packages/airflow/example_dags/example_task_group.py
[2025-10-15T07:58:27.840+0000] {processor.py:830} INFO - Processing file /home/airflow/.local/lib/python3.8/site-packages/airflow/example_dags/example_task_group.py for tasks to queue
[2025-10-15T07:58:27.842+0000] {logging_mixin.py:188} INFO - [2025-10-15T07:58:27.841+0000] {dagbag.py:540} INFO - Filling up the DagBag from /home/airflow/.local/lib/python3.8/site-packages/airflow/example_dags/example_task_group.py
[2025-10-15T07:58:27.848+0000] {processor.py:840} INFO - DAG(s) 'example_task_group' retrieved from /home/airflow/.local/lib/python3.8/site-packages/airflow/example_dags/example_task_group.py
[2025-10-15T07:58:27.866+0000] {logging_mixin.py:188} INFO - [2025-10-15T07:58:27.866+0000] {dag.py:3047} INFO - Sync 1 DAGs
[2025-10-15T07:58:27.884+0000] {logging_mixin.py:188} INFO - [2025-10-15T07:58:27.884+0000] {dag.py:3834} INFO - Setting next_dagrun for example_task_group to 2025-10-14 00:00:00+00:00, run_after=2025-10-15 00:00:00+00:00
[2025-10-15T07:58:27.899+0000] {processor.py:183} INFO - Processing /home/airflow/.local/lib/python3.8/site-packages/airflow/example_dags/example_task_group.py took 0.062 seconds
[2025-10-15T07:58:57.995+0000] {processor.py:161} INFO - Started process (PID=2170) to work on /home/airflow/.local/lib/python3.8/site-packages/airflow/example_dags/example_task_group.py
[2025-10-15T07:58:57.996+0000] {processor.py:830} INFO - Processing file /home/airflow/.local/lib/python3.8/site-packages/airflow/example_dags/example_task_group.py for tasks to queue
[2025-10-15T07:58:57.998+0000] {logging_mixin.py:188} INFO - [2025-10-15T07:58:57.998+0000] {dagbag.py:540} INFO - Filling up the DagBag from /home/airflow/.local/lib/python3.8/site-packages/airflow/example_dags/example_task_group.py
[2025-10-15T07:58:58.004+0000] {processor.py:840} INFO - DAG(s) 'example_task_group' retrieved from /home/airflow/.local/lib/python3.8/site-packages/airflow/example_dags/example_task_group.py
[2025-10-15T07:58:58.023+0000] {logging_mixin.py:188} INFO - [2025-10-15T07:58:58.023+0000] {dag.py:3047} INFO - Sync 1 DAGs
[2025-10-15T07:58:58.044+0000] {logging_mixin.py:188} INFO - [2025-10-15T07:58:58.044+0000] {dag.py:3834} INFO - Setting next_dagrun for example_task_group to 2025-10-14 00:00:00+00:00, run_after=2025-10-15 00:00:00+00:00
[2025-10-15T07:58:58.061+0000] {processor.py:183} INFO - Processing /home/airflow/.local/lib/python3.8/site-packages/airflow/example_dags/example_task_group.py took 0.068 seconds
[2025-10-15T07:59:28.186+0000] {processor.py:161} INFO - Started process (PID=2230) to work on /home/airflow/.local/lib/python3.8/site-packages/airflow/example_dags/example_task_group.py
[2025-10-15T07:59:28.187+0000] {processor.py:830} INFO - Processing file /home/airflow/.local/lib/python3.8/site-packages/airflow/example_dags/example_task_group.py for tasks to queue
[2025-10-15T07:59:28.189+0000] {logging_mixin.py:188} INFO - [2025-10-15T07:59:28.189+0000] {dagbag.py:540} INFO - Filling up the DagBag from /home/airflow/.local/lib/python3.8/site-packages/airflow/example_dags/example_task_group.py
[2025-10-15T07:59:28.195+0000] {processor.py:840} INFO - DAG(s) 'example_task_group' retrieved from /home/airflow/.local/lib/python3.8/site-packages/airflow/example_dags/example_task_group.py
[2025-10-15T07:59:28.213+0000] {logging_mixin.py:188} INFO - [2025-10-15T07:59:28.213+0000] {dag.py:3047} INFO - Sync 1 DAGs
[2025-10-15T07:59:28.231+0000] {logging_mixin.py:188} INFO - [2025-10-15T07:59:28.231+0000] {dag.py:3834} INFO - Setting next_dagrun for example_task_group to 2025-10-14 00:00:00+00:00, run_after=2025-10-15 00:00:00+00:00
[2025-10-15T07:59:28.246+0000] {processor.py:183} INFO - Processing /home/airflow/.local/lib/python3.8/site-packages/airflow/example_dags/example_task_group.py took 0.063 seconds
[2025-10-15T07:59:58.911+0000] {processor.py:161} INFO - Started process (PID=2289) to work on /home/airflow/.local/lib/python3.8/site-packages/airflow/example_dags/example_task_group.py
[2025-10-15T07:59:58.912+0000] {processor.py:830} INFO - Processing file /home/airflow/.local/lib/python3.8/site-packages/airflow/example_dags/example_task_group.py for tasks to queue
[2025-10-15T07:59:58.913+0000] {logging_mixin.py:188} INFO - [2025-10-15T07:59:58.913+0000] {dagbag.py:540} INFO - Filling up the DagBag from /home/airflow/.local/lib/python3.8/site-packages/airflow/example_dags/example_task_group.py
[2025-10-15T07:59:58.921+0000] {processor.py:840} INFO - DAG(s) 'example_task_group' retrieved from /home/airflow/.local/lib/python3.8/site-packages/airflow/example_dags/example_task_group.py
[2025-10-15T07:59:58.942+0000] {logging_mixin.py:188} INFO - [2025-10-15T07:59:58.942+0000] {dag.py:3047} INFO - Sync 1 DAGs
[2025-10-15T07:59:58.962+0000] {logging_mixin.py:188} INFO - [2025-10-15T07:59:58.962+0000] {dag.py:3834} INFO - Setting next_dagrun for example_task_group to 2025-10-14 00:00:00+00:00, run_after=2025-10-15 00:00:00+00:00
[2025-10-15T07:59:58.979+0000] {processor.py:183} INFO - Processing /home/airflow/.local/lib/python3.8/site-packages/airflow/example_dags/example_task_group.py took 0.071 seconds
[2025-10-15T08:00:29.058+0000] {processor.py:161} INFO - Started process (PID=2350) to work on /home/airflow/.local/lib/python3.8/site-packages/airflow/example_dags/example_task_group.py
[2025-10-15T08:00:29.059+0000] {processor.py:830} INFO - Processing file /home/airflow/.local/lib/python3.8/site-packages/airflow/example_dags/example_task_group.py for tasks to queue
[2025-10-15T08:00:29.060+0000] {logging_mixin.py:188} INFO - [2025-10-15T08:00:29.060+0000] {dagbag.py:540} INFO - Filling up the DagBag from /home/airflow/.local/lib/python3.8/site-packages/airflow/example_dags/example_task_group.py
[2025-10-15T08:00:29.067+0000] {processor.py:840} INFO - DAG(s) 'example_task_group' retrieved from /home/airflow/.local/lib/python3.8/site-packages/airflow/example_dags/example_task_group.py
[2025-10-15T08:00:29.086+0000] {logging_mixin.py:188} INFO - [2025-10-15T08:00:29.086+0000] {dag.py:3047} INFO - Sync 1 DAGs
[2025-10-15T08:00:29.106+0000] {logging_mixin.py:188} INFO - [2025-10-15T08:00:29.105+0000] {dag.py:3834} INFO - Setting next_dagrun for example_task_group to 2025-10-14 00:00:00+00:00, run_after=2025-10-15 00:00:00+00:00
[2025-10-15T08:00:29.127+0000] {processor.py:183} INFO - Processing /home/airflow/.local/lib/python3.8/site-packages/airflow/example_dags/example_task_group.py took 0.071 seconds
[2025-10-15T08:00:59.349+0000] {processor.py:161} INFO - Started process (PID=2413) to work on /home/airflow/.local/lib/python3.8/site-packages/airflow/example_dags/example_task_group.py
[2025-10-15T08:00:59.350+0000] {processor.py:830} INFO - Processing file /home/airflow/.local/lib/python3.8/site-packages/airflow/example_dags/example_task_group.py for tasks to queue
[2025-10-15T08:00:59.351+0000] {logging_mixin.py:188} INFO - [2025-10-15T08:00:59.350+0000] {dagbag.py:540} INFO - Filling up the DagBag from /home/airflow/.local/lib/python3.8/site-packages/airflow/example_dags/example_task_group.py
[2025-10-15T08:00:59.357+0000] {processor.py:840} INFO - DAG(s) 'example_task_group' retrieved from /home/airflow/.local/lib/python3.8/site-packages/airflow/example_dags/example_task_group.py
[2025-10-15T08:00:59.376+0000] {logging_mixin.py:188} INFO - [2025-10-15T08:00:59.376+0000] {dag.py:3047} INFO - Sync 1 DAGs
[2025-10-15T08:00:59.396+0000] {logging_mixin.py:188} INFO - [2025-10-15T08:00:59.396+0000] {dag.py:3834} INFO - Setting next_dagrun for example_task_group to 2025-10-14 00:00:00+00:00, run_after=2025-10-15 00:00:00+00:00
[2025-10-15T08:00:59.411+0000] {processor.py:183} INFO - Processing /home/airflow/.local/lib/python3.8/site-packages/airflow/example_dags/example_task_group.py took 0.065 seconds
[2025-10-15T08:01:29.712+0000] {processor.py:161} INFO - Started process (PID=2476) to work on /home/airflow/.local/lib/python3.8/site-packages/airflow/example_dags/example_task_group.py
[2025-10-15T08:01:29.714+0000] {processor.py:830} INFO - Processing file /home/airflow/.local/lib/python3.8/site-packages/airflow/example_dags/example_task_group.py for tasks to queue
[2025-10-15T08:01:29.715+0000] {logging_mixin.py:188} INFO - [2025-10-15T08:01:29.714+0000] {dagbag.py:540} INFO - Filling up the DagBag from /home/airflow/.local/lib/python3.8/site-packages/airflow/example_dags/example_task_group.py
[2025-10-15T08:01:29.722+0000] {processor.py:840} INFO - DAG(s) 'example_task_group' retrieved from /home/airflow/.local/lib/python3.8/site-packages/airflow/example_dags/example_task_group.py
[2025-10-15T08:01:29.741+0000] {logging_mixin.py:188} INFO - [2025-10-15T08:01:29.741+0000] {dag.py:3047} INFO - Sync 1 DAGs
[2025-10-15T08:01:29.760+0000] {logging_mixin.py:188} INFO - [2025-10-15T08:01:29.759+0000] {dag.py:3834} INFO - Setting next_dagrun for example_task_group to 2025-10-14 00:00:00+00:00, run_after=2025-10-15 00:00:00+00:00
[2025-10-15T08:01:29.775+0000] {processor.py:183} INFO - Processing /home/airflow/.local/lib/python3.8/site-packages/airflow/example_dags/example_task_group.py took 0.066 seconds
[2025-10-15T08:01:59.961+0000] {processor.py:161} INFO - Started process (PID=2536) to work on /home/airflow/.local/lib/python3.8/site-packages/airflow/example_dags/example_task_group.py
[2025-10-15T08:01:59.962+0000] {processor.py:830} INFO - Processing file /home/airflow/.local/lib/python3.8/site-packages/airflow/example_dags/example_task_group.py for tasks to queue
[2025-10-15T08:01:59.963+0000] {logging_mixin.py:188} INFO - [2025-10-15T08:01:59.963+0000] {dagbag.py:540} INFO - Filling up the DagBag from /home/airflow/.local/lib/python3.8/site-packages/airflow/example_dags/example_task_group.py
[2025-10-15T08:01:59.971+0000] {processor.py:840} INFO - DAG(s) 'example_task_group' retrieved from /home/airflow/.local/lib/python3.8/site-packages/airflow/example_dags/example_task_group.py
[2025-10-15T08:01:59.991+0000] {logging_mixin.py:188} INFO - [2025-10-15T08:01:59.991+0000] {dag.py:3047} INFO - Sync 1 DAGs
[2025-10-15T08:02:00.012+0000] {logging_mixin.py:188} INFO - [2025-10-15T08:02:00.012+0000] {dag.py:3834} INFO - Setting next_dagrun for example_task_group to 2025-10-14 00:00:00+00:00, run_after=2025-10-15 00:00:00+00:00
[2025-10-15T08:02:00.030+0000] {processor.py:183} INFO - Processing /home/airflow/.local/lib/python3.8/site-packages/airflow/example_dags/example_task_group.py took 0.071 seconds
[2025-10-15T08:02:30.208+0000] {processor.py:161} INFO - Started process (PID=2599) to work on /home/airflow/.local/lib/python3.8/site-packages/airflow/example_dags/example_task_group.py
[2025-10-15T08:02:30.209+0000] {processor.py:830} INFO - Processing file /home/airflow/.local/lib/python3.8/site-packages/airflow/example_dags/example_task_group.py for tasks to queue
[2025-10-15T08:02:30.210+0000] {logging_mixin.py:188} INFO - [2025-10-15T08:02:30.209+0000] {dagbag.py:540} INFO - Filling up the DagBag from /home/airflow/.local/lib/python3.8/site-packages/airflow/example_dags/example_task_group.py
[2025-10-15T08:02:30.217+0000] {processor.py:840} INFO - DAG(s) 'example_task_group' retrieved from /home/airflow/.local/lib/python3.8/site-packages/airflow/example_dags/example_task_group.py
[2025-10-15T08:02:30.234+0000] {logging_mixin.py:188} INFO - [2025-10-15T08:02:30.234+0000] {dag.py:3047} INFO - Sync 1 DAGs
[2025-10-15T08:02:30.253+0000] {logging_mixin.py:188} INFO - [2025-10-15T08:02:30.253+0000] {dag.py:3834} INFO - Setting next_dagrun for example_task_group to 2025-10-14 00:00:00+00:00, run_after=2025-10-15 00:00:00+00:00
[2025-10-15T08:02:30.268+0000] {processor.py:183} INFO - Processing /home/airflow/.local/lib/python3.8/site-packages/airflow/example_dags/example_task_group.py took 0.063 seconds
[2025-10-15T08:03:00.427+0000] {processor.py:161} INFO - Started process (PID=2659) to work on /home/airflow/.local/lib/python3.8/site-packages/airflow/example_dags/example_task_group.py
[2025-10-15T08:03:00.428+0000] {processor.py:830} INFO - Processing file /home/airflow/.local/lib/python3.8/site-packages/airflow/example_dags/example_task_group.py for tasks to queue
[2025-10-15T08:03:00.429+0000] {logging_mixin.py:188} INFO - [2025-10-15T08:03:00.429+0000] {dagbag.py:540} INFO - Filling up the DagBag from /home/airflow/.local/lib/python3.8/site-packages/airflow/example_dags/example_task_group.py
[2025-10-15T08:03:00.436+0000] {processor.py:840} INFO - DAG(s) 'example_task_group' retrieved from /home/airflow/.local/lib/python3.8/site-packages/airflow/example_dags/example_task_group.py
[2025-10-15T08:03:00.453+0000] {logging_mixin.py:188} INFO - [2025-10-15T08:03:00.453+0000] {dag.py:3047} INFO - Sync 1 DAGs
[2025-10-15T08:03:00.473+0000] {logging_mixin.py:188} INFO - [2025-10-15T08:03:00.473+0000] {dag.py:3834} INFO - Setting next_dagrun for example_task_group to 2025-10-14 00:00:00+00:00, run_after=2025-10-15 00:00:00+00:00
[2025-10-15T08:03:00.488+0000] {processor.py:183} INFO - Processing /home/airflow/.local/lib/python3.8/site-packages/airflow/example_dags/example_task_group.py took 0.064 seconds
