[2025-10-15T07:41:41.499+0000] {processor.py:161} INFO - Started process (PID=93) to work on /home/airflow/.local/lib/python3.8/site-packages/airflow/example_dags/example_sensors.py
[2025-10-15T07:41:41.500+0000] {processor.py:830} INFO - Processing file /home/airflow/.local/lib/python3.8/site-packages/airflow/example_dags/example_sensors.py for tasks to queue
[2025-10-15T07:41:41.502+0000] {logging_mixin.py:188} INFO - [2025-10-15T07:41:41.502+0000] {dagbag.py:540} INFO - Filling up the DagBag from /home/airflow/.local/lib/python3.8/site-packages/airflow/example_dags/example_sensors.py
[2025-10-15T07:41:41.513+0000] {processor.py:840} INFO - DAG(s) 'example_sensors' retrieved from /home/airflow/.local/lib/python3.8/site-packages/airflow/example_dags/example_sensors.py
[2025-10-15T07:41:41.615+0000] {logging_mixin.py:188} INFO - [2025-10-15T07:41:41.615+0000] {dag.py:3047} INFO - Sync 1 DAGs
[2025-10-15T07:41:41.624+0000] {logging_mixin.py:188} INFO - [2025-10-15T07:41:41.624+0000] {dag.py:3834} INFO - Setting next_dagrun for example_sensors to None, run_after=None
[2025-10-15T07:41:41.640+0000] {processor.py:183} INFO - Processing /home/airflow/.local/lib/python3.8/site-packages/airflow/example_dags/example_sensors.py took 0.144 seconds
[2025-10-15T07:42:12.053+0000] {processor.py:161} INFO - Started process (PID=154) to work on /home/airflow/.local/lib/python3.8/site-packages/airflow/example_dags/example_sensors.py
[2025-10-15T07:42:12.054+0000] {processor.py:830} INFO - Processing file /home/airflow/.local/lib/python3.8/site-packages/airflow/example_dags/example_sensors.py for tasks to queue
[2025-10-15T07:42:12.056+0000] {logging_mixin.py:188} INFO - [2025-10-15T07:42:12.055+0000] {dagbag.py:540} INFO - Filling up the DagBag from /home/airflow/.local/lib/python3.8/site-packages/airflow/example_dags/example_sensors.py
[2025-10-15T07:42:12.064+0000] {processor.py:840} INFO - DAG(s) 'example_sensors' retrieved from /home/airflow/.local/lib/python3.8/site-packages/airflow/example_dags/example_sensors.py
[2025-10-15T07:42:12.086+0000] {logging_mixin.py:188} INFO - [2025-10-15T07:42:12.086+0000] {dag.py:3047} INFO - Sync 1 DAGs
[2025-10-15T07:42:12.097+0000] {logging_mixin.py:188} INFO - [2025-10-15T07:42:12.097+0000] {dag.py:3834} INFO - Setting next_dagrun for example_sensors to None, run_after=None
[2025-10-15T07:42:12.116+0000] {processor.py:183} INFO - Processing /home/airflow/.local/lib/python3.8/site-packages/airflow/example_dags/example_sensors.py took 0.065 seconds
[2025-10-15T07:42:42.458+0000] {processor.py:161} INFO - Started process (PID=214) to work on /home/airflow/.local/lib/python3.8/site-packages/airflow/example_dags/example_sensors.py
[2025-10-15T07:42:42.459+0000] {processor.py:830} INFO - Processing file /home/airflow/.local/lib/python3.8/site-packages/airflow/example_dags/example_sensors.py for tasks to queue
[2025-10-15T07:42:42.460+0000] {logging_mixin.py:188} INFO - [2025-10-15T07:42:42.460+0000] {dagbag.py:540} INFO - Filling up the DagBag from /home/airflow/.local/lib/python3.8/site-packages/airflow/example_dags/example_sensors.py
[2025-10-15T07:42:42.468+0000] {processor.py:840} INFO - DAG(s) 'example_sensors' retrieved from /home/airflow/.local/lib/python3.8/site-packages/airflow/example_dags/example_sensors.py
[2025-10-15T07:42:42.490+0000] {logging_mixin.py:188} INFO - [2025-10-15T07:42:42.490+0000] {dag.py:3047} INFO - Sync 1 DAGs
[2025-10-15T07:42:42.501+0000] {logging_mixin.py:188} INFO - [2025-10-15T07:42:42.501+0000] {dag.py:3834} INFO - Setting next_dagrun for example_sensors to None, run_after=None
[2025-10-15T07:42:42.518+0000] {processor.py:183} INFO - Processing /home/airflow/.local/lib/python3.8/site-packages/airflow/example_dags/example_sensors.py took 0.063 seconds
[2025-10-15T07:43:13.702+0000] {processor.py:161} INFO - Started process (PID=274) to work on /home/airflow/.local/lib/python3.8/site-packages/airflow/example_dags/example_sensors.py
[2025-10-15T07:43:13.703+0000] {processor.py:830} INFO - Processing file /home/airflow/.local/lib/python3.8/site-packages/airflow/example_dags/example_sensors.py for tasks to queue
[2025-10-15T07:43:13.705+0000] {logging_mixin.py:188} INFO - [2025-10-15T07:43:13.705+0000] {dagbag.py:540} INFO - Filling up the DagBag from /home/airflow/.local/lib/python3.8/site-packages/airflow/example_dags/example_sensors.py
[2025-10-15T07:43:13.716+0000] {processor.py:840} INFO - DAG(s) 'example_sensors' retrieved from /home/airflow/.local/lib/python3.8/site-packages/airflow/example_dags/example_sensors.py
[2025-10-15T07:43:13.745+0000] {logging_mixin.py:188} INFO - [2025-10-15T07:43:13.745+0000] {dag.py:3047} INFO - Sync 1 DAGs
[2025-10-15T07:43:13.761+0000] {logging_mixin.py:188} INFO - [2025-10-15T07:43:13.761+0000] {dag.py:3834} INFO - Setting next_dagrun for example_sensors to None, run_after=None
[2025-10-15T07:43:13.780+0000] {processor.py:183} INFO - Processing /home/airflow/.local/lib/python3.8/site-packages/airflow/example_dags/example_sensors.py took 0.081 seconds
[2025-10-15T07:43:43.968+0000] {processor.py:161} INFO - Started process (PID=334) to work on /home/airflow/.local/lib/python3.8/site-packages/airflow/example_dags/example_sensors.py
[2025-10-15T07:43:43.969+0000] {processor.py:830} INFO - Processing file /home/airflow/.local/lib/python3.8/site-packages/airflow/example_dags/example_sensors.py for tasks to queue
[2025-10-15T07:43:43.971+0000] {logging_mixin.py:188} INFO - [2025-10-15T07:43:43.971+0000] {dagbag.py:540} INFO - Filling up the DagBag from /home/airflow/.local/lib/python3.8/site-packages/airflow/example_dags/example_sensors.py
[2025-10-15T07:43:43.986+0000] {processor.py:840} INFO - DAG(s) 'example_sensors' retrieved from /home/airflow/.local/lib/python3.8/site-packages/airflow/example_dags/example_sensors.py
[2025-10-15T07:43:44.016+0000] {logging_mixin.py:188} INFO - [2025-10-15T07:43:44.016+0000] {dag.py:3047} INFO - Sync 1 DAGs
[2025-10-15T07:43:44.027+0000] {logging_mixin.py:188} INFO - [2025-10-15T07:43:44.027+0000] {dag.py:3834} INFO - Setting next_dagrun for example_sensors to None, run_after=None
[2025-10-15T07:43:44.047+0000] {processor.py:183} INFO - Processing /home/airflow/.local/lib/python3.8/site-packages/airflow/example_dags/example_sensors.py took 0.082 seconds
[2025-10-15T07:44:14.413+0000] {processor.py:161} INFO - Started process (PID=392) to work on /home/airflow/.local/lib/python3.8/site-packages/airflow/example_dags/example_sensors.py
[2025-10-15T07:44:14.414+0000] {processor.py:830} INFO - Processing file /home/airflow/.local/lib/python3.8/site-packages/airflow/example_dags/example_sensors.py for tasks to queue
[2025-10-15T07:44:14.415+0000] {logging_mixin.py:188} INFO - [2025-10-15T07:44:14.415+0000] {dagbag.py:540} INFO - Filling up the DagBag from /home/airflow/.local/lib/python3.8/site-packages/airflow/example_dags/example_sensors.py
[2025-10-15T07:44:14.423+0000] {processor.py:840} INFO - DAG(s) 'example_sensors' retrieved from /home/airflow/.local/lib/python3.8/site-packages/airflow/example_dags/example_sensors.py
[2025-10-15T07:44:14.445+0000] {logging_mixin.py:188} INFO - [2025-10-15T07:44:14.445+0000] {dag.py:3047} INFO - Sync 1 DAGs
[2025-10-15T07:44:14.456+0000] {logging_mixin.py:188} INFO - [2025-10-15T07:44:14.456+0000] {dag.py:3834} INFO - Setting next_dagrun for example_sensors to None, run_after=None
[2025-10-15T07:44:14.474+0000] {processor.py:183} INFO - Processing /home/airflow/.local/lib/python3.8/site-packages/airflow/example_dags/example_sensors.py took 0.064 seconds
[2025-10-15T07:44:44.548+0000] {processor.py:161} INFO - Started process (PID=452) to work on /home/airflow/.local/lib/python3.8/site-packages/airflow/example_dags/example_sensors.py
[2025-10-15T07:44:44.549+0000] {processor.py:830} INFO - Processing file /home/airflow/.local/lib/python3.8/site-packages/airflow/example_dags/example_sensors.py for tasks to queue
[2025-10-15T07:44:44.550+0000] {logging_mixin.py:188} INFO - [2025-10-15T07:44:44.550+0000] {dagbag.py:540} INFO - Filling up the DagBag from /home/airflow/.local/lib/python3.8/site-packages/airflow/example_dags/example_sensors.py
[2025-10-15T07:44:44.558+0000] {processor.py:840} INFO - DAG(s) 'example_sensors' retrieved from /home/airflow/.local/lib/python3.8/site-packages/airflow/example_dags/example_sensors.py
[2025-10-15T07:44:44.579+0000] {logging_mixin.py:188} INFO - [2025-10-15T07:44:44.579+0000] {dag.py:3047} INFO - Sync 1 DAGs
[2025-10-15T07:44:44.590+0000] {logging_mixin.py:188} INFO - [2025-10-15T07:44:44.590+0000] {dag.py:3834} INFO - Setting next_dagrun for example_sensors to None, run_after=None
[2025-10-15T07:44:44.609+0000] {processor.py:183} INFO - Processing /home/airflow/.local/lib/python3.8/site-packages/airflow/example_dags/example_sensors.py took 0.064 seconds
[2025-10-15T07:45:14.902+0000] {processor.py:161} INFO - Started process (PID=513) to work on /home/airflow/.local/lib/python3.8/site-packages/airflow/example_dags/example_sensors.py
[2025-10-15T07:45:14.903+0000] {processor.py:830} INFO - Processing file /home/airflow/.local/lib/python3.8/site-packages/airflow/example_dags/example_sensors.py for tasks to queue
[2025-10-15T07:45:14.905+0000] {logging_mixin.py:188} INFO - [2025-10-15T07:45:14.905+0000] {dagbag.py:540} INFO - Filling up the DagBag from /home/airflow/.local/lib/python3.8/site-packages/airflow/example_dags/example_sensors.py
[2025-10-15T07:45:14.913+0000] {processor.py:840} INFO - DAG(s) 'example_sensors' retrieved from /home/airflow/.local/lib/python3.8/site-packages/airflow/example_dags/example_sensors.py
[2025-10-15T07:45:14.936+0000] {logging_mixin.py:188} INFO - [2025-10-15T07:45:14.936+0000] {dag.py:3047} INFO - Sync 1 DAGs
[2025-10-15T07:45:14.948+0000] {logging_mixin.py:188} INFO - [2025-10-15T07:45:14.947+0000] {dag.py:3834} INFO - Setting next_dagrun for example_sensors to None, run_after=None
[2025-10-15T07:45:14.965+0000] {processor.py:183} INFO - Processing /home/airflow/.local/lib/python3.8/site-packages/airflow/example_dags/example_sensors.py took 0.066 seconds
[2025-10-15T07:45:45.463+0000] {processor.py:161} INFO - Started process (PID=573) to work on /home/airflow/.local/lib/python3.8/site-packages/airflow/example_dags/example_sensors.py
[2025-10-15T07:45:45.464+0000] {processor.py:830} INFO - Processing file /home/airflow/.local/lib/python3.8/site-packages/airflow/example_dags/example_sensors.py for tasks to queue
[2025-10-15T07:45:45.465+0000] {logging_mixin.py:188} INFO - [2025-10-15T07:45:45.465+0000] {dagbag.py:540} INFO - Filling up the DagBag from /home/airflow/.local/lib/python3.8/site-packages/airflow/example_dags/example_sensors.py
[2025-10-15T07:45:45.473+0000] {processor.py:840} INFO - DAG(s) 'example_sensors' retrieved from /home/airflow/.local/lib/python3.8/site-packages/airflow/example_dags/example_sensors.py
[2025-10-15T07:45:45.493+0000] {logging_mixin.py:188} INFO - [2025-10-15T07:45:45.493+0000] {dag.py:3047} INFO - Sync 1 DAGs
[2025-10-15T07:45:45.504+0000] {logging_mixin.py:188} INFO - [2025-10-15T07:45:45.503+0000] {dag.py:3834} INFO - Setting next_dagrun for example_sensors to None, run_after=None
[2025-10-15T07:45:45.520+0000] {processor.py:183} INFO - Processing /home/airflow/.local/lib/python3.8/site-packages/airflow/example_dags/example_sensors.py took 0.060 seconds
[2025-10-15T07:46:16.211+0000] {processor.py:161} INFO - Started process (PID=633) to work on /home/airflow/.local/lib/python3.8/site-packages/airflow/example_dags/example_sensors.py
[2025-10-15T07:46:16.212+0000] {processor.py:830} INFO - Processing file /home/airflow/.local/lib/python3.8/site-packages/airflow/example_dags/example_sensors.py for tasks to queue
[2025-10-15T07:46:16.213+0000] {logging_mixin.py:188} INFO - [2025-10-15T07:46:16.213+0000] {dagbag.py:540} INFO - Filling up the DagBag from /home/airflow/.local/lib/python3.8/site-packages/airflow/example_dags/example_sensors.py
[2025-10-15T07:46:16.221+0000] {processor.py:840} INFO - DAG(s) 'example_sensors' retrieved from /home/airflow/.local/lib/python3.8/site-packages/airflow/example_dags/example_sensors.py
[2025-10-15T07:46:16.241+0000] {logging_mixin.py:188} INFO - [2025-10-15T07:46:16.241+0000] {dag.py:3047} INFO - Sync 1 DAGs
[2025-10-15T07:46:16.252+0000] {logging_mixin.py:188} INFO - [2025-10-15T07:46:16.251+0000] {dag.py:3834} INFO - Setting next_dagrun for example_sensors to None, run_after=None
[2025-10-15T07:46:16.268+0000] {processor.py:183} INFO - Processing /home/airflow/.local/lib/python3.8/site-packages/airflow/example_dags/example_sensors.py took 0.059 seconds
[2025-10-15T07:46:46.969+0000] {processor.py:161} INFO - Started process (PID=693) to work on /home/airflow/.local/lib/python3.8/site-packages/airflow/example_dags/example_sensors.py
[2025-10-15T07:46:46.970+0000] {processor.py:830} INFO - Processing file /home/airflow/.local/lib/python3.8/site-packages/airflow/example_dags/example_sensors.py for tasks to queue
[2025-10-15T07:46:46.971+0000] {logging_mixin.py:188} INFO - [2025-10-15T07:46:46.971+0000] {dagbag.py:540} INFO - Filling up the DagBag from /home/airflow/.local/lib/python3.8/site-packages/airflow/example_dags/example_sensors.py
[2025-10-15T07:46:46.980+0000] {processor.py:840} INFO - DAG(s) 'example_sensors' retrieved from /home/airflow/.local/lib/python3.8/site-packages/airflow/example_dags/example_sensors.py
[2025-10-15T07:46:47.001+0000] {logging_mixin.py:188} INFO - [2025-10-15T07:46:47.000+0000] {dag.py:3047} INFO - Sync 1 DAGs
[2025-10-15T07:46:47.011+0000] {logging_mixin.py:188} INFO - [2025-10-15T07:46:47.011+0000] {dag.py:3834} INFO - Setting next_dagrun for example_sensors to None, run_after=None
[2025-10-15T07:46:47.027+0000] {processor.py:183} INFO - Processing /home/airflow/.local/lib/python3.8/site-packages/airflow/example_dags/example_sensors.py took 0.061 seconds
[2025-10-15T07:47:17.787+0000] {processor.py:161} INFO - Started process (PID=753) to work on /home/airflow/.local/lib/python3.8/site-packages/airflow/example_dags/example_sensors.py
[2025-10-15T07:47:17.789+0000] {processor.py:830} INFO - Processing file /home/airflow/.local/lib/python3.8/site-packages/airflow/example_dags/example_sensors.py for tasks to queue
[2025-10-15T07:47:17.791+0000] {logging_mixin.py:188} INFO - [2025-10-15T07:47:17.790+0000] {dagbag.py:540} INFO - Filling up the DagBag from /home/airflow/.local/lib/python3.8/site-packages/airflow/example_dags/example_sensors.py
[2025-10-15T07:47:17.800+0000] {processor.py:840} INFO - DAG(s) 'example_sensors' retrieved from /home/airflow/.local/lib/python3.8/site-packages/airflow/example_dags/example_sensors.py
[2025-10-15T07:47:17.822+0000] {logging_mixin.py:188} INFO - [2025-10-15T07:47:17.822+0000] {dag.py:3047} INFO - Sync 1 DAGs
[2025-10-15T07:47:17.834+0000] {logging_mixin.py:188} INFO - [2025-10-15T07:47:17.834+0000] {dag.py:3834} INFO - Setting next_dagrun for example_sensors to None, run_after=None
[2025-10-15T07:47:17.852+0000] {processor.py:183} INFO - Processing /home/airflow/.local/lib/python3.8/site-packages/airflow/example_dags/example_sensors.py took 0.068 seconds
[2025-10-15T07:47:48.016+0000] {processor.py:161} INFO - Started process (PID=813) to work on /home/airflow/.local/lib/python3.8/site-packages/airflow/example_dags/example_sensors.py
[2025-10-15T07:47:48.017+0000] {processor.py:830} INFO - Processing file /home/airflow/.local/lib/python3.8/site-packages/airflow/example_dags/example_sensors.py for tasks to queue
[2025-10-15T07:47:48.018+0000] {logging_mixin.py:188} INFO - [2025-10-15T07:47:48.018+0000] {dagbag.py:540} INFO - Filling up the DagBag from /home/airflow/.local/lib/python3.8/site-packages/airflow/example_dags/example_sensors.py
[2025-10-15T07:47:48.026+0000] {processor.py:840} INFO - DAG(s) 'example_sensors' retrieved from /home/airflow/.local/lib/python3.8/site-packages/airflow/example_dags/example_sensors.py
[2025-10-15T07:47:48.046+0000] {logging_mixin.py:188} INFO - [2025-10-15T07:47:48.045+0000] {dag.py:3047} INFO - Sync 1 DAGs
[2025-10-15T07:47:48.056+0000] {logging_mixin.py:188} INFO - [2025-10-15T07:47:48.056+0000] {dag.py:3834} INFO - Setting next_dagrun for example_sensors to None, run_after=None
[2025-10-15T07:47:48.073+0000] {processor.py:183} INFO - Processing /home/airflow/.local/lib/python3.8/site-packages/airflow/example_dags/example_sensors.py took 0.059 seconds
[2025-10-15T07:48:18.356+0000] {processor.py:161} INFO - Started process (PID=873) to work on /home/airflow/.local/lib/python3.8/site-packages/airflow/example_dags/example_sensors.py
[2025-10-15T07:48:18.357+0000] {processor.py:830} INFO - Processing file /home/airflow/.local/lib/python3.8/site-packages/airflow/example_dags/example_sensors.py for tasks to queue
[2025-10-15T07:48:18.358+0000] {logging_mixin.py:188} INFO - [2025-10-15T07:48:18.358+0000] {dagbag.py:540} INFO - Filling up the DagBag from /home/airflow/.local/lib/python3.8/site-packages/airflow/example_dags/example_sensors.py
[2025-10-15T07:48:18.366+0000] {processor.py:840} INFO - DAG(s) 'example_sensors' retrieved from /home/airflow/.local/lib/python3.8/site-packages/airflow/example_dags/example_sensors.py
[2025-10-15T07:48:18.388+0000] {logging_mixin.py:188} INFO - [2025-10-15T07:48:18.388+0000] {dag.py:3047} INFO - Sync 1 DAGs
[2025-10-15T07:48:18.398+0000] {logging_mixin.py:188} INFO - [2025-10-15T07:48:18.398+0000] {dag.py:3834} INFO - Setting next_dagrun for example_sensors to None, run_after=None
[2025-10-15T07:48:18.414+0000] {processor.py:183} INFO - Processing /home/airflow/.local/lib/python3.8/site-packages/airflow/example_dags/example_sensors.py took 0.061 seconds
[2025-10-15T07:48:48.682+0000] {processor.py:161} INFO - Started process (PID=934) to work on /home/airflow/.local/lib/python3.8/site-packages/airflow/example_dags/example_sensors.py
[2025-10-15T07:48:48.683+0000] {processor.py:830} INFO - Processing file /home/airflow/.local/lib/python3.8/site-packages/airflow/example_dags/example_sensors.py for tasks to queue
[2025-10-15T07:48:48.685+0000] {logging_mixin.py:188} INFO - [2025-10-15T07:48:48.685+0000] {dagbag.py:540} INFO - Filling up the DagBag from /home/airflow/.local/lib/python3.8/site-packages/airflow/example_dags/example_sensors.py
[2025-10-15T07:48:48.693+0000] {processor.py:840} INFO - DAG(s) 'example_sensors' retrieved from /home/airflow/.local/lib/python3.8/site-packages/airflow/example_dags/example_sensors.py
[2025-10-15T07:48:48.714+0000] {logging_mixin.py:188} INFO - [2025-10-15T07:48:48.714+0000] {dag.py:3047} INFO - Sync 1 DAGs
[2025-10-15T07:48:48.724+0000] {logging_mixin.py:188} INFO - [2025-10-15T07:48:48.724+0000] {dag.py:3834} INFO - Setting next_dagrun for example_sensors to None, run_after=None
[2025-10-15T07:48:48.739+0000] {processor.py:183} INFO - Processing /home/airflow/.local/lib/python3.8/site-packages/airflow/example_dags/example_sensors.py took 0.059 seconds
[2025-10-15T07:49:19.008+0000] {processor.py:161} INFO - Started process (PID=995) to work on /home/airflow/.local/lib/python3.8/site-packages/airflow/example_dags/example_sensors.py
[2025-10-15T07:49:19.009+0000] {processor.py:830} INFO - Processing file /home/airflow/.local/lib/python3.8/site-packages/airflow/example_dags/example_sensors.py for tasks to queue
[2025-10-15T07:49:19.011+0000] {logging_mixin.py:188} INFO - [2025-10-15T07:49:19.010+0000] {dagbag.py:540} INFO - Filling up the DagBag from /home/airflow/.local/lib/python3.8/site-packages/airflow/example_dags/example_sensors.py
[2025-10-15T07:49:19.019+0000] {processor.py:840} INFO - DAG(s) 'example_sensors' retrieved from /home/airflow/.local/lib/python3.8/site-packages/airflow/example_dags/example_sensors.py
[2025-10-15T07:49:19.040+0000] {logging_mixin.py:188} INFO - [2025-10-15T07:49:19.039+0000] {dag.py:3047} INFO - Sync 1 DAGs
[2025-10-15T07:49:19.051+0000] {logging_mixin.py:188} INFO - [2025-10-15T07:49:19.050+0000] {dag.py:3834} INFO - Setting next_dagrun for example_sensors to None, run_after=None
[2025-10-15T07:49:19.067+0000] {processor.py:183} INFO - Processing /home/airflow/.local/lib/python3.8/site-packages/airflow/example_dags/example_sensors.py took 0.061 seconds
[2025-10-15T07:49:49.443+0000] {processor.py:161} INFO - Started process (PID=1055) to work on /home/airflow/.local/lib/python3.8/site-packages/airflow/example_dags/example_sensors.py
[2025-10-15T07:49:49.444+0000] {processor.py:830} INFO - Processing file /home/airflow/.local/lib/python3.8/site-packages/airflow/example_dags/example_sensors.py for tasks to queue
[2025-10-15T07:49:49.446+0000] {logging_mixin.py:188} INFO - [2025-10-15T07:49:49.446+0000] {dagbag.py:540} INFO - Filling up the DagBag from /home/airflow/.local/lib/python3.8/site-packages/airflow/example_dags/example_sensors.py
[2025-10-15T07:49:49.454+0000] {processor.py:840} INFO - DAG(s) 'example_sensors' retrieved from /home/airflow/.local/lib/python3.8/site-packages/airflow/example_dags/example_sensors.py
[2025-10-15T07:49:49.476+0000] {logging_mixin.py:188} INFO - [2025-10-15T07:49:49.475+0000] {dag.py:3047} INFO - Sync 1 DAGs
[2025-10-15T07:49:49.487+0000] {logging_mixin.py:188} INFO - [2025-10-15T07:49:49.486+0000] {dag.py:3834} INFO - Setting next_dagrun for example_sensors to None, run_after=None
[2025-10-15T07:49:49.503+0000] {processor.py:183} INFO - Processing /home/airflow/.local/lib/python3.8/site-packages/airflow/example_dags/example_sensors.py took 0.063 seconds
[2025-10-15T07:50:20.198+0000] {processor.py:161} INFO - Started process (PID=1116) to work on /home/airflow/.local/lib/python3.8/site-packages/airflow/example_dags/example_sensors.py
[2025-10-15T07:50:20.199+0000] {processor.py:830} INFO - Processing file /home/airflow/.local/lib/python3.8/site-packages/airflow/example_dags/example_sensors.py for tasks to queue
[2025-10-15T07:50:20.200+0000] {logging_mixin.py:188} INFO - [2025-10-15T07:50:20.200+0000] {dagbag.py:540} INFO - Filling up the DagBag from /home/airflow/.local/lib/python3.8/site-packages/airflow/example_dags/example_sensors.py
[2025-10-15T07:50:20.208+0000] {processor.py:840} INFO - DAG(s) 'example_sensors' retrieved from /home/airflow/.local/lib/python3.8/site-packages/airflow/example_dags/example_sensors.py
[2025-10-15T07:50:20.228+0000] {logging_mixin.py:188} INFO - [2025-10-15T07:50:20.228+0000] {dag.py:3047} INFO - Sync 1 DAGs
[2025-10-15T07:50:20.239+0000] {logging_mixin.py:188} INFO - [2025-10-15T07:50:20.238+0000] {dag.py:3834} INFO - Setting next_dagrun for example_sensors to None, run_after=None
[2025-10-15T07:50:20.254+0000] {processor.py:183} INFO - Processing /home/airflow/.local/lib/python3.8/site-packages/airflow/example_dags/example_sensors.py took 0.059 seconds
[2025-10-15T07:50:51.088+0000] {processor.py:161} INFO - Started process (PID=1179) to work on /home/airflow/.local/lib/python3.8/site-packages/airflow/example_dags/example_sensors.py
[2025-10-15T07:50:51.089+0000] {processor.py:830} INFO - Processing file /home/airflow/.local/lib/python3.8/site-packages/airflow/example_dags/example_sensors.py for tasks to queue
[2025-10-15T07:50:51.091+0000] {logging_mixin.py:188} INFO - [2025-10-15T07:50:51.090+0000] {dagbag.py:540} INFO - Filling up the DagBag from /home/airflow/.local/lib/python3.8/site-packages/airflow/example_dags/example_sensors.py
[2025-10-15T07:50:51.100+0000] {processor.py:840} INFO - DAG(s) 'example_sensors' retrieved from /home/airflow/.local/lib/python3.8/site-packages/airflow/example_dags/example_sensors.py
[2025-10-15T07:50:51.121+0000] {logging_mixin.py:188} INFO - [2025-10-15T07:50:51.121+0000] {dag.py:3047} INFO - Sync 1 DAGs
[2025-10-15T07:50:51.132+0000] {logging_mixin.py:188} INFO - [2025-10-15T07:50:51.132+0000] {dag.py:3834} INFO - Setting next_dagrun for example_sensors to None, run_after=None
[2025-10-15T07:50:51.171+0000] {processor.py:183} INFO - Processing /home/airflow/.local/lib/python3.8/site-packages/airflow/example_dags/example_sensors.py took 0.086 seconds
[2025-10-15T07:51:21.199+0000] {processor.py:161} INFO - Started process (PID=1241) to work on /home/airflow/.local/lib/python3.8/site-packages/airflow/example_dags/example_sensors.py
[2025-10-15T07:51:21.200+0000] {processor.py:830} INFO - Processing file /home/airflow/.local/lib/python3.8/site-packages/airflow/example_dags/example_sensors.py for tasks to queue
[2025-10-15T07:51:21.202+0000] {logging_mixin.py:188} INFO - [2025-10-15T07:51:21.201+0000] {dagbag.py:540} INFO - Filling up the DagBag from /home/airflow/.local/lib/python3.8/site-packages/airflow/example_dags/example_sensors.py
[2025-10-15T07:51:21.209+0000] {processor.py:840} INFO - DAG(s) 'example_sensors' retrieved from /home/airflow/.local/lib/python3.8/site-packages/airflow/example_dags/example_sensors.py
[2025-10-15T07:51:21.230+0000] {logging_mixin.py:188} INFO - [2025-10-15T07:51:21.229+0000] {dag.py:3047} INFO - Sync 1 DAGs
[2025-10-15T07:51:21.240+0000] {logging_mixin.py:188} INFO - [2025-10-15T07:51:21.240+0000] {dag.py:3834} INFO - Setting next_dagrun for example_sensors to None, run_after=None
[2025-10-15T07:51:21.256+0000] {processor.py:183} INFO - Processing /home/airflow/.local/lib/python3.8/site-packages/airflow/example_dags/example_sensors.py took 0.059 seconds
[2025-10-15T07:51:51.375+0000] {processor.py:161} INFO - Started process (PID=1301) to work on /home/airflow/.local/lib/python3.8/site-packages/airflow/example_dags/example_sensors.py
[2025-10-15T07:51:51.376+0000] {processor.py:830} INFO - Processing file /home/airflow/.local/lib/python3.8/site-packages/airflow/example_dags/example_sensors.py for tasks to queue
[2025-10-15T07:51:51.378+0000] {logging_mixin.py:188} INFO - [2025-10-15T07:51:51.378+0000] {dagbag.py:540} INFO - Filling up the DagBag from /home/airflow/.local/lib/python3.8/site-packages/airflow/example_dags/example_sensors.py
[2025-10-15T07:51:51.385+0000] {processor.py:840} INFO - DAG(s) 'example_sensors' retrieved from /home/airflow/.local/lib/python3.8/site-packages/airflow/example_dags/example_sensors.py
[2025-10-15T07:51:51.407+0000] {logging_mixin.py:188} INFO - [2025-10-15T07:51:51.407+0000] {dag.py:3047} INFO - Sync 1 DAGs
[2025-10-15T07:51:51.418+0000] {logging_mixin.py:188} INFO - [2025-10-15T07:51:51.418+0000] {dag.py:3834} INFO - Setting next_dagrun for example_sensors to None, run_after=None
[2025-10-15T07:51:51.434+0000] {processor.py:183} INFO - Processing /home/airflow/.local/lib/python3.8/site-packages/airflow/example_dags/example_sensors.py took 0.061 seconds
[2025-10-15T07:52:21.786+0000] {processor.py:161} INFO - Started process (PID=1363) to work on /home/airflow/.local/lib/python3.8/site-packages/airflow/example_dags/example_sensors.py
[2025-10-15T07:52:21.787+0000] {processor.py:830} INFO - Processing file /home/airflow/.local/lib/python3.8/site-packages/airflow/example_dags/example_sensors.py for tasks to queue
[2025-10-15T07:52:21.789+0000] {logging_mixin.py:188} INFO - [2025-10-15T07:52:21.789+0000] {dagbag.py:540} INFO - Filling up the DagBag from /home/airflow/.local/lib/python3.8/site-packages/airflow/example_dags/example_sensors.py
[2025-10-15T07:52:21.797+0000] {processor.py:840} INFO - DAG(s) 'example_sensors' retrieved from /home/airflow/.local/lib/python3.8/site-packages/airflow/example_dags/example_sensors.py
[2025-10-15T07:52:21.818+0000] {logging_mixin.py:188} INFO - [2025-10-15T07:52:21.817+0000] {dag.py:3047} INFO - Sync 1 DAGs
[2025-10-15T07:52:21.829+0000] {logging_mixin.py:188} INFO - [2025-10-15T07:52:21.828+0000] {dag.py:3834} INFO - Setting next_dagrun for example_sensors to None, run_after=None
[2025-10-15T07:52:21.845+0000] {processor.py:183} INFO - Processing /home/airflow/.local/lib/python3.8/site-packages/airflow/example_dags/example_sensors.py took 0.062 seconds
[2025-10-15T07:52:51.970+0000] {processor.py:161} INFO - Started process (PID=1423) to work on /home/airflow/.local/lib/python3.8/site-packages/airflow/example_dags/example_sensors.py
[2025-10-15T07:52:51.970+0000] {processor.py:830} INFO - Processing file /home/airflow/.local/lib/python3.8/site-packages/airflow/example_dags/example_sensors.py for tasks to queue
[2025-10-15T07:52:51.972+0000] {logging_mixin.py:188} INFO - [2025-10-15T07:52:51.972+0000] {dagbag.py:540} INFO - Filling up the DagBag from /home/airflow/.local/lib/python3.8/site-packages/airflow/example_dags/example_sensors.py
[2025-10-15T07:52:51.980+0000] {processor.py:840} INFO - DAG(s) 'example_sensors' retrieved from /home/airflow/.local/lib/python3.8/site-packages/airflow/example_dags/example_sensors.py
[2025-10-15T07:52:52.001+0000] {logging_mixin.py:188} INFO - [2025-10-15T07:52:52.001+0000] {dag.py:3047} INFO - Sync 1 DAGs
[2025-10-15T07:52:52.012+0000] {logging_mixin.py:188} INFO - [2025-10-15T07:52:52.012+0000] {dag.py:3834} INFO - Setting next_dagrun for example_sensors to None, run_after=None
[2025-10-15T07:52:52.029+0000] {processor.py:183} INFO - Processing /home/airflow/.local/lib/python3.8/site-packages/airflow/example_dags/example_sensors.py took 0.062 seconds
[2025-10-15T07:53:22.144+0000] {processor.py:161} INFO - Started process (PID=1485) to work on /home/airflow/.local/lib/python3.8/site-packages/airflow/example_dags/example_sensors.py
[2025-10-15T07:53:22.145+0000] {processor.py:830} INFO - Processing file /home/airflow/.local/lib/python3.8/site-packages/airflow/example_dags/example_sensors.py for tasks to queue
[2025-10-15T07:53:22.147+0000] {logging_mixin.py:188} INFO - [2025-10-15T07:53:22.147+0000] {dagbag.py:540} INFO - Filling up the DagBag from /home/airflow/.local/lib/python3.8/site-packages/airflow/example_dags/example_sensors.py
[2025-10-15T07:53:22.154+0000] {processor.py:840} INFO - DAG(s) 'example_sensors' retrieved from /home/airflow/.local/lib/python3.8/site-packages/airflow/example_dags/example_sensors.py
[2025-10-15T07:53:22.175+0000] {logging_mixin.py:188} INFO - [2025-10-15T07:53:22.174+0000] {dag.py:3047} INFO - Sync 1 DAGs
[2025-10-15T07:53:22.185+0000] {logging_mixin.py:188} INFO - [2025-10-15T07:53:22.185+0000] {dag.py:3834} INFO - Setting next_dagrun for example_sensors to None, run_after=None
[2025-10-15T07:53:22.202+0000] {processor.py:183} INFO - Processing /home/airflow/.local/lib/python3.8/site-packages/airflow/example_dags/example_sensors.py took 0.060 seconds
[2025-10-15T07:53:52.577+0000] {processor.py:161} INFO - Started process (PID=1546) to work on /home/airflow/.local/lib/python3.8/site-packages/airflow/example_dags/example_sensors.py
[2025-10-15T07:53:52.578+0000] {processor.py:830} INFO - Processing file /home/airflow/.local/lib/python3.8/site-packages/airflow/example_dags/example_sensors.py for tasks to queue
[2025-10-15T07:53:52.580+0000] {logging_mixin.py:188} INFO - [2025-10-15T07:53:52.580+0000] {dagbag.py:540} INFO - Filling up the DagBag from /home/airflow/.local/lib/python3.8/site-packages/airflow/example_dags/example_sensors.py
[2025-10-15T07:53:52.594+0000] {processor.py:840} INFO - DAG(s) 'example_sensors' retrieved from /home/airflow/.local/lib/python3.8/site-packages/airflow/example_dags/example_sensors.py
[2025-10-15T07:53:52.618+0000] {logging_mixin.py:188} INFO - [2025-10-15T07:53:52.618+0000] {dag.py:3047} INFO - Sync 1 DAGs
[2025-10-15T07:53:52.633+0000] {logging_mixin.py:188} INFO - [2025-10-15T07:53:52.633+0000] {dag.py:3834} INFO - Setting next_dagrun for example_sensors to None, run_after=None
[2025-10-15T07:53:52.648+0000] {processor.py:183} INFO - Processing /home/airflow/.local/lib/python3.8/site-packages/airflow/example_dags/example_sensors.py took 0.074 seconds
[2025-10-15T07:54:22.878+0000] {processor.py:161} INFO - Started process (PID=1607) to work on /home/airflow/.local/lib/python3.8/site-packages/airflow/example_dags/example_sensors.py
[2025-10-15T07:54:22.879+0000] {processor.py:830} INFO - Processing file /home/airflow/.local/lib/python3.8/site-packages/airflow/example_dags/example_sensors.py for tasks to queue
[2025-10-15T07:54:22.880+0000] {logging_mixin.py:188} INFO - [2025-10-15T07:54:22.880+0000] {dagbag.py:540} INFO - Filling up the DagBag from /home/airflow/.local/lib/python3.8/site-packages/airflow/example_dags/example_sensors.py
[2025-10-15T07:54:22.888+0000] {processor.py:840} INFO - DAG(s) 'example_sensors' retrieved from /home/airflow/.local/lib/python3.8/site-packages/airflow/example_dags/example_sensors.py
[2025-10-15T07:54:22.909+0000] {logging_mixin.py:188} INFO - [2025-10-15T07:54:22.909+0000] {dag.py:3047} INFO - Sync 1 DAGs
[2025-10-15T07:54:22.921+0000] {logging_mixin.py:188} INFO - [2025-10-15T07:54:22.920+0000] {dag.py:3834} INFO - Setting next_dagrun for example_sensors to None, run_after=None
[2025-10-15T07:54:22.946+0000] {processor.py:183} INFO - Processing /home/airflow/.local/lib/python3.8/site-packages/airflow/example_dags/example_sensors.py took 0.071 seconds
[2025-10-15T07:54:53.413+0000] {processor.py:161} INFO - Started process (PID=1667) to work on /home/airflow/.local/lib/python3.8/site-packages/airflow/example_dags/example_sensors.py
[2025-10-15T07:54:53.415+0000] {processor.py:830} INFO - Processing file /home/airflow/.local/lib/python3.8/site-packages/airflow/example_dags/example_sensors.py for tasks to queue
[2025-10-15T07:54:53.421+0000] {logging_mixin.py:188} INFO - [2025-10-15T07:54:53.420+0000] {dagbag.py:540} INFO - Filling up the DagBag from /home/airflow/.local/lib/python3.8/site-packages/airflow/example_dags/example_sensors.py
[2025-10-15T07:54:53.434+0000] {processor.py:840} INFO - DAG(s) 'example_sensors' retrieved from /home/airflow/.local/lib/python3.8/site-packages/airflow/example_dags/example_sensors.py
[2025-10-15T07:54:53.468+0000] {logging_mixin.py:188} INFO - [2025-10-15T07:54:53.468+0000] {dag.py:3047} INFO - Sync 1 DAGs
[2025-10-15T07:54:53.486+0000] {logging_mixin.py:188} INFO - [2025-10-15T07:54:53.485+0000] {dag.py:3834} INFO - Setting next_dagrun for example_sensors to None, run_after=None
[2025-10-15T07:54:53.519+0000] {processor.py:183} INFO - Processing /home/airflow/.local/lib/python3.8/site-packages/airflow/example_dags/example_sensors.py took 0.109 seconds
[2025-10-15T07:55:23.569+0000] {processor.py:161} INFO - Started process (PID=1729) to work on /home/airflow/.local/lib/python3.8/site-packages/airflow/example_dags/example_sensors.py
[2025-10-15T07:55:23.570+0000] {processor.py:830} INFO - Processing file /home/airflow/.local/lib/python3.8/site-packages/airflow/example_dags/example_sensors.py for tasks to queue
[2025-10-15T07:55:23.571+0000] {logging_mixin.py:188} INFO - [2025-10-15T07:55:23.571+0000] {dagbag.py:540} INFO - Filling up the DagBag from /home/airflow/.local/lib/python3.8/site-packages/airflow/example_dags/example_sensors.py
[2025-10-15T07:55:23.579+0000] {processor.py:840} INFO - DAG(s) 'example_sensors' retrieved from /home/airflow/.local/lib/python3.8/site-packages/airflow/example_dags/example_sensors.py
[2025-10-15T07:55:23.600+0000] {logging_mixin.py:188} INFO - [2025-10-15T07:55:23.600+0000] {dag.py:3047} INFO - Sync 1 DAGs
[2025-10-15T07:55:23.610+0000] {logging_mixin.py:188} INFO - [2025-10-15T07:55:23.610+0000] {dag.py:3834} INFO - Setting next_dagrun for example_sensors to None, run_after=None
[2025-10-15T07:55:23.626+0000] {processor.py:183} INFO - Processing /home/airflow/.local/lib/python3.8/site-packages/airflow/example_dags/example_sensors.py took 0.060 seconds
[2025-10-15T07:55:54.056+0000] {processor.py:161} INFO - Started process (PID=1790) to work on /home/airflow/.local/lib/python3.8/site-packages/airflow/example_dags/example_sensors.py
[2025-10-15T07:55:54.057+0000] {processor.py:830} INFO - Processing file /home/airflow/.local/lib/python3.8/site-packages/airflow/example_dags/example_sensors.py for tasks to queue
[2025-10-15T07:55:54.059+0000] {logging_mixin.py:188} INFO - [2025-10-15T07:55:54.059+0000] {dagbag.py:540} INFO - Filling up the DagBag from /home/airflow/.local/lib/python3.8/site-packages/airflow/example_dags/example_sensors.py
[2025-10-15T07:55:54.071+0000] {processor.py:840} INFO - DAG(s) 'example_sensors' retrieved from /home/airflow/.local/lib/python3.8/site-packages/airflow/example_dags/example_sensors.py
[2025-10-15T07:55:54.093+0000] {logging_mixin.py:188} INFO - [2025-10-15T07:55:54.093+0000] {dag.py:3047} INFO - Sync 1 DAGs
[2025-10-15T07:55:54.107+0000] {logging_mixin.py:188} INFO - [2025-10-15T07:55:54.107+0000] {dag.py:3834} INFO - Setting next_dagrun for example_sensors to None, run_after=None
[2025-10-15T07:55:54.127+0000] {processor.py:183} INFO - Processing /home/airflow/.local/lib/python3.8/site-packages/airflow/example_dags/example_sensors.py took 0.074 seconds
[2025-10-15T07:56:24.274+0000] {processor.py:161} INFO - Started process (PID=1850) to work on /home/airflow/.local/lib/python3.8/site-packages/airflow/example_dags/example_sensors.py
[2025-10-15T07:56:24.275+0000] {processor.py:830} INFO - Processing file /home/airflow/.local/lib/python3.8/site-packages/airflow/example_dags/example_sensors.py for tasks to queue
[2025-10-15T07:56:24.277+0000] {logging_mixin.py:188} INFO - [2025-10-15T07:56:24.276+0000] {dagbag.py:540} INFO - Filling up the DagBag from /home/airflow/.local/lib/python3.8/site-packages/airflow/example_dags/example_sensors.py
[2025-10-15T07:56:24.284+0000] {processor.py:840} INFO - DAG(s) 'example_sensors' retrieved from /home/airflow/.local/lib/python3.8/site-packages/airflow/example_dags/example_sensors.py
[2025-10-15T07:56:24.307+0000] {logging_mixin.py:188} INFO - [2025-10-15T07:56:24.306+0000] {dag.py:3047} INFO - Sync 1 DAGs
[2025-10-15T07:56:24.317+0000] {logging_mixin.py:188} INFO - [2025-10-15T07:56:24.317+0000] {dag.py:3834} INFO - Setting next_dagrun for example_sensors to None, run_after=None
[2025-10-15T07:56:24.335+0000] {processor.py:183} INFO - Processing /home/airflow/.local/lib/python3.8/site-packages/airflow/example_dags/example_sensors.py took 0.063 seconds
[2025-10-15T07:56:54.635+0000] {processor.py:161} INFO - Started process (PID=1910) to work on /home/airflow/.local/lib/python3.8/site-packages/airflow/example_dags/example_sensors.py
[2025-10-15T07:56:54.636+0000] {processor.py:830} INFO - Processing file /home/airflow/.local/lib/python3.8/site-packages/airflow/example_dags/example_sensors.py for tasks to queue
[2025-10-15T07:56:54.637+0000] {logging_mixin.py:188} INFO - [2025-10-15T07:56:54.637+0000] {dagbag.py:540} INFO - Filling up the DagBag from /home/airflow/.local/lib/python3.8/site-packages/airflow/example_dags/example_sensors.py
[2025-10-15T07:56:54.645+0000] {processor.py:840} INFO - DAG(s) 'example_sensors' retrieved from /home/airflow/.local/lib/python3.8/site-packages/airflow/example_dags/example_sensors.py
[2025-10-15T07:56:54.666+0000] {logging_mixin.py:188} INFO - [2025-10-15T07:56:54.665+0000] {dag.py:3047} INFO - Sync 1 DAGs
[2025-10-15T07:56:54.676+0000] {logging_mixin.py:188} INFO - [2025-10-15T07:56:54.676+0000] {dag.py:3834} INFO - Setting next_dagrun for example_sensors to None, run_after=None
[2025-10-15T07:56:54.692+0000] {processor.py:183} INFO - Processing /home/airflow/.local/lib/python3.8/site-packages/airflow/example_dags/example_sensors.py took 0.061 seconds
[2025-10-15T07:57:24.806+0000] {processor.py:161} INFO - Started process (PID=1971) to work on /home/airflow/.local/lib/python3.8/site-packages/airflow/example_dags/example_sensors.py
[2025-10-15T07:57:24.807+0000] {processor.py:830} INFO - Processing file /home/airflow/.local/lib/python3.8/site-packages/airflow/example_dags/example_sensors.py for tasks to queue
[2025-10-15T07:57:24.808+0000] {logging_mixin.py:188} INFO - [2025-10-15T07:57:24.808+0000] {dagbag.py:540} INFO - Filling up the DagBag from /home/airflow/.local/lib/python3.8/site-packages/airflow/example_dags/example_sensors.py
[2025-10-15T07:57:24.816+0000] {processor.py:840} INFO - DAG(s) 'example_sensors' retrieved from /home/airflow/.local/lib/python3.8/site-packages/airflow/example_dags/example_sensors.py
[2025-10-15T07:57:24.836+0000] {logging_mixin.py:188} INFO - [2025-10-15T07:57:24.836+0000] {dag.py:3047} INFO - Sync 1 DAGs
[2025-10-15T07:57:24.847+0000] {logging_mixin.py:188} INFO - [2025-10-15T07:57:24.847+0000] {dag.py:3834} INFO - Setting next_dagrun for example_sensors to None, run_after=None
[2025-10-15T07:57:24.862+0000] {processor.py:183} INFO - Processing /home/airflow/.local/lib/python3.8/site-packages/airflow/example_dags/example_sensors.py took 0.058 seconds
[2025-10-15T07:57:55.153+0000] {processor.py:161} INFO - Started process (PID=2032) to work on /home/airflow/.local/lib/python3.8/site-packages/airflow/example_dags/example_sensors.py
[2025-10-15T07:57:55.154+0000] {processor.py:830} INFO - Processing file /home/airflow/.local/lib/python3.8/site-packages/airflow/example_dags/example_sensors.py for tasks to queue
[2025-10-15T07:57:55.155+0000] {logging_mixin.py:188} INFO - [2025-10-15T07:57:55.155+0000] {dagbag.py:540} INFO - Filling up the DagBag from /home/airflow/.local/lib/python3.8/site-packages/airflow/example_dags/example_sensors.py
[2025-10-15T07:57:55.163+0000] {processor.py:840} INFO - DAG(s) 'example_sensors' retrieved from /home/airflow/.local/lib/python3.8/site-packages/airflow/example_dags/example_sensors.py
[2025-10-15T07:57:55.184+0000] {logging_mixin.py:188} INFO - [2025-10-15T07:57:55.183+0000] {dag.py:3047} INFO - Sync 1 DAGs
[2025-10-15T07:57:55.194+0000] {logging_mixin.py:188} INFO - [2025-10-15T07:57:55.194+0000] {dag.py:3834} INFO - Setting next_dagrun for example_sensors to None, run_after=None
[2025-10-15T07:57:55.209+0000] {processor.py:183} INFO - Processing /home/airflow/.local/lib/python3.8/site-packages/airflow/example_dags/example_sensors.py took 0.059 seconds
[2025-10-15T07:58:25.810+0000] {processor.py:161} INFO - Started process (PID=2091) to work on /home/airflow/.local/lib/python3.8/site-packages/airflow/example_dags/example_sensors.py
[2025-10-15T07:58:25.811+0000] {processor.py:830} INFO - Processing file /home/airflow/.local/lib/python3.8/site-packages/airflow/example_dags/example_sensors.py for tasks to queue
[2025-10-15T07:58:25.813+0000] {logging_mixin.py:188} INFO - [2025-10-15T07:58:25.813+0000] {dagbag.py:540} INFO - Filling up the DagBag from /home/airflow/.local/lib/python3.8/site-packages/airflow/example_dags/example_sensors.py
[2025-10-15T07:58:25.821+0000] {processor.py:840} INFO - DAG(s) 'example_sensors' retrieved from /home/airflow/.local/lib/python3.8/site-packages/airflow/example_dags/example_sensors.py
[2025-10-15T07:58:25.841+0000] {logging_mixin.py:188} INFO - [2025-10-15T07:58:25.841+0000] {dag.py:3047} INFO - Sync 1 DAGs
[2025-10-15T07:58:25.853+0000] {logging_mixin.py:188} INFO - [2025-10-15T07:58:25.852+0000] {dag.py:3834} INFO - Setting next_dagrun for example_sensors to None, run_after=None
[2025-10-15T07:58:25.868+0000] {processor.py:183} INFO - Processing /home/airflow/.local/lib/python3.8/site-packages/airflow/example_dags/example_sensors.py took 0.061 seconds
[2025-10-15T07:58:56.439+0000] {processor.py:161} INFO - Started process (PID=2152) to work on /home/airflow/.local/lib/python3.8/site-packages/airflow/example_dags/example_sensors.py
[2025-10-15T07:58:56.440+0000] {processor.py:830} INFO - Processing file /home/airflow/.local/lib/python3.8/site-packages/airflow/example_dags/example_sensors.py for tasks to queue
[2025-10-15T07:58:56.441+0000] {logging_mixin.py:188} INFO - [2025-10-15T07:58:56.441+0000] {dagbag.py:540} INFO - Filling up the DagBag from /home/airflow/.local/lib/python3.8/site-packages/airflow/example_dags/example_sensors.py
[2025-10-15T07:58:56.449+0000] {processor.py:840} INFO - DAG(s) 'example_sensors' retrieved from /home/airflow/.local/lib/python3.8/site-packages/airflow/example_dags/example_sensors.py
[2025-10-15T07:58:56.470+0000] {logging_mixin.py:188} INFO - [2025-10-15T07:58:56.470+0000] {dag.py:3047} INFO - Sync 1 DAGs
[2025-10-15T07:58:56.481+0000] {logging_mixin.py:188} INFO - [2025-10-15T07:58:56.480+0000] {dag.py:3834} INFO - Setting next_dagrun for example_sensors to None, run_after=None
[2025-10-15T07:58:56.497+0000] {processor.py:183} INFO - Processing /home/airflow/.local/lib/python3.8/site-packages/airflow/example_dags/example_sensors.py took 0.061 seconds
[2025-10-15T07:59:26.590+0000] {processor.py:161} INFO - Started process (PID=2212) to work on /home/airflow/.local/lib/python3.8/site-packages/airflow/example_dags/example_sensors.py
[2025-10-15T07:59:26.591+0000] {processor.py:830} INFO - Processing file /home/airflow/.local/lib/python3.8/site-packages/airflow/example_dags/example_sensors.py for tasks to queue
[2025-10-15T07:59:26.593+0000] {logging_mixin.py:188} INFO - [2025-10-15T07:59:26.593+0000] {dagbag.py:540} INFO - Filling up the DagBag from /home/airflow/.local/lib/python3.8/site-packages/airflow/example_dags/example_sensors.py
[2025-10-15T07:59:26.601+0000] {processor.py:840} INFO - DAG(s) 'example_sensors' retrieved from /home/airflow/.local/lib/python3.8/site-packages/airflow/example_dags/example_sensors.py
[2025-10-15T07:59:26.622+0000] {logging_mixin.py:188} INFO - [2025-10-15T07:59:26.621+0000] {dag.py:3047} INFO - Sync 1 DAGs
[2025-10-15T07:59:26.632+0000] {logging_mixin.py:188} INFO - [2025-10-15T07:59:26.632+0000] {dag.py:3834} INFO - Setting next_dagrun for example_sensors to None, run_after=None
[2025-10-15T07:59:26.648+0000] {processor.py:183} INFO - Processing /home/airflow/.local/lib/python3.8/site-packages/airflow/example_dags/example_sensors.py took 0.060 seconds
[2025-10-15T07:59:56.708+0000] {processor.py:161} INFO - Started process (PID=2271) to work on /home/airflow/.local/lib/python3.8/site-packages/airflow/example_dags/example_sensors.py
[2025-10-15T07:59:56.709+0000] {processor.py:830} INFO - Processing file /home/airflow/.local/lib/python3.8/site-packages/airflow/example_dags/example_sensors.py for tasks to queue
[2025-10-15T07:59:56.710+0000] {logging_mixin.py:188} INFO - [2025-10-15T07:59:56.709+0000] {dagbag.py:540} INFO - Filling up the DagBag from /home/airflow/.local/lib/python3.8/site-packages/airflow/example_dags/example_sensors.py
[2025-10-15T07:59:56.720+0000] {processor.py:840} INFO - DAG(s) 'example_sensors' retrieved from /home/airflow/.local/lib/python3.8/site-packages/airflow/example_dags/example_sensors.py
[2025-10-15T07:59:56.740+0000] {logging_mixin.py:188} INFO - [2025-10-15T07:59:56.740+0000] {dag.py:3047} INFO - Sync 1 DAGs
[2025-10-15T07:59:56.751+0000] {logging_mixin.py:188} INFO - [2025-10-15T07:59:56.751+0000] {dag.py:3834} INFO - Setting next_dagrun for example_sensors to None, run_after=None
[2025-10-15T07:59:56.765+0000] {processor.py:183} INFO - Processing /home/airflow/.local/lib/python3.8/site-packages/airflow/example_dags/example_sensors.py took 0.060 seconds
[2025-10-15T08:00:27.008+0000] {processor.py:161} INFO - Started process (PID=2332) to work on /home/airflow/.local/lib/python3.8/site-packages/airflow/example_dags/example_sensors.py
[2025-10-15T08:00:27.009+0000] {processor.py:830} INFO - Processing file /home/airflow/.local/lib/python3.8/site-packages/airflow/example_dags/example_sensors.py for tasks to queue
[2025-10-15T08:00:27.010+0000] {logging_mixin.py:188} INFO - [2025-10-15T08:00:27.009+0000] {dagbag.py:540} INFO - Filling up the DagBag from /home/airflow/.local/lib/python3.8/site-packages/airflow/example_dags/example_sensors.py
[2025-10-15T08:00:27.018+0000] {processor.py:840} INFO - DAG(s) 'example_sensors' retrieved from /home/airflow/.local/lib/python3.8/site-packages/airflow/example_dags/example_sensors.py
[2025-10-15T08:00:27.039+0000] {logging_mixin.py:188} INFO - [2025-10-15T08:00:27.039+0000] {dag.py:3047} INFO - Sync 1 DAGs
[2025-10-15T08:00:27.050+0000] {logging_mixin.py:188} INFO - [2025-10-15T08:00:27.049+0000] {dag.py:3834} INFO - Setting next_dagrun for example_sensors to None, run_after=None
[2025-10-15T08:00:27.071+0000] {processor.py:183} INFO - Processing /home/airflow/.local/lib/python3.8/site-packages/airflow/example_dags/example_sensors.py took 0.066 seconds
[2025-10-15T08:00:57.596+0000] {processor.py:161} INFO - Started process (PID=2395) to work on /home/airflow/.local/lib/python3.8/site-packages/airflow/example_dags/example_sensors.py
[2025-10-15T08:00:57.597+0000] {processor.py:830} INFO - Processing file /home/airflow/.local/lib/python3.8/site-packages/airflow/example_dags/example_sensors.py for tasks to queue
[2025-10-15T08:00:57.598+0000] {logging_mixin.py:188} INFO - [2025-10-15T08:00:57.598+0000] {dagbag.py:540} INFO - Filling up the DagBag from /home/airflow/.local/lib/python3.8/site-packages/airflow/example_dags/example_sensors.py
[2025-10-15T08:00:57.606+0000] {processor.py:840} INFO - DAG(s) 'example_sensors' retrieved from /home/airflow/.local/lib/python3.8/site-packages/airflow/example_dags/example_sensors.py
[2025-10-15T08:00:57.627+0000] {logging_mixin.py:188} INFO - [2025-10-15T08:00:57.627+0000] {dag.py:3047} INFO - Sync 1 DAGs
[2025-10-15T08:00:57.637+0000] {logging_mixin.py:188} INFO - [2025-10-15T08:00:57.637+0000] {dag.py:3834} INFO - Setting next_dagrun for example_sensors to None, run_after=None
[2025-10-15T08:00:57.653+0000] {processor.py:183} INFO - Processing /home/airflow/.local/lib/python3.8/site-packages/airflow/example_dags/example_sensors.py took 0.059 seconds
[2025-10-15T08:01:27.919+0000] {processor.py:161} INFO - Started process (PID=2458) to work on /home/airflow/.local/lib/python3.8/site-packages/airflow/example_dags/example_sensors.py
[2025-10-15T08:01:27.920+0000] {processor.py:830} INFO - Processing file /home/airflow/.local/lib/python3.8/site-packages/airflow/example_dags/example_sensors.py for tasks to queue
[2025-10-15T08:01:27.921+0000] {logging_mixin.py:188} INFO - [2025-10-15T08:01:27.921+0000] {dagbag.py:540} INFO - Filling up the DagBag from /home/airflow/.local/lib/python3.8/site-packages/airflow/example_dags/example_sensors.py
[2025-10-15T08:01:27.930+0000] {processor.py:840} INFO - DAG(s) 'example_sensors' retrieved from /home/airflow/.local/lib/python3.8/site-packages/airflow/example_dags/example_sensors.py
[2025-10-15T08:01:27.951+0000] {logging_mixin.py:188} INFO - [2025-10-15T08:01:27.950+0000] {dag.py:3047} INFO - Sync 1 DAGs
[2025-10-15T08:01:27.961+0000] {logging_mixin.py:188} INFO - [2025-10-15T08:01:27.961+0000] {dag.py:3834} INFO - Setting next_dagrun for example_sensors to None, run_after=None
[2025-10-15T08:01:27.977+0000] {processor.py:183} INFO - Processing /home/airflow/.local/lib/python3.8/site-packages/airflow/example_dags/example_sensors.py took 0.060 seconds
[2025-10-15T08:01:58.193+0000] {processor.py:161} INFO - Started process (PID=2518) to work on /home/airflow/.local/lib/python3.8/site-packages/airflow/example_dags/example_sensors.py
[2025-10-15T08:01:58.194+0000] {processor.py:830} INFO - Processing file /home/airflow/.local/lib/python3.8/site-packages/airflow/example_dags/example_sensors.py for tasks to queue
[2025-10-15T08:01:58.195+0000] {logging_mixin.py:188} INFO - [2025-10-15T08:01:58.195+0000] {dagbag.py:540} INFO - Filling up the DagBag from /home/airflow/.local/lib/python3.8/site-packages/airflow/example_dags/example_sensors.py
[2025-10-15T08:01:58.203+0000] {processor.py:840} INFO - DAG(s) 'example_sensors' retrieved from /home/airflow/.local/lib/python3.8/site-packages/airflow/example_dags/example_sensors.py
[2025-10-15T08:01:58.224+0000] {logging_mixin.py:188} INFO - [2025-10-15T08:01:58.224+0000] {dag.py:3047} INFO - Sync 1 DAGs
[2025-10-15T08:01:58.236+0000] {logging_mixin.py:188} INFO - [2025-10-15T08:01:58.235+0000] {dag.py:3834} INFO - Setting next_dagrun for example_sensors to None, run_after=None
[2025-10-15T08:01:58.252+0000] {processor.py:183} INFO - Processing /home/airflow/.local/lib/python3.8/site-packages/airflow/example_dags/example_sensors.py took 0.061 seconds
[2025-10-15T08:02:28.938+0000] {processor.py:161} INFO - Started process (PID=2580) to work on /home/airflow/.local/lib/python3.8/site-packages/airflow/example_dags/example_sensors.py
[2025-10-15T08:02:28.939+0000] {processor.py:830} INFO - Processing file /home/airflow/.local/lib/python3.8/site-packages/airflow/example_dags/example_sensors.py for tasks to queue
[2025-10-15T08:02:28.940+0000] {logging_mixin.py:188} INFO - [2025-10-15T08:02:28.940+0000] {dagbag.py:540} INFO - Filling up the DagBag from /home/airflow/.local/lib/python3.8/site-packages/airflow/example_dags/example_sensors.py
[2025-10-15T08:02:28.948+0000] {processor.py:840} INFO - DAG(s) 'example_sensors' retrieved from /home/airflow/.local/lib/python3.8/site-packages/airflow/example_dags/example_sensors.py
[2025-10-15T08:02:28.969+0000] {logging_mixin.py:188} INFO - [2025-10-15T08:02:28.969+0000] {dag.py:3047} INFO - Sync 1 DAGs
[2025-10-15T08:02:28.980+0000] {logging_mixin.py:188} INFO - [2025-10-15T08:02:28.979+0000] {dag.py:3834} INFO - Setting next_dagrun for example_sensors to None, run_after=None
[2025-10-15T08:02:28.995+0000] {processor.py:183} INFO - Processing /home/airflow/.local/lib/python3.8/site-packages/airflow/example_dags/example_sensors.py took 0.059 seconds
[2025-10-15T08:02:59.491+0000] {processor.py:161} INFO - Started process (PID=2641) to work on /home/airflow/.local/lib/python3.8/site-packages/airflow/example_dags/example_sensors.py
[2025-10-15T08:02:59.491+0000] {processor.py:830} INFO - Processing file /home/airflow/.local/lib/python3.8/site-packages/airflow/example_dags/example_sensors.py for tasks to queue
[2025-10-15T08:02:59.492+0000] {logging_mixin.py:188} INFO - [2025-10-15T08:02:59.492+0000] {dagbag.py:540} INFO - Filling up the DagBag from /home/airflow/.local/lib/python3.8/site-packages/airflow/example_dags/example_sensors.py
[2025-10-15T08:02:59.500+0000] {processor.py:840} INFO - DAG(s) 'example_sensors' retrieved from /home/airflow/.local/lib/python3.8/site-packages/airflow/example_dags/example_sensors.py
[2025-10-15T08:02:59.521+0000] {logging_mixin.py:188} INFO - [2025-10-15T08:02:59.521+0000] {dag.py:3047} INFO - Sync 1 DAGs
[2025-10-15T08:02:59.533+0000] {logging_mixin.py:188} INFO - [2025-10-15T08:02:59.532+0000] {dag.py:3834} INFO - Setting next_dagrun for example_sensors to None, run_after=None
[2025-10-15T08:02:59.548+0000] {processor.py:183} INFO - Processing /home/airflow/.local/lib/python3.8/site-packages/airflow/example_dags/example_sensors.py took 0.061 seconds
