[2025-10-15T07:41:42.497+0000] {processor.py:161} INFO - Started process (PID=105) to work on /home/airflow/.local/lib/python3.8/site-packages/airflow/example_dags/example_nested_branch_dag.py
[2025-10-15T07:41:42.498+0000] {processor.py:830} INFO - Processing file /home/airflow/.local/lib/python3.8/site-packages/airflow/example_dags/example_nested_branch_dag.py for tasks to queue
[2025-10-15T07:41:42.500+0000] {logging_mixin.py:188} INFO - [2025-10-15T07:41:42.500+0000] {dagbag.py:540} INFO - Filling up the DagBag from /home/airflow/.local/lib/python3.8/site-packages/airflow/example_dags/example_nested_branch_dag.py
[2025-10-15T07:41:42.512+0000] {processor.py:840} INFO - DAG(s) 'example_nested_branch_dag' retrieved from /home/airflow/.local/lib/python3.8/site-packages/airflow/example_dags/example_nested_branch_dag.py
[2025-10-15T07:41:42.621+0000] {logging_mixin.py:188} INFO - [2025-10-15T07:41:42.621+0000] {dag.py:3047} INFO - Sync 1 DAGs
[2025-10-15T07:41:42.644+0000] {logging_mixin.py:188} INFO - [2025-10-15T07:41:42.644+0000] {dag.py:3834} INFO - Setting next_dagrun for example_nested_branch_dag to 2025-10-14 00:00:00+00:00, run_after=2025-10-15 00:00:00+00:00
[2025-10-15T07:41:42.665+0000] {processor.py:183} INFO - Processing /home/airflow/.local/lib/python3.8/site-packages/airflow/example_dags/example_nested_branch_dag.py took 0.170 seconds
[2025-10-15T07:42:12.708+0000] {processor.py:161} INFO - Started process (PID=166) to work on /home/airflow/.local/lib/python3.8/site-packages/airflow/example_dags/example_nested_branch_dag.py
[2025-10-15T07:42:12.709+0000] {processor.py:830} INFO - Processing file /home/airflow/.local/lib/python3.8/site-packages/airflow/example_dags/example_nested_branch_dag.py for tasks to queue
[2025-10-15T07:42:12.711+0000] {logging_mixin.py:188} INFO - [2025-10-15T07:42:12.710+0000] {dagbag.py:540} INFO - Filling up the DagBag from /home/airflow/.local/lib/python3.8/site-packages/airflow/example_dags/example_nested_branch_dag.py
[2025-10-15T07:42:12.720+0000] {processor.py:840} INFO - DAG(s) 'example_nested_branch_dag' retrieved from /home/airflow/.local/lib/python3.8/site-packages/airflow/example_dags/example_nested_branch_dag.py
[2025-10-15T07:42:12.738+0000] {logging_mixin.py:188} INFO - [2025-10-15T07:42:12.738+0000] {dag.py:3047} INFO - Sync 1 DAGs
[2025-10-15T07:42:12.763+0000] {logging_mixin.py:188} INFO - [2025-10-15T07:42:12.762+0000] {dag.py:3834} INFO - Setting next_dagrun for example_nested_branch_dag to 2025-10-14 00:00:00+00:00, run_after=2025-10-15 00:00:00+00:00
[2025-10-15T07:42:12.782+0000] {processor.py:183} INFO - Processing /home/airflow/.local/lib/python3.8/site-packages/airflow/example_dags/example_nested_branch_dag.py took 0.077 seconds
[2025-10-15T07:42:43.105+0000] {processor.py:161} INFO - Started process (PID=226) to work on /home/airflow/.local/lib/python3.8/site-packages/airflow/example_dags/example_nested_branch_dag.py
[2025-10-15T07:42:43.106+0000] {processor.py:830} INFO - Processing file /home/airflow/.local/lib/python3.8/site-packages/airflow/example_dags/example_nested_branch_dag.py for tasks to queue
[2025-10-15T07:42:43.107+0000] {logging_mixin.py:188} INFO - [2025-10-15T07:42:43.107+0000] {dagbag.py:540} INFO - Filling up the DagBag from /home/airflow/.local/lib/python3.8/site-packages/airflow/example_dags/example_nested_branch_dag.py
[2025-10-15T07:42:43.116+0000] {processor.py:840} INFO - DAG(s) 'example_nested_branch_dag' retrieved from /home/airflow/.local/lib/python3.8/site-packages/airflow/example_dags/example_nested_branch_dag.py
[2025-10-15T07:42:43.134+0000] {logging_mixin.py:188} INFO - [2025-10-15T07:42:43.134+0000] {dag.py:3047} INFO - Sync 1 DAGs
[2025-10-15T07:42:43.154+0000] {logging_mixin.py:188} INFO - [2025-10-15T07:42:43.154+0000] {dag.py:3834} INFO - Setting next_dagrun for example_nested_branch_dag to 2025-10-14 00:00:00+00:00, run_after=2025-10-15 00:00:00+00:00
[2025-10-15T07:42:43.168+0000] {processor.py:183} INFO - Processing /home/airflow/.local/lib/python3.8/site-packages/airflow/example_dags/example_nested_branch_dag.py took 0.066 seconds
[2025-10-15T07:43:14.468+0000] {processor.py:161} INFO - Started process (PID=286) to work on /home/airflow/.local/lib/python3.8/site-packages/airflow/example_dags/example_nested_branch_dag.py
[2025-10-15T07:43:14.469+0000] {processor.py:830} INFO - Processing file /home/airflow/.local/lib/python3.8/site-packages/airflow/example_dags/example_nested_branch_dag.py for tasks to queue
[2025-10-15T07:43:14.470+0000] {logging_mixin.py:188} INFO - [2025-10-15T07:43:14.470+0000] {dagbag.py:540} INFO - Filling up the DagBag from /home/airflow/.local/lib/python3.8/site-packages/airflow/example_dags/example_nested_branch_dag.py
[2025-10-15T07:43:14.480+0000] {processor.py:840} INFO - DAG(s) 'example_nested_branch_dag' retrieved from /home/airflow/.local/lib/python3.8/site-packages/airflow/example_dags/example_nested_branch_dag.py
[2025-10-15T07:43:14.500+0000] {logging_mixin.py:188} INFO - [2025-10-15T07:43:14.500+0000] {dag.py:3047} INFO - Sync 1 DAGs
[2025-10-15T07:43:14.523+0000] {logging_mixin.py:188} INFO - [2025-10-15T07:43:14.523+0000] {dag.py:3834} INFO - Setting next_dagrun for example_nested_branch_dag to 2025-10-14 00:00:00+00:00, run_after=2025-10-15 00:00:00+00:00
[2025-10-15T07:43:14.541+0000] {processor.py:183} INFO - Processing /home/airflow/.local/lib/python3.8/site-packages/airflow/example_dags/example_nested_branch_dag.py took 0.076 seconds
[2025-10-15T07:43:44.813+0000] {processor.py:161} INFO - Started process (PID=346) to work on /home/airflow/.local/lib/python3.8/site-packages/airflow/example_dags/example_nested_branch_dag.py
[2025-10-15T07:43:44.814+0000] {processor.py:830} INFO - Processing file /home/airflow/.local/lib/python3.8/site-packages/airflow/example_dags/example_nested_branch_dag.py for tasks to queue
[2025-10-15T07:43:44.816+0000] {logging_mixin.py:188} INFO - [2025-10-15T07:43:44.816+0000] {dagbag.py:540} INFO - Filling up the DagBag from /home/airflow/.local/lib/python3.8/site-packages/airflow/example_dags/example_nested_branch_dag.py
[2025-10-15T07:43:44.825+0000] {processor.py:840} INFO - DAG(s) 'example_nested_branch_dag' retrieved from /home/airflow/.local/lib/python3.8/site-packages/airflow/example_dags/example_nested_branch_dag.py
[2025-10-15T07:43:44.844+0000] {logging_mixin.py:188} INFO - [2025-10-15T07:43:44.843+0000] {dag.py:3047} INFO - Sync 1 DAGs
[2025-10-15T07:43:44.865+0000] {logging_mixin.py:188} INFO - [2025-10-15T07:43:44.864+0000] {dag.py:3834} INFO - Setting next_dagrun for example_nested_branch_dag to 2025-10-14 00:00:00+00:00, run_after=2025-10-15 00:00:00+00:00
[2025-10-15T07:43:44.882+0000] {processor.py:183} INFO - Processing /home/airflow/.local/lib/python3.8/site-packages/airflow/example_dags/example_nested_branch_dag.py took 0.072 seconds
[2025-10-15T07:44:15.245+0000] {processor.py:161} INFO - Started process (PID=406) to work on /home/airflow/.local/lib/python3.8/site-packages/airflow/example_dags/example_nested_branch_dag.py
[2025-10-15T07:44:15.245+0000] {processor.py:830} INFO - Processing file /home/airflow/.local/lib/python3.8/site-packages/airflow/example_dags/example_nested_branch_dag.py for tasks to queue
[2025-10-15T07:44:15.247+0000] {logging_mixin.py:188} INFO - [2025-10-15T07:44:15.247+0000] {dagbag.py:540} INFO - Filling up the DagBag from /home/airflow/.local/lib/python3.8/site-packages/airflow/example_dags/example_nested_branch_dag.py
[2025-10-15T07:44:15.257+0000] {processor.py:840} INFO - DAG(s) 'example_nested_branch_dag' retrieved from /home/airflow/.local/lib/python3.8/site-packages/airflow/example_dags/example_nested_branch_dag.py
[2025-10-15T07:44:15.275+0000] {logging_mixin.py:188} INFO - [2025-10-15T07:44:15.275+0000] {dag.py:3047} INFO - Sync 1 DAGs
[2025-10-15T07:44:15.295+0000] {logging_mixin.py:188} INFO - [2025-10-15T07:44:15.295+0000] {dag.py:3834} INFO - Setting next_dagrun for example_nested_branch_dag to 2025-10-14 00:00:00+00:00, run_after=2025-10-15 00:00:00+00:00
[2025-10-15T07:44:15.314+0000] {processor.py:183} INFO - Processing /home/airflow/.local/lib/python3.8/site-packages/airflow/example_dags/example_nested_branch_dag.py took 0.072 seconds
[2025-10-15T07:44:45.554+0000] {processor.py:161} INFO - Started process (PID=466) to work on /home/airflow/.local/lib/python3.8/site-packages/airflow/example_dags/example_nested_branch_dag.py
[2025-10-15T07:44:45.556+0000] {processor.py:830} INFO - Processing file /home/airflow/.local/lib/python3.8/site-packages/airflow/example_dags/example_nested_branch_dag.py for tasks to queue
[2025-10-15T07:44:45.557+0000] {logging_mixin.py:188} INFO - [2025-10-15T07:44:45.557+0000] {dagbag.py:540} INFO - Filling up the DagBag from /home/airflow/.local/lib/python3.8/site-packages/airflow/example_dags/example_nested_branch_dag.py
[2025-10-15T07:44:45.566+0000] {processor.py:840} INFO - DAG(s) 'example_nested_branch_dag' retrieved from /home/airflow/.local/lib/python3.8/site-packages/airflow/example_dags/example_nested_branch_dag.py
[2025-10-15T07:44:45.583+0000] {logging_mixin.py:188} INFO - [2025-10-15T07:44:45.583+0000] {dag.py:3047} INFO - Sync 1 DAGs
[2025-10-15T07:44:45.603+0000] {logging_mixin.py:188} INFO - [2025-10-15T07:44:45.603+0000] {dag.py:3834} INFO - Setting next_dagrun for example_nested_branch_dag to 2025-10-14 00:00:00+00:00, run_after=2025-10-15 00:00:00+00:00
[2025-10-15T07:44:45.619+0000] {processor.py:183} INFO - Processing /home/airflow/.local/lib/python3.8/site-packages/airflow/example_dags/example_nested_branch_dag.py took 0.067 seconds
[2025-10-15T07:45:15.901+0000] {processor.py:161} INFO - Started process (PID=527) to work on /home/airflow/.local/lib/python3.8/site-packages/airflow/example_dags/example_nested_branch_dag.py
[2025-10-15T07:45:15.902+0000] {processor.py:830} INFO - Processing file /home/airflow/.local/lib/python3.8/site-packages/airflow/example_dags/example_nested_branch_dag.py for tasks to queue
[2025-10-15T07:45:15.903+0000] {logging_mixin.py:188} INFO - [2025-10-15T07:45:15.903+0000] {dagbag.py:540} INFO - Filling up the DagBag from /home/airflow/.local/lib/python3.8/site-packages/airflow/example_dags/example_nested_branch_dag.py
[2025-10-15T07:45:15.913+0000] {processor.py:840} INFO - DAG(s) 'example_nested_branch_dag' retrieved from /home/airflow/.local/lib/python3.8/site-packages/airflow/example_dags/example_nested_branch_dag.py
[2025-10-15T07:45:15.933+0000] {logging_mixin.py:188} INFO - [2025-10-15T07:45:15.932+0000] {dag.py:3047} INFO - Sync 1 DAGs
[2025-10-15T07:45:15.956+0000] {logging_mixin.py:188} INFO - [2025-10-15T07:45:15.956+0000] {dag.py:3834} INFO - Setting next_dagrun for example_nested_branch_dag to 2025-10-14 00:00:00+00:00, run_after=2025-10-15 00:00:00+00:00
[2025-10-15T07:45:15.972+0000] {processor.py:183} INFO - Processing /home/airflow/.local/lib/python3.8/site-packages/airflow/example_dags/example_nested_branch_dag.py took 0.075 seconds
[2025-10-15T07:45:46.073+0000] {processor.py:161} INFO - Started process (PID=587) to work on /home/airflow/.local/lib/python3.8/site-packages/airflow/example_dags/example_nested_branch_dag.py
[2025-10-15T07:45:46.074+0000] {processor.py:830} INFO - Processing file /home/airflow/.local/lib/python3.8/site-packages/airflow/example_dags/example_nested_branch_dag.py for tasks to queue
[2025-10-15T07:45:46.076+0000] {logging_mixin.py:188} INFO - [2025-10-15T07:45:46.075+0000] {dagbag.py:540} INFO - Filling up the DagBag from /home/airflow/.local/lib/python3.8/site-packages/airflow/example_dags/example_nested_branch_dag.py
[2025-10-15T07:45:46.085+0000] {processor.py:840} INFO - DAG(s) 'example_nested_branch_dag' retrieved from /home/airflow/.local/lib/python3.8/site-packages/airflow/example_dags/example_nested_branch_dag.py
[2025-10-15T07:45:46.103+0000] {logging_mixin.py:188} INFO - [2025-10-15T07:45:46.103+0000] {dag.py:3047} INFO - Sync 1 DAGs
[2025-10-15T07:45:46.124+0000] {logging_mixin.py:188} INFO - [2025-10-15T07:45:46.124+0000] {dag.py:3834} INFO - Setting next_dagrun for example_nested_branch_dag to 2025-10-14 00:00:00+00:00, run_after=2025-10-15 00:00:00+00:00
[2025-10-15T07:45:46.144+0000] {processor.py:183} INFO - Processing /home/airflow/.local/lib/python3.8/site-packages/airflow/example_dags/example_nested_branch_dag.py took 0.073 seconds
[2025-10-15T07:46:16.877+0000] {processor.py:161} INFO - Started process (PID=647) to work on /home/airflow/.local/lib/python3.8/site-packages/airflow/example_dags/example_nested_branch_dag.py
[2025-10-15T07:46:16.878+0000] {processor.py:830} INFO - Processing file /home/airflow/.local/lib/python3.8/site-packages/airflow/example_dags/example_nested_branch_dag.py for tasks to queue
[2025-10-15T07:46:16.879+0000] {logging_mixin.py:188} INFO - [2025-10-15T07:46:16.879+0000] {dagbag.py:540} INFO - Filling up the DagBag from /home/airflow/.local/lib/python3.8/site-packages/airflow/example_dags/example_nested_branch_dag.py
[2025-10-15T07:46:16.889+0000] {processor.py:840} INFO - DAG(s) 'example_nested_branch_dag' retrieved from /home/airflow/.local/lib/python3.8/site-packages/airflow/example_dags/example_nested_branch_dag.py
[2025-10-15T07:46:16.908+0000] {logging_mixin.py:188} INFO - [2025-10-15T07:46:16.908+0000] {dag.py:3047} INFO - Sync 1 DAGs
[2025-10-15T07:46:16.931+0000] {logging_mixin.py:188} INFO - [2025-10-15T07:46:16.931+0000] {dag.py:3834} INFO - Setting next_dagrun for example_nested_branch_dag to 2025-10-14 00:00:00+00:00, run_after=2025-10-15 00:00:00+00:00
[2025-10-15T07:46:16.948+0000] {processor.py:183} INFO - Processing /home/airflow/.local/lib/python3.8/site-packages/airflow/example_dags/example_nested_branch_dag.py took 0.074 seconds
[2025-10-15T07:46:47.658+0000] {processor.py:161} INFO - Started process (PID=707) to work on /home/airflow/.local/lib/python3.8/site-packages/airflow/example_dags/example_nested_branch_dag.py
[2025-10-15T07:46:47.659+0000] {processor.py:830} INFO - Processing file /home/airflow/.local/lib/python3.8/site-packages/airflow/example_dags/example_nested_branch_dag.py for tasks to queue
[2025-10-15T07:46:47.660+0000] {logging_mixin.py:188} INFO - [2025-10-15T07:46:47.660+0000] {dagbag.py:540} INFO - Filling up the DagBag from /home/airflow/.local/lib/python3.8/site-packages/airflow/example_dags/example_nested_branch_dag.py
[2025-10-15T07:46:47.669+0000] {processor.py:840} INFO - DAG(s) 'example_nested_branch_dag' retrieved from /home/airflow/.local/lib/python3.8/site-packages/airflow/example_dags/example_nested_branch_dag.py
[2025-10-15T07:46:47.687+0000] {logging_mixin.py:188} INFO - [2025-10-15T07:46:47.686+0000] {dag.py:3047} INFO - Sync 1 DAGs
[2025-10-15T07:46:47.707+0000] {logging_mixin.py:188} INFO - [2025-10-15T07:46:47.707+0000] {dag.py:3834} INFO - Setting next_dagrun for example_nested_branch_dag to 2025-10-14 00:00:00+00:00, run_after=2025-10-15 00:00:00+00:00
[2025-10-15T07:46:47.724+0000] {processor.py:183} INFO - Processing /home/airflow/.local/lib/python3.8/site-packages/airflow/example_dags/example_nested_branch_dag.py took 0.069 seconds
[2025-10-15T07:47:18.511+0000] {processor.py:161} INFO - Started process (PID=767) to work on /home/airflow/.local/lib/python3.8/site-packages/airflow/example_dags/example_nested_branch_dag.py
[2025-10-15T07:47:18.512+0000] {processor.py:830} INFO - Processing file /home/airflow/.local/lib/python3.8/site-packages/airflow/example_dags/example_nested_branch_dag.py for tasks to queue
[2025-10-15T07:47:18.514+0000] {logging_mixin.py:188} INFO - [2025-10-15T07:47:18.514+0000] {dagbag.py:540} INFO - Filling up the DagBag from /home/airflow/.local/lib/python3.8/site-packages/airflow/example_dags/example_nested_branch_dag.py
[2025-10-15T07:47:18.523+0000] {processor.py:840} INFO - DAG(s) 'example_nested_branch_dag' retrieved from /home/airflow/.local/lib/python3.8/site-packages/airflow/example_dags/example_nested_branch_dag.py
[2025-10-15T07:47:18.544+0000] {logging_mixin.py:188} INFO - [2025-10-15T07:47:18.544+0000] {dag.py:3047} INFO - Sync 1 DAGs
[2025-10-15T07:47:18.565+0000] {logging_mixin.py:188} INFO - [2025-10-15T07:47:18.565+0000] {dag.py:3834} INFO - Setting next_dagrun for example_nested_branch_dag to 2025-10-14 00:00:00+00:00, run_after=2025-10-15 00:00:00+00:00
[2025-10-15T07:47:18.582+0000] {processor.py:183} INFO - Processing /home/airflow/.local/lib/python3.8/site-packages/airflow/example_dags/example_nested_branch_dag.py took 0.074 seconds
[2025-10-15T07:47:48.627+0000] {processor.py:161} INFO - Started process (PID=825) to work on /home/airflow/.local/lib/python3.8/site-packages/airflow/example_dags/example_nested_branch_dag.py
[2025-10-15T07:47:48.628+0000] {processor.py:830} INFO - Processing file /home/airflow/.local/lib/python3.8/site-packages/airflow/example_dags/example_nested_branch_dag.py for tasks to queue
[2025-10-15T07:47:48.630+0000] {logging_mixin.py:188} INFO - [2025-10-15T07:47:48.629+0000] {dagbag.py:540} INFO - Filling up the DagBag from /home/airflow/.local/lib/python3.8/site-packages/airflow/example_dags/example_nested_branch_dag.py
[2025-10-15T07:47:48.638+0000] {processor.py:840} INFO - DAG(s) 'example_nested_branch_dag' retrieved from /home/airflow/.local/lib/python3.8/site-packages/airflow/example_dags/example_nested_branch_dag.py
[2025-10-15T07:47:48.656+0000] {logging_mixin.py:188} INFO - [2025-10-15T07:47:48.655+0000] {dag.py:3047} INFO - Sync 1 DAGs
[2025-10-15T07:47:48.675+0000] {logging_mixin.py:188} INFO - [2025-10-15T07:47:48.675+0000] {dag.py:3834} INFO - Setting next_dagrun for example_nested_branch_dag to 2025-10-14 00:00:00+00:00, run_after=2025-10-15 00:00:00+00:00
[2025-10-15T07:47:48.690+0000] {processor.py:183} INFO - Processing /home/airflow/.local/lib/python3.8/site-packages/airflow/example_dags/example_nested_branch_dag.py took 0.066 seconds
[2025-10-15T07:48:18.995+0000] {processor.py:161} INFO - Started process (PID=885) to work on /home/airflow/.local/lib/python3.8/site-packages/airflow/example_dags/example_nested_branch_dag.py
[2025-10-15T07:48:18.996+0000] {processor.py:830} INFO - Processing file /home/airflow/.local/lib/python3.8/site-packages/airflow/example_dags/example_nested_branch_dag.py for tasks to queue
[2025-10-15T07:48:18.998+0000] {logging_mixin.py:188} INFO - [2025-10-15T07:48:18.998+0000] {dagbag.py:540} INFO - Filling up the DagBag from /home/airflow/.local/lib/python3.8/site-packages/airflow/example_dags/example_nested_branch_dag.py
[2025-10-15T07:48:19.007+0000] {processor.py:840} INFO - DAG(s) 'example_nested_branch_dag' retrieved from /home/airflow/.local/lib/python3.8/site-packages/airflow/example_dags/example_nested_branch_dag.py
[2025-10-15T07:48:19.027+0000] {logging_mixin.py:188} INFO - [2025-10-15T07:48:19.027+0000] {dag.py:3047} INFO - Sync 1 DAGs
[2025-10-15T07:48:19.050+0000] {logging_mixin.py:188} INFO - [2025-10-15T07:48:19.049+0000] {dag.py:3834} INFO - Setting next_dagrun for example_nested_branch_dag to 2025-10-14 00:00:00+00:00, run_after=2025-10-15 00:00:00+00:00
[2025-10-15T07:48:19.067+0000] {processor.py:183} INFO - Processing /home/airflow/.local/lib/python3.8/site-packages/airflow/example_dags/example_nested_branch_dag.py took 0.074 seconds
[2025-10-15T07:48:49.264+0000] {processor.py:161} INFO - Started process (PID=946) to work on /home/airflow/.local/lib/python3.8/site-packages/airflow/example_dags/example_nested_branch_dag.py
[2025-10-15T07:48:49.265+0000] {processor.py:830} INFO - Processing file /home/airflow/.local/lib/python3.8/site-packages/airflow/example_dags/example_nested_branch_dag.py for tasks to queue
[2025-10-15T07:48:49.267+0000] {logging_mixin.py:188} INFO - [2025-10-15T07:48:49.267+0000] {dagbag.py:540} INFO - Filling up the DagBag from /home/airflow/.local/lib/python3.8/site-packages/airflow/example_dags/example_nested_branch_dag.py
[2025-10-15T07:48:49.276+0000] {processor.py:840} INFO - DAG(s) 'example_nested_branch_dag' retrieved from /home/airflow/.local/lib/python3.8/site-packages/airflow/example_dags/example_nested_branch_dag.py
[2025-10-15T07:48:49.294+0000] {logging_mixin.py:188} INFO - [2025-10-15T07:48:49.293+0000] {dag.py:3047} INFO - Sync 1 DAGs
[2025-10-15T07:48:49.315+0000] {logging_mixin.py:188} INFO - [2025-10-15T07:48:49.315+0000] {dag.py:3834} INFO - Setting next_dagrun for example_nested_branch_dag to 2025-10-14 00:00:00+00:00, run_after=2025-10-15 00:00:00+00:00
[2025-10-15T07:48:49.332+0000] {processor.py:183} INFO - Processing /home/airflow/.local/lib/python3.8/site-packages/airflow/example_dags/example_nested_branch_dag.py took 0.070 seconds
[2025-10-15T07:49:19.717+0000] {processor.py:161} INFO - Started process (PID=1007) to work on /home/airflow/.local/lib/python3.8/site-packages/airflow/example_dags/example_nested_branch_dag.py
[2025-10-15T07:49:19.718+0000] {processor.py:830} INFO - Processing file /home/airflow/.local/lib/python3.8/site-packages/airflow/example_dags/example_nested_branch_dag.py for tasks to queue
[2025-10-15T07:49:19.720+0000] {logging_mixin.py:188} INFO - [2025-10-15T07:49:19.719+0000] {dagbag.py:540} INFO - Filling up the DagBag from /home/airflow/.local/lib/python3.8/site-packages/airflow/example_dags/example_nested_branch_dag.py
[2025-10-15T07:49:19.728+0000] {processor.py:840} INFO - DAG(s) 'example_nested_branch_dag' retrieved from /home/airflow/.local/lib/python3.8/site-packages/airflow/example_dags/example_nested_branch_dag.py
[2025-10-15T07:49:19.747+0000] {logging_mixin.py:188} INFO - [2025-10-15T07:49:19.747+0000] {dag.py:3047} INFO - Sync 1 DAGs
[2025-10-15T07:49:19.771+0000] {logging_mixin.py:188} INFO - [2025-10-15T07:49:19.771+0000] {dag.py:3834} INFO - Setting next_dagrun for example_nested_branch_dag to 2025-10-14 00:00:00+00:00, run_after=2025-10-15 00:00:00+00:00
[2025-10-15T07:49:19.795+0000] {processor.py:183} INFO - Processing /home/airflow/.local/lib/python3.8/site-packages/airflow/example_dags/example_nested_branch_dag.py took 0.081 seconds
[2025-10-15T07:49:49.945+0000] {processor.py:161} INFO - Started process (PID=1067) to work on /home/airflow/.local/lib/python3.8/site-packages/airflow/example_dags/example_nested_branch_dag.py
[2025-10-15T07:49:49.946+0000] {processor.py:830} INFO - Processing file /home/airflow/.local/lib/python3.8/site-packages/airflow/example_dags/example_nested_branch_dag.py for tasks to queue
[2025-10-15T07:49:49.948+0000] {logging_mixin.py:188} INFO - [2025-10-15T07:49:49.947+0000] {dagbag.py:540} INFO - Filling up the DagBag from /home/airflow/.local/lib/python3.8/site-packages/airflow/example_dags/example_nested_branch_dag.py
[2025-10-15T07:49:49.960+0000] {processor.py:840} INFO - DAG(s) 'example_nested_branch_dag' retrieved from /home/airflow/.local/lib/python3.8/site-packages/airflow/example_dags/example_nested_branch_dag.py
[2025-10-15T07:49:49.978+0000] {logging_mixin.py:188} INFO - [2025-10-15T07:49:49.978+0000] {dag.py:3047} INFO - Sync 1 DAGs
[2025-10-15T07:49:50.000+0000] {logging_mixin.py:188} INFO - [2025-10-15T07:49:50.000+0000] {dag.py:3834} INFO - Setting next_dagrun for example_nested_branch_dag to 2025-10-14 00:00:00+00:00, run_after=2025-10-15 00:00:00+00:00
[2025-10-15T07:49:50.016+0000] {processor.py:183} INFO - Processing /home/airflow/.local/lib/python3.8/site-packages/airflow/example_dags/example_nested_branch_dag.py took 0.074 seconds
[2025-10-15T07:50:20.685+0000] {processor.py:161} INFO - Started process (PID=1128) to work on /home/airflow/.local/lib/python3.8/site-packages/airflow/example_dags/example_nested_branch_dag.py
[2025-10-15T07:50:20.686+0000] {processor.py:830} INFO - Processing file /home/airflow/.local/lib/python3.8/site-packages/airflow/example_dags/example_nested_branch_dag.py for tasks to queue
[2025-10-15T07:50:20.687+0000] {logging_mixin.py:188} INFO - [2025-10-15T07:50:20.687+0000] {dagbag.py:540} INFO - Filling up the DagBag from /home/airflow/.local/lib/python3.8/site-packages/airflow/example_dags/example_nested_branch_dag.py
[2025-10-15T07:50:20.696+0000] {processor.py:840} INFO - DAG(s) 'example_nested_branch_dag' retrieved from /home/airflow/.local/lib/python3.8/site-packages/airflow/example_dags/example_nested_branch_dag.py
[2025-10-15T07:50:20.713+0000] {logging_mixin.py:188} INFO - [2025-10-15T07:50:20.713+0000] {dag.py:3047} INFO - Sync 1 DAGs
[2025-10-15T07:50:20.733+0000] {logging_mixin.py:188} INFO - [2025-10-15T07:50:20.733+0000] {dag.py:3834} INFO - Setting next_dagrun for example_nested_branch_dag to 2025-10-14 00:00:00+00:00, run_after=2025-10-15 00:00:00+00:00
[2025-10-15T07:50:20.751+0000] {processor.py:183} INFO - Processing /home/airflow/.local/lib/python3.8/site-packages/airflow/example_dags/example_nested_branch_dag.py took 0.069 seconds
[2025-10-15T07:50:51.606+0000] {processor.py:161} INFO - Started process (PID=1191) to work on /home/airflow/.local/lib/python3.8/site-packages/airflow/example_dags/example_nested_branch_dag.py
[2025-10-15T07:50:51.607+0000] {processor.py:830} INFO - Processing file /home/airflow/.local/lib/python3.8/site-packages/airflow/example_dags/example_nested_branch_dag.py for tasks to queue
[2025-10-15T07:50:51.609+0000] {logging_mixin.py:188} INFO - [2025-10-15T07:50:51.609+0000] {dagbag.py:540} INFO - Filling up the DagBag from /home/airflow/.local/lib/python3.8/site-packages/airflow/example_dags/example_nested_branch_dag.py
[2025-10-15T07:50:51.619+0000] {processor.py:840} INFO - DAG(s) 'example_nested_branch_dag' retrieved from /home/airflow/.local/lib/python3.8/site-packages/airflow/example_dags/example_nested_branch_dag.py
[2025-10-15T07:50:51.635+0000] {logging_mixin.py:188} INFO - [2025-10-15T07:50:51.635+0000] {dag.py:3047} INFO - Sync 1 DAGs
[2025-10-15T07:50:51.655+0000] {logging_mixin.py:188} INFO - [2025-10-15T07:50:51.654+0000] {dag.py:3834} INFO - Setting next_dagrun for example_nested_branch_dag to 2025-10-14 00:00:00+00:00, run_after=2025-10-15 00:00:00+00:00
[2025-10-15T07:50:51.671+0000] {processor.py:183} INFO - Processing /home/airflow/.local/lib/python3.8/site-packages/airflow/example_dags/example_nested_branch_dag.py took 0.067 seconds
[2025-10-15T07:51:21.922+0000] {processor.py:161} INFO - Started process (PID=1253) to work on /home/airflow/.local/lib/python3.8/site-packages/airflow/example_dags/example_nested_branch_dag.py
[2025-10-15T07:51:21.923+0000] {processor.py:830} INFO - Processing file /home/airflow/.local/lib/python3.8/site-packages/airflow/example_dags/example_nested_branch_dag.py for tasks to queue
[2025-10-15T07:51:21.925+0000] {logging_mixin.py:188} INFO - [2025-10-15T07:51:21.924+0000] {dagbag.py:540} INFO - Filling up the DagBag from /home/airflow/.local/lib/python3.8/site-packages/airflow/example_dags/example_nested_branch_dag.py
[2025-10-15T07:51:21.932+0000] {processor.py:840} INFO - DAG(s) 'example_nested_branch_dag' retrieved from /home/airflow/.local/lib/python3.8/site-packages/airflow/example_dags/example_nested_branch_dag.py
[2025-10-15T07:51:21.950+0000] {logging_mixin.py:188} INFO - [2025-10-15T07:51:21.949+0000] {dag.py:3047} INFO - Sync 1 DAGs
[2025-10-15T07:51:21.971+0000] {logging_mixin.py:188} INFO - [2025-10-15T07:51:21.971+0000] {dag.py:3834} INFO - Setting next_dagrun for example_nested_branch_dag to 2025-10-14 00:00:00+00:00, run_after=2025-10-15 00:00:00+00:00
[2025-10-15T07:51:21.989+0000] {processor.py:183} INFO - Processing /home/airflow/.local/lib/python3.8/site-packages/airflow/example_dags/example_nested_branch_dag.py took 0.070 seconds
[2025-10-15T07:51:52.083+0000] {processor.py:161} INFO - Started process (PID=1313) to work on /home/airflow/.local/lib/python3.8/site-packages/airflow/example_dags/example_nested_branch_dag.py
[2025-10-15T07:51:52.084+0000] {processor.py:830} INFO - Processing file /home/airflow/.local/lib/python3.8/site-packages/airflow/example_dags/example_nested_branch_dag.py for tasks to queue
[2025-10-15T07:51:52.086+0000] {logging_mixin.py:188} INFO - [2025-10-15T07:51:52.086+0000] {dagbag.py:540} INFO - Filling up the DagBag from /home/airflow/.local/lib/python3.8/site-packages/airflow/example_dags/example_nested_branch_dag.py
[2025-10-15T07:51:52.096+0000] {processor.py:840} INFO - DAG(s) 'example_nested_branch_dag' retrieved from /home/airflow/.local/lib/python3.8/site-packages/airflow/example_dags/example_nested_branch_dag.py
[2025-10-15T07:51:52.115+0000] {logging_mixin.py:188} INFO - [2025-10-15T07:51:52.115+0000] {dag.py:3047} INFO - Sync 1 DAGs
[2025-10-15T07:51:52.136+0000] {logging_mixin.py:188} INFO - [2025-10-15T07:51:52.136+0000] {dag.py:3834} INFO - Setting next_dagrun for example_nested_branch_dag to 2025-10-14 00:00:00+00:00, run_after=2025-10-15 00:00:00+00:00
[2025-10-15T07:51:52.153+0000] {processor.py:183} INFO - Processing /home/airflow/.local/lib/python3.8/site-packages/airflow/example_dags/example_nested_branch_dag.py took 0.073 seconds
[2025-10-15T07:52:22.332+0000] {processor.py:161} INFO - Started process (PID=1375) to work on /home/airflow/.local/lib/python3.8/site-packages/airflow/example_dags/example_nested_branch_dag.py
[2025-10-15T07:52:22.333+0000] {processor.py:830} INFO - Processing file /home/airflow/.local/lib/python3.8/site-packages/airflow/example_dags/example_nested_branch_dag.py for tasks to queue
[2025-10-15T07:52:22.334+0000] {logging_mixin.py:188} INFO - [2025-10-15T07:52:22.334+0000] {dagbag.py:540} INFO - Filling up the DagBag from /home/airflow/.local/lib/python3.8/site-packages/airflow/example_dags/example_nested_branch_dag.py
[2025-10-15T07:52:22.343+0000] {processor.py:840} INFO - DAG(s) 'example_nested_branch_dag' retrieved from /home/airflow/.local/lib/python3.8/site-packages/airflow/example_dags/example_nested_branch_dag.py
[2025-10-15T07:52:22.362+0000] {logging_mixin.py:188} INFO - [2025-10-15T07:52:22.362+0000] {dag.py:3047} INFO - Sync 1 DAGs
[2025-10-15T07:52:22.383+0000] {logging_mixin.py:188} INFO - [2025-10-15T07:52:22.383+0000] {dag.py:3834} INFO - Setting next_dagrun for example_nested_branch_dag to 2025-10-14 00:00:00+00:00, run_after=2025-10-15 00:00:00+00:00
[2025-10-15T07:52:22.449+0000] {processor.py:183} INFO - Processing /home/airflow/.local/lib/python3.8/site-packages/airflow/example_dags/example_nested_branch_dag.py took 0.120 seconds
[2025-10-15T07:52:52.501+0000] {processor.py:161} INFO - Started process (PID=1435) to work on /home/airflow/.local/lib/python3.8/site-packages/airflow/example_dags/example_nested_branch_dag.py
[2025-10-15T07:52:52.501+0000] {processor.py:830} INFO - Processing file /home/airflow/.local/lib/python3.8/site-packages/airflow/example_dags/example_nested_branch_dag.py for tasks to queue
[2025-10-15T07:52:52.503+0000] {logging_mixin.py:188} INFO - [2025-10-15T07:52:52.503+0000] {dagbag.py:540} INFO - Filling up the DagBag from /home/airflow/.local/lib/python3.8/site-packages/airflow/example_dags/example_nested_branch_dag.py
[2025-10-15T07:52:52.511+0000] {processor.py:840} INFO - DAG(s) 'example_nested_branch_dag' retrieved from /home/airflow/.local/lib/python3.8/site-packages/airflow/example_dags/example_nested_branch_dag.py
[2025-10-15T07:52:52.529+0000] {logging_mixin.py:188} INFO - [2025-10-15T07:52:52.528+0000] {dag.py:3047} INFO - Sync 1 DAGs
[2025-10-15T07:52:52.547+0000] {logging_mixin.py:188} INFO - [2025-10-15T07:52:52.547+0000] {dag.py:3834} INFO - Setting next_dagrun for example_nested_branch_dag to 2025-10-14 00:00:00+00:00, run_after=2025-10-15 00:00:00+00:00
[2025-10-15T07:52:52.562+0000] {processor.py:183} INFO - Processing /home/airflow/.local/lib/python3.8/site-packages/airflow/example_dags/example_nested_branch_dag.py took 0.064 seconds
[2025-10-15T07:53:22.669+0000] {processor.py:161} INFO - Started process (PID=1497) to work on /home/airflow/.local/lib/python3.8/site-packages/airflow/example_dags/example_nested_branch_dag.py
[2025-10-15T07:53:22.670+0000] {processor.py:830} INFO - Processing file /home/airflow/.local/lib/python3.8/site-packages/airflow/example_dags/example_nested_branch_dag.py for tasks to queue
[2025-10-15T07:53:22.672+0000] {logging_mixin.py:188} INFO - [2025-10-15T07:53:22.672+0000] {dagbag.py:540} INFO - Filling up the DagBag from /home/airflow/.local/lib/python3.8/site-packages/airflow/example_dags/example_nested_branch_dag.py
[2025-10-15T07:53:22.680+0000] {processor.py:840} INFO - DAG(s) 'example_nested_branch_dag' retrieved from /home/airflow/.local/lib/python3.8/site-packages/airflow/example_dags/example_nested_branch_dag.py
[2025-10-15T07:53:22.698+0000] {logging_mixin.py:188} INFO - [2025-10-15T07:53:22.697+0000] {dag.py:3047} INFO - Sync 1 DAGs
[2025-10-15T07:53:22.717+0000] {logging_mixin.py:188} INFO - [2025-10-15T07:53:22.717+0000] {dag.py:3834} INFO - Setting next_dagrun for example_nested_branch_dag to 2025-10-14 00:00:00+00:00, run_after=2025-10-15 00:00:00+00:00
[2025-10-15T07:53:22.733+0000] {processor.py:183} INFO - Processing /home/airflow/.local/lib/python3.8/site-packages/airflow/example_dags/example_nested_branch_dag.py took 0.066 seconds
[2025-10-15T07:53:53.395+0000] {processor.py:161} INFO - Started process (PID=1559) to work on /home/airflow/.local/lib/python3.8/site-packages/airflow/example_dags/example_nested_branch_dag.py
[2025-10-15T07:53:53.396+0000] {processor.py:830} INFO - Processing file /home/airflow/.local/lib/python3.8/site-packages/airflow/example_dags/example_nested_branch_dag.py for tasks to queue
[2025-10-15T07:53:53.399+0000] {logging_mixin.py:188} INFO - [2025-10-15T07:53:53.399+0000] {dagbag.py:540} INFO - Filling up the DagBag from /home/airflow/.local/lib/python3.8/site-packages/airflow/example_dags/example_nested_branch_dag.py
[2025-10-15T07:53:53.413+0000] {processor.py:840} INFO - DAG(s) 'example_nested_branch_dag' retrieved from /home/airflow/.local/lib/python3.8/site-packages/airflow/example_dags/example_nested_branch_dag.py
[2025-10-15T07:53:53.433+0000] {logging_mixin.py:188} INFO - [2025-10-15T07:53:53.433+0000] {dag.py:3047} INFO - Sync 1 DAGs
[2025-10-15T07:53:53.455+0000] {logging_mixin.py:188} INFO - [2025-10-15T07:53:53.455+0000] {dag.py:3834} INFO - Setting next_dagrun for example_nested_branch_dag to 2025-10-14 00:00:00+00:00, run_after=2025-10-15 00:00:00+00:00
[2025-10-15T07:53:53.472+0000] {processor.py:183} INFO - Processing /home/airflow/.local/lib/python3.8/site-packages/airflow/example_dags/example_nested_branch_dag.py took 0.080 seconds
[2025-10-15T07:54:23.503+0000] {processor.py:161} INFO - Started process (PID=1619) to work on /home/airflow/.local/lib/python3.8/site-packages/airflow/example_dags/example_nested_branch_dag.py
[2025-10-15T07:54:23.504+0000] {processor.py:830} INFO - Processing file /home/airflow/.local/lib/python3.8/site-packages/airflow/example_dags/example_nested_branch_dag.py for tasks to queue
[2025-10-15T07:54:23.506+0000] {logging_mixin.py:188} INFO - [2025-10-15T07:54:23.506+0000] {dagbag.py:540} INFO - Filling up the DagBag from /home/airflow/.local/lib/python3.8/site-packages/airflow/example_dags/example_nested_branch_dag.py
[2025-10-15T07:54:23.515+0000] {processor.py:840} INFO - DAG(s) 'example_nested_branch_dag' retrieved from /home/airflow/.local/lib/python3.8/site-packages/airflow/example_dags/example_nested_branch_dag.py
[2025-10-15T07:54:23.533+0000] {logging_mixin.py:188} INFO - [2025-10-15T07:54:23.533+0000] {dag.py:3047} INFO - Sync 1 DAGs
[2025-10-15T07:54:23.557+0000] {logging_mixin.py:188} INFO - [2025-10-15T07:54:23.557+0000] {dag.py:3834} INFO - Setting next_dagrun for example_nested_branch_dag to 2025-10-14 00:00:00+00:00, run_after=2025-10-15 00:00:00+00:00
[2025-10-15T07:54:23.575+0000] {processor.py:183} INFO - Processing /home/airflow/.local/lib/python3.8/site-packages/airflow/example_dags/example_nested_branch_dag.py took 0.075 seconds
[2025-10-15T07:54:53.965+0000] {processor.py:161} INFO - Started process (PID=1679) to work on /home/airflow/.local/lib/python3.8/site-packages/airflow/example_dags/example_nested_branch_dag.py
[2025-10-15T07:54:53.966+0000] {processor.py:830} INFO - Processing file /home/airflow/.local/lib/python3.8/site-packages/airflow/example_dags/example_nested_branch_dag.py for tasks to queue
[2025-10-15T07:54:53.968+0000] {logging_mixin.py:188} INFO - [2025-10-15T07:54:53.968+0000] {dagbag.py:540} INFO - Filling up the DagBag from /home/airflow/.local/lib/python3.8/site-packages/airflow/example_dags/example_nested_branch_dag.py
[2025-10-15T07:54:53.977+0000] {processor.py:840} INFO - DAG(s) 'example_nested_branch_dag' retrieved from /home/airflow/.local/lib/python3.8/site-packages/airflow/example_dags/example_nested_branch_dag.py
[2025-10-15T07:54:53.994+0000] {logging_mixin.py:188} INFO - [2025-10-15T07:54:53.994+0000] {dag.py:3047} INFO - Sync 1 DAGs
[2025-10-15T07:54:54.013+0000] {logging_mixin.py:188} INFO - [2025-10-15T07:54:54.012+0000] {dag.py:3834} INFO - Setting next_dagrun for example_nested_branch_dag to 2025-10-14 00:00:00+00:00, run_after=2025-10-15 00:00:00+00:00
[2025-10-15T07:54:54.027+0000] {processor.py:183} INFO - Processing /home/airflow/.local/lib/python3.8/site-packages/airflow/example_dags/example_nested_branch_dag.py took 0.064 seconds
[2025-10-15T07:55:24.117+0000] {processor.py:161} INFO - Started process (PID=1741) to work on /home/airflow/.local/lib/python3.8/site-packages/airflow/example_dags/example_nested_branch_dag.py
[2025-10-15T07:55:24.118+0000] {processor.py:830} INFO - Processing file /home/airflow/.local/lib/python3.8/site-packages/airflow/example_dags/example_nested_branch_dag.py for tasks to queue
[2025-10-15T07:55:24.120+0000] {logging_mixin.py:188} INFO - [2025-10-15T07:55:24.120+0000] {dagbag.py:540} INFO - Filling up the DagBag from /home/airflow/.local/lib/python3.8/site-packages/airflow/example_dags/example_nested_branch_dag.py
[2025-10-15T07:55:24.128+0000] {processor.py:840} INFO - DAG(s) 'example_nested_branch_dag' retrieved from /home/airflow/.local/lib/python3.8/site-packages/airflow/example_dags/example_nested_branch_dag.py
[2025-10-15T07:55:24.145+0000] {logging_mixin.py:188} INFO - [2025-10-15T07:55:24.145+0000] {dag.py:3047} INFO - Sync 1 DAGs
[2025-10-15T07:55:24.165+0000] {logging_mixin.py:188} INFO - [2025-10-15T07:55:24.165+0000] {dag.py:3834} INFO - Setting next_dagrun for example_nested_branch_dag to 2025-10-14 00:00:00+00:00, run_after=2025-10-15 00:00:00+00:00
[2025-10-15T07:55:24.180+0000] {processor.py:183} INFO - Processing /home/airflow/.local/lib/python3.8/site-packages/airflow/example_dags/example_nested_branch_dag.py took 0.065 seconds
[2025-10-15T07:55:54.646+0000] {processor.py:161} INFO - Started process (PID=1802) to work on /home/airflow/.local/lib/python3.8/site-packages/airflow/example_dags/example_nested_branch_dag.py
[2025-10-15T07:55:54.647+0000] {processor.py:830} INFO - Processing file /home/airflow/.local/lib/python3.8/site-packages/airflow/example_dags/example_nested_branch_dag.py for tasks to queue
[2025-10-15T07:55:54.650+0000] {logging_mixin.py:188} INFO - [2025-10-15T07:55:54.649+0000] {dagbag.py:540} INFO - Filling up the DagBag from /home/airflow/.local/lib/python3.8/site-packages/airflow/example_dags/example_nested_branch_dag.py
[2025-10-15T07:55:54.668+0000] {processor.py:840} INFO - DAG(s) 'example_nested_branch_dag' retrieved from /home/airflow/.local/lib/python3.8/site-packages/airflow/example_dags/example_nested_branch_dag.py
[2025-10-15T07:55:54.715+0000] {logging_mixin.py:188} INFO - [2025-10-15T07:55:54.715+0000] {dag.py:3047} INFO - Sync 1 DAGs
[2025-10-15T07:55:54.745+0000] {logging_mixin.py:188} INFO - [2025-10-15T07:55:54.745+0000] {dag.py:3834} INFO - Setting next_dagrun for example_nested_branch_dag to 2025-10-14 00:00:00+00:00, run_after=2025-10-15 00:00:00+00:00
[2025-10-15T07:55:54.772+0000] {processor.py:183} INFO - Processing /home/airflow/.local/lib/python3.8/site-packages/airflow/example_dags/example_nested_branch_dag.py took 0.130 seconds
[2025-10-15T07:56:25.083+0000] {processor.py:161} INFO - Started process (PID=1862) to work on /home/airflow/.local/lib/python3.8/site-packages/airflow/example_dags/example_nested_branch_dag.py
[2025-10-15T07:56:25.084+0000] {processor.py:830} INFO - Processing file /home/airflow/.local/lib/python3.8/site-packages/airflow/example_dags/example_nested_branch_dag.py for tasks to queue
[2025-10-15T07:56:25.085+0000] {logging_mixin.py:188} INFO - [2025-10-15T07:56:25.085+0000] {dagbag.py:540} INFO - Filling up the DagBag from /home/airflow/.local/lib/python3.8/site-packages/airflow/example_dags/example_nested_branch_dag.py
[2025-10-15T07:56:25.094+0000] {processor.py:840} INFO - DAG(s) 'example_nested_branch_dag' retrieved from /home/airflow/.local/lib/python3.8/site-packages/airflow/example_dags/example_nested_branch_dag.py
[2025-10-15T07:56:25.112+0000] {logging_mixin.py:188} INFO - [2025-10-15T07:56:25.111+0000] {dag.py:3047} INFO - Sync 1 DAGs
[2025-10-15T07:56:25.130+0000] {logging_mixin.py:188} INFO - [2025-10-15T07:56:25.130+0000] {dag.py:3834} INFO - Setting next_dagrun for example_nested_branch_dag to 2025-10-14 00:00:00+00:00, run_after=2025-10-15 00:00:00+00:00
[2025-10-15T07:56:25.147+0000] {processor.py:183} INFO - Processing /home/airflow/.local/lib/python3.8/site-packages/airflow/example_dags/example_nested_branch_dag.py took 0.067 seconds
[2025-10-15T07:56:55.224+0000] {processor.py:161} INFO - Started process (PID=1922) to work on /home/airflow/.local/lib/python3.8/site-packages/airflow/example_dags/example_nested_branch_dag.py
[2025-10-15T07:56:55.225+0000] {processor.py:830} INFO - Processing file /home/airflow/.local/lib/python3.8/site-packages/airflow/example_dags/example_nested_branch_dag.py for tasks to queue
[2025-10-15T07:56:55.226+0000] {logging_mixin.py:188} INFO - [2025-10-15T07:56:55.226+0000] {dagbag.py:540} INFO - Filling up the DagBag from /home/airflow/.local/lib/python3.8/site-packages/airflow/example_dags/example_nested_branch_dag.py
[2025-10-15T07:56:55.236+0000] {processor.py:840} INFO - DAG(s) 'example_nested_branch_dag' retrieved from /home/airflow/.local/lib/python3.8/site-packages/airflow/example_dags/example_nested_branch_dag.py
[2025-10-15T07:56:55.254+0000] {logging_mixin.py:188} INFO - [2025-10-15T07:56:55.254+0000] {dag.py:3047} INFO - Sync 1 DAGs
[2025-10-15T07:56:55.273+0000] {logging_mixin.py:188} INFO - [2025-10-15T07:56:55.273+0000] {dag.py:3834} INFO - Setting next_dagrun for example_nested_branch_dag to 2025-10-14 00:00:00+00:00, run_after=2025-10-15 00:00:00+00:00
[2025-10-15T07:56:55.288+0000] {processor.py:183} INFO - Processing /home/airflow/.local/lib/python3.8/site-packages/airflow/example_dags/example_nested_branch_dag.py took 0.067 seconds
[2025-10-15T07:57:25.475+0000] {processor.py:161} INFO - Started process (PID=1983) to work on /home/airflow/.local/lib/python3.8/site-packages/airflow/example_dags/example_nested_branch_dag.py
[2025-10-15T07:57:25.476+0000] {processor.py:830} INFO - Processing file /home/airflow/.local/lib/python3.8/site-packages/airflow/example_dags/example_nested_branch_dag.py for tasks to queue
[2025-10-15T07:57:25.478+0000] {logging_mixin.py:188} INFO - [2025-10-15T07:57:25.477+0000] {dagbag.py:540} INFO - Filling up the DagBag from /home/airflow/.local/lib/python3.8/site-packages/airflow/example_dags/example_nested_branch_dag.py
[2025-10-15T07:57:25.486+0000] {processor.py:840} INFO - DAG(s) 'example_nested_branch_dag' retrieved from /home/airflow/.local/lib/python3.8/site-packages/airflow/example_dags/example_nested_branch_dag.py
[2025-10-15T07:57:25.504+0000] {logging_mixin.py:188} INFO - [2025-10-15T07:57:25.504+0000] {dag.py:3047} INFO - Sync 1 DAGs
[2025-10-15T07:57:25.524+0000] {logging_mixin.py:188} INFO - [2025-10-15T07:57:25.524+0000] {dag.py:3834} INFO - Setting next_dagrun for example_nested_branch_dag to 2025-10-14 00:00:00+00:00, run_after=2025-10-15 00:00:00+00:00
[2025-10-15T07:57:25.543+0000] {processor.py:183} INFO - Processing /home/airflow/.local/lib/python3.8/site-packages/airflow/example_dags/example_nested_branch_dag.py took 0.070 seconds
[2025-10-15T07:57:56.193+0000] {processor.py:161} INFO - Started process (PID=2044) to work on /home/airflow/.local/lib/python3.8/site-packages/airflow/example_dags/example_nested_branch_dag.py
[2025-10-15T07:57:56.194+0000] {processor.py:830} INFO - Processing file /home/airflow/.local/lib/python3.8/site-packages/airflow/example_dags/example_nested_branch_dag.py for tasks to queue
[2025-10-15T07:57:56.196+0000] {logging_mixin.py:188} INFO - [2025-10-15T07:57:56.196+0000] {dagbag.py:540} INFO - Filling up the DagBag from /home/airflow/.local/lib/python3.8/site-packages/airflow/example_dags/example_nested_branch_dag.py
[2025-10-15T07:57:56.204+0000] {processor.py:840} INFO - DAG(s) 'example_nested_branch_dag' retrieved from /home/airflow/.local/lib/python3.8/site-packages/airflow/example_dags/example_nested_branch_dag.py
[2025-10-15T07:57:56.222+0000] {logging_mixin.py:188} INFO - [2025-10-15T07:57:56.221+0000] {dag.py:3047} INFO - Sync 1 DAGs
[2025-10-15T07:57:56.252+0000] {logging_mixin.py:188} INFO - [2025-10-15T07:57:56.251+0000] {dag.py:3834} INFO - Setting next_dagrun for example_nested_branch_dag to 2025-10-14 00:00:00+00:00, run_after=2025-10-15 00:00:00+00:00
[2025-10-15T07:57:56.269+0000] {processor.py:183} INFO - Processing /home/airflow/.local/lib/python3.8/site-packages/airflow/example_dags/example_nested_branch_dag.py took 0.079 seconds
[2025-10-15T07:58:26.360+0000] {processor.py:161} INFO - Started process (PID=2103) to work on /home/airflow/.local/lib/python3.8/site-packages/airflow/example_dags/example_nested_branch_dag.py
[2025-10-15T07:58:26.360+0000] {processor.py:830} INFO - Processing file /home/airflow/.local/lib/python3.8/site-packages/airflow/example_dags/example_nested_branch_dag.py for tasks to queue
[2025-10-15T07:58:26.362+0000] {logging_mixin.py:188} INFO - [2025-10-15T07:58:26.362+0000] {dagbag.py:540} INFO - Filling up the DagBag from /home/airflow/.local/lib/python3.8/site-packages/airflow/example_dags/example_nested_branch_dag.py
[2025-10-15T07:58:26.370+0000] {processor.py:840} INFO - DAG(s) 'example_nested_branch_dag' retrieved from /home/airflow/.local/lib/python3.8/site-packages/airflow/example_dags/example_nested_branch_dag.py
[2025-10-15T07:58:26.389+0000] {logging_mixin.py:188} INFO - [2025-10-15T07:58:26.388+0000] {dag.py:3047} INFO - Sync 1 DAGs
[2025-10-15T07:58:26.408+0000] {logging_mixin.py:188} INFO - [2025-10-15T07:58:26.408+0000] {dag.py:3834} INFO - Setting next_dagrun for example_nested_branch_dag to 2025-10-14 00:00:00+00:00, run_after=2025-10-15 00:00:00+00:00
[2025-10-15T07:58:26.424+0000] {processor.py:183} INFO - Processing /home/airflow/.local/lib/python3.8/site-packages/airflow/example_dags/example_nested_branch_dag.py took 0.067 seconds
[2025-10-15T07:58:57.459+0000] {processor.py:161} INFO - Started process (PID=2164) to work on /home/airflow/.local/lib/python3.8/site-packages/airflow/example_dags/example_nested_branch_dag.py
[2025-10-15T07:58:57.460+0000] {processor.py:830} INFO - Processing file /home/airflow/.local/lib/python3.8/site-packages/airflow/example_dags/example_nested_branch_dag.py for tasks to queue
[2025-10-15T07:58:57.462+0000] {logging_mixin.py:188} INFO - [2025-10-15T07:58:57.462+0000] {dagbag.py:540} INFO - Filling up the DagBag from /home/airflow/.local/lib/python3.8/site-packages/airflow/example_dags/example_nested_branch_dag.py
[2025-10-15T07:58:57.470+0000] {processor.py:840} INFO - DAG(s) 'example_nested_branch_dag' retrieved from /home/airflow/.local/lib/python3.8/site-packages/airflow/example_dags/example_nested_branch_dag.py
[2025-10-15T07:58:57.488+0000] {logging_mixin.py:188} INFO - [2025-10-15T07:58:57.488+0000] {dag.py:3047} INFO - Sync 1 DAGs
[2025-10-15T07:58:57.507+0000] {logging_mixin.py:188} INFO - [2025-10-15T07:58:57.506+0000] {dag.py:3834} INFO - Setting next_dagrun for example_nested_branch_dag to 2025-10-14 00:00:00+00:00, run_after=2025-10-15 00:00:00+00:00
[2025-10-15T07:58:57.522+0000] {processor.py:183} INFO - Processing /home/airflow/.local/lib/python3.8/site-packages/airflow/example_dags/example_nested_branch_dag.py took 0.065 seconds
[2025-10-15T07:59:27.653+0000] {processor.py:161} INFO - Started process (PID=2224) to work on /home/airflow/.local/lib/python3.8/site-packages/airflow/example_dags/example_nested_branch_dag.py
[2025-10-15T07:59:27.654+0000] {processor.py:830} INFO - Processing file /home/airflow/.local/lib/python3.8/site-packages/airflow/example_dags/example_nested_branch_dag.py for tasks to queue
[2025-10-15T07:59:27.656+0000] {logging_mixin.py:188} INFO - [2025-10-15T07:59:27.655+0000] {dagbag.py:540} INFO - Filling up the DagBag from /home/airflow/.local/lib/python3.8/site-packages/airflow/example_dags/example_nested_branch_dag.py
[2025-10-15T07:59:27.664+0000] {processor.py:840} INFO - DAG(s) 'example_nested_branch_dag' retrieved from /home/airflow/.local/lib/python3.8/site-packages/airflow/example_dags/example_nested_branch_dag.py
[2025-10-15T07:59:27.682+0000] {logging_mixin.py:188} INFO - [2025-10-15T07:59:27.682+0000] {dag.py:3047} INFO - Sync 1 DAGs
[2025-10-15T07:59:27.701+0000] {logging_mixin.py:188} INFO - [2025-10-15T07:59:27.700+0000] {dag.py:3834} INFO - Setting next_dagrun for example_nested_branch_dag to 2025-10-14 00:00:00+00:00, run_after=2025-10-15 00:00:00+00:00
[2025-10-15T07:59:27.716+0000] {processor.py:183} INFO - Processing /home/airflow/.local/lib/python3.8/site-packages/airflow/example_dags/example_nested_branch_dag.py took 0.065 seconds
[2025-10-15T07:59:58.627+0000] {processor.py:161} INFO - Started process (PID=2283) to work on /home/airflow/.local/lib/python3.8/site-packages/airflow/example_dags/example_nested_branch_dag.py
[2025-10-15T07:59:58.628+0000] {processor.py:830} INFO - Processing file /home/airflow/.local/lib/python3.8/site-packages/airflow/example_dags/example_nested_branch_dag.py for tasks to queue
[2025-10-15T07:59:58.629+0000] {logging_mixin.py:188} INFO - [2025-10-15T07:59:58.629+0000] {dagbag.py:540} INFO - Filling up the DagBag from /home/airflow/.local/lib/python3.8/site-packages/airflow/example_dags/example_nested_branch_dag.py
[2025-10-15T07:59:58.638+0000] {processor.py:840} INFO - DAG(s) 'example_nested_branch_dag' retrieved from /home/airflow/.local/lib/python3.8/site-packages/airflow/example_dags/example_nested_branch_dag.py
[2025-10-15T07:59:58.657+0000] {logging_mixin.py:188} INFO - [2025-10-15T07:59:58.656+0000] {dag.py:3047} INFO - Sync 1 DAGs
[2025-10-15T07:59:58.677+0000] {logging_mixin.py:188} INFO - [2025-10-15T07:59:58.677+0000] {dag.py:3834} INFO - Setting next_dagrun for example_nested_branch_dag to 2025-10-14 00:00:00+00:00, run_after=2025-10-15 00:00:00+00:00
[2025-10-15T07:59:58.694+0000] {processor.py:183} INFO - Processing /home/airflow/.local/lib/python3.8/site-packages/airflow/example_dags/example_nested_branch_dag.py took 0.069 seconds
[2025-10-15T08:00:28.751+0000] {processor.py:161} INFO - Started process (PID=2344) to work on /home/airflow/.local/lib/python3.8/site-packages/airflow/example_dags/example_nested_branch_dag.py
[2025-10-15T08:00:28.751+0000] {processor.py:830} INFO - Processing file /home/airflow/.local/lib/python3.8/site-packages/airflow/example_dags/example_nested_branch_dag.py for tasks to queue
[2025-10-15T08:00:28.752+0000] {logging_mixin.py:188} INFO - [2025-10-15T08:00:28.752+0000] {dagbag.py:540} INFO - Filling up the DagBag from /home/airflow/.local/lib/python3.8/site-packages/airflow/example_dags/example_nested_branch_dag.py
[2025-10-15T08:00:28.762+0000] {processor.py:840} INFO - DAG(s) 'example_nested_branch_dag' retrieved from /home/airflow/.local/lib/python3.8/site-packages/airflow/example_dags/example_nested_branch_dag.py
[2025-10-15T08:00:28.781+0000] {logging_mixin.py:188} INFO - [2025-10-15T08:00:28.781+0000] {dag.py:3047} INFO - Sync 1 DAGs
[2025-10-15T08:00:28.801+0000] {logging_mixin.py:188} INFO - [2025-10-15T08:00:28.801+0000] {dag.py:3834} INFO - Setting next_dagrun for example_nested_branch_dag to 2025-10-14 00:00:00+00:00, run_after=2025-10-15 00:00:00+00:00
[2025-10-15T08:00:28.824+0000] {processor.py:183} INFO - Processing /home/airflow/.local/lib/python3.8/site-packages/airflow/example_dags/example_nested_branch_dag.py took 0.076 seconds
[2025-10-15T08:00:59.084+0000] {processor.py:161} INFO - Started process (PID=2407) to work on /home/airflow/.local/lib/python3.8/site-packages/airflow/example_dags/example_nested_branch_dag.py
[2025-10-15T08:00:59.085+0000] {processor.py:830} INFO - Processing file /home/airflow/.local/lib/python3.8/site-packages/airflow/example_dags/example_nested_branch_dag.py for tasks to queue
[2025-10-15T08:00:59.086+0000] {logging_mixin.py:188} INFO - [2025-10-15T08:00:59.086+0000] {dagbag.py:540} INFO - Filling up the DagBag from /home/airflow/.local/lib/python3.8/site-packages/airflow/example_dags/example_nested_branch_dag.py
[2025-10-15T08:00:59.095+0000] {processor.py:840} INFO - DAG(s) 'example_nested_branch_dag' retrieved from /home/airflow/.local/lib/python3.8/site-packages/airflow/example_dags/example_nested_branch_dag.py
[2025-10-15T08:00:59.115+0000] {logging_mixin.py:188} INFO - [2025-10-15T08:00:59.115+0000] {dag.py:3047} INFO - Sync 1 DAGs
[2025-10-15T08:00:59.135+0000] {logging_mixin.py:188} INFO - [2025-10-15T08:00:59.135+0000] {dag.py:3834} INFO - Setting next_dagrun for example_nested_branch_dag to 2025-10-14 00:00:00+00:00, run_after=2025-10-15 00:00:00+00:00
[2025-10-15T08:00:59.151+0000] {processor.py:183} INFO - Processing /home/airflow/.local/lib/python3.8/site-packages/airflow/example_dags/example_nested_branch_dag.py took 0.069 seconds
[2025-10-15T08:01:29.435+0000] {processor.py:161} INFO - Started process (PID=2470) to work on /home/airflow/.local/lib/python3.8/site-packages/airflow/example_dags/example_nested_branch_dag.py
[2025-10-15T08:01:29.436+0000] {processor.py:830} INFO - Processing file /home/airflow/.local/lib/python3.8/site-packages/airflow/example_dags/example_nested_branch_dag.py for tasks to queue
[2025-10-15T08:01:29.437+0000] {logging_mixin.py:188} INFO - [2025-10-15T08:01:29.437+0000] {dagbag.py:540} INFO - Filling up the DagBag from /home/airflow/.local/lib/python3.8/site-packages/airflow/example_dags/example_nested_branch_dag.py
[2025-10-15T08:01:29.446+0000] {processor.py:840} INFO - DAG(s) 'example_nested_branch_dag' retrieved from /home/airflow/.local/lib/python3.8/site-packages/airflow/example_dags/example_nested_branch_dag.py
[2025-10-15T08:01:29.466+0000] {logging_mixin.py:188} INFO - [2025-10-15T08:01:29.465+0000] {dag.py:3047} INFO - Sync 1 DAGs
[2025-10-15T08:01:29.486+0000] {logging_mixin.py:188} INFO - [2025-10-15T08:01:29.486+0000] {dag.py:3834} INFO - Setting next_dagrun for example_nested_branch_dag to 2025-10-14 00:00:00+00:00, run_after=2025-10-15 00:00:00+00:00
[2025-10-15T08:01:29.504+0000] {processor.py:183} INFO - Processing /home/airflow/.local/lib/python3.8/site-packages/airflow/example_dags/example_nested_branch_dag.py took 0.072 seconds
[2025-10-15T08:01:59.680+0000] {processor.py:161} INFO - Started process (PID=2530) to work on /home/airflow/.local/lib/python3.8/site-packages/airflow/example_dags/example_nested_branch_dag.py
[2025-10-15T08:01:59.681+0000] {processor.py:830} INFO - Processing file /home/airflow/.local/lib/python3.8/site-packages/airflow/example_dags/example_nested_branch_dag.py for tasks to queue
[2025-10-15T08:01:59.682+0000] {logging_mixin.py:188} INFO - [2025-10-15T08:01:59.682+0000] {dagbag.py:540} INFO - Filling up the DagBag from /home/airflow/.local/lib/python3.8/site-packages/airflow/example_dags/example_nested_branch_dag.py
[2025-10-15T08:01:59.691+0000] {processor.py:840} INFO - DAG(s) 'example_nested_branch_dag' retrieved from /home/airflow/.local/lib/python3.8/site-packages/airflow/example_dags/example_nested_branch_dag.py
[2025-10-15T08:01:59.710+0000] {logging_mixin.py:188} INFO - [2025-10-15T08:01:59.710+0000] {dag.py:3047} INFO - Sync 1 DAGs
[2025-10-15T08:01:59.732+0000] {logging_mixin.py:188} INFO - [2025-10-15T08:01:59.732+0000] {dag.py:3834} INFO - Setting next_dagrun for example_nested_branch_dag to 2025-10-14 00:00:00+00:00, run_after=2025-10-15 00:00:00+00:00
[2025-10-15T08:01:59.749+0000] {processor.py:183} INFO - Processing /home/airflow/.local/lib/python3.8/site-packages/airflow/example_dags/example_nested_branch_dag.py took 0.071 seconds
[2025-10-15T08:02:29.854+0000] {processor.py:161} INFO - Started process (PID=2593) to work on /home/airflow/.local/lib/python3.8/site-packages/airflow/example_dags/example_nested_branch_dag.py
[2025-10-15T08:02:29.855+0000] {processor.py:830} INFO - Processing file /home/airflow/.local/lib/python3.8/site-packages/airflow/example_dags/example_nested_branch_dag.py for tasks to queue
[2025-10-15T08:02:29.856+0000] {logging_mixin.py:188} INFO - [2025-10-15T08:02:29.856+0000] {dagbag.py:540} INFO - Filling up the DagBag from /home/airflow/.local/lib/python3.8/site-packages/airflow/example_dags/example_nested_branch_dag.py
[2025-10-15T08:02:29.865+0000] {processor.py:840} INFO - DAG(s) 'example_nested_branch_dag' retrieved from /home/airflow/.local/lib/python3.8/site-packages/airflow/example_dags/example_nested_branch_dag.py
[2025-10-15T08:02:29.884+0000] {logging_mixin.py:188} INFO - [2025-10-15T08:02:29.884+0000] {dag.py:3047} INFO - Sync 1 DAGs
[2025-10-15T08:02:29.904+0000] {logging_mixin.py:188} INFO - [2025-10-15T08:02:29.904+0000] {dag.py:3834} INFO - Setting next_dagrun for example_nested_branch_dag to 2025-10-14 00:00:00+00:00, run_after=2025-10-15 00:00:00+00:00
[2025-10-15T08:02:29.924+0000] {processor.py:183} INFO - Processing /home/airflow/.local/lib/python3.8/site-packages/airflow/example_dags/example_nested_branch_dag.py took 0.072 seconds
[2025-10-15T08:03:00.149+0000] {processor.py:161} INFO - Started process (PID=2653) to work on /home/airflow/.local/lib/python3.8/site-packages/airflow/example_dags/example_nested_branch_dag.py
[2025-10-15T08:03:00.150+0000] {processor.py:830} INFO - Processing file /home/airflow/.local/lib/python3.8/site-packages/airflow/example_dags/example_nested_branch_dag.py for tasks to queue
[2025-10-15T08:03:00.151+0000] {logging_mixin.py:188} INFO - [2025-10-15T08:03:00.151+0000] {dagbag.py:540} INFO - Filling up the DagBag from /home/airflow/.local/lib/python3.8/site-packages/airflow/example_dags/example_nested_branch_dag.py
[2025-10-15T08:03:00.161+0000] {processor.py:840} INFO - DAG(s) 'example_nested_branch_dag' retrieved from /home/airflow/.local/lib/python3.8/site-packages/airflow/example_dags/example_nested_branch_dag.py
[2025-10-15T08:03:00.179+0000] {logging_mixin.py:188} INFO - [2025-10-15T08:03:00.179+0000] {dag.py:3047} INFO - Sync 1 DAGs
[2025-10-15T08:03:00.201+0000] {logging_mixin.py:188} INFO - [2025-10-15T08:03:00.201+0000] {dag.py:3834} INFO - Setting next_dagrun for example_nested_branch_dag to 2025-10-14 00:00:00+00:00, run_after=2025-10-15 00:00:00+00:00
[2025-10-15T08:03:00.219+0000] {processor.py:183} INFO - Processing /home/airflow/.local/lib/python3.8/site-packages/airflow/example_dags/example_nested_branch_dag.py took 0.073 seconds
