[2025-10-15T07:41:42.440+0000] {processor.py:161} INFO - Started process (PID=104) to work on /home/airflow/.local/lib/python3.8/site-packages/airflow/example_dags/tutorial_dag.py
[2025-10-15T07:41:42.441+0000] {processor.py:830} INFO - Processing file /home/airflow/.local/lib/python3.8/site-packages/airflow/example_dags/tutorial_dag.py for tasks to queue
[2025-10-15T07:41:42.443+0000] {logging_mixin.py:188} INFO - [2025-10-15T07:41:42.443+0000] {dagbag.py:540} INFO - Filling up the DagBag from /home/airflow/.local/lib/python3.8/site-packages/airflow/example_dags/tutorial_dag.py
[2025-10-15T07:41:42.455+0000] {processor.py:840} INFO - DAG(s) 'tutorial_dag' retrieved from /home/airflow/.local/lib/python3.8/site-packages/airflow/example_dags/tutorial_dag.py
[2025-10-15T07:41:42.565+0000] {logging_mixin.py:188} INFO - [2025-10-15T07:41:42.565+0000] {dag.py:3047} INFO - Sync 1 DAGs
[2025-10-15T07:41:42.578+0000] {logging_mixin.py:188} INFO - [2025-10-15T07:41:42.578+0000] {dag.py:3834} INFO - Setting next_dagrun for tutorial_dag to None, run_after=None
[2025-10-15T07:41:42.602+0000] {processor.py:183} INFO - Processing /home/airflow/.local/lib/python3.8/site-packages/airflow/example_dags/tutorial_dag.py took 0.164 seconds
[2025-10-15T07:42:12.707+0000] {processor.py:161} INFO - Started process (PID=165) to work on /home/airflow/.local/lib/python3.8/site-packages/airflow/example_dags/tutorial_dag.py
[2025-10-15T07:42:12.708+0000] {processor.py:830} INFO - Processing file /home/airflow/.local/lib/python3.8/site-packages/airflow/example_dags/tutorial_dag.py for tasks to queue
[2025-10-15T07:42:12.709+0000] {logging_mixin.py:188} INFO - [2025-10-15T07:42:12.709+0000] {dagbag.py:540} INFO - Filling up the DagBag from /home/airflow/.local/lib/python3.8/site-packages/airflow/example_dags/tutorial_dag.py
[2025-10-15T07:42:12.714+0000] {processor.py:840} INFO - DAG(s) 'tutorial_dag' retrieved from /home/airflow/.local/lib/python3.8/site-packages/airflow/example_dags/tutorial_dag.py
[2025-10-15T07:42:12.731+0000] {logging_mixin.py:188} INFO - [2025-10-15T07:42:12.731+0000] {dag.py:3047} INFO - Sync 1 DAGs
[2025-10-15T07:42:12.743+0000] {logging_mixin.py:188} INFO - [2025-10-15T07:42:12.743+0000] {dag.py:3834} INFO - Setting next_dagrun for tutorial_dag to None, run_after=None
[2025-10-15T07:42:12.762+0000] {processor.py:183} INFO - Processing /home/airflow/.local/lib/python3.8/site-packages/airflow/example_dags/tutorial_dag.py took 0.058 seconds
[2025-10-15T07:42:43.032+0000] {processor.py:161} INFO - Started process (PID=225) to work on /home/airflow/.local/lib/python3.8/site-packages/airflow/example_dags/tutorial_dag.py
[2025-10-15T07:42:43.033+0000] {processor.py:830} INFO - Processing file /home/airflow/.local/lib/python3.8/site-packages/airflow/example_dags/tutorial_dag.py for tasks to queue
[2025-10-15T07:42:43.035+0000] {logging_mixin.py:188} INFO - [2025-10-15T07:42:43.034+0000] {dagbag.py:540} INFO - Filling up the DagBag from /home/airflow/.local/lib/python3.8/site-packages/airflow/example_dags/tutorial_dag.py
[2025-10-15T07:42:43.039+0000] {processor.py:840} INFO - DAG(s) 'tutorial_dag' retrieved from /home/airflow/.local/lib/python3.8/site-packages/airflow/example_dags/tutorial_dag.py
[2025-10-15T07:42:43.055+0000] {logging_mixin.py:188} INFO - [2025-10-15T07:42:43.055+0000] {dag.py:3047} INFO - Sync 1 DAGs
[2025-10-15T07:42:43.066+0000] {logging_mixin.py:188} INFO - [2025-10-15T07:42:43.065+0000] {dag.py:3834} INFO - Setting next_dagrun for tutorial_dag to None, run_after=None
[2025-10-15T07:42:43.081+0000] {processor.py:183} INFO - Processing /home/airflow/.local/lib/python3.8/site-packages/airflow/example_dags/tutorial_dag.py took 0.051 seconds
[2025-10-15T07:43:14.388+0000] {processor.py:161} INFO - Started process (PID=285) to work on /home/airflow/.local/lib/python3.8/site-packages/airflow/example_dags/tutorial_dag.py
[2025-10-15T07:43:14.389+0000] {processor.py:830} INFO - Processing file /home/airflow/.local/lib/python3.8/site-packages/airflow/example_dags/tutorial_dag.py for tasks to queue
[2025-10-15T07:43:14.391+0000] {logging_mixin.py:188} INFO - [2025-10-15T07:43:14.391+0000] {dagbag.py:540} INFO - Filling up the DagBag from /home/airflow/.local/lib/python3.8/site-packages/airflow/example_dags/tutorial_dag.py
[2025-10-15T07:43:14.398+0000] {processor.py:840} INFO - DAG(s) 'tutorial_dag' retrieved from /home/airflow/.local/lib/python3.8/site-packages/airflow/example_dags/tutorial_dag.py
[2025-10-15T07:43:14.416+0000] {logging_mixin.py:188} INFO - [2025-10-15T07:43:14.416+0000] {dag.py:3047} INFO - Sync 1 DAGs
[2025-10-15T07:43:14.429+0000] {logging_mixin.py:188} INFO - [2025-10-15T07:43:14.429+0000] {dag.py:3834} INFO - Setting next_dagrun for tutorial_dag to None, run_after=None
[2025-10-15T07:43:14.448+0000] {processor.py:183} INFO - Processing /home/airflow/.local/lib/python3.8/site-packages/airflow/example_dags/tutorial_dag.py took 0.063 seconds
[2025-10-15T07:43:44.732+0000] {processor.py:161} INFO - Started process (PID=345) to work on /home/airflow/.local/lib/python3.8/site-packages/airflow/example_dags/tutorial_dag.py
[2025-10-15T07:43:44.733+0000] {processor.py:830} INFO - Processing file /home/airflow/.local/lib/python3.8/site-packages/airflow/example_dags/tutorial_dag.py for tasks to queue
[2025-10-15T07:43:44.735+0000] {logging_mixin.py:188} INFO - [2025-10-15T07:43:44.734+0000] {dagbag.py:540} INFO - Filling up the DagBag from /home/airflow/.local/lib/python3.8/site-packages/airflow/example_dags/tutorial_dag.py
[2025-10-15T07:43:44.742+0000] {processor.py:840} INFO - DAG(s) 'tutorial_dag' retrieved from /home/airflow/.local/lib/python3.8/site-packages/airflow/example_dags/tutorial_dag.py
[2025-10-15T07:43:44.764+0000] {logging_mixin.py:188} INFO - [2025-10-15T07:43:44.763+0000] {dag.py:3047} INFO - Sync 1 DAGs
[2025-10-15T07:43:44.774+0000] {logging_mixin.py:188} INFO - [2025-10-15T07:43:44.774+0000] {dag.py:3834} INFO - Setting next_dagrun for tutorial_dag to None, run_after=None
[2025-10-15T07:43:44.794+0000] {processor.py:183} INFO - Processing /home/airflow/.local/lib/python3.8/site-packages/airflow/example_dags/tutorial_dag.py took 0.065 seconds
[2025-10-15T07:44:15.162+0000] {processor.py:161} INFO - Started process (PID=405) to work on /home/airflow/.local/lib/python3.8/site-packages/airflow/example_dags/tutorial_dag.py
[2025-10-15T07:44:15.163+0000] {processor.py:830} INFO - Processing file /home/airflow/.local/lib/python3.8/site-packages/airflow/example_dags/tutorial_dag.py for tasks to queue
[2025-10-15T07:44:15.165+0000] {logging_mixin.py:188} INFO - [2025-10-15T07:44:15.164+0000] {dagbag.py:540} INFO - Filling up the DagBag from /home/airflow/.local/lib/python3.8/site-packages/airflow/example_dags/tutorial_dag.py
[2025-10-15T07:44:15.169+0000] {processor.py:840} INFO - DAG(s) 'tutorial_dag' retrieved from /home/airflow/.local/lib/python3.8/site-packages/airflow/example_dags/tutorial_dag.py
[2025-10-15T07:44:15.187+0000] {logging_mixin.py:188} INFO - [2025-10-15T07:44:15.187+0000] {dag.py:3047} INFO - Sync 1 DAGs
[2025-10-15T07:44:15.198+0000] {logging_mixin.py:188} INFO - [2025-10-15T07:44:15.198+0000] {dag.py:3834} INFO - Setting next_dagrun for tutorial_dag to None, run_after=None
[2025-10-15T07:44:15.216+0000] {processor.py:183} INFO - Processing /home/airflow/.local/lib/python3.8/site-packages/airflow/example_dags/tutorial_dag.py took 0.057 seconds
[2025-10-15T07:44:45.476+0000] {processor.py:161} INFO - Started process (PID=465) to work on /home/airflow/.local/lib/python3.8/site-packages/airflow/example_dags/tutorial_dag.py
[2025-10-15T07:44:45.477+0000] {processor.py:830} INFO - Processing file /home/airflow/.local/lib/python3.8/site-packages/airflow/example_dags/tutorial_dag.py for tasks to queue
[2025-10-15T07:44:45.479+0000] {logging_mixin.py:188} INFO - [2025-10-15T07:44:45.479+0000] {dagbag.py:540} INFO - Filling up the DagBag from /home/airflow/.local/lib/python3.8/site-packages/airflow/example_dags/tutorial_dag.py
[2025-10-15T07:44:45.483+0000] {processor.py:840} INFO - DAG(s) 'tutorial_dag' retrieved from /home/airflow/.local/lib/python3.8/site-packages/airflow/example_dags/tutorial_dag.py
[2025-10-15T07:44:45.501+0000] {logging_mixin.py:188} INFO - [2025-10-15T07:44:45.501+0000] {dag.py:3047} INFO - Sync 1 DAGs
[2025-10-15T07:44:45.514+0000] {logging_mixin.py:188} INFO - [2025-10-15T07:44:45.513+0000] {dag.py:3834} INFO - Setting next_dagrun for tutorial_dag to None, run_after=None
[2025-10-15T07:44:45.533+0000] {processor.py:183} INFO - Processing /home/airflow/.local/lib/python3.8/site-packages/airflow/example_dags/tutorial_dag.py took 0.059 seconds
[2025-10-15T07:45:15.817+0000] {processor.py:161} INFO - Started process (PID=526) to work on /home/airflow/.local/lib/python3.8/site-packages/airflow/example_dags/tutorial_dag.py
[2025-10-15T07:45:15.818+0000] {processor.py:830} INFO - Processing file /home/airflow/.local/lib/python3.8/site-packages/airflow/example_dags/tutorial_dag.py for tasks to queue
[2025-10-15T07:45:15.820+0000] {logging_mixin.py:188} INFO - [2025-10-15T07:45:15.819+0000] {dagbag.py:540} INFO - Filling up the DagBag from /home/airflow/.local/lib/python3.8/site-packages/airflow/example_dags/tutorial_dag.py
[2025-10-15T07:45:15.825+0000] {processor.py:840} INFO - DAG(s) 'tutorial_dag' retrieved from /home/airflow/.local/lib/python3.8/site-packages/airflow/example_dags/tutorial_dag.py
[2025-10-15T07:45:15.843+0000] {logging_mixin.py:188} INFO - [2025-10-15T07:45:15.843+0000] {dag.py:3047} INFO - Sync 1 DAGs
[2025-10-15T07:45:15.855+0000] {logging_mixin.py:188} INFO - [2025-10-15T07:45:15.854+0000] {dag.py:3834} INFO - Setting next_dagrun for tutorial_dag to None, run_after=None
[2025-10-15T07:45:15.873+0000] {processor.py:183} INFO - Processing /home/airflow/.local/lib/python3.8/site-packages/airflow/example_dags/tutorial_dag.py took 0.059 seconds
[2025-10-15T07:45:45.993+0000] {processor.py:161} INFO - Started process (PID=585) to work on /home/airflow/.local/lib/python3.8/site-packages/airflow/example_dags/tutorial_dag.py
[2025-10-15T07:45:45.994+0000] {processor.py:830} INFO - Processing file /home/airflow/.local/lib/python3.8/site-packages/airflow/example_dags/tutorial_dag.py for tasks to queue
[2025-10-15T07:45:45.995+0000] {logging_mixin.py:188} INFO - [2025-10-15T07:45:45.995+0000] {dagbag.py:540} INFO - Filling up the DagBag from /home/airflow/.local/lib/python3.8/site-packages/airflow/example_dags/tutorial_dag.py
[2025-10-15T07:45:46.000+0000] {processor.py:840} INFO - DAG(s) 'tutorial_dag' retrieved from /home/airflow/.local/lib/python3.8/site-packages/airflow/example_dags/tutorial_dag.py
[2025-10-15T07:45:46.016+0000] {logging_mixin.py:188} INFO - [2025-10-15T07:45:46.016+0000] {dag.py:3047} INFO - Sync 1 DAGs
[2025-10-15T07:45:46.027+0000] {logging_mixin.py:188} INFO - [2025-10-15T07:45:46.027+0000] {dag.py:3834} INFO - Setting next_dagrun for tutorial_dag to None, run_after=None
[2025-10-15T07:45:46.043+0000] {processor.py:183} INFO - Processing /home/airflow/.local/lib/python3.8/site-packages/airflow/example_dags/tutorial_dag.py took 0.053 seconds
[2025-10-15T07:46:16.798+0000] {processor.py:161} INFO - Started process (PID=646) to work on /home/airflow/.local/lib/python3.8/site-packages/airflow/example_dags/tutorial_dag.py
[2025-10-15T07:46:16.799+0000] {processor.py:830} INFO - Processing file /home/airflow/.local/lib/python3.8/site-packages/airflow/example_dags/tutorial_dag.py for tasks to queue
[2025-10-15T07:46:16.801+0000] {logging_mixin.py:188} INFO - [2025-10-15T07:46:16.801+0000] {dagbag.py:540} INFO - Filling up the DagBag from /home/airflow/.local/lib/python3.8/site-packages/airflow/example_dags/tutorial_dag.py
[2025-10-15T07:46:16.806+0000] {processor.py:840} INFO - DAG(s) 'tutorial_dag' retrieved from /home/airflow/.local/lib/python3.8/site-packages/airflow/example_dags/tutorial_dag.py
[2025-10-15T07:46:16.823+0000] {logging_mixin.py:188} INFO - [2025-10-15T07:46:16.823+0000] {dag.py:3047} INFO - Sync 1 DAGs
[2025-10-15T07:46:16.834+0000] {logging_mixin.py:188} INFO - [2025-10-15T07:46:16.834+0000] {dag.py:3834} INFO - Setting next_dagrun for tutorial_dag to None, run_after=None
[2025-10-15T07:46:16.851+0000] {processor.py:183} INFO - Processing /home/airflow/.local/lib/python3.8/site-packages/airflow/example_dags/tutorial_dag.py took 0.056 seconds
[2025-10-15T07:46:47.579+0000] {processor.py:161} INFO - Started process (PID=706) to work on /home/airflow/.local/lib/python3.8/site-packages/airflow/example_dags/tutorial_dag.py
[2025-10-15T07:46:47.580+0000] {processor.py:830} INFO - Processing file /home/airflow/.local/lib/python3.8/site-packages/airflow/example_dags/tutorial_dag.py for tasks to queue
[2025-10-15T07:46:47.582+0000] {logging_mixin.py:188} INFO - [2025-10-15T07:46:47.582+0000] {dagbag.py:540} INFO - Filling up the DagBag from /home/airflow/.local/lib/python3.8/site-packages/airflow/example_dags/tutorial_dag.py
[2025-10-15T07:46:47.587+0000] {processor.py:840} INFO - DAG(s) 'tutorial_dag' retrieved from /home/airflow/.local/lib/python3.8/site-packages/airflow/example_dags/tutorial_dag.py
[2025-10-15T07:46:47.605+0000] {logging_mixin.py:188} INFO - [2025-10-15T07:46:47.605+0000] {dag.py:3047} INFO - Sync 1 DAGs
[2025-10-15T07:46:47.616+0000] {logging_mixin.py:188} INFO - [2025-10-15T07:46:47.616+0000] {dag.py:3834} INFO - Setting next_dagrun for tutorial_dag to None, run_after=None
[2025-10-15T07:46:47.633+0000] {processor.py:183} INFO - Processing /home/airflow/.local/lib/python3.8/site-packages/airflow/example_dags/tutorial_dag.py took 0.057 seconds
[2025-10-15T07:47:18.431+0000] {processor.py:161} INFO - Started process (PID=766) to work on /home/airflow/.local/lib/python3.8/site-packages/airflow/example_dags/tutorial_dag.py
[2025-10-15T07:47:18.432+0000] {processor.py:830} INFO - Processing file /home/airflow/.local/lib/python3.8/site-packages/airflow/example_dags/tutorial_dag.py for tasks to queue
[2025-10-15T07:47:18.433+0000] {logging_mixin.py:188} INFO - [2025-10-15T07:47:18.433+0000] {dagbag.py:540} INFO - Filling up the DagBag from /home/airflow/.local/lib/python3.8/site-packages/airflow/example_dags/tutorial_dag.py
[2025-10-15T07:47:18.438+0000] {processor.py:840} INFO - DAG(s) 'tutorial_dag' retrieved from /home/airflow/.local/lib/python3.8/site-packages/airflow/example_dags/tutorial_dag.py
[2025-10-15T07:47:18.457+0000] {logging_mixin.py:188} INFO - [2025-10-15T07:47:18.456+0000] {dag.py:3047} INFO - Sync 1 DAGs
[2025-10-15T07:47:18.469+0000] {logging_mixin.py:188} INFO - [2025-10-15T07:47:18.468+0000] {dag.py:3834} INFO - Setting next_dagrun for tutorial_dag to None, run_after=None
[2025-10-15T07:47:18.487+0000] {processor.py:183} INFO - Processing /home/airflow/.local/lib/python3.8/site-packages/airflow/example_dags/tutorial_dag.py took 0.059 seconds
[2025-10-15T07:47:48.551+0000] {processor.py:161} INFO - Started process (PID=824) to work on /home/airflow/.local/lib/python3.8/site-packages/airflow/example_dags/tutorial_dag.py
[2025-10-15T07:47:48.552+0000] {processor.py:830} INFO - Processing file /home/airflow/.local/lib/python3.8/site-packages/airflow/example_dags/tutorial_dag.py for tasks to queue
[2025-10-15T07:47:48.554+0000] {logging_mixin.py:188} INFO - [2025-10-15T07:47:48.554+0000] {dagbag.py:540} INFO - Filling up the DagBag from /home/airflow/.local/lib/python3.8/site-packages/airflow/example_dags/tutorial_dag.py
[2025-10-15T07:47:48.558+0000] {processor.py:840} INFO - DAG(s) 'tutorial_dag' retrieved from /home/airflow/.local/lib/python3.8/site-packages/airflow/example_dags/tutorial_dag.py
[2025-10-15T07:47:48.575+0000] {logging_mixin.py:188} INFO - [2025-10-15T07:47:48.574+0000] {dag.py:3047} INFO - Sync 1 DAGs
[2025-10-15T07:47:48.586+0000] {logging_mixin.py:188} INFO - [2025-10-15T07:47:48.585+0000] {dag.py:3834} INFO - Setting next_dagrun for tutorial_dag to None, run_after=None
[2025-10-15T07:47:48.602+0000] {processor.py:183} INFO - Processing /home/airflow/.local/lib/python3.8/site-packages/airflow/example_dags/tutorial_dag.py took 0.053 seconds
[2025-10-15T07:48:18.920+0000] {processor.py:161} INFO - Started process (PID=884) to work on /home/airflow/.local/lib/python3.8/site-packages/airflow/example_dags/tutorial_dag.py
[2025-10-15T07:48:18.921+0000] {processor.py:830} INFO - Processing file /home/airflow/.local/lib/python3.8/site-packages/airflow/example_dags/tutorial_dag.py for tasks to queue
[2025-10-15T07:48:18.923+0000] {logging_mixin.py:188} INFO - [2025-10-15T07:48:18.922+0000] {dagbag.py:540} INFO - Filling up the DagBag from /home/airflow/.local/lib/python3.8/site-packages/airflow/example_dags/tutorial_dag.py
[2025-10-15T07:48:18.928+0000] {processor.py:840} INFO - DAG(s) 'tutorial_dag' retrieved from /home/airflow/.local/lib/python3.8/site-packages/airflow/example_dags/tutorial_dag.py
[2025-10-15T07:48:18.945+0000] {logging_mixin.py:188} INFO - [2025-10-15T07:48:18.945+0000] {dag.py:3047} INFO - Sync 1 DAGs
[2025-10-15T07:48:18.956+0000] {logging_mixin.py:188} INFO - [2025-10-15T07:48:18.956+0000] {dag.py:3834} INFO - Setting next_dagrun for tutorial_dag to None, run_after=None
[2025-10-15T07:48:18.974+0000] {processor.py:183} INFO - Processing /home/airflow/.local/lib/python3.8/site-packages/airflow/example_dags/tutorial_dag.py took 0.057 seconds
[2025-10-15T07:48:49.189+0000] {processor.py:161} INFO - Started process (PID=944) to work on /home/airflow/.local/lib/python3.8/site-packages/airflow/example_dags/tutorial_dag.py
[2025-10-15T07:48:49.190+0000] {processor.py:830} INFO - Processing file /home/airflow/.local/lib/python3.8/site-packages/airflow/example_dags/tutorial_dag.py for tasks to queue
[2025-10-15T07:48:49.191+0000] {logging_mixin.py:188} INFO - [2025-10-15T07:48:49.191+0000] {dagbag.py:540} INFO - Filling up the DagBag from /home/airflow/.local/lib/python3.8/site-packages/airflow/example_dags/tutorial_dag.py
[2025-10-15T07:48:49.196+0000] {processor.py:840} INFO - DAG(s) 'tutorial_dag' retrieved from /home/airflow/.local/lib/python3.8/site-packages/airflow/example_dags/tutorial_dag.py
[2025-10-15T07:48:49.212+0000] {logging_mixin.py:188} INFO - [2025-10-15T07:48:49.212+0000] {dag.py:3047} INFO - Sync 1 DAGs
[2025-10-15T07:48:49.225+0000] {logging_mixin.py:188} INFO - [2025-10-15T07:48:49.225+0000] {dag.py:3834} INFO - Setting next_dagrun for tutorial_dag to None, run_after=None
[2025-10-15T07:48:49.243+0000] {processor.py:183} INFO - Processing /home/airflow/.local/lib/python3.8/site-packages/airflow/example_dags/tutorial_dag.py took 0.057 seconds
[2025-10-15T07:49:19.642+0000] {processor.py:161} INFO - Started process (PID=1006) to work on /home/airflow/.local/lib/python3.8/site-packages/airflow/example_dags/tutorial_dag.py
[2025-10-15T07:49:19.643+0000] {processor.py:830} INFO - Processing file /home/airflow/.local/lib/python3.8/site-packages/airflow/example_dags/tutorial_dag.py for tasks to queue
[2025-10-15T07:49:19.645+0000] {logging_mixin.py:188} INFO - [2025-10-15T07:49:19.645+0000] {dagbag.py:540} INFO - Filling up the DagBag from /home/airflow/.local/lib/python3.8/site-packages/airflow/example_dags/tutorial_dag.py
[2025-10-15T07:49:19.650+0000] {processor.py:840} INFO - DAG(s) 'tutorial_dag' retrieved from /home/airflow/.local/lib/python3.8/site-packages/airflow/example_dags/tutorial_dag.py
[2025-10-15T07:49:19.667+0000] {logging_mixin.py:188} INFO - [2025-10-15T07:49:19.667+0000] {dag.py:3047} INFO - Sync 1 DAGs
[2025-10-15T07:49:19.677+0000] {logging_mixin.py:188} INFO - [2025-10-15T07:49:19.677+0000] {dag.py:3834} INFO - Setting next_dagrun for tutorial_dag to None, run_after=None
[2025-10-15T07:49:19.693+0000] {processor.py:183} INFO - Processing /home/airflow/.local/lib/python3.8/site-packages/airflow/example_dags/tutorial_dag.py took 0.053 seconds
[2025-10-15T07:49:49.864+0000] {processor.py:161} INFO - Started process (PID=1066) to work on /home/airflow/.local/lib/python3.8/site-packages/airflow/example_dags/tutorial_dag.py
[2025-10-15T07:49:49.866+0000] {processor.py:830} INFO - Processing file /home/airflow/.local/lib/python3.8/site-packages/airflow/example_dags/tutorial_dag.py for tasks to queue
[2025-10-15T07:49:49.867+0000] {logging_mixin.py:188} INFO - [2025-10-15T07:49:49.867+0000] {dagbag.py:540} INFO - Filling up the DagBag from /home/airflow/.local/lib/python3.8/site-packages/airflow/example_dags/tutorial_dag.py
[2025-10-15T07:49:49.872+0000] {processor.py:840} INFO - DAG(s) 'tutorial_dag' retrieved from /home/airflow/.local/lib/python3.8/site-packages/airflow/example_dags/tutorial_dag.py
[2025-10-15T07:49:49.892+0000] {logging_mixin.py:188} INFO - [2025-10-15T07:49:49.892+0000] {dag.py:3047} INFO - Sync 1 DAGs
[2025-10-15T07:49:49.905+0000] {logging_mixin.py:188} INFO - [2025-10-15T07:49:49.904+0000] {dag.py:3834} INFO - Setting next_dagrun for tutorial_dag to None, run_after=None
[2025-10-15T07:49:49.925+0000] {processor.py:183} INFO - Processing /home/airflow/.local/lib/python3.8/site-packages/airflow/example_dags/tutorial_dag.py took 0.064 seconds
[2025-10-15T07:50:20.615+0000] {processor.py:161} INFO - Started process (PID=1127) to work on /home/airflow/.local/lib/python3.8/site-packages/airflow/example_dags/tutorial_dag.py
[2025-10-15T07:50:20.616+0000] {processor.py:830} INFO - Processing file /home/airflow/.local/lib/python3.8/site-packages/airflow/example_dags/tutorial_dag.py for tasks to queue
[2025-10-15T07:50:20.617+0000] {logging_mixin.py:188} INFO - [2025-10-15T07:50:20.617+0000] {dagbag.py:540} INFO - Filling up the DagBag from /home/airflow/.local/lib/python3.8/site-packages/airflow/example_dags/tutorial_dag.py
[2025-10-15T07:50:20.621+0000] {processor.py:840} INFO - DAG(s) 'tutorial_dag' retrieved from /home/airflow/.local/lib/python3.8/site-packages/airflow/example_dags/tutorial_dag.py
[2025-10-15T07:50:20.637+0000] {logging_mixin.py:188} INFO - [2025-10-15T07:50:20.637+0000] {dag.py:3047} INFO - Sync 1 DAGs
[2025-10-15T07:50:20.648+0000] {logging_mixin.py:188} INFO - [2025-10-15T07:50:20.647+0000] {dag.py:3834} INFO - Setting next_dagrun for tutorial_dag to None, run_after=None
[2025-10-15T07:50:20.663+0000] {processor.py:183} INFO - Processing /home/airflow/.local/lib/python3.8/site-packages/airflow/example_dags/tutorial_dag.py took 0.051 seconds
[2025-10-15T07:50:51.534+0000] {processor.py:161} INFO - Started process (PID=1190) to work on /home/airflow/.local/lib/python3.8/site-packages/airflow/example_dags/tutorial_dag.py
[2025-10-15T07:50:51.535+0000] {processor.py:830} INFO - Processing file /home/airflow/.local/lib/python3.8/site-packages/airflow/example_dags/tutorial_dag.py for tasks to queue
[2025-10-15T07:50:51.537+0000] {logging_mixin.py:188} INFO - [2025-10-15T07:50:51.537+0000] {dagbag.py:540} INFO - Filling up the DagBag from /home/airflow/.local/lib/python3.8/site-packages/airflow/example_dags/tutorial_dag.py
[2025-10-15T07:50:51.541+0000] {processor.py:840} INFO - DAG(s) 'tutorial_dag' retrieved from /home/airflow/.local/lib/python3.8/site-packages/airflow/example_dags/tutorial_dag.py
[2025-10-15T07:50:51.557+0000] {logging_mixin.py:188} INFO - [2025-10-15T07:50:51.557+0000] {dag.py:3047} INFO - Sync 1 DAGs
[2025-10-15T07:50:51.568+0000] {logging_mixin.py:188} INFO - [2025-10-15T07:50:51.568+0000] {dag.py:3834} INFO - Setting next_dagrun for tutorial_dag to None, run_after=None
[2025-10-15T07:50:51.583+0000] {processor.py:183} INFO - Processing /home/airflow/.local/lib/python3.8/site-packages/airflow/example_dags/tutorial_dag.py took 0.051 seconds
[2025-10-15T07:51:21.849+0000] {processor.py:161} INFO - Started process (PID=1252) to work on /home/airflow/.local/lib/python3.8/site-packages/airflow/example_dags/tutorial_dag.py
[2025-10-15T07:51:21.850+0000] {processor.py:830} INFO - Processing file /home/airflow/.local/lib/python3.8/site-packages/airflow/example_dags/tutorial_dag.py for tasks to queue
[2025-10-15T07:51:21.851+0000] {logging_mixin.py:188} INFO - [2025-10-15T07:51:21.851+0000] {dagbag.py:540} INFO - Filling up the DagBag from /home/airflow/.local/lib/python3.8/site-packages/airflow/example_dags/tutorial_dag.py
[2025-10-15T07:51:21.856+0000] {processor.py:840} INFO - DAG(s) 'tutorial_dag' retrieved from /home/airflow/.local/lib/python3.8/site-packages/airflow/example_dags/tutorial_dag.py
[2025-10-15T07:51:21.872+0000] {logging_mixin.py:188} INFO - [2025-10-15T07:51:21.872+0000] {dag.py:3047} INFO - Sync 1 DAGs
[2025-10-15T07:51:21.882+0000] {logging_mixin.py:188} INFO - [2025-10-15T07:51:21.882+0000] {dag.py:3834} INFO - Setting next_dagrun for tutorial_dag to None, run_after=None
[2025-10-15T07:51:21.898+0000] {processor.py:183} INFO - Processing /home/airflow/.local/lib/python3.8/site-packages/airflow/example_dags/tutorial_dag.py took 0.052 seconds
[2025-10-15T07:51:51.997+0000] {processor.py:161} INFO - Started process (PID=1312) to work on /home/airflow/.local/lib/python3.8/site-packages/airflow/example_dags/tutorial_dag.py
[2025-10-15T07:51:51.998+0000] {processor.py:830} INFO - Processing file /home/airflow/.local/lib/python3.8/site-packages/airflow/example_dags/tutorial_dag.py for tasks to queue
[2025-10-15T07:51:51.999+0000] {logging_mixin.py:188} INFO - [2025-10-15T07:51:51.999+0000] {dagbag.py:540} INFO - Filling up the DagBag from /home/airflow/.local/lib/python3.8/site-packages/airflow/example_dags/tutorial_dag.py
[2025-10-15T07:51:52.004+0000] {processor.py:840} INFO - DAG(s) 'tutorial_dag' retrieved from /home/airflow/.local/lib/python3.8/site-packages/airflow/example_dags/tutorial_dag.py
[2025-10-15T07:51:52.020+0000] {logging_mixin.py:188} INFO - [2025-10-15T07:51:52.019+0000] {dag.py:3047} INFO - Sync 1 DAGs
[2025-10-15T07:51:52.030+0000] {logging_mixin.py:188} INFO - [2025-10-15T07:51:52.030+0000] {dag.py:3834} INFO - Setting next_dagrun for tutorial_dag to None, run_after=None
[2025-10-15T07:51:52.047+0000] {processor.py:183} INFO - Processing /home/airflow/.local/lib/python3.8/site-packages/airflow/example_dags/tutorial_dag.py took 0.053 seconds
[2025-10-15T07:52:22.254+0000] {processor.py:161} INFO - Started process (PID=1374) to work on /home/airflow/.local/lib/python3.8/site-packages/airflow/example_dags/tutorial_dag.py
[2025-10-15T07:52:22.255+0000] {processor.py:830} INFO - Processing file /home/airflow/.local/lib/python3.8/site-packages/airflow/example_dags/tutorial_dag.py for tasks to queue
[2025-10-15T07:52:22.256+0000] {logging_mixin.py:188} INFO - [2025-10-15T07:52:22.256+0000] {dagbag.py:540} INFO - Filling up the DagBag from /home/airflow/.local/lib/python3.8/site-packages/airflow/example_dags/tutorial_dag.py
[2025-10-15T07:52:22.261+0000] {processor.py:840} INFO - DAG(s) 'tutorial_dag' retrieved from /home/airflow/.local/lib/python3.8/site-packages/airflow/example_dags/tutorial_dag.py
[2025-10-15T07:52:22.277+0000] {logging_mixin.py:188} INFO - [2025-10-15T07:52:22.277+0000] {dag.py:3047} INFO - Sync 1 DAGs
[2025-10-15T07:52:22.289+0000] {logging_mixin.py:188} INFO - [2025-10-15T07:52:22.289+0000] {dag.py:3834} INFO - Setting next_dagrun for tutorial_dag to None, run_after=None
[2025-10-15T07:52:22.305+0000] {processor.py:183} INFO - Processing /home/airflow/.local/lib/python3.8/site-packages/airflow/example_dags/tutorial_dag.py took 0.054 seconds
[2025-10-15T07:52:52.425+0000] {processor.py:161} INFO - Started process (PID=1434) to work on /home/airflow/.local/lib/python3.8/site-packages/airflow/example_dags/tutorial_dag.py
[2025-10-15T07:52:52.426+0000] {processor.py:830} INFO - Processing file /home/airflow/.local/lib/python3.8/site-packages/airflow/example_dags/tutorial_dag.py for tasks to queue
[2025-10-15T07:52:52.428+0000] {logging_mixin.py:188} INFO - [2025-10-15T07:52:52.427+0000] {dagbag.py:540} INFO - Filling up the DagBag from /home/airflow/.local/lib/python3.8/site-packages/airflow/example_dags/tutorial_dag.py
[2025-10-15T07:52:52.432+0000] {processor.py:840} INFO - DAG(s) 'tutorial_dag' retrieved from /home/airflow/.local/lib/python3.8/site-packages/airflow/example_dags/tutorial_dag.py
[2025-10-15T07:52:52.449+0000] {logging_mixin.py:188} INFO - [2025-10-15T07:52:52.449+0000] {dag.py:3047} INFO - Sync 1 DAGs
[2025-10-15T07:52:52.460+0000] {logging_mixin.py:188} INFO - [2025-10-15T07:52:52.460+0000] {dag.py:3834} INFO - Setting next_dagrun for tutorial_dag to None, run_after=None
[2025-10-15T07:52:52.476+0000] {processor.py:183} INFO - Processing /home/airflow/.local/lib/python3.8/site-packages/airflow/example_dags/tutorial_dag.py took 0.054 seconds
[2025-10-15T07:53:22.587+0000] {processor.py:161} INFO - Started process (PID=1496) to work on /home/airflow/.local/lib/python3.8/site-packages/airflow/example_dags/tutorial_dag.py
[2025-10-15T07:53:22.588+0000] {processor.py:830} INFO - Processing file /home/airflow/.local/lib/python3.8/site-packages/airflow/example_dags/tutorial_dag.py for tasks to queue
[2025-10-15T07:53:22.589+0000] {logging_mixin.py:188} INFO - [2025-10-15T07:53:22.589+0000] {dagbag.py:540} INFO - Filling up the DagBag from /home/airflow/.local/lib/python3.8/site-packages/airflow/example_dags/tutorial_dag.py
[2025-10-15T07:53:22.594+0000] {processor.py:840} INFO - DAG(s) 'tutorial_dag' retrieved from /home/airflow/.local/lib/python3.8/site-packages/airflow/example_dags/tutorial_dag.py
[2025-10-15T07:53:22.611+0000] {logging_mixin.py:188} INFO - [2025-10-15T07:53:22.610+0000] {dag.py:3047} INFO - Sync 1 DAGs
[2025-10-15T07:53:22.621+0000] {logging_mixin.py:188} INFO - [2025-10-15T07:53:22.621+0000] {dag.py:3834} INFO - Setting next_dagrun for tutorial_dag to None, run_after=None
[2025-10-15T07:53:22.639+0000] {processor.py:183} INFO - Processing /home/airflow/.local/lib/python3.8/site-packages/airflow/example_dags/tutorial_dag.py took 0.054 seconds
[2025-10-15T07:53:53.316+0000] {processor.py:161} INFO - Started process (PID=1558) to work on /home/airflow/.local/lib/python3.8/site-packages/airflow/example_dags/tutorial_dag.py
[2025-10-15T07:53:53.317+0000] {processor.py:830} INFO - Processing file /home/airflow/.local/lib/python3.8/site-packages/airflow/example_dags/tutorial_dag.py for tasks to queue
[2025-10-15T07:53:53.319+0000] {logging_mixin.py:188} INFO - [2025-10-15T07:53:53.318+0000] {dagbag.py:540} INFO - Filling up the DagBag from /home/airflow/.local/lib/python3.8/site-packages/airflow/example_dags/tutorial_dag.py
[2025-10-15T07:53:53.324+0000] {processor.py:840} INFO - DAG(s) 'tutorial_dag' retrieved from /home/airflow/.local/lib/python3.8/site-packages/airflow/example_dags/tutorial_dag.py
[2025-10-15T07:53:53.343+0000] {logging_mixin.py:188} INFO - [2025-10-15T07:53:53.343+0000] {dag.py:3047} INFO - Sync 1 DAGs
[2025-10-15T07:53:53.361+0000] {logging_mixin.py:188} INFO - [2025-10-15T07:53:53.360+0000] {dag.py:3834} INFO - Setting next_dagrun for tutorial_dag to None, run_after=None
[2025-10-15T07:53:53.381+0000] {processor.py:183} INFO - Processing /home/airflow/.local/lib/python3.8/site-packages/airflow/example_dags/tutorial_dag.py took 0.068 seconds
[2025-10-15T07:54:23.425+0000] {processor.py:161} INFO - Started process (PID=1618) to work on /home/airflow/.local/lib/python3.8/site-packages/airflow/example_dags/tutorial_dag.py
[2025-10-15T07:54:23.426+0000] {processor.py:830} INFO - Processing file /home/airflow/.local/lib/python3.8/site-packages/airflow/example_dags/tutorial_dag.py for tasks to queue
[2025-10-15T07:54:23.427+0000] {logging_mixin.py:188} INFO - [2025-10-15T07:54:23.427+0000] {dagbag.py:540} INFO - Filling up the DagBag from /home/airflow/.local/lib/python3.8/site-packages/airflow/example_dags/tutorial_dag.py
[2025-10-15T07:54:23.432+0000] {processor.py:840} INFO - DAG(s) 'tutorial_dag' retrieved from /home/airflow/.local/lib/python3.8/site-packages/airflow/example_dags/tutorial_dag.py
[2025-10-15T07:54:23.450+0000] {logging_mixin.py:188} INFO - [2025-10-15T07:54:23.449+0000] {dag.py:3047} INFO - Sync 1 DAGs
[2025-10-15T07:54:23.461+0000] {logging_mixin.py:188} INFO - [2025-10-15T07:54:23.461+0000] {dag.py:3834} INFO - Setting next_dagrun for tutorial_dag to None, run_after=None
[2025-10-15T07:54:23.480+0000] {processor.py:183} INFO - Processing /home/airflow/.local/lib/python3.8/site-packages/airflow/example_dags/tutorial_dag.py took 0.057 seconds
[2025-10-15T07:54:53.895+0000] {processor.py:161} INFO - Started process (PID=1678) to work on /home/airflow/.local/lib/python3.8/site-packages/airflow/example_dags/tutorial_dag.py
[2025-10-15T07:54:53.895+0000] {processor.py:830} INFO - Processing file /home/airflow/.local/lib/python3.8/site-packages/airflow/example_dags/tutorial_dag.py for tasks to queue
[2025-10-15T07:54:53.897+0000] {logging_mixin.py:188} INFO - [2025-10-15T07:54:53.897+0000] {dagbag.py:540} INFO - Filling up the DagBag from /home/airflow/.local/lib/python3.8/site-packages/airflow/example_dags/tutorial_dag.py
[2025-10-15T07:54:53.901+0000] {processor.py:840} INFO - DAG(s) 'tutorial_dag' retrieved from /home/airflow/.local/lib/python3.8/site-packages/airflow/example_dags/tutorial_dag.py
[2025-10-15T07:54:53.917+0000] {logging_mixin.py:188} INFO - [2025-10-15T07:54:53.917+0000] {dag.py:3047} INFO - Sync 1 DAGs
[2025-10-15T07:54:53.929+0000] {logging_mixin.py:188} INFO - [2025-10-15T07:54:53.928+0000] {dag.py:3834} INFO - Setting next_dagrun for tutorial_dag to None, run_after=None
[2025-10-15T07:54:53.945+0000] {processor.py:183} INFO - Processing /home/airflow/.local/lib/python3.8/site-packages/airflow/example_dags/tutorial_dag.py took 0.053 seconds
[2025-10-15T07:55:24.056+0000] {processor.py:161} INFO - Started process (PID=1740) to work on /home/airflow/.local/lib/python3.8/site-packages/airflow/example_dags/tutorial_dag.py
[2025-10-15T07:55:24.057+0000] {processor.py:830} INFO - Processing file /home/airflow/.local/lib/python3.8/site-packages/airflow/example_dags/tutorial_dag.py for tasks to queue
[2025-10-15T07:55:24.058+0000] {logging_mixin.py:188} INFO - [2025-10-15T07:55:24.058+0000] {dagbag.py:540} INFO - Filling up the DagBag from /home/airflow/.local/lib/python3.8/site-packages/airflow/example_dags/tutorial_dag.py
[2025-10-15T07:55:24.063+0000] {processor.py:840} INFO - DAG(s) 'tutorial_dag' retrieved from /home/airflow/.local/lib/python3.8/site-packages/airflow/example_dags/tutorial_dag.py
[2025-10-15T07:55:24.080+0000] {logging_mixin.py:188} INFO - [2025-10-15T07:55:24.079+0000] {dag.py:3047} INFO - Sync 1 DAGs
[2025-10-15T07:55:24.090+0000] {logging_mixin.py:188} INFO - [2025-10-15T07:55:24.090+0000] {dag.py:3834} INFO - Setting next_dagrun for tutorial_dag to None, run_after=None
[2025-10-15T07:55:24.107+0000] {processor.py:183} INFO - Processing /home/airflow/.local/lib/python3.8/site-packages/airflow/example_dags/tutorial_dag.py took 0.054 seconds
[2025-10-15T07:55:54.568+0000] {processor.py:161} INFO - Started process (PID=1801) to work on /home/airflow/.local/lib/python3.8/site-packages/airflow/example_dags/tutorial_dag.py
[2025-10-15T07:55:54.569+0000] {processor.py:830} INFO - Processing file /home/airflow/.local/lib/python3.8/site-packages/airflow/example_dags/tutorial_dag.py for tasks to queue
[2025-10-15T07:55:54.571+0000] {logging_mixin.py:188} INFO - [2025-10-15T07:55:54.571+0000] {dagbag.py:540} INFO - Filling up the DagBag from /home/airflow/.local/lib/python3.8/site-packages/airflow/example_dags/tutorial_dag.py
[2025-10-15T07:55:54.577+0000] {processor.py:840} INFO - DAG(s) 'tutorial_dag' retrieved from /home/airflow/.local/lib/python3.8/site-packages/airflow/example_dags/tutorial_dag.py
[2025-10-15T07:55:54.594+0000] {logging_mixin.py:188} INFO - [2025-10-15T07:55:54.594+0000] {dag.py:3047} INFO - Sync 1 DAGs
[2025-10-15T07:55:54.605+0000] {logging_mixin.py:188} INFO - [2025-10-15T07:55:54.605+0000] {dag.py:3834} INFO - Setting next_dagrun for tutorial_dag to None, run_after=None
[2025-10-15T07:55:54.622+0000] {processor.py:183} INFO - Processing /home/airflow/.local/lib/python3.8/site-packages/airflow/example_dags/tutorial_dag.py took 0.057 seconds
[2025-10-15T07:56:25.005+0000] {processor.py:161} INFO - Started process (PID=1861) to work on /home/airflow/.local/lib/python3.8/site-packages/airflow/example_dags/tutorial_dag.py
[2025-10-15T07:56:25.006+0000] {processor.py:830} INFO - Processing file /home/airflow/.local/lib/python3.8/site-packages/airflow/example_dags/tutorial_dag.py for tasks to queue
[2025-10-15T07:56:25.007+0000] {logging_mixin.py:188} INFO - [2025-10-15T07:56:25.007+0000] {dagbag.py:540} INFO - Filling up the DagBag from /home/airflow/.local/lib/python3.8/site-packages/airflow/example_dags/tutorial_dag.py
[2025-10-15T07:56:25.012+0000] {processor.py:840} INFO - DAG(s) 'tutorial_dag' retrieved from /home/airflow/.local/lib/python3.8/site-packages/airflow/example_dags/tutorial_dag.py
[2025-10-15T07:56:25.028+0000] {logging_mixin.py:188} INFO - [2025-10-15T07:56:25.027+0000] {dag.py:3047} INFO - Sync 1 DAGs
[2025-10-15T07:56:25.039+0000] {logging_mixin.py:188} INFO - [2025-10-15T07:56:25.038+0000] {dag.py:3834} INFO - Setting next_dagrun for tutorial_dag to None, run_after=None
[2025-10-15T07:56:25.055+0000] {processor.py:183} INFO - Processing /home/airflow/.local/lib/python3.8/site-packages/airflow/example_dags/tutorial_dag.py took 0.054 seconds
[2025-10-15T07:56:55.152+0000] {processor.py:161} INFO - Started process (PID=1921) to work on /home/airflow/.local/lib/python3.8/site-packages/airflow/example_dags/tutorial_dag.py
[2025-10-15T07:56:55.153+0000] {processor.py:830} INFO - Processing file /home/airflow/.local/lib/python3.8/site-packages/airflow/example_dags/tutorial_dag.py for tasks to queue
[2025-10-15T07:56:55.155+0000] {logging_mixin.py:188} INFO - [2025-10-15T07:56:55.155+0000] {dagbag.py:540} INFO - Filling up the DagBag from /home/airflow/.local/lib/python3.8/site-packages/airflow/example_dags/tutorial_dag.py
[2025-10-15T07:56:55.160+0000] {processor.py:840} INFO - DAG(s) 'tutorial_dag' retrieved from /home/airflow/.local/lib/python3.8/site-packages/airflow/example_dags/tutorial_dag.py
[2025-10-15T07:56:55.176+0000] {logging_mixin.py:188} INFO - [2025-10-15T07:56:55.176+0000] {dag.py:3047} INFO - Sync 1 DAGs
[2025-10-15T07:56:55.186+0000] {logging_mixin.py:188} INFO - [2025-10-15T07:56:55.186+0000] {dag.py:3834} INFO - Setting next_dagrun for tutorial_dag to None, run_after=None
[2025-10-15T07:56:55.201+0000] {processor.py:183} INFO - Processing /home/airflow/.local/lib/python3.8/site-packages/airflow/example_dags/tutorial_dag.py took 0.052 seconds
[2025-10-15T07:57:25.475+0000] {processor.py:161} INFO - Started process (PID=1982) to work on /home/airflow/.local/lib/python3.8/site-packages/airflow/example_dags/tutorial_dag.py
[2025-10-15T07:57:25.476+0000] {processor.py:830} INFO - Processing file /home/airflow/.local/lib/python3.8/site-packages/airflow/example_dags/tutorial_dag.py for tasks to queue
[2025-10-15T07:57:25.478+0000] {logging_mixin.py:188} INFO - [2025-10-15T07:57:25.477+0000] {dagbag.py:540} INFO - Filling up the DagBag from /home/airflow/.local/lib/python3.8/site-packages/airflow/example_dags/tutorial_dag.py
[2025-10-15T07:57:25.482+0000] {processor.py:840} INFO - DAG(s) 'tutorial_dag' retrieved from /home/airflow/.local/lib/python3.8/site-packages/airflow/example_dags/tutorial_dag.py
[2025-10-15T07:57:25.499+0000] {logging_mixin.py:188} INFO - [2025-10-15T07:57:25.499+0000] {dag.py:3047} INFO - Sync 1 DAGs
[2025-10-15T07:57:25.510+0000] {logging_mixin.py:188} INFO - [2025-10-15T07:57:25.510+0000] {dag.py:3834} INFO - Setting next_dagrun for tutorial_dag to None, run_after=None
[2025-10-15T07:57:25.526+0000] {processor.py:183} INFO - Processing /home/airflow/.local/lib/python3.8/site-packages/airflow/example_dags/tutorial_dag.py took 0.053 seconds
[2025-10-15T07:57:56.119+0000] {processor.py:161} INFO - Started process (PID=2043) to work on /home/airflow/.local/lib/python3.8/site-packages/airflow/example_dags/tutorial_dag.py
[2025-10-15T07:57:56.120+0000] {processor.py:830} INFO - Processing file /home/airflow/.local/lib/python3.8/site-packages/airflow/example_dags/tutorial_dag.py for tasks to queue
[2025-10-15T07:57:56.122+0000] {logging_mixin.py:188} INFO - [2025-10-15T07:57:56.121+0000] {dagbag.py:540} INFO - Filling up the DagBag from /home/airflow/.local/lib/python3.8/site-packages/airflow/example_dags/tutorial_dag.py
[2025-10-15T07:57:56.126+0000] {processor.py:840} INFO - DAG(s) 'tutorial_dag' retrieved from /home/airflow/.local/lib/python3.8/site-packages/airflow/example_dags/tutorial_dag.py
[2025-10-15T07:57:56.142+0000] {logging_mixin.py:188} INFO - [2025-10-15T07:57:56.142+0000] {dag.py:3047} INFO - Sync 1 DAGs
[2025-10-15T07:57:56.152+0000] {logging_mixin.py:188} INFO - [2025-10-15T07:57:56.152+0000] {dag.py:3834} INFO - Setting next_dagrun for tutorial_dag to None, run_after=None
[2025-10-15T07:57:56.168+0000] {processor.py:183} INFO - Processing /home/airflow/.local/lib/python3.8/site-packages/airflow/example_dags/tutorial_dag.py took 0.051 seconds
[2025-10-15T07:58:26.300+0000] {processor.py:161} INFO - Started process (PID=2102) to work on /home/airflow/.local/lib/python3.8/site-packages/airflow/example_dags/tutorial_dag.py
[2025-10-15T07:58:26.301+0000] {processor.py:830} INFO - Processing file /home/airflow/.local/lib/python3.8/site-packages/airflow/example_dags/tutorial_dag.py for tasks to queue
[2025-10-15T07:58:26.302+0000] {logging_mixin.py:188} INFO - [2025-10-15T07:58:26.302+0000] {dagbag.py:540} INFO - Filling up the DagBag from /home/airflow/.local/lib/python3.8/site-packages/airflow/example_dags/tutorial_dag.py
[2025-10-15T07:58:26.307+0000] {processor.py:840} INFO - DAG(s) 'tutorial_dag' retrieved from /home/airflow/.local/lib/python3.8/site-packages/airflow/example_dags/tutorial_dag.py
[2025-10-15T07:58:26.325+0000] {logging_mixin.py:188} INFO - [2025-10-15T07:58:26.324+0000] {dag.py:3047} INFO - Sync 1 DAGs
[2025-10-15T07:58:26.335+0000] {logging_mixin.py:188} INFO - [2025-10-15T07:58:26.335+0000] {dag.py:3834} INFO - Setting next_dagrun for tutorial_dag to None, run_after=None
[2025-10-15T07:58:26.352+0000] {processor.py:183} INFO - Processing /home/airflow/.local/lib/python3.8/site-packages/airflow/example_dags/tutorial_dag.py took 0.055 seconds
[2025-10-15T07:58:57.384+0000] {processor.py:161} INFO - Started process (PID=2163) to work on /home/airflow/.local/lib/python3.8/site-packages/airflow/example_dags/tutorial_dag.py
[2025-10-15T07:58:57.385+0000] {processor.py:830} INFO - Processing file /home/airflow/.local/lib/python3.8/site-packages/airflow/example_dags/tutorial_dag.py for tasks to queue
[2025-10-15T07:58:57.387+0000] {logging_mixin.py:188} INFO - [2025-10-15T07:58:57.387+0000] {dagbag.py:540} INFO - Filling up the DagBag from /home/airflow/.local/lib/python3.8/site-packages/airflow/example_dags/tutorial_dag.py
[2025-10-15T07:58:57.391+0000] {processor.py:840} INFO - DAG(s) 'tutorial_dag' retrieved from /home/airflow/.local/lib/python3.8/site-packages/airflow/example_dags/tutorial_dag.py
[2025-10-15T07:58:57.408+0000] {logging_mixin.py:188} INFO - [2025-10-15T07:58:57.408+0000] {dag.py:3047} INFO - Sync 1 DAGs
[2025-10-15T07:58:57.418+0000] {logging_mixin.py:188} INFO - [2025-10-15T07:58:57.418+0000] {dag.py:3834} INFO - Setting next_dagrun for tutorial_dag to None, run_after=None
[2025-10-15T07:58:57.434+0000] {processor.py:183} INFO - Processing /home/airflow/.local/lib/python3.8/site-packages/airflow/example_dags/tutorial_dag.py took 0.053 seconds
[2025-10-15T07:59:27.576+0000] {processor.py:161} INFO - Started process (PID=2223) to work on /home/airflow/.local/lib/python3.8/site-packages/airflow/example_dags/tutorial_dag.py
[2025-10-15T07:59:27.577+0000] {processor.py:830} INFO - Processing file /home/airflow/.local/lib/python3.8/site-packages/airflow/example_dags/tutorial_dag.py for tasks to queue
[2025-10-15T07:59:27.579+0000] {logging_mixin.py:188} INFO - [2025-10-15T07:59:27.578+0000] {dagbag.py:540} INFO - Filling up the DagBag from /home/airflow/.local/lib/python3.8/site-packages/airflow/example_dags/tutorial_dag.py
[2025-10-15T07:59:27.583+0000] {processor.py:840} INFO - DAG(s) 'tutorial_dag' retrieved from /home/airflow/.local/lib/python3.8/site-packages/airflow/example_dags/tutorial_dag.py
[2025-10-15T07:59:27.600+0000] {logging_mixin.py:188} INFO - [2025-10-15T07:59:27.599+0000] {dag.py:3047} INFO - Sync 1 DAGs
[2025-10-15T07:59:27.610+0000] {logging_mixin.py:188} INFO - [2025-10-15T07:59:27.610+0000] {dag.py:3834} INFO - Setting next_dagrun for tutorial_dag to None, run_after=None
[2025-10-15T07:59:27.626+0000] {processor.py:183} INFO - Processing /home/airflow/.local/lib/python3.8/site-packages/airflow/example_dags/tutorial_dag.py took 0.053 seconds
[2025-10-15T07:59:58.556+0000] {processor.py:161} INFO - Started process (PID=2282) to work on /home/airflow/.local/lib/python3.8/site-packages/airflow/example_dags/tutorial_dag.py
[2025-10-15T07:59:58.557+0000] {processor.py:830} INFO - Processing file /home/airflow/.local/lib/python3.8/site-packages/airflow/example_dags/tutorial_dag.py for tasks to queue
[2025-10-15T07:59:58.558+0000] {logging_mixin.py:188} INFO - [2025-10-15T07:59:58.557+0000] {dagbag.py:540} INFO - Filling up the DagBag from /home/airflow/.local/lib/python3.8/site-packages/airflow/example_dags/tutorial_dag.py
[2025-10-15T07:59:58.562+0000] {processor.py:840} INFO - DAG(s) 'tutorial_dag' retrieved from /home/airflow/.local/lib/python3.8/site-packages/airflow/example_dags/tutorial_dag.py
[2025-10-15T07:59:58.579+0000] {logging_mixin.py:188} INFO - [2025-10-15T07:59:58.579+0000] {dag.py:3047} INFO - Sync 1 DAGs
[2025-10-15T07:59:58.590+0000] {logging_mixin.py:188} INFO - [2025-10-15T07:59:58.590+0000] {dag.py:3834} INFO - Setting next_dagrun for tutorial_dag to None, run_after=None
[2025-10-15T07:59:58.606+0000] {processor.py:183} INFO - Processing /home/airflow/.local/lib/python3.8/site-packages/airflow/example_dags/tutorial_dag.py took 0.053 seconds
[2025-10-15T08:00:28.662+0000] {processor.py:161} INFO - Started process (PID=2342) to work on /home/airflow/.local/lib/python3.8/site-packages/airflow/example_dags/tutorial_dag.py
[2025-10-15T08:00:28.663+0000] {processor.py:830} INFO - Processing file /home/airflow/.local/lib/python3.8/site-packages/airflow/example_dags/tutorial_dag.py for tasks to queue
[2025-10-15T08:00:28.664+0000] {logging_mixin.py:188} INFO - [2025-10-15T08:00:28.664+0000] {dagbag.py:540} INFO - Filling up the DagBag from /home/airflow/.local/lib/python3.8/site-packages/airflow/example_dags/tutorial_dag.py
[2025-10-15T08:00:28.669+0000] {processor.py:840} INFO - DAG(s) 'tutorial_dag' retrieved from /home/airflow/.local/lib/python3.8/site-packages/airflow/example_dags/tutorial_dag.py
[2025-10-15T08:00:28.687+0000] {logging_mixin.py:188} INFO - [2025-10-15T08:00:28.686+0000] {dag.py:3047} INFO - Sync 1 DAGs
[2025-10-15T08:00:28.699+0000] {logging_mixin.py:188} INFO - [2025-10-15T08:00:28.698+0000] {dag.py:3834} INFO - Setting next_dagrun for tutorial_dag to None, run_after=None
[2025-10-15T08:00:28.722+0000] {processor.py:183} INFO - Processing /home/airflow/.local/lib/python3.8/site-packages/airflow/example_dags/tutorial_dag.py took 0.062 seconds
[2025-10-15T08:00:59.013+0000] {processor.py:161} INFO - Started process (PID=2406) to work on /home/airflow/.local/lib/python3.8/site-packages/airflow/example_dags/tutorial_dag.py
[2025-10-15T08:00:59.014+0000] {processor.py:830} INFO - Processing file /home/airflow/.local/lib/python3.8/site-packages/airflow/example_dags/tutorial_dag.py for tasks to queue
[2025-10-15T08:00:59.015+0000] {logging_mixin.py:188} INFO - [2025-10-15T08:00:59.014+0000] {dagbag.py:540} INFO - Filling up the DagBag from /home/airflow/.local/lib/python3.8/site-packages/airflow/example_dags/tutorial_dag.py
[2025-10-15T08:00:59.019+0000] {processor.py:840} INFO - DAG(s) 'tutorial_dag' retrieved from /home/airflow/.local/lib/python3.8/site-packages/airflow/example_dags/tutorial_dag.py
[2025-10-15T08:00:59.036+0000] {logging_mixin.py:188} INFO - [2025-10-15T08:00:59.036+0000] {dag.py:3047} INFO - Sync 1 DAGs
[2025-10-15T08:00:59.046+0000] {logging_mixin.py:188} INFO - [2025-10-15T08:00:59.046+0000] {dag.py:3834} INFO - Setting next_dagrun for tutorial_dag to None, run_after=None
[2025-10-15T08:00:59.064+0000] {processor.py:183} INFO - Processing /home/airflow/.local/lib/python3.8/site-packages/airflow/example_dags/tutorial_dag.py took 0.053 seconds
[2025-10-15T08:01:29.361+0000] {processor.py:161} INFO - Started process (PID=2469) to work on /home/airflow/.local/lib/python3.8/site-packages/airflow/example_dags/tutorial_dag.py
[2025-10-15T08:01:29.362+0000] {processor.py:830} INFO - Processing file /home/airflow/.local/lib/python3.8/site-packages/airflow/example_dags/tutorial_dag.py for tasks to queue
[2025-10-15T08:01:29.362+0000] {logging_mixin.py:188} INFO - [2025-10-15T08:01:29.362+0000] {dagbag.py:540} INFO - Filling up the DagBag from /home/airflow/.local/lib/python3.8/site-packages/airflow/example_dags/tutorial_dag.py
[2025-10-15T08:01:29.367+0000] {processor.py:840} INFO - DAG(s) 'tutorial_dag' retrieved from /home/airflow/.local/lib/python3.8/site-packages/airflow/example_dags/tutorial_dag.py
[2025-10-15T08:01:29.385+0000] {logging_mixin.py:188} INFO - [2025-10-15T08:01:29.385+0000] {dag.py:3047} INFO - Sync 1 DAGs
[2025-10-15T08:01:29.396+0000] {logging_mixin.py:188} INFO - [2025-10-15T08:01:29.396+0000] {dag.py:3834} INFO - Setting next_dagrun for tutorial_dag to None, run_after=None
[2025-10-15T08:01:29.413+0000] {processor.py:183} INFO - Processing /home/airflow/.local/lib/python3.8/site-packages/airflow/example_dags/tutorial_dag.py took 0.055 seconds
[2025-10-15T08:01:59.608+0000] {processor.py:161} INFO - Started process (PID=2529) to work on /home/airflow/.local/lib/python3.8/site-packages/airflow/example_dags/tutorial_dag.py
[2025-10-15T08:01:59.609+0000] {processor.py:830} INFO - Processing file /home/airflow/.local/lib/python3.8/site-packages/airflow/example_dags/tutorial_dag.py for tasks to queue
[2025-10-15T08:01:59.610+0000] {logging_mixin.py:188} INFO - [2025-10-15T08:01:59.610+0000] {dagbag.py:540} INFO - Filling up the DagBag from /home/airflow/.local/lib/python3.8/site-packages/airflow/example_dags/tutorial_dag.py
[2025-10-15T08:01:59.614+0000] {processor.py:840} INFO - DAG(s) 'tutorial_dag' retrieved from /home/airflow/.local/lib/python3.8/site-packages/airflow/example_dags/tutorial_dag.py
[2025-10-15T08:01:59.632+0000] {logging_mixin.py:188} INFO - [2025-10-15T08:01:59.632+0000] {dag.py:3047} INFO - Sync 1 DAGs
[2025-10-15T08:01:59.643+0000] {logging_mixin.py:188} INFO - [2025-10-15T08:01:59.643+0000] {dag.py:3834} INFO - Setting next_dagrun for tutorial_dag to None, run_after=None
[2025-10-15T08:01:59.659+0000] {processor.py:183} INFO - Processing /home/airflow/.local/lib/python3.8/site-packages/airflow/example_dags/tutorial_dag.py took 0.054 seconds
[2025-10-15T08:02:29.773+0000] {processor.py:161} INFO - Started process (PID=2592) to work on /home/airflow/.local/lib/python3.8/site-packages/airflow/example_dags/tutorial_dag.py
[2025-10-15T08:02:29.774+0000] {processor.py:830} INFO - Processing file /home/airflow/.local/lib/python3.8/site-packages/airflow/example_dags/tutorial_dag.py for tasks to queue
[2025-10-15T08:02:29.775+0000] {logging_mixin.py:188} INFO - [2025-10-15T08:02:29.775+0000] {dagbag.py:540} INFO - Filling up the DagBag from /home/airflow/.local/lib/python3.8/site-packages/airflow/example_dags/tutorial_dag.py
[2025-10-15T08:02:29.780+0000] {processor.py:840} INFO - DAG(s) 'tutorial_dag' retrieved from /home/airflow/.local/lib/python3.8/site-packages/airflow/example_dags/tutorial_dag.py
[2025-10-15T08:02:29.798+0000] {logging_mixin.py:188} INFO - [2025-10-15T08:02:29.797+0000] {dag.py:3047} INFO - Sync 1 DAGs
[2025-10-15T08:02:29.809+0000] {logging_mixin.py:188} INFO - [2025-10-15T08:02:29.808+0000] {dag.py:3834} INFO - Setting next_dagrun for tutorial_dag to None, run_after=None
[2025-10-15T08:02:29.826+0000] {processor.py:183} INFO - Processing /home/airflow/.local/lib/python3.8/site-packages/airflow/example_dags/tutorial_dag.py took 0.056 seconds
[2025-10-15T08:03:00.081+0000] {processor.py:161} INFO - Started process (PID=2652) to work on /home/airflow/.local/lib/python3.8/site-packages/airflow/example_dags/tutorial_dag.py
[2025-10-15T08:03:00.082+0000] {processor.py:830} INFO - Processing file /home/airflow/.local/lib/python3.8/site-packages/airflow/example_dags/tutorial_dag.py for tasks to queue
[2025-10-15T08:03:00.083+0000] {logging_mixin.py:188} INFO - [2025-10-15T08:03:00.083+0000] {dagbag.py:540} INFO - Filling up the DagBag from /home/airflow/.local/lib/python3.8/site-packages/airflow/example_dags/tutorial_dag.py
[2025-10-15T08:03:00.088+0000] {processor.py:840} INFO - DAG(s) 'tutorial_dag' retrieved from /home/airflow/.local/lib/python3.8/site-packages/airflow/example_dags/tutorial_dag.py
[2025-10-15T08:03:00.109+0000] {logging_mixin.py:188} INFO - [2025-10-15T08:03:00.108+0000] {dag.py:3047} INFO - Sync 1 DAGs
[2025-10-15T08:03:00.123+0000] {logging_mixin.py:188} INFO - [2025-10-15T08:03:00.123+0000] {dag.py:3834} INFO - Setting next_dagrun for tutorial_dag to None, run_after=None
[2025-10-15T08:03:00.145+0000] {processor.py:183} INFO - Processing /home/airflow/.local/lib/python3.8/site-packages/airflow/example_dags/tutorial_dag.py took 0.067 seconds
