[2025-10-15T07:41:44.592+0000] {processor.py:161} INFO - Started process (PID=126) to work on /home/airflow/.local/lib/python3.8/site-packages/airflow/example_dags/tutorial.py
[2025-10-15T07:41:44.593+0000] {processor.py:830} INFO - Processing file /home/airflow/.local/lib/python3.8/site-packages/airflow/example_dags/tutorial.py for tasks to queue
[2025-10-15T07:41:44.596+0000] {logging_mixin.py:188} INFO - [2025-10-15T07:41:44.594+0000] {dagbag.py:540} INFO - Filling up the DagBag from /home/airflow/.local/lib/python3.8/site-packages/airflow/example_dags/tutorial.py
[2025-10-15T07:41:44.603+0000] {processor.py:840} INFO - DAG(s) 'tutorial' retrieved from /home/airflow/.local/lib/python3.8/site-packages/airflow/example_dags/tutorial.py
[2025-10-15T07:41:44.696+0000] {logging_mixin.py:188} INFO - [2025-10-15T07:41:44.696+0000] {dag.py:3047} INFO - Sync 1 DAGs
[2025-10-15T07:41:44.713+0000] {logging_mixin.py:188} INFO - [2025-10-15T07:41:44.713+0000] {dag.py:3834} INFO - Setting next_dagrun for tutorial to 2025-10-14 00:00:00+00:00, run_after=2025-10-15 00:00:00+00:00
[2025-10-15T07:41:44.730+0000] {processor.py:183} INFO - Processing /home/airflow/.local/lib/python3.8/site-packages/airflow/example_dags/tutorial.py took 0.141 seconds
[2025-10-15T07:42:14.849+0000] {processor.py:161} INFO - Started process (PID=187) to work on /home/airflow/.local/lib/python3.8/site-packages/airflow/example_dags/tutorial.py
[2025-10-15T07:42:14.850+0000] {processor.py:830} INFO - Processing file /home/airflow/.local/lib/python3.8/site-packages/airflow/example_dags/tutorial.py for tasks to queue
[2025-10-15T07:42:14.852+0000] {logging_mixin.py:188} INFO - [2025-10-15T07:42:14.851+0000] {dagbag.py:540} INFO - Filling up the DagBag from /home/airflow/.local/lib/python3.8/site-packages/airflow/example_dags/tutorial.py
[2025-10-15T07:42:14.856+0000] {processor.py:840} INFO - DAG(s) 'tutorial' retrieved from /home/airflow/.local/lib/python3.8/site-packages/airflow/example_dags/tutorial.py
[2025-10-15T07:42:14.875+0000] {logging_mixin.py:188} INFO - [2025-10-15T07:42:14.875+0000] {dag.py:3047} INFO - Sync 1 DAGs
[2025-10-15T07:42:14.913+0000] {logging_mixin.py:188} INFO - [2025-10-15T07:42:14.913+0000] {dag.py:3834} INFO - Setting next_dagrun for tutorial to 2025-10-14 00:00:00+00:00, run_after=2025-10-15 00:00:00+00:00
[2025-10-15T07:42:14.967+0000] {processor.py:183} INFO - Processing /home/airflow/.local/lib/python3.8/site-packages/airflow/example_dags/tutorial.py took 0.120 seconds
[2025-10-15T07:42:45.232+0000] {processor.py:161} INFO - Started process (PID=247) to work on /home/airflow/.local/lib/python3.8/site-packages/airflow/example_dags/tutorial.py
[2025-10-15T07:42:45.233+0000] {processor.py:830} INFO - Processing file /home/airflow/.local/lib/python3.8/site-packages/airflow/example_dags/tutorial.py for tasks to queue
[2025-10-15T07:42:45.234+0000] {logging_mixin.py:188} INFO - [2025-10-15T07:42:45.234+0000] {dagbag.py:540} INFO - Filling up the DagBag from /home/airflow/.local/lib/python3.8/site-packages/airflow/example_dags/tutorial.py
[2025-10-15T07:42:45.240+0000] {processor.py:840} INFO - DAG(s) 'tutorial' retrieved from /home/airflow/.local/lib/python3.8/site-packages/airflow/example_dags/tutorial.py
[2025-10-15T07:42:45.256+0000] {logging_mixin.py:188} INFO - [2025-10-15T07:42:45.256+0000] {dag.py:3047} INFO - Sync 1 DAGs
[2025-10-15T07:42:45.274+0000] {logging_mixin.py:188} INFO - [2025-10-15T07:42:45.274+0000] {dag.py:3834} INFO - Setting next_dagrun for tutorial to 2025-10-14 00:00:00+00:00, run_after=2025-10-15 00:00:00+00:00
[2025-10-15T07:42:45.289+0000] {processor.py:183} INFO - Processing /home/airflow/.local/lib/python3.8/site-packages/airflow/example_dags/tutorial.py took 0.060 seconds
[2025-10-15T07:43:15.810+0000] {processor.py:161} INFO - Started process (PID=307) to work on /home/airflow/.local/lib/python3.8/site-packages/airflow/example_dags/tutorial.py
[2025-10-15T07:43:15.811+0000] {processor.py:830} INFO - Processing file /home/airflow/.local/lib/python3.8/site-packages/airflow/example_dags/tutorial.py for tasks to queue
[2025-10-15T07:43:15.813+0000] {logging_mixin.py:188} INFO - [2025-10-15T07:43:15.813+0000] {dagbag.py:540} INFO - Filling up the DagBag from /home/airflow/.local/lib/python3.8/site-packages/airflow/example_dags/tutorial.py
[2025-10-15T07:43:15.818+0000] {processor.py:840} INFO - DAG(s) 'tutorial' retrieved from /home/airflow/.local/lib/python3.8/site-packages/airflow/example_dags/tutorial.py
[2025-10-15T07:43:15.839+0000] {logging_mixin.py:188} INFO - [2025-10-15T07:43:15.838+0000] {dag.py:3047} INFO - Sync 1 DAGs
[2025-10-15T07:43:15.860+0000] {logging_mixin.py:188} INFO - [2025-10-15T07:43:15.860+0000] {dag.py:3834} INFO - Setting next_dagrun for tutorial to 2025-10-14 00:00:00+00:00, run_after=2025-10-15 00:00:00+00:00
[2025-10-15T07:43:15.879+0000] {processor.py:183} INFO - Processing /home/airflow/.local/lib/python3.8/site-packages/airflow/example_dags/tutorial.py took 0.073 seconds
[2025-10-15T07:43:45.947+0000] {processor.py:161} INFO - Started process (PID=367) to work on /home/airflow/.local/lib/python3.8/site-packages/airflow/example_dags/tutorial.py
[2025-10-15T07:43:45.948+0000] {processor.py:830} INFO - Processing file /home/airflow/.local/lib/python3.8/site-packages/airflow/example_dags/tutorial.py for tasks to queue
[2025-10-15T07:43:45.949+0000] {logging_mixin.py:188} INFO - [2025-10-15T07:43:45.949+0000] {dagbag.py:540} INFO - Filling up the DagBag from /home/airflow/.local/lib/python3.8/site-packages/airflow/example_dags/tutorial.py
[2025-10-15T07:43:45.954+0000] {processor.py:840} INFO - DAG(s) 'tutorial' retrieved from /home/airflow/.local/lib/python3.8/site-packages/airflow/example_dags/tutorial.py
[2025-10-15T07:43:45.972+0000] {logging_mixin.py:188} INFO - [2025-10-15T07:43:45.972+0000] {dag.py:3047} INFO - Sync 1 DAGs
[2025-10-15T07:43:45.992+0000] {logging_mixin.py:188} INFO - [2025-10-15T07:43:45.991+0000] {dag.py:3834} INFO - Setting next_dagrun for tutorial to 2025-10-14 00:00:00+00:00, run_after=2025-10-15 00:00:00+00:00
[2025-10-15T07:43:46.010+0000] {processor.py:183} INFO - Processing /home/airflow/.local/lib/python3.8/site-packages/airflow/example_dags/tutorial.py took 0.066 seconds
[2025-10-15T07:44:16.435+0000] {processor.py:161} INFO - Started process (PID=427) to work on /home/airflow/.local/lib/python3.8/site-packages/airflow/example_dags/tutorial.py
[2025-10-15T07:44:16.436+0000] {processor.py:830} INFO - Processing file /home/airflow/.local/lib/python3.8/site-packages/airflow/example_dags/tutorial.py for tasks to queue
[2025-10-15T07:44:16.437+0000] {logging_mixin.py:188} INFO - [2025-10-15T07:44:16.437+0000] {dagbag.py:540} INFO - Filling up the DagBag from /home/airflow/.local/lib/python3.8/site-packages/airflow/example_dags/tutorial.py
[2025-10-15T07:44:16.442+0000] {processor.py:840} INFO - DAG(s) 'tutorial' retrieved from /home/airflow/.local/lib/python3.8/site-packages/airflow/example_dags/tutorial.py
[2025-10-15T07:44:16.459+0000] {logging_mixin.py:188} INFO - [2025-10-15T07:44:16.459+0000] {dag.py:3047} INFO - Sync 1 DAGs
[2025-10-15T07:44:16.477+0000] {logging_mixin.py:188} INFO - [2025-10-15T07:44:16.477+0000] {dag.py:3834} INFO - Setting next_dagrun for tutorial to 2025-10-14 00:00:00+00:00, run_after=2025-10-15 00:00:00+00:00
[2025-10-15T07:44:16.494+0000] {processor.py:183} INFO - Processing /home/airflow/.local/lib/python3.8/site-packages/airflow/example_dags/tutorial.py took 0.062 seconds
[2025-10-15T07:44:46.784+0000] {processor.py:161} INFO - Started process (PID=487) to work on /home/airflow/.local/lib/python3.8/site-packages/airflow/example_dags/tutorial.py
[2025-10-15T07:44:46.785+0000] {processor.py:830} INFO - Processing file /home/airflow/.local/lib/python3.8/site-packages/airflow/example_dags/tutorial.py for tasks to queue
[2025-10-15T07:44:46.787+0000] {logging_mixin.py:188} INFO - [2025-10-15T07:44:46.787+0000] {dagbag.py:540} INFO - Filling up the DagBag from /home/airflow/.local/lib/python3.8/site-packages/airflow/example_dags/tutorial.py
[2025-10-15T07:44:46.792+0000] {processor.py:840} INFO - DAG(s) 'tutorial' retrieved from /home/airflow/.local/lib/python3.8/site-packages/airflow/example_dags/tutorial.py
[2025-10-15T07:44:46.811+0000] {logging_mixin.py:188} INFO - [2025-10-15T07:44:46.810+0000] {dag.py:3047} INFO - Sync 1 DAGs
[2025-10-15T07:44:46.829+0000] {logging_mixin.py:188} INFO - [2025-10-15T07:44:46.829+0000] {dag.py:3834} INFO - Setting next_dagrun for tutorial to 2025-10-14 00:00:00+00:00, run_after=2025-10-15 00:00:00+00:00
[2025-10-15T07:44:46.849+0000] {processor.py:183} INFO - Processing /home/airflow/.local/lib/python3.8/site-packages/airflow/example_dags/tutorial.py took 0.067 seconds
[2025-10-15T07:45:16.997+0000] {processor.py:161} INFO - Started process (PID=548) to work on /home/airflow/.local/lib/python3.8/site-packages/airflow/example_dags/tutorial.py
[2025-10-15T07:45:16.998+0000] {processor.py:830} INFO - Processing file /home/airflow/.local/lib/python3.8/site-packages/airflow/example_dags/tutorial.py for tasks to queue
[2025-10-15T07:45:16.999+0000] {logging_mixin.py:188} INFO - [2025-10-15T07:45:16.999+0000] {dagbag.py:540} INFO - Filling up the DagBag from /home/airflow/.local/lib/python3.8/site-packages/airflow/example_dags/tutorial.py
[2025-10-15T07:45:17.004+0000] {processor.py:840} INFO - DAG(s) 'tutorial' retrieved from /home/airflow/.local/lib/python3.8/site-packages/airflow/example_dags/tutorial.py
[2025-10-15T07:45:17.021+0000] {logging_mixin.py:188} INFO - [2025-10-15T07:45:17.021+0000] {dag.py:3047} INFO - Sync 1 DAGs
[2025-10-15T07:45:17.041+0000] {logging_mixin.py:188} INFO - [2025-10-15T07:45:17.041+0000] {dag.py:3834} INFO - Setting next_dagrun for tutorial to 2025-10-14 00:00:00+00:00, run_after=2025-10-15 00:00:00+00:00
[2025-10-15T07:45:17.057+0000] {processor.py:183} INFO - Processing /home/airflow/.local/lib/python3.8/site-packages/airflow/example_dags/tutorial.py took 0.063 seconds
[2025-10-15T07:45:47.341+0000] {processor.py:161} INFO - Started process (PID=608) to work on /home/airflow/.local/lib/python3.8/site-packages/airflow/example_dags/tutorial.py
[2025-10-15T07:45:47.342+0000] {processor.py:830} INFO - Processing file /home/airflow/.local/lib/python3.8/site-packages/airflow/example_dags/tutorial.py for tasks to queue
[2025-10-15T07:45:47.344+0000] {logging_mixin.py:188} INFO - [2025-10-15T07:45:47.344+0000] {dagbag.py:540} INFO - Filling up the DagBag from /home/airflow/.local/lib/python3.8/site-packages/airflow/example_dags/tutorial.py
[2025-10-15T07:45:47.349+0000] {processor.py:840} INFO - DAG(s) 'tutorial' retrieved from /home/airflow/.local/lib/python3.8/site-packages/airflow/example_dags/tutorial.py
[2025-10-15T07:45:47.366+0000] {logging_mixin.py:188} INFO - [2025-10-15T07:45:47.366+0000] {dag.py:3047} INFO - Sync 1 DAGs
[2025-10-15T07:45:47.386+0000] {logging_mixin.py:188} INFO - [2025-10-15T07:45:47.386+0000] {dag.py:3834} INFO - Setting next_dagrun for tutorial to 2025-10-14 00:00:00+00:00, run_after=2025-10-15 00:00:00+00:00
[2025-10-15T07:45:47.403+0000] {processor.py:183} INFO - Processing /home/airflow/.local/lib/python3.8/site-packages/airflow/example_dags/tutorial.py took 0.064 seconds
[2025-10-15T07:46:18.084+0000] {processor.py:161} INFO - Started process (PID=668) to work on /home/airflow/.local/lib/python3.8/site-packages/airflow/example_dags/tutorial.py
[2025-10-15T07:46:18.085+0000] {processor.py:830} INFO - Processing file /home/airflow/.local/lib/python3.8/site-packages/airflow/example_dags/tutorial.py for tasks to queue
[2025-10-15T07:46:18.087+0000] {logging_mixin.py:188} INFO - [2025-10-15T07:46:18.087+0000] {dagbag.py:540} INFO - Filling up the DagBag from /home/airflow/.local/lib/python3.8/site-packages/airflow/example_dags/tutorial.py
[2025-10-15T07:46:18.093+0000] {processor.py:840} INFO - DAG(s) 'tutorial' retrieved from /home/airflow/.local/lib/python3.8/site-packages/airflow/example_dags/tutorial.py
[2025-10-15T07:46:18.111+0000] {logging_mixin.py:188} INFO - [2025-10-15T07:46:18.110+0000] {dag.py:3047} INFO - Sync 1 DAGs
[2025-10-15T07:46:18.129+0000] {logging_mixin.py:188} INFO - [2025-10-15T07:46:18.129+0000] {dag.py:3834} INFO - Setting next_dagrun for tutorial to 2025-10-14 00:00:00+00:00, run_after=2025-10-15 00:00:00+00:00
[2025-10-15T07:46:18.146+0000] {processor.py:183} INFO - Processing /home/airflow/.local/lib/python3.8/site-packages/airflow/example_dags/tutorial.py took 0.065 seconds
[2025-10-15T07:46:48.799+0000] {processor.py:161} INFO - Started process (PID=728) to work on /home/airflow/.local/lib/python3.8/site-packages/airflow/example_dags/tutorial.py
[2025-10-15T07:46:48.800+0000] {processor.py:830} INFO - Processing file /home/airflow/.local/lib/python3.8/site-packages/airflow/example_dags/tutorial.py for tasks to queue
[2025-10-15T07:46:48.802+0000] {logging_mixin.py:188} INFO - [2025-10-15T07:46:48.802+0000] {dagbag.py:540} INFO - Filling up the DagBag from /home/airflow/.local/lib/python3.8/site-packages/airflow/example_dags/tutorial.py
[2025-10-15T07:46:48.807+0000] {processor.py:840} INFO - DAG(s) 'tutorial' retrieved from /home/airflow/.local/lib/python3.8/site-packages/airflow/example_dags/tutorial.py
[2025-10-15T07:46:48.825+0000] {logging_mixin.py:188} INFO - [2025-10-15T07:46:48.824+0000] {dag.py:3047} INFO - Sync 1 DAGs
[2025-10-15T07:46:48.843+0000] {logging_mixin.py:188} INFO - [2025-10-15T07:46:48.843+0000] {dag.py:3834} INFO - Setting next_dagrun for tutorial to 2025-10-14 00:00:00+00:00, run_after=2025-10-15 00:00:00+00:00
[2025-10-15T07:46:48.859+0000] {processor.py:183} INFO - Processing /home/airflow/.local/lib/python3.8/site-packages/airflow/example_dags/tutorial.py took 0.062 seconds
[2025-10-15T07:47:19.733+0000] {processor.py:161} INFO - Started process (PID=788) to work on /home/airflow/.local/lib/python3.8/site-packages/airflow/example_dags/tutorial.py
[2025-10-15T07:47:19.734+0000] {processor.py:830} INFO - Processing file /home/airflow/.local/lib/python3.8/site-packages/airflow/example_dags/tutorial.py for tasks to queue
[2025-10-15T07:47:19.736+0000] {logging_mixin.py:188} INFO - [2025-10-15T07:47:19.736+0000] {dagbag.py:540} INFO - Filling up the DagBag from /home/airflow/.local/lib/python3.8/site-packages/airflow/example_dags/tutorial.py
[2025-10-15T07:47:19.742+0000] {processor.py:840} INFO - DAG(s) 'tutorial' retrieved from /home/airflow/.local/lib/python3.8/site-packages/airflow/example_dags/tutorial.py
[2025-10-15T07:47:19.765+0000] {logging_mixin.py:188} INFO - [2025-10-15T07:47:19.765+0000] {dag.py:3047} INFO - Sync 1 DAGs
[2025-10-15T07:47:19.791+0000] {logging_mixin.py:188} INFO - [2025-10-15T07:47:19.790+0000] {dag.py:3834} INFO - Setting next_dagrun for tutorial to 2025-10-14 00:00:00+00:00, run_after=2025-10-15 00:00:00+00:00
[2025-10-15T07:47:19.819+0000] {processor.py:183} INFO - Processing /home/airflow/.local/lib/python3.8/site-packages/airflow/example_dags/tutorial.py took 0.093 seconds
[2025-10-15T07:47:50.049+0000] {processor.py:161} INFO - Started process (PID=848) to work on /home/airflow/.local/lib/python3.8/site-packages/airflow/example_dags/tutorial.py
[2025-10-15T07:47:50.050+0000] {processor.py:830} INFO - Processing file /home/airflow/.local/lib/python3.8/site-packages/airflow/example_dags/tutorial.py for tasks to queue
[2025-10-15T07:47:50.052+0000] {logging_mixin.py:188} INFO - [2025-10-15T07:47:50.052+0000] {dagbag.py:540} INFO - Filling up the DagBag from /home/airflow/.local/lib/python3.8/site-packages/airflow/example_dags/tutorial.py
[2025-10-15T07:47:50.057+0000] {processor.py:840} INFO - DAG(s) 'tutorial' retrieved from /home/airflow/.local/lib/python3.8/site-packages/airflow/example_dags/tutorial.py
[2025-10-15T07:47:50.075+0000] {logging_mixin.py:188} INFO - [2025-10-15T07:47:50.075+0000] {dag.py:3047} INFO - Sync 1 DAGs
[2025-10-15T07:47:50.095+0000] {logging_mixin.py:188} INFO - [2025-10-15T07:47:50.095+0000] {dag.py:3834} INFO - Setting next_dagrun for tutorial to 2025-10-14 00:00:00+00:00, run_after=2025-10-15 00:00:00+00:00
[2025-10-15T07:47:50.113+0000] {processor.py:183} INFO - Processing /home/airflow/.local/lib/python3.8/site-packages/airflow/example_dags/tutorial.py took 0.067 seconds
[2025-10-15T07:48:20.270+0000] {processor.py:161} INFO - Started process (PID=908) to work on /home/airflow/.local/lib/python3.8/site-packages/airflow/example_dags/tutorial.py
[2025-10-15T07:48:20.271+0000] {processor.py:830} INFO - Processing file /home/airflow/.local/lib/python3.8/site-packages/airflow/example_dags/tutorial.py for tasks to queue
[2025-10-15T07:48:20.273+0000] {logging_mixin.py:188} INFO - [2025-10-15T07:48:20.273+0000] {dagbag.py:540} INFO - Filling up the DagBag from /home/airflow/.local/lib/python3.8/site-packages/airflow/example_dags/tutorial.py
[2025-10-15T07:48:20.278+0000] {processor.py:840} INFO - DAG(s) 'tutorial' retrieved from /home/airflow/.local/lib/python3.8/site-packages/airflow/example_dags/tutorial.py
[2025-10-15T07:48:20.296+0000] {logging_mixin.py:188} INFO - [2025-10-15T07:48:20.296+0000] {dag.py:3047} INFO - Sync 1 DAGs
[2025-10-15T07:48:20.315+0000] {logging_mixin.py:188} INFO - [2025-10-15T07:48:20.315+0000] {dag.py:3834} INFO - Setting next_dagrun for tutorial to 2025-10-14 00:00:00+00:00, run_after=2025-10-15 00:00:00+00:00
[2025-10-15T07:48:20.330+0000] {processor.py:183} INFO - Processing /home/airflow/.local/lib/python3.8/site-packages/airflow/example_dags/tutorial.py took 0.063 seconds
[2025-10-15T07:48:50.600+0000] {processor.py:161} INFO - Started process (PID=969) to work on /home/airflow/.local/lib/python3.8/site-packages/airflow/example_dags/tutorial.py
[2025-10-15T07:48:50.601+0000] {processor.py:830} INFO - Processing file /home/airflow/.local/lib/python3.8/site-packages/airflow/example_dags/tutorial.py for tasks to queue
[2025-10-15T07:48:50.602+0000] {logging_mixin.py:188} INFO - [2025-10-15T07:48:50.602+0000] {dagbag.py:540} INFO - Filling up the DagBag from /home/airflow/.local/lib/python3.8/site-packages/airflow/example_dags/tutorial.py
[2025-10-15T07:48:50.607+0000] {processor.py:840} INFO - DAG(s) 'tutorial' retrieved from /home/airflow/.local/lib/python3.8/site-packages/airflow/example_dags/tutorial.py
[2025-10-15T07:48:50.627+0000] {logging_mixin.py:188} INFO - [2025-10-15T07:48:50.627+0000] {dag.py:3047} INFO - Sync 1 DAGs
[2025-10-15T07:48:50.648+0000] {logging_mixin.py:188} INFO - [2025-10-15T07:48:50.648+0000] {dag.py:3834} INFO - Setting next_dagrun for tutorial to 2025-10-14 00:00:00+00:00, run_after=2025-10-15 00:00:00+00:00
[2025-10-15T07:48:50.666+0000] {processor.py:183} INFO - Processing /home/airflow/.local/lib/python3.8/site-packages/airflow/example_dags/tutorial.py took 0.069 seconds
[2025-10-15T07:49:21.281+0000] {processor.py:161} INFO - Started process (PID=1030) to work on /home/airflow/.local/lib/python3.8/site-packages/airflow/example_dags/tutorial.py
[2025-10-15T07:49:21.282+0000] {processor.py:830} INFO - Processing file /home/airflow/.local/lib/python3.8/site-packages/airflow/example_dags/tutorial.py for tasks to queue
[2025-10-15T07:49:21.283+0000] {logging_mixin.py:188} INFO - [2025-10-15T07:49:21.283+0000] {dagbag.py:540} INFO - Filling up the DagBag from /home/airflow/.local/lib/python3.8/site-packages/airflow/example_dags/tutorial.py
[2025-10-15T07:49:21.288+0000] {processor.py:840} INFO - DAG(s) 'tutorial' retrieved from /home/airflow/.local/lib/python3.8/site-packages/airflow/example_dags/tutorial.py
[2025-10-15T07:49:21.305+0000] {logging_mixin.py:188} INFO - [2025-10-15T07:49:21.305+0000] {dag.py:3047} INFO - Sync 1 DAGs
[2025-10-15T07:49:21.324+0000] {logging_mixin.py:188} INFO - [2025-10-15T07:49:21.324+0000] {dag.py:3834} INFO - Setting next_dagrun for tutorial to 2025-10-14 00:00:00+00:00, run_after=2025-10-15 00:00:00+00:00
[2025-10-15T07:49:21.340+0000] {processor.py:183} INFO - Processing /home/airflow/.local/lib/python3.8/site-packages/airflow/example_dags/tutorial.py took 0.061 seconds
[2025-10-15T07:49:52.178+0000] {processor.py:161} INFO - Started process (PID=1090) to work on /home/airflow/.local/lib/python3.8/site-packages/airflow/example_dags/tutorial.py
[2025-10-15T07:49:52.179+0000] {processor.py:830} INFO - Processing file /home/airflow/.local/lib/python3.8/site-packages/airflow/example_dags/tutorial.py for tasks to queue
[2025-10-15T07:49:52.181+0000] {logging_mixin.py:188} INFO - [2025-10-15T07:49:52.181+0000] {dagbag.py:540} INFO - Filling up the DagBag from /home/airflow/.local/lib/python3.8/site-packages/airflow/example_dags/tutorial.py
[2025-10-15T07:49:52.186+0000] {processor.py:840} INFO - DAG(s) 'tutorial' retrieved from /home/airflow/.local/lib/python3.8/site-packages/airflow/example_dags/tutorial.py
[2025-10-15T07:49:52.203+0000] {logging_mixin.py:188} INFO - [2025-10-15T07:49:52.203+0000] {dag.py:3047} INFO - Sync 1 DAGs
[2025-10-15T07:49:52.223+0000] {logging_mixin.py:188} INFO - [2025-10-15T07:49:52.222+0000] {dag.py:3834} INFO - Setting next_dagrun for tutorial to 2025-10-14 00:00:00+00:00, run_after=2025-10-15 00:00:00+00:00
[2025-10-15T07:49:52.239+0000] {processor.py:183} INFO - Processing /home/airflow/.local/lib/python3.8/site-packages/airflow/example_dags/tutorial.py took 0.063 seconds
[2025-10-15T07:50:22.925+0000] {processor.py:161} INFO - Started process (PID=1151) to work on /home/airflow/.local/lib/python3.8/site-packages/airflow/example_dags/tutorial.py
[2025-10-15T07:50:22.926+0000] {processor.py:830} INFO - Processing file /home/airflow/.local/lib/python3.8/site-packages/airflow/example_dags/tutorial.py for tasks to queue
[2025-10-15T07:50:22.927+0000] {logging_mixin.py:188} INFO - [2025-10-15T07:50:22.927+0000] {dagbag.py:540} INFO - Filling up the DagBag from /home/airflow/.local/lib/python3.8/site-packages/airflow/example_dags/tutorial.py
[2025-10-15T07:50:22.933+0000] {processor.py:840} INFO - DAG(s) 'tutorial' retrieved from /home/airflow/.local/lib/python3.8/site-packages/airflow/example_dags/tutorial.py
[2025-10-15T07:50:22.952+0000] {logging_mixin.py:188} INFO - [2025-10-15T07:50:22.952+0000] {dag.py:3047} INFO - Sync 1 DAGs
[2025-10-15T07:50:22.973+0000] {logging_mixin.py:188} INFO - [2025-10-15T07:50:22.973+0000] {dag.py:3834} INFO - Setting next_dagrun for tutorial to 2025-10-14 00:00:00+00:00, run_after=2025-10-15 00:00:00+00:00
[2025-10-15T07:50:22.994+0000] {processor.py:183} INFO - Processing /home/airflow/.local/lib/python3.8/site-packages/airflow/example_dags/tutorial.py took 0.072 seconds
[2025-10-15T07:50:53.898+0000] {processor.py:161} INFO - Started process (PID=1214) to work on /home/airflow/.local/lib/python3.8/site-packages/airflow/example_dags/tutorial.py
[2025-10-15T07:50:53.899+0000] {processor.py:830} INFO - Processing file /home/airflow/.local/lib/python3.8/site-packages/airflow/example_dags/tutorial.py for tasks to queue
[2025-10-15T07:50:53.900+0000] {logging_mixin.py:188} INFO - [2025-10-15T07:50:53.900+0000] {dagbag.py:540} INFO - Filling up the DagBag from /home/airflow/.local/lib/python3.8/site-packages/airflow/example_dags/tutorial.py
[2025-10-15T07:50:53.905+0000] {processor.py:840} INFO - DAG(s) 'tutorial' retrieved from /home/airflow/.local/lib/python3.8/site-packages/airflow/example_dags/tutorial.py
[2025-10-15T07:50:53.921+0000] {logging_mixin.py:188} INFO - [2025-10-15T07:50:53.921+0000] {dag.py:3047} INFO - Sync 1 DAGs
[2025-10-15T07:50:53.940+0000] {logging_mixin.py:188} INFO - [2025-10-15T07:50:53.939+0000] {dag.py:3834} INFO - Setting next_dagrun for tutorial to 2025-10-14 00:00:00+00:00, run_after=2025-10-15 00:00:00+00:00
[2025-10-15T07:50:53.957+0000] {processor.py:183} INFO - Processing /home/airflow/.local/lib/python3.8/site-packages/airflow/example_dags/tutorial.py took 0.062 seconds
[2025-10-15T07:51:24.280+0000] {processor.py:161} INFO - Started process (PID=1276) to work on /home/airflow/.local/lib/python3.8/site-packages/airflow/example_dags/tutorial.py
[2025-10-15T07:51:24.281+0000] {processor.py:830} INFO - Processing file /home/airflow/.local/lib/python3.8/site-packages/airflow/example_dags/tutorial.py for tasks to queue
[2025-10-15T07:51:24.282+0000] {logging_mixin.py:188} INFO - [2025-10-15T07:51:24.282+0000] {dagbag.py:540} INFO - Filling up the DagBag from /home/airflow/.local/lib/python3.8/site-packages/airflow/example_dags/tutorial.py
[2025-10-15T07:51:24.287+0000] {processor.py:840} INFO - DAG(s) 'tutorial' retrieved from /home/airflow/.local/lib/python3.8/site-packages/airflow/example_dags/tutorial.py
[2025-10-15T07:51:24.304+0000] {logging_mixin.py:188} INFO - [2025-10-15T07:51:24.304+0000] {dag.py:3047} INFO - Sync 1 DAGs
[2025-10-15T07:51:24.323+0000] {logging_mixin.py:188} INFO - [2025-10-15T07:51:24.323+0000] {dag.py:3834} INFO - Setting next_dagrun for tutorial to 2025-10-14 00:00:00+00:00, run_after=2025-10-15 00:00:00+00:00
[2025-10-15T07:51:24.339+0000] {processor.py:183} INFO - Processing /home/airflow/.local/lib/python3.8/site-packages/airflow/example_dags/tutorial.py took 0.062 seconds
[2025-10-15T07:51:54.673+0000] {processor.py:161} INFO - Started process (PID=1337) to work on /home/airflow/.local/lib/python3.8/site-packages/airflow/example_dags/tutorial.py
[2025-10-15T07:51:54.675+0000] {processor.py:830} INFO - Processing file /home/airflow/.local/lib/python3.8/site-packages/airflow/example_dags/tutorial.py for tasks to queue
[2025-10-15T07:51:54.677+0000] {logging_mixin.py:188} INFO - [2025-10-15T07:51:54.677+0000] {dagbag.py:540} INFO - Filling up the DagBag from /home/airflow/.local/lib/python3.8/site-packages/airflow/example_dags/tutorial.py
[2025-10-15T07:51:54.683+0000] {processor.py:840} INFO - DAG(s) 'tutorial' retrieved from /home/airflow/.local/lib/python3.8/site-packages/airflow/example_dags/tutorial.py
[2025-10-15T07:51:54.704+0000] {logging_mixin.py:188} INFO - [2025-10-15T07:51:54.704+0000] {dag.py:3047} INFO - Sync 1 DAGs
[2025-10-15T07:51:54.727+0000] {logging_mixin.py:188} INFO - [2025-10-15T07:51:54.727+0000] {dag.py:3834} INFO - Setting next_dagrun for tutorial to 2025-10-14 00:00:00+00:00, run_after=2025-10-15 00:00:00+00:00
[2025-10-15T07:51:54.757+0000] {processor.py:183} INFO - Processing /home/airflow/.local/lib/python3.8/site-packages/airflow/example_dags/tutorial.py took 0.087 seconds
[2025-10-15T07:52:25.055+0000] {processor.py:161} INFO - Started process (PID=1399) to work on /home/airflow/.local/lib/python3.8/site-packages/airflow/example_dags/tutorial.py
[2025-10-15T07:52:25.056+0000] {processor.py:830} INFO - Processing file /home/airflow/.local/lib/python3.8/site-packages/airflow/example_dags/tutorial.py for tasks to queue
[2025-10-15T07:52:25.058+0000] {logging_mixin.py:188} INFO - [2025-10-15T07:52:25.058+0000] {dagbag.py:540} INFO - Filling up the DagBag from /home/airflow/.local/lib/python3.8/site-packages/airflow/example_dags/tutorial.py
[2025-10-15T07:52:25.063+0000] {processor.py:840} INFO - DAG(s) 'tutorial' retrieved from /home/airflow/.local/lib/python3.8/site-packages/airflow/example_dags/tutorial.py
[2025-10-15T07:52:25.080+0000] {logging_mixin.py:188} INFO - [2025-10-15T07:52:25.080+0000] {dag.py:3047} INFO - Sync 1 DAGs
[2025-10-15T07:52:25.101+0000] {logging_mixin.py:188} INFO - [2025-10-15T07:52:25.100+0000] {dag.py:3834} INFO - Setting next_dagrun for tutorial to 2025-10-14 00:00:00+00:00, run_after=2025-10-15 00:00:00+00:00
[2025-10-15T07:52:25.117+0000] {processor.py:183} INFO - Processing /home/airflow/.local/lib/python3.8/site-packages/airflow/example_dags/tutorial.py took 0.064 seconds
[2025-10-15T07:52:56.008+0000] {processor.py:161} INFO - Started process (PID=1460) to work on /home/airflow/.local/lib/python3.8/site-packages/airflow/example_dags/tutorial.py
[2025-10-15T07:52:56.009+0000] {processor.py:830} INFO - Processing file /home/airflow/.local/lib/python3.8/site-packages/airflow/example_dags/tutorial.py for tasks to queue
[2025-10-15T07:52:56.011+0000] {logging_mixin.py:188} INFO - [2025-10-15T07:52:56.011+0000] {dagbag.py:540} INFO - Filling up the DagBag from /home/airflow/.local/lib/python3.8/site-packages/airflow/example_dags/tutorial.py
[2025-10-15T07:52:56.016+0000] {processor.py:840} INFO - DAG(s) 'tutorial' retrieved from /home/airflow/.local/lib/python3.8/site-packages/airflow/example_dags/tutorial.py
[2025-10-15T07:52:56.032+0000] {logging_mixin.py:188} INFO - [2025-10-15T07:52:56.031+0000] {dag.py:3047} INFO - Sync 1 DAGs
[2025-10-15T07:52:56.051+0000] {logging_mixin.py:188} INFO - [2025-10-15T07:52:56.051+0000] {dag.py:3834} INFO - Setting next_dagrun for tutorial to 2025-10-14 00:00:00+00:00, run_after=2025-10-15 00:00:00+00:00
[2025-10-15T07:52:56.068+0000] {processor.py:183} INFO - Processing /home/airflow/.local/lib/python3.8/site-packages/airflow/example_dags/tutorial.py took 0.062 seconds
[2025-10-15T07:53:27.063+0000] {processor.py:161} INFO - Started process (PID=1520) to work on /home/airflow/.local/lib/python3.8/site-packages/airflow/example_dags/tutorial.py
[2025-10-15T07:53:27.064+0000] {processor.py:830} INFO - Processing file /home/airflow/.local/lib/python3.8/site-packages/airflow/example_dags/tutorial.py for tasks to queue
[2025-10-15T07:53:27.066+0000] {logging_mixin.py:188} INFO - [2025-10-15T07:53:27.066+0000] {dagbag.py:540} INFO - Filling up the DagBag from /home/airflow/.local/lib/python3.8/site-packages/airflow/example_dags/tutorial.py
[2025-10-15T07:53:27.073+0000] {processor.py:840} INFO - DAG(s) 'tutorial' retrieved from /home/airflow/.local/lib/python3.8/site-packages/airflow/example_dags/tutorial.py
[2025-10-15T07:53:27.092+0000] {logging_mixin.py:188} INFO - [2025-10-15T07:53:27.092+0000] {dag.py:3047} INFO - Sync 1 DAGs
[2025-10-15T07:53:27.116+0000] {logging_mixin.py:188} INFO - [2025-10-15T07:53:27.115+0000] {dag.py:3834} INFO - Setting next_dagrun for tutorial to 2025-10-14 00:00:00+00:00, run_after=2025-10-15 00:00:00+00:00
[2025-10-15T07:53:27.135+0000] {processor.py:183} INFO - Processing /home/airflow/.local/lib/python3.8/site-packages/airflow/example_dags/tutorial.py took 0.075 seconds
[2025-10-15T07:53:57.728+0000] {processor.py:161} INFO - Started process (PID=1582) to work on /home/airflow/.local/lib/python3.8/site-packages/airflow/example_dags/tutorial.py
[2025-10-15T07:53:57.729+0000] {processor.py:830} INFO - Processing file /home/airflow/.local/lib/python3.8/site-packages/airflow/example_dags/tutorial.py for tasks to queue
[2025-10-15T07:53:57.731+0000] {logging_mixin.py:188} INFO - [2025-10-15T07:53:57.730+0000] {dagbag.py:540} INFO - Filling up the DagBag from /home/airflow/.local/lib/python3.8/site-packages/airflow/example_dags/tutorial.py
[2025-10-15T07:53:57.736+0000] {processor.py:840} INFO - DAG(s) 'tutorial' retrieved from /home/airflow/.local/lib/python3.8/site-packages/airflow/example_dags/tutorial.py
[2025-10-15T07:53:57.755+0000] {logging_mixin.py:188} INFO - [2025-10-15T07:53:57.755+0000] {dag.py:3047} INFO - Sync 1 DAGs
[2025-10-15T07:53:57.775+0000] {logging_mixin.py:188} INFO - [2025-10-15T07:53:57.775+0000] {dag.py:3834} INFO - Setting next_dagrun for tutorial to 2025-10-14 00:00:00+00:00, run_after=2025-10-15 00:00:00+00:00
[2025-10-15T07:53:57.792+0000] {processor.py:183} INFO - Processing /home/airflow/.local/lib/python3.8/site-packages/airflow/example_dags/tutorial.py took 0.067 seconds
[2025-10-15T07:54:28.768+0000] {processor.py:161} INFO - Started process (PID=1642) to work on /home/airflow/.local/lib/python3.8/site-packages/airflow/example_dags/tutorial.py
[2025-10-15T07:54:28.769+0000] {processor.py:830} INFO - Processing file /home/airflow/.local/lib/python3.8/site-packages/airflow/example_dags/tutorial.py for tasks to queue
[2025-10-15T07:54:28.770+0000] {logging_mixin.py:188} INFO - [2025-10-15T07:54:28.770+0000] {dagbag.py:540} INFO - Filling up the DagBag from /home/airflow/.local/lib/python3.8/site-packages/airflow/example_dags/tutorial.py
[2025-10-15T07:54:28.776+0000] {processor.py:840} INFO - DAG(s) 'tutorial' retrieved from /home/airflow/.local/lib/python3.8/site-packages/airflow/example_dags/tutorial.py
[2025-10-15T07:54:28.794+0000] {logging_mixin.py:188} INFO - [2025-10-15T07:54:28.793+0000] {dag.py:3047} INFO - Sync 1 DAGs
[2025-10-15T07:54:28.812+0000] {logging_mixin.py:188} INFO - [2025-10-15T07:54:28.812+0000] {dag.py:3834} INFO - Setting next_dagrun for tutorial to 2025-10-14 00:00:00+00:00, run_after=2025-10-15 00:00:00+00:00
[2025-10-15T07:54:28.828+0000] {processor.py:183} INFO - Processing /home/airflow/.local/lib/python3.8/site-packages/airflow/example_dags/tutorial.py took 0.064 seconds
[2025-10-15T07:54:59.191+0000] {processor.py:161} INFO - Started process (PID=1702) to work on /home/airflow/.local/lib/python3.8/site-packages/airflow/example_dags/tutorial.py
[2025-10-15T07:54:59.192+0000] {processor.py:830} INFO - Processing file /home/airflow/.local/lib/python3.8/site-packages/airflow/example_dags/tutorial.py for tasks to queue
[2025-10-15T07:54:59.194+0000] {logging_mixin.py:188} INFO - [2025-10-15T07:54:59.193+0000] {dagbag.py:540} INFO - Filling up the DagBag from /home/airflow/.local/lib/python3.8/site-packages/airflow/example_dags/tutorial.py
[2025-10-15T07:54:59.199+0000] {processor.py:840} INFO - DAG(s) 'tutorial' retrieved from /home/airflow/.local/lib/python3.8/site-packages/airflow/example_dags/tutorial.py
[2025-10-15T07:54:59.218+0000] {logging_mixin.py:188} INFO - [2025-10-15T07:54:59.217+0000] {dag.py:3047} INFO - Sync 1 DAGs
[2025-10-15T07:54:59.237+0000] {logging_mixin.py:188} INFO - [2025-10-15T07:54:59.237+0000] {dag.py:3834} INFO - Setting next_dagrun for tutorial to 2025-10-14 00:00:00+00:00, run_after=2025-10-15 00:00:00+00:00
[2025-10-15T07:54:59.253+0000] {processor.py:183} INFO - Processing /home/airflow/.local/lib/python3.8/site-packages/airflow/example_dags/tutorial.py took 0.065 seconds
[2025-10-15T07:55:29.577+0000] {processor.py:161} INFO - Started process (PID=1764) to work on /home/airflow/.local/lib/python3.8/site-packages/airflow/example_dags/tutorial.py
[2025-10-15T07:55:29.578+0000] {processor.py:830} INFO - Processing file /home/airflow/.local/lib/python3.8/site-packages/airflow/example_dags/tutorial.py for tasks to queue
[2025-10-15T07:55:29.580+0000] {logging_mixin.py:188} INFO - [2025-10-15T07:55:29.579+0000] {dagbag.py:540} INFO - Filling up the DagBag from /home/airflow/.local/lib/python3.8/site-packages/airflow/example_dags/tutorial.py
[2025-10-15T07:55:29.585+0000] {processor.py:840} INFO - DAG(s) 'tutorial' retrieved from /home/airflow/.local/lib/python3.8/site-packages/airflow/example_dags/tutorial.py
[2025-10-15T07:55:29.603+0000] {logging_mixin.py:188} INFO - [2025-10-15T07:55:29.603+0000] {dag.py:3047} INFO - Sync 1 DAGs
[2025-10-15T07:55:29.622+0000] {logging_mixin.py:188} INFO - [2025-10-15T07:55:29.622+0000] {dag.py:3834} INFO - Setting next_dagrun for tutorial to 2025-10-14 00:00:00+00:00, run_after=2025-10-15 00:00:00+00:00
[2025-10-15T07:55:29.639+0000] {processor.py:183} INFO - Processing /home/airflow/.local/lib/python3.8/site-packages/airflow/example_dags/tutorial.py took 0.064 seconds
[2025-10-15T07:56:00.006+0000] {processor.py:161} INFO - Started process (PID=1825) to work on /home/airflow/.local/lib/python3.8/site-packages/airflow/example_dags/tutorial.py
[2025-10-15T07:56:00.007+0000] {processor.py:830} INFO - Processing file /home/airflow/.local/lib/python3.8/site-packages/airflow/example_dags/tutorial.py for tasks to queue
[2025-10-15T07:56:00.009+0000] {logging_mixin.py:188} INFO - [2025-10-15T07:56:00.008+0000] {dagbag.py:540} INFO - Filling up the DagBag from /home/airflow/.local/lib/python3.8/site-packages/airflow/example_dags/tutorial.py
[2025-10-15T07:56:00.014+0000] {processor.py:840} INFO - DAG(s) 'tutorial' retrieved from /home/airflow/.local/lib/python3.8/site-packages/airflow/example_dags/tutorial.py
[2025-10-15T07:56:00.031+0000] {logging_mixin.py:188} INFO - [2025-10-15T07:56:00.030+0000] {dag.py:3047} INFO - Sync 1 DAGs
[2025-10-15T07:56:00.051+0000] {logging_mixin.py:188} INFO - [2025-10-15T07:56:00.051+0000] {dag.py:3834} INFO - Setting next_dagrun for tutorial to 2025-10-14 00:00:00+00:00, run_after=2025-10-15 00:00:00+00:00
[2025-10-15T07:56:00.067+0000] {processor.py:183} INFO - Processing /home/airflow/.local/lib/python3.8/site-packages/airflow/example_dags/tutorial.py took 0.064 seconds
[2025-10-15T07:56:30.318+0000] {processor.py:161} INFO - Started process (PID=1885) to work on /home/airflow/.local/lib/python3.8/site-packages/airflow/example_dags/tutorial.py
[2025-10-15T07:56:30.319+0000] {processor.py:830} INFO - Processing file /home/airflow/.local/lib/python3.8/site-packages/airflow/example_dags/tutorial.py for tasks to queue
[2025-10-15T07:56:30.321+0000] {logging_mixin.py:188} INFO - [2025-10-15T07:56:30.320+0000] {dagbag.py:540} INFO - Filling up the DagBag from /home/airflow/.local/lib/python3.8/site-packages/airflow/example_dags/tutorial.py
[2025-10-15T07:56:30.325+0000] {processor.py:840} INFO - DAG(s) 'tutorial' retrieved from /home/airflow/.local/lib/python3.8/site-packages/airflow/example_dags/tutorial.py
[2025-10-15T07:56:30.342+0000] {logging_mixin.py:188} INFO - [2025-10-15T07:56:30.342+0000] {dag.py:3047} INFO - Sync 1 DAGs
[2025-10-15T07:56:30.361+0000] {logging_mixin.py:188} INFO - [2025-10-15T07:56:30.361+0000] {dag.py:3834} INFO - Setting next_dagrun for tutorial to 2025-10-14 00:00:00+00:00, run_after=2025-10-15 00:00:00+00:00
[2025-10-15T07:56:30.379+0000] {processor.py:183} INFO - Processing /home/airflow/.local/lib/python3.8/site-packages/airflow/example_dags/tutorial.py took 0.063 seconds
[2025-10-15T07:57:00.501+0000] {processor.py:161} INFO - Started process (PID=1945) to work on /home/airflow/.local/lib/python3.8/site-packages/airflow/example_dags/tutorial.py
[2025-10-15T07:57:00.502+0000] {processor.py:830} INFO - Processing file /home/airflow/.local/lib/python3.8/site-packages/airflow/example_dags/tutorial.py for tasks to queue
[2025-10-15T07:57:00.504+0000] {logging_mixin.py:188} INFO - [2025-10-15T07:57:00.504+0000] {dagbag.py:540} INFO - Filling up the DagBag from /home/airflow/.local/lib/python3.8/site-packages/airflow/example_dags/tutorial.py
[2025-10-15T07:57:00.509+0000] {processor.py:840} INFO - DAG(s) 'tutorial' retrieved from /home/airflow/.local/lib/python3.8/site-packages/airflow/example_dags/tutorial.py
[2025-10-15T07:57:00.526+0000] {logging_mixin.py:188} INFO - [2025-10-15T07:57:00.525+0000] {dag.py:3047} INFO - Sync 1 DAGs
[2025-10-15T07:57:00.545+0000] {logging_mixin.py:188} INFO - [2025-10-15T07:57:00.545+0000] {dag.py:3834} INFO - Setting next_dagrun for tutorial to 2025-10-14 00:00:00+00:00, run_after=2025-10-15 00:00:00+00:00
[2025-10-15T07:57:00.560+0000] {processor.py:183} INFO - Processing /home/airflow/.local/lib/python3.8/site-packages/airflow/example_dags/tutorial.py took 0.061 seconds
[2025-10-15T07:57:30.595+0000] {processor.py:161} INFO - Started process (PID=2004) to work on /home/airflow/.local/lib/python3.8/site-packages/airflow/example_dags/tutorial.py
[2025-10-15T07:57:30.596+0000] {processor.py:830} INFO - Processing file /home/airflow/.local/lib/python3.8/site-packages/airflow/example_dags/tutorial.py for tasks to queue
[2025-10-15T07:57:30.598+0000] {logging_mixin.py:188} INFO - [2025-10-15T07:57:30.598+0000] {dagbag.py:540} INFO - Filling up the DagBag from /home/airflow/.local/lib/python3.8/site-packages/airflow/example_dags/tutorial.py
[2025-10-15T07:57:30.603+0000] {processor.py:840} INFO - DAG(s) 'tutorial' retrieved from /home/airflow/.local/lib/python3.8/site-packages/airflow/example_dags/tutorial.py
[2025-10-15T07:57:30.620+0000] {logging_mixin.py:188} INFO - [2025-10-15T07:57:30.620+0000] {dag.py:3047} INFO - Sync 1 DAGs
[2025-10-15T07:57:30.639+0000] {logging_mixin.py:188} INFO - [2025-10-15T07:57:30.638+0000] {dag.py:3834} INFO - Setting next_dagrun for tutorial to 2025-10-14 00:00:00+00:00, run_after=2025-10-15 00:00:00+00:00
[2025-10-15T07:57:30.655+0000] {processor.py:183} INFO - Processing /home/airflow/.local/lib/python3.8/site-packages/airflow/example_dags/tutorial.py took 0.063 seconds
[2025-10-15T07:58:01.992+0000] {processor.py:161} INFO - Started process (PID=2065) to work on /home/airflow/.local/lib/python3.8/site-packages/airflow/example_dags/tutorial.py
[2025-10-15T07:58:01.993+0000] {processor.py:830} INFO - Processing file /home/airflow/.local/lib/python3.8/site-packages/airflow/example_dags/tutorial.py for tasks to queue
[2025-10-15T07:58:01.994+0000] {logging_mixin.py:188} INFO - [2025-10-15T07:58:01.994+0000] {dagbag.py:540} INFO - Filling up the DagBag from /home/airflow/.local/lib/python3.8/site-packages/airflow/example_dags/tutorial.py
[2025-10-15T07:58:01.999+0000] {processor.py:840} INFO - DAG(s) 'tutorial' retrieved from /home/airflow/.local/lib/python3.8/site-packages/airflow/example_dags/tutorial.py
[2025-10-15T07:58:02.015+0000] {logging_mixin.py:188} INFO - [2025-10-15T07:58:02.015+0000] {dag.py:3047} INFO - Sync 1 DAGs
[2025-10-15T07:58:02.033+0000] {logging_mixin.py:188} INFO - [2025-10-15T07:58:02.033+0000] {dag.py:3834} INFO - Setting next_dagrun for tutorial to 2025-10-14 00:00:00+00:00, run_after=2025-10-15 00:00:00+00:00
[2025-10-15T07:58:02.050+0000] {processor.py:183} INFO - Processing /home/airflow/.local/lib/python3.8/site-packages/airflow/example_dags/tutorial.py took 0.060 seconds
[2025-10-15T07:58:32.131+0000] {processor.py:161} INFO - Started process (PID=2125) to work on /home/airflow/.local/lib/python3.8/site-packages/airflow/example_dags/tutorial.py
[2025-10-15T07:58:32.132+0000] {processor.py:830} INFO - Processing file /home/airflow/.local/lib/python3.8/site-packages/airflow/example_dags/tutorial.py for tasks to queue
[2025-10-15T07:58:32.134+0000] {logging_mixin.py:188} INFO - [2025-10-15T07:58:32.133+0000] {dagbag.py:540} INFO - Filling up the DagBag from /home/airflow/.local/lib/python3.8/site-packages/airflow/example_dags/tutorial.py
[2025-10-15T07:58:32.139+0000] {processor.py:840} INFO - DAG(s) 'tutorial' retrieved from /home/airflow/.local/lib/python3.8/site-packages/airflow/example_dags/tutorial.py
[2025-10-15T07:58:32.155+0000] {logging_mixin.py:188} INFO - [2025-10-15T07:58:32.155+0000] {dag.py:3047} INFO - Sync 1 DAGs
[2025-10-15T07:58:32.174+0000] {logging_mixin.py:188} INFO - [2025-10-15T07:58:32.173+0000] {dag.py:3834} INFO - Setting next_dagrun for tutorial to 2025-10-14 00:00:00+00:00, run_after=2025-10-15 00:00:00+00:00
[2025-10-15T07:58:32.191+0000] {processor.py:183} INFO - Processing /home/airflow/.local/lib/python3.8/site-packages/airflow/example_dags/tutorial.py took 0.062 seconds
[2025-10-15T07:59:03.478+0000] {processor.py:161} INFO - Started process (PID=2185) to work on /home/airflow/.local/lib/python3.8/site-packages/airflow/example_dags/tutorial.py
[2025-10-15T07:59:03.479+0000] {processor.py:830} INFO - Processing file /home/airflow/.local/lib/python3.8/site-packages/airflow/example_dags/tutorial.py for tasks to queue
[2025-10-15T07:59:03.481+0000] {logging_mixin.py:188} INFO - [2025-10-15T07:59:03.481+0000] {dagbag.py:540} INFO - Filling up the DagBag from /home/airflow/.local/lib/python3.8/site-packages/airflow/example_dags/tutorial.py
[2025-10-15T07:59:03.489+0000] {processor.py:840} INFO - DAG(s) 'tutorial' retrieved from /home/airflow/.local/lib/python3.8/site-packages/airflow/example_dags/tutorial.py
[2025-10-15T07:59:03.509+0000] {logging_mixin.py:188} INFO - [2025-10-15T07:59:03.509+0000] {dag.py:3047} INFO - Sync 1 DAGs
[2025-10-15T07:59:03.528+0000] {logging_mixin.py:188} INFO - [2025-10-15T07:59:03.528+0000] {dag.py:3834} INFO - Setting next_dagrun for tutorial to 2025-10-14 00:00:00+00:00, run_after=2025-10-15 00:00:00+00:00
[2025-10-15T07:59:03.543+0000] {processor.py:183} INFO - Processing /home/airflow/.local/lib/python3.8/site-packages/airflow/example_dags/tutorial.py took 0.068 seconds
[2025-10-15T07:59:35.070+0000] {processor.py:161} INFO - Started process (PID=2247) to work on /home/airflow/.local/lib/python3.8/site-packages/airflow/example_dags/tutorial.py
[2025-10-15T07:59:35.070+0000] {processor.py:830} INFO - Processing file /home/airflow/.local/lib/python3.8/site-packages/airflow/example_dags/tutorial.py for tasks to queue
[2025-10-15T07:59:35.072+0000] {logging_mixin.py:188} INFO - [2025-10-15T07:59:35.072+0000] {dagbag.py:540} INFO - Filling up the DagBag from /home/airflow/.local/lib/python3.8/site-packages/airflow/example_dags/tutorial.py
[2025-10-15T07:59:35.077+0000] {processor.py:840} INFO - DAG(s) 'tutorial' retrieved from /home/airflow/.local/lib/python3.8/site-packages/airflow/example_dags/tutorial.py
[2025-10-15T07:59:35.096+0000] {logging_mixin.py:188} INFO - [2025-10-15T07:59:35.096+0000] {dag.py:3047} INFO - Sync 1 DAGs
[2025-10-15T07:59:35.114+0000] {logging_mixin.py:188} INFO - [2025-10-15T07:59:35.114+0000] {dag.py:3834} INFO - Setting next_dagrun for tutorial to 2025-10-14 00:00:00+00:00, run_after=2025-10-15 00:00:00+00:00
[2025-10-15T07:59:35.129+0000] {processor.py:183} INFO - Processing /home/airflow/.local/lib/python3.8/site-packages/airflow/example_dags/tutorial.py took 0.062 seconds
[2025-10-15T08:00:05.895+0000] {processor.py:161} INFO - Started process (PID=2306) to work on /home/airflow/.local/lib/python3.8/site-packages/airflow/example_dags/tutorial.py
[2025-10-15T08:00:05.896+0000] {processor.py:830} INFO - Processing file /home/airflow/.local/lib/python3.8/site-packages/airflow/example_dags/tutorial.py for tasks to queue
[2025-10-15T08:00:05.897+0000] {logging_mixin.py:188} INFO - [2025-10-15T08:00:05.896+0000] {dagbag.py:540} INFO - Filling up the DagBag from /home/airflow/.local/lib/python3.8/site-packages/airflow/example_dags/tutorial.py
[2025-10-15T08:00:05.902+0000] {processor.py:840} INFO - DAG(s) 'tutorial' retrieved from /home/airflow/.local/lib/python3.8/site-packages/airflow/example_dags/tutorial.py
[2025-10-15T08:00:05.920+0000] {logging_mixin.py:188} INFO - [2025-10-15T08:00:05.919+0000] {dag.py:3047} INFO - Sync 1 DAGs
[2025-10-15T08:00:05.939+0000] {logging_mixin.py:188} INFO - [2025-10-15T08:00:05.939+0000] {dag.py:3834} INFO - Setting next_dagrun for tutorial to 2025-10-14 00:00:00+00:00, run_after=2025-10-15 00:00:00+00:00
[2025-10-15T08:00:05.957+0000] {processor.py:183} INFO - Processing /home/airflow/.local/lib/python3.8/site-packages/airflow/example_dags/tutorial.py took 0.065 seconds
[2025-10-15T08:00:36.049+0000] {processor.py:161} INFO - Started process (PID=2366) to work on /home/airflow/.local/lib/python3.8/site-packages/airflow/example_dags/tutorial.py
[2025-10-15T08:00:36.050+0000] {processor.py:830} INFO - Processing file /home/airflow/.local/lib/python3.8/site-packages/airflow/example_dags/tutorial.py for tasks to queue
[2025-10-15T08:00:36.051+0000] {logging_mixin.py:188} INFO - [2025-10-15T08:00:36.051+0000] {dagbag.py:540} INFO - Filling up the DagBag from /home/airflow/.local/lib/python3.8/site-packages/airflow/example_dags/tutorial.py
[2025-10-15T08:00:36.057+0000] {processor.py:840} INFO - DAG(s) 'tutorial' retrieved from /home/airflow/.local/lib/python3.8/site-packages/airflow/example_dags/tutorial.py
[2025-10-15T08:00:36.075+0000] {logging_mixin.py:188} INFO - [2025-10-15T08:00:36.075+0000] {dag.py:3047} INFO - Sync 1 DAGs
[2025-10-15T08:00:36.101+0000] {logging_mixin.py:188} INFO - [2025-10-15T08:00:36.101+0000] {dag.py:3834} INFO - Setting next_dagrun for tutorial to 2025-10-14 00:00:00+00:00, run_after=2025-10-15 00:00:00+00:00
[2025-10-15T08:00:36.218+0000] {processor.py:183} INFO - Processing /home/airflow/.local/lib/python3.8/site-packages/airflow/example_dags/tutorial.py took 0.172 seconds
[2025-10-15T08:01:06.469+0000] {processor.py:161} INFO - Started process (PID=2431) to work on /home/airflow/.local/lib/python3.8/site-packages/airflow/example_dags/tutorial.py
[2025-10-15T08:01:06.470+0000] {processor.py:830} INFO - Processing file /home/airflow/.local/lib/python3.8/site-packages/airflow/example_dags/tutorial.py for tasks to queue
[2025-10-15T08:01:06.471+0000] {logging_mixin.py:188} INFO - [2025-10-15T08:01:06.470+0000] {dagbag.py:540} INFO - Filling up the DagBag from /home/airflow/.local/lib/python3.8/site-packages/airflow/example_dags/tutorial.py
[2025-10-15T08:01:06.476+0000] {processor.py:840} INFO - DAG(s) 'tutorial' retrieved from /home/airflow/.local/lib/python3.8/site-packages/airflow/example_dags/tutorial.py
[2025-10-15T08:01:06.493+0000] {logging_mixin.py:188} INFO - [2025-10-15T08:01:06.493+0000] {dag.py:3047} INFO - Sync 1 DAGs
[2025-10-15T08:01:06.514+0000] {logging_mixin.py:188} INFO - [2025-10-15T08:01:06.514+0000] {dag.py:3834} INFO - Setting next_dagrun for tutorial to 2025-10-14 00:00:00+00:00, run_after=2025-10-15 00:00:00+00:00
[2025-10-15T08:01:06.530+0000] {processor.py:183} INFO - Processing /home/airflow/.local/lib/python3.8/site-packages/airflow/example_dags/tutorial.py took 0.064 seconds
[2025-10-15T08:01:36.594+0000] {processor.py:161} INFO - Started process (PID=2491) to work on /home/airflow/.local/lib/python3.8/site-packages/airflow/example_dags/tutorial.py
[2025-10-15T08:01:36.595+0000] {processor.py:830} INFO - Processing file /home/airflow/.local/lib/python3.8/site-packages/airflow/example_dags/tutorial.py for tasks to queue
[2025-10-15T08:01:36.596+0000] {logging_mixin.py:188} INFO - [2025-10-15T08:01:36.596+0000] {dagbag.py:540} INFO - Filling up the DagBag from /home/airflow/.local/lib/python3.8/site-packages/airflow/example_dags/tutorial.py
[2025-10-15T08:01:36.601+0000] {processor.py:840} INFO - DAG(s) 'tutorial' retrieved from /home/airflow/.local/lib/python3.8/site-packages/airflow/example_dags/tutorial.py
[2025-10-15T08:01:36.619+0000] {logging_mixin.py:188} INFO - [2025-10-15T08:01:36.618+0000] {dag.py:3047} INFO - Sync 1 DAGs
[2025-10-15T08:01:36.637+0000] {logging_mixin.py:188} INFO - [2025-10-15T08:01:36.637+0000] {dag.py:3834} INFO - Setting next_dagrun for tutorial to 2025-10-14 00:00:00+00:00, run_after=2025-10-15 00:00:00+00:00
[2025-10-15T08:01:36.652+0000] {processor.py:183} INFO - Processing /home/airflow/.local/lib/python3.8/site-packages/airflow/example_dags/tutorial.py took 0.061 seconds
[2025-10-15T08:02:06.835+0000] {processor.py:161} INFO - Started process (PID=2551) to work on /home/airflow/.local/lib/python3.8/site-packages/airflow/example_dags/tutorial.py
[2025-10-15T08:02:06.836+0000] {processor.py:830} INFO - Processing file /home/airflow/.local/lib/python3.8/site-packages/airflow/example_dags/tutorial.py for tasks to queue
[2025-10-15T08:02:06.837+0000] {logging_mixin.py:188} INFO - [2025-10-15T08:02:06.836+0000] {dagbag.py:540} INFO - Filling up the DagBag from /home/airflow/.local/lib/python3.8/site-packages/airflow/example_dags/tutorial.py
[2025-10-15T08:02:06.842+0000] {processor.py:840} INFO - DAG(s) 'tutorial' retrieved from /home/airflow/.local/lib/python3.8/site-packages/airflow/example_dags/tutorial.py
[2025-10-15T08:02:06.860+0000] {logging_mixin.py:188} INFO - [2025-10-15T08:02:06.860+0000] {dag.py:3047} INFO - Sync 1 DAGs
[2025-10-15T08:02:06.879+0000] {logging_mixin.py:188} INFO - [2025-10-15T08:02:06.879+0000] {dag.py:3834} INFO - Setting next_dagrun for tutorial to 2025-10-14 00:00:00+00:00, run_after=2025-10-15 00:00:00+00:00
[2025-10-15T08:02:06.897+0000] {processor.py:183} INFO - Processing /home/airflow/.local/lib/python3.8/site-packages/airflow/example_dags/tutorial.py took 0.065 seconds
[2025-10-15T08:02:36.941+0000] {processor.py:161} INFO - Started process (PID=2614) to work on /home/airflow/.local/lib/python3.8/site-packages/airflow/example_dags/tutorial.py
[2025-10-15T08:02:36.941+0000] {processor.py:830} INFO - Processing file /home/airflow/.local/lib/python3.8/site-packages/airflow/example_dags/tutorial.py for tasks to queue
[2025-10-15T08:02:36.942+0000] {logging_mixin.py:188} INFO - [2025-10-15T08:02:36.942+0000] {dagbag.py:540} INFO - Filling up the DagBag from /home/airflow/.local/lib/python3.8/site-packages/airflow/example_dags/tutorial.py
[2025-10-15T08:02:36.948+0000] {processor.py:840} INFO - DAG(s) 'tutorial' retrieved from /home/airflow/.local/lib/python3.8/site-packages/airflow/example_dags/tutorial.py
[2025-10-15T08:02:36.965+0000] {logging_mixin.py:188} INFO - [2025-10-15T08:02:36.965+0000] {dag.py:3047} INFO - Sync 1 DAGs
[2025-10-15T08:02:36.983+0000] {logging_mixin.py:188} INFO - [2025-10-15T08:02:36.983+0000] {dag.py:3834} INFO - Setting next_dagrun for tutorial to 2025-10-14 00:00:00+00:00, run_after=2025-10-15 00:00:00+00:00
[2025-10-15T08:02:37.001+0000] {processor.py:183} INFO - Processing /home/airflow/.local/lib/python3.8/site-packages/airflow/example_dags/tutorial.py took 0.063 seconds
[2025-10-15T08:03:07.169+0000] {processor.py:161} INFO - Started process (PID=2674) to work on /home/airflow/.local/lib/python3.8/site-packages/airflow/example_dags/tutorial.py
[2025-10-15T08:03:07.170+0000] {processor.py:830} INFO - Processing file /home/airflow/.local/lib/python3.8/site-packages/airflow/example_dags/tutorial.py for tasks to queue
[2025-10-15T08:03:07.171+0000] {logging_mixin.py:188} INFO - [2025-10-15T08:03:07.171+0000] {dagbag.py:540} INFO - Filling up the DagBag from /home/airflow/.local/lib/python3.8/site-packages/airflow/example_dags/tutorial.py
[2025-10-15T08:03:07.177+0000] {processor.py:840} INFO - DAG(s) 'tutorial' retrieved from /home/airflow/.local/lib/python3.8/site-packages/airflow/example_dags/tutorial.py
[2025-10-15T08:03:07.195+0000] {logging_mixin.py:188} INFO - [2025-10-15T08:03:07.195+0000] {dag.py:3047} INFO - Sync 1 DAGs
[2025-10-15T08:03:07.216+0000] {logging_mixin.py:188} INFO - [2025-10-15T08:03:07.216+0000] {dag.py:3834} INFO - Setting next_dagrun for tutorial to 2025-10-14 00:00:00+00:00, run_after=2025-10-15 00:00:00+00:00
[2025-10-15T08:03:07.235+0000] {processor.py:183} INFO - Processing /home/airflow/.local/lib/python3.8/site-packages/airflow/example_dags/tutorial.py took 0.069 seconds
