[2025-10-15T07:41:42.268+0000] {processor.py:161} INFO - Started process (PID=102) to work on /home/airflow/.local/lib/python3.8/site-packages/airflow/example_dags/tutorial_objectstorage.py
[2025-10-15T07:41:42.269+0000] {processor.py:830} INFO - Processing file /home/airflow/.local/lib/python3.8/site-packages/airflow/example_dags/tutorial_objectstorage.py for tasks to queue
[2025-10-15T07:41:42.271+0000] {logging_mixin.py:188} INFO - [2025-10-15T07:41:42.270+0000] {dagbag.py:540} INFO - Filling up the DagBag from /home/airflow/.local/lib/python3.8/site-packages/airflow/example_dags/tutorial_objectstorage.py
[2025-10-15T07:41:42.279+0000] {processor.py:840} INFO - DAG(s) 'tutorial_objectstorage' retrieved from /home/airflow/.local/lib/python3.8/site-packages/airflow/example_dags/tutorial_objectstorage.py
[2025-10-15T07:41:42.375+0000] {logging_mixin.py:188} INFO - [2025-10-15T07:41:42.375+0000] {dag.py:3047} INFO - Sync 1 DAGs
[2025-10-15T07:41:42.387+0000] {logging_mixin.py:188} INFO - [2025-10-15T07:41:42.387+0000] {dag.py:3834} INFO - Setting next_dagrun for tutorial_objectstorage to None, run_after=None
[2025-10-15T07:41:42.417+0000] {processor.py:183} INFO - Processing /home/airflow/.local/lib/python3.8/site-packages/airflow/example_dags/tutorial_objectstorage.py took 0.151 seconds
[2025-10-15T07:42:12.493+0000] {processor.py:161} INFO - Started process (PID=163) to work on /home/airflow/.local/lib/python3.8/site-packages/airflow/example_dags/tutorial_objectstorage.py
[2025-10-15T07:42:12.494+0000] {processor.py:830} INFO - Processing file /home/airflow/.local/lib/python3.8/site-packages/airflow/example_dags/tutorial_objectstorage.py for tasks to queue
[2025-10-15T07:42:12.496+0000] {logging_mixin.py:188} INFO - [2025-10-15T07:42:12.495+0000] {dagbag.py:540} INFO - Filling up the DagBag from /home/airflow/.local/lib/python3.8/site-packages/airflow/example_dags/tutorial_objectstorage.py
[2025-10-15T07:42:12.502+0000] {processor.py:840} INFO - DAG(s) 'tutorial_objectstorage' retrieved from /home/airflow/.local/lib/python3.8/site-packages/airflow/example_dags/tutorial_objectstorage.py
[2025-10-15T07:42:12.518+0000] {logging_mixin.py:188} INFO - [2025-10-15T07:42:12.518+0000] {dag.py:3047} INFO - Sync 1 DAGs
[2025-10-15T07:42:12.530+0000] {logging_mixin.py:188} INFO - [2025-10-15T07:42:12.529+0000] {dag.py:3834} INFO - Setting next_dagrun for tutorial_objectstorage to None, run_after=None
[2025-10-15T07:42:12.550+0000] {processor.py:183} INFO - Processing /home/airflow/.local/lib/python3.8/site-packages/airflow/example_dags/tutorial_objectstorage.py took 0.059 seconds
[2025-10-15T07:42:42.961+0000] {processor.py:161} INFO - Started process (PID=223) to work on /home/airflow/.local/lib/python3.8/site-packages/airflow/example_dags/tutorial_objectstorage.py
[2025-10-15T07:42:42.962+0000] {processor.py:830} INFO - Processing file /home/airflow/.local/lib/python3.8/site-packages/airflow/example_dags/tutorial_objectstorage.py for tasks to queue
[2025-10-15T07:42:42.963+0000] {logging_mixin.py:188} INFO - [2025-10-15T07:42:42.963+0000] {dagbag.py:540} INFO - Filling up the DagBag from /home/airflow/.local/lib/python3.8/site-packages/airflow/example_dags/tutorial_objectstorage.py
[2025-10-15T07:42:42.968+0000] {processor.py:840} INFO - DAG(s) 'tutorial_objectstorage' retrieved from /home/airflow/.local/lib/python3.8/site-packages/airflow/example_dags/tutorial_objectstorage.py
[2025-10-15T07:42:42.984+0000] {logging_mixin.py:188} INFO - [2025-10-15T07:42:42.983+0000] {dag.py:3047} INFO - Sync 1 DAGs
[2025-10-15T07:42:42.994+0000] {logging_mixin.py:188} INFO - [2025-10-15T07:42:42.994+0000] {dag.py:3834} INFO - Setting next_dagrun for tutorial_objectstorage to None, run_after=None
[2025-10-15T07:42:43.009+0000] {processor.py:183} INFO - Processing /home/airflow/.local/lib/python3.8/site-packages/airflow/example_dags/tutorial_objectstorage.py took 0.051 seconds
[2025-10-15T07:43:14.291+0000] {processor.py:161} INFO - Started process (PID=283) to work on /home/airflow/.local/lib/python3.8/site-packages/airflow/example_dags/tutorial_objectstorage.py
[2025-10-15T07:43:14.292+0000] {processor.py:830} INFO - Processing file /home/airflow/.local/lib/python3.8/site-packages/airflow/example_dags/tutorial_objectstorage.py for tasks to queue
[2025-10-15T07:43:14.294+0000] {logging_mixin.py:188} INFO - [2025-10-15T07:43:14.294+0000] {dagbag.py:540} INFO - Filling up the DagBag from /home/airflow/.local/lib/python3.8/site-packages/airflow/example_dags/tutorial_objectstorage.py
[2025-10-15T07:43:14.301+0000] {processor.py:840} INFO - DAG(s) 'tutorial_objectstorage' retrieved from /home/airflow/.local/lib/python3.8/site-packages/airflow/example_dags/tutorial_objectstorage.py
[2025-10-15T07:43:14.319+0000] {logging_mixin.py:188} INFO - [2025-10-15T07:43:14.318+0000] {dag.py:3047} INFO - Sync 1 DAGs
[2025-10-15T07:43:14.332+0000] {logging_mixin.py:188} INFO - [2025-10-15T07:43:14.332+0000] {dag.py:3834} INFO - Setting next_dagrun for tutorial_objectstorage to None, run_after=None
[2025-10-15T07:43:14.352+0000] {processor.py:183} INFO - Processing /home/airflow/.local/lib/python3.8/site-packages/airflow/example_dags/tutorial_objectstorage.py took 0.064 seconds
[2025-10-15T07:43:44.646+0000] {processor.py:161} INFO - Started process (PID=343) to work on /home/airflow/.local/lib/python3.8/site-packages/airflow/example_dags/tutorial_objectstorage.py
[2025-10-15T07:43:44.647+0000] {processor.py:830} INFO - Processing file /home/airflow/.local/lib/python3.8/site-packages/airflow/example_dags/tutorial_objectstorage.py for tasks to queue
[2025-10-15T07:43:44.649+0000] {logging_mixin.py:188} INFO - [2025-10-15T07:43:44.648+0000] {dagbag.py:540} INFO - Filling up the DagBag from /home/airflow/.local/lib/python3.8/site-packages/airflow/example_dags/tutorial_objectstorage.py
[2025-10-15T07:43:44.655+0000] {processor.py:840} INFO - DAG(s) 'tutorial_objectstorage' retrieved from /home/airflow/.local/lib/python3.8/site-packages/airflow/example_dags/tutorial_objectstorage.py
[2025-10-15T07:43:44.670+0000] {logging_mixin.py:188} INFO - [2025-10-15T07:43:44.670+0000] {dag.py:3047} INFO - Sync 1 DAGs
[2025-10-15T07:43:44.681+0000] {logging_mixin.py:188} INFO - [2025-10-15T07:43:44.681+0000] {dag.py:3834} INFO - Setting next_dagrun for tutorial_objectstorage to None, run_after=None
[2025-10-15T07:43:44.700+0000] {processor.py:183} INFO - Processing /home/airflow/.local/lib/python3.8/site-packages/airflow/example_dags/tutorial_objectstorage.py took 0.056 seconds
[2025-10-15T07:44:15.085+0000] {processor.py:161} INFO - Started process (PID=403) to work on /home/airflow/.local/lib/python3.8/site-packages/airflow/example_dags/tutorial_objectstorage.py
[2025-10-15T07:44:15.086+0000] {processor.py:830} INFO - Processing file /home/airflow/.local/lib/python3.8/site-packages/airflow/example_dags/tutorial_objectstorage.py for tasks to queue
[2025-10-15T07:44:15.088+0000] {logging_mixin.py:188} INFO - [2025-10-15T07:44:15.088+0000] {dagbag.py:540} INFO - Filling up the DagBag from /home/airflow/.local/lib/python3.8/site-packages/airflow/example_dags/tutorial_objectstorage.py
[2025-10-15T07:44:15.094+0000] {processor.py:840} INFO - DAG(s) 'tutorial_objectstorage' retrieved from /home/airflow/.local/lib/python3.8/site-packages/airflow/example_dags/tutorial_objectstorage.py
[2025-10-15T07:44:15.114+0000] {logging_mixin.py:188} INFO - [2025-10-15T07:44:15.113+0000] {dag.py:3047} INFO - Sync 1 DAGs
[2025-10-15T07:44:15.125+0000] {logging_mixin.py:188} INFO - [2025-10-15T07:44:15.125+0000] {dag.py:3834} INFO - Setting next_dagrun for tutorial_objectstorage to None, run_after=None
[2025-10-15T07:44:15.142+0000] {processor.py:183} INFO - Processing /home/airflow/.local/lib/python3.8/site-packages/airflow/example_dags/tutorial_objectstorage.py took 0.059 seconds
[2025-10-15T07:44:45.395+0000] {processor.py:161} INFO - Started process (PID=463) to work on /home/airflow/.local/lib/python3.8/site-packages/airflow/example_dags/tutorial_objectstorage.py
[2025-10-15T07:44:45.396+0000] {processor.py:830} INFO - Processing file /home/airflow/.local/lib/python3.8/site-packages/airflow/example_dags/tutorial_objectstorage.py for tasks to queue
[2025-10-15T07:44:45.398+0000] {logging_mixin.py:188} INFO - [2025-10-15T07:44:45.397+0000] {dagbag.py:540} INFO - Filling up the DagBag from /home/airflow/.local/lib/python3.8/site-packages/airflow/example_dags/tutorial_objectstorage.py
[2025-10-15T07:44:45.403+0000] {processor.py:840} INFO - DAG(s) 'tutorial_objectstorage' retrieved from /home/airflow/.local/lib/python3.8/site-packages/airflow/example_dags/tutorial_objectstorage.py
[2025-10-15T07:44:45.420+0000] {logging_mixin.py:188} INFO - [2025-10-15T07:44:45.420+0000] {dag.py:3047} INFO - Sync 1 DAGs
[2025-10-15T07:44:45.432+0000] {logging_mixin.py:188} INFO - [2025-10-15T07:44:45.432+0000] {dag.py:3834} INFO - Setting next_dagrun for tutorial_objectstorage to None, run_after=None
[2025-10-15T07:44:45.453+0000] {processor.py:183} INFO - Processing /home/airflow/.local/lib/python3.8/site-packages/airflow/example_dags/tutorial_objectstorage.py took 0.061 seconds
[2025-10-15T07:45:15.604+0000] {processor.py:161} INFO - Started process (PID=524) to work on /home/airflow/.local/lib/python3.8/site-packages/airflow/example_dags/tutorial_objectstorage.py
[2025-10-15T07:45:15.605+0000] {processor.py:830} INFO - Processing file /home/airflow/.local/lib/python3.8/site-packages/airflow/example_dags/tutorial_objectstorage.py for tasks to queue
[2025-10-15T07:45:15.606+0000] {logging_mixin.py:188} INFO - [2025-10-15T07:45:15.606+0000] {dagbag.py:540} INFO - Filling up the DagBag from /home/airflow/.local/lib/python3.8/site-packages/airflow/example_dags/tutorial_objectstorage.py
[2025-10-15T07:45:15.612+0000] {processor.py:840} INFO - DAG(s) 'tutorial_objectstorage' retrieved from /home/airflow/.local/lib/python3.8/site-packages/airflow/example_dags/tutorial_objectstorage.py
[2025-10-15T07:45:15.629+0000] {logging_mixin.py:188} INFO - [2025-10-15T07:45:15.629+0000] {dag.py:3047} INFO - Sync 1 DAGs
[2025-10-15T07:45:15.640+0000] {logging_mixin.py:188} INFO - [2025-10-15T07:45:15.640+0000] {dag.py:3834} INFO - Setting next_dagrun for tutorial_objectstorage to None, run_after=None
[2025-10-15T07:45:15.659+0000] {processor.py:183} INFO - Processing /home/airflow/.local/lib/python3.8/site-packages/airflow/example_dags/tutorial_objectstorage.py took 0.058 seconds
[2025-10-15T07:45:45.814+0000] {processor.py:161} INFO - Started process (PID=582) to work on /home/airflow/.local/lib/python3.8/site-packages/airflow/example_dags/tutorial_objectstorage.py
[2025-10-15T07:45:45.815+0000] {processor.py:830} INFO - Processing file /home/airflow/.local/lib/python3.8/site-packages/airflow/example_dags/tutorial_objectstorage.py for tasks to queue
[2025-10-15T07:45:45.817+0000] {logging_mixin.py:188} INFO - [2025-10-15T07:45:45.817+0000] {dagbag.py:540} INFO - Filling up the DagBag from /home/airflow/.local/lib/python3.8/site-packages/airflow/example_dags/tutorial_objectstorage.py
[2025-10-15T07:45:45.823+0000] {processor.py:840} INFO - DAG(s) 'tutorial_objectstorage' retrieved from /home/airflow/.local/lib/python3.8/site-packages/airflow/example_dags/tutorial_objectstorage.py
[2025-10-15T07:45:45.839+0000] {logging_mixin.py:188} INFO - [2025-10-15T07:45:45.839+0000] {dag.py:3047} INFO - Sync 1 DAGs
[2025-10-15T07:45:45.851+0000] {logging_mixin.py:188} INFO - [2025-10-15T07:45:45.851+0000] {dag.py:3834} INFO - Setting next_dagrun for tutorial_objectstorage to None, run_after=None
[2025-10-15T07:45:45.869+0000] {processor.py:183} INFO - Processing /home/airflow/.local/lib/python3.8/site-packages/airflow/example_dags/tutorial_objectstorage.py took 0.057 seconds
[2025-10-15T07:46:16.591+0000] {processor.py:161} INFO - Started process (PID=642) to work on /home/airflow/.local/lib/python3.8/site-packages/airflow/example_dags/tutorial_objectstorage.py
[2025-10-15T07:46:16.591+0000] {processor.py:830} INFO - Processing file /home/airflow/.local/lib/python3.8/site-packages/airflow/example_dags/tutorial_objectstorage.py for tasks to queue
[2025-10-15T07:46:16.593+0000] {logging_mixin.py:188} INFO - [2025-10-15T07:46:16.593+0000] {dagbag.py:540} INFO - Filling up the DagBag from /home/airflow/.local/lib/python3.8/site-packages/airflow/example_dags/tutorial_objectstorage.py
[2025-10-15T07:46:16.599+0000] {processor.py:840} INFO - DAG(s) 'tutorial_objectstorage' retrieved from /home/airflow/.local/lib/python3.8/site-packages/airflow/example_dags/tutorial_objectstorage.py
[2025-10-15T07:46:16.617+0000] {logging_mixin.py:188} INFO - [2025-10-15T07:46:16.617+0000] {dag.py:3047} INFO - Sync 1 DAGs
[2025-10-15T07:46:16.632+0000] {logging_mixin.py:188} INFO - [2025-10-15T07:46:16.631+0000] {dag.py:3834} INFO - Setting next_dagrun for tutorial_objectstorage to None, run_after=None
[2025-10-15T07:46:16.649+0000] {processor.py:183} INFO - Processing /home/airflow/.local/lib/python3.8/site-packages/airflow/example_dags/tutorial_objectstorage.py took 0.061 seconds
[2025-10-15T07:46:47.384+0000] {processor.py:161} INFO - Started process (PID=703) to work on /home/airflow/.local/lib/python3.8/site-packages/airflow/example_dags/tutorial_objectstorage.py
[2025-10-15T07:46:47.385+0000] {processor.py:830} INFO - Processing file /home/airflow/.local/lib/python3.8/site-packages/airflow/example_dags/tutorial_objectstorage.py for tasks to queue
[2025-10-15T07:46:47.387+0000] {logging_mixin.py:188} INFO - [2025-10-15T07:46:47.386+0000] {dagbag.py:540} INFO - Filling up the DagBag from /home/airflow/.local/lib/python3.8/site-packages/airflow/example_dags/tutorial_objectstorage.py
[2025-10-15T07:46:47.393+0000] {processor.py:840} INFO - DAG(s) 'tutorial_objectstorage' retrieved from /home/airflow/.local/lib/python3.8/site-packages/airflow/example_dags/tutorial_objectstorage.py
[2025-10-15T07:46:47.410+0000] {logging_mixin.py:188} INFO - [2025-10-15T07:46:47.410+0000] {dag.py:3047} INFO - Sync 1 DAGs
[2025-10-15T07:46:47.421+0000] {logging_mixin.py:188} INFO - [2025-10-15T07:46:47.421+0000] {dag.py:3834} INFO - Setting next_dagrun for tutorial_objectstorage to None, run_after=None
[2025-10-15T07:46:47.439+0000] {processor.py:183} INFO - Processing /home/airflow/.local/lib/python3.8/site-packages/airflow/example_dags/tutorial_objectstorage.py took 0.058 seconds
[2025-10-15T07:47:18.227+0000] {processor.py:161} INFO - Started process (PID=762) to work on /home/airflow/.local/lib/python3.8/site-packages/airflow/example_dags/tutorial_objectstorage.py
[2025-10-15T07:47:18.228+0000] {processor.py:830} INFO - Processing file /home/airflow/.local/lib/python3.8/site-packages/airflow/example_dags/tutorial_objectstorage.py for tasks to queue
[2025-10-15T07:47:18.230+0000] {logging_mixin.py:188} INFO - [2025-10-15T07:47:18.230+0000] {dagbag.py:540} INFO - Filling up the DagBag from /home/airflow/.local/lib/python3.8/site-packages/airflow/example_dags/tutorial_objectstorage.py
[2025-10-15T07:47:18.236+0000] {processor.py:840} INFO - DAG(s) 'tutorial_objectstorage' retrieved from /home/airflow/.local/lib/python3.8/site-packages/airflow/example_dags/tutorial_objectstorage.py
[2025-10-15T07:47:18.252+0000] {logging_mixin.py:188} INFO - [2025-10-15T07:47:18.252+0000] {dag.py:3047} INFO - Sync 1 DAGs
[2025-10-15T07:47:18.263+0000] {logging_mixin.py:188} INFO - [2025-10-15T07:47:18.263+0000] {dag.py:3834} INFO - Setting next_dagrun for tutorial_objectstorage to None, run_after=None
[2025-10-15T07:47:18.281+0000] {processor.py:183} INFO - Processing /home/airflow/.local/lib/python3.8/site-packages/airflow/example_dags/tutorial_objectstorage.py took 0.057 seconds
[2025-10-15T07:47:48.397+0000] {processor.py:161} INFO - Started process (PID=822) to work on /home/airflow/.local/lib/python3.8/site-packages/airflow/example_dags/tutorial_objectstorage.py
[2025-10-15T07:47:48.398+0000] {processor.py:830} INFO - Processing file /home/airflow/.local/lib/python3.8/site-packages/airflow/example_dags/tutorial_objectstorage.py for tasks to queue
[2025-10-15T07:47:48.400+0000] {logging_mixin.py:188} INFO - [2025-10-15T07:47:48.400+0000] {dagbag.py:540} INFO - Filling up the DagBag from /home/airflow/.local/lib/python3.8/site-packages/airflow/example_dags/tutorial_objectstorage.py
[2025-10-15T07:47:48.406+0000] {processor.py:840} INFO - DAG(s) 'tutorial_objectstorage' retrieved from /home/airflow/.local/lib/python3.8/site-packages/airflow/example_dags/tutorial_objectstorage.py
[2025-10-15T07:47:48.427+0000] {logging_mixin.py:188} INFO - [2025-10-15T07:47:48.426+0000] {dag.py:3047} INFO - Sync 1 DAGs
[2025-10-15T07:47:48.438+0000] {logging_mixin.py:188} INFO - [2025-10-15T07:47:48.438+0000] {dag.py:3834} INFO - Setting next_dagrun for tutorial_objectstorage to None, run_after=None
[2025-10-15T07:47:48.454+0000] {processor.py:183} INFO - Processing /home/airflow/.local/lib/python3.8/site-packages/airflow/example_dags/tutorial_objectstorage.py took 0.061 seconds
[2025-10-15T07:48:18.826+0000] {processor.py:161} INFO - Started process (PID=882) to work on /home/airflow/.local/lib/python3.8/site-packages/airflow/example_dags/tutorial_objectstorage.py
[2025-10-15T07:48:18.826+0000] {processor.py:830} INFO - Processing file /home/airflow/.local/lib/python3.8/site-packages/airflow/example_dags/tutorial_objectstorage.py for tasks to queue
[2025-10-15T07:48:18.828+0000] {logging_mixin.py:188} INFO - [2025-10-15T07:48:18.828+0000] {dagbag.py:540} INFO - Filling up the DagBag from /home/airflow/.local/lib/python3.8/site-packages/airflow/example_dags/tutorial_objectstorage.py
[2025-10-15T07:48:18.833+0000] {processor.py:840} INFO - DAG(s) 'tutorial_objectstorage' retrieved from /home/airflow/.local/lib/python3.8/site-packages/airflow/example_dags/tutorial_objectstorage.py
[2025-10-15T07:48:18.850+0000] {logging_mixin.py:188} INFO - [2025-10-15T07:48:18.850+0000] {dag.py:3047} INFO - Sync 1 DAGs
[2025-10-15T07:48:18.862+0000] {logging_mixin.py:188} INFO - [2025-10-15T07:48:18.862+0000] {dag.py:3834} INFO - Setting next_dagrun for tutorial_objectstorage to None, run_after=None
[2025-10-15T07:48:18.881+0000] {processor.py:183} INFO - Processing /home/airflow/.local/lib/python3.8/site-packages/airflow/example_dags/tutorial_objectstorage.py took 0.058 seconds
[2025-10-15T07:48:49.114+0000] {processor.py:161} INFO - Started process (PID=943) to work on /home/airflow/.local/lib/python3.8/site-packages/airflow/example_dags/tutorial_objectstorage.py
[2025-10-15T07:48:49.115+0000] {processor.py:830} INFO - Processing file /home/airflow/.local/lib/python3.8/site-packages/airflow/example_dags/tutorial_objectstorage.py for tasks to queue
[2025-10-15T07:48:49.117+0000] {logging_mixin.py:188} INFO - [2025-10-15T07:48:49.117+0000] {dagbag.py:540} INFO - Filling up the DagBag from /home/airflow/.local/lib/python3.8/site-packages/airflow/example_dags/tutorial_objectstorage.py
[2025-10-15T07:48:49.122+0000] {processor.py:840} INFO - DAG(s) 'tutorial_objectstorage' retrieved from /home/airflow/.local/lib/python3.8/site-packages/airflow/example_dags/tutorial_objectstorage.py
[2025-10-15T07:48:49.139+0000] {logging_mixin.py:188} INFO - [2025-10-15T07:48:49.138+0000] {dag.py:3047} INFO - Sync 1 DAGs
[2025-10-15T07:48:49.150+0000] {logging_mixin.py:188} INFO - [2025-10-15T07:48:49.150+0000] {dag.py:3834} INFO - Setting next_dagrun for tutorial_objectstorage to None, run_after=None
[2025-10-15T07:48:49.167+0000] {processor.py:183} INFO - Processing /home/airflow/.local/lib/python3.8/site-packages/airflow/example_dags/tutorial_objectstorage.py took 0.055 seconds
[2025-10-15T07:49:19.443+0000] {processor.py:161} INFO - Started process (PID=1004) to work on /home/airflow/.local/lib/python3.8/site-packages/airflow/example_dags/tutorial_objectstorage.py
[2025-10-15T07:49:19.444+0000] {processor.py:830} INFO - Processing file /home/airflow/.local/lib/python3.8/site-packages/airflow/example_dags/tutorial_objectstorage.py for tasks to queue
[2025-10-15T07:49:19.445+0000] {logging_mixin.py:188} INFO - [2025-10-15T07:49:19.445+0000] {dagbag.py:540} INFO - Filling up the DagBag from /home/airflow/.local/lib/python3.8/site-packages/airflow/example_dags/tutorial_objectstorage.py
[2025-10-15T07:49:19.451+0000] {processor.py:840} INFO - DAG(s) 'tutorial_objectstorage' retrieved from /home/airflow/.local/lib/python3.8/site-packages/airflow/example_dags/tutorial_objectstorage.py
[2025-10-15T07:49:19.467+0000] {logging_mixin.py:188} INFO - [2025-10-15T07:49:19.466+0000] {dag.py:3047} INFO - Sync 1 DAGs
[2025-10-15T07:49:19.477+0000] {logging_mixin.py:188} INFO - [2025-10-15T07:49:19.477+0000] {dag.py:3834} INFO - Setting next_dagrun for tutorial_objectstorage to None, run_after=None
[2025-10-15T07:49:19.494+0000] {processor.py:183} INFO - Processing /home/airflow/.local/lib/python3.8/site-packages/airflow/example_dags/tutorial_objectstorage.py took 0.054 seconds
[2025-10-15T07:49:49.791+0000] {processor.py:161} INFO - Started process (PID=1064) to work on /home/airflow/.local/lib/python3.8/site-packages/airflow/example_dags/tutorial_objectstorage.py
[2025-10-15T07:49:49.792+0000] {processor.py:830} INFO - Processing file /home/airflow/.local/lib/python3.8/site-packages/airflow/example_dags/tutorial_objectstorage.py for tasks to queue
[2025-10-15T07:49:49.793+0000] {logging_mixin.py:188} INFO - [2025-10-15T07:49:49.793+0000] {dagbag.py:540} INFO - Filling up the DagBag from /home/airflow/.local/lib/python3.8/site-packages/airflow/example_dags/tutorial_objectstorage.py
[2025-10-15T07:49:49.798+0000] {processor.py:840} INFO - DAG(s) 'tutorial_objectstorage' retrieved from /home/airflow/.local/lib/python3.8/site-packages/airflow/example_dags/tutorial_objectstorage.py
[2025-10-15T07:49:49.814+0000] {logging_mixin.py:188} INFO - [2025-10-15T07:49:49.814+0000] {dag.py:3047} INFO - Sync 1 DAGs
[2025-10-15T07:49:49.825+0000] {logging_mixin.py:188} INFO - [2025-10-15T07:49:49.825+0000] {dag.py:3834} INFO - Setting next_dagrun for tutorial_objectstorage to None, run_after=None
[2025-10-15T07:49:49.841+0000] {processor.py:183} INFO - Processing /home/airflow/.local/lib/python3.8/site-packages/airflow/example_dags/tutorial_objectstorage.py took 0.053 seconds
[2025-10-15T07:50:20.541+0000] {processor.py:161} INFO - Started process (PID=1125) to work on /home/airflow/.local/lib/python3.8/site-packages/airflow/example_dags/tutorial_objectstorage.py
[2025-10-15T07:50:20.542+0000] {processor.py:830} INFO - Processing file /home/airflow/.local/lib/python3.8/site-packages/airflow/example_dags/tutorial_objectstorage.py for tasks to queue
[2025-10-15T07:50:20.544+0000] {logging_mixin.py:188} INFO - [2025-10-15T07:50:20.544+0000] {dagbag.py:540} INFO - Filling up the DagBag from /home/airflow/.local/lib/python3.8/site-packages/airflow/example_dags/tutorial_objectstorage.py
[2025-10-15T07:50:20.549+0000] {processor.py:840} INFO - DAG(s) 'tutorial_objectstorage' retrieved from /home/airflow/.local/lib/python3.8/site-packages/airflow/example_dags/tutorial_objectstorage.py
[2025-10-15T07:50:20.565+0000] {logging_mixin.py:188} INFO - [2025-10-15T07:50:20.565+0000] {dag.py:3047} INFO - Sync 1 DAGs
[2025-10-15T07:50:20.576+0000] {logging_mixin.py:188} INFO - [2025-10-15T07:50:20.576+0000] {dag.py:3834} INFO - Setting next_dagrun for tutorial_objectstorage to None, run_after=None
[2025-10-15T07:50:20.593+0000] {processor.py:183} INFO - Processing /home/airflow/.local/lib/python3.8/site-packages/airflow/example_dags/tutorial_objectstorage.py took 0.054 seconds
[2025-10-15T07:50:51.459+0000] {processor.py:161} INFO - Started process (PID=1188) to work on /home/airflow/.local/lib/python3.8/site-packages/airflow/example_dags/tutorial_objectstorage.py
[2025-10-15T07:50:51.460+0000] {processor.py:830} INFO - Processing file /home/airflow/.local/lib/python3.8/site-packages/airflow/example_dags/tutorial_objectstorage.py for tasks to queue
[2025-10-15T07:50:51.462+0000] {logging_mixin.py:188} INFO - [2025-10-15T07:50:51.461+0000] {dagbag.py:540} INFO - Filling up the DagBag from /home/airflow/.local/lib/python3.8/site-packages/airflow/example_dags/tutorial_objectstorage.py
[2025-10-15T07:50:51.468+0000] {processor.py:840} INFO - DAG(s) 'tutorial_objectstorage' retrieved from /home/airflow/.local/lib/python3.8/site-packages/airflow/example_dags/tutorial_objectstorage.py
[2025-10-15T07:50:51.484+0000] {logging_mixin.py:188} INFO - [2025-10-15T07:50:51.484+0000] {dag.py:3047} INFO - Sync 1 DAGs
[2025-10-15T07:50:51.495+0000] {logging_mixin.py:188} INFO - [2025-10-15T07:50:51.495+0000] {dag.py:3834} INFO - Setting next_dagrun for tutorial_objectstorage to None, run_after=None
[2025-10-15T07:50:51.513+0000] {processor.py:183} INFO - Processing /home/airflow/.local/lib/python3.8/site-packages/airflow/example_dags/tutorial_objectstorage.py took 0.057 seconds
[2025-10-15T07:51:21.643+0000] {processor.py:161} INFO - Started process (PID=1250) to work on /home/airflow/.local/lib/python3.8/site-packages/airflow/example_dags/tutorial_objectstorage.py
[2025-10-15T07:51:21.644+0000] {processor.py:830} INFO - Processing file /home/airflow/.local/lib/python3.8/site-packages/airflow/example_dags/tutorial_objectstorage.py for tasks to queue
[2025-10-15T07:51:21.646+0000] {logging_mixin.py:188} INFO - [2025-10-15T07:51:21.645+0000] {dagbag.py:540} INFO - Filling up the DagBag from /home/airflow/.local/lib/python3.8/site-packages/airflow/example_dags/tutorial_objectstorage.py
[2025-10-15T07:51:21.651+0000] {processor.py:840} INFO - DAG(s) 'tutorial_objectstorage' retrieved from /home/airflow/.local/lib/python3.8/site-packages/airflow/example_dags/tutorial_objectstorage.py
[2025-10-15T07:51:21.667+0000] {logging_mixin.py:188} INFO - [2025-10-15T07:51:21.667+0000] {dag.py:3047} INFO - Sync 1 DAGs
[2025-10-15T07:51:21.690+0000] {logging_mixin.py:188} INFO - [2025-10-15T07:51:21.690+0000] {dag.py:3834} INFO - Setting next_dagrun for tutorial_objectstorage to None, run_after=None
[2025-10-15T07:51:21.707+0000] {processor.py:183} INFO - Processing /home/airflow/.local/lib/python3.8/site-packages/airflow/example_dags/tutorial_objectstorage.py took 0.066 seconds
[2025-10-15T07:51:51.804+0000] {processor.py:161} INFO - Started process (PID=1310) to work on /home/airflow/.local/lib/python3.8/site-packages/airflow/example_dags/tutorial_objectstorage.py
[2025-10-15T07:51:51.805+0000] {processor.py:830} INFO - Processing file /home/airflow/.local/lib/python3.8/site-packages/airflow/example_dags/tutorial_objectstorage.py for tasks to queue
[2025-10-15T07:51:51.807+0000] {logging_mixin.py:188} INFO - [2025-10-15T07:51:51.807+0000] {dagbag.py:540} INFO - Filling up the DagBag from /home/airflow/.local/lib/python3.8/site-packages/airflow/example_dags/tutorial_objectstorage.py
[2025-10-15T07:51:51.813+0000] {processor.py:840} INFO - DAG(s) 'tutorial_objectstorage' retrieved from /home/airflow/.local/lib/python3.8/site-packages/airflow/example_dags/tutorial_objectstorage.py
[2025-10-15T07:51:51.829+0000] {logging_mixin.py:188} INFO - [2025-10-15T07:51:51.829+0000] {dag.py:3047} INFO - Sync 1 DAGs
[2025-10-15T07:51:51.840+0000] {logging_mixin.py:188} INFO - [2025-10-15T07:51:51.839+0000] {dag.py:3834} INFO - Setting next_dagrun for tutorial_objectstorage to None, run_after=None
[2025-10-15T07:51:51.856+0000] {processor.py:183} INFO - Processing /home/airflow/.local/lib/python3.8/site-packages/airflow/example_dags/tutorial_objectstorage.py took 0.054 seconds
[2025-10-15T07:52:22.177+0000] {processor.py:161} INFO - Started process (PID=1372) to work on /home/airflow/.local/lib/python3.8/site-packages/airflow/example_dags/tutorial_objectstorage.py
[2025-10-15T07:52:22.178+0000] {processor.py:830} INFO - Processing file /home/airflow/.local/lib/python3.8/site-packages/airflow/example_dags/tutorial_objectstorage.py for tasks to queue
[2025-10-15T07:52:22.180+0000] {logging_mixin.py:188} INFO - [2025-10-15T07:52:22.180+0000] {dagbag.py:540} INFO - Filling up the DagBag from /home/airflow/.local/lib/python3.8/site-packages/airflow/example_dags/tutorial_objectstorage.py
[2025-10-15T07:52:22.186+0000] {processor.py:840} INFO - DAG(s) 'tutorial_objectstorage' retrieved from /home/airflow/.local/lib/python3.8/site-packages/airflow/example_dags/tutorial_objectstorage.py
[2025-10-15T07:52:22.203+0000] {logging_mixin.py:188} INFO - [2025-10-15T07:52:22.203+0000] {dag.py:3047} INFO - Sync 1 DAGs
[2025-10-15T07:52:22.216+0000] {logging_mixin.py:188} INFO - [2025-10-15T07:52:22.216+0000] {dag.py:3834} INFO - Setting next_dagrun for tutorial_objectstorage to None, run_after=None
[2025-10-15T07:52:22.233+0000] {processor.py:183} INFO - Processing /home/airflow/.local/lib/python3.8/site-packages/airflow/example_dags/tutorial_objectstorage.py took 0.059 seconds
[2025-10-15T07:52:52.348+0000] {processor.py:161} INFO - Started process (PID=1432) to work on /home/airflow/.local/lib/python3.8/site-packages/airflow/example_dags/tutorial_objectstorage.py
[2025-10-15T07:52:52.349+0000] {processor.py:830} INFO - Processing file /home/airflow/.local/lib/python3.8/site-packages/airflow/example_dags/tutorial_objectstorage.py for tasks to queue
[2025-10-15T07:52:52.351+0000] {logging_mixin.py:188} INFO - [2025-10-15T07:52:52.350+0000] {dagbag.py:540} INFO - Filling up the DagBag from /home/airflow/.local/lib/python3.8/site-packages/airflow/example_dags/tutorial_objectstorage.py
[2025-10-15T07:52:52.356+0000] {processor.py:840} INFO - DAG(s) 'tutorial_objectstorage' retrieved from /home/airflow/.local/lib/python3.8/site-packages/airflow/example_dags/tutorial_objectstorage.py
[2025-10-15T07:52:52.374+0000] {logging_mixin.py:188} INFO - [2025-10-15T07:52:52.373+0000] {dag.py:3047} INFO - Sync 1 DAGs
[2025-10-15T07:52:52.387+0000] {logging_mixin.py:188} INFO - [2025-10-15T07:52:52.386+0000] {dag.py:3834} INFO - Setting next_dagrun for tutorial_objectstorage to None, run_after=None
[2025-10-15T07:52:52.404+0000] {processor.py:183} INFO - Processing /home/airflow/.local/lib/python3.8/site-packages/airflow/example_dags/tutorial_objectstorage.py took 0.059 seconds
[2025-10-15T07:53:22.512+0000] {processor.py:161} INFO - Started process (PID=1494) to work on /home/airflow/.local/lib/python3.8/site-packages/airflow/example_dags/tutorial_objectstorage.py
[2025-10-15T07:53:22.513+0000] {processor.py:830} INFO - Processing file /home/airflow/.local/lib/python3.8/site-packages/airflow/example_dags/tutorial_objectstorage.py for tasks to queue
[2025-10-15T07:53:22.515+0000] {logging_mixin.py:188} INFO - [2025-10-15T07:53:22.514+0000] {dagbag.py:540} INFO - Filling up the DagBag from /home/airflow/.local/lib/python3.8/site-packages/airflow/example_dags/tutorial_objectstorage.py
[2025-10-15T07:53:22.520+0000] {processor.py:840} INFO - DAG(s) 'tutorial_objectstorage' retrieved from /home/airflow/.local/lib/python3.8/site-packages/airflow/example_dags/tutorial_objectstorage.py
[2025-10-15T07:53:22.537+0000] {logging_mixin.py:188} INFO - [2025-10-15T07:53:22.537+0000] {dag.py:3047} INFO - Sync 1 DAGs
[2025-10-15T07:53:22.548+0000] {logging_mixin.py:188} INFO - [2025-10-15T07:53:22.548+0000] {dag.py:3834} INFO - Setting next_dagrun for tutorial_objectstorage to None, run_after=None
[2025-10-15T07:53:22.565+0000] {processor.py:183} INFO - Processing /home/airflow/.local/lib/python3.8/site-packages/airflow/example_dags/tutorial_objectstorage.py took 0.055 seconds
[2025-10-15T07:53:53.229+0000] {processor.py:161} INFO - Started process (PID=1556) to work on /home/airflow/.local/lib/python3.8/site-packages/airflow/example_dags/tutorial_objectstorage.py
[2025-10-15T07:53:53.230+0000] {processor.py:830} INFO - Processing file /home/airflow/.local/lib/python3.8/site-packages/airflow/example_dags/tutorial_objectstorage.py for tasks to queue
[2025-10-15T07:53:53.233+0000] {logging_mixin.py:188} INFO - [2025-10-15T07:53:53.233+0000] {dagbag.py:540} INFO - Filling up the DagBag from /home/airflow/.local/lib/python3.8/site-packages/airflow/example_dags/tutorial_objectstorage.py
[2025-10-15T07:53:53.239+0000] {processor.py:840} INFO - DAG(s) 'tutorial_objectstorage' retrieved from /home/airflow/.local/lib/python3.8/site-packages/airflow/example_dags/tutorial_objectstorage.py
[2025-10-15T07:53:53.256+0000] {logging_mixin.py:188} INFO - [2025-10-15T07:53:53.256+0000] {dag.py:3047} INFO - Sync 1 DAGs
[2025-10-15T07:53:53.272+0000] {logging_mixin.py:188} INFO - [2025-10-15T07:53:53.271+0000] {dag.py:3834} INFO - Setting next_dagrun for tutorial_objectstorage to None, run_after=None
[2025-10-15T07:53:53.293+0000] {processor.py:183} INFO - Processing /home/airflow/.local/lib/python3.8/site-packages/airflow/example_dags/tutorial_objectstorage.py took 0.067 seconds
[2025-10-15T07:54:23.347+0000] {processor.py:161} INFO - Started process (PID=1616) to work on /home/airflow/.local/lib/python3.8/site-packages/airflow/example_dags/tutorial_objectstorage.py
[2025-10-15T07:54:23.348+0000] {processor.py:830} INFO - Processing file /home/airflow/.local/lib/python3.8/site-packages/airflow/example_dags/tutorial_objectstorage.py for tasks to queue
[2025-10-15T07:54:23.350+0000] {logging_mixin.py:188} INFO - [2025-10-15T07:54:23.350+0000] {dagbag.py:540} INFO - Filling up the DagBag from /home/airflow/.local/lib/python3.8/site-packages/airflow/example_dags/tutorial_objectstorage.py
[2025-10-15T07:54:23.356+0000] {processor.py:840} INFO - DAG(s) 'tutorial_objectstorage' retrieved from /home/airflow/.local/lib/python3.8/site-packages/airflow/example_dags/tutorial_objectstorage.py
[2025-10-15T07:54:23.371+0000] {logging_mixin.py:188} INFO - [2025-10-15T07:54:23.371+0000] {dag.py:3047} INFO - Sync 1 DAGs
[2025-10-15T07:54:23.381+0000] {logging_mixin.py:188} INFO - [2025-10-15T07:54:23.381+0000] {dag.py:3834} INFO - Setting next_dagrun for tutorial_objectstorage to None, run_after=None
[2025-10-15T07:54:23.400+0000] {processor.py:183} INFO - Processing /home/airflow/.local/lib/python3.8/site-packages/airflow/example_dags/tutorial_objectstorage.py took 0.055 seconds
[2025-10-15T07:54:53.819+0000] {processor.py:161} INFO - Started process (PID=1676) to work on /home/airflow/.local/lib/python3.8/site-packages/airflow/example_dags/tutorial_objectstorage.py
[2025-10-15T07:54:53.820+0000] {processor.py:830} INFO - Processing file /home/airflow/.local/lib/python3.8/site-packages/airflow/example_dags/tutorial_objectstorage.py for tasks to queue
[2025-10-15T07:54:53.821+0000] {logging_mixin.py:188} INFO - [2025-10-15T07:54:53.821+0000] {dagbag.py:540} INFO - Filling up the DagBag from /home/airflow/.local/lib/python3.8/site-packages/airflow/example_dags/tutorial_objectstorage.py
[2025-10-15T07:54:53.827+0000] {processor.py:840} INFO - DAG(s) 'tutorial_objectstorage' retrieved from /home/airflow/.local/lib/python3.8/site-packages/airflow/example_dags/tutorial_objectstorage.py
[2025-10-15T07:54:53.844+0000] {logging_mixin.py:188} INFO - [2025-10-15T07:54:53.844+0000] {dag.py:3047} INFO - Sync 1 DAGs
[2025-10-15T07:54:53.856+0000] {logging_mixin.py:188} INFO - [2025-10-15T07:54:53.855+0000] {dag.py:3834} INFO - Setting next_dagrun for tutorial_objectstorage to None, run_after=None
[2025-10-15T07:54:53.873+0000] {processor.py:183} INFO - Processing /home/airflow/.local/lib/python3.8/site-packages/airflow/example_dags/tutorial_objectstorage.py took 0.056 seconds
[2025-10-15T07:55:23.984+0000] {processor.py:161} INFO - Started process (PID=1738) to work on /home/airflow/.local/lib/python3.8/site-packages/airflow/example_dags/tutorial_objectstorage.py
[2025-10-15T07:55:23.985+0000] {processor.py:830} INFO - Processing file /home/airflow/.local/lib/python3.8/site-packages/airflow/example_dags/tutorial_objectstorage.py for tasks to queue
[2025-10-15T07:55:23.986+0000] {logging_mixin.py:188} INFO - [2025-10-15T07:55:23.986+0000] {dagbag.py:540} INFO - Filling up the DagBag from /home/airflow/.local/lib/python3.8/site-packages/airflow/example_dags/tutorial_objectstorage.py
[2025-10-15T07:55:23.992+0000] {processor.py:840} INFO - DAG(s) 'tutorial_objectstorage' retrieved from /home/airflow/.local/lib/python3.8/site-packages/airflow/example_dags/tutorial_objectstorage.py
[2025-10-15T07:55:24.008+0000] {logging_mixin.py:188} INFO - [2025-10-15T07:55:24.007+0000] {dag.py:3047} INFO - Sync 1 DAGs
[2025-10-15T07:55:24.019+0000] {logging_mixin.py:188} INFO - [2025-10-15T07:55:24.019+0000] {dag.py:3834} INFO - Setting next_dagrun for tutorial_objectstorage to None, run_after=None
[2025-10-15T07:55:24.036+0000] {processor.py:183} INFO - Processing /home/airflow/.local/lib/python3.8/site-packages/airflow/example_dags/tutorial_objectstorage.py took 0.055 seconds
[2025-10-15T07:55:54.485+0000] {processor.py:161} INFO - Started process (PID=1799) to work on /home/airflow/.local/lib/python3.8/site-packages/airflow/example_dags/tutorial_objectstorage.py
[2025-10-15T07:55:54.485+0000] {processor.py:830} INFO - Processing file /home/airflow/.local/lib/python3.8/site-packages/airflow/example_dags/tutorial_objectstorage.py for tasks to queue
[2025-10-15T07:55:54.487+0000] {logging_mixin.py:188} INFO - [2025-10-15T07:55:54.486+0000] {dagbag.py:540} INFO - Filling up the DagBag from /home/airflow/.local/lib/python3.8/site-packages/airflow/example_dags/tutorial_objectstorage.py
[2025-10-15T07:55:54.492+0000] {processor.py:840} INFO - DAG(s) 'tutorial_objectstorage' retrieved from /home/airflow/.local/lib/python3.8/site-packages/airflow/example_dags/tutorial_objectstorage.py
[2025-10-15T07:55:54.508+0000] {logging_mixin.py:188} INFO - [2025-10-15T07:55:54.508+0000] {dag.py:3047} INFO - Sync 1 DAGs
[2025-10-15T07:55:54.519+0000] {logging_mixin.py:188} INFO - [2025-10-15T07:55:54.519+0000] {dag.py:3834} INFO - Setting next_dagrun for tutorial_objectstorage to None, run_after=None
[2025-10-15T07:55:54.535+0000] {processor.py:183} INFO - Processing /home/airflow/.local/lib/python3.8/site-packages/airflow/example_dags/tutorial_objectstorage.py took 0.053 seconds
[2025-10-15T07:56:24.814+0000] {processor.py:161} INFO - Started process (PID=1859) to work on /home/airflow/.local/lib/python3.8/site-packages/airflow/example_dags/tutorial_objectstorage.py
[2025-10-15T07:56:24.815+0000] {processor.py:830} INFO - Processing file /home/airflow/.local/lib/python3.8/site-packages/airflow/example_dags/tutorial_objectstorage.py for tasks to queue
[2025-10-15T07:56:24.816+0000] {logging_mixin.py:188} INFO - [2025-10-15T07:56:24.816+0000] {dagbag.py:540} INFO - Filling up the DagBag from /home/airflow/.local/lib/python3.8/site-packages/airflow/example_dags/tutorial_objectstorage.py
[2025-10-15T07:56:24.822+0000] {processor.py:840} INFO - DAG(s) 'tutorial_objectstorage' retrieved from /home/airflow/.local/lib/python3.8/site-packages/airflow/example_dags/tutorial_objectstorage.py
[2025-10-15T07:56:24.837+0000] {logging_mixin.py:188} INFO - [2025-10-15T07:56:24.837+0000] {dag.py:3047} INFO - Sync 1 DAGs
[2025-10-15T07:56:24.848+0000] {logging_mixin.py:188} INFO - [2025-10-15T07:56:24.847+0000] {dag.py:3834} INFO - Setting next_dagrun for tutorial_objectstorage to None, run_after=None
[2025-10-15T07:56:24.863+0000] {processor.py:183} INFO - Processing /home/airflow/.local/lib/python3.8/site-packages/airflow/example_dags/tutorial_objectstorage.py took 0.052 seconds
[2025-10-15T07:56:55.074+0000] {processor.py:161} INFO - Started process (PID=1919) to work on /home/airflow/.local/lib/python3.8/site-packages/airflow/example_dags/tutorial_objectstorage.py
[2025-10-15T07:56:55.075+0000] {processor.py:830} INFO - Processing file /home/airflow/.local/lib/python3.8/site-packages/airflow/example_dags/tutorial_objectstorage.py for tasks to queue
[2025-10-15T07:56:55.076+0000] {logging_mixin.py:188} INFO - [2025-10-15T07:56:55.076+0000] {dagbag.py:540} INFO - Filling up the DagBag from /home/airflow/.local/lib/python3.8/site-packages/airflow/example_dags/tutorial_objectstorage.py
[2025-10-15T07:56:55.082+0000] {processor.py:840} INFO - DAG(s) 'tutorial_objectstorage' retrieved from /home/airflow/.local/lib/python3.8/site-packages/airflow/example_dags/tutorial_objectstorage.py
[2025-10-15T07:56:55.100+0000] {logging_mixin.py:188} INFO - [2025-10-15T07:56:55.100+0000] {dag.py:3047} INFO - Sync 1 DAGs
[2025-10-15T07:56:55.113+0000] {logging_mixin.py:188} INFO - [2025-10-15T07:56:55.113+0000] {dag.py:3834} INFO - Setting next_dagrun for tutorial_objectstorage to None, run_after=None
[2025-10-15T07:56:55.131+0000] {processor.py:183} INFO - Processing /home/airflow/.local/lib/python3.8/site-packages/airflow/example_dags/tutorial_objectstorage.py took 0.060 seconds
[2025-10-15T07:57:25.271+0000] {processor.py:161} INFO - Started process (PID=1980) to work on /home/airflow/.local/lib/python3.8/site-packages/airflow/example_dags/tutorial_objectstorage.py
[2025-10-15T07:57:25.272+0000] {processor.py:830} INFO - Processing file /home/airflow/.local/lib/python3.8/site-packages/airflow/example_dags/tutorial_objectstorage.py for tasks to queue
[2025-10-15T07:57:25.274+0000] {logging_mixin.py:188} INFO - [2025-10-15T07:57:25.273+0000] {dagbag.py:540} INFO - Filling up the DagBag from /home/airflow/.local/lib/python3.8/site-packages/airflow/example_dags/tutorial_objectstorage.py
[2025-10-15T07:57:25.280+0000] {processor.py:840} INFO - DAG(s) 'tutorial_objectstorage' retrieved from /home/airflow/.local/lib/python3.8/site-packages/airflow/example_dags/tutorial_objectstorage.py
[2025-10-15T07:57:25.296+0000] {logging_mixin.py:188} INFO - [2025-10-15T07:57:25.296+0000] {dag.py:3047} INFO - Sync 1 DAGs
[2025-10-15T07:57:25.306+0000] {logging_mixin.py:188} INFO - [2025-10-15T07:57:25.306+0000] {dag.py:3834} INFO - Setting next_dagrun for tutorial_objectstorage to None, run_after=None
[2025-10-15T07:57:25.323+0000] {processor.py:183} INFO - Processing /home/airflow/.local/lib/python3.8/site-packages/airflow/example_dags/tutorial_objectstorage.py took 0.054 seconds
[2025-10-15T07:57:55.920+0000] {processor.py:161} INFO - Started process (PID=2041) to work on /home/airflow/.local/lib/python3.8/site-packages/airflow/example_dags/tutorial_objectstorage.py
[2025-10-15T07:57:55.921+0000] {processor.py:830} INFO - Processing file /home/airflow/.local/lib/python3.8/site-packages/airflow/example_dags/tutorial_objectstorage.py for tasks to queue
[2025-10-15T07:57:55.923+0000] {logging_mixin.py:188} INFO - [2025-10-15T07:57:55.923+0000] {dagbag.py:540} INFO - Filling up the DagBag from /home/airflow/.local/lib/python3.8/site-packages/airflow/example_dags/tutorial_objectstorage.py
[2025-10-15T07:57:55.929+0000] {processor.py:840} INFO - DAG(s) 'tutorial_objectstorage' retrieved from /home/airflow/.local/lib/python3.8/site-packages/airflow/example_dags/tutorial_objectstorage.py
[2025-10-15T07:57:55.945+0000] {logging_mixin.py:188} INFO - [2025-10-15T07:57:55.945+0000] {dag.py:3047} INFO - Sync 1 DAGs
[2025-10-15T07:57:55.957+0000] {logging_mixin.py:188} INFO - [2025-10-15T07:57:55.956+0000] {dag.py:3834} INFO - Setting next_dagrun for tutorial_objectstorage to None, run_after=None
[2025-10-15T07:57:55.977+0000] {processor.py:183} INFO - Processing /home/airflow/.local/lib/python3.8/site-packages/airflow/example_dags/tutorial_objectstorage.py took 0.060 seconds
[2025-10-15T07:58:26.224+0000] {processor.py:161} INFO - Started process (PID=2100) to work on /home/airflow/.local/lib/python3.8/site-packages/airflow/example_dags/tutorial_objectstorage.py
[2025-10-15T07:58:26.225+0000] {processor.py:830} INFO - Processing file /home/airflow/.local/lib/python3.8/site-packages/airflow/example_dags/tutorial_objectstorage.py for tasks to queue
[2025-10-15T07:58:26.226+0000] {logging_mixin.py:188} INFO - [2025-10-15T07:58:26.226+0000] {dagbag.py:540} INFO - Filling up the DagBag from /home/airflow/.local/lib/python3.8/site-packages/airflow/example_dags/tutorial_objectstorage.py
[2025-10-15T07:58:26.233+0000] {processor.py:840} INFO - DAG(s) 'tutorial_objectstorage' retrieved from /home/airflow/.local/lib/python3.8/site-packages/airflow/example_dags/tutorial_objectstorage.py
[2025-10-15T07:58:26.250+0000] {logging_mixin.py:188} INFO - [2025-10-15T07:58:26.250+0000] {dag.py:3047} INFO - Sync 1 DAGs
[2025-10-15T07:58:26.261+0000] {logging_mixin.py:188} INFO - [2025-10-15T07:58:26.261+0000] {dag.py:3834} INFO - Setting next_dagrun for tutorial_objectstorage to None, run_after=None
[2025-10-15T07:58:26.279+0000] {processor.py:183} INFO - Processing /home/airflow/.local/lib/python3.8/site-packages/airflow/example_dags/tutorial_objectstorage.py took 0.057 seconds
[2025-10-15T07:58:57.196+0000] {processor.py:161} INFO - Started process (PID=2161) to work on /home/airflow/.local/lib/python3.8/site-packages/airflow/example_dags/tutorial_objectstorage.py
[2025-10-15T07:58:57.197+0000] {processor.py:830} INFO - Processing file /home/airflow/.local/lib/python3.8/site-packages/airflow/example_dags/tutorial_objectstorage.py for tasks to queue
[2025-10-15T07:58:57.199+0000] {logging_mixin.py:188} INFO - [2025-10-15T07:58:57.198+0000] {dagbag.py:540} INFO - Filling up the DagBag from /home/airflow/.local/lib/python3.8/site-packages/airflow/example_dags/tutorial_objectstorage.py
[2025-10-15T07:58:57.204+0000] {processor.py:840} INFO - DAG(s) 'tutorial_objectstorage' retrieved from /home/airflow/.local/lib/python3.8/site-packages/airflow/example_dags/tutorial_objectstorage.py
[2025-10-15T07:58:57.220+0000] {logging_mixin.py:188} INFO - [2025-10-15T07:58:57.220+0000] {dag.py:3047} INFO - Sync 1 DAGs
[2025-10-15T07:58:57.230+0000] {logging_mixin.py:188} INFO - [2025-10-15T07:58:57.230+0000] {dag.py:3834} INFO - Setting next_dagrun for tutorial_objectstorage to None, run_after=None
[2025-10-15T07:58:57.246+0000] {processor.py:183} INFO - Processing /home/airflow/.local/lib/python3.8/site-packages/airflow/example_dags/tutorial_objectstorage.py took 0.052 seconds
[2025-10-15T07:59:27.381+0000] {processor.py:161} INFO - Started process (PID=2221) to work on /home/airflow/.local/lib/python3.8/site-packages/airflow/example_dags/tutorial_objectstorage.py
[2025-10-15T07:59:27.382+0000] {processor.py:830} INFO - Processing file /home/airflow/.local/lib/python3.8/site-packages/airflow/example_dags/tutorial_objectstorage.py for tasks to queue
[2025-10-15T07:59:27.383+0000] {logging_mixin.py:188} INFO - [2025-10-15T07:59:27.383+0000] {dagbag.py:540} INFO - Filling up the DagBag from /home/airflow/.local/lib/python3.8/site-packages/airflow/example_dags/tutorial_objectstorage.py
[2025-10-15T07:59:27.389+0000] {processor.py:840} INFO - DAG(s) 'tutorial_objectstorage' retrieved from /home/airflow/.local/lib/python3.8/site-packages/airflow/example_dags/tutorial_objectstorage.py
[2025-10-15T07:59:27.407+0000] {logging_mixin.py:188} INFO - [2025-10-15T07:59:27.406+0000] {dag.py:3047} INFO - Sync 1 DAGs
[2025-10-15T07:59:27.418+0000] {logging_mixin.py:188} INFO - [2025-10-15T07:59:27.417+0000] {dag.py:3834} INFO - Setting next_dagrun for tutorial_objectstorage to None, run_after=None
[2025-10-15T07:59:27.434+0000] {processor.py:183} INFO - Processing /home/airflow/.local/lib/python3.8/site-packages/airflow/example_dags/tutorial_objectstorage.py took 0.056 seconds
[2025-10-15T07:59:57.458+0000] {processor.py:161} INFO - Started process (PID=2280) to work on /home/airflow/.local/lib/python3.8/site-packages/airflow/example_dags/tutorial_objectstorage.py
[2025-10-15T07:59:57.459+0000] {processor.py:830} INFO - Processing file /home/airflow/.local/lib/python3.8/site-packages/airflow/example_dags/tutorial_objectstorage.py for tasks to queue
[2025-10-15T07:59:57.460+0000] {logging_mixin.py:188} INFO - [2025-10-15T07:59:57.460+0000] {dagbag.py:540} INFO - Filling up the DagBag from /home/airflow/.local/lib/python3.8/site-packages/airflow/example_dags/tutorial_objectstorage.py
[2025-10-15T07:59:57.466+0000] {processor.py:840} INFO - DAG(s) 'tutorial_objectstorage' retrieved from /home/airflow/.local/lib/python3.8/site-packages/airflow/example_dags/tutorial_objectstorage.py
[2025-10-15T07:59:57.483+0000] {logging_mixin.py:188} INFO - [2025-10-15T07:59:57.483+0000] {dag.py:3047} INFO - Sync 1 DAGs
[2025-10-15T07:59:57.496+0000] {logging_mixin.py:188} INFO - [2025-10-15T07:59:57.496+0000] {dag.py:3834} INFO - Setting next_dagrun for tutorial_objectstorage to None, run_after=None
[2025-10-15T07:59:57.515+0000] {processor.py:183} INFO - Processing /home/airflow/.local/lib/python3.8/site-packages/airflow/example_dags/tutorial_objectstorage.py took 0.060 seconds
[2025-10-15T08:00:27.572+0000] {processor.py:161} INFO - Started process (PID=2341) to work on /home/airflow/.local/lib/python3.8/site-packages/airflow/example_dags/tutorial_objectstorage.py
[2025-10-15T08:00:27.573+0000] {processor.py:830} INFO - Processing file /home/airflow/.local/lib/python3.8/site-packages/airflow/example_dags/tutorial_objectstorage.py for tasks to queue
[2025-10-15T08:00:27.574+0000] {logging_mixin.py:188} INFO - [2025-10-15T08:00:27.574+0000] {dagbag.py:540} INFO - Filling up the DagBag from /home/airflow/.local/lib/python3.8/site-packages/airflow/example_dags/tutorial_objectstorage.py
[2025-10-15T08:00:27.580+0000] {processor.py:840} INFO - DAG(s) 'tutorial_objectstorage' retrieved from /home/airflow/.local/lib/python3.8/site-packages/airflow/example_dags/tutorial_objectstorage.py
[2025-10-15T08:00:27.596+0000] {logging_mixin.py:188} INFO - [2025-10-15T08:00:27.596+0000] {dag.py:3047} INFO - Sync 1 DAGs
[2025-10-15T08:00:27.606+0000] {logging_mixin.py:188} INFO - [2025-10-15T08:00:27.606+0000] {dag.py:3834} INFO - Setting next_dagrun for tutorial_objectstorage to None, run_after=None
[2025-10-15T08:00:27.622+0000] {processor.py:183} INFO - Processing /home/airflow/.local/lib/python3.8/site-packages/airflow/example_dags/tutorial_objectstorage.py took 0.053 seconds
[2025-10-15T08:00:57.960+0000] {processor.py:161} INFO - Started process (PID=2404) to work on /home/airflow/.local/lib/python3.8/site-packages/airflow/example_dags/tutorial_objectstorage.py
[2025-10-15T08:00:57.961+0000] {processor.py:830} INFO - Processing file /home/airflow/.local/lib/python3.8/site-packages/airflow/example_dags/tutorial_objectstorage.py for tasks to queue
[2025-10-15T08:00:57.962+0000] {logging_mixin.py:188} INFO - [2025-10-15T08:00:57.962+0000] {dagbag.py:540} INFO - Filling up the DagBag from /home/airflow/.local/lib/python3.8/site-packages/airflow/example_dags/tutorial_objectstorage.py
[2025-10-15T08:00:57.968+0000] {processor.py:840} INFO - DAG(s) 'tutorial_objectstorage' retrieved from /home/airflow/.local/lib/python3.8/site-packages/airflow/example_dags/tutorial_objectstorage.py
[2025-10-15T08:00:57.985+0000] {logging_mixin.py:188} INFO - [2025-10-15T08:00:57.985+0000] {dag.py:3047} INFO - Sync 1 DAGs
[2025-10-15T08:00:57.996+0000] {logging_mixin.py:188} INFO - [2025-10-15T08:00:57.996+0000] {dag.py:3834} INFO - Setting next_dagrun for tutorial_objectstorage to None, run_after=None
[2025-10-15T08:00:58.014+0000] {processor.py:183} INFO - Processing /home/airflow/.local/lib/python3.8/site-packages/airflow/example_dags/tutorial_objectstorage.py took 0.056 seconds
[2025-10-15T08:01:28.328+0000] {processor.py:161} INFO - Started process (PID=2467) to work on /home/airflow/.local/lib/python3.8/site-packages/airflow/example_dags/tutorial_objectstorage.py
[2025-10-15T08:01:28.329+0000] {processor.py:830} INFO - Processing file /home/airflow/.local/lib/python3.8/site-packages/airflow/example_dags/tutorial_objectstorage.py for tasks to queue
[2025-10-15T08:01:28.331+0000] {logging_mixin.py:188} INFO - [2025-10-15T08:01:28.330+0000] {dagbag.py:540} INFO - Filling up the DagBag from /home/airflow/.local/lib/python3.8/site-packages/airflow/example_dags/tutorial_objectstorage.py
[2025-10-15T08:01:28.337+0000] {processor.py:840} INFO - DAG(s) 'tutorial_objectstorage' retrieved from /home/airflow/.local/lib/python3.8/site-packages/airflow/example_dags/tutorial_objectstorage.py
[2025-10-15T08:01:28.353+0000] {logging_mixin.py:188} INFO - [2025-10-15T08:01:28.353+0000] {dag.py:3047} INFO - Sync 1 DAGs
[2025-10-15T08:01:28.364+0000] {logging_mixin.py:188} INFO - [2025-10-15T08:01:28.363+0000] {dag.py:3834} INFO - Setting next_dagrun for tutorial_objectstorage to None, run_after=None
[2025-10-15T08:01:28.380+0000] {processor.py:183} INFO - Processing /home/airflow/.local/lib/python3.8/site-packages/airflow/example_dags/tutorial_objectstorage.py took 0.054 seconds
[2025-10-15T08:01:58.564+0000] {processor.py:161} INFO - Started process (PID=2527) to work on /home/airflow/.local/lib/python3.8/site-packages/airflow/example_dags/tutorial_objectstorage.py
[2025-10-15T08:01:58.565+0000] {processor.py:830} INFO - Processing file /home/airflow/.local/lib/python3.8/site-packages/airflow/example_dags/tutorial_objectstorage.py for tasks to queue
[2025-10-15T08:01:58.566+0000] {logging_mixin.py:188} INFO - [2025-10-15T08:01:58.566+0000] {dagbag.py:540} INFO - Filling up the DagBag from /home/airflow/.local/lib/python3.8/site-packages/airflow/example_dags/tutorial_objectstorage.py
[2025-10-15T08:01:58.573+0000] {processor.py:840} INFO - DAG(s) 'tutorial_objectstorage' retrieved from /home/airflow/.local/lib/python3.8/site-packages/airflow/example_dags/tutorial_objectstorage.py
[2025-10-15T08:01:58.590+0000] {logging_mixin.py:188} INFO - [2025-10-15T08:01:58.590+0000] {dag.py:3047} INFO - Sync 1 DAGs
[2025-10-15T08:01:58.601+0000] {logging_mixin.py:188} INFO - [2025-10-15T08:01:58.600+0000] {dag.py:3834} INFO - Setting next_dagrun for tutorial_objectstorage to None, run_after=None
[2025-10-15T08:01:58.616+0000] {processor.py:183} INFO - Processing /home/airflow/.local/lib/python3.8/site-packages/airflow/example_dags/tutorial_objectstorage.py took 0.054 seconds
[2025-10-15T08:02:29.488+0000] {processor.py:161} INFO - Started process (PID=2590) to work on /home/airflow/.local/lib/python3.8/site-packages/airflow/example_dags/tutorial_objectstorage.py
[2025-10-15T08:02:29.489+0000] {processor.py:830} INFO - Processing file /home/airflow/.local/lib/python3.8/site-packages/airflow/example_dags/tutorial_objectstorage.py for tasks to queue
[2025-10-15T08:02:29.490+0000] {logging_mixin.py:188} INFO - [2025-10-15T08:02:29.490+0000] {dagbag.py:540} INFO - Filling up the DagBag from /home/airflow/.local/lib/python3.8/site-packages/airflow/example_dags/tutorial_objectstorage.py
[2025-10-15T08:02:29.497+0000] {processor.py:840} INFO - DAG(s) 'tutorial_objectstorage' retrieved from /home/airflow/.local/lib/python3.8/site-packages/airflow/example_dags/tutorial_objectstorage.py
[2025-10-15T08:02:29.515+0000] {logging_mixin.py:188} INFO - [2025-10-15T08:02:29.514+0000] {dag.py:3047} INFO - Sync 1 DAGs
[2025-10-15T08:02:29.526+0000] {logging_mixin.py:188} INFO - [2025-10-15T08:02:29.525+0000] {dag.py:3834} INFO - Setting next_dagrun for tutorial_objectstorage to None, run_after=None
[2025-10-15T08:02:29.543+0000] {processor.py:183} INFO - Processing /home/airflow/.local/lib/python3.8/site-packages/airflow/example_dags/tutorial_objectstorage.py took 0.058 seconds
[2025-10-15T08:03:00.000+0000] {processor.py:161} INFO - Started process (PID=2650) to work on /home/airflow/.local/lib/python3.8/site-packages/airflow/example_dags/tutorial_objectstorage.py
[2025-10-15T08:03:00.001+0000] {processor.py:830} INFO - Processing file /home/airflow/.local/lib/python3.8/site-packages/airflow/example_dags/tutorial_objectstorage.py for tasks to queue
[2025-10-15T08:03:00.003+0000] {logging_mixin.py:188} INFO - [2025-10-15T08:03:00.003+0000] {dagbag.py:540} INFO - Filling up the DagBag from /home/airflow/.local/lib/python3.8/site-packages/airflow/example_dags/tutorial_objectstorage.py
[2025-10-15T08:03:00.012+0000] {processor.py:840} INFO - DAG(s) 'tutorial_objectstorage' retrieved from /home/airflow/.local/lib/python3.8/site-packages/airflow/example_dags/tutorial_objectstorage.py
[2025-10-15T08:03:00.031+0000] {logging_mixin.py:188} INFO - [2025-10-15T08:03:00.031+0000] {dag.py:3047} INFO - Sync 1 DAGs
[2025-10-15T08:03:00.043+0000] {logging_mixin.py:188} INFO - [2025-10-15T08:03:00.043+0000] {dag.py:3834} INFO - Setting next_dagrun for tutorial_objectstorage to None, run_after=None
[2025-10-15T08:03:00.060+0000] {processor.py:183} INFO - Processing /home/airflow/.local/lib/python3.8/site-packages/airflow/example_dags/tutorial_objectstorage.py took 0.064 seconds
