[2025-10-10T08:14:22.155+0000] {taskinstance.py:1979} INFO - Dependencies all met for dep_context=non-requeueable deps ti=<TaskInstance: pyspark_project_rotem_dims.cars_create manual__2025-10-10T08:14:01.767347+00:00 [queued]>
[2025-10-10T08:14:22.163+0000] {taskinstance.py:1979} INFO - Dependencies all met for dep_context=requeueable deps ti=<TaskInstance: pyspark_project_rotem_dims.cars_create manual__2025-10-10T08:14:01.767347+00:00 [queued]>
[2025-10-10T08:14:22.163+0000] {taskinstance.py:2193} INFO - Starting attempt 1 of 1
[2025-10-10T08:14:22.174+0000] {taskinstance.py:2217} INFO - Executing <Task(_PythonDecoratedOperator): cars_create> on 2025-10-10 08:14:01.767347+00:00
[2025-10-10T08:14:22.178+0000] {standard_task_runner.py:60} INFO - Started process 2019 to run task
[2025-10-10T08:14:22.180+0000] {standard_task_runner.py:87} INFO - Running: ['***', 'tasks', 'run', 'pyspark_project_rotem_dims', 'cars_create', 'manual__2025-10-10T08:14:01.767347+00:00', '--job-id', '37', '--raw', '--subdir', 'DAGS_FOLDER/pyspark_project_dims.py', '--cfg-path', '/tmp/tmpbch_shz9']
[2025-10-10T08:14:22.182+0000] {standard_task_runner.py:88} INFO - Job 37: Subtask cars_create
[2025-10-10T08:14:22.217+0000] {task_command.py:423} INFO - Running <TaskInstance: pyspark_project_rotem_dims.cars_create manual__2025-10-10T08:14:01.767347+00:00 [running]> on host 6244ad1f48fd
[2025-10-10T08:14:22.279+0000] {taskinstance.py:2513} INFO - Exporting env vars: AIRFLOW_CTX_DAG_OWNER='***' AIRFLOW_CTX_DAG_ID='pyspark_project_rotem_dims' AIRFLOW_CTX_TASK_ID='cars_create' AIRFLOW_CTX_EXECUTION_DATE='2025-10-10T08:14:01.767347+00:00' AIRFLOW_CTX_TRY_NUMBER='1' AIRFLOW_CTX_DAG_RUN_ID='manual__2025-10-10T08:14:01.767347+00:00'
[2025-10-10T08:14:35.070+0000] {pyspark_project_dims.py:61} INFO - STDOUT: :: loading settings :: url = jar:file:/usr/local/lib/python3.10/dist-packages/pyspark/jars/ivy-2.5.1.jar!/org/apache/ivy/core/settings/ivysettings.xml

[2025-10-10T08:14:35.071+0000] {pyspark_project_dims.py:62} INFO - STDERR: Ivy Default Cache set to: /root/.ivy2/cache
The jars for the packages stored in: /root/.ivy2/jars
org.apache.hadoop#hadoop-aws added as a dependency
com.amazonaws#aws-java-sdk-bundle added as a dependency
:: resolving dependencies :: org.apache.spark#spark-submit-parent-04d07b46-c43e-45c0-83b5-75f1ab7768df;1.0
	confs: [default]
	found org.apache.hadoop#hadoop-aws;3.3.2 in central
	found com.amazonaws#aws-java-sdk-bundle;1.11.1026 in central
	found org.wildfly.openssl#wildfly-openssl;1.0.7.Final in central
:: resolution report :: resolve 147ms :: artifacts dl 6ms
	:: modules in use:
	com.amazonaws#aws-java-sdk-bundle;1.11.1026 from central in [default]
	org.apache.hadoop#hadoop-aws;3.3.2 from central in [default]
	org.wildfly.openssl#wildfly-openssl;1.0.7.Final from central in [default]
	:: evicted modules:
	com.amazonaws#aws-java-sdk-bundle;1.11.901 by [com.amazonaws#aws-java-sdk-bundle;1.11.1026] in [default]
	---------------------------------------------------------------------
	|                  |            modules            ||   artifacts   |
	|       conf       | number| search|dwnlded|evicted|| number|dwnlded|
	---------------------------------------------------------------------
	|      default     |   4   |   0   |   0   |   1   ||   3   |   0   |
	---------------------------------------------------------------------
:: retrieving :: org.apache.spark#spark-submit-parent-04d07b46-c43e-45c0-83b5-75f1ab7768df
	confs: [default]
	0 artifacts copied, 3 already retrieved (0kB/4ms)
25/10/10 08:14:24 WARN NativeCodeLoader: Unable to load native-hadoop library for your platform... using builtin-java classes where applicable
Setting default log level to "WARN".
To adjust logging level use sc.setLogLevel(newLevel). For SparkR, use setLogLevel(newLevel).
25/10/10 08:14:28 WARN MetricsConfig: Cannot locate configuration: tried hadoop-metrics2-s3a-file-system.properties,hadoop-metrics2.properties
25/10/10 08:14:29 WARN AbstractS3ACommitterFactory: Using standard FileOutputCommitter to commit work. This is slow and potentially unsafe.

[Stage 0:>                                                          (0 + 8) / 8]
25/10/10 08:14:30 WARN AbstractS3ACommitterFactory: Using standard FileOutputCommitter to commit work. This is slow and potentially unsafe.
25/10/10 08:14:30 WARN AbstractS3ACommitterFactory: Using standard FileOutputCommitter to commit work. This is slow and potentially unsafe.
25/10/10 08:14:30 WARN AbstractS3ACommitterFactory: Using standard FileOutputCommitter to commit work. This is slow and potentially unsafe.
25/10/10 08:14:30 WARN AbstractS3ACommitterFactory: Using standard FileOutputCommitter to commit work. This is slow and potentially unsafe.
25/10/10 08:14:30 WARN AbstractS3ACommitterFactory: Using standard FileOutputCommitter to commit work. This is slow and potentially unsafe.
25/10/10 08:14:30 WARN AbstractS3ACommitterFactory: Using standard FileOutputCommitter to commit work. This is slow and potentially unsafe.
25/10/10 08:14:30 WARN AbstractS3ACommitterFactory: Using standard FileOutputCommitter to commit work. This is slow and potentially unsafe.
25/10/10 08:14:30 WARN AbstractS3ACommitterFactory: Using standard FileOutputCommitter to commit work. This is slow and potentially unsafe.

                                                                                

[2025-10-10T08:14:35.071+0000] {python.py:202} INFO - Done. Returned value was: 'dims/cars.py' Script executed successfully
[2025-10-10T08:14:35.093+0000] {taskinstance.py:1149} INFO - Marking task as SUCCESS. dag_id=pyspark_project_rotem_dims, task_id=cars_create, execution_date=20251010T081401, start_date=20251010T081422, end_date=20251010T081435
[2025-10-10T08:14:35.120+0000] {local_task_job_runner.py:234} INFO - Task exited with return code 0
[2025-10-10T08:14:35.132+0000] {taskinstance.py:3312} INFO - 0 downstream tasks scheduled from follow-on schedule check
