[2025-10-15T13:45:03.996+0000] {taskinstance.py:1979} INFO - Dependencies all met for dep_context=non-requeueable deps ti=<TaskInstance: pyspark_project_pipeline.models_and_colors_create manual__2025-10-15T13:45:01.627398+00:00 [queued]>
[2025-10-15T13:45:04.002+0000] {taskinstance.py:1979} INFO - Dependencies all met for dep_context=requeueable deps ti=<TaskInstance: pyspark_project_pipeline.models_and_colors_create manual__2025-10-15T13:45:01.627398+00:00 [queued]>
[2025-10-15T13:45:04.003+0000] {taskinstance.py:2193} INFO - Starting attempt 1 of 1
[2025-10-15T13:45:04.013+0000] {taskinstance.py:2217} INFO - Executing <Task(_PythonDecoratedOperator): models_and_colors_create> on 2025-10-15 13:45:01.627398+00:00
[2025-10-15T13:45:04.018+0000] {standard_task_runner.py:60} INFO - Started process 126 to run task
[2025-10-15T13:45:04.020+0000] {standard_task_runner.py:87} INFO - Running: ['***', 'tasks', 'run', 'pyspark_project_pipeline', 'models_and_colors_create', 'manual__2025-10-15T13:45:01.627398+00:00', '--job-id', '75', '--raw', '--subdir', 'DAGS_FOLDER/pyspark_project_pipeline.py', '--cfg-path', '/tmp/tmp2tlx8z4k']
[2025-10-15T13:45:04.022+0000] {standard_task_runner.py:88} INFO - Job 75: Subtask models_and_colors_create
[2025-10-15T13:45:04.061+0000] {task_command.py:423} INFO - Running <TaskInstance: pyspark_project_pipeline.models_and_colors_create manual__2025-10-15T13:45:01.627398+00:00 [running]> on host 78a5fc0ea0cd
[2025-10-15T13:45:04.132+0000] {taskinstance.py:2513} INFO - Exporting env vars: AIRFLOW_CTX_DAG_OWNER='***' AIRFLOW_CTX_DAG_ID='pyspark_project_pipeline' AIRFLOW_CTX_TASK_ID='models_and_colors_create' AIRFLOW_CTX_EXECUTION_DATE='2025-10-15T13:45:01.627398+00:00' AIRFLOW_CTX_TRY_NUMBER='1' AIRFLOW_CTX_DAG_RUN_ID='manual__2025-10-15T13:45:01.627398+00:00'
[2025-10-15T13:45:43.158+0000] {pyspark_project_pipeline.py:50} INFO - STDOUT: :: loading settings :: url = jar:file:/usr/local/lib/python3.10/dist-packages/pyspark/jars/ivy-2.5.1.jar!/org/apache/ivy/core/settings/ivysettings.xml

[2025-10-15T13:45:43.159+0000] {pyspark_project_pipeline.py:51} INFO - STDERR: Ivy Default Cache set to: /root/.ivy2/cache
The jars for the packages stored in: /root/.ivy2/jars
org.apache.hadoop#hadoop-aws added as a dependency
com.amazonaws#aws-java-sdk-bundle added as a dependency
:: resolving dependencies :: org.apache.spark#spark-submit-parent-12722ad3-9674-4b6a-ad9c-531e954b339f;1.0
	confs: [default]
	found org.apache.hadoop#hadoop-aws;3.3.2 in central
	found com.amazonaws#aws-java-sdk-bundle;1.11.1026 in central
	found org.wildfly.openssl#wildfly-openssl;1.0.7.Final in central
downloading https://repo1.maven.org/maven2/org/apache/hadoop/hadoop-aws/3.3.2/hadoop-aws-3.3.2.jar ...
	[SUCCESSFUL ] org.apache.hadoop#hadoop-aws;3.3.2!hadoop-aws.jar (171ms)
downloading https://repo1.maven.org/maven2/com/amazonaws/aws-java-sdk-bundle/1.11.1026/aws-java-sdk-bundle-1.11.1026.jar ...
	[SUCCESSFUL ] com.amazonaws#aws-java-sdk-bundle;1.11.1026!aws-java-sdk-bundle.jar (18048ms)
downloading https://repo1.maven.org/maven2/org/wildfly/openssl/wildfly-openssl/1.0.7.Final/wildfly-openssl-1.0.7.Final.jar ...
	[SUCCESSFUL ] org.wildfly.openssl#wildfly-openssl;1.0.7.Final!wildfly-openssl.jar (123ms)
:: resolution report :: resolve 7300ms :: artifacts dl 18345ms
	:: modules in use:
	com.amazonaws#aws-java-sdk-bundle;1.11.1026 from central in [default]
	org.apache.hadoop#hadoop-aws;3.3.2 from central in [default]
	org.wildfly.openssl#wildfly-openssl;1.0.7.Final from central in [default]
	:: evicted modules:
	com.amazonaws#aws-java-sdk-bundle;1.11.901 by [com.amazonaws#aws-java-sdk-bundle;1.11.1026] in [default]
	---------------------------------------------------------------------
	|                  |            modules            ||   artifacts   |
	|       conf       | number| search|dwnlded|evicted|| number|dwnlded|
	---------------------------------------------------------------------
	|      default     |   4   |   3   |   3   |   1   ||   3   |   3   |
	---------------------------------------------------------------------
:: retrieving :: org.apache.spark#spark-submit-parent-12722ad3-9674-4b6a-ad9c-531e954b339f
	confs: [default]
	3 artifacts copied, 0 already retrieved (222428kB/146ms)
25/10/15 13:45:31 WARN NativeCodeLoader: Unable to load native-hadoop library for your platform... using builtin-java classes where applicable
Setting default log level to "WARN".
To adjust logging level use sc.setLogLevel(newLevel). For SparkR, use setLogLevel(newLevel).
25/10/15 13:45:36 WARN MetricsConfig: Cannot locate configuration: tried hadoop-metrics2-s3a-file-system.properties,hadoop-metrics2.properties
25/10/15 13:45:37 WARN AbstractS3ACommitterFactory: Using standard FileOutputCommitter to commit work. This is slow and potentially unsafe.
25/10/15 13:45:38 WARN AbstractS3ACommitterFactory: Using standard FileOutputCommitter to commit work. This is slow and potentially unsafe.

[Stage 0:>                                                          (0 + 1) / 1]

                                                                                
25/10/15 13:45:40 WARN AbstractS3ACommitterFactory: Using standard FileOutputCommitter to commit work. This is slow and potentially unsafe.
25/10/15 13:45:40 WARN AbstractS3ACommitterFactory: Using standard FileOutputCommitter to commit work. This is slow and potentially unsafe.

[Stage 1:>                                                          (0 + 1) / 1]

                                                                                

[2025-10-15T13:45:43.159+0000] {python.py:202} INFO - Done. Returned value was: None
[2025-10-15T13:45:43.167+0000] {taskinstance.py:1149} INFO - Marking task as SUCCESS. dag_id=pyspark_project_pipeline, task_id=models_and_colors_create, execution_date=20251015T134501, start_date=20251015T134503, end_date=20251015T134543
[2025-10-15T13:45:43.185+0000] {local_task_job_runner.py:234} INFO - Task exited with return code 0
[2025-10-15T13:45:43.206+0000] {taskinstance.py:3312} INFO - 1 downstream tasks scheduled from follow-on schedule check
