[2025-10-08T11:04:34.189+0000] {taskinstance.py:1979} INFO - Dependencies all met for dep_context=non-requeueable deps ti=<TaskInstance: ecommerce_sales_pipeline.load_sales_data scheduled__2025-10-07T00:00:00+00:00 [queued]>
[2025-10-08T11:04:34.197+0000] {taskinstance.py:1979} INFO - Dependencies all met for dep_context=requeueable deps ti=<TaskInstance: ecommerce_sales_pipeline.load_sales_data scheduled__2025-10-07T00:00:00+00:00 [queued]>
[2025-10-08T11:04:34.197+0000] {taskinstance.py:2193} INFO - Starting attempt 1 of 1
[2025-10-08T11:04:34.208+0000] {taskinstance.py:2217} INFO - Executing <Task(PythonOperator): load_sales_data> on 2025-10-07 00:00:00+00:00
[2025-10-08T11:04:34.212+0000] {standard_task_runner.py:60} INFO - Started process 258 to run task
[2025-10-08T11:04:34.215+0000] {standard_task_runner.py:87} INFO - Running: ['***', 'tasks', 'run', 'ecommerce_sales_pipeline', 'load_sales_data', 'scheduled__2025-10-07T00:00:00+00:00', '--job-id', '8', '--raw', '--subdir', 'DAGS_FOLDER/ecommerce_sales_pipeline.py', '--cfg-path', '/tmp/tmpxl6864p8']
[2025-10-08T11:04:34.216+0000] {standard_task_runner.py:88} INFO - Job 8: Subtask load_sales_data
[2025-10-08T11:04:34.254+0000] {task_command.py:423} INFO - Running <TaskInstance: ecommerce_sales_pipeline.load_sales_data scheduled__2025-10-07T00:00:00+00:00 [running]> on host 0354c9120397
[2025-10-08T11:04:34.310+0000] {taskinstance.py:2513} INFO - Exporting env vars: AIRFLOW_CTX_DAG_OWNER='***' AIRFLOW_CTX_DAG_ID='ecommerce_sales_pipeline' AIRFLOW_CTX_TASK_ID='load_sales_data' AIRFLOW_CTX_EXECUTION_DATE='2025-10-07T00:00:00+00:00' AIRFLOW_CTX_TRY_NUMBER='1' AIRFLOW_CTX_DAG_RUN_ID='scheduled__2025-10-07T00:00:00+00:00'
[2025-10-08T11:04:34.356+0000] {python.py:202} INFO - Done. Returned value was: None
[2025-10-08T11:04:34.363+0000] {taskinstance.py:1149} INFO - Marking task as SUCCESS. dag_id=ecommerce_sales_pipeline, task_id=load_sales_data, execution_date=20251007T000000, start_date=20251008T110434, end_date=20251008T110434
[2025-10-08T11:04:34.387+0000] {local_task_job_runner.py:234} INFO - Task exited with return code 0
[2025-10-08T11:04:34.408+0000] {taskinstance.py:3312} INFO - 0 downstream tasks scheduled from follow-on schedule check
[2025-10-08T11:26:14.084+0000] {taskinstance.py:1979} INFO - Dependencies all met for dep_context=non-requeueable deps ti=<TaskInstance: ecommerce_sales_pipeline.load_sales_data scheduled__2025-10-07T00:00:00+00:00 [queued]>
[2025-10-08T11:26:14.091+0000] {taskinstance.py:1979} INFO - Dependencies all met for dep_context=requeueable deps ti=<TaskInstance: ecommerce_sales_pipeline.load_sales_data scheduled__2025-10-07T00:00:00+00:00 [queued]>
[2025-10-08T11:26:14.091+0000] {taskinstance.py:2193} INFO - Starting attempt 1 of 1
[2025-10-08T11:26:14.102+0000] {taskinstance.py:2217} INFO - Executing <Task(PythonOperator): load_sales_data> on 2025-10-07 00:00:00+00:00
[2025-10-08T11:26:14.106+0000] {standard_task_runner.py:60} INFO - Started process 319 to run task
[2025-10-08T11:26:14.108+0000] {standard_task_runner.py:87} INFO - Running: ['***', 'tasks', 'run', 'ecommerce_sales_pipeline', 'load_sales_data', 'scheduled__2025-10-07T00:00:00+00:00', '--job-id', '7', '--raw', '--subdir', 'DAGS_FOLDER/ecommerce_sales_pipeline.py', '--cfg-path', '/tmp/tmpileg1945']
[2025-10-08T11:26:14.109+0000] {standard_task_runner.py:88} INFO - Job 7: Subtask load_sales_data
[2025-10-08T11:26:14.148+0000] {task_command.py:423} INFO - Running <TaskInstance: ecommerce_sales_pipeline.load_sales_data scheduled__2025-10-07T00:00:00+00:00 [running]> on host e5af9feb33a9
[2025-10-08T11:26:14.205+0000] {taskinstance.py:2513} INFO - Exporting env vars: AIRFLOW_CTX_DAG_OWNER='***' AIRFLOW_CTX_DAG_ID='ecommerce_sales_pipeline' AIRFLOW_CTX_TASK_ID='load_sales_data' AIRFLOW_CTX_EXECUTION_DATE='2025-10-07T00:00:00+00:00' AIRFLOW_CTX_TRY_NUMBER='1' AIRFLOW_CTX_DAG_RUN_ID='scheduled__2025-10-07T00:00:00+00:00'
[2025-10-08T11:26:14.242+0000] {python.py:202} INFO - Done. Returned value was: None
[2025-10-08T11:26:14.249+0000] {taskinstance.py:1149} INFO - Marking task as SUCCESS. dag_id=ecommerce_sales_pipeline, task_id=load_sales_data, execution_date=20251007T000000, start_date=20251008T112614, end_date=20251008T112614
[2025-10-08T11:26:14.280+0000] {local_task_job_runner.py:234} INFO - Task exited with return code 0
[2025-10-08T11:26:14.292+0000] {taskinstance.py:3312} INFO - 0 downstream tasks scheduled from follow-on schedule check
